[2026-02-13T22:34:02.152+0000] {processor.py:153} INFO - Started process (PID=77) to work on /opt/airflow/dags/src/lab.py
[2026-02-13T22:34:02.153+0000] {processor.py:743} INFO - Processing file /opt/airflow/dags/src/lab.py for tasks to queue
[2026-02-13T22:34:02.154+0000] {logging_mixin.py:137} INFO - [2026-02-13T22:34:02.154+0000] {dagbag.py:538} INFO - Filling up the DagBag from /opt/airflow/dags/src/lab.py
[2026-02-13T22:34:03.275+0000] {processor.py:755} WARNING - No viable dags retrieved from /opt/airflow/dags/src/lab.py
[2026-02-13T22:34:03.293+0000] {processor.py:175} INFO - Processing /opt/airflow/dags/src/lab.py took 1.144 seconds
[2026-02-13T22:34:33.562+0000] {processor.py:153} INFO - Started process (PID=161) to work on /opt/airflow/dags/src/lab.py
[2026-02-13T22:34:33.564+0000] {processor.py:743} INFO - Processing file /opt/airflow/dags/src/lab.py for tasks to queue
[2026-02-13T22:34:33.565+0000] {logging_mixin.py:137} INFO - [2026-02-13T22:34:33.565+0000] {dagbag.py:538} INFO - Filling up the DagBag from /opt/airflow/dags/src/lab.py
[2026-02-13T22:34:34.562+0000] {processor.py:755} WARNING - No viable dags retrieved from /opt/airflow/dags/src/lab.py
[2026-02-13T22:34:34.582+0000] {processor.py:175} INFO - Processing /opt/airflow/dags/src/lab.py took 1.023 seconds
[2026-02-13T22:35:05.441+0000] {processor.py:153} INFO - Started process (PID=243) to work on /opt/airflow/dags/src/lab.py
[2026-02-13T22:35:05.443+0000] {processor.py:743} INFO - Processing file /opt/airflow/dags/src/lab.py for tasks to queue
[2026-02-13T22:35:05.444+0000] {logging_mixin.py:137} INFO - [2026-02-13T22:35:05.444+0000] {dagbag.py:538} INFO - Filling up the DagBag from /opt/airflow/dags/src/lab.py
[2026-02-13T22:35:05.844+0000] {processor.py:755} WARNING - No viable dags retrieved from /opt/airflow/dags/src/lab.py
[2026-02-13T22:35:05.852+0000] {processor.py:175} INFO - Processing /opt/airflow/dags/src/lab.py took 0.419 seconds
[2026-02-13T22:35:36.394+0000] {processor.py:153} INFO - Started process (PID=335) to work on /opt/airflow/dags/src/lab.py
[2026-02-13T22:35:36.395+0000] {processor.py:743} INFO - Processing file /opt/airflow/dags/src/lab.py for tasks to queue
[2026-02-13T22:35:36.396+0000] {logging_mixin.py:137} INFO - [2026-02-13T22:35:36.396+0000] {dagbag.py:538} INFO - Filling up the DagBag from /opt/airflow/dags/src/lab.py
[2026-02-13T22:35:36.695+0000] {processor.py:755} WARNING - No viable dags retrieved from /opt/airflow/dags/src/lab.py
[2026-02-13T22:35:36.703+0000] {processor.py:175} INFO - Processing /opt/airflow/dags/src/lab.py took 0.316 seconds
[2026-02-13T22:36:07.154+0000] {processor.py:153} INFO - Started process (PID=426) to work on /opt/airflow/dags/src/lab.py
[2026-02-13T22:36:07.155+0000] {processor.py:743} INFO - Processing file /opt/airflow/dags/src/lab.py for tasks to queue
[2026-02-13T22:36:07.155+0000] {logging_mixin.py:137} INFO - [2026-02-13T22:36:07.155+0000] {dagbag.py:538} INFO - Filling up the DagBag from /opt/airflow/dags/src/lab.py
[2026-02-13T22:36:07.613+0000] {processor.py:755} WARNING - No viable dags retrieved from /opt/airflow/dags/src/lab.py
[2026-02-13T22:36:07.621+0000] {processor.py:175} INFO - Processing /opt/airflow/dags/src/lab.py took 0.472 seconds
[2026-02-13T22:36:38.109+0000] {processor.py:153} INFO - Started process (PID=518) to work on /opt/airflow/dags/src/lab.py
[2026-02-13T22:36:38.111+0000] {processor.py:743} INFO - Processing file /opt/airflow/dags/src/lab.py for tasks to queue
[2026-02-13T22:36:38.112+0000] {logging_mixin.py:137} INFO - [2026-02-13T22:36:38.111+0000] {dagbag.py:538} INFO - Filling up the DagBag from /opt/airflow/dags/src/lab.py
[2026-02-13T22:36:38.417+0000] {processor.py:755} WARNING - No viable dags retrieved from /opt/airflow/dags/src/lab.py
[2026-02-13T22:36:38.424+0000] {processor.py:175} INFO - Processing /opt/airflow/dags/src/lab.py took 0.319 seconds
