[2026-02-13T21:49:31.427+0000] {processor.py:153} INFO - Started process (PID=48) to work on /home/airflow/.local/lib/python3.7/site-packages/airflow/example_dags/example_latest_only.py
[2026-02-13T21:49:31.428+0000] {processor.py:743} INFO - Processing file /home/airflow/.local/lib/python3.7/site-packages/airflow/example_dags/example_latest_only.py for tasks to queue
[2026-02-13T21:49:31.430+0000] {logging_mixin.py:137} INFO - [2026-02-13T21:49:31.430+0000] {dagbag.py:538} INFO - Filling up the DagBag from /home/airflow/.local/lib/python3.7/site-packages/airflow/example_dags/example_latest_only.py
[2026-02-13T21:49:31.447+0000] {processor.py:753} INFO - DAG(s) dict_keys(['latest_only']) retrieved from /home/airflow/.local/lib/python3.7/site-packages/airflow/example_dags/example_latest_only.py
[2026-02-13T21:49:31.458+0000] {logging_mixin.py:137} INFO - [2026-02-13T21:49:31.458+0000] {dag.py:2690} INFO - Sync 1 DAGs
[2026-02-13T21:49:31.480+0000] {logging_mixin.py:137} INFO - [2026-02-13T21:49:31.480+0000] {dag.py:3441} INFO - Setting next_dagrun for latest_only to 2026-02-13T17:49:31.480057+00:00, run_after=2026-02-13T21:49:31.480057+00:00
[2026-02-13T21:49:31.496+0000] {processor.py:175} INFO - Processing /home/airflow/.local/lib/python3.7/site-packages/airflow/example_dags/example_latest_only.py took 0.071 seconds
[2026-02-13T21:50:02.238+0000] {processor.py:153} INFO - Started process (PID=136) to work on /home/airflow/.local/lib/python3.7/site-packages/airflow/example_dags/example_latest_only.py
[2026-02-13T21:50:02.239+0000] {processor.py:743} INFO - Processing file /home/airflow/.local/lib/python3.7/site-packages/airflow/example_dags/example_latest_only.py for tasks to queue
[2026-02-13T21:50:02.239+0000] {logging_mixin.py:137} INFO - [2026-02-13T21:50:02.239+0000] {dagbag.py:538} INFO - Filling up the DagBag from /home/airflow/.local/lib/python3.7/site-packages/airflow/example_dags/example_latest_only.py
[2026-02-13T21:50:02.248+0000] {processor.py:753} INFO - DAG(s) dict_keys(['latest_only']) retrieved from /home/airflow/.local/lib/python3.7/site-packages/airflow/example_dags/example_latest_only.py
[2026-02-13T21:50:02.262+0000] {logging_mixin.py:137} INFO - [2026-02-13T21:50:02.262+0000] {dag.py:2690} INFO - Sync 1 DAGs
[2026-02-13T21:50:02.274+0000] {logging_mixin.py:137} INFO - [2026-02-13T21:50:02.274+0000] {dag.py:3441} INFO - Setting next_dagrun for latest_only to 2026-02-13T17:50:02.274808+00:00, run_after=2026-02-13T21:50:02.274808+00:00
[2026-02-13T21:50:02.283+0000] {processor.py:175} INFO - Processing /home/airflow/.local/lib/python3.7/site-packages/airflow/example_dags/example_latest_only.py took 0.047 seconds
[2026-02-13T21:50:32.736+0000] {processor.py:153} INFO - Started process (PID=218) to work on /home/airflow/.local/lib/python3.7/site-packages/airflow/example_dags/example_latest_only.py
[2026-02-13T21:50:32.737+0000] {processor.py:743} INFO - Processing file /home/airflow/.local/lib/python3.7/site-packages/airflow/example_dags/example_latest_only.py for tasks to queue
[2026-02-13T21:50:32.739+0000] {logging_mixin.py:137} INFO - [2026-02-13T21:50:32.739+0000] {dagbag.py:538} INFO - Filling up the DagBag from /home/airflow/.local/lib/python3.7/site-packages/airflow/example_dags/example_latest_only.py
[2026-02-13T21:50:32.745+0000] {processor.py:753} INFO - DAG(s) dict_keys(['latest_only']) retrieved from /home/airflow/.local/lib/python3.7/site-packages/airflow/example_dags/example_latest_only.py
[2026-02-13T21:50:32.756+0000] {logging_mixin.py:137} INFO - [2026-02-13T21:50:32.756+0000] {dag.py:2690} INFO - Sync 1 DAGs
[2026-02-13T21:50:32.769+0000] {logging_mixin.py:137} INFO - [2026-02-13T21:50:32.768+0000] {dag.py:3441} INFO - Setting next_dagrun for latest_only to 2026-02-13T17:50:32.768855+00:00, run_after=2026-02-13T21:50:32.768855+00:00
[2026-02-13T21:50:32.786+0000] {processor.py:175} INFO - Processing /home/airflow/.local/lib/python3.7/site-packages/airflow/example_dags/example_latest_only.py took 0.051 seconds
[2026-02-13T21:51:03.360+0000] {processor.py:153} INFO - Started process (PID=297) to work on /home/airflow/.local/lib/python3.7/site-packages/airflow/example_dags/example_latest_only.py
[2026-02-13T21:51:03.362+0000] {processor.py:743} INFO - Processing file /home/airflow/.local/lib/python3.7/site-packages/airflow/example_dags/example_latest_only.py for tasks to queue
[2026-02-13T21:51:03.363+0000] {logging_mixin.py:137} INFO - [2026-02-13T21:51:03.363+0000] {dagbag.py:538} INFO - Filling up the DagBag from /home/airflow/.local/lib/python3.7/site-packages/airflow/example_dags/example_latest_only.py
[2026-02-13T21:51:03.369+0000] {processor.py:753} INFO - DAG(s) dict_keys(['latest_only']) retrieved from /home/airflow/.local/lib/python3.7/site-packages/airflow/example_dags/example_latest_only.py
[2026-02-13T21:51:03.385+0000] {logging_mixin.py:137} INFO - [2026-02-13T21:51:03.385+0000] {dag.py:2690} INFO - Sync 1 DAGs
[2026-02-13T21:51:03.395+0000] {logging_mixin.py:137} INFO - [2026-02-13T21:51:03.395+0000] {dag.py:3441} INFO - Setting next_dagrun for latest_only to 2026-02-13T17:51:03.395402+00:00, run_after=2026-02-13T21:51:03.395402+00:00
[2026-02-13T21:51:03.406+0000] {processor.py:175} INFO - Processing /home/airflow/.local/lib/python3.7/site-packages/airflow/example_dags/example_latest_only.py took 0.047 seconds
[2026-02-13T21:51:33.806+0000] {processor.py:153} INFO - Started process (PID=385) to work on /home/airflow/.local/lib/python3.7/site-packages/airflow/example_dags/example_latest_only.py
[2026-02-13T21:51:33.807+0000] {processor.py:743} INFO - Processing file /home/airflow/.local/lib/python3.7/site-packages/airflow/example_dags/example_latest_only.py for tasks to queue
[2026-02-13T21:51:33.807+0000] {logging_mixin.py:137} INFO - [2026-02-13T21:51:33.807+0000] {dagbag.py:538} INFO - Filling up the DagBag from /home/airflow/.local/lib/python3.7/site-packages/airflow/example_dags/example_latest_only.py
[2026-02-13T21:51:33.814+0000] {processor.py:753} INFO - DAG(s) dict_keys(['latest_only']) retrieved from /home/airflow/.local/lib/python3.7/site-packages/airflow/example_dags/example_latest_only.py
[2026-02-13T21:51:33.822+0000] {logging_mixin.py:137} INFO - [2026-02-13T21:51:33.822+0000] {dag.py:2690} INFO - Sync 1 DAGs
[2026-02-13T21:51:33.836+0000] {logging_mixin.py:137} INFO - [2026-02-13T21:51:33.836+0000] {dag.py:3441} INFO - Setting next_dagrun for latest_only to 2026-02-13T17:51:33.836573+00:00, run_after=2026-02-13T21:51:33.836573+00:00
[2026-02-13T21:51:33.847+0000] {processor.py:175} INFO - Processing /home/airflow/.local/lib/python3.7/site-packages/airflow/example_dags/example_latest_only.py took 0.042 seconds
[2026-02-13T21:52:04.253+0000] {processor.py:153} INFO - Started process (PID=473) to work on /home/airflow/.local/lib/python3.7/site-packages/airflow/example_dags/example_latest_only.py
[2026-02-13T21:52:04.254+0000] {processor.py:743} INFO - Processing file /home/airflow/.local/lib/python3.7/site-packages/airflow/example_dags/example_latest_only.py for tasks to queue
[2026-02-13T21:52:04.255+0000] {logging_mixin.py:137} INFO - [2026-02-13T21:52:04.255+0000] {dagbag.py:538} INFO - Filling up the DagBag from /home/airflow/.local/lib/python3.7/site-packages/airflow/example_dags/example_latest_only.py
[2026-02-13T21:52:04.261+0000] {processor.py:753} INFO - DAG(s) dict_keys(['latest_only']) retrieved from /home/airflow/.local/lib/python3.7/site-packages/airflow/example_dags/example_latest_only.py
[2026-02-13T21:52:04.270+0000] {logging_mixin.py:137} INFO - [2026-02-13T21:52:04.270+0000] {dag.py:2690} INFO - Sync 1 DAGs
[2026-02-13T21:52:04.284+0000] {logging_mixin.py:137} INFO - [2026-02-13T21:52:04.284+0000] {dag.py:3441} INFO - Setting next_dagrun for latest_only to 2026-02-13T17:52:04.284275+00:00, run_after=2026-02-13T21:52:04.284275+00:00
[2026-02-13T21:52:04.295+0000] {processor.py:175} INFO - Processing /home/airflow/.local/lib/python3.7/site-packages/airflow/example_dags/example_latest_only.py took 0.044 seconds
[2026-02-13T21:52:34.728+0000] {processor.py:153} INFO - Started process (PID=561) to work on /home/airflow/.local/lib/python3.7/site-packages/airflow/example_dags/example_latest_only.py
[2026-02-13T21:52:34.729+0000] {processor.py:743} INFO - Processing file /home/airflow/.local/lib/python3.7/site-packages/airflow/example_dags/example_latest_only.py for tasks to queue
[2026-02-13T21:52:34.729+0000] {logging_mixin.py:137} INFO - [2026-02-13T21:52:34.729+0000] {dagbag.py:538} INFO - Filling up the DagBag from /home/airflow/.local/lib/python3.7/site-packages/airflow/example_dags/example_latest_only.py
[2026-02-13T21:52:34.739+0000] {processor.py:753} INFO - DAG(s) dict_keys(['latest_only']) retrieved from /home/airflow/.local/lib/python3.7/site-packages/airflow/example_dags/example_latest_only.py
[2026-02-13T21:52:34.755+0000] {logging_mixin.py:137} INFO - [2026-02-13T21:52:34.755+0000] {dag.py:2690} INFO - Sync 1 DAGs
[2026-02-13T21:52:34.771+0000] {logging_mixin.py:137} INFO - [2026-02-13T21:52:34.771+0000] {dag.py:3441} INFO - Setting next_dagrun for latest_only to 2026-02-13T17:52:34.771592+00:00, run_after=2026-02-13T21:52:34.771592+00:00
[2026-02-13T21:52:34.785+0000] {processor.py:175} INFO - Processing /home/airflow/.local/lib/python3.7/site-packages/airflow/example_dags/example_latest_only.py took 0.058 seconds
[2026-02-13T21:53:05.273+0000] {processor.py:153} INFO - Started process (PID=632) to work on /home/airflow/.local/lib/python3.7/site-packages/airflow/example_dags/example_latest_only.py
[2026-02-13T21:53:05.273+0000] {processor.py:743} INFO - Processing file /home/airflow/.local/lib/python3.7/site-packages/airflow/example_dags/example_latest_only.py for tasks to queue
[2026-02-13T21:53:05.274+0000] {logging_mixin.py:137} INFO - [2026-02-13T21:53:05.274+0000] {dagbag.py:538} INFO - Filling up the DagBag from /home/airflow/.local/lib/python3.7/site-packages/airflow/example_dags/example_latest_only.py
[2026-02-13T21:53:05.280+0000] {processor.py:753} INFO - DAG(s) dict_keys(['latest_only']) retrieved from /home/airflow/.local/lib/python3.7/site-packages/airflow/example_dags/example_latest_only.py
[2026-02-13T21:53:05.290+0000] {logging_mixin.py:137} INFO - [2026-02-13T21:53:05.290+0000] {dag.py:2690} INFO - Sync 1 DAGs
[2026-02-13T21:53:05.301+0000] {logging_mixin.py:137} INFO - [2026-02-13T21:53:05.301+0000] {dag.py:3441} INFO - Setting next_dagrun for latest_only to 2026-02-13T17:53:05.301321+00:00, run_after=2026-02-13T21:53:05.301321+00:00
[2026-02-13T21:53:05.312+0000] {processor.py:175} INFO - Processing /home/airflow/.local/lib/python3.7/site-packages/airflow/example_dags/example_latest_only.py took 0.041 seconds
[2026-02-13T21:53:35.760+0000] {processor.py:153} INFO - Started process (PID=720) to work on /home/airflow/.local/lib/python3.7/site-packages/airflow/example_dags/example_latest_only.py
[2026-02-13T21:53:35.761+0000] {processor.py:743} INFO - Processing file /home/airflow/.local/lib/python3.7/site-packages/airflow/example_dags/example_latest_only.py for tasks to queue
[2026-02-13T21:53:35.761+0000] {logging_mixin.py:137} INFO - [2026-02-13T21:53:35.761+0000] {dagbag.py:538} INFO - Filling up the DagBag from /home/airflow/.local/lib/python3.7/site-packages/airflow/example_dags/example_latest_only.py
[2026-02-13T21:53:35.767+0000] {processor.py:753} INFO - DAG(s) dict_keys(['latest_only']) retrieved from /home/airflow/.local/lib/python3.7/site-packages/airflow/example_dags/example_latest_only.py
[2026-02-13T21:53:35.785+0000] {logging_mixin.py:137} INFO - [2026-02-13T21:53:35.785+0000] {dag.py:2690} INFO - Sync 1 DAGs
[2026-02-13T21:53:35.799+0000] {logging_mixin.py:137} INFO - [2026-02-13T21:53:35.799+0000] {dag.py:3441} INFO - Setting next_dagrun for latest_only to 2026-02-13T17:53:35.799439+00:00, run_after=2026-02-13T21:53:35.799439+00:00
[2026-02-13T21:53:35.812+0000] {processor.py:175} INFO - Processing /home/airflow/.local/lib/python3.7/site-packages/airflow/example_dags/example_latest_only.py took 0.057 seconds
[2026-02-13T21:54:06.202+0000] {processor.py:153} INFO - Started process (PID=808) to work on /home/airflow/.local/lib/python3.7/site-packages/airflow/example_dags/example_latest_only.py
[2026-02-13T21:54:06.203+0000] {processor.py:743} INFO - Processing file /home/airflow/.local/lib/python3.7/site-packages/airflow/example_dags/example_latest_only.py for tasks to queue
[2026-02-13T21:54:06.203+0000] {logging_mixin.py:137} INFO - [2026-02-13T21:54:06.203+0000] {dagbag.py:538} INFO - Filling up the DagBag from /home/airflow/.local/lib/python3.7/site-packages/airflow/example_dags/example_latest_only.py
[2026-02-13T21:54:06.210+0000] {processor.py:753} INFO - DAG(s) dict_keys(['latest_only']) retrieved from /home/airflow/.local/lib/python3.7/site-packages/airflow/example_dags/example_latest_only.py
[2026-02-13T21:54:06.224+0000] {logging_mixin.py:137} INFO - [2026-02-13T21:54:06.223+0000] {dag.py:2690} INFO - Sync 1 DAGs
[2026-02-13T21:54:06.239+0000] {logging_mixin.py:137} INFO - [2026-02-13T21:54:06.239+0000] {dag.py:3441} INFO - Setting next_dagrun for latest_only to 2026-02-13T17:54:06.239418+00:00, run_after=2026-02-13T21:54:06.239418+00:00
[2026-02-13T21:54:06.253+0000] {processor.py:175} INFO - Processing /home/airflow/.local/lib/python3.7/site-packages/airflow/example_dags/example_latest_only.py took 0.052 seconds
[2026-02-13T21:54:36.711+0000] {processor.py:153} INFO - Started process (PID=896) to work on /home/airflow/.local/lib/python3.7/site-packages/airflow/example_dags/example_latest_only.py
[2026-02-13T21:54:36.711+0000] {processor.py:743} INFO - Processing file /home/airflow/.local/lib/python3.7/site-packages/airflow/example_dags/example_latest_only.py for tasks to queue
[2026-02-13T21:54:36.714+0000] {logging_mixin.py:137} INFO - [2026-02-13T21:54:36.713+0000] {dagbag.py:538} INFO - Filling up the DagBag from /home/airflow/.local/lib/python3.7/site-packages/airflow/example_dags/example_latest_only.py
[2026-02-13T21:54:36.723+0000] {processor.py:753} INFO - DAG(s) dict_keys(['latest_only']) retrieved from /home/airflow/.local/lib/python3.7/site-packages/airflow/example_dags/example_latest_only.py
[2026-02-13T21:54:36.738+0000] {logging_mixin.py:137} INFO - [2026-02-13T21:54:36.738+0000] {dag.py:2690} INFO - Sync 1 DAGs
[2026-02-13T21:54:36.752+0000] {logging_mixin.py:137} INFO - [2026-02-13T21:54:36.752+0000] {dag.py:3441} INFO - Setting next_dagrun for latest_only to 2026-02-13T17:54:36.752255+00:00, run_after=2026-02-13T21:54:36.752255+00:00
[2026-02-13T21:54:36.774+0000] {processor.py:175} INFO - Processing /home/airflow/.local/lib/python3.7/site-packages/airflow/example_dags/example_latest_only.py took 0.065 seconds
[2026-02-13T21:55:07.324+0000] {processor.py:153} INFO - Started process (PID=968) to work on /home/airflow/.local/lib/python3.7/site-packages/airflow/example_dags/example_latest_only.py
[2026-02-13T21:55:07.324+0000] {processor.py:743} INFO - Processing file /home/airflow/.local/lib/python3.7/site-packages/airflow/example_dags/example_latest_only.py for tasks to queue
[2026-02-13T21:55:07.327+0000] {logging_mixin.py:137} INFO - [2026-02-13T21:55:07.326+0000] {dagbag.py:538} INFO - Filling up the DagBag from /home/airflow/.local/lib/python3.7/site-packages/airflow/example_dags/example_latest_only.py
[2026-02-13T21:55:07.335+0000] {processor.py:753} INFO - DAG(s) dict_keys(['latest_only']) retrieved from /home/airflow/.local/lib/python3.7/site-packages/airflow/example_dags/example_latest_only.py
[2026-02-13T21:55:07.351+0000] {logging_mixin.py:137} INFO - [2026-02-13T21:55:07.351+0000] {dag.py:2690} INFO - Sync 1 DAGs
[2026-02-13T21:55:07.365+0000] {logging_mixin.py:137} INFO - [2026-02-13T21:55:07.365+0000] {dag.py:3441} INFO - Setting next_dagrun for latest_only to 2026-02-13T17:55:07.365305+00:00, run_after=2026-02-13T21:55:07.365305+00:00
[2026-02-13T21:55:07.378+0000] {processor.py:175} INFO - Processing /home/airflow/.local/lib/python3.7/site-packages/airflow/example_dags/example_latest_only.py took 0.057 seconds
[2026-02-13T21:55:37.845+0000] {processor.py:153} INFO - Started process (PID=1056) to work on /home/airflow/.local/lib/python3.7/site-packages/airflow/example_dags/example_latest_only.py
[2026-02-13T21:55:37.848+0000] {processor.py:743} INFO - Processing file /home/airflow/.local/lib/python3.7/site-packages/airflow/example_dags/example_latest_only.py for tasks to queue
[2026-02-13T21:55:37.849+0000] {logging_mixin.py:137} INFO - [2026-02-13T21:55:37.848+0000] {dagbag.py:538} INFO - Filling up the DagBag from /home/airflow/.local/lib/python3.7/site-packages/airflow/example_dags/example_latest_only.py
[2026-02-13T21:55:37.854+0000] {processor.py:753} INFO - DAG(s) dict_keys(['latest_only']) retrieved from /home/airflow/.local/lib/python3.7/site-packages/airflow/example_dags/example_latest_only.py
[2026-02-13T21:55:37.872+0000] {logging_mixin.py:137} INFO - [2026-02-13T21:55:37.872+0000] {dag.py:2690} INFO - Sync 1 DAGs
[2026-02-13T21:55:37.886+0000] {logging_mixin.py:137} INFO - [2026-02-13T21:55:37.886+0000] {dag.py:3441} INFO - Setting next_dagrun for latest_only to 2026-02-13T17:55:37.885933+00:00, run_after=2026-02-13T21:55:37.885933+00:00
[2026-02-13T21:55:37.898+0000] {processor.py:175} INFO - Processing /home/airflow/.local/lib/python3.7/site-packages/airflow/example_dags/example_latest_only.py took 0.054 seconds
[2026-02-13T21:56:08.381+0000] {processor.py:153} INFO - Started process (PID=1144) to work on /home/airflow/.local/lib/python3.7/site-packages/airflow/example_dags/example_latest_only.py
[2026-02-13T21:56:08.381+0000] {processor.py:743} INFO - Processing file /home/airflow/.local/lib/python3.7/site-packages/airflow/example_dags/example_latest_only.py for tasks to queue
[2026-02-13T21:56:08.382+0000] {logging_mixin.py:137} INFO - [2026-02-13T21:56:08.382+0000] {dagbag.py:538} INFO - Filling up the DagBag from /home/airflow/.local/lib/python3.7/site-packages/airflow/example_dags/example_latest_only.py
[2026-02-13T21:56:08.389+0000] {processor.py:753} INFO - DAG(s) dict_keys(['latest_only']) retrieved from /home/airflow/.local/lib/python3.7/site-packages/airflow/example_dags/example_latest_only.py
[2026-02-13T21:56:08.402+0000] {logging_mixin.py:137} INFO - [2026-02-13T21:56:08.402+0000] {dag.py:2690} INFO - Sync 1 DAGs
[2026-02-13T21:56:08.417+0000] {logging_mixin.py:137} INFO - [2026-02-13T21:56:08.417+0000] {dag.py:3441} INFO - Setting next_dagrun for latest_only to 2026-02-13T17:56:08.417053+00:00, run_after=2026-02-13T21:56:08.417053+00:00
[2026-02-13T21:56:08.430+0000] {processor.py:175} INFO - Processing /home/airflow/.local/lib/python3.7/site-packages/airflow/example_dags/example_latest_only.py took 0.051 seconds
[2026-02-13T21:56:39.138+0000] {processor.py:153} INFO - Started process (PID=1232) to work on /home/airflow/.local/lib/python3.7/site-packages/airflow/example_dags/example_latest_only.py
[2026-02-13T21:56:39.142+0000] {processor.py:743} INFO - Processing file /home/airflow/.local/lib/python3.7/site-packages/airflow/example_dags/example_latest_only.py for tasks to queue
[2026-02-13T21:56:39.143+0000] {logging_mixin.py:137} INFO - [2026-02-13T21:56:39.143+0000] {dagbag.py:538} INFO - Filling up the DagBag from /home/airflow/.local/lib/python3.7/site-packages/airflow/example_dags/example_latest_only.py
[2026-02-13T21:56:39.151+0000] {processor.py:753} INFO - DAG(s) dict_keys(['latest_only']) retrieved from /home/airflow/.local/lib/python3.7/site-packages/airflow/example_dags/example_latest_only.py
[2026-02-13T21:56:39.181+0000] {logging_mixin.py:137} INFO - [2026-02-13T21:56:39.180+0000] {dag.py:2690} INFO - Sync 1 DAGs
[2026-02-13T21:56:39.208+0000] {logging_mixin.py:137} INFO - [2026-02-13T21:56:39.208+0000] {dag.py:3441} INFO - Setting next_dagrun for latest_only to 2026-02-13T17:56:39.208146+00:00, run_after=2026-02-13T21:56:39.208146+00:00
[2026-02-13T21:56:39.243+0000] {processor.py:175} INFO - Processing /home/airflow/.local/lib/python3.7/site-packages/airflow/example_dags/example_latest_only.py took 0.109 seconds
[2026-02-13T22:01:03.543+0000] {processor.py:153} INFO - Started process (PID=46) to work on /home/airflow/.local/lib/python3.7/site-packages/airflow/example_dags/example_latest_only.py
[2026-02-13T22:01:03.544+0000] {processor.py:743} INFO - Processing file /home/airflow/.local/lib/python3.7/site-packages/airflow/example_dags/example_latest_only.py for tasks to queue
[2026-02-13T22:01:03.544+0000] {logging_mixin.py:137} INFO - [2026-02-13T22:01:03.544+0000] {dagbag.py:538} INFO - Filling up the DagBag from /home/airflow/.local/lib/python3.7/site-packages/airflow/example_dags/example_latest_only.py
[2026-02-13T22:01:03.553+0000] {processor.py:753} INFO - DAG(s) dict_keys(['latest_only']) retrieved from /home/airflow/.local/lib/python3.7/site-packages/airflow/example_dags/example_latest_only.py
[2026-02-13T22:01:03.564+0000] {logging_mixin.py:137} INFO - [2026-02-13T22:01:03.564+0000] {dag.py:2690} INFO - Sync 1 DAGs
[2026-02-13T22:01:03.576+0000] {logging_mixin.py:137} INFO - [2026-02-13T22:01:03.576+0000] {dag.py:3441} INFO - Setting next_dagrun for latest_only to 2026-02-13T18:01:03.576431+00:00, run_after=2026-02-13T22:01:03.576431+00:00
[2026-02-13T22:01:03.608+0000] {processor.py:175} INFO - Processing /home/airflow/.local/lib/python3.7/site-packages/airflow/example_dags/example_latest_only.py took 0.066 seconds
[2026-02-13T22:01:34.385+0000] {processor.py:153} INFO - Started process (PID=133) to work on /home/airflow/.local/lib/python3.7/site-packages/airflow/example_dags/example_latest_only.py
[2026-02-13T22:01:34.386+0000] {processor.py:743} INFO - Processing file /home/airflow/.local/lib/python3.7/site-packages/airflow/example_dags/example_latest_only.py for tasks to queue
[2026-02-13T22:01:34.386+0000] {logging_mixin.py:137} INFO - [2026-02-13T22:01:34.386+0000] {dagbag.py:538} INFO - Filling up the DagBag from /home/airflow/.local/lib/python3.7/site-packages/airflow/example_dags/example_latest_only.py
[2026-02-13T22:01:34.395+0000] {processor.py:753} INFO - DAG(s) dict_keys(['latest_only']) retrieved from /home/airflow/.local/lib/python3.7/site-packages/airflow/example_dags/example_latest_only.py
[2026-02-13T22:01:34.406+0000] {logging_mixin.py:137} INFO - [2026-02-13T22:01:34.406+0000] {dag.py:2690} INFO - Sync 1 DAGs
[2026-02-13T22:01:34.424+0000] {logging_mixin.py:137} INFO - [2026-02-13T22:01:34.424+0000] {dag.py:3441} INFO - Setting next_dagrun for latest_only to 2026-02-13T18:01:34.424233+00:00, run_after=2026-02-13T22:01:34.424233+00:00
[2026-02-13T22:01:34.437+0000] {processor.py:175} INFO - Processing /home/airflow/.local/lib/python3.7/site-packages/airflow/example_dags/example_latest_only.py took 0.053 seconds
[2026-02-13T22:02:04.915+0000] {processor.py:153} INFO - Started process (PID=223) to work on /home/airflow/.local/lib/python3.7/site-packages/airflow/example_dags/example_latest_only.py
[2026-02-13T22:02:04.916+0000] {processor.py:743} INFO - Processing file /home/airflow/.local/lib/python3.7/site-packages/airflow/example_dags/example_latest_only.py for tasks to queue
[2026-02-13T22:02:04.917+0000] {logging_mixin.py:137} INFO - [2026-02-13T22:02:04.917+0000] {dagbag.py:538} INFO - Filling up the DagBag from /home/airflow/.local/lib/python3.7/site-packages/airflow/example_dags/example_latest_only.py
[2026-02-13T22:02:04.924+0000] {processor.py:753} INFO - DAG(s) dict_keys(['latest_only']) retrieved from /home/airflow/.local/lib/python3.7/site-packages/airflow/example_dags/example_latest_only.py
[2026-02-13T22:02:04.938+0000] {logging_mixin.py:137} INFO - [2026-02-13T22:02:04.938+0000] {dag.py:2690} INFO - Sync 1 DAGs
[2026-02-13T22:02:04.952+0000] {logging_mixin.py:137} INFO - [2026-02-13T22:02:04.952+0000] {dag.py:3441} INFO - Setting next_dagrun for latest_only to 2026-02-13T18:02:04.952668+00:00, run_after=2026-02-13T22:02:04.952668+00:00
[2026-02-13T22:02:04.962+0000] {processor.py:175} INFO - Processing /home/airflow/.local/lib/python3.7/site-packages/airflow/example_dags/example_latest_only.py took 0.048 seconds
[2026-02-13T22:02:35.515+0000] {processor.py:153} INFO - Started process (PID=295) to work on /home/airflow/.local/lib/python3.7/site-packages/airflow/example_dags/example_latest_only.py
[2026-02-13T22:02:35.516+0000] {processor.py:743} INFO - Processing file /home/airflow/.local/lib/python3.7/site-packages/airflow/example_dags/example_latest_only.py for tasks to queue
[2026-02-13T22:02:35.516+0000] {logging_mixin.py:137} INFO - [2026-02-13T22:02:35.516+0000] {dagbag.py:538} INFO - Filling up the DagBag from /home/airflow/.local/lib/python3.7/site-packages/airflow/example_dags/example_latest_only.py
[2026-02-13T22:02:35.524+0000] {processor.py:753} INFO - DAG(s) dict_keys(['latest_only']) retrieved from /home/airflow/.local/lib/python3.7/site-packages/airflow/example_dags/example_latest_only.py
[2026-02-13T22:02:35.537+0000] {logging_mixin.py:137} INFO - [2026-02-13T22:02:35.537+0000] {dag.py:2690} INFO - Sync 1 DAGs
[2026-02-13T22:02:35.551+0000] {logging_mixin.py:137} INFO - [2026-02-13T22:02:35.551+0000] {dag.py:3441} INFO - Setting next_dagrun for latest_only to 2026-02-13T18:02:35.551420+00:00, run_after=2026-02-13T22:02:35.551420+00:00
[2026-02-13T22:02:35.566+0000] {processor.py:175} INFO - Processing /home/airflow/.local/lib/python3.7/site-packages/airflow/example_dags/example_latest_only.py took 0.052 seconds
[2026-02-13T22:03:29.783+0000] {processor.py:153} INFO - Started process (PID=46) to work on /home/airflow/.local/lib/python3.7/site-packages/airflow/example_dags/example_latest_only.py
[2026-02-13T22:03:29.785+0000] {processor.py:743} INFO - Processing file /home/airflow/.local/lib/python3.7/site-packages/airflow/example_dags/example_latest_only.py for tasks to queue
[2026-02-13T22:03:29.785+0000] {logging_mixin.py:137} INFO - [2026-02-13T22:03:29.785+0000] {dagbag.py:538} INFO - Filling up the DagBag from /home/airflow/.local/lib/python3.7/site-packages/airflow/example_dags/example_latest_only.py
[2026-02-13T22:03:29.796+0000] {processor.py:753} INFO - DAG(s) dict_keys(['latest_only']) retrieved from /home/airflow/.local/lib/python3.7/site-packages/airflow/example_dags/example_latest_only.py
[2026-02-13T22:03:29.805+0000] {logging_mixin.py:137} INFO - [2026-02-13T22:03:29.805+0000] {dag.py:2690} INFO - Sync 1 DAGs
[2026-02-13T22:03:29.821+0000] {logging_mixin.py:137} INFO - [2026-02-13T22:03:29.821+0000] {dag.py:3441} INFO - Setting next_dagrun for latest_only to 2026-02-13T18:03:29.821338+00:00, run_after=2026-02-13T22:03:29.821338+00:00
[2026-02-13T22:03:29.838+0000] {processor.py:175} INFO - Processing /home/airflow/.local/lib/python3.7/site-packages/airflow/example_dags/example_latest_only.py took 0.057 seconds
[2026-02-13T22:04:00.585+0000] {processor.py:153} INFO - Started process (PID=133) to work on /home/airflow/.local/lib/python3.7/site-packages/airflow/example_dags/example_latest_only.py
[2026-02-13T22:04:00.586+0000] {processor.py:743} INFO - Processing file /home/airflow/.local/lib/python3.7/site-packages/airflow/example_dags/example_latest_only.py for tasks to queue
[2026-02-13T22:04:00.586+0000] {logging_mixin.py:137} INFO - [2026-02-13T22:04:00.586+0000] {dagbag.py:538} INFO - Filling up the DagBag from /home/airflow/.local/lib/python3.7/site-packages/airflow/example_dags/example_latest_only.py
[2026-02-13T22:04:00.592+0000] {processor.py:753} INFO - DAG(s) dict_keys(['latest_only']) retrieved from /home/airflow/.local/lib/python3.7/site-packages/airflow/example_dags/example_latest_only.py
[2026-02-13T22:04:00.611+0000] {logging_mixin.py:137} INFO - [2026-02-13T22:04:00.611+0000] {dag.py:2690} INFO - Sync 1 DAGs
[2026-02-13T22:04:00.627+0000] {logging_mixin.py:137} INFO - [2026-02-13T22:04:00.626+0000] {dag.py:3441} INFO - Setting next_dagrun for latest_only to 2026-02-13T18:04:00.626875+00:00, run_after=2026-02-13T22:04:00.626875+00:00
[2026-02-13T22:04:00.637+0000] {processor.py:175} INFO - Processing /home/airflow/.local/lib/python3.7/site-packages/airflow/example_dags/example_latest_only.py took 0.053 seconds
[2026-02-13T22:04:31.606+0000] {processor.py:153} INFO - Started process (PID=211) to work on /home/airflow/.local/lib/python3.7/site-packages/airflow/example_dags/example_latest_only.py
[2026-02-13T22:04:31.616+0000] {processor.py:743} INFO - Processing file /home/airflow/.local/lib/python3.7/site-packages/airflow/example_dags/example_latest_only.py for tasks to queue
[2026-02-13T22:04:31.616+0000] {logging_mixin.py:137} INFO - [2026-02-13T22:04:31.616+0000] {dagbag.py:538} INFO - Filling up the DagBag from /home/airflow/.local/lib/python3.7/site-packages/airflow/example_dags/example_latest_only.py
[2026-02-13T22:04:31.627+0000] {processor.py:753} INFO - DAG(s) dict_keys(['latest_only']) retrieved from /home/airflow/.local/lib/python3.7/site-packages/airflow/example_dags/example_latest_only.py
[2026-02-13T22:04:31.646+0000] {logging_mixin.py:137} INFO - [2026-02-13T22:04:31.646+0000] {dag.py:2690} INFO - Sync 1 DAGs
[2026-02-13T22:04:31.666+0000] {logging_mixin.py:137} INFO - [2026-02-13T22:04:31.665+0000] {dag.py:3441} INFO - Setting next_dagrun for latest_only to 2026-02-13T18:04:31.665861+00:00, run_after=2026-02-13T22:04:31.665861+00:00
[2026-02-13T22:04:31.683+0000] {processor.py:175} INFO - Processing /home/airflow/.local/lib/python3.7/site-packages/airflow/example_dags/example_latest_only.py took 0.080 seconds
[2026-02-13T22:05:02.483+0000] {processor.py:153} INFO - Started process (PID=293) to work on /home/airflow/.local/lib/python3.7/site-packages/airflow/example_dags/example_latest_only.py
[2026-02-13T22:05:02.484+0000] {processor.py:743} INFO - Processing file /home/airflow/.local/lib/python3.7/site-packages/airflow/example_dags/example_latest_only.py for tasks to queue
[2026-02-13T22:05:02.484+0000] {logging_mixin.py:137} INFO - [2026-02-13T22:05:02.484+0000] {dagbag.py:538} INFO - Filling up the DagBag from /home/airflow/.local/lib/python3.7/site-packages/airflow/example_dags/example_latest_only.py
[2026-02-13T22:05:02.490+0000] {processor.py:753} INFO - DAG(s) dict_keys(['latest_only']) retrieved from /home/airflow/.local/lib/python3.7/site-packages/airflow/example_dags/example_latest_only.py
[2026-02-13T22:05:02.499+0000] {logging_mixin.py:137} INFO - [2026-02-13T22:05:02.499+0000] {dag.py:2690} INFO - Sync 1 DAGs
[2026-02-13T22:05:02.508+0000] {logging_mixin.py:137} INFO - [2026-02-13T22:05:02.508+0000] {dag.py:3441} INFO - Setting next_dagrun for latest_only to 2026-02-13T18:05:02.508115+00:00, run_after=2026-02-13T22:05:02.508115+00:00
[2026-02-13T22:05:02.514+0000] {processor.py:175} INFO - Processing /home/airflow/.local/lib/python3.7/site-packages/airflow/example_dags/example_latest_only.py took 0.032 seconds
[2026-02-13T22:05:33.038+0000] {processor.py:153} INFO - Started process (PID=381) to work on /home/airflow/.local/lib/python3.7/site-packages/airflow/example_dags/example_latest_only.py
[2026-02-13T22:05:33.040+0000] {processor.py:743} INFO - Processing file /home/airflow/.local/lib/python3.7/site-packages/airflow/example_dags/example_latest_only.py for tasks to queue
[2026-02-13T22:05:33.042+0000] {logging_mixin.py:137} INFO - [2026-02-13T22:05:33.042+0000] {dagbag.py:538} INFO - Filling up the DagBag from /home/airflow/.local/lib/python3.7/site-packages/airflow/example_dags/example_latest_only.py
[2026-02-13T22:05:33.048+0000] {processor.py:753} INFO - DAG(s) dict_keys(['latest_only']) retrieved from /home/airflow/.local/lib/python3.7/site-packages/airflow/example_dags/example_latest_only.py
[2026-02-13T22:05:33.064+0000] {logging_mixin.py:137} INFO - [2026-02-13T22:05:33.064+0000] {dag.py:2690} INFO - Sync 1 DAGs
[2026-02-13T22:05:33.076+0000] {logging_mixin.py:137} INFO - [2026-02-13T22:05:33.076+0000] {dag.py:3441} INFO - Setting next_dagrun for latest_only to 2026-02-13T18:05:33.076222+00:00, run_after=2026-02-13T22:05:33.076222+00:00
[2026-02-13T22:05:33.086+0000] {processor.py:175} INFO - Processing /home/airflow/.local/lib/python3.7/site-packages/airflow/example_dags/example_latest_only.py took 0.049 seconds
[2026-02-13T22:06:32.974+0000] {processor.py:153} INFO - Started process (PID=48) to work on /home/airflow/.local/lib/python3.7/site-packages/airflow/example_dags/example_latest_only.py
[2026-02-13T22:06:32.975+0000] {processor.py:743} INFO - Processing file /home/airflow/.local/lib/python3.7/site-packages/airflow/example_dags/example_latest_only.py for tasks to queue
[2026-02-13T22:06:32.975+0000] {logging_mixin.py:137} INFO - [2026-02-13T22:06:32.975+0000] {dagbag.py:538} INFO - Filling up the DagBag from /home/airflow/.local/lib/python3.7/site-packages/airflow/example_dags/example_latest_only.py
[2026-02-13T22:06:32.985+0000] {processor.py:753} INFO - DAG(s) dict_keys(['latest_only']) retrieved from /home/airflow/.local/lib/python3.7/site-packages/airflow/example_dags/example_latest_only.py
[2026-02-13T22:06:32.993+0000] {logging_mixin.py:137} INFO - [2026-02-13T22:06:32.993+0000] {dag.py:2690} INFO - Sync 1 DAGs
[2026-02-13T22:06:33.006+0000] {logging_mixin.py:137} INFO - [2026-02-13T22:06:33.006+0000] {dag.py:3441} INFO - Setting next_dagrun for latest_only to 2026-02-13T18:06:33.006252+00:00, run_after=2026-02-13T22:06:33.006252+00:00
[2026-02-13T22:06:33.021+0000] {processor.py:175} INFO - Processing /home/airflow/.local/lib/python3.7/site-packages/airflow/example_dags/example_latest_only.py took 0.049 seconds
[2026-02-13T22:07:04.082+0000] {processor.py:153} INFO - Started process (PID=137) to work on /home/airflow/.local/lib/python3.7/site-packages/airflow/example_dags/example_latest_only.py
[2026-02-13T22:07:04.083+0000] {processor.py:743} INFO - Processing file /home/airflow/.local/lib/python3.7/site-packages/airflow/example_dags/example_latest_only.py for tasks to queue
[2026-02-13T22:07:04.083+0000] {logging_mixin.py:137} INFO - [2026-02-13T22:07:04.083+0000] {dagbag.py:538} INFO - Filling up the DagBag from /home/airflow/.local/lib/python3.7/site-packages/airflow/example_dags/example_latest_only.py
[2026-02-13T22:07:04.090+0000] {processor.py:753} INFO - DAG(s) dict_keys(['latest_only']) retrieved from /home/airflow/.local/lib/python3.7/site-packages/airflow/example_dags/example_latest_only.py
[2026-02-13T22:07:04.103+0000] {logging_mixin.py:137} INFO - [2026-02-13T22:07:04.102+0000] {dag.py:2690} INFO - Sync 1 DAGs
[2026-02-13T22:07:04.120+0000] {logging_mixin.py:137} INFO - [2026-02-13T22:07:04.120+0000] {dag.py:3441} INFO - Setting next_dagrun for latest_only to 2026-02-13T18:07:04.120580+00:00, run_after=2026-02-13T22:07:04.120580+00:00
[2026-02-13T22:07:04.130+0000] {processor.py:175} INFO - Processing /home/airflow/.local/lib/python3.7/site-packages/airflow/example_dags/example_latest_only.py took 0.050 seconds
[2026-02-13T22:07:34.171+0000] {processor.py:153} INFO - Started process (PID=226) to work on /home/airflow/.local/lib/python3.7/site-packages/airflow/example_dags/example_latest_only.py
[2026-02-13T22:07:34.172+0000] {processor.py:743} INFO - Processing file /home/airflow/.local/lib/python3.7/site-packages/airflow/example_dags/example_latest_only.py for tasks to queue
[2026-02-13T22:07:34.172+0000] {logging_mixin.py:137} INFO - [2026-02-13T22:07:34.172+0000] {dagbag.py:538} INFO - Filling up the DagBag from /home/airflow/.local/lib/python3.7/site-packages/airflow/example_dags/example_latest_only.py
[2026-02-13T22:07:34.178+0000] {processor.py:753} INFO - DAG(s) dict_keys(['latest_only']) retrieved from /home/airflow/.local/lib/python3.7/site-packages/airflow/example_dags/example_latest_only.py
[2026-02-13T22:07:34.191+0000] {logging_mixin.py:137} INFO - [2026-02-13T22:07:34.191+0000] {dag.py:2690} INFO - Sync 1 DAGs
[2026-02-13T22:07:34.203+0000] {logging_mixin.py:137} INFO - [2026-02-13T22:07:34.203+0000] {dag.py:3441} INFO - Setting next_dagrun for latest_only to 2026-02-13T18:07:34.203072+00:00, run_after=2026-02-13T22:07:34.203072+00:00
[2026-02-13T22:07:34.211+0000] {processor.py:175} INFO - Processing /home/airflow/.local/lib/python3.7/site-packages/airflow/example_dags/example_latest_only.py took 0.042 seconds
[2026-02-13T22:08:05.062+0000] {processor.py:153} INFO - Started process (PID=299) to work on /home/airflow/.local/lib/python3.7/site-packages/airflow/example_dags/example_latest_only.py
[2026-02-13T22:08:05.063+0000] {processor.py:743} INFO - Processing file /home/airflow/.local/lib/python3.7/site-packages/airflow/example_dags/example_latest_only.py for tasks to queue
[2026-02-13T22:08:05.063+0000] {logging_mixin.py:137} INFO - [2026-02-13T22:08:05.063+0000] {dagbag.py:538} INFO - Filling up the DagBag from /home/airflow/.local/lib/python3.7/site-packages/airflow/example_dags/example_latest_only.py
[2026-02-13T22:08:05.072+0000] {processor.py:753} INFO - DAG(s) dict_keys(['latest_only']) retrieved from /home/airflow/.local/lib/python3.7/site-packages/airflow/example_dags/example_latest_only.py
[2026-02-13T22:08:05.083+0000] {logging_mixin.py:137} INFO - [2026-02-13T22:08:05.083+0000] {dag.py:2690} INFO - Sync 1 DAGs
[2026-02-13T22:08:05.095+0000] {logging_mixin.py:137} INFO - [2026-02-13T22:08:05.095+0000] {dag.py:3441} INFO - Setting next_dagrun for latest_only to 2026-02-13T18:08:05.095651+00:00, run_after=2026-02-13T22:08:05.095651+00:00
[2026-02-13T22:08:05.109+0000] {processor.py:175} INFO - Processing /home/airflow/.local/lib/python3.7/site-packages/airflow/example_dags/example_latest_only.py took 0.048 seconds
[2026-02-13T22:08:35.808+0000] {processor.py:153} INFO - Started process (PID=388) to work on /home/airflow/.local/lib/python3.7/site-packages/airflow/example_dags/example_latest_only.py
[2026-02-13T22:08:35.809+0000] {processor.py:743} INFO - Processing file /home/airflow/.local/lib/python3.7/site-packages/airflow/example_dags/example_latest_only.py for tasks to queue
[2026-02-13T22:08:35.809+0000] {logging_mixin.py:137} INFO - [2026-02-13T22:08:35.809+0000] {dagbag.py:538} INFO - Filling up the DagBag from /home/airflow/.local/lib/python3.7/site-packages/airflow/example_dags/example_latest_only.py
[2026-02-13T22:08:35.818+0000] {processor.py:753} INFO - DAG(s) dict_keys(['latest_only']) retrieved from /home/airflow/.local/lib/python3.7/site-packages/airflow/example_dags/example_latest_only.py
[2026-02-13T22:08:35.831+0000] {logging_mixin.py:137} INFO - [2026-02-13T22:08:35.831+0000] {dag.py:2690} INFO - Sync 1 DAGs
[2026-02-13T22:08:35.847+0000] {logging_mixin.py:137} INFO - [2026-02-13T22:08:35.847+0000] {dag.py:3441} INFO - Setting next_dagrun for latest_only to 2026-02-13T18:08:35.846944+00:00, run_after=2026-02-13T22:08:35.846944+00:00
[2026-02-13T22:08:35.860+0000] {processor.py:175} INFO - Processing /home/airflow/.local/lib/python3.7/site-packages/airflow/example_dags/example_latest_only.py took 0.053 seconds
[2026-02-13T22:09:06.492+0000] {processor.py:153} INFO - Started process (PID=477) to work on /home/airflow/.local/lib/python3.7/site-packages/airflow/example_dags/example_latest_only.py
[2026-02-13T22:09:06.493+0000] {processor.py:743} INFO - Processing file /home/airflow/.local/lib/python3.7/site-packages/airflow/example_dags/example_latest_only.py for tasks to queue
[2026-02-13T22:09:06.494+0000] {logging_mixin.py:137} INFO - [2026-02-13T22:09:06.494+0000] {dagbag.py:538} INFO - Filling up the DagBag from /home/airflow/.local/lib/python3.7/site-packages/airflow/example_dags/example_latest_only.py
[2026-02-13T22:09:06.500+0000] {processor.py:753} INFO - DAG(s) dict_keys(['latest_only']) retrieved from /home/airflow/.local/lib/python3.7/site-packages/airflow/example_dags/example_latest_only.py
[2026-02-13T22:09:06.512+0000] {logging_mixin.py:137} INFO - [2026-02-13T22:09:06.511+0000] {dag.py:2690} INFO - Sync 1 DAGs
[2026-02-13T22:09:06.526+0000] {logging_mixin.py:137} INFO - [2026-02-13T22:09:06.526+0000] {dag.py:3441} INFO - Setting next_dagrun for latest_only to 2026-02-13T18:09:06.525849+00:00, run_after=2026-02-13T22:09:06.525849+00:00
[2026-02-13T22:09:06.539+0000] {processor.py:175} INFO - Processing /home/airflow/.local/lib/python3.7/site-packages/airflow/example_dags/example_latest_only.py took 0.049 seconds
[2026-02-13T22:09:37.062+0000] {processor.py:153} INFO - Started process (PID=565) to work on /home/airflow/.local/lib/python3.7/site-packages/airflow/example_dags/example_latest_only.py
[2026-02-13T22:09:37.062+0000] {processor.py:743} INFO - Processing file /home/airflow/.local/lib/python3.7/site-packages/airflow/example_dags/example_latest_only.py for tasks to queue
[2026-02-13T22:09:37.063+0000] {logging_mixin.py:137} INFO - [2026-02-13T22:09:37.063+0000] {dagbag.py:538} INFO - Filling up the DagBag from /home/airflow/.local/lib/python3.7/site-packages/airflow/example_dags/example_latest_only.py
[2026-02-13T22:09:37.068+0000] {processor.py:753} INFO - DAG(s) dict_keys(['latest_only']) retrieved from /home/airflow/.local/lib/python3.7/site-packages/airflow/example_dags/example_latest_only.py
[2026-02-13T22:09:37.077+0000] {logging_mixin.py:137} INFO - [2026-02-13T22:09:37.077+0000] {dag.py:2690} INFO - Sync 1 DAGs
[2026-02-13T22:09:37.087+0000] {logging_mixin.py:137} INFO - [2026-02-13T22:09:37.087+0000] {dag.py:3441} INFO - Setting next_dagrun for latest_only to 2026-02-13T18:09:37.087028+00:00, run_after=2026-02-13T22:09:37.087028+00:00
[2026-02-13T22:09:37.093+0000] {processor.py:175} INFO - Processing /home/airflow/.local/lib/python3.7/site-packages/airflow/example_dags/example_latest_only.py took 0.032 seconds
[2026-02-13T22:10:07.685+0000] {processor.py:153} INFO - Started process (PID=638) to work on /home/airflow/.local/lib/python3.7/site-packages/airflow/example_dags/example_latest_only.py
[2026-02-13T22:10:07.685+0000] {processor.py:743} INFO - Processing file /home/airflow/.local/lib/python3.7/site-packages/airflow/example_dags/example_latest_only.py for tasks to queue
[2026-02-13T22:10:07.686+0000] {logging_mixin.py:137} INFO - [2026-02-13T22:10:07.686+0000] {dagbag.py:538} INFO - Filling up the DagBag from /home/airflow/.local/lib/python3.7/site-packages/airflow/example_dags/example_latest_only.py
[2026-02-13T22:10:07.692+0000] {processor.py:753} INFO - DAG(s) dict_keys(['latest_only']) retrieved from /home/airflow/.local/lib/python3.7/site-packages/airflow/example_dags/example_latest_only.py
[2026-02-13T22:10:07.703+0000] {logging_mixin.py:137} INFO - [2026-02-13T22:10:07.703+0000] {dag.py:2690} INFO - Sync 1 DAGs
[2026-02-13T22:10:07.713+0000] {logging_mixin.py:137} INFO - [2026-02-13T22:10:07.713+0000] {dag.py:3441} INFO - Setting next_dagrun for latest_only to 2026-02-13T18:10:07.713425+00:00, run_after=2026-02-13T22:10:07.713425+00:00
[2026-02-13T22:10:07.720+0000] {processor.py:175} INFO - Processing /home/airflow/.local/lib/python3.7/site-packages/airflow/example_dags/example_latest_only.py took 0.037 seconds
[2026-02-13T22:10:38.321+0000] {processor.py:153} INFO - Started process (PID=726) to work on /home/airflow/.local/lib/python3.7/site-packages/airflow/example_dags/example_latest_only.py
[2026-02-13T22:10:38.322+0000] {processor.py:743} INFO - Processing file /home/airflow/.local/lib/python3.7/site-packages/airflow/example_dags/example_latest_only.py for tasks to queue
[2026-02-13T22:10:38.323+0000] {logging_mixin.py:137} INFO - [2026-02-13T22:10:38.323+0000] {dagbag.py:538} INFO - Filling up the DagBag from /home/airflow/.local/lib/python3.7/site-packages/airflow/example_dags/example_latest_only.py
[2026-02-13T22:10:38.332+0000] {processor.py:753} INFO - DAG(s) dict_keys(['latest_only']) retrieved from /home/airflow/.local/lib/python3.7/site-packages/airflow/example_dags/example_latest_only.py
[2026-02-13T22:10:38.348+0000] {logging_mixin.py:137} INFO - [2026-02-13T22:10:38.345+0000] {dag.py:2690} INFO - Sync 1 DAGs
[2026-02-13T22:10:38.362+0000] {logging_mixin.py:137} INFO - [2026-02-13T22:10:38.362+0000] {dag.py:3441} INFO - Setting next_dagrun for latest_only to 2026-02-13T18:10:38.361914+00:00, run_after=2026-02-13T22:10:38.361914+00:00
[2026-02-13T22:10:38.378+0000] {processor.py:175} INFO - Processing /home/airflow/.local/lib/python3.7/site-packages/airflow/example_dags/example_latest_only.py took 0.059 seconds
[2026-02-13T22:11:08.853+0000] {processor.py:153} INFO - Started process (PID=815) to work on /home/airflow/.local/lib/python3.7/site-packages/airflow/example_dags/example_latest_only.py
[2026-02-13T22:11:08.854+0000] {processor.py:743} INFO - Processing file /home/airflow/.local/lib/python3.7/site-packages/airflow/example_dags/example_latest_only.py for tasks to queue
[2026-02-13T22:11:08.854+0000] {logging_mixin.py:137} INFO - [2026-02-13T22:11:08.854+0000] {dagbag.py:538} INFO - Filling up the DagBag from /home/airflow/.local/lib/python3.7/site-packages/airflow/example_dags/example_latest_only.py
[2026-02-13T22:11:08.860+0000] {processor.py:753} INFO - DAG(s) dict_keys(['latest_only']) retrieved from /home/airflow/.local/lib/python3.7/site-packages/airflow/example_dags/example_latest_only.py
[2026-02-13T22:11:08.872+0000] {logging_mixin.py:137} INFO - [2026-02-13T22:11:08.872+0000] {dag.py:2690} INFO - Sync 1 DAGs
[2026-02-13T22:11:08.889+0000] {logging_mixin.py:137} INFO - [2026-02-13T22:11:08.889+0000] {dag.py:3441} INFO - Setting next_dagrun for latest_only to 2026-02-13T18:11:08.888958+00:00, run_after=2026-02-13T22:11:08.888958+00:00
[2026-02-13T22:11:08.900+0000] {processor.py:175} INFO - Processing /home/airflow/.local/lib/python3.7/site-packages/airflow/example_dags/example_latest_only.py took 0.048 seconds
[2026-02-13T22:11:39.486+0000] {processor.py:153} INFO - Started process (PID=903) to work on /home/airflow/.local/lib/python3.7/site-packages/airflow/example_dags/example_latest_only.py
[2026-02-13T22:11:39.487+0000] {processor.py:743} INFO - Processing file /home/airflow/.local/lib/python3.7/site-packages/airflow/example_dags/example_latest_only.py for tasks to queue
[2026-02-13T22:11:39.487+0000] {logging_mixin.py:137} INFO - [2026-02-13T22:11:39.487+0000] {dagbag.py:538} INFO - Filling up the DagBag from /home/airflow/.local/lib/python3.7/site-packages/airflow/example_dags/example_latest_only.py
[2026-02-13T22:11:39.493+0000] {processor.py:753} INFO - DAG(s) dict_keys(['latest_only']) retrieved from /home/airflow/.local/lib/python3.7/site-packages/airflow/example_dags/example_latest_only.py
[2026-02-13T22:11:39.505+0000] {logging_mixin.py:137} INFO - [2026-02-13T22:11:39.505+0000] {dag.py:2690} INFO - Sync 1 DAGs
[2026-02-13T22:11:39.518+0000] {logging_mixin.py:137} INFO - [2026-02-13T22:11:39.518+0000] {dag.py:3441} INFO - Setting next_dagrun for latest_only to 2026-02-13T18:11:39.518671+00:00, run_after=2026-02-13T22:11:39.518671+00:00
[2026-02-13T22:11:39.531+0000] {processor.py:175} INFO - Processing /home/airflow/.local/lib/python3.7/site-packages/airflow/example_dags/example_latest_only.py took 0.046 seconds
[2026-02-13T22:12:10.058+0000] {processor.py:153} INFO - Started process (PID=976) to work on /home/airflow/.local/lib/python3.7/site-packages/airflow/example_dags/example_latest_only.py
[2026-02-13T22:12:10.059+0000] {processor.py:743} INFO - Processing file /home/airflow/.local/lib/python3.7/site-packages/airflow/example_dags/example_latest_only.py for tasks to queue
[2026-02-13T22:12:10.059+0000] {logging_mixin.py:137} INFO - [2026-02-13T22:12:10.059+0000] {dagbag.py:538} INFO - Filling up the DagBag from /home/airflow/.local/lib/python3.7/site-packages/airflow/example_dags/example_latest_only.py
[2026-02-13T22:12:10.066+0000] {processor.py:753} INFO - DAG(s) dict_keys(['latest_only']) retrieved from /home/airflow/.local/lib/python3.7/site-packages/airflow/example_dags/example_latest_only.py
[2026-02-13T22:12:10.077+0000] {logging_mixin.py:137} INFO - [2026-02-13T22:12:10.077+0000] {dag.py:2690} INFO - Sync 1 DAGs
[2026-02-13T22:12:10.087+0000] {logging_mixin.py:137} INFO - [2026-02-13T22:12:10.087+0000] {dag.py:3441} INFO - Setting next_dagrun for latest_only to 2026-02-13T18:12:10.087285+00:00, run_after=2026-02-13T22:12:10.087285+00:00
[2026-02-13T22:12:10.100+0000] {processor.py:175} INFO - Processing /home/airflow/.local/lib/python3.7/site-packages/airflow/example_dags/example_latest_only.py took 0.043 seconds
[2026-02-13T22:12:40.691+0000] {processor.py:153} INFO - Started process (PID=1065) to work on /home/airflow/.local/lib/python3.7/site-packages/airflow/example_dags/example_latest_only.py
[2026-02-13T22:12:40.692+0000] {processor.py:743} INFO - Processing file /home/airflow/.local/lib/python3.7/site-packages/airflow/example_dags/example_latest_only.py for tasks to queue
[2026-02-13T22:12:40.692+0000] {logging_mixin.py:137} INFO - [2026-02-13T22:12:40.692+0000] {dagbag.py:538} INFO - Filling up the DagBag from /home/airflow/.local/lib/python3.7/site-packages/airflow/example_dags/example_latest_only.py
[2026-02-13T22:12:40.697+0000] {processor.py:753} INFO - DAG(s) dict_keys(['latest_only']) retrieved from /home/airflow/.local/lib/python3.7/site-packages/airflow/example_dags/example_latest_only.py
[2026-02-13T22:12:40.706+0000] {logging_mixin.py:137} INFO - [2026-02-13T22:12:40.706+0000] {dag.py:2690} INFO - Sync 1 DAGs
[2026-02-13T22:12:40.715+0000] {logging_mixin.py:137} INFO - [2026-02-13T22:12:40.715+0000] {dag.py:3441} INFO - Setting next_dagrun for latest_only to 2026-02-13T18:12:40.715831+00:00, run_after=2026-02-13T22:12:40.715831+00:00
[2026-02-13T22:12:40.722+0000] {processor.py:175} INFO - Processing /home/airflow/.local/lib/python3.7/site-packages/airflow/example_dags/example_latest_only.py took 0.032 seconds
[2026-02-13T22:20:56.830+0000] {processor.py:153} INFO - Started process (PID=87) to work on /home/airflow/.local/lib/python3.7/site-packages/airflow/example_dags/example_latest_only.py
[2026-02-13T22:20:56.831+0000] {processor.py:743} INFO - Processing file /home/airflow/.local/lib/python3.7/site-packages/airflow/example_dags/example_latest_only.py for tasks to queue
[2026-02-13T22:20:56.834+0000] {logging_mixin.py:137} INFO - [2026-02-13T22:20:56.834+0000] {dagbag.py:538} INFO - Filling up the DagBag from /home/airflow/.local/lib/python3.7/site-packages/airflow/example_dags/example_latest_only.py
[2026-02-13T22:20:56.842+0000] {processor.py:753} INFO - DAG(s) dict_keys(['latest_only']) retrieved from /home/airflow/.local/lib/python3.7/site-packages/airflow/example_dags/example_latest_only.py
[2026-02-13T22:20:56.853+0000] {logging_mixin.py:137} INFO - [2026-02-13T22:20:56.853+0000] {dag.py:2690} INFO - Sync 1 DAGs
[2026-02-13T22:20:56.870+0000] {logging_mixin.py:137} INFO - [2026-02-13T22:20:56.870+0000] {dag.py:3441} INFO - Setting next_dagrun for latest_only to 2026-02-13T18:20:56.870668+00:00, run_after=2026-02-13T22:20:56.870668+00:00
[2026-02-13T22:20:56.888+0000] {processor.py:175} INFO - Processing /home/airflow/.local/lib/python3.7/site-packages/airflow/example_dags/example_latest_only.py took 0.058 seconds
[2026-02-13T22:21:27.784+0000] {processor.py:153} INFO - Started process (PID=160) to work on /home/airflow/.local/lib/python3.7/site-packages/airflow/example_dags/example_latest_only.py
[2026-02-13T22:21:27.785+0000] {processor.py:743} INFO - Processing file /home/airflow/.local/lib/python3.7/site-packages/airflow/example_dags/example_latest_only.py for tasks to queue
[2026-02-13T22:21:27.785+0000] {logging_mixin.py:137} INFO - [2026-02-13T22:21:27.785+0000] {dagbag.py:538} INFO - Filling up the DagBag from /home/airflow/.local/lib/python3.7/site-packages/airflow/example_dags/example_latest_only.py
[2026-02-13T22:21:27.792+0000] {processor.py:753} INFO - DAG(s) dict_keys(['latest_only']) retrieved from /home/airflow/.local/lib/python3.7/site-packages/airflow/example_dags/example_latest_only.py
[2026-02-13T22:21:27.803+0000] {logging_mixin.py:137} INFO - [2026-02-13T22:21:27.803+0000] {dag.py:2690} INFO - Sync 1 DAGs
[2026-02-13T22:21:27.815+0000] {logging_mixin.py:137} INFO - [2026-02-13T22:21:27.815+0000] {dag.py:3441} INFO - Setting next_dagrun for latest_only to 2026-02-13T18:21:27.814908+00:00, run_after=2026-02-13T22:21:27.814908+00:00
[2026-02-13T22:21:27.823+0000] {processor.py:175} INFO - Processing /home/airflow/.local/lib/python3.7/site-packages/airflow/example_dags/example_latest_only.py took 0.041 seconds
[2026-02-13T22:21:58.711+0000] {processor.py:153} INFO - Started process (PID=250) to work on /home/airflow/.local/lib/python3.7/site-packages/airflow/example_dags/example_latest_only.py
[2026-02-13T22:21:58.712+0000] {processor.py:743} INFO - Processing file /home/airflow/.local/lib/python3.7/site-packages/airflow/example_dags/example_latest_only.py for tasks to queue
[2026-02-13T22:21:58.712+0000] {logging_mixin.py:137} INFO - [2026-02-13T22:21:58.712+0000] {dagbag.py:538} INFO - Filling up the DagBag from /home/airflow/.local/lib/python3.7/site-packages/airflow/example_dags/example_latest_only.py
[2026-02-13T22:21:58.718+0000] {processor.py:753} INFO - DAG(s) dict_keys(['latest_only']) retrieved from /home/airflow/.local/lib/python3.7/site-packages/airflow/example_dags/example_latest_only.py
[2026-02-13T22:21:58.727+0000] {logging_mixin.py:137} INFO - [2026-02-13T22:21:58.727+0000] {dag.py:2690} INFO - Sync 1 DAGs
[2026-02-13T22:21:58.735+0000] {logging_mixin.py:137} INFO - [2026-02-13T22:21:58.735+0000] {dag.py:3441} INFO - Setting next_dagrun for latest_only to 2026-02-13T18:21:58.735855+00:00, run_after=2026-02-13T22:21:58.735855+00:00
[2026-02-13T22:21:58.742+0000] {processor.py:175} INFO - Processing /home/airflow/.local/lib/python3.7/site-packages/airflow/example_dags/example_latest_only.py took 0.033 seconds
[2026-02-13T22:22:29.465+0000] {processor.py:153} INFO - Started process (PID=340) to work on /home/airflow/.local/lib/python3.7/site-packages/airflow/example_dags/example_latest_only.py
[2026-02-13T22:22:29.465+0000] {processor.py:743} INFO - Processing file /home/airflow/.local/lib/python3.7/site-packages/airflow/example_dags/example_latest_only.py for tasks to queue
[2026-02-13T22:22:29.465+0000] {logging_mixin.py:137} INFO - [2026-02-13T22:22:29.465+0000] {dagbag.py:538} INFO - Filling up the DagBag from /home/airflow/.local/lib/python3.7/site-packages/airflow/example_dags/example_latest_only.py
[2026-02-13T22:22:29.471+0000] {processor.py:753} INFO - DAG(s) dict_keys(['latest_only']) retrieved from /home/airflow/.local/lib/python3.7/site-packages/airflow/example_dags/example_latest_only.py
[2026-02-13T22:22:29.485+0000] {logging_mixin.py:137} INFO - [2026-02-13T22:22:29.485+0000] {dag.py:2690} INFO - Sync 1 DAGs
[2026-02-13T22:22:29.498+0000] {logging_mixin.py:137} INFO - [2026-02-13T22:22:29.498+0000] {dag.py:3441} INFO - Setting next_dagrun for latest_only to 2026-02-13T18:22:29.498078+00:00, run_after=2026-02-13T22:22:29.498078+00:00
[2026-02-13T22:22:29.509+0000] {processor.py:175} INFO - Processing /home/airflow/.local/lib/python3.7/site-packages/airflow/example_dags/example_latest_only.py took 0.046 seconds
[2026-02-13T22:23:00.123+0000] {processor.py:153} INFO - Started process (PID=429) to work on /home/airflow/.local/lib/python3.7/site-packages/airflow/example_dags/example_latest_only.py
[2026-02-13T22:23:00.124+0000] {processor.py:743} INFO - Processing file /home/airflow/.local/lib/python3.7/site-packages/airflow/example_dags/example_latest_only.py for tasks to queue
[2026-02-13T22:23:00.124+0000] {logging_mixin.py:137} INFO - [2026-02-13T22:23:00.124+0000] {dagbag.py:538} INFO - Filling up the DagBag from /home/airflow/.local/lib/python3.7/site-packages/airflow/example_dags/example_latest_only.py
[2026-02-13T22:23:00.129+0000] {processor.py:753} INFO - DAG(s) dict_keys(['latest_only']) retrieved from /home/airflow/.local/lib/python3.7/site-packages/airflow/example_dags/example_latest_only.py
[2026-02-13T22:23:00.138+0000] {logging_mixin.py:137} INFO - [2026-02-13T22:23:00.138+0000] {dag.py:2690} INFO - Sync 1 DAGs
[2026-02-13T22:23:00.147+0000] {logging_mixin.py:137} INFO - [2026-02-13T22:23:00.147+0000] {dag.py:3441} INFO - Setting next_dagrun for latest_only to 2026-02-13T18:23:00.147703+00:00, run_after=2026-02-13T22:23:00.147703+00:00
[2026-02-13T22:23:00.154+0000] {processor.py:175} INFO - Processing /home/airflow/.local/lib/python3.7/site-packages/airflow/example_dags/example_latest_only.py took 0.032 seconds
[2026-02-13T22:23:30.823+0000] {processor.py:153} INFO - Started process (PID=502) to work on /home/airflow/.local/lib/python3.7/site-packages/airflow/example_dags/example_latest_only.py
[2026-02-13T22:23:30.823+0000] {processor.py:743} INFO - Processing file /home/airflow/.local/lib/python3.7/site-packages/airflow/example_dags/example_latest_only.py for tasks to queue
[2026-02-13T22:23:30.823+0000] {logging_mixin.py:137} INFO - [2026-02-13T22:23:30.823+0000] {dagbag.py:538} INFO - Filling up the DagBag from /home/airflow/.local/lib/python3.7/site-packages/airflow/example_dags/example_latest_only.py
[2026-02-13T22:23:30.830+0000] {processor.py:753} INFO - DAG(s) dict_keys(['latest_only']) retrieved from /home/airflow/.local/lib/python3.7/site-packages/airflow/example_dags/example_latest_only.py
[2026-02-13T22:23:30.844+0000] {logging_mixin.py:137} INFO - [2026-02-13T22:23:30.844+0000] {dag.py:2690} INFO - Sync 1 DAGs
[2026-02-13T22:23:30.856+0000] {logging_mixin.py:137} INFO - [2026-02-13T22:23:30.856+0000] {dag.py:3441} INFO - Setting next_dagrun for latest_only to 2026-02-13T18:23:30.856328+00:00, run_after=2026-02-13T22:23:30.856328+00:00
[2026-02-13T22:23:30.867+0000] {processor.py:175} INFO - Processing /home/airflow/.local/lib/python3.7/site-packages/airflow/example_dags/example_latest_only.py took 0.046 seconds
[2026-02-13T22:24:01.503+0000] {processor.py:153} INFO - Started process (PID=590) to work on /home/airflow/.local/lib/python3.7/site-packages/airflow/example_dags/example_latest_only.py
[2026-02-13T22:24:01.503+0000] {processor.py:743} INFO - Processing file /home/airflow/.local/lib/python3.7/site-packages/airflow/example_dags/example_latest_only.py for tasks to queue
[2026-02-13T22:24:01.504+0000] {logging_mixin.py:137} INFO - [2026-02-13T22:24:01.504+0000] {dagbag.py:538} INFO - Filling up the DagBag from /home/airflow/.local/lib/python3.7/site-packages/airflow/example_dags/example_latest_only.py
[2026-02-13T22:24:01.510+0000] {processor.py:753} INFO - DAG(s) dict_keys(['latest_only']) retrieved from /home/airflow/.local/lib/python3.7/site-packages/airflow/example_dags/example_latest_only.py
[2026-02-13T22:24:01.523+0000] {logging_mixin.py:137} INFO - [2026-02-13T22:24:01.523+0000] {dag.py:2690} INFO - Sync 1 DAGs
[2026-02-13T22:24:01.534+0000] {logging_mixin.py:137} INFO - [2026-02-13T22:24:01.534+0000] {dag.py:3441} INFO - Setting next_dagrun for latest_only to 2026-02-13T18:24:01.534237+00:00, run_after=2026-02-13T22:24:01.534237+00:00
[2026-02-13T22:24:01.546+0000] {processor.py:175} INFO - Processing /home/airflow/.local/lib/python3.7/site-packages/airflow/example_dags/example_latest_only.py took 0.044 seconds
[2026-02-13T22:24:32.228+0000] {processor.py:153} INFO - Started process (PID=679) to work on /home/airflow/.local/lib/python3.7/site-packages/airflow/example_dags/example_latest_only.py
[2026-02-13T22:24:32.230+0000] {processor.py:743} INFO - Processing file /home/airflow/.local/lib/python3.7/site-packages/airflow/example_dags/example_latest_only.py for tasks to queue
[2026-02-13T22:24:32.230+0000] {logging_mixin.py:137} INFO - [2026-02-13T22:24:32.230+0000] {dagbag.py:538} INFO - Filling up the DagBag from /home/airflow/.local/lib/python3.7/site-packages/airflow/example_dags/example_latest_only.py
[2026-02-13T22:24:32.237+0000] {processor.py:753} INFO - DAG(s) dict_keys(['latest_only']) retrieved from /home/airflow/.local/lib/python3.7/site-packages/airflow/example_dags/example_latest_only.py
[2026-02-13T22:24:32.249+0000] {logging_mixin.py:137} INFO - [2026-02-13T22:24:32.249+0000] {dag.py:2690} INFO - Sync 1 DAGs
[2026-02-13T22:24:32.263+0000] {logging_mixin.py:137} INFO - [2026-02-13T22:24:32.262+0000] {dag.py:3441} INFO - Setting next_dagrun for latest_only to 2026-02-13T18:24:32.262794+00:00, run_after=2026-02-13T22:24:32.262794+00:00
[2026-02-13T22:24:32.275+0000] {processor.py:175} INFO - Processing /home/airflow/.local/lib/python3.7/site-packages/airflow/example_dags/example_latest_only.py took 0.050 seconds
[2026-02-13T22:25:02.910+0000] {processor.py:153} INFO - Started process (PID=768) to work on /home/airflow/.local/lib/python3.7/site-packages/airflow/example_dags/example_latest_only.py
[2026-02-13T22:25:02.910+0000] {processor.py:743} INFO - Processing file /home/airflow/.local/lib/python3.7/site-packages/airflow/example_dags/example_latest_only.py for tasks to queue
[2026-02-13T22:25:02.911+0000] {logging_mixin.py:137} INFO - [2026-02-13T22:25:02.911+0000] {dagbag.py:538} INFO - Filling up the DagBag from /home/airflow/.local/lib/python3.7/site-packages/airflow/example_dags/example_latest_only.py
[2026-02-13T22:25:02.917+0000] {processor.py:753} INFO - DAG(s) dict_keys(['latest_only']) retrieved from /home/airflow/.local/lib/python3.7/site-packages/airflow/example_dags/example_latest_only.py
[2026-02-13T22:25:02.929+0000] {logging_mixin.py:137} INFO - [2026-02-13T22:25:02.929+0000] {dag.py:2690} INFO - Sync 1 DAGs
[2026-02-13T22:25:02.941+0000] {logging_mixin.py:137} INFO - [2026-02-13T22:25:02.941+0000] {dag.py:3441} INFO - Setting next_dagrun for latest_only to 2026-02-13T18:25:02.941348+00:00, run_after=2026-02-13T22:25:02.941348+00:00
[2026-02-13T22:25:02.951+0000] {processor.py:175} INFO - Processing /home/airflow/.local/lib/python3.7/site-packages/airflow/example_dags/example_latest_only.py took 0.042 seconds
[2026-02-13T22:25:33.555+0000] {processor.py:153} INFO - Started process (PID=857) to work on /home/airflow/.local/lib/python3.7/site-packages/airflow/example_dags/example_latest_only.py
[2026-02-13T22:25:33.556+0000] {processor.py:743} INFO - Processing file /home/airflow/.local/lib/python3.7/site-packages/airflow/example_dags/example_latest_only.py for tasks to queue
[2026-02-13T22:25:33.556+0000] {logging_mixin.py:137} INFO - [2026-02-13T22:25:33.556+0000] {dagbag.py:538} INFO - Filling up the DagBag from /home/airflow/.local/lib/python3.7/site-packages/airflow/example_dags/example_latest_only.py
[2026-02-13T22:25:33.563+0000] {processor.py:753} INFO - DAG(s) dict_keys(['latest_only']) retrieved from /home/airflow/.local/lib/python3.7/site-packages/airflow/example_dags/example_latest_only.py
[2026-02-13T22:25:33.577+0000] {logging_mixin.py:137} INFO - [2026-02-13T22:25:33.577+0000] {dag.py:2690} INFO - Sync 1 DAGs
[2026-02-13T22:25:33.591+0000] {logging_mixin.py:137} INFO - [2026-02-13T22:25:33.591+0000] {dag.py:3441} INFO - Setting next_dagrun for latest_only to 2026-02-13T18:25:33.591604+00:00, run_after=2026-02-13T22:25:33.591604+00:00
[2026-02-13T22:25:33.606+0000] {processor.py:175} INFO - Processing /home/airflow/.local/lib/python3.7/site-packages/airflow/example_dags/example_latest_only.py took 0.053 seconds
[2026-02-13T22:26:04.219+0000] {processor.py:153} INFO - Started process (PID=930) to work on /home/airflow/.local/lib/python3.7/site-packages/airflow/example_dags/example_latest_only.py
[2026-02-13T22:26:04.220+0000] {processor.py:743} INFO - Processing file /home/airflow/.local/lib/python3.7/site-packages/airflow/example_dags/example_latest_only.py for tasks to queue
[2026-02-13T22:26:04.220+0000] {logging_mixin.py:137} INFO - [2026-02-13T22:26:04.220+0000] {dagbag.py:538} INFO - Filling up the DagBag from /home/airflow/.local/lib/python3.7/site-packages/airflow/example_dags/example_latest_only.py
[2026-02-13T22:26:04.225+0000] {processor.py:753} INFO - DAG(s) dict_keys(['latest_only']) retrieved from /home/airflow/.local/lib/python3.7/site-packages/airflow/example_dags/example_latest_only.py
[2026-02-13T22:26:04.234+0000] {logging_mixin.py:137} INFO - [2026-02-13T22:26:04.234+0000] {dag.py:2690} INFO - Sync 1 DAGs
[2026-02-13T22:26:04.243+0000] {logging_mixin.py:137} INFO - [2026-02-13T22:26:04.243+0000] {dag.py:3441} INFO - Setting next_dagrun for latest_only to 2026-02-13T18:26:04.243773+00:00, run_after=2026-02-13T22:26:04.243773+00:00
[2026-02-13T22:26:04.251+0000] {processor.py:175} INFO - Processing /home/airflow/.local/lib/python3.7/site-packages/airflow/example_dags/example_latest_only.py took 0.033 seconds
[2026-02-13T22:26:34.732+0000] {processor.py:153} INFO - Started process (PID=1019) to work on /home/airflow/.local/lib/python3.7/site-packages/airflow/example_dags/example_latest_only.py
[2026-02-13T22:26:34.733+0000] {processor.py:743} INFO - Processing file /home/airflow/.local/lib/python3.7/site-packages/airflow/example_dags/example_latest_only.py for tasks to queue
[2026-02-13T22:26:34.733+0000] {logging_mixin.py:137} INFO - [2026-02-13T22:26:34.733+0000] {dagbag.py:538} INFO - Filling up the DagBag from /home/airflow/.local/lib/python3.7/site-packages/airflow/example_dags/example_latest_only.py
[2026-02-13T22:26:34.739+0000] {processor.py:753} INFO - DAG(s) dict_keys(['latest_only']) retrieved from /home/airflow/.local/lib/python3.7/site-packages/airflow/example_dags/example_latest_only.py
[2026-02-13T22:26:34.756+0000] {logging_mixin.py:137} INFO - [2026-02-13T22:26:34.756+0000] {dag.py:2690} INFO - Sync 1 DAGs
[2026-02-13T22:26:34.767+0000] {logging_mixin.py:137} INFO - [2026-02-13T22:26:34.767+0000] {dag.py:3441} INFO - Setting next_dagrun for latest_only to 2026-02-13T18:26:34.767286+00:00, run_after=2026-02-13T22:26:34.767286+00:00
[2026-02-13T22:26:34.779+0000] {processor.py:175} INFO - Processing /home/airflow/.local/lib/python3.7/site-packages/airflow/example_dags/example_latest_only.py took 0.048 seconds
[2026-02-13T22:27:05.531+0000] {processor.py:153} INFO - Started process (PID=1108) to work on /home/airflow/.local/lib/python3.7/site-packages/airflow/example_dags/example_latest_only.py
[2026-02-13T22:27:05.532+0000] {processor.py:743} INFO - Processing file /home/airflow/.local/lib/python3.7/site-packages/airflow/example_dags/example_latest_only.py for tasks to queue
[2026-02-13T22:27:05.532+0000] {logging_mixin.py:137} INFO - [2026-02-13T22:27:05.532+0000] {dagbag.py:538} INFO - Filling up the DagBag from /home/airflow/.local/lib/python3.7/site-packages/airflow/example_dags/example_latest_only.py
[2026-02-13T22:27:05.539+0000] {processor.py:753} INFO - DAG(s) dict_keys(['latest_only']) retrieved from /home/airflow/.local/lib/python3.7/site-packages/airflow/example_dags/example_latest_only.py
[2026-02-13T22:27:05.550+0000] {logging_mixin.py:137} INFO - [2026-02-13T22:27:05.550+0000] {dag.py:2690} INFO - Sync 1 DAGs
[2026-02-13T22:27:05.561+0000] {logging_mixin.py:137} INFO - [2026-02-13T22:27:05.561+0000] {dag.py:3441} INFO - Setting next_dagrun for latest_only to 2026-02-13T18:27:05.560943+00:00, run_after=2026-02-13T22:27:05.560943+00:00
[2026-02-13T22:27:05.571+0000] {processor.py:175} INFO - Processing /home/airflow/.local/lib/python3.7/site-packages/airflow/example_dags/example_latest_only.py took 0.042 seconds
[2026-02-13T22:27:36.159+0000] {processor.py:153} INFO - Started process (PID=1197) to work on /home/airflow/.local/lib/python3.7/site-packages/airflow/example_dags/example_latest_only.py
[2026-02-13T22:27:36.160+0000] {processor.py:743} INFO - Processing file /home/airflow/.local/lib/python3.7/site-packages/airflow/example_dags/example_latest_only.py for tasks to queue
[2026-02-13T22:27:36.162+0000] {logging_mixin.py:137} INFO - [2026-02-13T22:27:36.162+0000] {dagbag.py:538} INFO - Filling up the DagBag from /home/airflow/.local/lib/python3.7/site-packages/airflow/example_dags/example_latest_only.py
[2026-02-13T22:27:36.171+0000] {processor.py:753} INFO - DAG(s) dict_keys(['latest_only']) retrieved from /home/airflow/.local/lib/python3.7/site-packages/airflow/example_dags/example_latest_only.py
[2026-02-13T22:27:36.181+0000] {logging_mixin.py:137} INFO - [2026-02-13T22:27:36.181+0000] {dag.py:2690} INFO - Sync 1 DAGs
[2026-02-13T22:27:36.191+0000] {logging_mixin.py:137} INFO - [2026-02-13T22:27:36.191+0000] {dag.py:3441} INFO - Setting next_dagrun for latest_only to 2026-02-13T18:27:36.191611+00:00, run_after=2026-02-13T22:27:36.191611+00:00
[2026-02-13T22:27:36.199+0000] {processor.py:175} INFO - Processing /home/airflow/.local/lib/python3.7/site-packages/airflow/example_dags/example_latest_only.py took 0.041 seconds
[2026-02-13T22:28:06.930+0000] {processor.py:153} INFO - Started process (PID=1270) to work on /home/airflow/.local/lib/python3.7/site-packages/airflow/example_dags/example_latest_only.py
[2026-02-13T22:28:06.931+0000] {processor.py:743} INFO - Processing file /home/airflow/.local/lib/python3.7/site-packages/airflow/example_dags/example_latest_only.py for tasks to queue
[2026-02-13T22:28:06.932+0000] {logging_mixin.py:137} INFO - [2026-02-13T22:28:06.931+0000] {dagbag.py:538} INFO - Filling up the DagBag from /home/airflow/.local/lib/python3.7/site-packages/airflow/example_dags/example_latest_only.py
[2026-02-13T22:28:06.938+0000] {processor.py:753} INFO - DAG(s) dict_keys(['latest_only']) retrieved from /home/airflow/.local/lib/python3.7/site-packages/airflow/example_dags/example_latest_only.py
[2026-02-13T22:28:06.950+0000] {logging_mixin.py:137} INFO - [2026-02-13T22:28:06.950+0000] {dag.py:2690} INFO - Sync 1 DAGs
[2026-02-13T22:28:06.962+0000] {logging_mixin.py:137} INFO - [2026-02-13T22:28:06.962+0000] {dag.py:3441} INFO - Setting next_dagrun for latest_only to 2026-02-13T18:28:06.962564+00:00, run_after=2026-02-13T22:28:06.962564+00:00
[2026-02-13T22:28:06.976+0000] {processor.py:175} INFO - Processing /home/airflow/.local/lib/python3.7/site-packages/airflow/example_dags/example_latest_only.py took 0.047 seconds
[2026-02-13T22:28:37.506+0000] {processor.py:153} INFO - Started process (PID=1359) to work on /home/airflow/.local/lib/python3.7/site-packages/airflow/example_dags/example_latest_only.py
[2026-02-13T22:28:37.507+0000] {processor.py:743} INFO - Processing file /home/airflow/.local/lib/python3.7/site-packages/airflow/example_dags/example_latest_only.py for tasks to queue
[2026-02-13T22:28:37.508+0000] {logging_mixin.py:137} INFO - [2026-02-13T22:28:37.508+0000] {dagbag.py:538} INFO - Filling up the DagBag from /home/airflow/.local/lib/python3.7/site-packages/airflow/example_dags/example_latest_only.py
[2026-02-13T22:28:37.515+0000] {processor.py:753} INFO - DAG(s) dict_keys(['latest_only']) retrieved from /home/airflow/.local/lib/python3.7/site-packages/airflow/example_dags/example_latest_only.py
[2026-02-13T22:28:37.530+0000] {logging_mixin.py:137} INFO - [2026-02-13T22:28:37.530+0000] {dag.py:2690} INFO - Sync 1 DAGs
[2026-02-13T22:28:37.541+0000] {logging_mixin.py:137} INFO - [2026-02-13T22:28:37.541+0000] {dag.py:3441} INFO - Setting next_dagrun for latest_only to 2026-02-13T18:28:37.540908+00:00, run_after=2026-02-13T22:28:37.540908+00:00
[2026-02-13T22:28:37.550+0000] {processor.py:175} INFO - Processing /home/airflow/.local/lib/python3.7/site-packages/airflow/example_dags/example_latest_only.py took 0.046 seconds
[2026-02-13T22:29:08.140+0000] {processor.py:153} INFO - Started process (PID=1448) to work on /home/airflow/.local/lib/python3.7/site-packages/airflow/example_dags/example_latest_only.py
[2026-02-13T22:29:08.140+0000] {processor.py:743} INFO - Processing file /home/airflow/.local/lib/python3.7/site-packages/airflow/example_dags/example_latest_only.py for tasks to queue
[2026-02-13T22:29:08.141+0000] {logging_mixin.py:137} INFO - [2026-02-13T22:29:08.141+0000] {dagbag.py:538} INFO - Filling up the DagBag from /home/airflow/.local/lib/python3.7/site-packages/airflow/example_dags/example_latest_only.py
[2026-02-13T22:29:08.150+0000] {processor.py:753} INFO - DAG(s) dict_keys(['latest_only']) retrieved from /home/airflow/.local/lib/python3.7/site-packages/airflow/example_dags/example_latest_only.py
[2026-02-13T22:29:08.162+0000] {logging_mixin.py:137} INFO - [2026-02-13T22:29:08.162+0000] {dag.py:2690} INFO - Sync 1 DAGs
[2026-02-13T22:29:08.174+0000] {logging_mixin.py:137} INFO - [2026-02-13T22:29:08.174+0000] {dag.py:3441} INFO - Setting next_dagrun for latest_only to 2026-02-13T18:29:08.174300+00:00, run_after=2026-02-13T22:29:08.174300+00:00
[2026-02-13T22:29:08.187+0000] {processor.py:175} INFO - Processing /home/airflow/.local/lib/python3.7/site-packages/airflow/example_dags/example_latest_only.py took 0.049 seconds
[2026-02-13T22:29:38.796+0000] {processor.py:153} INFO - Started process (PID=1537) to work on /home/airflow/.local/lib/python3.7/site-packages/airflow/example_dags/example_latest_only.py
[2026-02-13T22:29:38.797+0000] {processor.py:743} INFO - Processing file /home/airflow/.local/lib/python3.7/site-packages/airflow/example_dags/example_latest_only.py for tasks to queue
[2026-02-13T22:29:38.797+0000] {logging_mixin.py:137} INFO - [2026-02-13T22:29:38.797+0000] {dagbag.py:538} INFO - Filling up the DagBag from /home/airflow/.local/lib/python3.7/site-packages/airflow/example_dags/example_latest_only.py
[2026-02-13T22:29:38.801+0000] {processor.py:753} INFO - DAG(s) dict_keys(['latest_only']) retrieved from /home/airflow/.local/lib/python3.7/site-packages/airflow/example_dags/example_latest_only.py
[2026-02-13T22:29:38.810+0000] {logging_mixin.py:137} INFO - [2026-02-13T22:29:38.810+0000] {dag.py:2690} INFO - Sync 1 DAGs
[2026-02-13T22:29:38.819+0000] {logging_mixin.py:137} INFO - [2026-02-13T22:29:38.819+0000] {dag.py:3441} INFO - Setting next_dagrun for latest_only to 2026-02-13T18:29:38.819663+00:00, run_after=2026-02-13T22:29:38.819663+00:00
[2026-02-13T22:29:38.825+0000] {processor.py:175} INFO - Processing /home/airflow/.local/lib/python3.7/site-packages/airflow/example_dags/example_latest_only.py took 0.030 seconds
[2026-02-13T22:30:09.424+0000] {processor.py:153} INFO - Started process (PID=1610) to work on /home/airflow/.local/lib/python3.7/site-packages/airflow/example_dags/example_latest_only.py
[2026-02-13T22:30:09.428+0000] {processor.py:743} INFO - Processing file /home/airflow/.local/lib/python3.7/site-packages/airflow/example_dags/example_latest_only.py for tasks to queue
[2026-02-13T22:30:09.428+0000] {logging_mixin.py:137} INFO - [2026-02-13T22:30:09.428+0000] {dagbag.py:538} INFO - Filling up the DagBag from /home/airflow/.local/lib/python3.7/site-packages/airflow/example_dags/example_latest_only.py
[2026-02-13T22:30:09.433+0000] {processor.py:753} INFO - DAG(s) dict_keys(['latest_only']) retrieved from /home/airflow/.local/lib/python3.7/site-packages/airflow/example_dags/example_latest_only.py
[2026-02-13T22:30:09.443+0000] {logging_mixin.py:137} INFO - [2026-02-13T22:30:09.443+0000] {dag.py:2690} INFO - Sync 1 DAGs
[2026-02-13T22:30:09.453+0000] {logging_mixin.py:137} INFO - [2026-02-13T22:30:09.453+0000] {dag.py:3441} INFO - Setting next_dagrun for latest_only to 2026-02-13T18:30:09.453012+00:00, run_after=2026-02-13T22:30:09.453012+00:00
[2026-02-13T22:30:09.463+0000] {processor.py:175} INFO - Processing /home/airflow/.local/lib/python3.7/site-packages/airflow/example_dags/example_latest_only.py took 0.041 seconds
[2026-02-13T22:30:40.218+0000] {processor.py:153} INFO - Started process (PID=1699) to work on /home/airflow/.local/lib/python3.7/site-packages/airflow/example_dags/example_latest_only.py
[2026-02-13T22:30:40.219+0000] {processor.py:743} INFO - Processing file /home/airflow/.local/lib/python3.7/site-packages/airflow/example_dags/example_latest_only.py for tasks to queue
[2026-02-13T22:30:40.220+0000] {logging_mixin.py:137} INFO - [2026-02-13T22:30:40.220+0000] {dagbag.py:538} INFO - Filling up the DagBag from /home/airflow/.local/lib/python3.7/site-packages/airflow/example_dags/example_latest_only.py
[2026-02-13T22:30:40.227+0000] {processor.py:753} INFO - DAG(s) dict_keys(['latest_only']) retrieved from /home/airflow/.local/lib/python3.7/site-packages/airflow/example_dags/example_latest_only.py
[2026-02-13T22:30:40.242+0000] {logging_mixin.py:137} INFO - [2026-02-13T22:30:40.242+0000] {dag.py:2690} INFO - Sync 1 DAGs
[2026-02-13T22:30:40.256+0000] {logging_mixin.py:137} INFO - [2026-02-13T22:30:40.256+0000] {dag.py:3441} INFO - Setting next_dagrun for latest_only to 2026-02-13T18:30:40.256530+00:00, run_after=2026-02-13T22:30:40.256530+00:00
[2026-02-13T22:30:40.267+0000] {processor.py:175} INFO - Processing /home/airflow/.local/lib/python3.7/site-packages/airflow/example_dags/example_latest_only.py took 0.050 seconds
[2026-02-13T22:31:10.850+0000] {processor.py:153} INFO - Started process (PID=1788) to work on /home/airflow/.local/lib/python3.7/site-packages/airflow/example_dags/example_latest_only.py
[2026-02-13T22:31:10.850+0000] {processor.py:743} INFO - Processing file /home/airflow/.local/lib/python3.7/site-packages/airflow/example_dags/example_latest_only.py for tasks to queue
[2026-02-13T22:31:10.851+0000] {logging_mixin.py:137} INFO - [2026-02-13T22:31:10.851+0000] {dagbag.py:538} INFO - Filling up the DagBag from /home/airflow/.local/lib/python3.7/site-packages/airflow/example_dags/example_latest_only.py
[2026-02-13T22:31:10.856+0000] {processor.py:753} INFO - DAG(s) dict_keys(['latest_only']) retrieved from /home/airflow/.local/lib/python3.7/site-packages/airflow/example_dags/example_latest_only.py
[2026-02-13T22:31:10.865+0000] {logging_mixin.py:137} INFO - [2026-02-13T22:31:10.865+0000] {dag.py:2690} INFO - Sync 1 DAGs
[2026-02-13T22:31:10.874+0000] {logging_mixin.py:137} INFO - [2026-02-13T22:31:10.874+0000] {dag.py:3441} INFO - Setting next_dagrun for latest_only to 2026-02-13T18:31:10.874764+00:00, run_after=2026-02-13T22:31:10.874764+00:00
[2026-02-13T22:31:10.882+0000] {processor.py:175} INFO - Processing /home/airflow/.local/lib/python3.7/site-packages/airflow/example_dags/example_latest_only.py took 0.033 seconds
[2026-02-13T22:31:41.467+0000] {processor.py:153} INFO - Started process (PID=1877) to work on /home/airflow/.local/lib/python3.7/site-packages/airflow/example_dags/example_latest_only.py
[2026-02-13T22:31:41.469+0000] {processor.py:743} INFO - Processing file /home/airflow/.local/lib/python3.7/site-packages/airflow/example_dags/example_latest_only.py for tasks to queue
[2026-02-13T22:31:41.470+0000] {logging_mixin.py:137} INFO - [2026-02-13T22:31:41.470+0000] {dagbag.py:538} INFO - Filling up the DagBag from /home/airflow/.local/lib/python3.7/site-packages/airflow/example_dags/example_latest_only.py
[2026-02-13T22:31:41.487+0000] {processor.py:753} INFO - DAG(s) dict_keys(['latest_only']) retrieved from /home/airflow/.local/lib/python3.7/site-packages/airflow/example_dags/example_latest_only.py
[2026-02-13T22:31:41.511+0000] {logging_mixin.py:137} INFO - [2026-02-13T22:31:41.510+0000] {dag.py:2690} INFO - Sync 1 DAGs
[2026-02-13T22:31:41.529+0000] {logging_mixin.py:137} INFO - [2026-02-13T22:31:41.529+0000] {dag.py:3441} INFO - Setting next_dagrun for latest_only to 2026-02-13T18:31:41.529528+00:00, run_after=2026-02-13T22:31:41.529528+00:00
[2026-02-13T22:31:41.545+0000] {processor.py:175} INFO - Processing /home/airflow/.local/lib/python3.7/site-packages/airflow/example_dags/example_latest_only.py took 0.081 seconds
[2026-02-13T22:32:12.306+0000] {processor.py:153} INFO - Started process (PID=1955) to work on /home/airflow/.local/lib/python3.7/site-packages/airflow/example_dags/example_latest_only.py
[2026-02-13T22:32:12.307+0000] {processor.py:743} INFO - Processing file /home/airflow/.local/lib/python3.7/site-packages/airflow/example_dags/example_latest_only.py for tasks to queue
[2026-02-13T22:32:12.307+0000] {logging_mixin.py:137} INFO - [2026-02-13T22:32:12.307+0000] {dagbag.py:538} INFO - Filling up the DagBag from /home/airflow/.local/lib/python3.7/site-packages/airflow/example_dags/example_latest_only.py
[2026-02-13T22:32:12.316+0000] {processor.py:753} INFO - DAG(s) dict_keys(['latest_only']) retrieved from /home/airflow/.local/lib/python3.7/site-packages/airflow/example_dags/example_latest_only.py
[2026-02-13T22:32:12.329+0000] {logging_mixin.py:137} INFO - [2026-02-13T22:32:12.329+0000] {dag.py:2690} INFO - Sync 1 DAGs
[2026-02-13T22:32:12.343+0000] {logging_mixin.py:137} INFO - [2026-02-13T22:32:12.343+0000] {dag.py:3441} INFO - Setting next_dagrun for latest_only to 2026-02-13T18:32:12.343301+00:00, run_after=2026-02-13T22:32:12.343301+00:00
[2026-02-13T22:32:12.364+0000] {processor.py:175} INFO - Processing /home/airflow/.local/lib/python3.7/site-packages/airflow/example_dags/example_latest_only.py took 0.059 seconds
[2026-02-13T22:32:42.619+0000] {processor.py:153} INFO - Started process (PID=2038) to work on /home/airflow/.local/lib/python3.7/site-packages/airflow/example_dags/example_latest_only.py
[2026-02-13T22:32:42.620+0000] {processor.py:743} INFO - Processing file /home/airflow/.local/lib/python3.7/site-packages/airflow/example_dags/example_latest_only.py for tasks to queue
[2026-02-13T22:32:42.621+0000] {logging_mixin.py:137} INFO - [2026-02-13T22:32:42.621+0000] {dagbag.py:538} INFO - Filling up the DagBag from /home/airflow/.local/lib/python3.7/site-packages/airflow/example_dags/example_latest_only.py
[2026-02-13T22:32:42.627+0000] {processor.py:753} INFO - DAG(s) dict_keys(['latest_only']) retrieved from /home/airflow/.local/lib/python3.7/site-packages/airflow/example_dags/example_latest_only.py
[2026-02-13T22:32:42.641+0000] {logging_mixin.py:137} INFO - [2026-02-13T22:32:42.640+0000] {dag.py:2690} INFO - Sync 1 DAGs
[2026-02-13T22:32:42.658+0000] {logging_mixin.py:137} INFO - [2026-02-13T22:32:42.658+0000] {dag.py:3441} INFO - Setting next_dagrun for latest_only to 2026-02-13T18:32:42.657994+00:00, run_after=2026-02-13T22:32:42.657994+00:00
[2026-02-13T22:32:42.669+0000] {processor.py:175} INFO - Processing /home/airflow/.local/lib/python3.7/site-packages/airflow/example_dags/example_latest_only.py took 0.051 seconds
[2026-02-13T22:34:03.840+0000] {processor.py:153} INFO - Started process (PID=89) to work on /home/airflow/.local/lib/python3.7/site-packages/airflow/example_dags/example_latest_only.py
[2026-02-13T22:34:03.842+0000] {processor.py:743} INFO - Processing file /home/airflow/.local/lib/python3.7/site-packages/airflow/example_dags/example_latest_only.py for tasks to queue
[2026-02-13T22:34:03.843+0000] {logging_mixin.py:137} INFO - [2026-02-13T22:34:03.843+0000] {dagbag.py:538} INFO - Filling up the DagBag from /home/airflow/.local/lib/python3.7/site-packages/airflow/example_dags/example_latest_only.py
[2026-02-13T22:34:03.874+0000] {processor.py:753} INFO - DAG(s) dict_keys(['latest_only']) retrieved from /home/airflow/.local/lib/python3.7/site-packages/airflow/example_dags/example_latest_only.py
[2026-02-13T22:34:03.928+0000] {logging_mixin.py:137} INFO - [2026-02-13T22:34:03.928+0000] {dag.py:2690} INFO - Sync 1 DAGs
[2026-02-13T22:34:03.962+0000] {logging_mixin.py:137} INFO - [2026-02-13T22:34:03.962+0000] {dag.py:3441} INFO - Setting next_dagrun for latest_only to 2026-02-13T18:34:03.961849+00:00, run_after=2026-02-13T22:34:03.961849+00:00
[2026-02-13T22:34:03.978+0000] {processor.py:175} INFO - Processing /home/airflow/.local/lib/python3.7/site-packages/airflow/example_dags/example_latest_only.py took 0.142 seconds
[2026-02-13T22:34:35.046+0000] {processor.py:153} INFO - Started process (PID=180) to work on /home/airflow/.local/lib/python3.7/site-packages/airflow/example_dags/example_latest_only.py
[2026-02-13T22:34:35.049+0000] {processor.py:743} INFO - Processing file /home/airflow/.local/lib/python3.7/site-packages/airflow/example_dags/example_latest_only.py for tasks to queue
[2026-02-13T22:34:35.050+0000] {logging_mixin.py:137} INFO - [2026-02-13T22:34:35.050+0000] {dagbag.py:538} INFO - Filling up the DagBag from /home/airflow/.local/lib/python3.7/site-packages/airflow/example_dags/example_latest_only.py
[2026-02-13T22:34:35.060+0000] {processor.py:753} INFO - DAG(s) dict_keys(['latest_only']) retrieved from /home/airflow/.local/lib/python3.7/site-packages/airflow/example_dags/example_latest_only.py
[2026-02-13T22:34:35.077+0000] {logging_mixin.py:137} INFO - [2026-02-13T22:34:35.077+0000] {dag.py:2690} INFO - Sync 1 DAGs
[2026-02-13T22:34:35.092+0000] {logging_mixin.py:137} INFO - [2026-02-13T22:34:35.092+0000] {dag.py:3441} INFO - Setting next_dagrun for latest_only to 2026-02-13T18:34:35.091988+00:00, run_after=2026-02-13T22:34:35.091988+00:00
[2026-02-13T22:34:35.099+0000] {processor.py:175} INFO - Processing /home/airflow/.local/lib/python3.7/site-packages/airflow/example_dags/example_latest_only.py took 0.056 seconds
[2026-02-13T22:35:06.136+0000] {processor.py:153} INFO - Started process (PID=255) to work on /home/airflow/.local/lib/python3.7/site-packages/airflow/example_dags/example_latest_only.py
[2026-02-13T22:35:06.138+0000] {processor.py:743} INFO - Processing file /home/airflow/.local/lib/python3.7/site-packages/airflow/example_dags/example_latest_only.py for tasks to queue
[2026-02-13T22:35:06.138+0000] {logging_mixin.py:137} INFO - [2026-02-13T22:35:06.138+0000] {dagbag.py:538} INFO - Filling up the DagBag from /home/airflow/.local/lib/python3.7/site-packages/airflow/example_dags/example_latest_only.py
[2026-02-13T22:35:06.145+0000] {processor.py:753} INFO - DAG(s) dict_keys(['latest_only']) retrieved from /home/airflow/.local/lib/python3.7/site-packages/airflow/example_dags/example_latest_only.py
[2026-02-13T22:35:06.162+0000] {logging_mixin.py:137} INFO - [2026-02-13T22:35:06.162+0000] {dag.py:2690} INFO - Sync 1 DAGs
[2026-02-13T22:35:06.174+0000] {logging_mixin.py:137} INFO - [2026-02-13T22:35:06.174+0000] {dag.py:3441} INFO - Setting next_dagrun for latest_only to 2026-02-13T18:35:06.174360+00:00, run_after=2026-02-13T22:35:06.174360+00:00
[2026-02-13T22:35:06.184+0000] {processor.py:175} INFO - Processing /home/airflow/.local/lib/python3.7/site-packages/airflow/example_dags/example_latest_only.py took 0.050 seconds
[2026-02-13T22:35:36.972+0000] {processor.py:153} INFO - Started process (PID=347) to work on /home/airflow/.local/lib/python3.7/site-packages/airflow/example_dags/example_latest_only.py
[2026-02-13T22:35:36.972+0000] {processor.py:743} INFO - Processing file /home/airflow/.local/lib/python3.7/site-packages/airflow/example_dags/example_latest_only.py for tasks to queue
[2026-02-13T22:35:36.972+0000] {logging_mixin.py:137} INFO - [2026-02-13T22:35:36.972+0000] {dagbag.py:538} INFO - Filling up the DagBag from /home/airflow/.local/lib/python3.7/site-packages/airflow/example_dags/example_latest_only.py
[2026-02-13T22:35:36.978+0000] {processor.py:753} INFO - DAG(s) dict_keys(['latest_only']) retrieved from /home/airflow/.local/lib/python3.7/site-packages/airflow/example_dags/example_latest_only.py
[2026-02-13T22:35:36.997+0000] {logging_mixin.py:137} INFO - [2026-02-13T22:35:36.997+0000] {dag.py:2690} INFO - Sync 1 DAGs
[2026-02-13T22:35:37.008+0000] {logging_mixin.py:137} INFO - [2026-02-13T22:35:37.008+0000] {dag.py:3441} INFO - Setting next_dagrun for latest_only to 2026-02-13T18:35:37.008716+00:00, run_after=2026-02-13T22:35:37.008716+00:00
[2026-02-13T22:35:37.018+0000] {processor.py:175} INFO - Processing /home/airflow/.local/lib/python3.7/site-packages/airflow/example_dags/example_latest_only.py took 0.048 seconds
[2026-02-13T22:36:07.893+0000] {processor.py:153} INFO - Started process (PID=438) to work on /home/airflow/.local/lib/python3.7/site-packages/airflow/example_dags/example_latest_only.py
[2026-02-13T22:36:07.893+0000] {processor.py:743} INFO - Processing file /home/airflow/.local/lib/python3.7/site-packages/airflow/example_dags/example_latest_only.py for tasks to queue
[2026-02-13T22:36:07.894+0000] {logging_mixin.py:137} INFO - [2026-02-13T22:36:07.894+0000] {dagbag.py:538} INFO - Filling up the DagBag from /home/airflow/.local/lib/python3.7/site-packages/airflow/example_dags/example_latest_only.py
[2026-02-13T22:36:07.903+0000] {processor.py:753} INFO - DAG(s) dict_keys(['latest_only']) retrieved from /home/airflow/.local/lib/python3.7/site-packages/airflow/example_dags/example_latest_only.py
[2026-02-13T22:36:07.914+0000] {logging_mixin.py:137} INFO - [2026-02-13T22:36:07.914+0000] {dag.py:2690} INFO - Sync 1 DAGs
[2026-02-13T22:36:07.925+0000] {logging_mixin.py:137} INFO - [2026-02-13T22:36:07.925+0000] {dag.py:3441} INFO - Setting next_dagrun for latest_only to 2026-02-13T18:36:07.925658+00:00, run_after=2026-02-13T22:36:07.925658+00:00
[2026-02-13T22:36:07.941+0000] {processor.py:175} INFO - Processing /home/airflow/.local/lib/python3.7/site-packages/airflow/example_dags/example_latest_only.py took 0.050 seconds
[2026-02-13T22:36:38.682+0000] {processor.py:153} INFO - Started process (PID=530) to work on /home/airflow/.local/lib/python3.7/site-packages/airflow/example_dags/example_latest_only.py
[2026-02-13T22:36:38.682+0000] {processor.py:743} INFO - Processing file /home/airflow/.local/lib/python3.7/site-packages/airflow/example_dags/example_latest_only.py for tasks to queue
[2026-02-13T22:36:38.683+0000] {logging_mixin.py:137} INFO - [2026-02-13T22:36:38.683+0000] {dagbag.py:538} INFO - Filling up the DagBag from /home/airflow/.local/lib/python3.7/site-packages/airflow/example_dags/example_latest_only.py
[2026-02-13T22:36:38.688+0000] {processor.py:753} INFO - DAG(s) dict_keys(['latest_only']) retrieved from /home/airflow/.local/lib/python3.7/site-packages/airflow/example_dags/example_latest_only.py
[2026-02-13T22:36:38.697+0000] {logging_mixin.py:137} INFO - [2026-02-13T22:36:38.697+0000] {dag.py:2690} INFO - Sync 1 DAGs
[2026-02-13T22:36:38.705+0000] {logging_mixin.py:137} INFO - [2026-02-13T22:36:38.705+0000] {dag.py:3441} INFO - Setting next_dagrun for latest_only to 2026-02-13T18:36:38.705529+00:00, run_after=2026-02-13T22:36:38.705529+00:00
[2026-02-13T22:36:38.711+0000] {processor.py:175} INFO - Processing /home/airflow/.local/lib/python3.7/site-packages/airflow/example_dags/example_latest_only.py took 0.030 seconds
