[2026-02-13T21:49:32.013+0000] {processor.py:153} INFO - Started process (PID=62) to work on /home/airflow/.local/lib/python3.7/site-packages/airflow/example_dags/example_branch_operator_decorator.py
[2026-02-13T21:49:32.015+0000] {processor.py:743} INFO - Processing file /home/airflow/.local/lib/python3.7/site-packages/airflow/example_dags/example_branch_operator_decorator.py for tasks to queue
[2026-02-13T21:49:32.015+0000] {logging_mixin.py:137} INFO - [2026-02-13T21:49:32.015+0000] {dagbag.py:538} INFO - Filling up the DagBag from /home/airflow/.local/lib/python3.7/site-packages/airflow/example_dags/example_branch_operator_decorator.py
[2026-02-13T21:49:32.040+0000] {processor.py:753} INFO - DAG(s) dict_keys(['example_branch_python_operator_decorator']) retrieved from /home/airflow/.local/lib/python3.7/site-packages/airflow/example_dags/example_branch_operator_decorator.py
[2026-02-13T21:49:32.049+0000] {logging_mixin.py:137} INFO - [2026-02-13T21:49:32.049+0000] {dag.py:2690} INFO - Sync 1 DAGs
[2026-02-13T21:49:32.065+0000] {logging_mixin.py:137} INFO - [2026-02-13T21:49:32.065+0000] {dag.py:3441} INFO - Setting next_dagrun for example_branch_python_operator_decorator to 2026-02-12T00:00:00+00:00, run_after=2026-02-13T00:00:00+00:00
[2026-02-13T21:49:32.074+0000] {processor.py:175} INFO - Processing /home/airflow/.local/lib/python3.7/site-packages/airflow/example_dags/example_branch_operator_decorator.py took 0.063 seconds
[2026-02-13T21:50:02.644+0000] {processor.py:153} INFO - Started process (PID=150) to work on /home/airflow/.local/lib/python3.7/site-packages/airflow/example_dags/example_branch_operator_decorator.py
[2026-02-13T21:50:02.644+0000] {processor.py:743} INFO - Processing file /home/airflow/.local/lib/python3.7/site-packages/airflow/example_dags/example_branch_operator_decorator.py for tasks to queue
[2026-02-13T21:50:02.645+0000] {logging_mixin.py:137} INFO - [2026-02-13T21:50:02.645+0000] {dagbag.py:538} INFO - Filling up the DagBag from /home/airflow/.local/lib/python3.7/site-packages/airflow/example_dags/example_branch_operator_decorator.py
[2026-02-13T21:50:02.656+0000] {processor.py:753} INFO - DAG(s) dict_keys(['example_branch_python_operator_decorator']) retrieved from /home/airflow/.local/lib/python3.7/site-packages/airflow/example_dags/example_branch_operator_decorator.py
[2026-02-13T21:50:02.670+0000] {logging_mixin.py:137} INFO - [2026-02-13T21:50:02.670+0000] {dag.py:2690} INFO - Sync 1 DAGs
[2026-02-13T21:50:02.681+0000] {logging_mixin.py:137} INFO - [2026-02-13T21:50:02.681+0000] {dag.py:3441} INFO - Setting next_dagrun for example_branch_python_operator_decorator to 2026-02-12T00:00:00+00:00, run_after=2026-02-13T00:00:00+00:00
[2026-02-13T21:50:02.691+0000] {processor.py:175} INFO - Processing /home/airflow/.local/lib/python3.7/site-packages/airflow/example_dags/example_branch_operator_decorator.py took 0.048 seconds
[2026-02-13T21:50:33.274+0000] {processor.py:153} INFO - Started process (PID=239) to work on /home/airflow/.local/lib/python3.7/site-packages/airflow/example_dags/example_branch_operator_decorator.py
[2026-02-13T21:50:33.275+0000] {processor.py:743} INFO - Processing file /home/airflow/.local/lib/python3.7/site-packages/airflow/example_dags/example_branch_operator_decorator.py for tasks to queue
[2026-02-13T21:50:33.275+0000] {logging_mixin.py:137} INFO - [2026-02-13T21:50:33.275+0000] {dagbag.py:538} INFO - Filling up the DagBag from /home/airflow/.local/lib/python3.7/site-packages/airflow/example_dags/example_branch_operator_decorator.py
[2026-02-13T21:50:33.290+0000] {processor.py:753} INFO - DAG(s) dict_keys(['example_branch_python_operator_decorator']) retrieved from /home/airflow/.local/lib/python3.7/site-packages/airflow/example_dags/example_branch_operator_decorator.py
[2026-02-13T21:50:33.308+0000] {logging_mixin.py:137} INFO - [2026-02-13T21:50:33.308+0000] {dag.py:2690} INFO - Sync 1 DAGs
[2026-02-13T21:50:33.320+0000] {logging_mixin.py:137} INFO - [2026-02-13T21:50:33.320+0000] {dag.py:3441} INFO - Setting next_dagrun for example_branch_python_operator_decorator to 2026-02-12T00:00:00+00:00, run_after=2026-02-13T00:00:00+00:00
[2026-02-13T21:50:33.334+0000] {processor.py:175} INFO - Processing /home/airflow/.local/lib/python3.7/site-packages/airflow/example_dags/example_branch_operator_decorator.py took 0.061 seconds
[2026-02-13T21:51:03.784+0000] {processor.py:153} INFO - Started process (PID=311) to work on /home/airflow/.local/lib/python3.7/site-packages/airflow/example_dags/example_branch_operator_decorator.py
[2026-02-13T21:51:03.786+0000] {processor.py:743} INFO - Processing file /home/airflow/.local/lib/python3.7/site-packages/airflow/example_dags/example_branch_operator_decorator.py for tasks to queue
[2026-02-13T21:51:03.786+0000] {logging_mixin.py:137} INFO - [2026-02-13T21:51:03.786+0000] {dagbag.py:538} INFO - Filling up the DagBag from /home/airflow/.local/lib/python3.7/site-packages/airflow/example_dags/example_branch_operator_decorator.py
[2026-02-13T21:51:03.797+0000] {processor.py:753} INFO - DAG(s) dict_keys(['example_branch_python_operator_decorator']) retrieved from /home/airflow/.local/lib/python3.7/site-packages/airflow/example_dags/example_branch_operator_decorator.py
[2026-02-13T21:51:03.809+0000] {logging_mixin.py:137} INFO - [2026-02-13T21:51:03.809+0000] {dag.py:2690} INFO - Sync 1 DAGs
[2026-02-13T21:51:03.823+0000] {logging_mixin.py:137} INFO - [2026-02-13T21:51:03.823+0000] {dag.py:3441} INFO - Setting next_dagrun for example_branch_python_operator_decorator to 2026-02-12T00:00:00+00:00, run_after=2026-02-13T00:00:00+00:00
[2026-02-13T21:51:03.836+0000] {processor.py:175} INFO - Processing /home/airflow/.local/lib/python3.7/site-packages/airflow/example_dags/example_branch_operator_decorator.py took 0.053 seconds
[2026-02-13T21:51:34.243+0000] {processor.py:153} INFO - Started process (PID=399) to work on /home/airflow/.local/lib/python3.7/site-packages/airflow/example_dags/example_branch_operator_decorator.py
[2026-02-13T21:51:34.244+0000] {processor.py:743} INFO - Processing file /home/airflow/.local/lib/python3.7/site-packages/airflow/example_dags/example_branch_operator_decorator.py for tasks to queue
[2026-02-13T21:51:34.244+0000] {logging_mixin.py:137} INFO - [2026-02-13T21:51:34.244+0000] {dagbag.py:538} INFO - Filling up the DagBag from /home/airflow/.local/lib/python3.7/site-packages/airflow/example_dags/example_branch_operator_decorator.py
[2026-02-13T21:51:34.254+0000] {processor.py:753} INFO - DAG(s) dict_keys(['example_branch_python_operator_decorator']) retrieved from /home/airflow/.local/lib/python3.7/site-packages/airflow/example_dags/example_branch_operator_decorator.py
[2026-02-13T21:51:34.271+0000] {logging_mixin.py:137} INFO - [2026-02-13T21:51:34.270+0000] {dag.py:2690} INFO - Sync 1 DAGs
[2026-02-13T21:51:34.286+0000] {logging_mixin.py:137} INFO - [2026-02-13T21:51:34.286+0000] {dag.py:3441} INFO - Setting next_dagrun for example_branch_python_operator_decorator to 2026-02-12T00:00:00+00:00, run_after=2026-02-13T00:00:00+00:00
[2026-02-13T21:51:34.295+0000] {processor.py:175} INFO - Processing /home/airflow/.local/lib/python3.7/site-packages/airflow/example_dags/example_branch_operator_decorator.py took 0.053 seconds
[2026-02-13T21:52:04.648+0000] {processor.py:153} INFO - Started process (PID=487) to work on /home/airflow/.local/lib/python3.7/site-packages/airflow/example_dags/example_branch_operator_decorator.py
[2026-02-13T21:52:04.649+0000] {processor.py:743} INFO - Processing file /home/airflow/.local/lib/python3.7/site-packages/airflow/example_dags/example_branch_operator_decorator.py for tasks to queue
[2026-02-13T21:52:04.649+0000] {logging_mixin.py:137} INFO - [2026-02-13T21:52:04.649+0000] {dagbag.py:538} INFO - Filling up the DagBag from /home/airflow/.local/lib/python3.7/site-packages/airflow/example_dags/example_branch_operator_decorator.py
[2026-02-13T21:52:04.661+0000] {processor.py:753} INFO - DAG(s) dict_keys(['example_branch_python_operator_decorator']) retrieved from /home/airflow/.local/lib/python3.7/site-packages/airflow/example_dags/example_branch_operator_decorator.py
[2026-02-13T21:52:04.674+0000] {logging_mixin.py:137} INFO - [2026-02-13T21:52:04.674+0000] {dag.py:2690} INFO - Sync 1 DAGs
[2026-02-13T21:52:04.685+0000] {logging_mixin.py:137} INFO - [2026-02-13T21:52:04.685+0000] {dag.py:3441} INFO - Setting next_dagrun for example_branch_python_operator_decorator to 2026-02-12T00:00:00+00:00, run_after=2026-02-13T00:00:00+00:00
[2026-02-13T21:52:04.698+0000] {processor.py:175} INFO - Processing /home/airflow/.local/lib/python3.7/site-packages/airflow/example_dags/example_branch_operator_decorator.py took 0.052 seconds
[2026-02-13T21:52:35.232+0000] {processor.py:153} INFO - Started process (PID=575) to work on /home/airflow/.local/lib/python3.7/site-packages/airflow/example_dags/example_branch_operator_decorator.py
[2026-02-13T21:52:35.233+0000] {processor.py:743} INFO - Processing file /home/airflow/.local/lib/python3.7/site-packages/airflow/example_dags/example_branch_operator_decorator.py for tasks to queue
[2026-02-13T21:52:35.234+0000] {logging_mixin.py:137} INFO - [2026-02-13T21:52:35.233+0000] {dagbag.py:538} INFO - Filling up the DagBag from /home/airflow/.local/lib/python3.7/site-packages/airflow/example_dags/example_branch_operator_decorator.py
[2026-02-13T21:52:35.244+0000] {processor.py:753} INFO - DAG(s) dict_keys(['example_branch_python_operator_decorator']) retrieved from /home/airflow/.local/lib/python3.7/site-packages/airflow/example_dags/example_branch_operator_decorator.py
[2026-02-13T21:52:35.257+0000] {logging_mixin.py:137} INFO - [2026-02-13T21:52:35.257+0000] {dag.py:2690} INFO - Sync 1 DAGs
[2026-02-13T21:52:35.272+0000] {logging_mixin.py:137} INFO - [2026-02-13T21:52:35.271+0000] {dag.py:3441} INFO - Setting next_dagrun for example_branch_python_operator_decorator to 2026-02-12T00:00:00+00:00, run_after=2026-02-13T00:00:00+00:00
[2026-02-13T21:52:35.282+0000] {processor.py:175} INFO - Processing /home/airflow/.local/lib/python3.7/site-packages/airflow/example_dags/example_branch_operator_decorator.py took 0.052 seconds
[2026-02-13T21:53:05.710+0000] {processor.py:153} INFO - Started process (PID=646) to work on /home/airflow/.local/lib/python3.7/site-packages/airflow/example_dags/example_branch_operator_decorator.py
[2026-02-13T21:53:05.711+0000] {processor.py:743} INFO - Processing file /home/airflow/.local/lib/python3.7/site-packages/airflow/example_dags/example_branch_operator_decorator.py for tasks to queue
[2026-02-13T21:53:05.711+0000] {logging_mixin.py:137} INFO - [2026-02-13T21:53:05.711+0000] {dagbag.py:538} INFO - Filling up the DagBag from /home/airflow/.local/lib/python3.7/site-packages/airflow/example_dags/example_branch_operator_decorator.py
[2026-02-13T21:53:05.723+0000] {processor.py:753} INFO - DAG(s) dict_keys(['example_branch_python_operator_decorator']) retrieved from /home/airflow/.local/lib/python3.7/site-packages/airflow/example_dags/example_branch_operator_decorator.py
[2026-02-13T21:53:05.737+0000] {logging_mixin.py:137} INFO - [2026-02-13T21:53:05.737+0000] {dag.py:2690} INFO - Sync 1 DAGs
[2026-02-13T21:53:05.748+0000] {logging_mixin.py:137} INFO - [2026-02-13T21:53:05.748+0000] {dag.py:3441} INFO - Setting next_dagrun for example_branch_python_operator_decorator to 2026-02-12T00:00:00+00:00, run_after=2026-02-13T00:00:00+00:00
[2026-02-13T21:53:05.759+0000] {processor.py:175} INFO - Processing /home/airflow/.local/lib/python3.7/site-packages/airflow/example_dags/example_branch_operator_decorator.py took 0.051 seconds
[2026-02-13T21:53:36.211+0000] {processor.py:153} INFO - Started process (PID=734) to work on /home/airflow/.local/lib/python3.7/site-packages/airflow/example_dags/example_branch_operator_decorator.py
[2026-02-13T21:53:36.212+0000] {processor.py:743} INFO - Processing file /home/airflow/.local/lib/python3.7/site-packages/airflow/example_dags/example_branch_operator_decorator.py for tasks to queue
[2026-02-13T21:53:36.212+0000] {logging_mixin.py:137} INFO - [2026-02-13T21:53:36.212+0000] {dagbag.py:538} INFO - Filling up the DagBag from /home/airflow/.local/lib/python3.7/site-packages/airflow/example_dags/example_branch_operator_decorator.py
[2026-02-13T21:53:36.226+0000] {processor.py:753} INFO - DAG(s) dict_keys(['example_branch_python_operator_decorator']) retrieved from /home/airflow/.local/lib/python3.7/site-packages/airflow/example_dags/example_branch_operator_decorator.py
[2026-02-13T21:53:36.240+0000] {logging_mixin.py:137} INFO - [2026-02-13T21:53:36.240+0000] {dag.py:2690} INFO - Sync 1 DAGs
[2026-02-13T21:53:36.256+0000] {logging_mixin.py:137} INFO - [2026-02-13T21:53:36.256+0000] {dag.py:3441} INFO - Setting next_dagrun for example_branch_python_operator_decorator to 2026-02-12T00:00:00+00:00, run_after=2026-02-13T00:00:00+00:00
[2026-02-13T21:53:36.268+0000] {processor.py:175} INFO - Processing /home/airflow/.local/lib/python3.7/site-packages/airflow/example_dags/example_branch_operator_decorator.py took 0.058 seconds
[2026-02-13T21:54:06.651+0000] {processor.py:153} INFO - Started process (PID=822) to work on /home/airflow/.local/lib/python3.7/site-packages/airflow/example_dags/example_branch_operator_decorator.py
[2026-02-13T21:54:06.652+0000] {processor.py:743} INFO - Processing file /home/airflow/.local/lib/python3.7/site-packages/airflow/example_dags/example_branch_operator_decorator.py for tasks to queue
[2026-02-13T21:54:06.652+0000] {logging_mixin.py:137} INFO - [2026-02-13T21:54:06.652+0000] {dagbag.py:538} INFO - Filling up the DagBag from /home/airflow/.local/lib/python3.7/site-packages/airflow/example_dags/example_branch_operator_decorator.py
[2026-02-13T21:54:06.662+0000] {processor.py:753} INFO - DAG(s) dict_keys(['example_branch_python_operator_decorator']) retrieved from /home/airflow/.local/lib/python3.7/site-packages/airflow/example_dags/example_branch_operator_decorator.py
[2026-02-13T21:54:06.671+0000] {logging_mixin.py:137} INFO - [2026-02-13T21:54:06.671+0000] {dag.py:2690} INFO - Sync 1 DAGs
[2026-02-13T21:54:06.681+0000] {logging_mixin.py:137} INFO - [2026-02-13T21:54:06.681+0000] {dag.py:3441} INFO - Setting next_dagrun for example_branch_python_operator_decorator to 2026-02-12T00:00:00+00:00, run_after=2026-02-13T00:00:00+00:00
[2026-02-13T21:54:06.687+0000] {processor.py:175} INFO - Processing /home/airflow/.local/lib/python3.7/site-packages/airflow/example_dags/example_branch_operator_decorator.py took 0.037 seconds
[2026-02-13T21:54:37.258+0000] {processor.py:153} INFO - Started process (PID=910) to work on /home/airflow/.local/lib/python3.7/site-packages/airflow/example_dags/example_branch_operator_decorator.py
[2026-02-13T21:54:37.259+0000] {processor.py:743} INFO - Processing file /home/airflow/.local/lib/python3.7/site-packages/airflow/example_dags/example_branch_operator_decorator.py for tasks to queue
[2026-02-13T21:54:37.260+0000] {logging_mixin.py:137} INFO - [2026-02-13T21:54:37.260+0000] {dagbag.py:538} INFO - Filling up the DagBag from /home/airflow/.local/lib/python3.7/site-packages/airflow/example_dags/example_branch_operator_decorator.py
[2026-02-13T21:54:37.274+0000] {processor.py:753} INFO - DAG(s) dict_keys(['example_branch_python_operator_decorator']) retrieved from /home/airflow/.local/lib/python3.7/site-packages/airflow/example_dags/example_branch_operator_decorator.py
[2026-02-13T21:54:37.290+0000] {logging_mixin.py:137} INFO - [2026-02-13T21:54:37.290+0000] {dag.py:2690} INFO - Sync 1 DAGs
[2026-02-13T21:54:37.304+0000] {logging_mixin.py:137} INFO - [2026-02-13T21:54:37.304+0000] {dag.py:3441} INFO - Setting next_dagrun for example_branch_python_operator_decorator to 2026-02-12T00:00:00+00:00, run_after=2026-02-13T00:00:00+00:00
[2026-02-13T21:54:37.314+0000] {processor.py:175} INFO - Processing /home/airflow/.local/lib/python3.7/site-packages/airflow/example_dags/example_branch_operator_decorator.py took 0.058 seconds
[2026-02-13T21:55:07.811+0000] {processor.py:153} INFO - Started process (PID=982) to work on /home/airflow/.local/lib/python3.7/site-packages/airflow/example_dags/example_branch_operator_decorator.py
[2026-02-13T21:55:07.813+0000] {processor.py:743} INFO - Processing file /home/airflow/.local/lib/python3.7/site-packages/airflow/example_dags/example_branch_operator_decorator.py for tasks to queue
[2026-02-13T21:55:07.814+0000] {logging_mixin.py:137} INFO - [2026-02-13T21:55:07.814+0000] {dagbag.py:538} INFO - Filling up the DagBag from /home/airflow/.local/lib/python3.7/site-packages/airflow/example_dags/example_branch_operator_decorator.py
[2026-02-13T21:55:07.828+0000] {processor.py:753} INFO - DAG(s) dict_keys(['example_branch_python_operator_decorator']) retrieved from /home/airflow/.local/lib/python3.7/site-packages/airflow/example_dags/example_branch_operator_decorator.py
[2026-02-13T21:55:07.844+0000] {logging_mixin.py:137} INFO - [2026-02-13T21:55:07.844+0000] {dag.py:2690} INFO - Sync 1 DAGs
[2026-02-13T21:55:07.858+0000] {logging_mixin.py:137} INFO - [2026-02-13T21:55:07.858+0000] {dag.py:3441} INFO - Setting next_dagrun for example_branch_python_operator_decorator to 2026-02-12T00:00:00+00:00, run_after=2026-02-13T00:00:00+00:00
[2026-02-13T21:55:07.874+0000] {processor.py:175} INFO - Processing /home/airflow/.local/lib/python3.7/site-packages/airflow/example_dags/example_branch_operator_decorator.py took 0.065 seconds
[2026-02-13T21:55:38.299+0000] {processor.py:153} INFO - Started process (PID=1070) to work on /home/airflow/.local/lib/python3.7/site-packages/airflow/example_dags/example_branch_operator_decorator.py
[2026-02-13T21:55:38.300+0000] {processor.py:743} INFO - Processing file /home/airflow/.local/lib/python3.7/site-packages/airflow/example_dags/example_branch_operator_decorator.py for tasks to queue
[2026-02-13T21:55:38.301+0000] {logging_mixin.py:137} INFO - [2026-02-13T21:55:38.301+0000] {dagbag.py:538} INFO - Filling up the DagBag from /home/airflow/.local/lib/python3.7/site-packages/airflow/example_dags/example_branch_operator_decorator.py
[2026-02-13T21:55:38.318+0000] {processor.py:753} INFO - DAG(s) dict_keys(['example_branch_python_operator_decorator']) retrieved from /home/airflow/.local/lib/python3.7/site-packages/airflow/example_dags/example_branch_operator_decorator.py
[2026-02-13T21:55:38.334+0000] {logging_mixin.py:137} INFO - [2026-02-13T21:55:38.334+0000] {dag.py:2690} INFO - Sync 1 DAGs
[2026-02-13T21:55:38.349+0000] {logging_mixin.py:137} INFO - [2026-02-13T21:55:38.349+0000] {dag.py:3441} INFO - Setting next_dagrun for example_branch_python_operator_decorator to 2026-02-12T00:00:00+00:00, run_after=2026-02-13T00:00:00+00:00
[2026-02-13T21:55:38.361+0000] {processor.py:175} INFO - Processing /home/airflow/.local/lib/python3.7/site-packages/airflow/example_dags/example_branch_operator_decorator.py took 0.063 seconds
[2026-02-13T21:56:08.812+0000] {processor.py:153} INFO - Started process (PID=1158) to work on /home/airflow/.local/lib/python3.7/site-packages/airflow/example_dags/example_branch_operator_decorator.py
[2026-02-13T21:56:08.813+0000] {processor.py:743} INFO - Processing file /home/airflow/.local/lib/python3.7/site-packages/airflow/example_dags/example_branch_operator_decorator.py for tasks to queue
[2026-02-13T21:56:08.813+0000] {logging_mixin.py:137} INFO - [2026-02-13T21:56:08.813+0000] {dagbag.py:538} INFO - Filling up the DagBag from /home/airflow/.local/lib/python3.7/site-packages/airflow/example_dags/example_branch_operator_decorator.py
[2026-02-13T21:56:08.824+0000] {processor.py:753} INFO - DAG(s) dict_keys(['example_branch_python_operator_decorator']) retrieved from /home/airflow/.local/lib/python3.7/site-packages/airflow/example_dags/example_branch_operator_decorator.py
[2026-02-13T21:56:08.841+0000] {logging_mixin.py:137} INFO - [2026-02-13T21:56:08.841+0000] {dag.py:2690} INFO - Sync 1 DAGs
[2026-02-13T21:56:08.854+0000] {logging_mixin.py:137} INFO - [2026-02-13T21:56:08.854+0000] {dag.py:3441} INFO - Setting next_dagrun for example_branch_python_operator_decorator to 2026-02-12T00:00:00+00:00, run_after=2026-02-13T00:00:00+00:00
[2026-02-13T21:56:08.864+0000] {processor.py:175} INFO - Processing /home/airflow/.local/lib/python3.7/site-packages/airflow/example_dags/example_branch_operator_decorator.py took 0.053 seconds
[2026-02-13T21:56:39.703+0000] {processor.py:153} INFO - Started process (PID=1246) to work on /home/airflow/.local/lib/python3.7/site-packages/airflow/example_dags/example_branch_operator_decorator.py
[2026-02-13T21:56:39.704+0000] {processor.py:743} INFO - Processing file /home/airflow/.local/lib/python3.7/site-packages/airflow/example_dags/example_branch_operator_decorator.py for tasks to queue
[2026-02-13T21:56:39.704+0000] {logging_mixin.py:137} INFO - [2026-02-13T21:56:39.704+0000] {dagbag.py:538} INFO - Filling up the DagBag from /home/airflow/.local/lib/python3.7/site-packages/airflow/example_dags/example_branch_operator_decorator.py
[2026-02-13T21:56:39.716+0000] {processor.py:753} INFO - DAG(s) dict_keys(['example_branch_python_operator_decorator']) retrieved from /home/airflow/.local/lib/python3.7/site-packages/airflow/example_dags/example_branch_operator_decorator.py
[2026-02-13T21:56:39.733+0000] {logging_mixin.py:137} INFO - [2026-02-13T21:56:39.732+0000] {dag.py:2690} INFO - Sync 1 DAGs
[2026-02-13T21:56:39.760+0000] {logging_mixin.py:137} INFO - [2026-02-13T21:56:39.760+0000] {dag.py:3441} INFO - Setting next_dagrun for example_branch_python_operator_decorator to 2026-02-12T00:00:00+00:00, run_after=2026-02-13T00:00:00+00:00
[2026-02-13T21:56:39.779+0000] {processor.py:175} INFO - Processing /home/airflow/.local/lib/python3.7/site-packages/airflow/example_dags/example_branch_operator_decorator.py took 0.077 seconds
[2026-02-13T22:01:04.154+0000] {processor.py:153} INFO - Started process (PID=60) to work on /home/airflow/.local/lib/python3.7/site-packages/airflow/example_dags/example_branch_operator_decorator.py
[2026-02-13T22:01:04.155+0000] {processor.py:743} INFO - Processing file /home/airflow/.local/lib/python3.7/site-packages/airflow/example_dags/example_branch_operator_decorator.py for tasks to queue
[2026-02-13T22:01:04.155+0000] {logging_mixin.py:137} INFO - [2026-02-13T22:01:04.155+0000] {dagbag.py:538} INFO - Filling up the DagBag from /home/airflow/.local/lib/python3.7/site-packages/airflow/example_dags/example_branch_operator_decorator.py
[2026-02-13T22:01:04.169+0000] {processor.py:753} INFO - DAG(s) dict_keys(['example_branch_python_operator_decorator']) retrieved from /home/airflow/.local/lib/python3.7/site-packages/airflow/example_dags/example_branch_operator_decorator.py
[2026-02-13T22:01:04.176+0000] {logging_mixin.py:137} INFO - [2026-02-13T22:01:04.176+0000] {dag.py:2690} INFO - Sync 1 DAGs
[2026-02-13T22:01:04.191+0000] {logging_mixin.py:137} INFO - [2026-02-13T22:01:04.191+0000] {dag.py:3441} INFO - Setting next_dagrun for example_branch_python_operator_decorator to 2026-02-12T00:00:00+00:00, run_after=2026-02-13T00:00:00+00:00
[2026-02-13T22:01:04.205+0000] {processor.py:175} INFO - Processing /home/airflow/.local/lib/python3.7/site-packages/airflow/example_dags/example_branch_operator_decorator.py took 0.053 seconds
[2026-02-13T22:01:34.854+0000] {processor.py:153} INFO - Started process (PID=147) to work on /home/airflow/.local/lib/python3.7/site-packages/airflow/example_dags/example_branch_operator_decorator.py
[2026-02-13T22:01:34.855+0000] {processor.py:743} INFO - Processing file /home/airflow/.local/lib/python3.7/site-packages/airflow/example_dags/example_branch_operator_decorator.py for tasks to queue
[2026-02-13T22:01:34.857+0000] {logging_mixin.py:137} INFO - [2026-02-13T22:01:34.857+0000] {dagbag.py:538} INFO - Filling up the DagBag from /home/airflow/.local/lib/python3.7/site-packages/airflow/example_dags/example_branch_operator_decorator.py
[2026-02-13T22:01:34.868+0000] {processor.py:753} INFO - DAG(s) dict_keys(['example_branch_python_operator_decorator']) retrieved from /home/airflow/.local/lib/python3.7/site-packages/airflow/example_dags/example_branch_operator_decorator.py
[2026-02-13T22:01:34.885+0000] {logging_mixin.py:137} INFO - [2026-02-13T22:01:34.885+0000] {dag.py:2690} INFO - Sync 1 DAGs
[2026-02-13T22:01:34.900+0000] {logging_mixin.py:137} INFO - [2026-02-13T22:01:34.900+0000] {dag.py:3441} INFO - Setting next_dagrun for example_branch_python_operator_decorator to 2026-02-12T00:00:00+00:00, run_after=2026-02-13T00:00:00+00:00
[2026-02-13T22:01:34.912+0000] {processor.py:175} INFO - Processing /home/airflow/.local/lib/python3.7/site-packages/airflow/example_dags/example_branch_operator_decorator.py took 0.059 seconds
[2026-02-13T22:02:05.383+0000] {processor.py:153} INFO - Started process (PID=237) to work on /home/airflow/.local/lib/python3.7/site-packages/airflow/example_dags/example_branch_operator_decorator.py
[2026-02-13T22:02:05.384+0000] {processor.py:743} INFO - Processing file /home/airflow/.local/lib/python3.7/site-packages/airflow/example_dags/example_branch_operator_decorator.py for tasks to queue
[2026-02-13T22:02:05.384+0000] {logging_mixin.py:137} INFO - [2026-02-13T22:02:05.384+0000] {dagbag.py:538} INFO - Filling up the DagBag from /home/airflow/.local/lib/python3.7/site-packages/airflow/example_dags/example_branch_operator_decorator.py
[2026-02-13T22:02:05.396+0000] {processor.py:753} INFO - DAG(s) dict_keys(['example_branch_python_operator_decorator']) retrieved from /home/airflow/.local/lib/python3.7/site-packages/airflow/example_dags/example_branch_operator_decorator.py
[2026-02-13T22:02:05.412+0000] {logging_mixin.py:137} INFO - [2026-02-13T22:02:05.412+0000] {dag.py:2690} INFO - Sync 1 DAGs
[2026-02-13T22:02:05.425+0000] {logging_mixin.py:137} INFO - [2026-02-13T22:02:05.425+0000] {dag.py:3441} INFO - Setting next_dagrun for example_branch_python_operator_decorator to 2026-02-12T00:00:00+00:00, run_after=2026-02-13T00:00:00+00:00
[2026-02-13T22:02:05.437+0000] {processor.py:175} INFO - Processing /home/airflow/.local/lib/python3.7/site-packages/airflow/example_dags/example_branch_operator_decorator.py took 0.056 seconds
[2026-02-13T22:02:35.982+0000] {processor.py:153} INFO - Started process (PID=309) to work on /home/airflow/.local/lib/python3.7/site-packages/airflow/example_dags/example_branch_operator_decorator.py
[2026-02-13T22:02:35.982+0000] {processor.py:743} INFO - Processing file /home/airflow/.local/lib/python3.7/site-packages/airflow/example_dags/example_branch_operator_decorator.py for tasks to queue
[2026-02-13T22:02:35.982+0000] {logging_mixin.py:137} INFO - [2026-02-13T22:02:35.982+0000] {dagbag.py:538} INFO - Filling up the DagBag from /home/airflow/.local/lib/python3.7/site-packages/airflow/example_dags/example_branch_operator_decorator.py
[2026-02-13T22:02:35.992+0000] {processor.py:753} INFO - DAG(s) dict_keys(['example_branch_python_operator_decorator']) retrieved from /home/airflow/.local/lib/python3.7/site-packages/airflow/example_dags/example_branch_operator_decorator.py
[2026-02-13T22:02:36.004+0000] {logging_mixin.py:137} INFO - [2026-02-13T22:02:36.004+0000] {dag.py:2690} INFO - Sync 1 DAGs
[2026-02-13T22:02:36.014+0000] {logging_mixin.py:137} INFO - [2026-02-13T22:02:36.014+0000] {dag.py:3441} INFO - Setting next_dagrun for example_branch_python_operator_decorator to 2026-02-12T00:00:00+00:00, run_after=2026-02-13T00:00:00+00:00
[2026-02-13T22:02:36.021+0000] {processor.py:175} INFO - Processing /home/airflow/.local/lib/python3.7/site-packages/airflow/example_dags/example_branch_operator_decorator.py took 0.041 seconds
[2026-02-13T22:03:30.310+0000] {processor.py:153} INFO - Started process (PID=60) to work on /home/airflow/.local/lib/python3.7/site-packages/airflow/example_dags/example_branch_operator_decorator.py
[2026-02-13T22:03:30.312+0000] {processor.py:743} INFO - Processing file /home/airflow/.local/lib/python3.7/site-packages/airflow/example_dags/example_branch_operator_decorator.py for tasks to queue
[2026-02-13T22:03:30.313+0000] {logging_mixin.py:137} INFO - [2026-02-13T22:03:30.313+0000] {dagbag.py:538} INFO - Filling up the DagBag from /home/airflow/.local/lib/python3.7/site-packages/airflow/example_dags/example_branch_operator_decorator.py
[2026-02-13T22:03:30.337+0000] {processor.py:753} INFO - DAG(s) dict_keys(['example_branch_python_operator_decorator']) retrieved from /home/airflow/.local/lib/python3.7/site-packages/airflow/example_dags/example_branch_operator_decorator.py
[2026-02-13T22:03:30.349+0000] {logging_mixin.py:137} INFO - [2026-02-13T22:03:30.349+0000] {dag.py:2690} INFO - Sync 1 DAGs
[2026-02-13T22:03:30.365+0000] {logging_mixin.py:137} INFO - [2026-02-13T22:03:30.365+0000] {dag.py:3441} INFO - Setting next_dagrun for example_branch_python_operator_decorator to 2026-02-12T00:00:00+00:00, run_after=2026-02-13T00:00:00+00:00
[2026-02-13T22:03:30.382+0000] {processor.py:175} INFO - Processing /home/airflow/.local/lib/python3.7/site-packages/airflow/example_dags/example_branch_operator_decorator.py took 0.074 seconds
[2026-02-13T22:04:01.183+0000] {processor.py:153} INFO - Started process (PID=147) to work on /home/airflow/.local/lib/python3.7/site-packages/airflow/example_dags/example_branch_operator_decorator.py
[2026-02-13T22:04:01.185+0000] {processor.py:743} INFO - Processing file /home/airflow/.local/lib/python3.7/site-packages/airflow/example_dags/example_branch_operator_decorator.py for tasks to queue
[2026-02-13T22:04:01.186+0000] {logging_mixin.py:137} INFO - [2026-02-13T22:04:01.186+0000] {dagbag.py:538} INFO - Filling up the DagBag from /home/airflow/.local/lib/python3.7/site-packages/airflow/example_dags/example_branch_operator_decorator.py
[2026-02-13T22:04:01.200+0000] {processor.py:753} INFO - DAG(s) dict_keys(['example_branch_python_operator_decorator']) retrieved from /home/airflow/.local/lib/python3.7/site-packages/airflow/example_dags/example_branch_operator_decorator.py
[2026-02-13T22:04:01.220+0000] {logging_mixin.py:137} INFO - [2026-02-13T22:04:01.220+0000] {dag.py:2690} INFO - Sync 1 DAGs
[2026-02-13T22:04:01.235+0000] {logging_mixin.py:137} INFO - [2026-02-13T22:04:01.235+0000] {dag.py:3441} INFO - Setting next_dagrun for example_branch_python_operator_decorator to 2026-02-12T00:00:00+00:00, run_after=2026-02-13T00:00:00+00:00
[2026-02-13T22:04:01.252+0000] {processor.py:175} INFO - Processing /home/airflow/.local/lib/python3.7/site-packages/airflow/example_dags/example_branch_operator_decorator.py took 0.072 seconds
[2026-02-13T22:04:32.228+0000] {processor.py:153} INFO - Started process (PID=235) to work on /home/airflow/.local/lib/python3.7/site-packages/airflow/example_dags/example_branch_operator_decorator.py
[2026-02-13T22:04:32.231+0000] {processor.py:743} INFO - Processing file /home/airflow/.local/lib/python3.7/site-packages/airflow/example_dags/example_branch_operator_decorator.py for tasks to queue
[2026-02-13T22:04:32.232+0000] {logging_mixin.py:137} INFO - [2026-02-13T22:04:32.232+0000] {dagbag.py:538} INFO - Filling up the DagBag from /home/airflow/.local/lib/python3.7/site-packages/airflow/example_dags/example_branch_operator_decorator.py
[2026-02-13T22:04:32.245+0000] {processor.py:753} INFO - DAG(s) dict_keys(['example_branch_python_operator_decorator']) retrieved from /home/airflow/.local/lib/python3.7/site-packages/airflow/example_dags/example_branch_operator_decorator.py
[2026-02-13T22:04:32.267+0000] {logging_mixin.py:137} INFO - [2026-02-13T22:04:32.267+0000] {dag.py:2690} INFO - Sync 1 DAGs
[2026-02-13T22:04:32.281+0000] {logging_mixin.py:137} INFO - [2026-02-13T22:04:32.281+0000] {dag.py:3441} INFO - Setting next_dagrun for example_branch_python_operator_decorator to 2026-02-12T00:00:00+00:00, run_after=2026-02-13T00:00:00+00:00
[2026-02-13T22:04:32.294+0000] {processor.py:175} INFO - Processing /home/airflow/.local/lib/python3.7/site-packages/airflow/example_dags/example_branch_operator_decorator.py took 0.067 seconds
[2026-02-13T22:05:02.948+0000] {processor.py:153} INFO - Started process (PID=307) to work on /home/airflow/.local/lib/python3.7/site-packages/airflow/example_dags/example_branch_operator_decorator.py
[2026-02-13T22:05:02.949+0000] {processor.py:743} INFO - Processing file /home/airflow/.local/lib/python3.7/site-packages/airflow/example_dags/example_branch_operator_decorator.py for tasks to queue
[2026-02-13T22:05:02.949+0000] {logging_mixin.py:137} INFO - [2026-02-13T22:05:02.949+0000] {dagbag.py:538} INFO - Filling up the DagBag from /home/airflow/.local/lib/python3.7/site-packages/airflow/example_dags/example_branch_operator_decorator.py
[2026-02-13T22:05:02.959+0000] {processor.py:753} INFO - DAG(s) dict_keys(['example_branch_python_operator_decorator']) retrieved from /home/airflow/.local/lib/python3.7/site-packages/airflow/example_dags/example_branch_operator_decorator.py
[2026-02-13T22:05:02.969+0000] {logging_mixin.py:137} INFO - [2026-02-13T22:05:02.969+0000] {dag.py:2690} INFO - Sync 1 DAGs
[2026-02-13T22:05:02.978+0000] {logging_mixin.py:137} INFO - [2026-02-13T22:05:02.978+0000] {dag.py:3441} INFO - Setting next_dagrun for example_branch_python_operator_decorator to 2026-02-12T00:00:00+00:00, run_after=2026-02-13T00:00:00+00:00
[2026-02-13T22:05:02.984+0000] {processor.py:175} INFO - Processing /home/airflow/.local/lib/python3.7/site-packages/airflow/example_dags/example_branch_operator_decorator.py took 0.037 seconds
[2026-02-13T22:05:33.518+0000] {processor.py:153} INFO - Started process (PID=395) to work on /home/airflow/.local/lib/python3.7/site-packages/airflow/example_dags/example_branch_operator_decorator.py
[2026-02-13T22:05:33.518+0000] {processor.py:743} INFO - Processing file /home/airflow/.local/lib/python3.7/site-packages/airflow/example_dags/example_branch_operator_decorator.py for tasks to queue
[2026-02-13T22:05:33.518+0000] {logging_mixin.py:137} INFO - [2026-02-13T22:05:33.518+0000] {dagbag.py:538} INFO - Filling up the DagBag from /home/airflow/.local/lib/python3.7/site-packages/airflow/example_dags/example_branch_operator_decorator.py
[2026-02-13T22:05:33.528+0000] {processor.py:753} INFO - DAG(s) dict_keys(['example_branch_python_operator_decorator']) retrieved from /home/airflow/.local/lib/python3.7/site-packages/airflow/example_dags/example_branch_operator_decorator.py
[2026-02-13T22:05:33.538+0000] {logging_mixin.py:137} INFO - [2026-02-13T22:05:33.538+0000] {dag.py:2690} INFO - Sync 1 DAGs
[2026-02-13T22:05:33.547+0000] {logging_mixin.py:137} INFO - [2026-02-13T22:05:33.547+0000] {dag.py:3441} INFO - Setting next_dagrun for example_branch_python_operator_decorator to 2026-02-12T00:00:00+00:00, run_after=2026-02-13T00:00:00+00:00
[2026-02-13T22:05:33.554+0000] {processor.py:175} INFO - Processing /home/airflow/.local/lib/python3.7/site-packages/airflow/example_dags/example_branch_operator_decorator.py took 0.037 seconds
[2026-02-13T22:06:33.527+0000] {processor.py:153} INFO - Started process (PID=62) to work on /home/airflow/.local/lib/python3.7/site-packages/airflow/example_dags/example_branch_operator_decorator.py
[2026-02-13T22:06:33.528+0000] {processor.py:743} INFO - Processing file /home/airflow/.local/lib/python3.7/site-packages/airflow/example_dags/example_branch_operator_decorator.py for tasks to queue
[2026-02-13T22:06:33.528+0000] {logging_mixin.py:137} INFO - [2026-02-13T22:06:33.528+0000] {dagbag.py:538} INFO - Filling up the DagBag from /home/airflow/.local/lib/python3.7/site-packages/airflow/example_dags/example_branch_operator_decorator.py
[2026-02-13T22:06:33.549+0000] {processor.py:753} INFO - DAG(s) dict_keys(['example_branch_python_operator_decorator']) retrieved from /home/airflow/.local/lib/python3.7/site-packages/airflow/example_dags/example_branch_operator_decorator.py
[2026-02-13T22:06:33.562+0000] {logging_mixin.py:137} INFO - [2026-02-13T22:06:33.562+0000] {dag.py:2690} INFO - Sync 1 DAGs
[2026-02-13T22:06:33.579+0000] {logging_mixin.py:137} INFO - [2026-02-13T22:06:33.579+0000] {dag.py:3441} INFO - Setting next_dagrun for example_branch_python_operator_decorator to 2026-02-12T00:00:00+00:00, run_after=2026-02-13T00:00:00+00:00
[2026-02-13T22:06:33.594+0000] {processor.py:175} INFO - Processing /home/airflow/.local/lib/python3.7/site-packages/airflow/example_dags/example_branch_operator_decorator.py took 0.069 seconds
[2026-02-13T22:07:04.730+0000] {processor.py:153} INFO - Started process (PID=151) to work on /home/airflow/.local/lib/python3.7/site-packages/airflow/example_dags/example_branch_operator_decorator.py
[2026-02-13T22:07:04.731+0000] {processor.py:743} INFO - Processing file /home/airflow/.local/lib/python3.7/site-packages/airflow/example_dags/example_branch_operator_decorator.py for tasks to queue
[2026-02-13T22:07:04.731+0000] {logging_mixin.py:137} INFO - [2026-02-13T22:07:04.731+0000] {dagbag.py:538} INFO - Filling up the DagBag from /home/airflow/.local/lib/python3.7/site-packages/airflow/example_dags/example_branch_operator_decorator.py
[2026-02-13T22:07:04.747+0000] {processor.py:753} INFO - DAG(s) dict_keys(['example_branch_python_operator_decorator']) retrieved from /home/airflow/.local/lib/python3.7/site-packages/airflow/example_dags/example_branch_operator_decorator.py
[2026-02-13T22:07:04.765+0000] {logging_mixin.py:137} INFO - [2026-02-13T22:07:04.765+0000] {dag.py:2690} INFO - Sync 1 DAGs
[2026-02-13T22:07:04.781+0000] {logging_mixin.py:137} INFO - [2026-02-13T22:07:04.781+0000] {dag.py:3441} INFO - Setting next_dagrun for example_branch_python_operator_decorator to 2026-02-12T00:00:00+00:00, run_after=2026-02-13T00:00:00+00:00
[2026-02-13T22:07:04.800+0000] {processor.py:175} INFO - Processing /home/airflow/.local/lib/python3.7/site-packages/airflow/example_dags/example_branch_operator_decorator.py took 0.073 seconds
[2026-02-13T22:07:34.813+0000] {processor.py:153} INFO - Started process (PID=239) to work on /home/airflow/.local/lib/python3.7/site-packages/airflow/example_dags/example_branch_operator_decorator.py
[2026-02-13T22:07:34.813+0000] {processor.py:743} INFO - Processing file /home/airflow/.local/lib/python3.7/site-packages/airflow/example_dags/example_branch_operator_decorator.py for tasks to queue
[2026-02-13T22:07:34.813+0000] {logging_mixin.py:137} INFO - [2026-02-13T22:07:34.813+0000] {dagbag.py:538} INFO - Filling up the DagBag from /home/airflow/.local/lib/python3.7/site-packages/airflow/example_dags/example_branch_operator_decorator.py
[2026-02-13T22:07:34.823+0000] {processor.py:753} INFO - DAG(s) dict_keys(['example_branch_python_operator_decorator']) retrieved from /home/airflow/.local/lib/python3.7/site-packages/airflow/example_dags/example_branch_operator_decorator.py
[2026-02-13T22:07:34.834+0000] {logging_mixin.py:137} INFO - [2026-02-13T22:07:34.834+0000] {dag.py:2690} INFO - Sync 1 DAGs
[2026-02-13T22:07:34.844+0000] {logging_mixin.py:137} INFO - [2026-02-13T22:07:34.844+0000] {dag.py:3441} INFO - Setting next_dagrun for example_branch_python_operator_decorator to 2026-02-12T00:00:00+00:00, run_after=2026-02-13T00:00:00+00:00
[2026-02-13T22:07:34.850+0000] {processor.py:175} INFO - Processing /home/airflow/.local/lib/python3.7/site-packages/airflow/example_dags/example_branch_operator_decorator.py took 0.038 seconds
[2026-02-13T22:08:05.480+0000] {processor.py:153} INFO - Started process (PID=313) to work on /home/airflow/.local/lib/python3.7/site-packages/airflow/example_dags/example_branch_operator_decorator.py
[2026-02-13T22:08:05.481+0000] {processor.py:743} INFO - Processing file /home/airflow/.local/lib/python3.7/site-packages/airflow/example_dags/example_branch_operator_decorator.py for tasks to queue
[2026-02-13T22:08:05.482+0000] {logging_mixin.py:137} INFO - [2026-02-13T22:08:05.482+0000] {dagbag.py:538} INFO - Filling up the DagBag from /home/airflow/.local/lib/python3.7/site-packages/airflow/example_dags/example_branch_operator_decorator.py
[2026-02-13T22:08:05.496+0000] {processor.py:753} INFO - DAG(s) dict_keys(['example_branch_python_operator_decorator']) retrieved from /home/airflow/.local/lib/python3.7/site-packages/airflow/example_dags/example_branch_operator_decorator.py
[2026-02-13T22:08:05.512+0000] {logging_mixin.py:137} INFO - [2026-02-13T22:08:05.512+0000] {dag.py:2690} INFO - Sync 1 DAGs
[2026-02-13T22:08:05.525+0000] {logging_mixin.py:137} INFO - [2026-02-13T22:08:05.525+0000] {dag.py:3441} INFO - Setting next_dagrun for example_branch_python_operator_decorator to 2026-02-12T00:00:00+00:00, run_after=2026-02-13T00:00:00+00:00
[2026-02-13T22:08:05.536+0000] {processor.py:175} INFO - Processing /home/airflow/.local/lib/python3.7/site-packages/airflow/example_dags/example_branch_operator_decorator.py took 0.057 seconds
[2026-02-13T22:08:36.322+0000] {processor.py:153} INFO - Started process (PID=402) to work on /home/airflow/.local/lib/python3.7/site-packages/airflow/example_dags/example_branch_operator_decorator.py
[2026-02-13T22:08:36.322+0000] {processor.py:743} INFO - Processing file /home/airflow/.local/lib/python3.7/site-packages/airflow/example_dags/example_branch_operator_decorator.py for tasks to queue
[2026-02-13T22:08:36.322+0000] {logging_mixin.py:137} INFO - [2026-02-13T22:08:36.322+0000] {dagbag.py:538} INFO - Filling up the DagBag from /home/airflow/.local/lib/python3.7/site-packages/airflow/example_dags/example_branch_operator_decorator.py
[2026-02-13T22:08:36.335+0000] {processor.py:753} INFO - DAG(s) dict_keys(['example_branch_python_operator_decorator']) retrieved from /home/airflow/.local/lib/python3.7/site-packages/airflow/example_dags/example_branch_operator_decorator.py
[2026-02-13T22:08:36.352+0000] {logging_mixin.py:137} INFO - [2026-02-13T22:08:36.352+0000] {dag.py:2690} INFO - Sync 1 DAGs
[2026-02-13T22:08:36.366+0000] {logging_mixin.py:137} INFO - [2026-02-13T22:08:36.366+0000] {dag.py:3441} INFO - Setting next_dagrun for example_branch_python_operator_decorator to 2026-02-12T00:00:00+00:00, run_after=2026-02-13T00:00:00+00:00
[2026-02-13T22:08:36.377+0000] {processor.py:175} INFO - Processing /home/airflow/.local/lib/python3.7/site-packages/airflow/example_dags/example_branch_operator_decorator.py took 0.057 seconds
[2026-02-13T22:09:06.946+0000] {processor.py:153} INFO - Started process (PID=491) to work on /home/airflow/.local/lib/python3.7/site-packages/airflow/example_dags/example_branch_operator_decorator.py
[2026-02-13T22:09:06.947+0000] {processor.py:743} INFO - Processing file /home/airflow/.local/lib/python3.7/site-packages/airflow/example_dags/example_branch_operator_decorator.py for tasks to queue
[2026-02-13T22:09:06.947+0000] {logging_mixin.py:137} INFO - [2026-02-13T22:09:06.947+0000] {dagbag.py:538} INFO - Filling up the DagBag from /home/airflow/.local/lib/python3.7/site-packages/airflow/example_dags/example_branch_operator_decorator.py
[2026-02-13T22:09:06.957+0000] {processor.py:753} INFO - DAG(s) dict_keys(['example_branch_python_operator_decorator']) retrieved from /home/airflow/.local/lib/python3.7/site-packages/airflow/example_dags/example_branch_operator_decorator.py
[2026-02-13T22:09:06.967+0000] {logging_mixin.py:137} INFO - [2026-02-13T22:09:06.967+0000] {dag.py:2690} INFO - Sync 1 DAGs
[2026-02-13T22:09:06.977+0000] {logging_mixin.py:137} INFO - [2026-02-13T22:09:06.977+0000] {dag.py:3441} INFO - Setting next_dagrun for example_branch_python_operator_decorator to 2026-02-12T00:00:00+00:00, run_after=2026-02-13T00:00:00+00:00
[2026-02-13T22:09:06.983+0000] {processor.py:175} INFO - Processing /home/airflow/.local/lib/python3.7/site-packages/airflow/example_dags/example_branch_operator_decorator.py took 0.038 seconds
[2026-02-13T22:09:37.508+0000] {processor.py:153} INFO - Started process (PID=579) to work on /home/airflow/.local/lib/python3.7/site-packages/airflow/example_dags/example_branch_operator_decorator.py
[2026-02-13T22:09:37.509+0000] {processor.py:743} INFO - Processing file /home/airflow/.local/lib/python3.7/site-packages/airflow/example_dags/example_branch_operator_decorator.py for tasks to queue
[2026-02-13T22:09:37.511+0000] {logging_mixin.py:137} INFO - [2026-02-13T22:09:37.510+0000] {dagbag.py:538} INFO - Filling up the DagBag from /home/airflow/.local/lib/python3.7/site-packages/airflow/example_dags/example_branch_operator_decorator.py
[2026-02-13T22:09:37.522+0000] {processor.py:753} INFO - DAG(s) dict_keys(['example_branch_python_operator_decorator']) retrieved from /home/airflow/.local/lib/python3.7/site-packages/airflow/example_dags/example_branch_operator_decorator.py
[2026-02-13T22:09:37.539+0000] {logging_mixin.py:137} INFO - [2026-02-13T22:09:37.539+0000] {dag.py:2690} INFO - Sync 1 DAGs
[2026-02-13T22:09:37.551+0000] {logging_mixin.py:137} INFO - [2026-02-13T22:09:37.551+0000] {dag.py:3441} INFO - Setting next_dagrun for example_branch_python_operator_decorator to 2026-02-12T00:00:00+00:00, run_after=2026-02-13T00:00:00+00:00
[2026-02-13T22:09:37.561+0000] {processor.py:175} INFO - Processing /home/airflow/.local/lib/python3.7/site-packages/airflow/example_dags/example_branch_operator_decorator.py took 0.054 seconds
[2026-02-13T22:10:08.103+0000] {processor.py:153} INFO - Started process (PID=652) to work on /home/airflow/.local/lib/python3.7/site-packages/airflow/example_dags/example_branch_operator_decorator.py
[2026-02-13T22:10:08.105+0000] {processor.py:743} INFO - Processing file /home/airflow/.local/lib/python3.7/site-packages/airflow/example_dags/example_branch_operator_decorator.py for tasks to queue
[2026-02-13T22:10:08.105+0000] {logging_mixin.py:137} INFO - [2026-02-13T22:10:08.105+0000] {dagbag.py:538} INFO - Filling up the DagBag from /home/airflow/.local/lib/python3.7/site-packages/airflow/example_dags/example_branch_operator_decorator.py
[2026-02-13T22:10:08.115+0000] {processor.py:753} INFO - DAG(s) dict_keys(['example_branch_python_operator_decorator']) retrieved from /home/airflow/.local/lib/python3.7/site-packages/airflow/example_dags/example_branch_operator_decorator.py
[2026-02-13T22:10:08.130+0000] {logging_mixin.py:137} INFO - [2026-02-13T22:10:08.130+0000] {dag.py:2690} INFO - Sync 1 DAGs
[2026-02-13T22:10:08.140+0000] {logging_mixin.py:137} INFO - [2026-02-13T22:10:08.140+0000] {dag.py:3441} INFO - Setting next_dagrun for example_branch_python_operator_decorator to 2026-02-12T00:00:00+00:00, run_after=2026-02-13T00:00:00+00:00
[2026-02-13T22:10:08.153+0000] {processor.py:175} INFO - Processing /home/airflow/.local/lib/python3.7/site-packages/airflow/example_dags/example_branch_operator_decorator.py took 0.051 seconds
[2026-02-13T22:10:38.750+0000] {processor.py:153} INFO - Started process (PID=740) to work on /home/airflow/.local/lib/python3.7/site-packages/airflow/example_dags/example_branch_operator_decorator.py
[2026-02-13T22:10:38.752+0000] {processor.py:743} INFO - Processing file /home/airflow/.local/lib/python3.7/site-packages/airflow/example_dags/example_branch_operator_decorator.py for tasks to queue
[2026-02-13T22:10:38.752+0000] {logging_mixin.py:137} INFO - [2026-02-13T22:10:38.752+0000] {dagbag.py:538} INFO - Filling up the DagBag from /home/airflow/.local/lib/python3.7/site-packages/airflow/example_dags/example_branch_operator_decorator.py
[2026-02-13T22:10:38.765+0000] {processor.py:753} INFO - DAG(s) dict_keys(['example_branch_python_operator_decorator']) retrieved from /home/airflow/.local/lib/python3.7/site-packages/airflow/example_dags/example_branch_operator_decorator.py
[2026-02-13T22:10:38.784+0000] {logging_mixin.py:137} INFO - [2026-02-13T22:10:38.783+0000] {dag.py:2690} INFO - Sync 1 DAGs
[2026-02-13T22:10:38.797+0000] {logging_mixin.py:137} INFO - [2026-02-13T22:10:38.797+0000] {dag.py:3441} INFO - Setting next_dagrun for example_branch_python_operator_decorator to 2026-02-12T00:00:00+00:00, run_after=2026-02-13T00:00:00+00:00
[2026-02-13T22:10:38.804+0000] {processor.py:175} INFO - Processing /home/airflow/.local/lib/python3.7/site-packages/airflow/example_dags/example_branch_operator_decorator.py took 0.056 seconds
[2026-02-13T22:11:09.304+0000] {processor.py:153} INFO - Started process (PID=829) to work on /home/airflow/.local/lib/python3.7/site-packages/airflow/example_dags/example_branch_operator_decorator.py
[2026-02-13T22:11:09.305+0000] {processor.py:743} INFO - Processing file /home/airflow/.local/lib/python3.7/site-packages/airflow/example_dags/example_branch_operator_decorator.py for tasks to queue
[2026-02-13T22:11:09.305+0000] {logging_mixin.py:137} INFO - [2026-02-13T22:11:09.305+0000] {dagbag.py:538} INFO - Filling up the DagBag from /home/airflow/.local/lib/python3.7/site-packages/airflow/example_dags/example_branch_operator_decorator.py
[2026-02-13T22:11:09.317+0000] {processor.py:753} INFO - DAG(s) dict_keys(['example_branch_python_operator_decorator']) retrieved from /home/airflow/.local/lib/python3.7/site-packages/airflow/example_dags/example_branch_operator_decorator.py
[2026-02-13T22:11:09.330+0000] {logging_mixin.py:137} INFO - [2026-02-13T22:11:09.330+0000] {dag.py:2690} INFO - Sync 1 DAGs
[2026-02-13T22:11:09.343+0000] {logging_mixin.py:137} INFO - [2026-02-13T22:11:09.343+0000] {dag.py:3441} INFO - Setting next_dagrun for example_branch_python_operator_decorator to 2026-02-12T00:00:00+00:00, run_after=2026-02-13T00:00:00+00:00
[2026-02-13T22:11:09.355+0000] {processor.py:175} INFO - Processing /home/airflow/.local/lib/python3.7/site-packages/airflow/example_dags/example_branch_operator_decorator.py took 0.053 seconds
[2026-02-13T22:11:39.933+0000] {processor.py:153} INFO - Started process (PID=917) to work on /home/airflow/.local/lib/python3.7/site-packages/airflow/example_dags/example_branch_operator_decorator.py
[2026-02-13T22:11:39.934+0000] {processor.py:743} INFO - Processing file /home/airflow/.local/lib/python3.7/site-packages/airflow/example_dags/example_branch_operator_decorator.py for tasks to queue
[2026-02-13T22:11:39.934+0000] {logging_mixin.py:137} INFO - [2026-02-13T22:11:39.934+0000] {dagbag.py:538} INFO - Filling up the DagBag from /home/airflow/.local/lib/python3.7/site-packages/airflow/example_dags/example_branch_operator_decorator.py
[2026-02-13T22:11:39.946+0000] {processor.py:753} INFO - DAG(s) dict_keys(['example_branch_python_operator_decorator']) retrieved from /home/airflow/.local/lib/python3.7/site-packages/airflow/example_dags/example_branch_operator_decorator.py
[2026-02-13T22:11:39.961+0000] {logging_mixin.py:137} INFO - [2026-02-13T22:11:39.960+0000] {dag.py:2690} INFO - Sync 1 DAGs
[2026-02-13T22:11:39.976+0000] {logging_mixin.py:137} INFO - [2026-02-13T22:11:39.975+0000] {dag.py:3441} INFO - Setting next_dagrun for example_branch_python_operator_decorator to 2026-02-12T00:00:00+00:00, run_after=2026-02-13T00:00:00+00:00
[2026-02-13T22:11:39.987+0000] {processor.py:175} INFO - Processing /home/airflow/.local/lib/python3.7/site-packages/airflow/example_dags/example_branch_operator_decorator.py took 0.056 seconds
[2026-02-13T22:12:10.471+0000] {processor.py:153} INFO - Started process (PID=990) to work on /home/airflow/.local/lib/python3.7/site-packages/airflow/example_dags/example_branch_operator_decorator.py
[2026-02-13T22:12:10.473+0000] {processor.py:743} INFO - Processing file /home/airflow/.local/lib/python3.7/site-packages/airflow/example_dags/example_branch_operator_decorator.py for tasks to queue
[2026-02-13T22:12:10.473+0000] {logging_mixin.py:137} INFO - [2026-02-13T22:12:10.473+0000] {dagbag.py:538} INFO - Filling up the DagBag from /home/airflow/.local/lib/python3.7/site-packages/airflow/example_dags/example_branch_operator_decorator.py
[2026-02-13T22:12:10.485+0000] {processor.py:753} INFO - DAG(s) dict_keys(['example_branch_python_operator_decorator']) retrieved from /home/airflow/.local/lib/python3.7/site-packages/airflow/example_dags/example_branch_operator_decorator.py
[2026-02-13T22:12:10.497+0000] {logging_mixin.py:137} INFO - [2026-02-13T22:12:10.497+0000] {dag.py:2690} INFO - Sync 1 DAGs
[2026-02-13T22:12:10.508+0000] {logging_mixin.py:137} INFO - [2026-02-13T22:12:10.508+0000] {dag.py:3441} INFO - Setting next_dagrun for example_branch_python_operator_decorator to 2026-02-12T00:00:00+00:00, run_after=2026-02-13T00:00:00+00:00
[2026-02-13T22:12:10.518+0000] {processor.py:175} INFO - Processing /home/airflow/.local/lib/python3.7/site-packages/airflow/example_dags/example_branch_operator_decorator.py took 0.049 seconds
[2026-02-13T22:12:41.351+0000] {processor.py:153} INFO - Started process (PID=1079) to work on /home/airflow/.local/lib/python3.7/site-packages/airflow/example_dags/example_branch_operator_decorator.py
[2026-02-13T22:12:41.353+0000] {processor.py:743} INFO - Processing file /home/airflow/.local/lib/python3.7/site-packages/airflow/example_dags/example_branch_operator_decorator.py for tasks to queue
[2026-02-13T22:12:41.354+0000] {logging_mixin.py:137} INFO - [2026-02-13T22:12:41.354+0000] {dagbag.py:538} INFO - Filling up the DagBag from /home/airflow/.local/lib/python3.7/site-packages/airflow/example_dags/example_branch_operator_decorator.py
[2026-02-13T22:12:41.374+0000] {processor.py:753} INFO - DAG(s) dict_keys(['example_branch_python_operator_decorator']) retrieved from /home/airflow/.local/lib/python3.7/site-packages/airflow/example_dags/example_branch_operator_decorator.py
[2026-02-13T22:12:41.406+0000] {logging_mixin.py:137} INFO - [2026-02-13T22:12:41.406+0000] {dag.py:2690} INFO - Sync 1 DAGs
[2026-02-13T22:12:41.449+0000] {logging_mixin.py:137} INFO - [2026-02-13T22:12:41.449+0000] {dag.py:3441} INFO - Setting next_dagrun for example_branch_python_operator_decorator to 2026-02-12T00:00:00+00:00, run_after=2026-02-13T00:00:00+00:00
[2026-02-13T22:12:41.515+0000] {processor.py:175} INFO - Processing /home/airflow/.local/lib/python3.7/site-packages/airflow/example_dags/example_branch_operator_decorator.py took 0.170 seconds
[2026-02-13T22:20:57.530+0000] {processor.py:153} INFO - Started process (PID=101) to work on /home/airflow/.local/lib/python3.7/site-packages/airflow/example_dags/example_branch_operator_decorator.py
[2026-02-13T22:20:57.532+0000] {processor.py:743} INFO - Processing file /home/airflow/.local/lib/python3.7/site-packages/airflow/example_dags/example_branch_operator_decorator.py for tasks to queue
[2026-02-13T22:20:57.532+0000] {logging_mixin.py:137} INFO - [2026-02-13T22:20:57.532+0000] {dagbag.py:538} INFO - Filling up the DagBag from /home/airflow/.local/lib/python3.7/site-packages/airflow/example_dags/example_branch_operator_decorator.py
[2026-02-13T22:20:57.546+0000] {processor.py:753} INFO - DAG(s) dict_keys(['example_branch_python_operator_decorator']) retrieved from /home/airflow/.local/lib/python3.7/site-packages/airflow/example_dags/example_branch_operator_decorator.py
[2026-02-13T22:20:57.553+0000] {logging_mixin.py:137} INFO - [2026-02-13T22:20:57.553+0000] {dag.py:2690} INFO - Sync 1 DAGs
[2026-02-13T22:20:57.568+0000] {logging_mixin.py:137} INFO - [2026-02-13T22:20:57.568+0000] {dag.py:3441} INFO - Setting next_dagrun for example_branch_python_operator_decorator to 2026-02-12T00:00:00+00:00, run_after=2026-02-13T00:00:00+00:00
[2026-02-13T22:20:57.579+0000] {processor.py:175} INFO - Processing /home/airflow/.local/lib/python3.7/site-packages/airflow/example_dags/example_branch_operator_decorator.py took 0.051 seconds
[2026-02-13T22:21:28.217+0000] {processor.py:153} INFO - Started process (PID=174) to work on /home/airflow/.local/lib/python3.7/site-packages/airflow/example_dags/example_branch_operator_decorator.py
[2026-02-13T22:21:28.218+0000] {processor.py:743} INFO - Processing file /home/airflow/.local/lib/python3.7/site-packages/airflow/example_dags/example_branch_operator_decorator.py for tasks to queue
[2026-02-13T22:21:28.218+0000] {logging_mixin.py:137} INFO - [2026-02-13T22:21:28.218+0000] {dagbag.py:538} INFO - Filling up the DagBag from /home/airflow/.local/lib/python3.7/site-packages/airflow/example_dags/example_branch_operator_decorator.py
[2026-02-13T22:21:28.229+0000] {processor.py:753} INFO - DAG(s) dict_keys(['example_branch_python_operator_decorator']) retrieved from /home/airflow/.local/lib/python3.7/site-packages/airflow/example_dags/example_branch_operator_decorator.py
[2026-02-13T22:21:28.247+0000] {logging_mixin.py:137} INFO - [2026-02-13T22:21:28.246+0000] {dag.py:2690} INFO - Sync 1 DAGs
[2026-02-13T22:21:28.265+0000] {logging_mixin.py:137} INFO - [2026-02-13T22:21:28.265+0000] {dag.py:3441} INFO - Setting next_dagrun for example_branch_python_operator_decorator to 2026-02-12T00:00:00+00:00, run_after=2026-02-13T00:00:00+00:00
[2026-02-13T22:21:28.272+0000] {processor.py:175} INFO - Processing /home/airflow/.local/lib/python3.7/site-packages/airflow/example_dags/example_branch_operator_decorator.py took 0.057 seconds
[2026-02-13T22:21:59.270+0000] {processor.py:153} INFO - Started process (PID=264) to work on /home/airflow/.local/lib/python3.7/site-packages/airflow/example_dags/example_branch_operator_decorator.py
[2026-02-13T22:21:59.270+0000] {processor.py:743} INFO - Processing file /home/airflow/.local/lib/python3.7/site-packages/airflow/example_dags/example_branch_operator_decorator.py for tasks to queue
[2026-02-13T22:21:59.271+0000] {logging_mixin.py:137} INFO - [2026-02-13T22:21:59.271+0000] {dagbag.py:538} INFO - Filling up the DagBag from /home/airflow/.local/lib/python3.7/site-packages/airflow/example_dags/example_branch_operator_decorator.py
[2026-02-13T22:21:59.284+0000] {processor.py:753} INFO - DAG(s) dict_keys(['example_branch_python_operator_decorator']) retrieved from /home/airflow/.local/lib/python3.7/site-packages/airflow/example_dags/example_branch_operator_decorator.py
[2026-02-13T22:21:59.299+0000] {logging_mixin.py:137} INFO - [2026-02-13T22:21:59.299+0000] {dag.py:2690} INFO - Sync 1 DAGs
[2026-02-13T22:21:59.310+0000] {logging_mixin.py:137} INFO - [2026-02-13T22:21:59.310+0000] {dag.py:3441} INFO - Setting next_dagrun for example_branch_python_operator_decorator to 2026-02-12T00:00:00+00:00, run_after=2026-02-13T00:00:00+00:00
[2026-02-13T22:21:59.322+0000] {processor.py:175} INFO - Processing /home/airflow/.local/lib/python3.7/site-packages/airflow/example_dags/example_branch_operator_decorator.py took 0.053 seconds
[2026-02-13T22:22:29.888+0000] {processor.py:153} INFO - Started process (PID=354) to work on /home/airflow/.local/lib/python3.7/site-packages/airflow/example_dags/example_branch_operator_decorator.py
[2026-02-13T22:22:29.889+0000] {processor.py:743} INFO - Processing file /home/airflow/.local/lib/python3.7/site-packages/airflow/example_dags/example_branch_operator_decorator.py for tasks to queue
[2026-02-13T22:22:29.889+0000] {logging_mixin.py:137} INFO - [2026-02-13T22:22:29.889+0000] {dagbag.py:538} INFO - Filling up the DagBag from /home/airflow/.local/lib/python3.7/site-packages/airflow/example_dags/example_branch_operator_decorator.py
[2026-02-13T22:22:29.899+0000] {processor.py:753} INFO - DAG(s) dict_keys(['example_branch_python_operator_decorator']) retrieved from /home/airflow/.local/lib/python3.7/site-packages/airflow/example_dags/example_branch_operator_decorator.py
[2026-02-13T22:22:29.913+0000] {logging_mixin.py:137} INFO - [2026-02-13T22:22:29.913+0000] {dag.py:2690} INFO - Sync 1 DAGs
[2026-02-13T22:22:29.924+0000] {logging_mixin.py:137} INFO - [2026-02-13T22:22:29.924+0000] {dag.py:3441} INFO - Setting next_dagrun for example_branch_python_operator_decorator to 2026-02-12T00:00:00+00:00, run_after=2026-02-13T00:00:00+00:00
[2026-02-13T22:22:29.934+0000] {processor.py:175} INFO - Processing /home/airflow/.local/lib/python3.7/site-packages/airflow/example_dags/example_branch_operator_decorator.py took 0.047 seconds
[2026-02-13T22:23:00.567+0000] {processor.py:153} INFO - Started process (PID=443) to work on /home/airflow/.local/lib/python3.7/site-packages/airflow/example_dags/example_branch_operator_decorator.py
[2026-02-13T22:23:00.567+0000] {processor.py:743} INFO - Processing file /home/airflow/.local/lib/python3.7/site-packages/airflow/example_dags/example_branch_operator_decorator.py for tasks to queue
[2026-02-13T22:23:00.568+0000] {logging_mixin.py:137} INFO - [2026-02-13T22:23:00.568+0000] {dagbag.py:538} INFO - Filling up the DagBag from /home/airflow/.local/lib/python3.7/site-packages/airflow/example_dags/example_branch_operator_decorator.py
[2026-02-13T22:23:00.580+0000] {processor.py:753} INFO - DAG(s) dict_keys(['example_branch_python_operator_decorator']) retrieved from /home/airflow/.local/lib/python3.7/site-packages/airflow/example_dags/example_branch_operator_decorator.py
[2026-02-13T22:23:00.597+0000] {logging_mixin.py:137} INFO - [2026-02-13T22:23:00.597+0000] {dag.py:2690} INFO - Sync 1 DAGs
[2026-02-13T22:23:00.611+0000] {logging_mixin.py:137} INFO - [2026-02-13T22:23:00.611+0000] {dag.py:3441} INFO - Setting next_dagrun for example_branch_python_operator_decorator to 2026-02-12T00:00:00+00:00, run_after=2026-02-13T00:00:00+00:00
[2026-02-13T22:23:00.624+0000] {processor.py:175} INFO - Processing /home/airflow/.local/lib/python3.7/site-packages/airflow/example_dags/example_branch_operator_decorator.py took 0.059 seconds
[2026-02-13T22:23:31.243+0000] {processor.py:153} INFO - Started process (PID=516) to work on /home/airflow/.local/lib/python3.7/site-packages/airflow/example_dags/example_branch_operator_decorator.py
[2026-02-13T22:23:31.244+0000] {processor.py:743} INFO - Processing file /home/airflow/.local/lib/python3.7/site-packages/airflow/example_dags/example_branch_operator_decorator.py for tasks to queue
[2026-02-13T22:23:31.244+0000] {logging_mixin.py:137} INFO - [2026-02-13T22:23:31.244+0000] {dagbag.py:538} INFO - Filling up the DagBag from /home/airflow/.local/lib/python3.7/site-packages/airflow/example_dags/example_branch_operator_decorator.py
[2026-02-13T22:23:31.256+0000] {processor.py:753} INFO - DAG(s) dict_keys(['example_branch_python_operator_decorator']) retrieved from /home/airflow/.local/lib/python3.7/site-packages/airflow/example_dags/example_branch_operator_decorator.py
[2026-02-13T22:23:31.270+0000] {logging_mixin.py:137} INFO - [2026-02-13T22:23:31.269+0000] {dag.py:2690} INFO - Sync 1 DAGs
[2026-02-13T22:23:31.283+0000] {logging_mixin.py:137} INFO - [2026-02-13T22:23:31.283+0000] {dag.py:3441} INFO - Setting next_dagrun for example_branch_python_operator_decorator to 2026-02-12T00:00:00+00:00, run_after=2026-02-13T00:00:00+00:00
[2026-02-13T22:23:31.296+0000] {processor.py:175} INFO - Processing /home/airflow/.local/lib/python3.7/site-packages/airflow/example_dags/example_branch_operator_decorator.py took 0.054 seconds
[2026-02-13T22:24:01.917+0000] {processor.py:153} INFO - Started process (PID=604) to work on /home/airflow/.local/lib/python3.7/site-packages/airflow/example_dags/example_branch_operator_decorator.py
[2026-02-13T22:24:01.920+0000] {processor.py:743} INFO - Processing file /home/airflow/.local/lib/python3.7/site-packages/airflow/example_dags/example_branch_operator_decorator.py for tasks to queue
[2026-02-13T22:24:01.920+0000] {logging_mixin.py:137} INFO - [2026-02-13T22:24:01.920+0000] {dagbag.py:538} INFO - Filling up the DagBag from /home/airflow/.local/lib/python3.7/site-packages/airflow/example_dags/example_branch_operator_decorator.py
[2026-02-13T22:24:01.934+0000] {processor.py:753} INFO - DAG(s) dict_keys(['example_branch_python_operator_decorator']) retrieved from /home/airflow/.local/lib/python3.7/site-packages/airflow/example_dags/example_branch_operator_decorator.py
[2026-02-13T22:24:01.947+0000] {logging_mixin.py:137} INFO - [2026-02-13T22:24:01.947+0000] {dag.py:2690} INFO - Sync 1 DAGs
[2026-02-13T22:24:01.967+0000] {logging_mixin.py:137} INFO - [2026-02-13T22:24:01.966+0000] {dag.py:3441} INFO - Setting next_dagrun for example_branch_python_operator_decorator to 2026-02-12T00:00:00+00:00, run_after=2026-02-13T00:00:00+00:00
[2026-02-13T22:24:01.981+0000] {processor.py:175} INFO - Processing /home/airflow/.local/lib/python3.7/site-packages/airflow/example_dags/example_branch_operator_decorator.py took 0.065 seconds
[2026-02-13T22:24:32.695+0000] {processor.py:153} INFO - Started process (PID=693) to work on /home/airflow/.local/lib/python3.7/site-packages/airflow/example_dags/example_branch_operator_decorator.py
[2026-02-13T22:24:32.696+0000] {processor.py:743} INFO - Processing file /home/airflow/.local/lib/python3.7/site-packages/airflow/example_dags/example_branch_operator_decorator.py for tasks to queue
[2026-02-13T22:24:32.696+0000] {logging_mixin.py:137} INFO - [2026-02-13T22:24:32.696+0000] {dagbag.py:538} INFO - Filling up the DagBag from /home/airflow/.local/lib/python3.7/site-packages/airflow/example_dags/example_branch_operator_decorator.py
[2026-02-13T22:24:32.707+0000] {processor.py:753} INFO - DAG(s) dict_keys(['example_branch_python_operator_decorator']) retrieved from /home/airflow/.local/lib/python3.7/site-packages/airflow/example_dags/example_branch_operator_decorator.py
[2026-02-13T22:24:32.723+0000] {logging_mixin.py:137} INFO - [2026-02-13T22:24:32.722+0000] {dag.py:2690} INFO - Sync 1 DAGs
[2026-02-13T22:24:32.735+0000] {logging_mixin.py:137} INFO - [2026-02-13T22:24:32.735+0000] {dag.py:3441} INFO - Setting next_dagrun for example_branch_python_operator_decorator to 2026-02-12T00:00:00+00:00, run_after=2026-02-13T00:00:00+00:00
[2026-02-13T22:24:32.744+0000] {processor.py:175} INFO - Processing /home/airflow/.local/lib/python3.7/site-packages/airflow/example_dags/example_branch_operator_decorator.py took 0.051 seconds
[2026-02-13T22:25:03.338+0000] {processor.py:153} INFO - Started process (PID=782) to work on /home/airflow/.local/lib/python3.7/site-packages/airflow/example_dags/example_branch_operator_decorator.py
[2026-02-13T22:25:03.339+0000] {processor.py:743} INFO - Processing file /home/airflow/.local/lib/python3.7/site-packages/airflow/example_dags/example_branch_operator_decorator.py for tasks to queue
[2026-02-13T22:25:03.339+0000] {logging_mixin.py:137} INFO - [2026-02-13T22:25:03.339+0000] {dagbag.py:538} INFO - Filling up the DagBag from /home/airflow/.local/lib/python3.7/site-packages/airflow/example_dags/example_branch_operator_decorator.py
[2026-02-13T22:25:03.350+0000] {processor.py:753} INFO - DAG(s) dict_keys(['example_branch_python_operator_decorator']) retrieved from /home/airflow/.local/lib/python3.7/site-packages/airflow/example_dags/example_branch_operator_decorator.py
[2026-02-13T22:25:03.360+0000] {logging_mixin.py:137} INFO - [2026-02-13T22:25:03.360+0000] {dag.py:2690} INFO - Sync 1 DAGs
[2026-02-13T22:25:03.369+0000] {logging_mixin.py:137} INFO - [2026-02-13T22:25:03.369+0000] {dag.py:3441} INFO - Setting next_dagrun for example_branch_python_operator_decorator to 2026-02-12T00:00:00+00:00, run_after=2026-02-13T00:00:00+00:00
[2026-02-13T22:25:03.375+0000] {processor.py:175} INFO - Processing /home/airflow/.local/lib/python3.7/site-packages/airflow/example_dags/example_branch_operator_decorator.py took 0.038 seconds
[2026-02-13T22:25:34.035+0000] {processor.py:153} INFO - Started process (PID=871) to work on /home/airflow/.local/lib/python3.7/site-packages/airflow/example_dags/example_branch_operator_decorator.py
[2026-02-13T22:25:34.036+0000] {processor.py:743} INFO - Processing file /home/airflow/.local/lib/python3.7/site-packages/airflow/example_dags/example_branch_operator_decorator.py for tasks to queue
[2026-02-13T22:25:34.036+0000] {logging_mixin.py:137} INFO - [2026-02-13T22:25:34.036+0000] {dagbag.py:538} INFO - Filling up the DagBag from /home/airflow/.local/lib/python3.7/site-packages/airflow/example_dags/example_branch_operator_decorator.py
[2026-02-13T22:25:34.048+0000] {processor.py:753} INFO - DAG(s) dict_keys(['example_branch_python_operator_decorator']) retrieved from /home/airflow/.local/lib/python3.7/site-packages/airflow/example_dags/example_branch_operator_decorator.py
[2026-02-13T22:25:34.063+0000] {logging_mixin.py:137} INFO - [2026-02-13T22:25:34.063+0000] {dag.py:2690} INFO - Sync 1 DAGs
[2026-02-13T22:25:34.074+0000] {logging_mixin.py:137} INFO - [2026-02-13T22:25:34.074+0000] {dag.py:3441} INFO - Setting next_dagrun for example_branch_python_operator_decorator to 2026-02-12T00:00:00+00:00, run_after=2026-02-13T00:00:00+00:00
[2026-02-13T22:25:34.085+0000] {processor.py:175} INFO - Processing /home/airflow/.local/lib/python3.7/site-packages/airflow/example_dags/example_branch_operator_decorator.py took 0.052 seconds
[2026-02-13T22:26:04.595+0000] {processor.py:153} INFO - Started process (PID=944) to work on /home/airflow/.local/lib/python3.7/site-packages/airflow/example_dags/example_branch_operator_decorator.py
[2026-02-13T22:26:04.596+0000] {processor.py:743} INFO - Processing file /home/airflow/.local/lib/python3.7/site-packages/airflow/example_dags/example_branch_operator_decorator.py for tasks to queue
[2026-02-13T22:26:04.596+0000] {logging_mixin.py:137} INFO - [2026-02-13T22:26:04.596+0000] {dagbag.py:538} INFO - Filling up the DagBag from /home/airflow/.local/lib/python3.7/site-packages/airflow/example_dags/example_branch_operator_decorator.py
[2026-02-13T22:26:04.609+0000] {processor.py:753} INFO - DAG(s) dict_keys(['example_branch_python_operator_decorator']) retrieved from /home/airflow/.local/lib/python3.7/site-packages/airflow/example_dags/example_branch_operator_decorator.py
[2026-02-13T22:26:04.621+0000] {logging_mixin.py:137} INFO - [2026-02-13T22:26:04.621+0000] {dag.py:2690} INFO - Sync 1 DAGs
[2026-02-13T22:26:04.636+0000] {logging_mixin.py:137} INFO - [2026-02-13T22:26:04.636+0000] {dag.py:3441} INFO - Setting next_dagrun for example_branch_python_operator_decorator to 2026-02-12T00:00:00+00:00, run_after=2026-02-13T00:00:00+00:00
[2026-02-13T22:26:04.650+0000] {processor.py:175} INFO - Processing /home/airflow/.local/lib/python3.7/site-packages/airflow/example_dags/example_branch_operator_decorator.py took 0.056 seconds
[2026-02-13T22:26:35.175+0000] {processor.py:153} INFO - Started process (PID=1033) to work on /home/airflow/.local/lib/python3.7/site-packages/airflow/example_dags/example_branch_operator_decorator.py
[2026-02-13T22:26:35.175+0000] {processor.py:743} INFO - Processing file /home/airflow/.local/lib/python3.7/site-packages/airflow/example_dags/example_branch_operator_decorator.py for tasks to queue
[2026-02-13T22:26:35.176+0000] {logging_mixin.py:137} INFO - [2026-02-13T22:26:35.176+0000] {dagbag.py:538} INFO - Filling up the DagBag from /home/airflow/.local/lib/python3.7/site-packages/airflow/example_dags/example_branch_operator_decorator.py
[2026-02-13T22:26:35.190+0000] {processor.py:753} INFO - DAG(s) dict_keys(['example_branch_python_operator_decorator']) retrieved from /home/airflow/.local/lib/python3.7/site-packages/airflow/example_dags/example_branch_operator_decorator.py
[2026-02-13T22:26:35.204+0000] {logging_mixin.py:137} INFO - [2026-02-13T22:26:35.204+0000] {dag.py:2690} INFO - Sync 1 DAGs
[2026-02-13T22:26:35.217+0000] {logging_mixin.py:137} INFO - [2026-02-13T22:26:35.217+0000] {dag.py:3441} INFO - Setting next_dagrun for example_branch_python_operator_decorator to 2026-02-12T00:00:00+00:00, run_after=2026-02-13T00:00:00+00:00
[2026-02-13T22:26:35.233+0000] {processor.py:175} INFO - Processing /home/airflow/.local/lib/python3.7/site-packages/airflow/example_dags/example_branch_operator_decorator.py took 0.059 seconds
[2026-02-13T22:27:05.953+0000] {processor.py:153} INFO - Started process (PID=1122) to work on /home/airflow/.local/lib/python3.7/site-packages/airflow/example_dags/example_branch_operator_decorator.py
[2026-02-13T22:27:05.953+0000] {processor.py:743} INFO - Processing file /home/airflow/.local/lib/python3.7/site-packages/airflow/example_dags/example_branch_operator_decorator.py for tasks to queue
[2026-02-13T22:27:05.954+0000] {logging_mixin.py:137} INFO - [2026-02-13T22:27:05.954+0000] {dagbag.py:538} INFO - Filling up the DagBag from /home/airflow/.local/lib/python3.7/site-packages/airflow/example_dags/example_branch_operator_decorator.py
[2026-02-13T22:27:05.965+0000] {processor.py:753} INFO - DAG(s) dict_keys(['example_branch_python_operator_decorator']) retrieved from /home/airflow/.local/lib/python3.7/site-packages/airflow/example_dags/example_branch_operator_decorator.py
[2026-02-13T22:27:05.980+0000] {logging_mixin.py:137} INFO - [2026-02-13T22:27:05.980+0000] {dag.py:2690} INFO - Sync 1 DAGs
[2026-02-13T22:27:05.991+0000] {logging_mixin.py:137} INFO - [2026-02-13T22:27:05.990+0000] {dag.py:3441} INFO - Setting next_dagrun for example_branch_python_operator_decorator to 2026-02-12T00:00:00+00:00, run_after=2026-02-13T00:00:00+00:00
[2026-02-13T22:27:06.000+0000] {processor.py:175} INFO - Processing /home/airflow/.local/lib/python3.7/site-packages/airflow/example_dags/example_branch_operator_decorator.py took 0.048 seconds
[2026-02-13T22:27:36.589+0000] {processor.py:153} INFO - Started process (PID=1211) to work on /home/airflow/.local/lib/python3.7/site-packages/airflow/example_dags/example_branch_operator_decorator.py
[2026-02-13T22:27:36.590+0000] {processor.py:743} INFO - Processing file /home/airflow/.local/lib/python3.7/site-packages/airflow/example_dags/example_branch_operator_decorator.py for tasks to queue
[2026-02-13T22:27:36.590+0000] {logging_mixin.py:137} INFO - [2026-02-13T22:27:36.590+0000] {dagbag.py:538} INFO - Filling up the DagBag from /home/airflow/.local/lib/python3.7/site-packages/airflow/example_dags/example_branch_operator_decorator.py
[2026-02-13T22:27:36.601+0000] {processor.py:753} INFO - DAG(s) dict_keys(['example_branch_python_operator_decorator']) retrieved from /home/airflow/.local/lib/python3.7/site-packages/airflow/example_dags/example_branch_operator_decorator.py
[2026-02-13T22:27:36.615+0000] {logging_mixin.py:137} INFO - [2026-02-13T22:27:36.615+0000] {dag.py:2690} INFO - Sync 1 DAGs
[2026-02-13T22:27:36.628+0000] {logging_mixin.py:137} INFO - [2026-02-13T22:27:36.628+0000] {dag.py:3441} INFO - Setting next_dagrun for example_branch_python_operator_decorator to 2026-02-12T00:00:00+00:00, run_after=2026-02-13T00:00:00+00:00
[2026-02-13T22:27:36.641+0000] {processor.py:175} INFO - Processing /home/airflow/.local/lib/python3.7/site-packages/airflow/example_dags/example_branch_operator_decorator.py took 0.054 seconds
[2026-02-13T22:28:07.354+0000] {processor.py:153} INFO - Started process (PID=1284) to work on /home/airflow/.local/lib/python3.7/site-packages/airflow/example_dags/example_branch_operator_decorator.py
[2026-02-13T22:28:07.356+0000] {processor.py:743} INFO - Processing file /home/airflow/.local/lib/python3.7/site-packages/airflow/example_dags/example_branch_operator_decorator.py for tasks to queue
[2026-02-13T22:28:07.356+0000] {logging_mixin.py:137} INFO - [2026-02-13T22:28:07.356+0000] {dagbag.py:538} INFO - Filling up the DagBag from /home/airflow/.local/lib/python3.7/site-packages/airflow/example_dags/example_branch_operator_decorator.py
[2026-02-13T22:28:07.368+0000] {processor.py:753} INFO - DAG(s) dict_keys(['example_branch_python_operator_decorator']) retrieved from /home/airflow/.local/lib/python3.7/site-packages/airflow/example_dags/example_branch_operator_decorator.py
[2026-02-13T22:28:07.385+0000] {logging_mixin.py:137} INFO - [2026-02-13T22:28:07.385+0000] {dag.py:2690} INFO - Sync 1 DAGs
[2026-02-13T22:28:07.399+0000] {logging_mixin.py:137} INFO - [2026-02-13T22:28:07.399+0000] {dag.py:3441} INFO - Setting next_dagrun for example_branch_python_operator_decorator to 2026-02-12T00:00:00+00:00, run_after=2026-02-13T00:00:00+00:00
[2026-02-13T22:28:07.409+0000] {processor.py:175} INFO - Processing /home/airflow/.local/lib/python3.7/site-packages/airflow/example_dags/example_branch_operator_decorator.py took 0.056 seconds
[2026-02-13T22:28:37.943+0000] {processor.py:153} INFO - Started process (PID=1373) to work on /home/airflow/.local/lib/python3.7/site-packages/airflow/example_dags/example_branch_operator_decorator.py
[2026-02-13T22:28:37.944+0000] {processor.py:743} INFO - Processing file /home/airflow/.local/lib/python3.7/site-packages/airflow/example_dags/example_branch_operator_decorator.py for tasks to queue
[2026-02-13T22:28:37.944+0000] {logging_mixin.py:137} INFO - [2026-02-13T22:28:37.944+0000] {dagbag.py:538} INFO - Filling up the DagBag from /home/airflow/.local/lib/python3.7/site-packages/airflow/example_dags/example_branch_operator_decorator.py
[2026-02-13T22:28:37.957+0000] {processor.py:753} INFO - DAG(s) dict_keys(['example_branch_python_operator_decorator']) retrieved from /home/airflow/.local/lib/python3.7/site-packages/airflow/example_dags/example_branch_operator_decorator.py
[2026-02-13T22:28:37.973+0000] {logging_mixin.py:137} INFO - [2026-02-13T22:28:37.973+0000] {dag.py:2690} INFO - Sync 1 DAGs
[2026-02-13T22:28:37.985+0000] {logging_mixin.py:137} INFO - [2026-02-13T22:28:37.985+0000] {dag.py:3441} INFO - Setting next_dagrun for example_branch_python_operator_decorator to 2026-02-12T00:00:00+00:00, run_after=2026-02-13T00:00:00+00:00
[2026-02-13T22:28:37.992+0000] {processor.py:175} INFO - Processing /home/airflow/.local/lib/python3.7/site-packages/airflow/example_dags/example_branch_operator_decorator.py took 0.050 seconds
[2026-02-13T22:29:08.592+0000] {processor.py:153} INFO - Started process (PID=1462) to work on /home/airflow/.local/lib/python3.7/site-packages/airflow/example_dags/example_branch_operator_decorator.py
[2026-02-13T22:29:08.593+0000] {processor.py:743} INFO - Processing file /home/airflow/.local/lib/python3.7/site-packages/airflow/example_dags/example_branch_operator_decorator.py for tasks to queue
[2026-02-13T22:29:08.594+0000] {logging_mixin.py:137} INFO - [2026-02-13T22:29:08.594+0000] {dagbag.py:538} INFO - Filling up the DagBag from /home/airflow/.local/lib/python3.7/site-packages/airflow/example_dags/example_branch_operator_decorator.py
[2026-02-13T22:29:08.606+0000] {processor.py:753} INFO - DAG(s) dict_keys(['example_branch_python_operator_decorator']) retrieved from /home/airflow/.local/lib/python3.7/site-packages/airflow/example_dags/example_branch_operator_decorator.py
[2026-02-13T22:29:08.625+0000] {logging_mixin.py:137} INFO - [2026-02-13T22:29:08.625+0000] {dag.py:2690} INFO - Sync 1 DAGs
[2026-02-13T22:29:08.638+0000] {logging_mixin.py:137} INFO - [2026-02-13T22:29:08.638+0000] {dag.py:3441} INFO - Setting next_dagrun for example_branch_python_operator_decorator to 2026-02-12T00:00:00+00:00, run_after=2026-02-13T00:00:00+00:00
[2026-02-13T22:29:08.650+0000] {processor.py:175} INFO - Processing /home/airflow/.local/lib/python3.7/site-packages/airflow/example_dags/example_branch_operator_decorator.py took 0.060 seconds
[2026-02-13T22:29:39.192+0000] {processor.py:153} INFO - Started process (PID=1551) to work on /home/airflow/.local/lib/python3.7/site-packages/airflow/example_dags/example_branch_operator_decorator.py
[2026-02-13T22:29:39.193+0000] {processor.py:743} INFO - Processing file /home/airflow/.local/lib/python3.7/site-packages/airflow/example_dags/example_branch_operator_decorator.py for tasks to queue
[2026-02-13T22:29:39.193+0000] {logging_mixin.py:137} INFO - [2026-02-13T22:29:39.193+0000] {dagbag.py:538} INFO - Filling up the DagBag from /home/airflow/.local/lib/python3.7/site-packages/airflow/example_dags/example_branch_operator_decorator.py
[2026-02-13T22:29:39.204+0000] {processor.py:753} INFO - DAG(s) dict_keys(['example_branch_python_operator_decorator']) retrieved from /home/airflow/.local/lib/python3.7/site-packages/airflow/example_dags/example_branch_operator_decorator.py
[2026-02-13T22:29:39.219+0000] {logging_mixin.py:137} INFO - [2026-02-13T22:29:39.219+0000] {dag.py:2690} INFO - Sync 1 DAGs
[2026-02-13T22:29:39.230+0000] {logging_mixin.py:137} INFO - [2026-02-13T22:29:39.230+0000] {dag.py:3441} INFO - Setting next_dagrun for example_branch_python_operator_decorator to 2026-02-12T00:00:00+00:00, run_after=2026-02-13T00:00:00+00:00
[2026-02-13T22:29:39.241+0000] {processor.py:175} INFO - Processing /home/airflow/.local/lib/python3.7/site-packages/airflow/example_dags/example_branch_operator_decorator.py took 0.050 seconds
[2026-02-13T22:30:09.868+0000] {processor.py:153} INFO - Started process (PID=1633) to work on /home/airflow/.local/lib/python3.7/site-packages/airflow/example_dags/example_branch_operator_decorator.py
[2026-02-13T22:30:09.869+0000] {processor.py:743} INFO - Processing file /home/airflow/.local/lib/python3.7/site-packages/airflow/example_dags/example_branch_operator_decorator.py for tasks to queue
[2026-02-13T22:30:09.869+0000] {logging_mixin.py:137} INFO - [2026-02-13T22:30:09.869+0000] {dagbag.py:538} INFO - Filling up the DagBag from /home/airflow/.local/lib/python3.7/site-packages/airflow/example_dags/example_branch_operator_decorator.py
[2026-02-13T22:30:09.880+0000] {processor.py:753} INFO - DAG(s) dict_keys(['example_branch_python_operator_decorator']) retrieved from /home/airflow/.local/lib/python3.7/site-packages/airflow/example_dags/example_branch_operator_decorator.py
[2026-02-13T22:30:09.900+0000] {logging_mixin.py:137} INFO - [2026-02-13T22:30:09.900+0000] {dag.py:2690} INFO - Sync 1 DAGs
[2026-02-13T22:30:09.915+0000] {logging_mixin.py:137} INFO - [2026-02-13T22:30:09.915+0000] {dag.py:3441} INFO - Setting next_dagrun for example_branch_python_operator_decorator to 2026-02-12T00:00:00+00:00, run_after=2026-02-13T00:00:00+00:00
[2026-02-13T22:30:09.928+0000] {processor.py:175} INFO - Processing /home/airflow/.local/lib/python3.7/site-packages/airflow/example_dags/example_branch_operator_decorator.py took 0.061 seconds
[2026-02-13T22:30:40.666+0000] {processor.py:153} INFO - Started process (PID=1713) to work on /home/airflow/.local/lib/python3.7/site-packages/airflow/example_dags/example_branch_operator_decorator.py
[2026-02-13T22:30:40.668+0000] {processor.py:743} INFO - Processing file /home/airflow/.local/lib/python3.7/site-packages/airflow/example_dags/example_branch_operator_decorator.py for tasks to queue
[2026-02-13T22:30:40.668+0000] {logging_mixin.py:137} INFO - [2026-02-13T22:30:40.668+0000] {dagbag.py:538} INFO - Filling up the DagBag from /home/airflow/.local/lib/python3.7/site-packages/airflow/example_dags/example_branch_operator_decorator.py
[2026-02-13T22:30:40.679+0000] {processor.py:753} INFO - DAG(s) dict_keys(['example_branch_python_operator_decorator']) retrieved from /home/airflow/.local/lib/python3.7/site-packages/airflow/example_dags/example_branch_operator_decorator.py
[2026-02-13T22:30:40.696+0000] {logging_mixin.py:137} INFO - [2026-02-13T22:30:40.696+0000] {dag.py:2690} INFO - Sync 1 DAGs
[2026-02-13T22:30:40.708+0000] {logging_mixin.py:137} INFO - [2026-02-13T22:30:40.708+0000] {dag.py:3441} INFO - Setting next_dagrun for example_branch_python_operator_decorator to 2026-02-12T00:00:00+00:00, run_after=2026-02-13T00:00:00+00:00
[2026-02-13T22:30:40.719+0000] {processor.py:175} INFO - Processing /home/airflow/.local/lib/python3.7/site-packages/airflow/example_dags/example_branch_operator_decorator.py took 0.054 seconds
[2026-02-13T22:31:11.221+0000] {processor.py:153} INFO - Started process (PID=1802) to work on /home/airflow/.local/lib/python3.7/site-packages/airflow/example_dags/example_branch_operator_decorator.py
[2026-02-13T22:31:11.221+0000] {processor.py:743} INFO - Processing file /home/airflow/.local/lib/python3.7/site-packages/airflow/example_dags/example_branch_operator_decorator.py for tasks to queue
[2026-02-13T22:31:11.221+0000] {logging_mixin.py:137} INFO - [2026-02-13T22:31:11.221+0000] {dagbag.py:538} INFO - Filling up the DagBag from /home/airflow/.local/lib/python3.7/site-packages/airflow/example_dags/example_branch_operator_decorator.py
[2026-02-13T22:31:11.232+0000] {processor.py:753} INFO - DAG(s) dict_keys(['example_branch_python_operator_decorator']) retrieved from /home/airflow/.local/lib/python3.7/site-packages/airflow/example_dags/example_branch_operator_decorator.py
[2026-02-13T22:31:11.246+0000] {logging_mixin.py:137} INFO - [2026-02-13T22:31:11.246+0000] {dag.py:2690} INFO - Sync 1 DAGs
[2026-02-13T22:31:11.257+0000] {logging_mixin.py:137} INFO - [2026-02-13T22:31:11.257+0000] {dag.py:3441} INFO - Setting next_dagrun for example_branch_python_operator_decorator to 2026-02-12T00:00:00+00:00, run_after=2026-02-13T00:00:00+00:00
[2026-02-13T22:31:11.265+0000] {processor.py:175} INFO - Processing /home/airflow/.local/lib/python3.7/site-packages/airflow/example_dags/example_branch_operator_decorator.py took 0.046 seconds
[2026-02-13T22:31:41.969+0000] {processor.py:153} INFO - Started process (PID=1891) to work on /home/airflow/.local/lib/python3.7/site-packages/airflow/example_dags/example_branch_operator_decorator.py
[2026-02-13T22:31:41.971+0000] {processor.py:743} INFO - Processing file /home/airflow/.local/lib/python3.7/site-packages/airflow/example_dags/example_branch_operator_decorator.py for tasks to queue
[2026-02-13T22:31:41.971+0000] {logging_mixin.py:137} INFO - [2026-02-13T22:31:41.971+0000] {dagbag.py:538} INFO - Filling up the DagBag from /home/airflow/.local/lib/python3.7/site-packages/airflow/example_dags/example_branch_operator_decorator.py
[2026-02-13T22:31:41.986+0000] {processor.py:753} INFO - DAG(s) dict_keys(['example_branch_python_operator_decorator']) retrieved from /home/airflow/.local/lib/python3.7/site-packages/airflow/example_dags/example_branch_operator_decorator.py
[2026-02-13T22:31:42.004+0000] {logging_mixin.py:137} INFO - [2026-02-13T22:31:42.004+0000] {dag.py:2690} INFO - Sync 1 DAGs
[2026-02-13T22:31:42.018+0000] {logging_mixin.py:137} INFO - [2026-02-13T22:31:42.018+0000] {dag.py:3441} INFO - Setting next_dagrun for example_branch_python_operator_decorator to 2026-02-12T00:00:00+00:00, run_after=2026-02-13T00:00:00+00:00
[2026-02-13T22:31:42.030+0000] {processor.py:175} INFO - Processing /home/airflow/.local/lib/python3.7/site-packages/airflow/example_dags/example_branch_operator_decorator.py took 0.063 seconds
[2026-02-13T22:32:12.991+0000] {processor.py:153} INFO - Started process (PID=1979) to work on /home/airflow/.local/lib/python3.7/site-packages/airflow/example_dags/example_branch_operator_decorator.py
[2026-02-13T22:32:12.992+0000] {processor.py:743} INFO - Processing file /home/airflow/.local/lib/python3.7/site-packages/airflow/example_dags/example_branch_operator_decorator.py for tasks to queue
[2026-02-13T22:32:12.992+0000] {logging_mixin.py:137} INFO - [2026-02-13T22:32:12.992+0000] {dagbag.py:538} INFO - Filling up the DagBag from /home/airflow/.local/lib/python3.7/site-packages/airflow/example_dags/example_branch_operator_decorator.py
[2026-02-13T22:32:13.016+0000] {processor.py:753} INFO - DAG(s) dict_keys(['example_branch_python_operator_decorator']) retrieved from /home/airflow/.local/lib/python3.7/site-packages/airflow/example_dags/example_branch_operator_decorator.py
[2026-02-13T22:32:13.041+0000] {logging_mixin.py:137} INFO - [2026-02-13T22:32:13.041+0000] {dag.py:2690} INFO - Sync 1 DAGs
[2026-02-13T22:32:13.064+0000] {logging_mixin.py:137} INFO - [2026-02-13T22:32:13.064+0000] {dag.py:3441} INFO - Setting next_dagrun for example_branch_python_operator_decorator to 2026-02-12T00:00:00+00:00, run_after=2026-02-13T00:00:00+00:00
[2026-02-13T22:32:13.093+0000] {processor.py:175} INFO - Processing /home/airflow/.local/lib/python3.7/site-packages/airflow/example_dags/example_branch_operator_decorator.py took 0.104 seconds
[2026-02-13T22:32:43.180+0000] {processor.py:153} INFO - Started process (PID=2052) to work on /home/airflow/.local/lib/python3.7/site-packages/airflow/example_dags/example_branch_operator_decorator.py
[2026-02-13T22:32:43.181+0000] {processor.py:743} INFO - Processing file /home/airflow/.local/lib/python3.7/site-packages/airflow/example_dags/example_branch_operator_decorator.py for tasks to queue
[2026-02-13T22:32:43.182+0000] {logging_mixin.py:137} INFO - [2026-02-13T22:32:43.182+0000] {dagbag.py:538} INFO - Filling up the DagBag from /home/airflow/.local/lib/python3.7/site-packages/airflow/example_dags/example_branch_operator_decorator.py
[2026-02-13T22:32:43.196+0000] {processor.py:753} INFO - DAG(s) dict_keys(['example_branch_python_operator_decorator']) retrieved from /home/airflow/.local/lib/python3.7/site-packages/airflow/example_dags/example_branch_operator_decorator.py
[2026-02-13T22:32:43.213+0000] {logging_mixin.py:137} INFO - [2026-02-13T22:32:43.213+0000] {dag.py:2690} INFO - Sync 1 DAGs
[2026-02-13T22:32:43.226+0000] {logging_mixin.py:137} INFO - [2026-02-13T22:32:43.226+0000] {dag.py:3441} INFO - Setting next_dagrun for example_branch_python_operator_decorator to 2026-02-12T00:00:00+00:00, run_after=2026-02-13T00:00:00+00:00
[2026-02-13T22:32:43.239+0000] {processor.py:175} INFO - Processing /home/airflow/.local/lib/python3.7/site-packages/airflow/example_dags/example_branch_operator_decorator.py took 0.061 seconds
[2026-02-13T22:34:04.683+0000] {processor.py:153} INFO - Started process (PID=103) to work on /home/airflow/.local/lib/python3.7/site-packages/airflow/example_dags/example_branch_operator_decorator.py
[2026-02-13T22:34:04.685+0000] {processor.py:743} INFO - Processing file /home/airflow/.local/lib/python3.7/site-packages/airflow/example_dags/example_branch_operator_decorator.py for tasks to queue
[2026-02-13T22:34:04.685+0000] {logging_mixin.py:137} INFO - [2026-02-13T22:34:04.685+0000] {dagbag.py:538} INFO - Filling up the DagBag from /home/airflow/.local/lib/python3.7/site-packages/airflow/example_dags/example_branch_operator_decorator.py
[2026-02-13T22:34:04.715+0000] {processor.py:753} INFO - DAG(s) dict_keys(['example_branch_python_operator_decorator']) retrieved from /home/airflow/.local/lib/python3.7/site-packages/airflow/example_dags/example_branch_operator_decorator.py
[2026-02-13T22:34:04.741+0000] {logging_mixin.py:137} INFO - [2026-02-13T22:34:04.741+0000] {dag.py:2690} INFO - Sync 1 DAGs
[2026-02-13T22:34:04.758+0000] {logging_mixin.py:137} INFO - [2026-02-13T22:34:04.758+0000] {dag.py:3441} INFO - Setting next_dagrun for example_branch_python_operator_decorator to 2026-02-12T00:00:00+00:00, run_after=2026-02-13T00:00:00+00:00
[2026-02-13T22:34:04.769+0000] {processor.py:175} INFO - Processing /home/airflow/.local/lib/python3.7/site-packages/airflow/example_dags/example_branch_operator_decorator.py took 0.088 seconds
[2026-02-13T22:34:35.604+0000] {processor.py:153} INFO - Started process (PID=194) to work on /home/airflow/.local/lib/python3.7/site-packages/airflow/example_dags/example_branch_operator_decorator.py
[2026-02-13T22:34:35.606+0000] {processor.py:743} INFO - Processing file /home/airflow/.local/lib/python3.7/site-packages/airflow/example_dags/example_branch_operator_decorator.py for tasks to queue
[2026-02-13T22:34:35.607+0000] {logging_mixin.py:137} INFO - [2026-02-13T22:34:35.607+0000] {dagbag.py:538} INFO - Filling up the DagBag from /home/airflow/.local/lib/python3.7/site-packages/airflow/example_dags/example_branch_operator_decorator.py
[2026-02-13T22:34:35.620+0000] {processor.py:753} INFO - DAG(s) dict_keys(['example_branch_python_operator_decorator']) retrieved from /home/airflow/.local/lib/python3.7/site-packages/airflow/example_dags/example_branch_operator_decorator.py
[2026-02-13T22:34:35.638+0000] {logging_mixin.py:137} INFO - [2026-02-13T22:34:35.638+0000] {dag.py:2690} INFO - Sync 1 DAGs
[2026-02-13T22:34:35.652+0000] {logging_mixin.py:137} INFO - [2026-02-13T22:34:35.652+0000] {dag.py:3441} INFO - Setting next_dagrun for example_branch_python_operator_decorator to 2026-02-12T00:00:00+00:00, run_after=2026-02-13T00:00:00+00:00
[2026-02-13T22:34:35.666+0000] {processor.py:175} INFO - Processing /home/airflow/.local/lib/python3.7/site-packages/airflow/example_dags/example_branch_operator_decorator.py took 0.063 seconds
[2026-02-13T22:35:06.576+0000] {processor.py:153} INFO - Started process (PID=269) to work on /home/airflow/.local/lib/python3.7/site-packages/airflow/example_dags/example_branch_operator_decorator.py
[2026-02-13T22:35:06.576+0000] {processor.py:743} INFO - Processing file /home/airflow/.local/lib/python3.7/site-packages/airflow/example_dags/example_branch_operator_decorator.py for tasks to queue
[2026-02-13T22:35:06.577+0000] {logging_mixin.py:137} INFO - [2026-02-13T22:35:06.577+0000] {dagbag.py:538} INFO - Filling up the DagBag from /home/airflow/.local/lib/python3.7/site-packages/airflow/example_dags/example_branch_operator_decorator.py
[2026-02-13T22:35:06.591+0000] {processor.py:753} INFO - DAG(s) dict_keys(['example_branch_python_operator_decorator']) retrieved from /home/airflow/.local/lib/python3.7/site-packages/airflow/example_dags/example_branch_operator_decorator.py
[2026-02-13T22:35:06.603+0000] {logging_mixin.py:137} INFO - [2026-02-13T22:35:06.603+0000] {dag.py:2690} INFO - Sync 1 DAGs
[2026-02-13T22:35:06.615+0000] {logging_mixin.py:137} INFO - [2026-02-13T22:35:06.615+0000] {dag.py:3441} INFO - Setting next_dagrun for example_branch_python_operator_decorator to 2026-02-12T00:00:00+00:00, run_after=2026-02-13T00:00:00+00:00
[2026-02-13T22:35:06.625+0000] {processor.py:175} INFO - Processing /home/airflow/.local/lib/python3.7/site-packages/airflow/example_dags/example_branch_operator_decorator.py took 0.051 seconds
[2026-02-13T22:35:37.413+0000] {processor.py:153} INFO - Started process (PID=361) to work on /home/airflow/.local/lib/python3.7/site-packages/airflow/example_dags/example_branch_operator_decorator.py
[2026-02-13T22:35:37.414+0000] {processor.py:743} INFO - Processing file /home/airflow/.local/lib/python3.7/site-packages/airflow/example_dags/example_branch_operator_decorator.py for tasks to queue
[2026-02-13T22:35:37.414+0000] {logging_mixin.py:137} INFO - [2026-02-13T22:35:37.414+0000] {dagbag.py:538} INFO - Filling up the DagBag from /home/airflow/.local/lib/python3.7/site-packages/airflow/example_dags/example_branch_operator_decorator.py
[2026-02-13T22:35:37.427+0000] {processor.py:753} INFO - DAG(s) dict_keys(['example_branch_python_operator_decorator']) retrieved from /home/airflow/.local/lib/python3.7/site-packages/airflow/example_dags/example_branch_operator_decorator.py
[2026-02-13T22:35:37.443+0000] {logging_mixin.py:137} INFO - [2026-02-13T22:35:37.443+0000] {dag.py:2690} INFO - Sync 1 DAGs
[2026-02-13T22:35:37.456+0000] {logging_mixin.py:137} INFO - [2026-02-13T22:35:37.456+0000] {dag.py:3441} INFO - Setting next_dagrun for example_branch_python_operator_decorator to 2026-02-12T00:00:00+00:00, run_after=2026-02-13T00:00:00+00:00
[2026-02-13T22:35:37.467+0000] {processor.py:175} INFO - Processing /home/airflow/.local/lib/python3.7/site-packages/airflow/example_dags/example_branch_operator_decorator.py took 0.055 seconds
[2026-02-13T22:36:08.338+0000] {processor.py:153} INFO - Started process (PID=452) to work on /home/airflow/.local/lib/python3.7/site-packages/airflow/example_dags/example_branch_operator_decorator.py
[2026-02-13T22:36:08.339+0000] {processor.py:743} INFO - Processing file /home/airflow/.local/lib/python3.7/site-packages/airflow/example_dags/example_branch_operator_decorator.py for tasks to queue
[2026-02-13T22:36:08.339+0000] {logging_mixin.py:137} INFO - [2026-02-13T22:36:08.339+0000] {dagbag.py:538} INFO - Filling up the DagBag from /home/airflow/.local/lib/python3.7/site-packages/airflow/example_dags/example_branch_operator_decorator.py
[2026-02-13T22:36:08.351+0000] {processor.py:753} INFO - DAG(s) dict_keys(['example_branch_python_operator_decorator']) retrieved from /home/airflow/.local/lib/python3.7/site-packages/airflow/example_dags/example_branch_operator_decorator.py
[2026-02-13T22:36:08.365+0000] {logging_mixin.py:137} INFO - [2026-02-13T22:36:08.365+0000] {dag.py:2690} INFO - Sync 1 DAGs
[2026-02-13T22:36:08.379+0000] {logging_mixin.py:137} INFO - [2026-02-13T22:36:08.379+0000] {dag.py:3441} INFO - Setting next_dagrun for example_branch_python_operator_decorator to 2026-02-12T00:00:00+00:00, run_after=2026-02-13T00:00:00+00:00
[2026-02-13T22:36:08.390+0000] {processor.py:175} INFO - Processing /home/airflow/.local/lib/python3.7/site-packages/airflow/example_dags/example_branch_operator_decorator.py took 0.054 seconds
[2026-02-13T22:36:39.114+0000] {processor.py:153} INFO - Started process (PID=544) to work on /home/airflow/.local/lib/python3.7/site-packages/airflow/example_dags/example_branch_operator_decorator.py
[2026-02-13T22:36:39.115+0000] {processor.py:743} INFO - Processing file /home/airflow/.local/lib/python3.7/site-packages/airflow/example_dags/example_branch_operator_decorator.py for tasks to queue
[2026-02-13T22:36:39.115+0000] {logging_mixin.py:137} INFO - [2026-02-13T22:36:39.115+0000] {dagbag.py:538} INFO - Filling up the DagBag from /home/airflow/.local/lib/python3.7/site-packages/airflow/example_dags/example_branch_operator_decorator.py
[2026-02-13T22:36:39.125+0000] {processor.py:753} INFO - DAG(s) dict_keys(['example_branch_python_operator_decorator']) retrieved from /home/airflow/.local/lib/python3.7/site-packages/airflow/example_dags/example_branch_operator_decorator.py
[2026-02-13T22:36:39.135+0000] {logging_mixin.py:137} INFO - [2026-02-13T22:36:39.134+0000] {dag.py:2690} INFO - Sync 1 DAGs
[2026-02-13T22:36:39.145+0000] {logging_mixin.py:137} INFO - [2026-02-13T22:36:39.145+0000] {dag.py:3441} INFO - Setting next_dagrun for example_branch_python_operator_decorator to 2026-02-12T00:00:00+00:00, run_after=2026-02-13T00:00:00+00:00
[2026-02-13T22:36:39.151+0000] {processor.py:175} INFO - Processing /home/airflow/.local/lib/python3.7/site-packages/airflow/example_dags/example_branch_operator_decorator.py took 0.038 seconds
