[2026-02-13T21:49:31.193+0000] {processor.py:153} INFO - Started process (PID=41) to work on /home/airflow/.local/lib/python3.7/site-packages/airflow/example_dags/example_short_circuit_decorator.py
[2026-02-13T21:49:31.195+0000] {processor.py:743} INFO - Processing file /home/airflow/.local/lib/python3.7/site-packages/airflow/example_dags/example_short_circuit_decorator.py for tasks to queue
[2026-02-13T21:49:31.196+0000] {logging_mixin.py:137} INFO - [2026-02-13T21:49:31.195+0000] {dagbag.py:538} INFO - Filling up the DagBag from /home/airflow/.local/lib/python3.7/site-packages/airflow/example_dags/example_short_circuit_decorator.py
[2026-02-13T21:49:31.213+0000] {processor.py:753} INFO - DAG(s) dict_keys(['example_short_circuit_decorator']) retrieved from /home/airflow/.local/lib/python3.7/site-packages/airflow/example_dags/example_short_circuit_decorator.py
[2026-02-13T21:49:31.223+0000] {logging_mixin.py:137} INFO - [2026-02-13T21:49:31.223+0000] {dag.py:2690} INFO - Sync 1 DAGs
[2026-02-13T21:49:31.237+0000] {logging_mixin.py:137} INFO - [2026-02-13T21:49:31.237+0000] {dag.py:3441} INFO - Setting next_dagrun for example_short_circuit_decorator to 2026-02-12T21:49:31.236965+00:00, run_after=2026-02-13T21:49:31.236965+00:00
[2026-02-13T21:49:31.247+0000] {processor.py:175} INFO - Processing /home/airflow/.local/lib/python3.7/site-packages/airflow/example_dags/example_short_circuit_decorator.py took 0.056 seconds
[2026-02-13T21:50:01.996+0000] {processor.py:153} INFO - Started process (PID=129) to work on /home/airflow/.local/lib/python3.7/site-packages/airflow/example_dags/example_short_circuit_decorator.py
[2026-02-13T21:50:01.998+0000] {processor.py:743} INFO - Processing file /home/airflow/.local/lib/python3.7/site-packages/airflow/example_dags/example_short_circuit_decorator.py for tasks to queue
[2026-02-13T21:50:01.999+0000] {logging_mixin.py:137} INFO - [2026-02-13T21:50:01.999+0000] {dagbag.py:538} INFO - Filling up the DagBag from /home/airflow/.local/lib/python3.7/site-packages/airflow/example_dags/example_short_circuit_decorator.py
[2026-02-13T21:50:02.014+0000] {processor.py:753} INFO - DAG(s) dict_keys(['example_short_circuit_decorator']) retrieved from /home/airflow/.local/lib/python3.7/site-packages/airflow/example_dags/example_short_circuit_decorator.py
[2026-02-13T21:50:02.034+0000] {logging_mixin.py:137} INFO - [2026-02-13T21:50:02.033+0000] {dag.py:2690} INFO - Sync 1 DAGs
[2026-02-13T21:50:02.046+0000] {logging_mixin.py:137} INFO - [2026-02-13T21:50:02.046+0000] {dag.py:3441} INFO - Setting next_dagrun for example_short_circuit_decorator to 2026-02-12T21:50:02.045913+00:00, run_after=2026-02-13T21:50:02.045913+00:00
[2026-02-13T21:50:02.057+0000] {processor.py:175} INFO - Processing /home/airflow/.local/lib/python3.7/site-packages/airflow/example_dags/example_short_circuit_decorator.py took 0.063 seconds
[2026-02-13T21:50:32.424+0000] {processor.py:153} INFO - Started process (PID=202) to work on /home/airflow/.local/lib/python3.7/site-packages/airflow/example_dags/example_short_circuit_decorator.py
[2026-02-13T21:50:32.426+0000] {processor.py:743} INFO - Processing file /home/airflow/.local/lib/python3.7/site-packages/airflow/example_dags/example_short_circuit_decorator.py for tasks to queue
[2026-02-13T21:50:32.427+0000] {logging_mixin.py:137} INFO - [2026-02-13T21:50:32.427+0000] {dagbag.py:538} INFO - Filling up the DagBag from /home/airflow/.local/lib/python3.7/site-packages/airflow/example_dags/example_short_circuit_decorator.py
[2026-02-13T21:50:32.442+0000] {processor.py:753} INFO - DAG(s) dict_keys(['example_short_circuit_decorator']) retrieved from /home/airflow/.local/lib/python3.7/site-packages/airflow/example_dags/example_short_circuit_decorator.py
[2026-02-13T21:50:32.464+0000] {logging_mixin.py:137} INFO - [2026-02-13T21:50:32.463+0000] {dag.py:2690} INFO - Sync 1 DAGs
[2026-02-13T21:50:32.477+0000] {logging_mixin.py:137} INFO - [2026-02-13T21:50:32.477+0000] {dag.py:3441} INFO - Setting next_dagrun for example_short_circuit_decorator to 2026-02-12T21:50:32.476890+00:00, run_after=2026-02-13T21:50:32.476890+00:00
[2026-02-13T21:50:32.490+0000] {processor.py:175} INFO - Processing /home/airflow/.local/lib/python3.7/site-packages/airflow/example_dags/example_short_circuit_decorator.py took 0.068 seconds
[2026-02-13T21:51:03.141+0000] {processor.py:153} INFO - Started process (PID=290) to work on /home/airflow/.local/lib/python3.7/site-packages/airflow/example_dags/example_short_circuit_decorator.py
[2026-02-13T21:51:03.141+0000] {processor.py:743} INFO - Processing file /home/airflow/.local/lib/python3.7/site-packages/airflow/example_dags/example_short_circuit_decorator.py for tasks to queue
[2026-02-13T21:51:03.142+0000] {logging_mixin.py:137} INFO - [2026-02-13T21:51:03.142+0000] {dagbag.py:538} INFO - Filling up the DagBag from /home/airflow/.local/lib/python3.7/site-packages/airflow/example_dags/example_short_circuit_decorator.py
[2026-02-13T21:51:03.160+0000] {processor.py:753} INFO - DAG(s) dict_keys(['example_short_circuit_decorator']) retrieved from /home/airflow/.local/lib/python3.7/site-packages/airflow/example_dags/example_short_circuit_decorator.py
[2026-02-13T21:51:03.177+0000] {logging_mixin.py:137} INFO - [2026-02-13T21:51:03.177+0000] {dag.py:2690} INFO - Sync 1 DAGs
[2026-02-13T21:51:03.187+0000] {logging_mixin.py:137} INFO - [2026-02-13T21:51:03.187+0000] {dag.py:3441} INFO - Setting next_dagrun for example_short_circuit_decorator to 2026-02-12T21:51:03.187774+00:00, run_after=2026-02-13T21:51:03.187774+00:00
[2026-02-13T21:51:03.198+0000] {processor.py:175} INFO - Processing /home/airflow/.local/lib/python3.7/site-packages/airflow/example_dags/example_short_circuit_decorator.py took 0.059 seconds
[2026-02-13T21:51:33.584+0000] {processor.py:153} INFO - Started process (PID=378) to work on /home/airflow/.local/lib/python3.7/site-packages/airflow/example_dags/example_short_circuit_decorator.py
[2026-02-13T21:51:33.585+0000] {processor.py:743} INFO - Processing file /home/airflow/.local/lib/python3.7/site-packages/airflow/example_dags/example_short_circuit_decorator.py for tasks to queue
[2026-02-13T21:51:33.586+0000] {logging_mixin.py:137} INFO - [2026-02-13T21:51:33.586+0000] {dagbag.py:538} INFO - Filling up the DagBag from /home/airflow/.local/lib/python3.7/site-packages/airflow/example_dags/example_short_circuit_decorator.py
[2026-02-13T21:51:33.599+0000] {processor.py:753} INFO - DAG(s) dict_keys(['example_short_circuit_decorator']) retrieved from /home/airflow/.local/lib/python3.7/site-packages/airflow/example_dags/example_short_circuit_decorator.py
[2026-02-13T21:51:33.614+0000] {logging_mixin.py:137} INFO - [2026-02-13T21:51:33.614+0000] {dag.py:2690} INFO - Sync 1 DAGs
[2026-02-13T21:51:33.627+0000] {logging_mixin.py:137} INFO - [2026-02-13T21:51:33.627+0000] {dag.py:3441} INFO - Setting next_dagrun for example_short_circuit_decorator to 2026-02-12T21:51:33.627014+00:00, run_after=2026-02-13T21:51:33.627014+00:00
[2026-02-13T21:51:33.637+0000] {processor.py:175} INFO - Processing /home/airflow/.local/lib/python3.7/site-packages/airflow/example_dags/example_short_circuit_decorator.py took 0.055 seconds
[2026-02-13T21:52:04.028+0000] {processor.py:153} INFO - Started process (PID=466) to work on /home/airflow/.local/lib/python3.7/site-packages/airflow/example_dags/example_short_circuit_decorator.py
[2026-02-13T21:52:04.029+0000] {processor.py:743} INFO - Processing file /home/airflow/.local/lib/python3.7/site-packages/airflow/example_dags/example_short_circuit_decorator.py for tasks to queue
[2026-02-13T21:52:04.030+0000] {logging_mixin.py:137} INFO - [2026-02-13T21:52:04.029+0000] {dagbag.py:538} INFO - Filling up the DagBag from /home/airflow/.local/lib/python3.7/site-packages/airflow/example_dags/example_short_circuit_decorator.py
[2026-02-13T21:52:04.043+0000] {processor.py:753} INFO - DAG(s) dict_keys(['example_short_circuit_decorator']) retrieved from /home/airflow/.local/lib/python3.7/site-packages/airflow/example_dags/example_short_circuit_decorator.py
[2026-02-13T21:52:04.059+0000] {logging_mixin.py:137} INFO - [2026-02-13T21:52:04.059+0000] {dag.py:2690} INFO - Sync 1 DAGs
[2026-02-13T21:52:04.070+0000] {logging_mixin.py:137} INFO - [2026-02-13T21:52:04.070+0000] {dag.py:3441} INFO - Setting next_dagrun for example_short_circuit_decorator to 2026-02-12T21:52:04.070650+00:00, run_after=2026-02-13T21:52:04.070650+00:00
[2026-02-13T21:52:04.083+0000] {processor.py:175} INFO - Processing /home/airflow/.local/lib/python3.7/site-packages/airflow/example_dags/example_short_circuit_decorator.py took 0.058 seconds
[2026-02-13T21:52:34.407+0000] {processor.py:153} INFO - Started process (PID=547) to work on /home/airflow/.local/lib/python3.7/site-packages/airflow/example_dags/example_short_circuit_decorator.py
[2026-02-13T21:52:34.408+0000] {processor.py:743} INFO - Processing file /home/airflow/.local/lib/python3.7/site-packages/airflow/example_dags/example_short_circuit_decorator.py for tasks to queue
[2026-02-13T21:52:34.408+0000] {logging_mixin.py:137} INFO - [2026-02-13T21:52:34.408+0000] {dagbag.py:538} INFO - Filling up the DagBag from /home/airflow/.local/lib/python3.7/site-packages/airflow/example_dags/example_short_circuit_decorator.py
[2026-02-13T21:52:34.420+0000] {processor.py:753} INFO - DAG(s) dict_keys(['example_short_circuit_decorator']) retrieved from /home/airflow/.local/lib/python3.7/site-packages/airflow/example_dags/example_short_circuit_decorator.py
[2026-02-13T21:52:34.438+0000] {logging_mixin.py:137} INFO - [2026-02-13T21:52:34.438+0000] {dag.py:2690} INFO - Sync 1 DAGs
[2026-02-13T21:52:34.449+0000] {logging_mixin.py:137} INFO - [2026-02-13T21:52:34.449+0000] {dag.py:3441} INFO - Setting next_dagrun for example_short_circuit_decorator to 2026-02-12T21:52:34.449528+00:00, run_after=2026-02-13T21:52:34.449528+00:00
[2026-02-13T21:52:34.462+0000] {processor.py:175} INFO - Processing /home/airflow/.local/lib/python3.7/site-packages/airflow/example_dags/example_short_circuit_decorator.py took 0.057 seconds
[2026-02-13T21:53:05.050+0000] {processor.py:153} INFO - Started process (PID=625) to work on /home/airflow/.local/lib/python3.7/site-packages/airflow/example_dags/example_short_circuit_decorator.py
[2026-02-13T21:53:05.051+0000] {processor.py:743} INFO - Processing file /home/airflow/.local/lib/python3.7/site-packages/airflow/example_dags/example_short_circuit_decorator.py for tasks to queue
[2026-02-13T21:53:05.052+0000] {logging_mixin.py:137} INFO - [2026-02-13T21:53:05.052+0000] {dagbag.py:538} INFO - Filling up the DagBag from /home/airflow/.local/lib/python3.7/site-packages/airflow/example_dags/example_short_circuit_decorator.py
[2026-02-13T21:53:05.063+0000] {processor.py:753} INFO - DAG(s) dict_keys(['example_short_circuit_decorator']) retrieved from /home/airflow/.local/lib/python3.7/site-packages/airflow/example_dags/example_short_circuit_decorator.py
[2026-02-13T21:53:05.081+0000] {logging_mixin.py:137} INFO - [2026-02-13T21:53:05.080+0000] {dag.py:2690} INFO - Sync 1 DAGs
[2026-02-13T21:53:05.091+0000] {logging_mixin.py:137} INFO - [2026-02-13T21:53:05.091+0000] {dag.py:3441} INFO - Setting next_dagrun for example_short_circuit_decorator to 2026-02-12T21:53:05.091767+00:00, run_after=2026-02-13T21:53:05.091767+00:00
[2026-02-13T21:53:05.104+0000] {processor.py:175} INFO - Processing /home/airflow/.local/lib/python3.7/site-packages/airflow/example_dags/example_short_circuit_decorator.py took 0.055 seconds
[2026-02-13T21:53:35.498+0000] {processor.py:153} INFO - Started process (PID=713) to work on /home/airflow/.local/lib/python3.7/site-packages/airflow/example_dags/example_short_circuit_decorator.py
[2026-02-13T21:53:35.498+0000] {processor.py:743} INFO - Processing file /home/airflow/.local/lib/python3.7/site-packages/airflow/example_dags/example_short_circuit_decorator.py for tasks to queue
[2026-02-13T21:53:35.500+0000] {logging_mixin.py:137} INFO - [2026-02-13T21:53:35.500+0000] {dagbag.py:538} INFO - Filling up the DagBag from /home/airflow/.local/lib/python3.7/site-packages/airflow/example_dags/example_short_circuit_decorator.py
[2026-02-13T21:53:35.518+0000] {processor.py:753} INFO - DAG(s) dict_keys(['example_short_circuit_decorator']) retrieved from /home/airflow/.local/lib/python3.7/site-packages/airflow/example_dags/example_short_circuit_decorator.py
[2026-02-13T21:53:35.540+0000] {logging_mixin.py:137} INFO - [2026-02-13T21:53:35.540+0000] {dag.py:2690} INFO - Sync 1 DAGs
[2026-02-13T21:53:35.559+0000] {logging_mixin.py:137} INFO - [2026-02-13T21:53:35.558+0000] {dag.py:3441} INFO - Setting next_dagrun for example_short_circuit_decorator to 2026-02-12T21:53:35.557719+00:00, run_after=2026-02-13T21:53:35.557719+00:00
[2026-02-13T21:53:35.571+0000] {processor.py:175} INFO - Processing /home/airflow/.local/lib/python3.7/site-packages/airflow/example_dags/example_short_circuit_decorator.py took 0.077 seconds
[2026-02-13T21:54:05.976+0000] {processor.py:153} INFO - Started process (PID=801) to work on /home/airflow/.local/lib/python3.7/site-packages/airflow/example_dags/example_short_circuit_decorator.py
[2026-02-13T21:54:05.977+0000] {processor.py:743} INFO - Processing file /home/airflow/.local/lib/python3.7/site-packages/airflow/example_dags/example_short_circuit_decorator.py for tasks to queue
[2026-02-13T21:54:05.978+0000] {logging_mixin.py:137} INFO - [2026-02-13T21:54:05.978+0000] {dagbag.py:538} INFO - Filling up the DagBag from /home/airflow/.local/lib/python3.7/site-packages/airflow/example_dags/example_short_circuit_decorator.py
[2026-02-13T21:54:05.992+0000] {processor.py:753} INFO - DAG(s) dict_keys(['example_short_circuit_decorator']) retrieved from /home/airflow/.local/lib/python3.7/site-packages/airflow/example_dags/example_short_circuit_decorator.py
[2026-02-13T21:54:06.007+0000] {logging_mixin.py:137} INFO - [2026-02-13T21:54:06.007+0000] {dag.py:2690} INFO - Sync 1 DAGs
[2026-02-13T21:54:06.018+0000] {logging_mixin.py:137} INFO - [2026-02-13T21:54:06.018+0000] {dag.py:3441} INFO - Setting next_dagrun for example_short_circuit_decorator to 2026-02-12T21:54:06.018464+00:00, run_after=2026-02-13T21:54:06.018464+00:00
[2026-02-13T21:54:06.029+0000] {processor.py:175} INFO - Processing /home/airflow/.local/lib/python3.7/site-packages/airflow/example_dags/example_short_circuit_decorator.py took 0.055 seconds
[2026-02-13T21:54:36.390+0000] {processor.py:153} INFO - Started process (PID=882) to work on /home/airflow/.local/lib/python3.7/site-packages/airflow/example_dags/example_short_circuit_decorator.py
[2026-02-13T21:54:36.391+0000] {processor.py:743} INFO - Processing file /home/airflow/.local/lib/python3.7/site-packages/airflow/example_dags/example_short_circuit_decorator.py for tasks to queue
[2026-02-13T21:54:36.391+0000] {logging_mixin.py:137} INFO - [2026-02-13T21:54:36.391+0000] {dagbag.py:538} INFO - Filling up the DagBag from /home/airflow/.local/lib/python3.7/site-packages/airflow/example_dags/example_short_circuit_decorator.py
[2026-02-13T21:54:36.407+0000] {processor.py:753} INFO - DAG(s) dict_keys(['example_short_circuit_decorator']) retrieved from /home/airflow/.local/lib/python3.7/site-packages/airflow/example_dags/example_short_circuit_decorator.py
[2026-02-13T21:54:36.423+0000] {logging_mixin.py:137} INFO - [2026-02-13T21:54:36.423+0000] {dag.py:2690} INFO - Sync 1 DAGs
[2026-02-13T21:54:36.435+0000] {logging_mixin.py:137} INFO - [2026-02-13T21:54:36.435+0000] {dag.py:3441} INFO - Setting next_dagrun for example_short_circuit_decorator to 2026-02-12T21:54:36.435274+00:00, run_after=2026-02-13T21:54:36.435274+00:00
[2026-02-13T21:54:36.451+0000] {processor.py:175} INFO - Processing /home/airflow/.local/lib/python3.7/site-packages/airflow/example_dags/example_short_circuit_decorator.py took 0.063 seconds
[2026-02-13T21:55:07.089+0000] {processor.py:153} INFO - Started process (PID=961) to work on /home/airflow/.local/lib/python3.7/site-packages/airflow/example_dags/example_short_circuit_decorator.py
[2026-02-13T21:55:07.091+0000] {processor.py:743} INFO - Processing file /home/airflow/.local/lib/python3.7/site-packages/airflow/example_dags/example_short_circuit_decorator.py for tasks to queue
[2026-02-13T21:55:07.092+0000] {logging_mixin.py:137} INFO - [2026-02-13T21:55:07.092+0000] {dagbag.py:538} INFO - Filling up the DagBag from /home/airflow/.local/lib/python3.7/site-packages/airflow/example_dags/example_short_circuit_decorator.py
[2026-02-13T21:55:07.107+0000] {processor.py:753} INFO - DAG(s) dict_keys(['example_short_circuit_decorator']) retrieved from /home/airflow/.local/lib/python3.7/site-packages/airflow/example_dags/example_short_circuit_decorator.py
[2026-02-13T21:55:07.125+0000] {logging_mixin.py:137} INFO - [2026-02-13T21:55:07.125+0000] {dag.py:2690} INFO - Sync 1 DAGs
[2026-02-13T21:55:07.138+0000] {logging_mixin.py:137} INFO - [2026-02-13T21:55:07.138+0000] {dag.py:3441} INFO - Setting next_dagrun for example_short_circuit_decorator to 2026-02-12T21:55:07.137938+00:00, run_after=2026-02-13T21:55:07.137938+00:00
[2026-02-13T21:55:07.153+0000] {processor.py:175} INFO - Processing /home/airflow/.local/lib/python3.7/site-packages/airflow/example_dags/example_short_circuit_decorator.py took 0.066 seconds
[2026-02-13T21:55:37.614+0000] {processor.py:153} INFO - Started process (PID=1049) to work on /home/airflow/.local/lib/python3.7/site-packages/airflow/example_dags/example_short_circuit_decorator.py
[2026-02-13T21:55:37.616+0000] {processor.py:743} INFO - Processing file /home/airflow/.local/lib/python3.7/site-packages/airflow/example_dags/example_short_circuit_decorator.py for tasks to queue
[2026-02-13T21:55:37.617+0000] {logging_mixin.py:137} INFO - [2026-02-13T21:55:37.617+0000] {dagbag.py:538} INFO - Filling up the DagBag from /home/airflow/.local/lib/python3.7/site-packages/airflow/example_dags/example_short_circuit_decorator.py
[2026-02-13T21:55:37.630+0000] {processor.py:753} INFO - DAG(s) dict_keys(['example_short_circuit_decorator']) retrieved from /home/airflow/.local/lib/python3.7/site-packages/airflow/example_dags/example_short_circuit_decorator.py
[2026-02-13T21:55:37.647+0000] {logging_mixin.py:137} INFO - [2026-02-13T21:55:37.647+0000] {dag.py:2690} INFO - Sync 1 DAGs
[2026-02-13T21:55:37.659+0000] {logging_mixin.py:137} INFO - [2026-02-13T21:55:37.659+0000] {dag.py:3441} INFO - Setting next_dagrun for example_short_circuit_decorator to 2026-02-12T21:55:37.659795+00:00, run_after=2026-02-13T21:55:37.659795+00:00
[2026-02-13T21:55:37.673+0000] {processor.py:175} INFO - Processing /home/airflow/.local/lib/python3.7/site-packages/airflow/example_dags/example_short_circuit_decorator.py took 0.060 seconds
[2026-02-13T21:56:08.099+0000] {processor.py:153} INFO - Started process (PID=1137) to work on /home/airflow/.local/lib/python3.7/site-packages/airflow/example_dags/example_short_circuit_decorator.py
[2026-02-13T21:56:08.100+0000] {processor.py:743} INFO - Processing file /home/airflow/.local/lib/python3.7/site-packages/airflow/example_dags/example_short_circuit_decorator.py for tasks to queue
[2026-02-13T21:56:08.101+0000] {logging_mixin.py:137} INFO - [2026-02-13T21:56:08.101+0000] {dagbag.py:538} INFO - Filling up the DagBag from /home/airflow/.local/lib/python3.7/site-packages/airflow/example_dags/example_short_circuit_decorator.py
[2026-02-13T21:56:08.117+0000] {processor.py:753} INFO - DAG(s) dict_keys(['example_short_circuit_decorator']) retrieved from /home/airflow/.local/lib/python3.7/site-packages/airflow/example_dags/example_short_circuit_decorator.py
[2026-02-13T21:56:08.138+0000] {logging_mixin.py:137} INFO - [2026-02-13T21:56:08.138+0000] {dag.py:2690} INFO - Sync 1 DAGs
[2026-02-13T21:56:08.157+0000] {logging_mixin.py:137} INFO - [2026-02-13T21:56:08.157+0000] {dag.py:3441} INFO - Setting next_dagrun for example_short_circuit_decorator to 2026-02-12T21:56:08.157193+00:00, run_after=2026-02-13T21:56:08.157193+00:00
[2026-02-13T21:56:08.170+0000] {processor.py:175} INFO - Processing /home/airflow/.local/lib/python3.7/site-packages/airflow/example_dags/example_short_circuit_decorator.py took 0.073 seconds
[2026-02-13T21:56:38.662+0000] {processor.py:153} INFO - Started process (PID=1225) to work on /home/airflow/.local/lib/python3.7/site-packages/airflow/example_dags/example_short_circuit_decorator.py
[2026-02-13T21:56:38.666+0000] {processor.py:743} INFO - Processing file /home/airflow/.local/lib/python3.7/site-packages/airflow/example_dags/example_short_circuit_decorator.py for tasks to queue
[2026-02-13T21:56:38.667+0000] {logging_mixin.py:137} INFO - [2026-02-13T21:56:38.667+0000] {dagbag.py:538} INFO - Filling up the DagBag from /home/airflow/.local/lib/python3.7/site-packages/airflow/example_dags/example_short_circuit_decorator.py
[2026-02-13T21:56:38.691+0000] {processor.py:753} INFO - DAG(s) dict_keys(['example_short_circuit_decorator']) retrieved from /home/airflow/.local/lib/python3.7/site-packages/airflow/example_dags/example_short_circuit_decorator.py
[2026-02-13T21:56:38.720+0000] {logging_mixin.py:137} INFO - [2026-02-13T21:56:38.719+0000] {dag.py:2690} INFO - Sync 1 DAGs
[2026-02-13T21:56:38.746+0000] {logging_mixin.py:137} INFO - [2026-02-13T21:56:38.745+0000] {dag.py:3441} INFO - Setting next_dagrun for example_short_circuit_decorator to 2026-02-12T21:56:38.745642+00:00, run_after=2026-02-13T21:56:38.745642+00:00
[2026-02-13T21:56:38.773+0000] {processor.py:175} INFO - Processing /home/airflow/.local/lib/python3.7/site-packages/airflow/example_dags/example_short_circuit_decorator.py took 0.115 seconds
[2026-02-13T22:01:03.295+0000] {processor.py:153} INFO - Started process (PID=39) to work on /home/airflow/.local/lib/python3.7/site-packages/airflow/example_dags/example_short_circuit_decorator.py
[2026-02-13T22:01:03.296+0000] {processor.py:743} INFO - Processing file /home/airflow/.local/lib/python3.7/site-packages/airflow/example_dags/example_short_circuit_decorator.py for tasks to queue
[2026-02-13T22:01:03.297+0000] {logging_mixin.py:137} INFO - [2026-02-13T22:01:03.297+0000] {dagbag.py:538} INFO - Filling up the DagBag from /home/airflow/.local/lib/python3.7/site-packages/airflow/example_dags/example_short_circuit_decorator.py
[2026-02-13T22:01:03.313+0000] {processor.py:753} INFO - DAG(s) dict_keys(['example_short_circuit_decorator']) retrieved from /home/airflow/.local/lib/python3.7/site-packages/airflow/example_dags/example_short_circuit_decorator.py
[2026-02-13T22:01:03.322+0000] {logging_mixin.py:137} INFO - [2026-02-13T22:01:03.322+0000] {dag.py:2690} INFO - Sync 1 DAGs
[2026-02-13T22:01:03.338+0000] {logging_mixin.py:137} INFO - [2026-02-13T22:01:03.337+0000] {dag.py:3441} INFO - Setting next_dagrun for example_short_circuit_decorator to 2026-02-12T22:01:03.337765+00:00, run_after=2026-02-13T22:01:03.337765+00:00
[2026-02-13T22:01:03.348+0000] {processor.py:175} INFO - Processing /home/airflow/.local/lib/python3.7/site-packages/airflow/example_dags/example_short_circuit_decorator.py took 0.055 seconds
[2026-02-13T22:01:34.116+0000] {processor.py:153} INFO - Started process (PID=126) to work on /home/airflow/.local/lib/python3.7/site-packages/airflow/example_dags/example_short_circuit_decorator.py
[2026-02-13T22:01:34.117+0000] {processor.py:743} INFO - Processing file /home/airflow/.local/lib/python3.7/site-packages/airflow/example_dags/example_short_circuit_decorator.py for tasks to queue
[2026-02-13T22:01:34.119+0000] {logging_mixin.py:137} INFO - [2026-02-13T22:01:34.119+0000] {dagbag.py:538} INFO - Filling up the DagBag from /home/airflow/.local/lib/python3.7/site-packages/airflow/example_dags/example_short_circuit_decorator.py
[2026-02-13T22:01:34.135+0000] {processor.py:753} INFO - DAG(s) dict_keys(['example_short_circuit_decorator']) retrieved from /home/airflow/.local/lib/python3.7/site-packages/airflow/example_dags/example_short_circuit_decorator.py
[2026-02-13T22:01:34.154+0000] {logging_mixin.py:137} INFO - [2026-02-13T22:01:34.154+0000] {dag.py:2690} INFO - Sync 1 DAGs
[2026-02-13T22:01:34.167+0000] {logging_mixin.py:137} INFO - [2026-02-13T22:01:34.167+0000] {dag.py:3441} INFO - Setting next_dagrun for example_short_circuit_decorator to 2026-02-12T22:01:34.167492+00:00, run_after=2026-02-13T22:01:34.167492+00:00
[2026-02-13T22:01:34.175+0000] {processor.py:175} INFO - Processing /home/airflow/.local/lib/python3.7/site-packages/airflow/example_dags/example_short_circuit_decorator.py took 0.060 seconds
[2026-02-13T22:02:04.638+0000] {processor.py:153} INFO - Started process (PID=216) to work on /home/airflow/.local/lib/python3.7/site-packages/airflow/example_dags/example_short_circuit_decorator.py
[2026-02-13T22:02:04.640+0000] {processor.py:743} INFO - Processing file /home/airflow/.local/lib/python3.7/site-packages/airflow/example_dags/example_short_circuit_decorator.py for tasks to queue
[2026-02-13T22:02:04.641+0000] {logging_mixin.py:137} INFO - [2026-02-13T22:02:04.641+0000] {dagbag.py:538} INFO - Filling up the DagBag from /home/airflow/.local/lib/python3.7/site-packages/airflow/example_dags/example_short_circuit_decorator.py
[2026-02-13T22:02:04.656+0000] {processor.py:753} INFO - DAG(s) dict_keys(['example_short_circuit_decorator']) retrieved from /home/airflow/.local/lib/python3.7/site-packages/airflow/example_dags/example_short_circuit_decorator.py
[2026-02-13T22:02:04.673+0000] {logging_mixin.py:137} INFO - [2026-02-13T22:02:04.673+0000] {dag.py:2690} INFO - Sync 1 DAGs
[2026-02-13T22:02:04.687+0000] {logging_mixin.py:137} INFO - [2026-02-13T22:02:04.687+0000] {dag.py:3441} INFO - Setting next_dagrun for example_short_circuit_decorator to 2026-02-12T22:02:04.687084+00:00, run_after=2026-02-13T22:02:04.687084+00:00
[2026-02-13T22:02:04.698+0000] {processor.py:175} INFO - Processing /home/airflow/.local/lib/python3.7/site-packages/airflow/example_dags/example_short_circuit_decorator.py took 0.062 seconds
[2026-02-13T22:02:35.199+0000] {processor.py:153} INFO - Started process (PID=288) to work on /home/airflow/.local/lib/python3.7/site-packages/airflow/example_dags/example_short_circuit_decorator.py
[2026-02-13T22:02:35.201+0000] {processor.py:743} INFO - Processing file /home/airflow/.local/lib/python3.7/site-packages/airflow/example_dags/example_short_circuit_decorator.py for tasks to queue
[2026-02-13T22:02:35.202+0000] {logging_mixin.py:137} INFO - [2026-02-13T22:02:35.202+0000] {dagbag.py:538} INFO - Filling up the DagBag from /home/airflow/.local/lib/python3.7/site-packages/airflow/example_dags/example_short_circuit_decorator.py
[2026-02-13T22:02:35.216+0000] {processor.py:753} INFO - DAG(s) dict_keys(['example_short_circuit_decorator']) retrieved from /home/airflow/.local/lib/python3.7/site-packages/airflow/example_dags/example_short_circuit_decorator.py
[2026-02-13T22:02:35.234+0000] {logging_mixin.py:137} INFO - [2026-02-13T22:02:35.234+0000] {dag.py:2690} INFO - Sync 1 DAGs
[2026-02-13T22:02:35.245+0000] {logging_mixin.py:137} INFO - [2026-02-13T22:02:35.245+0000] {dag.py:3441} INFO - Setting next_dagrun for example_short_circuit_decorator to 2026-02-12T22:02:35.244942+00:00, run_after=2026-02-13T22:02:35.244942+00:00
[2026-02-13T22:02:35.254+0000] {processor.py:175} INFO - Processing /home/airflow/.local/lib/python3.7/site-packages/airflow/example_dags/example_short_circuit_decorator.py took 0.056 seconds
[2026-02-13T22:03:29.501+0000] {processor.py:153} INFO - Started process (PID=39) to work on /home/airflow/.local/lib/python3.7/site-packages/airflow/example_dags/example_short_circuit_decorator.py
[2026-02-13T22:03:29.502+0000] {processor.py:743} INFO - Processing file /home/airflow/.local/lib/python3.7/site-packages/airflow/example_dags/example_short_circuit_decorator.py for tasks to queue
[2026-02-13T22:03:29.503+0000] {logging_mixin.py:137} INFO - [2026-02-13T22:03:29.503+0000] {dagbag.py:538} INFO - Filling up the DagBag from /home/airflow/.local/lib/python3.7/site-packages/airflow/example_dags/example_short_circuit_decorator.py
[2026-02-13T22:03:29.519+0000] {processor.py:753} INFO - DAG(s) dict_keys(['example_short_circuit_decorator']) retrieved from /home/airflow/.local/lib/python3.7/site-packages/airflow/example_dags/example_short_circuit_decorator.py
[2026-02-13T22:03:29.530+0000] {logging_mixin.py:137} INFO - [2026-02-13T22:03:29.530+0000] {dag.py:2690} INFO - Sync 1 DAGs
[2026-02-13T22:03:29.550+0000] {logging_mixin.py:137} INFO - [2026-02-13T22:03:29.550+0000] {dag.py:3441} INFO - Setting next_dagrun for example_short_circuit_decorator to 2026-02-12T22:03:29.550226+00:00, run_after=2026-02-13T22:03:29.550226+00:00
[2026-02-13T22:03:29.559+0000] {processor.py:175} INFO - Processing /home/airflow/.local/lib/python3.7/site-packages/airflow/example_dags/example_short_circuit_decorator.py took 0.061 seconds
[2026-02-13T22:04:00.338+0000] {processor.py:153} INFO - Started process (PID=126) to work on /home/airflow/.local/lib/python3.7/site-packages/airflow/example_dags/example_short_circuit_decorator.py
[2026-02-13T22:04:00.340+0000] {processor.py:743} INFO - Processing file /home/airflow/.local/lib/python3.7/site-packages/airflow/example_dags/example_short_circuit_decorator.py for tasks to queue
[2026-02-13T22:04:00.341+0000] {logging_mixin.py:137} INFO - [2026-02-13T22:04:00.341+0000] {dagbag.py:538} INFO - Filling up the DagBag from /home/airflow/.local/lib/python3.7/site-packages/airflow/example_dags/example_short_circuit_decorator.py
[2026-02-13T22:04:00.354+0000] {processor.py:753} INFO - DAG(s) dict_keys(['example_short_circuit_decorator']) retrieved from /home/airflow/.local/lib/python3.7/site-packages/airflow/example_dags/example_short_circuit_decorator.py
[2026-02-13T22:04:00.370+0000] {logging_mixin.py:137} INFO - [2026-02-13T22:04:00.370+0000] {dag.py:2690} INFO - Sync 1 DAGs
[2026-02-13T22:04:00.385+0000] {logging_mixin.py:137} INFO - [2026-02-13T22:04:00.385+0000] {dag.py:3441} INFO - Setting next_dagrun for example_short_circuit_decorator to 2026-02-12T22:04:00.384994+00:00, run_after=2026-02-13T22:04:00.384994+00:00
[2026-02-13T22:04:00.399+0000] {processor.py:175} INFO - Processing /home/airflow/.local/lib/python3.7/site-packages/airflow/example_dags/example_short_circuit_decorator.py took 0.062 seconds
[2026-02-13T22:04:31.265+0000] {processor.py:153} INFO - Started process (PID=198) to work on /home/airflow/.local/lib/python3.7/site-packages/airflow/example_dags/example_short_circuit_decorator.py
[2026-02-13T22:04:31.266+0000] {processor.py:743} INFO - Processing file /home/airflow/.local/lib/python3.7/site-packages/airflow/example_dags/example_short_circuit_decorator.py for tasks to queue
[2026-02-13T22:04:31.267+0000] {logging_mixin.py:137} INFO - [2026-02-13T22:04:31.267+0000] {dagbag.py:538} INFO - Filling up the DagBag from /home/airflow/.local/lib/python3.7/site-packages/airflow/example_dags/example_short_circuit_decorator.py
[2026-02-13T22:04:31.287+0000] {processor.py:753} INFO - DAG(s) dict_keys(['example_short_circuit_decorator']) retrieved from /home/airflow/.local/lib/python3.7/site-packages/airflow/example_dags/example_short_circuit_decorator.py
[2026-02-13T22:04:31.309+0000] {logging_mixin.py:137} INFO - [2026-02-13T22:04:31.309+0000] {dag.py:2690} INFO - Sync 1 DAGs
[2026-02-13T22:04:31.329+0000] {logging_mixin.py:137} INFO - [2026-02-13T22:04:31.329+0000] {dag.py:3441} INFO - Setting next_dagrun for example_short_circuit_decorator to 2026-02-12T22:04:31.329169+00:00, run_after=2026-02-13T22:04:31.329169+00:00
[2026-02-13T22:04:31.345+0000] {processor.py:175} INFO - Processing /home/airflow/.local/lib/python3.7/site-packages/airflow/example_dags/example_short_circuit_decorator.py took 0.083 seconds
[2026-02-13T22:05:02.237+0000] {processor.py:153} INFO - Started process (PID=286) to work on /home/airflow/.local/lib/python3.7/site-packages/airflow/example_dags/example_short_circuit_decorator.py
[2026-02-13T22:05:02.239+0000] {processor.py:743} INFO - Processing file /home/airflow/.local/lib/python3.7/site-packages/airflow/example_dags/example_short_circuit_decorator.py for tasks to queue
[2026-02-13T22:05:02.239+0000] {logging_mixin.py:137} INFO - [2026-02-13T22:05:02.239+0000] {dagbag.py:538} INFO - Filling up the DagBag from /home/airflow/.local/lib/python3.7/site-packages/airflow/example_dags/example_short_circuit_decorator.py
[2026-02-13T22:05:02.252+0000] {processor.py:753} INFO - DAG(s) dict_keys(['example_short_circuit_decorator']) retrieved from /home/airflow/.local/lib/python3.7/site-packages/airflow/example_dags/example_short_circuit_decorator.py
[2026-02-13T22:05:02.269+0000] {logging_mixin.py:137} INFO - [2026-02-13T22:05:02.268+0000] {dag.py:2690} INFO - Sync 1 DAGs
[2026-02-13T22:05:02.282+0000] {logging_mixin.py:137} INFO - [2026-02-13T22:05:02.282+0000] {dag.py:3441} INFO - Setting next_dagrun for example_short_circuit_decorator to 2026-02-12T22:05:02.281886+00:00, run_after=2026-02-13T22:05:02.281886+00:00
[2026-02-13T22:05:02.296+0000] {processor.py:175} INFO - Processing /home/airflow/.local/lib/python3.7/site-packages/airflow/example_dags/example_short_circuit_decorator.py took 0.060 seconds
[2026-02-13T22:05:32.785+0000] {processor.py:153} INFO - Started process (PID=374) to work on /home/airflow/.local/lib/python3.7/site-packages/airflow/example_dags/example_short_circuit_decorator.py
[2026-02-13T22:05:32.786+0000] {processor.py:743} INFO - Processing file /home/airflow/.local/lib/python3.7/site-packages/airflow/example_dags/example_short_circuit_decorator.py for tasks to queue
[2026-02-13T22:05:32.789+0000] {logging_mixin.py:137} INFO - [2026-02-13T22:05:32.789+0000] {dagbag.py:538} INFO - Filling up the DagBag from /home/airflow/.local/lib/python3.7/site-packages/airflow/example_dags/example_short_circuit_decorator.py
[2026-02-13T22:05:32.803+0000] {processor.py:753} INFO - DAG(s) dict_keys(['example_short_circuit_decorator']) retrieved from /home/airflow/.local/lib/python3.7/site-packages/airflow/example_dags/example_short_circuit_decorator.py
[2026-02-13T22:05:32.820+0000] {logging_mixin.py:137} INFO - [2026-02-13T22:05:32.820+0000] {dag.py:2690} INFO - Sync 1 DAGs
[2026-02-13T22:05:32.834+0000] {logging_mixin.py:137} INFO - [2026-02-13T22:05:32.834+0000] {dag.py:3441} INFO - Setting next_dagrun for example_short_circuit_decorator to 2026-02-12T22:05:32.834211+00:00, run_after=2026-02-13T22:05:32.834211+00:00
[2026-02-13T22:05:32.844+0000] {processor.py:175} INFO - Processing /home/airflow/.local/lib/python3.7/site-packages/airflow/example_dags/example_short_circuit_decorator.py took 0.062 seconds
[2026-02-13T22:06:32.428+0000] {processor.py:153} INFO - Started process (PID=41) to work on /home/airflow/.local/lib/python3.7/site-packages/airflow/example_dags/example_short_circuit_decorator.py
[2026-02-13T22:06:32.430+0000] {processor.py:743} INFO - Processing file /home/airflow/.local/lib/python3.7/site-packages/airflow/example_dags/example_short_circuit_decorator.py for tasks to queue
[2026-02-13T22:06:32.431+0000] {logging_mixin.py:137} INFO - [2026-02-13T22:06:32.431+0000] {dagbag.py:538} INFO - Filling up the DagBag from /home/airflow/.local/lib/python3.7/site-packages/airflow/example_dags/example_short_circuit_decorator.py
[2026-02-13T22:06:32.449+0000] {processor.py:753} INFO - DAG(s) dict_keys(['example_short_circuit_decorator']) retrieved from /home/airflow/.local/lib/python3.7/site-packages/airflow/example_dags/example_short_circuit_decorator.py
[2026-02-13T22:06:32.461+0000] {logging_mixin.py:137} INFO - [2026-02-13T22:06:32.461+0000] {dag.py:2690} INFO - Sync 1 DAGs
[2026-02-13T22:06:32.475+0000] {logging_mixin.py:137} INFO - [2026-02-13T22:06:32.475+0000] {dag.py:3441} INFO - Setting next_dagrun for example_short_circuit_decorator to 2026-02-12T22:06:32.474954+00:00, run_after=2026-02-13T22:06:32.474954+00:00
[2026-02-13T22:06:32.492+0000] {processor.py:175} INFO - Processing /home/airflow/.local/lib/python3.7/site-packages/airflow/example_dags/example_short_circuit_decorator.py took 0.066 seconds
[2026-02-13T22:07:02.540+0000] {processor.py:153} INFO - Started process (PID=128) to work on /home/airflow/.local/lib/python3.7/site-packages/airflow/example_dags/example_short_circuit_decorator.py
[2026-02-13T22:07:02.541+0000] {processor.py:743} INFO - Processing file /home/airflow/.local/lib/python3.7/site-packages/airflow/example_dags/example_short_circuit_decorator.py for tasks to queue
[2026-02-13T22:07:02.541+0000] {logging_mixin.py:137} INFO - [2026-02-13T22:07:02.541+0000] {dagbag.py:538} INFO - Filling up the DagBag from /home/airflow/.local/lib/python3.7/site-packages/airflow/example_dags/example_short_circuit_decorator.py
[2026-02-13T22:07:02.557+0000] {processor.py:753} INFO - DAG(s) dict_keys(['example_short_circuit_decorator']) retrieved from /home/airflow/.local/lib/python3.7/site-packages/airflow/example_dags/example_short_circuit_decorator.py
[2026-02-13T22:07:02.569+0000] {logging_mixin.py:137} INFO - [2026-02-13T22:07:02.569+0000] {dag.py:2690} INFO - Sync 1 DAGs
[2026-02-13T22:07:02.580+0000] {logging_mixin.py:137} INFO - [2026-02-13T22:07:02.580+0000] {dag.py:3441} INFO - Setting next_dagrun for example_short_circuit_decorator to 2026-02-12T22:07:02.580071+00:00, run_after=2026-02-13T22:07:02.580071+00:00
[2026-02-13T22:07:02.596+0000] {processor.py:175} INFO - Processing /home/airflow/.local/lib/python3.7/site-packages/airflow/example_dags/example_short_circuit_decorator.py took 0.058 seconds
[2026-02-13T22:07:32.754+0000] {processor.py:153} INFO - Started process (PID=201) to work on /home/airflow/.local/lib/python3.7/site-packages/airflow/example_dags/example_short_circuit_decorator.py
[2026-02-13T22:07:32.755+0000] {processor.py:743} INFO - Processing file /home/airflow/.local/lib/python3.7/site-packages/airflow/example_dags/example_short_circuit_decorator.py for tasks to queue
[2026-02-13T22:07:32.758+0000] {logging_mixin.py:137} INFO - [2026-02-13T22:07:32.758+0000] {dagbag.py:538} INFO - Filling up the DagBag from /home/airflow/.local/lib/python3.7/site-packages/airflow/example_dags/example_short_circuit_decorator.py
[2026-02-13T22:07:32.772+0000] {processor.py:753} INFO - DAG(s) dict_keys(['example_short_circuit_decorator']) retrieved from /home/airflow/.local/lib/python3.7/site-packages/airflow/example_dags/example_short_circuit_decorator.py
[2026-02-13T22:07:32.786+0000] {logging_mixin.py:137} INFO - [2026-02-13T22:07:32.786+0000] {dag.py:2690} INFO - Sync 1 DAGs
[2026-02-13T22:07:32.797+0000] {logging_mixin.py:137} INFO - [2026-02-13T22:07:32.797+0000] {dag.py:3441} INFO - Setting next_dagrun for example_short_circuit_decorator to 2026-02-12T22:07:32.797534+00:00, run_after=2026-02-13T22:07:32.797534+00:00
[2026-02-13T22:07:32.808+0000] {processor.py:175} INFO - Processing /home/airflow/.local/lib/python3.7/site-packages/airflow/example_dags/example_short_circuit_decorator.py took 0.056 seconds
[2026-02-13T22:08:03.685+0000] {processor.py:153} INFO - Started process (PID=290) to work on /home/airflow/.local/lib/python3.7/site-packages/airflow/example_dags/example_short_circuit_decorator.py
[2026-02-13T22:08:03.686+0000] {processor.py:743} INFO - Processing file /home/airflow/.local/lib/python3.7/site-packages/airflow/example_dags/example_short_circuit_decorator.py for tasks to queue
[2026-02-13T22:08:03.687+0000] {logging_mixin.py:137} INFO - [2026-02-13T22:08:03.686+0000] {dagbag.py:538} INFO - Filling up the DagBag from /home/airflow/.local/lib/python3.7/site-packages/airflow/example_dags/example_short_circuit_decorator.py
[2026-02-13T22:08:03.701+0000] {processor.py:753} INFO - DAG(s) dict_keys(['example_short_circuit_decorator']) retrieved from /home/airflow/.local/lib/python3.7/site-packages/airflow/example_dags/example_short_circuit_decorator.py
[2026-02-13T22:08:03.718+0000] {logging_mixin.py:137} INFO - [2026-02-13T22:08:03.718+0000] {dag.py:2690} INFO - Sync 1 DAGs
[2026-02-13T22:08:03.733+0000] {logging_mixin.py:137} INFO - [2026-02-13T22:08:03.733+0000] {dag.py:3441} INFO - Setting next_dagrun for example_short_circuit_decorator to 2026-02-12T22:08:03.733256+00:00, run_after=2026-02-13T22:08:03.733256+00:00
[2026-02-13T22:08:03.745+0000] {processor.py:175} INFO - Processing /home/airflow/.local/lib/python3.7/site-packages/airflow/example_dags/example_short_circuit_decorator.py took 0.062 seconds
[2026-02-13T22:08:34.384+0000] {processor.py:153} INFO - Started process (PID=379) to work on /home/airflow/.local/lib/python3.7/site-packages/airflow/example_dags/example_short_circuit_decorator.py
[2026-02-13T22:08:34.385+0000] {processor.py:743} INFO - Processing file /home/airflow/.local/lib/python3.7/site-packages/airflow/example_dags/example_short_circuit_decorator.py for tasks to queue
[2026-02-13T22:08:34.387+0000] {logging_mixin.py:137} INFO - [2026-02-13T22:08:34.387+0000] {dagbag.py:538} INFO - Filling up the DagBag from /home/airflow/.local/lib/python3.7/site-packages/airflow/example_dags/example_short_circuit_decorator.py
[2026-02-13T22:08:34.403+0000] {processor.py:753} INFO - DAG(s) dict_keys(['example_short_circuit_decorator']) retrieved from /home/airflow/.local/lib/python3.7/site-packages/airflow/example_dags/example_short_circuit_decorator.py
[2026-02-13T22:08:34.419+0000] {logging_mixin.py:137} INFO - [2026-02-13T22:08:34.419+0000] {dag.py:2690} INFO - Sync 1 DAGs
[2026-02-13T22:08:34.430+0000] {logging_mixin.py:137} INFO - [2026-02-13T22:08:34.430+0000] {dag.py:3441} INFO - Setting next_dagrun for example_short_circuit_decorator to 2026-02-12T22:08:34.430039+00:00, run_after=2026-02-13T22:08:34.430039+00:00
[2026-02-13T22:08:34.444+0000] {processor.py:175} INFO - Processing /home/airflow/.local/lib/python3.7/site-packages/airflow/example_dags/example_short_circuit_decorator.py took 0.062 seconds
[2026-02-13T22:09:05.087+0000] {processor.py:153} INFO - Started process (PID=468) to work on /home/airflow/.local/lib/python3.7/site-packages/airflow/example_dags/example_short_circuit_decorator.py
[2026-02-13T22:09:05.088+0000] {processor.py:743} INFO - Processing file /home/airflow/.local/lib/python3.7/site-packages/airflow/example_dags/example_short_circuit_decorator.py for tasks to queue
[2026-02-13T22:09:05.091+0000] {logging_mixin.py:137} INFO - [2026-02-13T22:09:05.090+0000] {dagbag.py:538} INFO - Filling up the DagBag from /home/airflow/.local/lib/python3.7/site-packages/airflow/example_dags/example_short_circuit_decorator.py
[2026-02-13T22:09:05.106+0000] {processor.py:753} INFO - DAG(s) dict_keys(['example_short_circuit_decorator']) retrieved from /home/airflow/.local/lib/python3.7/site-packages/airflow/example_dags/example_short_circuit_decorator.py
[2026-02-13T22:09:05.125+0000] {logging_mixin.py:137} INFO - [2026-02-13T22:09:05.125+0000] {dag.py:2690} INFO - Sync 1 DAGs
[2026-02-13T22:09:05.140+0000] {logging_mixin.py:137} INFO - [2026-02-13T22:09:05.140+0000] {dag.py:3441} INFO - Setting next_dagrun for example_short_circuit_decorator to 2026-02-12T22:09:05.140228+00:00, run_after=2026-02-13T22:09:05.140228+00:00
[2026-02-13T22:09:05.154+0000] {processor.py:175} INFO - Processing /home/airflow/.local/lib/python3.7/site-packages/airflow/example_dags/example_short_circuit_decorator.py took 0.069 seconds
[2026-02-13T22:09:35.699+0000] {processor.py:153} INFO - Started process (PID=549) to work on /home/airflow/.local/lib/python3.7/site-packages/airflow/example_dags/example_short_circuit_decorator.py
[2026-02-13T22:09:35.700+0000] {processor.py:743} INFO - Processing file /home/airflow/.local/lib/python3.7/site-packages/airflow/example_dags/example_short_circuit_decorator.py for tasks to queue
[2026-02-13T22:09:35.701+0000] {logging_mixin.py:137} INFO - [2026-02-13T22:09:35.701+0000] {dagbag.py:538} INFO - Filling up the DagBag from /home/airflow/.local/lib/python3.7/site-packages/airflow/example_dags/example_short_circuit_decorator.py
[2026-02-13T22:09:35.712+0000] {processor.py:753} INFO - DAG(s) dict_keys(['example_short_circuit_decorator']) retrieved from /home/airflow/.local/lib/python3.7/site-packages/airflow/example_dags/example_short_circuit_decorator.py
[2026-02-13T22:09:35.730+0000] {logging_mixin.py:137} INFO - [2026-02-13T22:09:35.730+0000] {dag.py:2690} INFO - Sync 1 DAGs
[2026-02-13T22:09:35.746+0000] {logging_mixin.py:137} INFO - [2026-02-13T22:09:35.746+0000] {dag.py:3441} INFO - Setting next_dagrun for example_short_circuit_decorator to 2026-02-12T22:09:35.745959+00:00, run_after=2026-02-13T22:09:35.745959+00:00
[2026-02-13T22:09:35.759+0000] {processor.py:175} INFO - Processing /home/airflow/.local/lib/python3.7/site-packages/airflow/example_dags/example_short_circuit_decorator.py took 0.062 seconds
[2026-02-13T22:10:06.302+0000] {processor.py:153} INFO - Started process (PID=629) to work on /home/airflow/.local/lib/python3.7/site-packages/airflow/example_dags/example_short_circuit_decorator.py
[2026-02-13T22:10:06.303+0000] {processor.py:743} INFO - Processing file /home/airflow/.local/lib/python3.7/site-packages/airflow/example_dags/example_short_circuit_decorator.py for tasks to queue
[2026-02-13T22:10:06.304+0000] {logging_mixin.py:137} INFO - [2026-02-13T22:10:06.304+0000] {dagbag.py:538} INFO - Filling up the DagBag from /home/airflow/.local/lib/python3.7/site-packages/airflow/example_dags/example_short_circuit_decorator.py
[2026-02-13T22:10:06.324+0000] {processor.py:753} INFO - DAG(s) dict_keys(['example_short_circuit_decorator']) retrieved from /home/airflow/.local/lib/python3.7/site-packages/airflow/example_dags/example_short_circuit_decorator.py
[2026-02-13T22:10:06.341+0000] {logging_mixin.py:137} INFO - [2026-02-13T22:10:06.341+0000] {dag.py:2690} INFO - Sync 1 DAGs
[2026-02-13T22:10:06.355+0000] {logging_mixin.py:137} INFO - [2026-02-13T22:10:06.355+0000] {dag.py:3441} INFO - Setting next_dagrun for example_short_circuit_decorator to 2026-02-12T22:10:06.355104+00:00, run_after=2026-02-13T22:10:06.355104+00:00
[2026-02-13T22:10:06.367+0000] {processor.py:175} INFO - Processing /home/airflow/.local/lib/python3.7/site-packages/airflow/example_dags/example_short_circuit_decorator.py took 0.068 seconds
[2026-02-13T22:10:36.927+0000] {processor.py:153} INFO - Started process (PID=717) to work on /home/airflow/.local/lib/python3.7/site-packages/airflow/example_dags/example_short_circuit_decorator.py
[2026-02-13T22:10:36.928+0000] {processor.py:743} INFO - Processing file /home/airflow/.local/lib/python3.7/site-packages/airflow/example_dags/example_short_circuit_decorator.py for tasks to queue
[2026-02-13T22:10:36.929+0000] {logging_mixin.py:137} INFO - [2026-02-13T22:10:36.929+0000] {dagbag.py:538} INFO - Filling up the DagBag from /home/airflow/.local/lib/python3.7/site-packages/airflow/example_dags/example_short_circuit_decorator.py
[2026-02-13T22:10:36.946+0000] {processor.py:753} INFO - DAG(s) dict_keys(['example_short_circuit_decorator']) retrieved from /home/airflow/.local/lib/python3.7/site-packages/airflow/example_dags/example_short_circuit_decorator.py
[2026-02-13T22:10:36.963+0000] {logging_mixin.py:137} INFO - [2026-02-13T22:10:36.963+0000] {dag.py:2690} INFO - Sync 1 DAGs
[2026-02-13T22:10:36.977+0000] {logging_mixin.py:137} INFO - [2026-02-13T22:10:36.977+0000] {dag.py:3441} INFO - Setting next_dagrun for example_short_circuit_decorator to 2026-02-12T22:10:36.977380+00:00, run_after=2026-02-13T22:10:36.977380+00:00
[2026-02-13T22:10:36.989+0000] {processor.py:175} INFO - Processing /home/airflow/.local/lib/python3.7/site-packages/airflow/example_dags/example_short_circuit_decorator.py took 0.064 seconds
[2026-02-13T22:11:07.467+0000] {processor.py:153} INFO - Started process (PID=806) to work on /home/airflow/.local/lib/python3.7/site-packages/airflow/example_dags/example_short_circuit_decorator.py
[2026-02-13T22:11:07.468+0000] {processor.py:743} INFO - Processing file /home/airflow/.local/lib/python3.7/site-packages/airflow/example_dags/example_short_circuit_decorator.py for tasks to queue
[2026-02-13T22:11:07.470+0000] {logging_mixin.py:137} INFO - [2026-02-13T22:11:07.470+0000] {dagbag.py:538} INFO - Filling up the DagBag from /home/airflow/.local/lib/python3.7/site-packages/airflow/example_dags/example_short_circuit_decorator.py
[2026-02-13T22:11:07.489+0000] {processor.py:753} INFO - DAG(s) dict_keys(['example_short_circuit_decorator']) retrieved from /home/airflow/.local/lib/python3.7/site-packages/airflow/example_dags/example_short_circuit_decorator.py
[2026-02-13T22:11:07.504+0000] {logging_mixin.py:137} INFO - [2026-02-13T22:11:07.503+0000] {dag.py:2690} INFO - Sync 1 DAGs
[2026-02-13T22:11:07.521+0000] {logging_mixin.py:137} INFO - [2026-02-13T22:11:07.521+0000] {dag.py:3441} INFO - Setting next_dagrun for example_short_circuit_decorator to 2026-02-12T22:11:07.520920+00:00, run_after=2026-02-13T22:11:07.520920+00:00
[2026-02-13T22:11:07.531+0000] {processor.py:175} INFO - Processing /home/airflow/.local/lib/python3.7/site-packages/airflow/example_dags/example_short_circuit_decorator.py took 0.067 seconds
[2026-02-13T22:11:38.123+0000] {processor.py:153} INFO - Started process (PID=894) to work on /home/airflow/.local/lib/python3.7/site-packages/airflow/example_dags/example_short_circuit_decorator.py
[2026-02-13T22:11:38.124+0000] {processor.py:743} INFO - Processing file /home/airflow/.local/lib/python3.7/site-packages/airflow/example_dags/example_short_circuit_decorator.py for tasks to queue
[2026-02-13T22:11:38.125+0000] {logging_mixin.py:137} INFO - [2026-02-13T22:11:38.125+0000] {dagbag.py:538} INFO - Filling up the DagBag from /home/airflow/.local/lib/python3.7/site-packages/airflow/example_dags/example_short_circuit_decorator.py
[2026-02-13T22:11:38.137+0000] {processor.py:753} INFO - DAG(s) dict_keys(['example_short_circuit_decorator']) retrieved from /home/airflow/.local/lib/python3.7/site-packages/airflow/example_dags/example_short_circuit_decorator.py
[2026-02-13T22:11:38.148+0000] {logging_mixin.py:137} INFO - [2026-02-13T22:11:38.148+0000] {dag.py:2690} INFO - Sync 1 DAGs
[2026-02-13T22:11:38.161+0000] {logging_mixin.py:137} INFO - [2026-02-13T22:11:38.161+0000] {dag.py:3441} INFO - Setting next_dagrun for example_short_circuit_decorator to 2026-02-12T22:11:38.161078+00:00, run_after=2026-02-13T22:11:38.161078+00:00
[2026-02-13T22:11:38.171+0000] {processor.py:175} INFO - Processing /home/airflow/.local/lib/python3.7/site-packages/airflow/example_dags/example_short_circuit_decorator.py took 0.050 seconds
[2026-02-13T22:12:08.711+0000] {processor.py:153} INFO - Started process (PID=967) to work on /home/airflow/.local/lib/python3.7/site-packages/airflow/example_dags/example_short_circuit_decorator.py
[2026-02-13T22:12:08.712+0000] {processor.py:743} INFO - Processing file /home/airflow/.local/lib/python3.7/site-packages/airflow/example_dags/example_short_circuit_decorator.py for tasks to queue
[2026-02-13T22:12:08.713+0000] {logging_mixin.py:137} INFO - [2026-02-13T22:12:08.713+0000] {dagbag.py:538} INFO - Filling up the DagBag from /home/airflow/.local/lib/python3.7/site-packages/airflow/example_dags/example_short_circuit_decorator.py
[2026-02-13T22:12:08.730+0000] {processor.py:753} INFO - DAG(s) dict_keys(['example_short_circuit_decorator']) retrieved from /home/airflow/.local/lib/python3.7/site-packages/airflow/example_dags/example_short_circuit_decorator.py
[2026-02-13T22:12:08.748+0000] {logging_mixin.py:137} INFO - [2026-02-13T22:12:08.748+0000] {dag.py:2690} INFO - Sync 1 DAGs
[2026-02-13T22:12:08.764+0000] {logging_mixin.py:137} INFO - [2026-02-13T22:12:08.764+0000] {dag.py:3441} INFO - Setting next_dagrun for example_short_circuit_decorator to 2026-02-12T22:12:08.764171+00:00, run_after=2026-02-13T22:12:08.764171+00:00
[2026-02-13T22:12:08.776+0000] {processor.py:175} INFO - Processing /home/airflow/.local/lib/python3.7/site-packages/airflow/example_dags/example_short_circuit_decorator.py took 0.067 seconds
[2026-02-13T22:12:39.299+0000] {processor.py:153} INFO - Started process (PID=1056) to work on /home/airflow/.local/lib/python3.7/site-packages/airflow/example_dags/example_short_circuit_decorator.py
[2026-02-13T22:12:39.300+0000] {processor.py:743} INFO - Processing file /home/airflow/.local/lib/python3.7/site-packages/airflow/example_dags/example_short_circuit_decorator.py for tasks to queue
[2026-02-13T22:12:39.301+0000] {logging_mixin.py:137} INFO - [2026-02-13T22:12:39.301+0000] {dagbag.py:538} INFO - Filling up the DagBag from /home/airflow/.local/lib/python3.7/site-packages/airflow/example_dags/example_short_circuit_decorator.py
[2026-02-13T22:12:39.316+0000] {processor.py:753} INFO - DAG(s) dict_keys(['example_short_circuit_decorator']) retrieved from /home/airflow/.local/lib/python3.7/site-packages/airflow/example_dags/example_short_circuit_decorator.py
[2026-02-13T22:12:39.333+0000] {logging_mixin.py:137} INFO - [2026-02-13T22:12:39.332+0000] {dag.py:2690} INFO - Sync 1 DAGs
[2026-02-13T22:12:39.345+0000] {logging_mixin.py:137} INFO - [2026-02-13T22:12:39.345+0000] {dag.py:3441} INFO - Setting next_dagrun for example_short_circuit_decorator to 2026-02-12T22:12:39.344882+00:00, run_after=2026-02-13T22:12:39.344882+00:00
[2026-02-13T22:12:39.356+0000] {processor.py:175} INFO - Processing /home/airflow/.local/lib/python3.7/site-packages/airflow/example_dags/example_short_circuit_decorator.py took 0.060 seconds
[2026-02-13T22:20:56.334+0000] {processor.py:153} INFO - Started process (PID=80) to work on /home/airflow/.local/lib/python3.7/site-packages/airflow/example_dags/example_short_circuit_decorator.py
[2026-02-13T22:20:56.335+0000] {processor.py:743} INFO - Processing file /home/airflow/.local/lib/python3.7/site-packages/airflow/example_dags/example_short_circuit_decorator.py for tasks to queue
[2026-02-13T22:20:56.336+0000] {logging_mixin.py:137} INFO - [2026-02-13T22:20:56.336+0000] {dagbag.py:538} INFO - Filling up the DagBag from /home/airflow/.local/lib/python3.7/site-packages/airflow/example_dags/example_short_circuit_decorator.py
[2026-02-13T22:20:56.357+0000] {processor.py:753} INFO - DAG(s) dict_keys(['example_short_circuit_decorator']) retrieved from /home/airflow/.local/lib/python3.7/site-packages/airflow/example_dags/example_short_circuit_decorator.py
[2026-02-13T22:20:56.367+0000] {logging_mixin.py:137} INFO - [2026-02-13T22:20:56.367+0000] {dag.py:2690} INFO - Sync 1 DAGs
[2026-02-13T22:20:56.381+0000] {logging_mixin.py:137} INFO - [2026-02-13T22:20:56.381+0000] {dag.py:3441} INFO - Setting next_dagrun for example_short_circuit_decorator to 2026-02-12T22:20:56.381604+00:00, run_after=2026-02-13T22:20:56.381604+00:00
[2026-02-13T22:20:56.398+0000] {processor.py:175} INFO - Processing /home/airflow/.local/lib/python3.7/site-packages/airflow/example_dags/example_short_circuit_decorator.py took 0.065 seconds
[2026-02-13T22:21:27.393+0000] {processor.py:153} INFO - Started process (PID=153) to work on /home/airflow/.local/lib/python3.7/site-packages/airflow/example_dags/example_short_circuit_decorator.py
[2026-02-13T22:21:27.394+0000] {processor.py:743} INFO - Processing file /home/airflow/.local/lib/python3.7/site-packages/airflow/example_dags/example_short_circuit_decorator.py for tasks to queue
[2026-02-13T22:21:27.394+0000] {logging_mixin.py:137} INFO - [2026-02-13T22:21:27.394+0000] {dagbag.py:538} INFO - Filling up the DagBag from /home/airflow/.local/lib/python3.7/site-packages/airflow/example_dags/example_short_circuit_decorator.py
[2026-02-13T22:21:27.407+0000] {processor.py:753} INFO - DAG(s) dict_keys(['example_short_circuit_decorator']) retrieved from /home/airflow/.local/lib/python3.7/site-packages/airflow/example_dags/example_short_circuit_decorator.py
[2026-02-13T22:21:27.421+0000] {logging_mixin.py:137} INFO - [2026-02-13T22:21:27.421+0000] {dag.py:2690} INFO - Sync 1 DAGs
[2026-02-13T22:21:27.432+0000] {logging_mixin.py:137} INFO - [2026-02-13T22:21:27.432+0000] {dag.py:3441} INFO - Setting next_dagrun for example_short_circuit_decorator to 2026-02-12T22:21:27.432450+00:00, run_after=2026-02-13T22:21:27.432450+00:00
[2026-02-13T22:21:27.440+0000] {processor.py:175} INFO - Processing /home/airflow/.local/lib/python3.7/site-packages/airflow/example_dags/example_short_circuit_decorator.py took 0.049 seconds
[2026-02-13T22:21:58.280+0000] {processor.py:153} INFO - Started process (PID=243) to work on /home/airflow/.local/lib/python3.7/site-packages/airflow/example_dags/example_short_circuit_decorator.py
[2026-02-13T22:21:58.281+0000] {processor.py:743} INFO - Processing file /home/airflow/.local/lib/python3.7/site-packages/airflow/example_dags/example_short_circuit_decorator.py for tasks to queue
[2026-02-13T22:21:58.281+0000] {logging_mixin.py:137} INFO - [2026-02-13T22:21:58.281+0000] {dagbag.py:538} INFO - Filling up the DagBag from /home/airflow/.local/lib/python3.7/site-packages/airflow/example_dags/example_short_circuit_decorator.py
[2026-02-13T22:21:58.297+0000] {processor.py:753} INFO - DAG(s) dict_keys(['example_short_circuit_decorator']) retrieved from /home/airflow/.local/lib/python3.7/site-packages/airflow/example_dags/example_short_circuit_decorator.py
[2026-02-13T22:21:58.314+0000] {logging_mixin.py:137} INFO - [2026-02-13T22:21:58.314+0000] {dag.py:2690} INFO - Sync 1 DAGs
[2026-02-13T22:21:58.327+0000] {logging_mixin.py:137} INFO - [2026-02-13T22:21:58.327+0000] {dag.py:3441} INFO - Setting next_dagrun for example_short_circuit_decorator to 2026-02-12T22:21:58.327729+00:00, run_after=2026-02-13T22:21:58.327729+00:00
[2026-02-13T22:21:58.342+0000] {processor.py:175} INFO - Processing /home/airflow/.local/lib/python3.7/site-packages/airflow/example_dags/example_short_circuit_decorator.py took 0.063 seconds
[2026-02-13T22:22:29.129+0000] {processor.py:153} INFO - Started process (PID=333) to work on /home/airflow/.local/lib/python3.7/site-packages/airflow/example_dags/example_short_circuit_decorator.py
[2026-02-13T22:22:29.130+0000] {processor.py:743} INFO - Processing file /home/airflow/.local/lib/python3.7/site-packages/airflow/example_dags/example_short_circuit_decorator.py for tasks to queue
[2026-02-13T22:22:29.130+0000] {logging_mixin.py:137} INFO - [2026-02-13T22:22:29.130+0000] {dagbag.py:538} INFO - Filling up the DagBag from /home/airflow/.local/lib/python3.7/site-packages/airflow/example_dags/example_short_circuit_decorator.py
[2026-02-13T22:22:29.139+0000] {processor.py:753} INFO - DAG(s) dict_keys(['example_short_circuit_decorator']) retrieved from /home/airflow/.local/lib/python3.7/site-packages/airflow/example_dags/example_short_circuit_decorator.py
[2026-02-13T22:22:29.150+0000] {logging_mixin.py:137} INFO - [2026-02-13T22:22:29.150+0000] {dag.py:2690} INFO - Sync 1 DAGs
[2026-02-13T22:22:29.160+0000] {logging_mixin.py:137} INFO - [2026-02-13T22:22:29.160+0000] {dag.py:3441} INFO - Setting next_dagrun for example_short_circuit_decorator to 2026-02-12T22:22:29.160088+00:00, run_after=2026-02-13T22:22:29.160088+00:00
[2026-02-13T22:22:29.166+0000] {processor.py:175} INFO - Processing /home/airflow/.local/lib/python3.7/site-packages/airflow/example_dags/example_short_circuit_decorator.py took 0.039 seconds
[2026-02-13T22:22:59.738+0000] {processor.py:153} INFO - Started process (PID=422) to work on /home/airflow/.local/lib/python3.7/site-packages/airflow/example_dags/example_short_circuit_decorator.py
[2026-02-13T22:22:59.739+0000] {processor.py:743} INFO - Processing file /home/airflow/.local/lib/python3.7/site-packages/airflow/example_dags/example_short_circuit_decorator.py for tasks to queue
[2026-02-13T22:22:59.739+0000] {logging_mixin.py:137} INFO - [2026-02-13T22:22:59.739+0000] {dagbag.py:538} INFO - Filling up the DagBag from /home/airflow/.local/lib/python3.7/site-packages/airflow/example_dags/example_short_circuit_decorator.py
[2026-02-13T22:22:59.750+0000] {processor.py:753} INFO - DAG(s) dict_keys(['example_short_circuit_decorator']) retrieved from /home/airflow/.local/lib/python3.7/site-packages/airflow/example_dags/example_short_circuit_decorator.py
[2026-02-13T22:22:59.762+0000] {logging_mixin.py:137} INFO - [2026-02-13T22:22:59.762+0000] {dag.py:2690} INFO - Sync 1 DAGs
[2026-02-13T22:22:59.771+0000] {logging_mixin.py:137} INFO - [2026-02-13T22:22:59.771+0000] {dag.py:3441} INFO - Setting next_dagrun for example_short_circuit_decorator to 2026-02-12T22:22:59.771572+00:00, run_after=2026-02-13T22:22:59.771572+00:00
[2026-02-13T22:22:59.778+0000] {processor.py:175} INFO - Processing /home/airflow/.local/lib/python3.7/site-packages/airflow/example_dags/example_short_circuit_decorator.py took 0.042 seconds
[2026-02-13T22:23:30.382+0000] {processor.py:153} INFO - Started process (PID=495) to work on /home/airflow/.local/lib/python3.7/site-packages/airflow/example_dags/example_short_circuit_decorator.py
[2026-02-13T22:23:30.382+0000] {processor.py:743} INFO - Processing file /home/airflow/.local/lib/python3.7/site-packages/airflow/example_dags/example_short_circuit_decorator.py for tasks to queue
[2026-02-13T22:23:30.383+0000] {logging_mixin.py:137} INFO - [2026-02-13T22:23:30.383+0000] {dagbag.py:538} INFO - Filling up the DagBag from /home/airflow/.local/lib/python3.7/site-packages/airflow/example_dags/example_short_circuit_decorator.py
[2026-02-13T22:23:30.394+0000] {processor.py:753} INFO - DAG(s) dict_keys(['example_short_circuit_decorator']) retrieved from /home/airflow/.local/lib/python3.7/site-packages/airflow/example_dags/example_short_circuit_decorator.py
[2026-02-13T22:23:30.406+0000] {logging_mixin.py:137} INFO - [2026-02-13T22:23:30.406+0000] {dag.py:2690} INFO - Sync 1 DAGs
[2026-02-13T22:23:30.418+0000] {logging_mixin.py:137} INFO - [2026-02-13T22:23:30.418+0000] {dag.py:3441} INFO - Setting next_dagrun for example_short_circuit_decorator to 2026-02-12T22:23:30.418018+00:00, run_after=2026-02-13T22:23:30.418018+00:00
[2026-02-13T22:23:30.425+0000] {processor.py:175} INFO - Processing /home/airflow/.local/lib/python3.7/site-packages/airflow/example_dags/example_short_circuit_decorator.py took 0.045 seconds
[2026-02-13T22:24:01.136+0000] {processor.py:153} INFO - Started process (PID=583) to work on /home/airflow/.local/lib/python3.7/site-packages/airflow/example_dags/example_short_circuit_decorator.py
[2026-02-13T22:24:01.136+0000] {processor.py:743} INFO - Processing file /home/airflow/.local/lib/python3.7/site-packages/airflow/example_dags/example_short_circuit_decorator.py for tasks to queue
[2026-02-13T22:24:01.137+0000] {logging_mixin.py:137} INFO - [2026-02-13T22:24:01.137+0000] {dagbag.py:538} INFO - Filling up the DagBag from /home/airflow/.local/lib/python3.7/site-packages/airflow/example_dags/example_short_circuit_decorator.py
[2026-02-13T22:24:01.150+0000] {processor.py:753} INFO - DAG(s) dict_keys(['example_short_circuit_decorator']) retrieved from /home/airflow/.local/lib/python3.7/site-packages/airflow/example_dags/example_short_circuit_decorator.py
[2026-02-13T22:24:01.163+0000] {logging_mixin.py:137} INFO - [2026-02-13T22:24:01.163+0000] {dag.py:2690} INFO - Sync 1 DAGs
[2026-02-13T22:24:01.173+0000] {logging_mixin.py:137} INFO - [2026-02-13T22:24:01.173+0000] {dag.py:3441} INFO - Setting next_dagrun for example_short_circuit_decorator to 2026-02-12T22:24:01.173193+00:00, run_after=2026-02-13T22:24:01.173193+00:00
[2026-02-13T22:24:01.181+0000] {processor.py:175} INFO - Processing /home/airflow/.local/lib/python3.7/site-packages/airflow/example_dags/example_short_circuit_decorator.py took 0.046 seconds
[2026-02-13T22:24:31.781+0000] {processor.py:153} INFO - Started process (PID=672) to work on /home/airflow/.local/lib/python3.7/site-packages/airflow/example_dags/example_short_circuit_decorator.py
[2026-02-13T22:24:31.781+0000] {processor.py:743} INFO - Processing file /home/airflow/.local/lib/python3.7/site-packages/airflow/example_dags/example_short_circuit_decorator.py for tasks to queue
[2026-02-13T22:24:31.782+0000] {logging_mixin.py:137} INFO - [2026-02-13T22:24:31.782+0000] {dagbag.py:538} INFO - Filling up the DagBag from /home/airflow/.local/lib/python3.7/site-packages/airflow/example_dags/example_short_circuit_decorator.py
[2026-02-13T22:24:31.792+0000] {processor.py:753} INFO - DAG(s) dict_keys(['example_short_circuit_decorator']) retrieved from /home/airflow/.local/lib/python3.7/site-packages/airflow/example_dags/example_short_circuit_decorator.py
[2026-02-13T22:24:31.804+0000] {logging_mixin.py:137} INFO - [2026-02-13T22:24:31.804+0000] {dag.py:2690} INFO - Sync 1 DAGs
[2026-02-13T22:24:31.814+0000] {logging_mixin.py:137} INFO - [2026-02-13T22:24:31.814+0000] {dag.py:3441} INFO - Setting next_dagrun for example_short_circuit_decorator to 2026-02-12T22:24:31.814257+00:00, run_after=2026-02-13T22:24:31.814257+00:00
[2026-02-13T22:24:31.821+0000] {processor.py:175} INFO - Processing /home/airflow/.local/lib/python3.7/site-packages/airflow/example_dags/example_short_circuit_decorator.py took 0.042 seconds
[2026-02-13T22:25:02.550+0000] {processor.py:153} INFO - Started process (PID=761) to work on /home/airflow/.local/lib/python3.7/site-packages/airflow/example_dags/example_short_circuit_decorator.py
[2026-02-13T22:25:02.550+0000] {processor.py:743} INFO - Processing file /home/airflow/.local/lib/python3.7/site-packages/airflow/example_dags/example_short_circuit_decorator.py for tasks to queue
[2026-02-13T22:25:02.551+0000] {logging_mixin.py:137} INFO - [2026-02-13T22:25:02.551+0000] {dagbag.py:538} INFO - Filling up the DagBag from /home/airflow/.local/lib/python3.7/site-packages/airflow/example_dags/example_short_circuit_decorator.py
[2026-02-13T22:25:02.561+0000] {processor.py:753} INFO - DAG(s) dict_keys(['example_short_circuit_decorator']) retrieved from /home/airflow/.local/lib/python3.7/site-packages/airflow/example_dags/example_short_circuit_decorator.py
[2026-02-13T22:25:02.573+0000] {logging_mixin.py:137} INFO - [2026-02-13T22:25:02.573+0000] {dag.py:2690} INFO - Sync 1 DAGs
[2026-02-13T22:25:02.583+0000] {logging_mixin.py:137} INFO - [2026-02-13T22:25:02.583+0000] {dag.py:3441} INFO - Setting next_dagrun for example_short_circuit_decorator to 2026-02-12T22:25:02.583586+00:00, run_after=2026-02-13T22:25:02.583586+00:00
[2026-02-13T22:25:02.591+0000] {processor.py:175} INFO - Processing /home/airflow/.local/lib/python3.7/site-packages/airflow/example_dags/example_short_circuit_decorator.py took 0.042 seconds
[2026-02-13T22:25:33.104+0000] {processor.py:153} INFO - Started process (PID=843) to work on /home/airflow/.local/lib/python3.7/site-packages/airflow/example_dags/example_short_circuit_decorator.py
[2026-02-13T22:25:33.104+0000] {processor.py:743} INFO - Processing file /home/airflow/.local/lib/python3.7/site-packages/airflow/example_dags/example_short_circuit_decorator.py for tasks to queue
[2026-02-13T22:25:33.105+0000] {logging_mixin.py:137} INFO - [2026-02-13T22:25:33.104+0000] {dagbag.py:538} INFO - Filling up the DagBag from /home/airflow/.local/lib/python3.7/site-packages/airflow/example_dags/example_short_circuit_decorator.py
[2026-02-13T22:25:33.115+0000] {processor.py:753} INFO - DAG(s) dict_keys(['example_short_circuit_decorator']) retrieved from /home/airflow/.local/lib/python3.7/site-packages/airflow/example_dags/example_short_circuit_decorator.py
[2026-02-13T22:25:33.128+0000] {logging_mixin.py:137} INFO - [2026-02-13T22:25:33.127+0000] {dag.py:2690} INFO - Sync 1 DAGs
[2026-02-13T22:25:33.138+0000] {logging_mixin.py:137} INFO - [2026-02-13T22:25:33.138+0000] {dag.py:3441} INFO - Setting next_dagrun for example_short_circuit_decorator to 2026-02-12T22:25:33.138679+00:00, run_after=2026-02-13T22:25:33.138679+00:00
[2026-02-13T22:25:33.148+0000] {processor.py:175} INFO - Processing /home/airflow/.local/lib/python3.7/site-packages/airflow/example_dags/example_short_circuit_decorator.py took 0.046 seconds
[2026-02-13T22:26:03.915+0000] {processor.py:153} INFO - Started process (PID=923) to work on /home/airflow/.local/lib/python3.7/site-packages/airflow/example_dags/example_short_circuit_decorator.py
[2026-02-13T22:26:03.916+0000] {processor.py:743} INFO - Processing file /home/airflow/.local/lib/python3.7/site-packages/airflow/example_dags/example_short_circuit_decorator.py for tasks to queue
[2026-02-13T22:26:03.916+0000] {logging_mixin.py:137} INFO - [2026-02-13T22:26:03.916+0000] {dagbag.py:538} INFO - Filling up the DagBag from /home/airflow/.local/lib/python3.7/site-packages/airflow/example_dags/example_short_circuit_decorator.py
[2026-02-13T22:26:03.926+0000] {processor.py:753} INFO - DAG(s) dict_keys(['example_short_circuit_decorator']) retrieved from /home/airflow/.local/lib/python3.7/site-packages/airflow/example_dags/example_short_circuit_decorator.py
[2026-02-13T22:26:03.938+0000] {logging_mixin.py:137} INFO - [2026-02-13T22:26:03.938+0000] {dag.py:2690} INFO - Sync 1 DAGs
[2026-02-13T22:26:03.948+0000] {logging_mixin.py:137} INFO - [2026-02-13T22:26:03.948+0000] {dag.py:3441} INFO - Setting next_dagrun for example_short_circuit_decorator to 2026-02-12T22:26:03.948308+00:00, run_after=2026-02-13T22:26:03.948308+00:00
[2026-02-13T22:26:03.955+0000] {processor.py:175} INFO - Processing /home/airflow/.local/lib/python3.7/site-packages/airflow/example_dags/example_short_circuit_decorator.py took 0.041 seconds
[2026-02-13T22:26:34.380+0000] {processor.py:153} INFO - Started process (PID=1012) to work on /home/airflow/.local/lib/python3.7/site-packages/airflow/example_dags/example_short_circuit_decorator.py
[2026-02-13T22:26:34.381+0000] {processor.py:743} INFO - Processing file /home/airflow/.local/lib/python3.7/site-packages/airflow/example_dags/example_short_circuit_decorator.py for tasks to queue
[2026-02-13T22:26:34.381+0000] {logging_mixin.py:137} INFO - [2026-02-13T22:26:34.381+0000] {dagbag.py:538} INFO - Filling up the DagBag from /home/airflow/.local/lib/python3.7/site-packages/airflow/example_dags/example_short_circuit_decorator.py
[2026-02-13T22:26:34.392+0000] {processor.py:753} INFO - DAG(s) dict_keys(['example_short_circuit_decorator']) retrieved from /home/airflow/.local/lib/python3.7/site-packages/airflow/example_dags/example_short_circuit_decorator.py
[2026-02-13T22:26:34.404+0000] {logging_mixin.py:137} INFO - [2026-02-13T22:26:34.404+0000] {dag.py:2690} INFO - Sync 1 DAGs
[2026-02-13T22:26:34.415+0000] {logging_mixin.py:137} INFO - [2026-02-13T22:26:34.415+0000] {dag.py:3441} INFO - Setting next_dagrun for example_short_circuit_decorator to 2026-02-12T22:26:34.415259+00:00, run_after=2026-02-13T22:26:34.415259+00:00
[2026-02-13T22:26:34.422+0000] {processor.py:175} INFO - Processing /home/airflow/.local/lib/python3.7/site-packages/airflow/example_dags/example_short_circuit_decorator.py took 0.045 seconds
[2026-02-13T22:27:05.185+0000] {processor.py:153} INFO - Started process (PID=1101) to work on /home/airflow/.local/lib/python3.7/site-packages/airflow/example_dags/example_short_circuit_decorator.py
[2026-02-13T22:27:05.185+0000] {processor.py:743} INFO - Processing file /home/airflow/.local/lib/python3.7/site-packages/airflow/example_dags/example_short_circuit_decorator.py for tasks to queue
[2026-02-13T22:27:05.185+0000] {logging_mixin.py:137} INFO - [2026-02-13T22:27:05.185+0000] {dagbag.py:538} INFO - Filling up the DagBag from /home/airflow/.local/lib/python3.7/site-packages/airflow/example_dags/example_short_circuit_decorator.py
[2026-02-13T22:27:05.197+0000] {processor.py:753} INFO - DAG(s) dict_keys(['example_short_circuit_decorator']) retrieved from /home/airflow/.local/lib/python3.7/site-packages/airflow/example_dags/example_short_circuit_decorator.py
[2026-02-13T22:27:05.210+0000] {logging_mixin.py:137} INFO - [2026-02-13T22:27:05.210+0000] {dag.py:2690} INFO - Sync 1 DAGs
[2026-02-13T22:27:05.221+0000] {logging_mixin.py:137} INFO - [2026-02-13T22:27:05.221+0000] {dag.py:3441} INFO - Setting next_dagrun for example_short_circuit_decorator to 2026-02-12T22:27:05.221177+00:00, run_after=2026-02-13T22:27:05.221177+00:00
[2026-02-13T22:27:05.229+0000] {processor.py:175} INFO - Processing /home/airflow/.local/lib/python3.7/site-packages/airflow/example_dags/example_short_circuit_decorator.py took 0.046 seconds
[2026-02-13T22:27:35.825+0000] {processor.py:153} INFO - Started process (PID=1190) to work on /home/airflow/.local/lib/python3.7/site-packages/airflow/example_dags/example_short_circuit_decorator.py
[2026-02-13T22:27:35.826+0000] {processor.py:743} INFO - Processing file /home/airflow/.local/lib/python3.7/site-packages/airflow/example_dags/example_short_circuit_decorator.py for tasks to queue
[2026-02-13T22:27:35.826+0000] {logging_mixin.py:137} INFO - [2026-02-13T22:27:35.826+0000] {dagbag.py:538} INFO - Filling up the DagBag from /home/airflow/.local/lib/python3.7/site-packages/airflow/example_dags/example_short_circuit_decorator.py
[2026-02-13T22:27:35.840+0000] {processor.py:753} INFO - DAG(s) dict_keys(['example_short_circuit_decorator']) retrieved from /home/airflow/.local/lib/python3.7/site-packages/airflow/example_dags/example_short_circuit_decorator.py
[2026-02-13T22:27:35.854+0000] {logging_mixin.py:137} INFO - [2026-02-13T22:27:35.854+0000] {dag.py:2690} INFO - Sync 1 DAGs
[2026-02-13T22:27:35.866+0000] {logging_mixin.py:137} INFO - [2026-02-13T22:27:35.866+0000] {dag.py:3441} INFO - Setting next_dagrun for example_short_circuit_decorator to 2026-02-12T22:27:35.865961+00:00, run_after=2026-02-13T22:27:35.865961+00:00
[2026-02-13T22:27:35.876+0000] {processor.py:175} INFO - Processing /home/airflow/.local/lib/python3.7/site-packages/airflow/example_dags/example_short_circuit_decorator.py took 0.053 seconds
[2026-02-13T22:28:06.550+0000] {processor.py:153} INFO - Started process (PID=1263) to work on /home/airflow/.local/lib/python3.7/site-packages/airflow/example_dags/example_short_circuit_decorator.py
[2026-02-13T22:28:06.551+0000] {processor.py:743} INFO - Processing file /home/airflow/.local/lib/python3.7/site-packages/airflow/example_dags/example_short_circuit_decorator.py for tasks to queue
[2026-02-13T22:28:06.551+0000] {logging_mixin.py:137} INFO - [2026-02-13T22:28:06.551+0000] {dagbag.py:538} INFO - Filling up the DagBag from /home/airflow/.local/lib/python3.7/site-packages/airflow/example_dags/example_short_circuit_decorator.py
[2026-02-13T22:28:06.562+0000] {processor.py:753} INFO - DAG(s) dict_keys(['example_short_circuit_decorator']) retrieved from /home/airflow/.local/lib/python3.7/site-packages/airflow/example_dags/example_short_circuit_decorator.py
[2026-02-13T22:28:06.577+0000] {logging_mixin.py:137} INFO - [2026-02-13T22:28:06.577+0000] {dag.py:2690} INFO - Sync 1 DAGs
[2026-02-13T22:28:06.590+0000] {logging_mixin.py:137} INFO - [2026-02-13T22:28:06.590+0000] {dag.py:3441} INFO - Setting next_dagrun for example_short_circuit_decorator to 2026-02-12T22:28:06.590701+00:00, run_after=2026-02-13T22:28:06.590701+00:00
[2026-02-13T22:28:06.599+0000] {processor.py:175} INFO - Processing /home/airflow/.local/lib/python3.7/site-packages/airflow/example_dags/example_short_circuit_decorator.py took 0.051 seconds
[2026-02-13T22:28:37.181+0000] {processor.py:153} INFO - Started process (PID=1352) to work on /home/airflow/.local/lib/python3.7/site-packages/airflow/example_dags/example_short_circuit_decorator.py
[2026-02-13T22:28:37.181+0000] {processor.py:743} INFO - Processing file /home/airflow/.local/lib/python3.7/site-packages/airflow/example_dags/example_short_circuit_decorator.py for tasks to queue
[2026-02-13T22:28:37.181+0000] {logging_mixin.py:137} INFO - [2026-02-13T22:28:37.181+0000] {dagbag.py:538} INFO - Filling up the DagBag from /home/airflow/.local/lib/python3.7/site-packages/airflow/example_dags/example_short_circuit_decorator.py
[2026-02-13T22:28:37.192+0000] {processor.py:753} INFO - DAG(s) dict_keys(['example_short_circuit_decorator']) retrieved from /home/airflow/.local/lib/python3.7/site-packages/airflow/example_dags/example_short_circuit_decorator.py
[2026-02-13T22:28:37.204+0000] {logging_mixin.py:137} INFO - [2026-02-13T22:28:37.204+0000] {dag.py:2690} INFO - Sync 1 DAGs
[2026-02-13T22:28:37.215+0000] {logging_mixin.py:137} INFO - [2026-02-13T22:28:37.215+0000] {dag.py:3441} INFO - Setting next_dagrun for example_short_circuit_decorator to 2026-02-12T22:28:37.215001+00:00, run_after=2026-02-13T22:28:37.215001+00:00
[2026-02-13T22:28:37.222+0000] {processor.py:175} INFO - Processing /home/airflow/.local/lib/python3.7/site-packages/airflow/example_dags/example_short_circuit_decorator.py took 0.043 seconds
[2026-02-13T22:29:07.740+0000] {processor.py:153} INFO - Started process (PID=1441) to work on /home/airflow/.local/lib/python3.7/site-packages/airflow/example_dags/example_short_circuit_decorator.py
[2026-02-13T22:29:07.740+0000] {processor.py:743} INFO - Processing file /home/airflow/.local/lib/python3.7/site-packages/airflow/example_dags/example_short_circuit_decorator.py for tasks to queue
[2026-02-13T22:29:07.741+0000] {logging_mixin.py:137} INFO - [2026-02-13T22:29:07.741+0000] {dagbag.py:538} INFO - Filling up the DagBag from /home/airflow/.local/lib/python3.7/site-packages/airflow/example_dags/example_short_circuit_decorator.py
[2026-02-13T22:29:07.751+0000] {processor.py:753} INFO - DAG(s) dict_keys(['example_short_circuit_decorator']) retrieved from /home/airflow/.local/lib/python3.7/site-packages/airflow/example_dags/example_short_circuit_decorator.py
[2026-02-13T22:29:07.762+0000] {logging_mixin.py:137} INFO - [2026-02-13T22:29:07.762+0000] {dag.py:2690} INFO - Sync 1 DAGs
[2026-02-13T22:29:07.773+0000] {logging_mixin.py:137} INFO - [2026-02-13T22:29:07.773+0000] {dag.py:3441} INFO - Setting next_dagrun for example_short_circuit_decorator to 2026-02-12T22:29:07.773193+00:00, run_after=2026-02-13T22:29:07.773193+00:00
[2026-02-13T22:29:07.781+0000] {processor.py:175} INFO - Processing /home/airflow/.local/lib/python3.7/site-packages/airflow/example_dags/example_short_circuit_decorator.py took 0.042 seconds
[2026-02-13T22:29:38.447+0000] {processor.py:153} INFO - Started process (PID=1530) to work on /home/airflow/.local/lib/python3.7/site-packages/airflow/example_dags/example_short_circuit_decorator.py
[2026-02-13T22:29:38.448+0000] {processor.py:743} INFO - Processing file /home/airflow/.local/lib/python3.7/site-packages/airflow/example_dags/example_short_circuit_decorator.py for tasks to queue
[2026-02-13T22:29:38.448+0000] {logging_mixin.py:137} INFO - [2026-02-13T22:29:38.448+0000] {dagbag.py:538} INFO - Filling up the DagBag from /home/airflow/.local/lib/python3.7/site-packages/airflow/example_dags/example_short_circuit_decorator.py
[2026-02-13T22:29:38.458+0000] {processor.py:753} INFO - DAG(s) dict_keys(['example_short_circuit_decorator']) retrieved from /home/airflow/.local/lib/python3.7/site-packages/airflow/example_dags/example_short_circuit_decorator.py
[2026-02-13T22:29:38.468+0000] {logging_mixin.py:137} INFO - [2026-02-13T22:29:38.468+0000] {dag.py:2690} INFO - Sync 1 DAGs
[2026-02-13T22:29:38.478+0000] {logging_mixin.py:137} INFO - [2026-02-13T22:29:38.478+0000] {dag.py:3441} INFO - Setting next_dagrun for example_short_circuit_decorator to 2026-02-12T22:29:38.478607+00:00, run_after=2026-02-13T22:29:38.478607+00:00
[2026-02-13T22:29:38.485+0000] {processor.py:175} INFO - Processing /home/airflow/.local/lib/python3.7/site-packages/airflow/example_dags/example_short_circuit_decorator.py took 0.040 seconds
[2026-02-13T22:30:09.079+0000] {processor.py:153} INFO - Started process (PID=1603) to work on /home/airflow/.local/lib/python3.7/site-packages/airflow/example_dags/example_short_circuit_decorator.py
[2026-02-13T22:30:09.079+0000] {processor.py:743} INFO - Processing file /home/airflow/.local/lib/python3.7/site-packages/airflow/example_dags/example_short_circuit_decorator.py for tasks to queue
[2026-02-13T22:30:09.080+0000] {logging_mixin.py:137} INFO - [2026-02-13T22:30:09.079+0000] {dagbag.py:538} INFO - Filling up the DagBag from /home/airflow/.local/lib/python3.7/site-packages/airflow/example_dags/example_short_circuit_decorator.py
[2026-02-13T22:30:09.094+0000] {processor.py:753} INFO - DAG(s) dict_keys(['example_short_circuit_decorator']) retrieved from /home/airflow/.local/lib/python3.7/site-packages/airflow/example_dags/example_short_circuit_decorator.py
[2026-02-13T22:30:09.111+0000] {logging_mixin.py:137} INFO - [2026-02-13T22:30:09.110+0000] {dag.py:2690} INFO - Sync 1 DAGs
[2026-02-13T22:30:09.124+0000] {logging_mixin.py:137} INFO - [2026-02-13T22:30:09.123+0000] {dag.py:3441} INFO - Setting next_dagrun for example_short_circuit_decorator to 2026-02-12T22:30:09.123818+00:00, run_after=2026-02-13T22:30:09.123818+00:00
[2026-02-13T22:30:09.137+0000] {processor.py:175} INFO - Processing /home/airflow/.local/lib/python3.7/site-packages/airflow/example_dags/example_short_circuit_decorator.py took 0.061 seconds
[2026-02-13T22:30:39.877+0000] {processor.py:153} INFO - Started process (PID=1692) to work on /home/airflow/.local/lib/python3.7/site-packages/airflow/example_dags/example_short_circuit_decorator.py
[2026-02-13T22:30:39.878+0000] {processor.py:743} INFO - Processing file /home/airflow/.local/lib/python3.7/site-packages/airflow/example_dags/example_short_circuit_decorator.py for tasks to queue
[2026-02-13T22:30:39.878+0000] {logging_mixin.py:137} INFO - [2026-02-13T22:30:39.878+0000] {dagbag.py:538} INFO - Filling up the DagBag from /home/airflow/.local/lib/python3.7/site-packages/airflow/example_dags/example_short_circuit_decorator.py
[2026-02-13T22:30:39.889+0000] {processor.py:753} INFO - DAG(s) dict_keys(['example_short_circuit_decorator']) retrieved from /home/airflow/.local/lib/python3.7/site-packages/airflow/example_dags/example_short_circuit_decorator.py
[2026-02-13T22:30:39.900+0000] {logging_mixin.py:137} INFO - [2026-02-13T22:30:39.900+0000] {dag.py:2690} INFO - Sync 1 DAGs
[2026-02-13T22:30:39.910+0000] {logging_mixin.py:137} INFO - [2026-02-13T22:30:39.910+0000] {dag.py:3441} INFO - Setting next_dagrun for example_short_circuit_decorator to 2026-02-12T22:30:39.910527+00:00, run_after=2026-02-13T22:30:39.910527+00:00
[2026-02-13T22:30:39.918+0000] {processor.py:175} INFO - Processing /home/airflow/.local/lib/python3.7/site-packages/airflow/example_dags/example_short_circuit_decorator.py took 0.042 seconds
[2026-02-13T22:31:10.543+0000] {processor.py:153} INFO - Started process (PID=1781) to work on /home/airflow/.local/lib/python3.7/site-packages/airflow/example_dags/example_short_circuit_decorator.py
[2026-02-13T22:31:10.543+0000] {processor.py:743} INFO - Processing file /home/airflow/.local/lib/python3.7/site-packages/airflow/example_dags/example_short_circuit_decorator.py for tasks to queue
[2026-02-13T22:31:10.544+0000] {logging_mixin.py:137} INFO - [2026-02-13T22:31:10.544+0000] {dagbag.py:538} INFO - Filling up the DagBag from /home/airflow/.local/lib/python3.7/site-packages/airflow/example_dags/example_short_circuit_decorator.py
[2026-02-13T22:31:10.555+0000] {processor.py:753} INFO - DAG(s) dict_keys(['example_short_circuit_decorator']) retrieved from /home/airflow/.local/lib/python3.7/site-packages/airflow/example_dags/example_short_circuit_decorator.py
[2026-02-13T22:31:10.567+0000] {logging_mixin.py:137} INFO - [2026-02-13T22:31:10.567+0000] {dag.py:2690} INFO - Sync 1 DAGs
[2026-02-13T22:31:10.578+0000] {logging_mixin.py:137} INFO - [2026-02-13T22:31:10.578+0000] {dag.py:3441} INFO - Setting next_dagrun for example_short_circuit_decorator to 2026-02-12T22:31:10.578287+00:00, run_after=2026-02-13T22:31:10.578287+00:00
[2026-02-13T22:31:10.585+0000] {processor.py:175} INFO - Processing /home/airflow/.local/lib/python3.7/site-packages/airflow/example_dags/example_short_circuit_decorator.py took 0.044 seconds
[2026-02-13T22:31:40.932+0000] {processor.py:153} INFO - Started process (PID=1870) to work on /home/airflow/.local/lib/python3.7/site-packages/airflow/example_dags/example_short_circuit_decorator.py
[2026-02-13T22:31:40.933+0000] {processor.py:743} INFO - Processing file /home/airflow/.local/lib/python3.7/site-packages/airflow/example_dags/example_short_circuit_decorator.py for tasks to queue
[2026-02-13T22:31:40.933+0000] {logging_mixin.py:137} INFO - [2026-02-13T22:31:40.933+0000] {dagbag.py:538} INFO - Filling up the DagBag from /home/airflow/.local/lib/python3.7/site-packages/airflow/example_dags/example_short_circuit_decorator.py
[2026-02-13T22:31:40.945+0000] {processor.py:753} INFO - DAG(s) dict_keys(['example_short_circuit_decorator']) retrieved from /home/airflow/.local/lib/python3.7/site-packages/airflow/example_dags/example_short_circuit_decorator.py
[2026-02-13T22:31:40.957+0000] {logging_mixin.py:137} INFO - [2026-02-13T22:31:40.957+0000] {dag.py:2690} INFO - Sync 1 DAGs
[2026-02-13T22:31:40.968+0000] {logging_mixin.py:137} INFO - [2026-02-13T22:31:40.968+0000] {dag.py:3441} INFO - Setting next_dagrun for example_short_circuit_decorator to 2026-02-12T22:31:40.968656+00:00, run_after=2026-02-13T22:31:40.968656+00:00
[2026-02-13T22:31:40.976+0000] {processor.py:175} INFO - Processing /home/airflow/.local/lib/python3.7/site-packages/airflow/example_dags/example_short_circuit_decorator.py took 0.046 seconds
[2026-02-13T22:32:11.941+0000] {processor.py:153} INFO - Started process (PID=1942) to work on /home/airflow/.local/lib/python3.7/site-packages/airflow/example_dags/example_short_circuit_decorator.py
[2026-02-13T22:32:11.942+0000] {processor.py:743} INFO - Processing file /home/airflow/.local/lib/python3.7/site-packages/airflow/example_dags/example_short_circuit_decorator.py for tasks to queue
[2026-02-13T22:32:11.942+0000] {logging_mixin.py:137} INFO - [2026-02-13T22:32:11.942+0000] {dagbag.py:538} INFO - Filling up the DagBag from /home/airflow/.local/lib/python3.7/site-packages/airflow/example_dags/example_short_circuit_decorator.py
[2026-02-13T22:32:11.953+0000] {processor.py:753} INFO - DAG(s) dict_keys(['example_short_circuit_decorator']) retrieved from /home/airflow/.local/lib/python3.7/site-packages/airflow/example_dags/example_short_circuit_decorator.py
[2026-02-13T22:32:11.964+0000] {logging_mixin.py:137} INFO - [2026-02-13T22:32:11.964+0000] {dag.py:2690} INFO - Sync 1 DAGs
[2026-02-13T22:32:11.974+0000] {logging_mixin.py:137} INFO - [2026-02-13T22:32:11.974+0000] {dag.py:3441} INFO - Setting next_dagrun for example_short_circuit_decorator to 2026-02-12T22:32:11.974618+00:00, run_after=2026-02-13T22:32:11.974618+00:00
[2026-02-13T22:32:11.981+0000] {processor.py:175} INFO - Processing /home/airflow/.local/lib/python3.7/site-packages/airflow/example_dags/example_short_circuit_decorator.py took 0.042 seconds
[2026-02-13T22:32:42.096+0000] {processor.py:153} INFO - Started process (PID=2029) to work on /home/airflow/.local/lib/python3.7/site-packages/airflow/example_dags/example_short_circuit_decorator.py
[2026-02-13T22:32:42.100+0000] {processor.py:743} INFO - Processing file /home/airflow/.local/lib/python3.7/site-packages/airflow/example_dags/example_short_circuit_decorator.py for tasks to queue
[2026-02-13T22:32:42.100+0000] {logging_mixin.py:137} INFO - [2026-02-13T22:32:42.100+0000] {dagbag.py:538} INFO - Filling up the DagBag from /home/airflow/.local/lib/python3.7/site-packages/airflow/example_dags/example_short_circuit_decorator.py
[2026-02-13T22:32:42.112+0000] {processor.py:753} INFO - DAG(s) dict_keys(['example_short_circuit_decorator']) retrieved from /home/airflow/.local/lib/python3.7/site-packages/airflow/example_dags/example_short_circuit_decorator.py
[2026-02-13T22:32:42.125+0000] {logging_mixin.py:137} INFO - [2026-02-13T22:32:42.125+0000] {dag.py:2690} INFO - Sync 1 DAGs
[2026-02-13T22:32:42.137+0000] {logging_mixin.py:137} INFO - [2026-02-13T22:32:42.137+0000] {dag.py:3441} INFO - Setting next_dagrun for example_short_circuit_decorator to 2026-02-12T22:32:42.137761+00:00, run_after=2026-02-13T22:32:42.137761+00:00
[2026-02-13T22:32:42.150+0000] {processor.py:175} INFO - Processing /home/airflow/.local/lib/python3.7/site-packages/airflow/example_dags/example_short_circuit_decorator.py took 0.055 seconds
[2026-02-13T22:34:03.435+0000] {processor.py:153} INFO - Started process (PID=82) to work on /home/airflow/.local/lib/python3.7/site-packages/airflow/example_dags/example_short_circuit_decorator.py
[2026-02-13T22:34:03.438+0000] {processor.py:743} INFO - Processing file /home/airflow/.local/lib/python3.7/site-packages/airflow/example_dags/example_short_circuit_decorator.py for tasks to queue
[2026-02-13T22:34:03.439+0000] {logging_mixin.py:137} INFO - [2026-02-13T22:34:03.439+0000] {dagbag.py:538} INFO - Filling up the DagBag from /home/airflow/.local/lib/python3.7/site-packages/airflow/example_dags/example_short_circuit_decorator.py
[2026-02-13T22:34:03.454+0000] {processor.py:753} INFO - DAG(s) dict_keys(['example_short_circuit_decorator']) retrieved from /home/airflow/.local/lib/python3.7/site-packages/airflow/example_dags/example_short_circuit_decorator.py
[2026-02-13T22:34:03.479+0000] {logging_mixin.py:137} INFO - [2026-02-13T22:34:03.479+0000] {dag.py:2690} INFO - Sync 1 DAGs
[2026-02-13T22:34:03.496+0000] {logging_mixin.py:137} INFO - [2026-02-13T22:34:03.495+0000] {dag.py:3441} INFO - Setting next_dagrun for example_short_circuit_decorator to 2026-02-12T22:34:03.495732+00:00, run_after=2026-02-13T22:34:03.495732+00:00
[2026-02-13T22:34:03.517+0000] {processor.py:175} INFO - Processing /home/airflow/.local/lib/python3.7/site-packages/airflow/example_dags/example_short_circuit_decorator.py took 0.084 seconds
[2026-02-13T22:34:34.728+0000] {processor.py:153} INFO - Started process (PID=173) to work on /home/airflow/.local/lib/python3.7/site-packages/airflow/example_dags/example_short_circuit_decorator.py
[2026-02-13T22:34:34.729+0000] {processor.py:743} INFO - Processing file /home/airflow/.local/lib/python3.7/site-packages/airflow/example_dags/example_short_circuit_decorator.py for tasks to queue
[2026-02-13T22:34:34.729+0000] {logging_mixin.py:137} INFO - [2026-02-13T22:34:34.729+0000] {dagbag.py:538} INFO - Filling up the DagBag from /home/airflow/.local/lib/python3.7/site-packages/airflow/example_dags/example_short_circuit_decorator.py
[2026-02-13T22:34:34.753+0000] {processor.py:753} INFO - DAG(s) dict_keys(['example_short_circuit_decorator']) retrieved from /home/airflow/.local/lib/python3.7/site-packages/airflow/example_dags/example_short_circuit_decorator.py
[2026-02-13T22:34:34.784+0000] {logging_mixin.py:137} INFO - [2026-02-13T22:34:34.784+0000] {dag.py:2690} INFO - Sync 1 DAGs
[2026-02-13T22:34:34.795+0000] {logging_mixin.py:137} INFO - [2026-02-13T22:34:34.795+0000] {dag.py:3441} INFO - Setting next_dagrun for example_short_circuit_decorator to 2026-02-12T22:34:34.795477+00:00, run_after=2026-02-13T22:34:34.795477+00:00
[2026-02-13T22:34:34.811+0000] {processor.py:175} INFO - Processing /home/airflow/.local/lib/python3.7/site-packages/airflow/example_dags/example_short_circuit_decorator.py took 0.085 seconds
[2026-02-13T22:35:05.901+0000] {processor.py:153} INFO - Started process (PID=248) to work on /home/airflow/.local/lib/python3.7/site-packages/airflow/example_dags/example_short_circuit_decorator.py
[2026-02-13T22:35:05.902+0000] {processor.py:743} INFO - Processing file /home/airflow/.local/lib/python3.7/site-packages/airflow/example_dags/example_short_circuit_decorator.py for tasks to queue
[2026-02-13T22:35:05.902+0000] {logging_mixin.py:137} INFO - [2026-02-13T22:35:05.902+0000] {dagbag.py:538} INFO - Filling up the DagBag from /home/airflow/.local/lib/python3.7/site-packages/airflow/example_dags/example_short_circuit_decorator.py
[2026-02-13T22:35:05.919+0000] {processor.py:753} INFO - DAG(s) dict_keys(['example_short_circuit_decorator']) retrieved from /home/airflow/.local/lib/python3.7/site-packages/airflow/example_dags/example_short_circuit_decorator.py
[2026-02-13T22:35:05.931+0000] {logging_mixin.py:137} INFO - [2026-02-13T22:35:05.931+0000] {dag.py:2690} INFO - Sync 1 DAGs
[2026-02-13T22:35:05.944+0000] {logging_mixin.py:137} INFO - [2026-02-13T22:35:05.944+0000] {dag.py:3441} INFO - Setting next_dagrun for example_short_circuit_decorator to 2026-02-12T22:35:05.944553+00:00, run_after=2026-02-13T22:35:05.944553+00:00
[2026-02-13T22:35:05.956+0000] {processor.py:175} INFO - Processing /home/airflow/.local/lib/python3.7/site-packages/airflow/example_dags/example_short_circuit_decorator.py took 0.056 seconds
[2026-02-13T22:35:36.747+0000] {processor.py:153} INFO - Started process (PID=340) to work on /home/airflow/.local/lib/python3.7/site-packages/airflow/example_dags/example_short_circuit_decorator.py
[2026-02-13T22:35:36.750+0000] {processor.py:743} INFO - Processing file /home/airflow/.local/lib/python3.7/site-packages/airflow/example_dags/example_short_circuit_decorator.py for tasks to queue
[2026-02-13T22:35:36.750+0000] {logging_mixin.py:137} INFO - [2026-02-13T22:35:36.750+0000] {dagbag.py:538} INFO - Filling up the DagBag from /home/airflow/.local/lib/python3.7/site-packages/airflow/example_dags/example_short_circuit_decorator.py
[2026-02-13T22:35:36.766+0000] {processor.py:753} INFO - DAG(s) dict_keys(['example_short_circuit_decorator']) retrieved from /home/airflow/.local/lib/python3.7/site-packages/airflow/example_dags/example_short_circuit_decorator.py
[2026-02-13T22:35:36.777+0000] {logging_mixin.py:137} INFO - [2026-02-13T22:35:36.777+0000] {dag.py:2690} INFO - Sync 1 DAGs
[2026-02-13T22:35:36.789+0000] {logging_mixin.py:137} INFO - [2026-02-13T22:35:36.789+0000] {dag.py:3441} INFO - Setting next_dagrun for example_short_circuit_decorator to 2026-02-12T22:35:36.789161+00:00, run_after=2026-02-13T22:35:36.789161+00:00
[2026-02-13T22:35:36.800+0000] {processor.py:175} INFO - Processing /home/airflow/.local/lib/python3.7/site-packages/airflow/example_dags/example_short_circuit_decorator.py took 0.054 seconds
[2026-02-13T22:36:07.673+0000] {processor.py:153} INFO - Started process (PID=431) to work on /home/airflow/.local/lib/python3.7/site-packages/airflow/example_dags/example_short_circuit_decorator.py
[2026-02-13T22:36:07.674+0000] {processor.py:743} INFO - Processing file /home/airflow/.local/lib/python3.7/site-packages/airflow/example_dags/example_short_circuit_decorator.py for tasks to queue
[2026-02-13T22:36:07.675+0000] {logging_mixin.py:137} INFO - [2026-02-13T22:36:07.675+0000] {dagbag.py:538} INFO - Filling up the DagBag from /home/airflow/.local/lib/python3.7/site-packages/airflow/example_dags/example_short_circuit_decorator.py
[2026-02-13T22:36:07.692+0000] {processor.py:753} INFO - DAG(s) dict_keys(['example_short_circuit_decorator']) retrieved from /home/airflow/.local/lib/python3.7/site-packages/airflow/example_dags/example_short_circuit_decorator.py
[2026-02-13T22:36:07.708+0000] {logging_mixin.py:137} INFO - [2026-02-13T22:36:07.708+0000] {dag.py:2690} INFO - Sync 1 DAGs
[2026-02-13T22:36:07.719+0000] {logging_mixin.py:137} INFO - [2026-02-13T22:36:07.719+0000] {dag.py:3441} INFO - Setting next_dagrun for example_short_circuit_decorator to 2026-02-12T22:36:07.719341+00:00, run_after=2026-02-13T22:36:07.719341+00:00
[2026-02-13T22:36:07.733+0000] {processor.py:175} INFO - Processing /home/airflow/.local/lib/python3.7/site-packages/airflow/example_dags/example_short_circuit_decorator.py took 0.061 seconds
[2026-02-13T22:36:38.462+0000] {processor.py:153} INFO - Started process (PID=523) to work on /home/airflow/.local/lib/python3.7/site-packages/airflow/example_dags/example_short_circuit_decorator.py
[2026-02-13T22:36:38.463+0000] {processor.py:743} INFO - Processing file /home/airflow/.local/lib/python3.7/site-packages/airflow/example_dags/example_short_circuit_decorator.py for tasks to queue
[2026-02-13T22:36:38.464+0000] {logging_mixin.py:137} INFO - [2026-02-13T22:36:38.464+0000] {dagbag.py:538} INFO - Filling up the DagBag from /home/airflow/.local/lib/python3.7/site-packages/airflow/example_dags/example_short_circuit_decorator.py
[2026-02-13T22:36:38.477+0000] {processor.py:753} INFO - DAG(s) dict_keys(['example_short_circuit_decorator']) retrieved from /home/airflow/.local/lib/python3.7/site-packages/airflow/example_dags/example_short_circuit_decorator.py
[2026-02-13T22:36:38.489+0000] {logging_mixin.py:137} INFO - [2026-02-13T22:36:38.489+0000] {dag.py:2690} INFO - Sync 1 DAGs
[2026-02-13T22:36:38.500+0000] {logging_mixin.py:137} INFO - [2026-02-13T22:36:38.500+0000] {dag.py:3441} INFO - Setting next_dagrun for example_short_circuit_decorator to 2026-02-12T22:36:38.499903+00:00, run_after=2026-02-13T22:36:38.499903+00:00
[2026-02-13T22:36:38.513+0000] {processor.py:175} INFO - Processing /home/airflow/.local/lib/python3.7/site-packages/airflow/example_dags/example_short_circuit_decorator.py took 0.052 seconds
