[2026-02-13T21:49:31.545+0000] {processor.py:153} INFO - Started process (PID=51) to work on /home/airflow/.local/lib/python3.7/site-packages/airflow/example_dags/example_xcom.py
[2026-02-13T21:49:31.545+0000] {processor.py:743} INFO - Processing file /home/airflow/.local/lib/python3.7/site-packages/airflow/example_dags/example_xcom.py for tasks to queue
[2026-02-13T21:49:31.546+0000] {logging_mixin.py:137} INFO - [2026-02-13T21:49:31.546+0000] {dagbag.py:538} INFO - Filling up the DagBag from /home/airflow/.local/lib/python3.7/site-packages/airflow/example_dags/example_xcom.py
[2026-02-13T21:49:31.572+0000] {processor.py:753} INFO - DAG(s) dict_keys(['example_xcom']) retrieved from /home/airflow/.local/lib/python3.7/site-packages/airflow/example_dags/example_xcom.py
[2026-02-13T21:49:31.585+0000] {logging_mixin.py:137} INFO - [2026-02-13T21:49:31.585+0000] {dag.py:2690} INFO - Sync 1 DAGs
[2026-02-13T21:49:31.608+0000] {logging_mixin.py:137} INFO - [2026-02-13T21:49:31.607+0000] {dag.py:3441} INFO - Setting next_dagrun for example_xcom to 2021-01-01T00:00:00+00:00, run_after=2021-01-01T00:00:00+00:00
[2026-02-13T21:49:31.624+0000] {processor.py:175} INFO - Processing /home/airflow/.local/lib/python3.7/site-packages/airflow/example_dags/example_xcom.py took 0.082 seconds
[2026-02-13T21:50:02.298+0000] {processor.py:153} INFO - Started process (PID=139) to work on /home/airflow/.local/lib/python3.7/site-packages/airflow/example_dags/example_xcom.py
[2026-02-13T21:50:02.299+0000] {processor.py:743} INFO - Processing file /home/airflow/.local/lib/python3.7/site-packages/airflow/example_dags/example_xcom.py for tasks to queue
[2026-02-13T21:50:02.300+0000] {logging_mixin.py:137} INFO - [2026-02-13T21:50:02.299+0000] {dagbag.py:538} INFO - Filling up the DagBag from /home/airflow/.local/lib/python3.7/site-packages/airflow/example_dags/example_xcom.py
[2026-02-13T21:50:02.313+0000] {processor.py:753} INFO - DAG(s) dict_keys(['example_xcom']) retrieved from /home/airflow/.local/lib/python3.7/site-packages/airflow/example_dags/example_xcom.py
[2026-02-13T21:50:02.328+0000] {logging_mixin.py:137} INFO - [2026-02-13T21:50:02.328+0000] {dag.py:2690} INFO - Sync 1 DAGs
[2026-02-13T21:50:02.341+0000] {logging_mixin.py:137} INFO - [2026-02-13T21:50:02.341+0000] {dag.py:3441} INFO - Setting next_dagrun for example_xcom to 2021-01-01T00:00:00+00:00, run_after=2021-01-01T00:00:00+00:00
[2026-02-13T21:50:02.352+0000] {processor.py:175} INFO - Processing /home/airflow/.local/lib/python3.7/site-packages/airflow/example_dags/example_xcom.py took 0.056 seconds
[2026-02-13T21:50:32.811+0000] {processor.py:153} INFO - Started process (PID=221) to work on /home/airflow/.local/lib/python3.7/site-packages/airflow/example_dags/example_xcom.py
[2026-02-13T21:50:32.812+0000] {processor.py:743} INFO - Processing file /home/airflow/.local/lib/python3.7/site-packages/airflow/example_dags/example_xcom.py for tasks to queue
[2026-02-13T21:50:32.812+0000] {logging_mixin.py:137} INFO - [2026-02-13T21:50:32.812+0000] {dagbag.py:538} INFO - Filling up the DagBag from /home/airflow/.local/lib/python3.7/site-packages/airflow/example_dags/example_xcom.py
[2026-02-13T21:50:32.824+0000] {processor.py:753} INFO - DAG(s) dict_keys(['example_xcom']) retrieved from /home/airflow/.local/lib/python3.7/site-packages/airflow/example_dags/example_xcom.py
[2026-02-13T21:50:32.845+0000] {logging_mixin.py:137} INFO - [2026-02-13T21:50:32.845+0000] {dag.py:2690} INFO - Sync 1 DAGs
[2026-02-13T21:50:32.861+0000] {logging_mixin.py:137} INFO - [2026-02-13T21:50:32.861+0000] {dag.py:3441} INFO - Setting next_dagrun for example_xcom to 2021-01-01T00:00:00+00:00, run_after=2021-01-01T00:00:00+00:00
[2026-02-13T21:50:32.872+0000] {processor.py:175} INFO - Processing /home/airflow/.local/lib/python3.7/site-packages/airflow/example_dags/example_xcom.py took 0.062 seconds
[2026-02-13T21:51:03.451+0000] {processor.py:153} INFO - Started process (PID=300) to work on /home/airflow/.local/lib/python3.7/site-packages/airflow/example_dags/example_xcom.py
[2026-02-13T21:51:03.454+0000] {processor.py:743} INFO - Processing file /home/airflow/.local/lib/python3.7/site-packages/airflow/example_dags/example_xcom.py for tasks to queue
[2026-02-13T21:51:03.454+0000] {logging_mixin.py:137} INFO - [2026-02-13T21:51:03.454+0000] {dagbag.py:538} INFO - Filling up the DagBag from /home/airflow/.local/lib/python3.7/site-packages/airflow/example_dags/example_xcom.py
[2026-02-13T21:51:03.465+0000] {processor.py:753} INFO - DAG(s) dict_keys(['example_xcom']) retrieved from /home/airflow/.local/lib/python3.7/site-packages/airflow/example_dags/example_xcom.py
[2026-02-13T21:51:03.478+0000] {logging_mixin.py:137} INFO - [2026-02-13T21:51:03.478+0000] {dag.py:2690} INFO - Sync 1 DAGs
[2026-02-13T21:51:03.488+0000] {logging_mixin.py:137} INFO - [2026-02-13T21:51:03.488+0000] {dag.py:3441} INFO - Setting next_dagrun for example_xcom to 2021-01-01T00:00:00+00:00, run_after=2021-01-01T00:00:00+00:00
[2026-02-13T21:51:03.498+0000] {processor.py:175} INFO - Processing /home/airflow/.local/lib/python3.7/site-packages/airflow/example_dags/example_xcom.py took 0.048 seconds
[2026-02-13T21:51:33.874+0000] {processor.py:153} INFO - Started process (PID=388) to work on /home/airflow/.local/lib/python3.7/site-packages/airflow/example_dags/example_xcom.py
[2026-02-13T21:51:33.875+0000] {processor.py:743} INFO - Processing file /home/airflow/.local/lib/python3.7/site-packages/airflow/example_dags/example_xcom.py for tasks to queue
[2026-02-13T21:51:33.876+0000] {logging_mixin.py:137} INFO - [2026-02-13T21:51:33.876+0000] {dagbag.py:538} INFO - Filling up the DagBag from /home/airflow/.local/lib/python3.7/site-packages/airflow/example_dags/example_xcom.py
[2026-02-13T21:51:33.885+0000] {processor.py:753} INFO - DAG(s) dict_keys(['example_xcom']) retrieved from /home/airflow/.local/lib/python3.7/site-packages/airflow/example_dags/example_xcom.py
[2026-02-13T21:51:33.898+0000] {logging_mixin.py:137} INFO - [2026-02-13T21:51:33.898+0000] {dag.py:2690} INFO - Sync 1 DAGs
[2026-02-13T21:51:33.912+0000] {logging_mixin.py:137} INFO - [2026-02-13T21:51:33.912+0000] {dag.py:3441} INFO - Setting next_dagrun for example_xcom to 2021-01-01T00:00:00+00:00, run_after=2021-01-01T00:00:00+00:00
[2026-02-13T21:51:33.920+0000] {processor.py:175} INFO - Processing /home/airflow/.local/lib/python3.7/site-packages/airflow/example_dags/example_xcom.py took 0.047 seconds
[2026-02-13T21:52:04.311+0000] {processor.py:153} INFO - Started process (PID=476) to work on /home/airflow/.local/lib/python3.7/site-packages/airflow/example_dags/example_xcom.py
[2026-02-13T21:52:04.312+0000] {processor.py:743} INFO - Processing file /home/airflow/.local/lib/python3.7/site-packages/airflow/example_dags/example_xcom.py for tasks to queue
[2026-02-13T21:52:04.312+0000] {logging_mixin.py:137} INFO - [2026-02-13T21:52:04.312+0000] {dagbag.py:538} INFO - Filling up the DagBag from /home/airflow/.local/lib/python3.7/site-packages/airflow/example_dags/example_xcom.py
[2026-02-13T21:52:04.321+0000] {processor.py:753} INFO - DAG(s) dict_keys(['example_xcom']) retrieved from /home/airflow/.local/lib/python3.7/site-packages/airflow/example_dags/example_xcom.py
[2026-02-13T21:52:04.338+0000] {logging_mixin.py:137} INFO - [2026-02-13T21:52:04.338+0000] {dag.py:2690} INFO - Sync 1 DAGs
[2026-02-13T21:52:04.351+0000] {logging_mixin.py:137} INFO - [2026-02-13T21:52:04.351+0000] {dag.py:3441} INFO - Setting next_dagrun for example_xcom to 2021-01-01T00:00:00+00:00, run_after=2021-01-01T00:00:00+00:00
[2026-02-13T21:52:04.361+0000] {processor.py:175} INFO - Processing /home/airflow/.local/lib/python3.7/site-packages/airflow/example_dags/example_xcom.py took 0.052 seconds
[2026-02-13T21:52:34.804+0000] {processor.py:153} INFO - Started process (PID=564) to work on /home/airflow/.local/lib/python3.7/site-packages/airflow/example_dags/example_xcom.py
[2026-02-13T21:52:34.804+0000] {processor.py:743} INFO - Processing file /home/airflow/.local/lib/python3.7/site-packages/airflow/example_dags/example_xcom.py for tasks to queue
[2026-02-13T21:52:34.804+0000] {logging_mixin.py:137} INFO - [2026-02-13T21:52:34.804+0000] {dagbag.py:538} INFO - Filling up the DagBag from /home/airflow/.local/lib/python3.7/site-packages/airflow/example_dags/example_xcom.py
[2026-02-13T21:52:34.817+0000] {processor.py:753} INFO - DAG(s) dict_keys(['example_xcom']) retrieved from /home/airflow/.local/lib/python3.7/site-packages/airflow/example_dags/example_xcom.py
[2026-02-13T21:52:34.830+0000] {logging_mixin.py:137} INFO - [2026-02-13T21:52:34.830+0000] {dag.py:2690} INFO - Sync 1 DAGs
[2026-02-13T21:52:34.845+0000] {logging_mixin.py:137} INFO - [2026-02-13T21:52:34.845+0000] {dag.py:3441} INFO - Setting next_dagrun for example_xcom to 2021-01-01T00:00:00+00:00, run_after=2021-01-01T00:00:00+00:00
[2026-02-13T21:52:34.858+0000] {processor.py:175} INFO - Processing /home/airflow/.local/lib/python3.7/site-packages/airflow/example_dags/example_xcom.py took 0.056 seconds
[2026-02-13T21:53:05.343+0000] {processor.py:153} INFO - Started process (PID=635) to work on /home/airflow/.local/lib/python3.7/site-packages/airflow/example_dags/example_xcom.py
[2026-02-13T21:53:05.345+0000] {processor.py:743} INFO - Processing file /home/airflow/.local/lib/python3.7/site-packages/airflow/example_dags/example_xcom.py for tasks to queue
[2026-02-13T21:53:05.345+0000] {logging_mixin.py:137} INFO - [2026-02-13T21:53:05.345+0000] {dagbag.py:538} INFO - Filling up the DagBag from /home/airflow/.local/lib/python3.7/site-packages/airflow/example_dags/example_xcom.py
[2026-02-13T21:53:05.357+0000] {processor.py:753} INFO - DAG(s) dict_keys(['example_xcom']) retrieved from /home/airflow/.local/lib/python3.7/site-packages/airflow/example_dags/example_xcom.py
[2026-02-13T21:53:05.372+0000] {logging_mixin.py:137} INFO - [2026-02-13T21:53:05.372+0000] {dag.py:2690} INFO - Sync 1 DAGs
[2026-02-13T21:53:05.382+0000] {logging_mixin.py:137} INFO - [2026-02-13T21:53:05.382+0000] {dag.py:3441} INFO - Setting next_dagrun for example_xcom to 2021-01-01T00:00:00+00:00, run_after=2021-01-01T00:00:00+00:00
[2026-02-13T21:53:05.390+0000] {processor.py:175} INFO - Processing /home/airflow/.local/lib/python3.7/site-packages/airflow/example_dags/example_xcom.py took 0.049 seconds
[2026-02-13T21:53:35.864+0000] {processor.py:153} INFO - Started process (PID=723) to work on /home/airflow/.local/lib/python3.7/site-packages/airflow/example_dags/example_xcom.py
[2026-02-13T21:53:35.866+0000] {processor.py:743} INFO - Processing file /home/airflow/.local/lib/python3.7/site-packages/airflow/example_dags/example_xcom.py for tasks to queue
[2026-02-13T21:53:35.866+0000] {logging_mixin.py:137} INFO - [2026-02-13T21:53:35.866+0000] {dagbag.py:538} INFO - Filling up the DagBag from /home/airflow/.local/lib/python3.7/site-packages/airflow/example_dags/example_xcom.py
[2026-02-13T21:53:35.877+0000] {processor.py:753} INFO - DAG(s) dict_keys(['example_xcom']) retrieved from /home/airflow/.local/lib/python3.7/site-packages/airflow/example_dags/example_xcom.py
[2026-02-13T21:53:35.889+0000] {logging_mixin.py:137} INFO - [2026-02-13T21:53:35.889+0000] {dag.py:2690} INFO - Sync 1 DAGs
[2026-02-13T21:53:35.903+0000] {logging_mixin.py:137} INFO - [2026-02-13T21:53:35.903+0000] {dag.py:3441} INFO - Setting next_dagrun for example_xcom to 2021-01-01T00:00:00+00:00, run_after=2021-01-01T00:00:00+00:00
[2026-02-13T21:53:35.913+0000] {processor.py:175} INFO - Processing /home/airflow/.local/lib/python3.7/site-packages/airflow/example_dags/example_xcom.py took 0.051 seconds
[2026-02-13T21:54:06.270+0000] {processor.py:153} INFO - Started process (PID=811) to work on /home/airflow/.local/lib/python3.7/site-packages/airflow/example_dags/example_xcom.py
[2026-02-13T21:54:06.271+0000] {processor.py:743} INFO - Processing file /home/airflow/.local/lib/python3.7/site-packages/airflow/example_dags/example_xcom.py for tasks to queue
[2026-02-13T21:54:06.272+0000] {logging_mixin.py:137} INFO - [2026-02-13T21:54:06.272+0000] {dagbag.py:538} INFO - Filling up the DagBag from /home/airflow/.local/lib/python3.7/site-packages/airflow/example_dags/example_xcom.py
[2026-02-13T21:54:06.281+0000] {processor.py:753} INFO - DAG(s) dict_keys(['example_xcom']) retrieved from /home/airflow/.local/lib/python3.7/site-packages/airflow/example_dags/example_xcom.py
[2026-02-13T21:54:06.297+0000] {logging_mixin.py:137} INFO - [2026-02-13T21:54:06.297+0000] {dag.py:2690} INFO - Sync 1 DAGs
[2026-02-13T21:54:06.308+0000] {logging_mixin.py:137} INFO - [2026-02-13T21:54:06.308+0000] {dag.py:3441} INFO - Setting next_dagrun for example_xcom to 2021-01-01T00:00:00+00:00, run_after=2021-01-01T00:00:00+00:00
[2026-02-13T21:54:06.319+0000] {processor.py:175} INFO - Processing /home/airflow/.local/lib/python3.7/site-packages/airflow/example_dags/example_xcom.py took 0.051 seconds
[2026-02-13T21:54:36.795+0000] {processor.py:153} INFO - Started process (PID=899) to work on /home/airflow/.local/lib/python3.7/site-packages/airflow/example_dags/example_xcom.py
[2026-02-13T21:54:36.796+0000] {processor.py:743} INFO - Processing file /home/airflow/.local/lib/python3.7/site-packages/airflow/example_dags/example_xcom.py for tasks to queue
[2026-02-13T21:54:36.796+0000] {logging_mixin.py:137} INFO - [2026-02-13T21:54:36.796+0000] {dagbag.py:538} INFO - Filling up the DagBag from /home/airflow/.local/lib/python3.7/site-packages/airflow/example_dags/example_xcom.py
[2026-02-13T21:54:36.811+0000] {processor.py:753} INFO - DAG(s) dict_keys(['example_xcom']) retrieved from /home/airflow/.local/lib/python3.7/site-packages/airflow/example_dags/example_xcom.py
[2026-02-13T21:54:36.831+0000] {logging_mixin.py:137} INFO - [2026-02-13T21:54:36.831+0000] {dag.py:2690} INFO - Sync 1 DAGs
[2026-02-13T21:54:36.845+0000] {logging_mixin.py:137} INFO - [2026-02-13T21:54:36.845+0000] {dag.py:3441} INFO - Setting next_dagrun for example_xcom to 2021-01-01T00:00:00+00:00, run_after=2021-01-01T00:00:00+00:00
[2026-02-13T21:54:36.860+0000] {processor.py:175} INFO - Processing /home/airflow/.local/lib/python3.7/site-packages/airflow/example_dags/example_xcom.py took 0.066 seconds
[2026-02-13T21:55:07.446+0000] {processor.py:153} INFO - Started process (PID=971) to work on /home/airflow/.local/lib/python3.7/site-packages/airflow/example_dags/example_xcom.py
[2026-02-13T21:55:07.447+0000] {processor.py:743} INFO - Processing file /home/airflow/.local/lib/python3.7/site-packages/airflow/example_dags/example_xcom.py for tasks to queue
[2026-02-13T21:55:07.447+0000] {logging_mixin.py:137} INFO - [2026-02-13T21:55:07.447+0000] {dagbag.py:538} INFO - Filling up the DagBag from /home/airflow/.local/lib/python3.7/site-packages/airflow/example_dags/example_xcom.py
[2026-02-13T21:55:07.458+0000] {processor.py:753} INFO - DAG(s) dict_keys(['example_xcom']) retrieved from /home/airflow/.local/lib/python3.7/site-packages/airflow/example_dags/example_xcom.py
[2026-02-13T21:55:07.474+0000] {logging_mixin.py:137} INFO - [2026-02-13T21:55:07.474+0000] {dag.py:2690} INFO - Sync 1 DAGs
[2026-02-13T21:55:07.485+0000] {logging_mixin.py:137} INFO - [2026-02-13T21:55:07.485+0000] {dag.py:3441} INFO - Setting next_dagrun for example_xcom to 2021-01-01T00:00:00+00:00, run_after=2021-01-01T00:00:00+00:00
[2026-02-13T21:55:07.497+0000] {processor.py:175} INFO - Processing /home/airflow/.local/lib/python3.7/site-packages/airflow/example_dags/example_xcom.py took 0.052 seconds
[2026-02-13T21:55:37.949+0000] {processor.py:153} INFO - Started process (PID=1059) to work on /home/airflow/.local/lib/python3.7/site-packages/airflow/example_dags/example_xcom.py
[2026-02-13T21:55:37.950+0000] {processor.py:743} INFO - Processing file /home/airflow/.local/lib/python3.7/site-packages/airflow/example_dags/example_xcom.py for tasks to queue
[2026-02-13T21:55:37.952+0000] {logging_mixin.py:137} INFO - [2026-02-13T21:55:37.952+0000] {dagbag.py:538} INFO - Filling up the DagBag from /home/airflow/.local/lib/python3.7/site-packages/airflow/example_dags/example_xcom.py
[2026-02-13T21:55:37.963+0000] {processor.py:753} INFO - DAG(s) dict_keys(['example_xcom']) retrieved from /home/airflow/.local/lib/python3.7/site-packages/airflow/example_dags/example_xcom.py
[2026-02-13T21:55:37.974+0000] {logging_mixin.py:137} INFO - [2026-02-13T21:55:37.974+0000] {dag.py:2690} INFO - Sync 1 DAGs
[2026-02-13T21:55:37.988+0000] {logging_mixin.py:137} INFO - [2026-02-13T21:55:37.988+0000] {dag.py:3441} INFO - Setting next_dagrun for example_xcom to 2021-01-01T00:00:00+00:00, run_after=2021-01-01T00:00:00+00:00
[2026-02-13T21:55:37.998+0000] {processor.py:175} INFO - Processing /home/airflow/.local/lib/python3.7/site-packages/airflow/example_dags/example_xcom.py took 0.050 seconds
[2026-02-13T21:56:08.450+0000] {processor.py:153} INFO - Started process (PID=1147) to work on /home/airflow/.local/lib/python3.7/site-packages/airflow/example_dags/example_xcom.py
[2026-02-13T21:56:08.451+0000] {processor.py:743} INFO - Processing file /home/airflow/.local/lib/python3.7/site-packages/airflow/example_dags/example_xcom.py for tasks to queue
[2026-02-13T21:56:08.451+0000] {logging_mixin.py:137} INFO - [2026-02-13T21:56:08.451+0000] {dagbag.py:538} INFO - Filling up the DagBag from /home/airflow/.local/lib/python3.7/site-packages/airflow/example_dags/example_xcom.py
[2026-02-13T21:56:08.462+0000] {processor.py:753} INFO - DAG(s) dict_keys(['example_xcom']) retrieved from /home/airflow/.local/lib/python3.7/site-packages/airflow/example_dags/example_xcom.py
[2026-02-13T21:56:08.478+0000] {logging_mixin.py:137} INFO - [2026-02-13T21:56:08.478+0000] {dag.py:2690} INFO - Sync 1 DAGs
[2026-02-13T21:56:08.491+0000] {logging_mixin.py:137} INFO - [2026-02-13T21:56:08.491+0000] {dag.py:3441} INFO - Setting next_dagrun for example_xcom to 2021-01-01T00:00:00+00:00, run_after=2021-01-01T00:00:00+00:00
[2026-02-13T21:56:08.501+0000] {processor.py:175} INFO - Processing /home/airflow/.local/lib/python3.7/site-packages/airflow/example_dags/example_xcom.py took 0.053 seconds
[2026-02-13T21:56:39.317+0000] {processor.py:153} INFO - Started process (PID=1235) to work on /home/airflow/.local/lib/python3.7/site-packages/airflow/example_dags/example_xcom.py
[2026-02-13T21:56:39.319+0000] {processor.py:743} INFO - Processing file /home/airflow/.local/lib/python3.7/site-packages/airflow/example_dags/example_xcom.py for tasks to queue
[2026-02-13T21:56:39.320+0000] {logging_mixin.py:137} INFO - [2026-02-13T21:56:39.320+0000] {dagbag.py:538} INFO - Filling up the DagBag from /home/airflow/.local/lib/python3.7/site-packages/airflow/example_dags/example_xcom.py
[2026-02-13T21:56:39.331+0000] {processor.py:753} INFO - DAG(s) dict_keys(['example_xcom']) retrieved from /home/airflow/.local/lib/python3.7/site-packages/airflow/example_dags/example_xcom.py
[2026-02-13T21:56:39.349+0000] {logging_mixin.py:137} INFO - [2026-02-13T21:56:39.349+0000] {dag.py:2690} INFO - Sync 1 DAGs
[2026-02-13T21:56:39.363+0000] {logging_mixin.py:137} INFO - [2026-02-13T21:56:39.363+0000] {dag.py:3441} INFO - Setting next_dagrun for example_xcom to 2021-01-01T00:00:00+00:00, run_after=2021-01-01T00:00:00+00:00
[2026-02-13T21:56:39.375+0000] {processor.py:175} INFO - Processing /home/airflow/.local/lib/python3.7/site-packages/airflow/example_dags/example_xcom.py took 0.060 seconds
[2026-02-13T22:01:03.652+0000] {processor.py:153} INFO - Started process (PID=49) to work on /home/airflow/.local/lib/python3.7/site-packages/airflow/example_dags/example_xcom.py
[2026-02-13T22:01:03.655+0000] {processor.py:743} INFO - Processing file /home/airflow/.local/lib/python3.7/site-packages/airflow/example_dags/example_xcom.py for tasks to queue
[2026-02-13T22:01:03.656+0000] {logging_mixin.py:137} INFO - [2026-02-13T22:01:03.655+0000] {dagbag.py:538} INFO - Filling up the DagBag from /home/airflow/.local/lib/python3.7/site-packages/airflow/example_dags/example_xcom.py
[2026-02-13T22:01:03.676+0000] {processor.py:753} INFO - DAG(s) dict_keys(['example_xcom']) retrieved from /home/airflow/.local/lib/python3.7/site-packages/airflow/example_dags/example_xcom.py
[2026-02-13T22:01:03.693+0000] {logging_mixin.py:137} INFO - [2026-02-13T22:01:03.692+0000] {dag.py:2690} INFO - Sync 1 DAGs
[2026-02-13T22:01:03.718+0000] {logging_mixin.py:137} INFO - [2026-02-13T22:01:03.718+0000] {dag.py:3441} INFO - Setting next_dagrun for example_xcom to 2021-01-01T00:00:00+00:00, run_after=2021-01-01T00:00:00+00:00
[2026-02-13T22:01:03.743+0000] {processor.py:175} INFO - Processing /home/airflow/.local/lib/python3.7/site-packages/airflow/example_dags/example_xcom.py took 0.093 seconds
[2026-02-13T22:01:34.468+0000] {processor.py:153} INFO - Started process (PID=136) to work on /home/airflow/.local/lib/python3.7/site-packages/airflow/example_dags/example_xcom.py
[2026-02-13T22:01:34.469+0000] {processor.py:743} INFO - Processing file /home/airflow/.local/lib/python3.7/site-packages/airflow/example_dags/example_xcom.py for tasks to queue
[2026-02-13T22:01:34.469+0000] {logging_mixin.py:137} INFO - [2026-02-13T22:01:34.469+0000] {dagbag.py:538} INFO - Filling up the DagBag from /home/airflow/.local/lib/python3.7/site-packages/airflow/example_dags/example_xcom.py
[2026-02-13T22:01:34.480+0000] {processor.py:753} INFO - DAG(s) dict_keys(['example_xcom']) retrieved from /home/airflow/.local/lib/python3.7/site-packages/airflow/example_dags/example_xcom.py
[2026-02-13T22:01:34.497+0000] {logging_mixin.py:137} INFO - [2026-02-13T22:01:34.497+0000] {dag.py:2690} INFO - Sync 1 DAGs
[2026-02-13T22:01:34.509+0000] {logging_mixin.py:137} INFO - [2026-02-13T22:01:34.509+0000] {dag.py:3441} INFO - Setting next_dagrun for example_xcom to 2021-01-01T00:00:00+00:00, run_after=2021-01-01T00:00:00+00:00
[2026-02-13T22:01:34.521+0000] {processor.py:175} INFO - Processing /home/airflow/.local/lib/python3.7/site-packages/airflow/example_dags/example_xcom.py took 0.055 seconds
[2026-02-13T22:02:05.014+0000] {processor.py:153} INFO - Started process (PID=226) to work on /home/airflow/.local/lib/python3.7/site-packages/airflow/example_dags/example_xcom.py
[2026-02-13T22:02:05.015+0000] {processor.py:743} INFO - Processing file /home/airflow/.local/lib/python3.7/site-packages/airflow/example_dags/example_xcom.py for tasks to queue
[2026-02-13T22:02:05.017+0000] {logging_mixin.py:137} INFO - [2026-02-13T22:02:05.017+0000] {dagbag.py:538} INFO - Filling up the DagBag from /home/airflow/.local/lib/python3.7/site-packages/airflow/example_dags/example_xcom.py
[2026-02-13T22:02:05.027+0000] {processor.py:753} INFO - DAG(s) dict_keys(['example_xcom']) retrieved from /home/airflow/.local/lib/python3.7/site-packages/airflow/example_dags/example_xcom.py
[2026-02-13T22:02:05.044+0000] {logging_mixin.py:137} INFO - [2026-02-13T22:02:05.044+0000] {dag.py:2690} INFO - Sync 1 DAGs
[2026-02-13T22:02:05.057+0000] {logging_mixin.py:137} INFO - [2026-02-13T22:02:05.057+0000] {dag.py:3441} INFO - Setting next_dagrun for example_xcom to 2021-01-01T00:00:00+00:00, run_after=2021-01-01T00:00:00+00:00
[2026-02-13T22:02:05.068+0000] {processor.py:175} INFO - Processing /home/airflow/.local/lib/python3.7/site-packages/airflow/example_dags/example_xcom.py took 0.055 seconds
[2026-02-13T22:02:35.584+0000] {processor.py:153} INFO - Started process (PID=298) to work on /home/airflow/.local/lib/python3.7/site-packages/airflow/example_dags/example_xcom.py
[2026-02-13T22:02:35.586+0000] {processor.py:743} INFO - Processing file /home/airflow/.local/lib/python3.7/site-packages/airflow/example_dags/example_xcom.py for tasks to queue
[2026-02-13T22:02:35.586+0000] {logging_mixin.py:137} INFO - [2026-02-13T22:02:35.586+0000] {dagbag.py:538} INFO - Filling up the DagBag from /home/airflow/.local/lib/python3.7/site-packages/airflow/example_dags/example_xcom.py
[2026-02-13T22:02:35.601+0000] {processor.py:753} INFO - DAG(s) dict_keys(['example_xcom']) retrieved from /home/airflow/.local/lib/python3.7/site-packages/airflow/example_dags/example_xcom.py
[2026-02-13T22:02:35.621+0000] {logging_mixin.py:137} INFO - [2026-02-13T22:02:35.621+0000] {dag.py:2690} INFO - Sync 1 DAGs
[2026-02-13T22:02:35.637+0000] {logging_mixin.py:137} INFO - [2026-02-13T22:02:35.637+0000] {dag.py:3441} INFO - Setting next_dagrun for example_xcom to 2021-01-01T00:00:00+00:00, run_after=2021-01-01T00:00:00+00:00
[2026-02-13T22:02:35.648+0000] {processor.py:175} INFO - Processing /home/airflow/.local/lib/python3.7/site-packages/airflow/example_dags/example_xcom.py took 0.065 seconds
[2026-02-13T22:03:29.895+0000] {processor.py:153} INFO - Started process (PID=49) to work on /home/airflow/.local/lib/python3.7/site-packages/airflow/example_dags/example_xcom.py
[2026-02-13T22:03:29.896+0000] {processor.py:743} INFO - Processing file /home/airflow/.local/lib/python3.7/site-packages/airflow/example_dags/example_xcom.py for tasks to queue
[2026-02-13T22:03:29.896+0000] {logging_mixin.py:137} INFO - [2026-02-13T22:03:29.896+0000] {dagbag.py:538} INFO - Filling up the DagBag from /home/airflow/.local/lib/python3.7/site-packages/airflow/example_dags/example_xcom.py
[2026-02-13T22:03:29.915+0000] {processor.py:753} INFO - DAG(s) dict_keys(['example_xcom']) retrieved from /home/airflow/.local/lib/python3.7/site-packages/airflow/example_dags/example_xcom.py
[2026-02-13T22:03:29.924+0000] {logging_mixin.py:137} INFO - [2026-02-13T22:03:29.924+0000] {dag.py:2690} INFO - Sync 1 DAGs
[2026-02-13T22:03:29.945+0000] {logging_mixin.py:137} INFO - [2026-02-13T22:03:29.944+0000] {dag.py:3441} INFO - Setting next_dagrun for example_xcom to 2021-01-01T00:00:00+00:00, run_after=2021-01-01T00:00:00+00:00
[2026-02-13T22:03:29.960+0000] {processor.py:175} INFO - Processing /home/airflow/.local/lib/python3.7/site-packages/airflow/example_dags/example_xcom.py took 0.068 seconds
[2026-02-13T22:04:00.656+0000] {processor.py:153} INFO - Started process (PID=136) to work on /home/airflow/.local/lib/python3.7/site-packages/airflow/example_dags/example_xcom.py
[2026-02-13T22:04:00.662+0000] {processor.py:743} INFO - Processing file /home/airflow/.local/lib/python3.7/site-packages/airflow/example_dags/example_xcom.py for tasks to queue
[2026-02-13T22:04:00.662+0000] {logging_mixin.py:137} INFO - [2026-02-13T22:04:00.662+0000] {dagbag.py:538} INFO - Filling up the DagBag from /home/airflow/.local/lib/python3.7/site-packages/airflow/example_dags/example_xcom.py
[2026-02-13T22:04:00.678+0000] {processor.py:753} INFO - DAG(s) dict_keys(['example_xcom']) retrieved from /home/airflow/.local/lib/python3.7/site-packages/airflow/example_dags/example_xcom.py
[2026-02-13T22:04:00.696+0000] {logging_mixin.py:137} INFO - [2026-02-13T22:04:00.696+0000] {dag.py:2690} INFO - Sync 1 DAGs
[2026-02-13T22:04:00.709+0000] {logging_mixin.py:137} INFO - [2026-02-13T22:04:00.708+0000] {dag.py:3441} INFO - Setting next_dagrun for example_xcom to 2021-01-01T00:00:00+00:00, run_after=2021-01-01T00:00:00+00:00
[2026-02-13T22:04:00.720+0000] {processor.py:175} INFO - Processing /home/airflow/.local/lib/python3.7/site-packages/airflow/example_dags/example_xcom.py took 0.065 seconds
[2026-02-13T22:04:31.719+0000] {processor.py:153} INFO - Started process (PID=215) to work on /home/airflow/.local/lib/python3.7/site-packages/airflow/example_dags/example_xcom.py
[2026-02-13T22:04:31.719+0000] {processor.py:743} INFO - Processing file /home/airflow/.local/lib/python3.7/site-packages/airflow/example_dags/example_xcom.py for tasks to queue
[2026-02-13T22:04:31.720+0000] {logging_mixin.py:137} INFO - [2026-02-13T22:04:31.720+0000] {dagbag.py:538} INFO - Filling up the DagBag from /home/airflow/.local/lib/python3.7/site-packages/airflow/example_dags/example_xcom.py
[2026-02-13T22:04:31.735+0000] {processor.py:753} INFO - DAG(s) dict_keys(['example_xcom']) retrieved from /home/airflow/.local/lib/python3.7/site-packages/airflow/example_dags/example_xcom.py
[2026-02-13T22:04:31.753+0000] {logging_mixin.py:137} INFO - [2026-02-13T22:04:31.753+0000] {dag.py:2690} INFO - Sync 1 DAGs
[2026-02-13T22:04:31.769+0000] {logging_mixin.py:137} INFO - [2026-02-13T22:04:31.769+0000] {dag.py:3441} INFO - Setting next_dagrun for example_xcom to 2021-01-01T00:00:00+00:00, run_after=2021-01-01T00:00:00+00:00
[2026-02-13T22:04:31.783+0000] {processor.py:175} INFO - Processing /home/airflow/.local/lib/python3.7/site-packages/airflow/example_dags/example_xcom.py took 0.067 seconds
[2026-02-13T22:05:02.582+0000] {processor.py:153} INFO - Started process (PID=296) to work on /home/airflow/.local/lib/python3.7/site-packages/airflow/example_dags/example_xcom.py
[2026-02-13T22:05:02.583+0000] {processor.py:743} INFO - Processing file /home/airflow/.local/lib/python3.7/site-packages/airflow/example_dags/example_xcom.py for tasks to queue
[2026-02-13T22:05:02.583+0000] {logging_mixin.py:137} INFO - [2026-02-13T22:05:02.583+0000] {dagbag.py:538} INFO - Filling up the DagBag from /home/airflow/.local/lib/python3.7/site-packages/airflow/example_dags/example_xcom.py
[2026-02-13T22:05:02.595+0000] {processor.py:753} INFO - DAG(s) dict_keys(['example_xcom']) retrieved from /home/airflow/.local/lib/python3.7/site-packages/airflow/example_dags/example_xcom.py
[2026-02-13T22:05:02.608+0000] {logging_mixin.py:137} INFO - [2026-02-13T22:05:02.608+0000] {dag.py:2690} INFO - Sync 1 DAGs
[2026-02-13T22:05:02.620+0000] {logging_mixin.py:137} INFO - [2026-02-13T22:05:02.620+0000] {dag.py:3441} INFO - Setting next_dagrun for example_xcom to 2021-01-01T00:00:00+00:00, run_after=2021-01-01T00:00:00+00:00
[2026-02-13T22:05:02.632+0000] {processor.py:175} INFO - Processing /home/airflow/.local/lib/python3.7/site-packages/airflow/example_dags/example_xcom.py took 0.051 seconds
[2026-02-13T22:05:33.153+0000] {processor.py:153} INFO - Started process (PID=384) to work on /home/airflow/.local/lib/python3.7/site-packages/airflow/example_dags/example_xcom.py
[2026-02-13T22:05:33.154+0000] {processor.py:743} INFO - Processing file /home/airflow/.local/lib/python3.7/site-packages/airflow/example_dags/example_xcom.py for tasks to queue
[2026-02-13T22:05:33.154+0000] {logging_mixin.py:137} INFO - [2026-02-13T22:05:33.154+0000] {dagbag.py:538} INFO - Filling up the DagBag from /home/airflow/.local/lib/python3.7/site-packages/airflow/example_dags/example_xcom.py
[2026-02-13T22:05:33.166+0000] {processor.py:753} INFO - DAG(s) dict_keys(['example_xcom']) retrieved from /home/airflow/.local/lib/python3.7/site-packages/airflow/example_dags/example_xcom.py
[2026-02-13T22:05:33.178+0000] {logging_mixin.py:137} INFO - [2026-02-13T22:05:33.178+0000] {dag.py:2690} INFO - Sync 1 DAGs
[2026-02-13T22:05:33.191+0000] {logging_mixin.py:137} INFO - [2026-02-13T22:05:33.191+0000] {dag.py:3441} INFO - Setting next_dagrun for example_xcom to 2021-01-01T00:00:00+00:00, run_after=2021-01-01T00:00:00+00:00
[2026-02-13T22:05:33.207+0000] {processor.py:175} INFO - Processing /home/airflow/.local/lib/python3.7/site-packages/airflow/example_dags/example_xcom.py took 0.055 seconds
[2026-02-13T22:06:33.095+0000] {processor.py:153} INFO - Started process (PID=51) to work on /home/airflow/.local/lib/python3.7/site-packages/airflow/example_dags/example_xcom.py
[2026-02-13T22:06:33.097+0000] {processor.py:743} INFO - Processing file /home/airflow/.local/lib/python3.7/site-packages/airflow/example_dags/example_xcom.py for tasks to queue
[2026-02-13T22:06:33.097+0000] {logging_mixin.py:137} INFO - [2026-02-13T22:06:33.097+0000] {dagbag.py:538} INFO - Filling up the DagBag from /home/airflow/.local/lib/python3.7/site-packages/airflow/example_dags/example_xcom.py
[2026-02-13T22:06:33.115+0000] {processor.py:753} INFO - DAG(s) dict_keys(['example_xcom']) retrieved from /home/airflow/.local/lib/python3.7/site-packages/airflow/example_dags/example_xcom.py
[2026-02-13T22:06:33.127+0000] {logging_mixin.py:137} INFO - [2026-02-13T22:06:33.127+0000] {dag.py:2690} INFO - Sync 1 DAGs
[2026-02-13T22:06:33.143+0000] {logging_mixin.py:137} INFO - [2026-02-13T22:06:33.143+0000] {dag.py:3441} INFO - Setting next_dagrun for example_xcom to 2021-01-01T00:00:00+00:00, run_after=2021-01-01T00:00:00+00:00
[2026-02-13T22:06:33.154+0000] {processor.py:175} INFO - Processing /home/airflow/.local/lib/python3.7/site-packages/airflow/example_dags/example_xcom.py took 0.060 seconds
[2026-02-13T22:07:04.239+0000] {processor.py:153} INFO - Started process (PID=140) to work on /home/airflow/.local/lib/python3.7/site-packages/airflow/example_dags/example_xcom.py
[2026-02-13T22:07:04.240+0000] {processor.py:743} INFO - Processing file /home/airflow/.local/lib/python3.7/site-packages/airflow/example_dags/example_xcom.py for tasks to queue
[2026-02-13T22:07:04.241+0000] {logging_mixin.py:137} INFO - [2026-02-13T22:07:04.241+0000] {dagbag.py:538} INFO - Filling up the DagBag from /home/airflow/.local/lib/python3.7/site-packages/airflow/example_dags/example_xcom.py
[2026-02-13T22:07:04.264+0000] {processor.py:753} INFO - DAG(s) dict_keys(['example_xcom']) retrieved from /home/airflow/.local/lib/python3.7/site-packages/airflow/example_dags/example_xcom.py
[2026-02-13T22:07:04.281+0000] {logging_mixin.py:137} INFO - [2026-02-13T22:07:04.281+0000] {dag.py:2690} INFO - Sync 1 DAGs
[2026-02-13T22:07:04.301+0000] {logging_mixin.py:137} INFO - [2026-02-13T22:07:04.301+0000] {dag.py:3441} INFO - Setting next_dagrun for example_xcom to 2021-01-01T00:00:00+00:00, run_after=2021-01-01T00:00:00+00:00
[2026-02-13T22:07:04.315+0000] {processor.py:175} INFO - Processing /home/airflow/.local/lib/python3.7/site-packages/airflow/example_dags/example_xcom.py took 0.079 seconds
[2026-02-13T22:07:34.407+0000] {processor.py:153} INFO - Started process (PID=229) to work on /home/airflow/.local/lib/python3.7/site-packages/airflow/example_dags/example_xcom.py
[2026-02-13T22:07:34.409+0000] {processor.py:743} INFO - Processing file /home/airflow/.local/lib/python3.7/site-packages/airflow/example_dags/example_xcom.py for tasks to queue
[2026-02-13T22:07:34.409+0000] {logging_mixin.py:137} INFO - [2026-02-13T22:07:34.409+0000] {dagbag.py:538} INFO - Filling up the DagBag from /home/airflow/.local/lib/python3.7/site-packages/airflow/example_dags/example_xcom.py
[2026-02-13T22:07:34.421+0000] {processor.py:753} INFO - DAG(s) dict_keys(['example_xcom']) retrieved from /home/airflow/.local/lib/python3.7/site-packages/airflow/example_dags/example_xcom.py
[2026-02-13T22:07:34.438+0000] {logging_mixin.py:137} INFO - [2026-02-13T22:07:34.438+0000] {dag.py:2690} INFO - Sync 1 DAGs
[2026-02-13T22:07:34.453+0000] {logging_mixin.py:137} INFO - [2026-02-13T22:07:34.453+0000] {dag.py:3441} INFO - Setting next_dagrun for example_xcom to 2021-01-01T00:00:00+00:00, run_after=2021-01-01T00:00:00+00:00
[2026-02-13T22:07:34.474+0000] {processor.py:175} INFO - Processing /home/airflow/.local/lib/python3.7/site-packages/airflow/example_dags/example_xcom.py took 0.068 seconds
[2026-02-13T22:08:05.146+0000] {processor.py:153} INFO - Started process (PID=302) to work on /home/airflow/.local/lib/python3.7/site-packages/airflow/example_dags/example_xcom.py
[2026-02-13T22:08:05.147+0000] {processor.py:743} INFO - Processing file /home/airflow/.local/lib/python3.7/site-packages/airflow/example_dags/example_xcom.py for tasks to queue
[2026-02-13T22:08:05.148+0000] {logging_mixin.py:137} INFO - [2026-02-13T22:08:05.148+0000] {dagbag.py:538} INFO - Filling up the DagBag from /home/airflow/.local/lib/python3.7/site-packages/airflow/example_dags/example_xcom.py
[2026-02-13T22:08:05.158+0000] {processor.py:753} INFO - DAG(s) dict_keys(['example_xcom']) retrieved from /home/airflow/.local/lib/python3.7/site-packages/airflow/example_dags/example_xcom.py
[2026-02-13T22:08:05.173+0000] {logging_mixin.py:137} INFO - [2026-02-13T22:08:05.173+0000] {dag.py:2690} INFO - Sync 1 DAGs
[2026-02-13T22:08:05.185+0000] {logging_mixin.py:137} INFO - [2026-02-13T22:08:05.185+0000] {dag.py:3441} INFO - Setting next_dagrun for example_xcom to 2021-01-01T00:00:00+00:00, run_after=2021-01-01T00:00:00+00:00
[2026-02-13T22:08:05.195+0000] {processor.py:175} INFO - Processing /home/airflow/.local/lib/python3.7/site-packages/airflow/example_dags/example_xcom.py took 0.051 seconds
[2026-02-13T22:08:35.874+0000] {processor.py:153} INFO - Started process (PID=391) to work on /home/airflow/.local/lib/python3.7/site-packages/airflow/example_dags/example_xcom.py
[2026-02-13T22:08:35.875+0000] {processor.py:743} INFO - Processing file /home/airflow/.local/lib/python3.7/site-packages/airflow/example_dags/example_xcom.py for tasks to queue
[2026-02-13T22:08:35.875+0000] {logging_mixin.py:137} INFO - [2026-02-13T22:08:35.875+0000] {dagbag.py:538} INFO - Filling up the DagBag from /home/airflow/.local/lib/python3.7/site-packages/airflow/example_dags/example_xcom.py
[2026-02-13T22:08:35.887+0000] {processor.py:753} INFO - DAG(s) dict_keys(['example_xcom']) retrieved from /home/airflow/.local/lib/python3.7/site-packages/airflow/example_dags/example_xcom.py
[2026-02-13T22:08:35.902+0000] {logging_mixin.py:137} INFO - [2026-02-13T22:08:35.902+0000] {dag.py:2690} INFO - Sync 1 DAGs
[2026-02-13T22:08:35.914+0000] {logging_mixin.py:137} INFO - [2026-02-13T22:08:35.914+0000] {dag.py:3441} INFO - Setting next_dagrun for example_xcom to 2021-01-01T00:00:00+00:00, run_after=2021-01-01T00:00:00+00:00
[2026-02-13T22:08:35.924+0000] {processor.py:175} INFO - Processing /home/airflow/.local/lib/python3.7/site-packages/airflow/example_dags/example_xcom.py took 0.051 seconds
[2026-02-13T22:09:06.565+0000] {processor.py:153} INFO - Started process (PID=480) to work on /home/airflow/.local/lib/python3.7/site-packages/airflow/example_dags/example_xcom.py
[2026-02-13T22:09:06.566+0000] {processor.py:743} INFO - Processing file /home/airflow/.local/lib/python3.7/site-packages/airflow/example_dags/example_xcom.py for tasks to queue
[2026-02-13T22:09:06.566+0000] {logging_mixin.py:137} INFO - [2026-02-13T22:09:06.566+0000] {dagbag.py:538} INFO - Filling up the DagBag from /home/airflow/.local/lib/python3.7/site-packages/airflow/example_dags/example_xcom.py
[2026-02-13T22:09:06.580+0000] {processor.py:753} INFO - DAG(s) dict_keys(['example_xcom']) retrieved from /home/airflow/.local/lib/python3.7/site-packages/airflow/example_dags/example_xcom.py
[2026-02-13T22:09:06.595+0000] {logging_mixin.py:137} INFO - [2026-02-13T22:09:06.595+0000] {dag.py:2690} INFO - Sync 1 DAGs
[2026-02-13T22:09:06.608+0000] {logging_mixin.py:137} INFO - [2026-02-13T22:09:06.608+0000] {dag.py:3441} INFO - Setting next_dagrun for example_xcom to 2021-01-01T00:00:00+00:00, run_after=2021-01-01T00:00:00+00:00
[2026-02-13T22:09:06.618+0000] {processor.py:175} INFO - Processing /home/airflow/.local/lib/python3.7/site-packages/airflow/example_dags/example_xcom.py took 0.055 seconds
[2026-02-13T22:09:37.158+0000] {processor.py:153} INFO - Started process (PID=568) to work on /home/airflow/.local/lib/python3.7/site-packages/airflow/example_dags/example_xcom.py
[2026-02-13T22:09:37.158+0000] {processor.py:743} INFO - Processing file /home/airflow/.local/lib/python3.7/site-packages/airflow/example_dags/example_xcom.py for tasks to queue
[2026-02-13T22:09:37.159+0000] {logging_mixin.py:137} INFO - [2026-02-13T22:09:37.159+0000] {dagbag.py:538} INFO - Filling up the DagBag from /home/airflow/.local/lib/python3.7/site-packages/airflow/example_dags/example_xcom.py
[2026-02-13T22:09:37.171+0000] {processor.py:753} INFO - DAG(s) dict_keys(['example_xcom']) retrieved from /home/airflow/.local/lib/python3.7/site-packages/airflow/example_dags/example_xcom.py
[2026-02-13T22:09:37.187+0000] {logging_mixin.py:137} INFO - [2026-02-13T22:09:37.187+0000] {dag.py:2690} INFO - Sync 1 DAGs
[2026-02-13T22:09:37.201+0000] {logging_mixin.py:137} INFO - [2026-02-13T22:09:37.201+0000] {dag.py:3441} INFO - Setting next_dagrun for example_xcom to 2021-01-01T00:00:00+00:00, run_after=2021-01-01T00:00:00+00:00
[2026-02-13T22:09:37.213+0000] {processor.py:175} INFO - Processing /home/airflow/.local/lib/python3.7/site-packages/airflow/example_dags/example_xcom.py took 0.057 seconds
[2026-02-13T22:10:07.787+0000] {processor.py:153} INFO - Started process (PID=641) to work on /home/airflow/.local/lib/python3.7/site-packages/airflow/example_dags/example_xcom.py
[2026-02-13T22:10:07.788+0000] {processor.py:743} INFO - Processing file /home/airflow/.local/lib/python3.7/site-packages/airflow/example_dags/example_xcom.py for tasks to queue
[2026-02-13T22:10:07.788+0000] {logging_mixin.py:137} INFO - [2026-02-13T22:10:07.788+0000] {dagbag.py:538} INFO - Filling up the DagBag from /home/airflow/.local/lib/python3.7/site-packages/airflow/example_dags/example_xcom.py
[2026-02-13T22:10:07.800+0000] {processor.py:753} INFO - DAG(s) dict_keys(['example_xcom']) retrieved from /home/airflow/.local/lib/python3.7/site-packages/airflow/example_dags/example_xcom.py
[2026-02-13T22:10:07.811+0000] {logging_mixin.py:137} INFO - [2026-02-13T22:10:07.811+0000] {dag.py:2690} INFO - Sync 1 DAGs
[2026-02-13T22:10:07.822+0000] {logging_mixin.py:137} INFO - [2026-02-13T22:10:07.822+0000] {dag.py:3441} INFO - Setting next_dagrun for example_xcom to 2021-01-01T00:00:00+00:00, run_after=2021-01-01T00:00:00+00:00
[2026-02-13T22:10:07.830+0000] {processor.py:175} INFO - Processing /home/airflow/.local/lib/python3.7/site-packages/airflow/example_dags/example_xcom.py took 0.045 seconds
[2026-02-13T22:10:38.405+0000] {processor.py:153} INFO - Started process (PID=729) to work on /home/airflow/.local/lib/python3.7/site-packages/airflow/example_dags/example_xcom.py
[2026-02-13T22:10:38.406+0000] {processor.py:743} INFO - Processing file /home/airflow/.local/lib/python3.7/site-packages/airflow/example_dags/example_xcom.py for tasks to queue
[2026-02-13T22:10:38.406+0000] {logging_mixin.py:137} INFO - [2026-02-13T22:10:38.406+0000] {dagbag.py:538} INFO - Filling up the DagBag from /home/airflow/.local/lib/python3.7/site-packages/airflow/example_dags/example_xcom.py
[2026-02-13T22:10:38.417+0000] {processor.py:753} INFO - DAG(s) dict_keys(['example_xcom']) retrieved from /home/airflow/.local/lib/python3.7/site-packages/airflow/example_dags/example_xcom.py
[2026-02-13T22:10:38.435+0000] {logging_mixin.py:137} INFO - [2026-02-13T22:10:38.435+0000] {dag.py:2690} INFO - Sync 1 DAGs
[2026-02-13T22:10:38.447+0000] {logging_mixin.py:137} INFO - [2026-02-13T22:10:38.447+0000] {dag.py:3441} INFO - Setting next_dagrun for example_xcom to 2021-01-01T00:00:00+00:00, run_after=2021-01-01T00:00:00+00:00
[2026-02-13T22:10:38.458+0000] {processor.py:175} INFO - Processing /home/airflow/.local/lib/python3.7/site-packages/airflow/example_dags/example_xcom.py took 0.054 seconds
[2026-02-13T22:11:08.916+0000] {processor.py:153} INFO - Started process (PID=818) to work on /home/airflow/.local/lib/python3.7/site-packages/airflow/example_dags/example_xcom.py
[2026-02-13T22:11:08.917+0000] {processor.py:743} INFO - Processing file /home/airflow/.local/lib/python3.7/site-packages/airflow/example_dags/example_xcom.py for tasks to queue
[2026-02-13T22:11:08.918+0000] {logging_mixin.py:137} INFO - [2026-02-13T22:11:08.918+0000] {dagbag.py:538} INFO - Filling up the DagBag from /home/airflow/.local/lib/python3.7/site-packages/airflow/example_dags/example_xcom.py
[2026-02-13T22:11:08.930+0000] {processor.py:753} INFO - DAG(s) dict_keys(['example_xcom']) retrieved from /home/airflow/.local/lib/python3.7/site-packages/airflow/example_dags/example_xcom.py
[2026-02-13T22:11:08.947+0000] {logging_mixin.py:137} INFO - [2026-02-13T22:11:08.947+0000] {dag.py:2690} INFO - Sync 1 DAGs
[2026-02-13T22:11:08.994+0000] {logging_mixin.py:137} INFO - [2026-02-13T22:11:08.994+0000] {dag.py:3441} INFO - Setting next_dagrun for example_xcom to 2021-01-01T00:00:00+00:00, run_after=2021-01-01T00:00:00+00:00
[2026-02-13T22:11:09.016+0000] {processor.py:175} INFO - Processing /home/airflow/.local/lib/python3.7/site-packages/airflow/example_dags/example_xcom.py took 0.101 seconds
[2026-02-13T22:11:39.576+0000] {processor.py:153} INFO - Started process (PID=906) to work on /home/airflow/.local/lib/python3.7/site-packages/airflow/example_dags/example_xcom.py
[2026-02-13T22:11:39.578+0000] {processor.py:743} INFO - Processing file /home/airflow/.local/lib/python3.7/site-packages/airflow/example_dags/example_xcom.py for tasks to queue
[2026-02-13T22:11:39.578+0000] {logging_mixin.py:137} INFO - [2026-02-13T22:11:39.578+0000] {dagbag.py:538} INFO - Filling up the DagBag from /home/airflow/.local/lib/python3.7/site-packages/airflow/example_dags/example_xcom.py
[2026-02-13T22:11:39.591+0000] {processor.py:753} INFO - DAG(s) dict_keys(['example_xcom']) retrieved from /home/airflow/.local/lib/python3.7/site-packages/airflow/example_dags/example_xcom.py
[2026-02-13T22:11:39.603+0000] {logging_mixin.py:137} INFO - [2026-02-13T22:11:39.603+0000] {dag.py:2690} INFO - Sync 1 DAGs
[2026-02-13T22:11:39.613+0000] {logging_mixin.py:137} INFO - [2026-02-13T22:11:39.613+0000] {dag.py:3441} INFO - Setting next_dagrun for example_xcom to 2021-01-01T00:00:00+00:00, run_after=2021-01-01T00:00:00+00:00
[2026-02-13T22:11:39.620+0000] {processor.py:175} INFO - Processing /home/airflow/.local/lib/python3.7/site-packages/airflow/example_dags/example_xcom.py took 0.046 seconds
[2026-02-13T22:12:10.140+0000] {processor.py:153} INFO - Started process (PID=979) to work on /home/airflow/.local/lib/python3.7/site-packages/airflow/example_dags/example_xcom.py
[2026-02-13T22:12:10.141+0000] {processor.py:743} INFO - Processing file /home/airflow/.local/lib/python3.7/site-packages/airflow/example_dags/example_xcom.py for tasks to queue
[2026-02-13T22:12:10.141+0000] {logging_mixin.py:137} INFO - [2026-02-13T22:12:10.141+0000] {dagbag.py:538} INFO - Filling up the DagBag from /home/airflow/.local/lib/python3.7/site-packages/airflow/example_dags/example_xcom.py
[2026-02-13T22:12:10.152+0000] {processor.py:753} INFO - DAG(s) dict_keys(['example_xcom']) retrieved from /home/airflow/.local/lib/python3.7/site-packages/airflow/example_dags/example_xcom.py
[2026-02-13T22:12:10.165+0000] {logging_mixin.py:137} INFO - [2026-02-13T22:12:10.165+0000] {dag.py:2690} INFO - Sync 1 DAGs
[2026-02-13T22:12:10.176+0000] {logging_mixin.py:137} INFO - [2026-02-13T22:12:10.175+0000] {dag.py:3441} INFO - Setting next_dagrun for example_xcom to 2021-01-01T00:00:00+00:00, run_after=2021-01-01T00:00:00+00:00
[2026-02-13T22:12:10.191+0000] {processor.py:175} INFO - Processing /home/airflow/.local/lib/python3.7/site-packages/airflow/example_dags/example_xcom.py took 0.053 seconds
[2026-02-13T22:12:40.793+0000] {processor.py:153} INFO - Started process (PID=1068) to work on /home/airflow/.local/lib/python3.7/site-packages/airflow/example_dags/example_xcom.py
[2026-02-13T22:12:40.794+0000] {processor.py:743} INFO - Processing file /home/airflow/.local/lib/python3.7/site-packages/airflow/example_dags/example_xcom.py for tasks to queue
[2026-02-13T22:12:40.794+0000] {logging_mixin.py:137} INFO - [2026-02-13T22:12:40.794+0000] {dagbag.py:538} INFO - Filling up the DagBag from /home/airflow/.local/lib/python3.7/site-packages/airflow/example_dags/example_xcom.py
[2026-02-13T22:12:40.805+0000] {processor.py:753} INFO - DAG(s) dict_keys(['example_xcom']) retrieved from /home/airflow/.local/lib/python3.7/site-packages/airflow/example_dags/example_xcom.py
[2026-02-13T22:12:40.820+0000] {logging_mixin.py:137} INFO - [2026-02-13T22:12:40.820+0000] {dag.py:2690} INFO - Sync 1 DAGs
[2026-02-13T22:12:40.831+0000] {logging_mixin.py:137} INFO - [2026-02-13T22:12:40.831+0000] {dag.py:3441} INFO - Setting next_dagrun for example_xcom to 2021-01-01T00:00:00+00:00, run_after=2021-01-01T00:00:00+00:00
[2026-02-13T22:12:40.842+0000] {processor.py:175} INFO - Processing /home/airflow/.local/lib/python3.7/site-packages/airflow/example_dags/example_xcom.py took 0.051 seconds
[2026-02-13T22:20:57.066+0000] {processor.py:153} INFO - Started process (PID=90) to work on /home/airflow/.local/lib/python3.7/site-packages/airflow/example_dags/example_xcom.py
[2026-02-13T22:20:57.068+0000] {processor.py:743} INFO - Processing file /home/airflow/.local/lib/python3.7/site-packages/airflow/example_dags/example_xcom.py for tasks to queue
[2026-02-13T22:20:57.068+0000] {logging_mixin.py:137} INFO - [2026-02-13T22:20:57.068+0000] {dagbag.py:538} INFO - Filling up the DagBag from /home/airflow/.local/lib/python3.7/site-packages/airflow/example_dags/example_xcom.py
[2026-02-13T22:20:57.079+0000] {processor.py:753} INFO - DAG(s) dict_keys(['example_xcom']) retrieved from /home/airflow/.local/lib/python3.7/site-packages/airflow/example_dags/example_xcom.py
[2026-02-13T22:20:57.084+0000] {logging_mixin.py:137} INFO - [2026-02-13T22:20:57.084+0000] {dag.py:2690} INFO - Sync 1 DAGs
[2026-02-13T22:20:57.096+0000] {logging_mixin.py:137} INFO - [2026-02-13T22:20:57.096+0000] {dag.py:3441} INFO - Setting next_dagrun for example_xcom to 2021-01-01T00:00:00+00:00, run_after=2021-01-01T00:00:00+00:00
[2026-02-13T22:20:57.107+0000] {processor.py:175} INFO - Processing /home/airflow/.local/lib/python3.7/site-packages/airflow/example_dags/example_xcom.py took 0.042 seconds
[2026-02-13T22:21:27.867+0000] {processor.py:153} INFO - Started process (PID=163) to work on /home/airflow/.local/lib/python3.7/site-packages/airflow/example_dags/example_xcom.py
[2026-02-13T22:21:27.871+0000] {processor.py:743} INFO - Processing file /home/airflow/.local/lib/python3.7/site-packages/airflow/example_dags/example_xcom.py for tasks to queue
[2026-02-13T22:21:27.872+0000] {logging_mixin.py:137} INFO - [2026-02-13T22:21:27.871+0000] {dagbag.py:538} INFO - Filling up the DagBag from /home/airflow/.local/lib/python3.7/site-packages/airflow/example_dags/example_xcom.py
[2026-02-13T22:21:27.883+0000] {processor.py:753} INFO - DAG(s) dict_keys(['example_xcom']) retrieved from /home/airflow/.local/lib/python3.7/site-packages/airflow/example_dags/example_xcom.py
[2026-02-13T22:21:27.899+0000] {logging_mixin.py:137} INFO - [2026-02-13T22:21:27.899+0000] {dag.py:2690} INFO - Sync 1 DAGs
[2026-02-13T22:21:27.908+0000] {logging_mixin.py:137} INFO - [2026-02-13T22:21:27.908+0000] {dag.py:3441} INFO - Setting next_dagrun for example_xcom to 2021-01-01T00:00:00+00:00, run_after=2021-01-01T00:00:00+00:00
[2026-02-13T22:21:27.921+0000] {processor.py:175} INFO - Processing /home/airflow/.local/lib/python3.7/site-packages/airflow/example_dags/example_xcom.py took 0.055 seconds
[2026-02-13T22:21:58.820+0000] {processor.py:153} INFO - Started process (PID=253) to work on /home/airflow/.local/lib/python3.7/site-packages/airflow/example_dags/example_xcom.py
[2026-02-13T22:21:58.821+0000] {processor.py:743} INFO - Processing file /home/airflow/.local/lib/python3.7/site-packages/airflow/example_dags/example_xcom.py for tasks to queue
[2026-02-13T22:21:58.821+0000] {logging_mixin.py:137} INFO - [2026-02-13T22:21:58.821+0000] {dagbag.py:538} INFO - Filling up the DagBag from /home/airflow/.local/lib/python3.7/site-packages/airflow/example_dags/example_xcom.py
[2026-02-13T22:21:58.831+0000] {processor.py:753} INFO - DAG(s) dict_keys(['example_xcom']) retrieved from /home/airflow/.local/lib/python3.7/site-packages/airflow/example_dags/example_xcom.py
[2026-02-13T22:21:58.843+0000] {logging_mixin.py:137} INFO - [2026-02-13T22:21:58.843+0000] {dag.py:2690} INFO - Sync 1 DAGs
[2026-02-13T22:21:58.854+0000] {logging_mixin.py:137} INFO - [2026-02-13T22:21:58.854+0000] {dag.py:3441} INFO - Setting next_dagrun for example_xcom to 2021-01-01T00:00:00+00:00, run_after=2021-01-01T00:00:00+00:00
[2026-02-13T22:21:58.863+0000] {processor.py:175} INFO - Processing /home/airflow/.local/lib/python3.7/site-packages/airflow/example_dags/example_xcom.py took 0.044 seconds
[2026-02-13T22:22:29.561+0000] {processor.py:153} INFO - Started process (PID=343) to work on /home/airflow/.local/lib/python3.7/site-packages/airflow/example_dags/example_xcom.py
[2026-02-13T22:22:29.562+0000] {processor.py:743} INFO - Processing file /home/airflow/.local/lib/python3.7/site-packages/airflow/example_dags/example_xcom.py for tasks to queue
[2026-02-13T22:22:29.562+0000] {logging_mixin.py:137} INFO - [2026-02-13T22:22:29.562+0000] {dagbag.py:538} INFO - Filling up the DagBag from /home/airflow/.local/lib/python3.7/site-packages/airflow/example_dags/example_xcom.py
[2026-02-13T22:22:29.572+0000] {processor.py:753} INFO - DAG(s) dict_keys(['example_xcom']) retrieved from /home/airflow/.local/lib/python3.7/site-packages/airflow/example_dags/example_xcom.py
[2026-02-13T22:22:29.587+0000] {logging_mixin.py:137} INFO - [2026-02-13T22:22:29.587+0000] {dag.py:2690} INFO - Sync 1 DAGs
[2026-02-13T22:22:29.600+0000] {logging_mixin.py:137} INFO - [2026-02-13T22:22:29.600+0000] {dag.py:3441} INFO - Setting next_dagrun for example_xcom to 2021-01-01T00:00:00+00:00, run_after=2021-01-01T00:00:00+00:00
[2026-02-13T22:22:29.611+0000] {processor.py:175} INFO - Processing /home/airflow/.local/lib/python3.7/site-packages/airflow/example_dags/example_xcom.py took 0.051 seconds
[2026-02-13T22:23:00.223+0000] {processor.py:153} INFO - Started process (PID=432) to work on /home/airflow/.local/lib/python3.7/site-packages/airflow/example_dags/example_xcom.py
[2026-02-13T22:23:00.224+0000] {processor.py:743} INFO - Processing file /home/airflow/.local/lib/python3.7/site-packages/airflow/example_dags/example_xcom.py for tasks to queue
[2026-02-13T22:23:00.224+0000] {logging_mixin.py:137} INFO - [2026-02-13T22:23:00.224+0000] {dagbag.py:538} INFO - Filling up the DagBag from /home/airflow/.local/lib/python3.7/site-packages/airflow/example_dags/example_xcom.py
[2026-02-13T22:23:00.236+0000] {processor.py:753} INFO - DAG(s) dict_keys(['example_xcom']) retrieved from /home/airflow/.local/lib/python3.7/site-packages/airflow/example_dags/example_xcom.py
[2026-02-13T22:23:00.253+0000] {logging_mixin.py:137} INFO - [2026-02-13T22:23:00.253+0000] {dag.py:2690} INFO - Sync 1 DAGs
[2026-02-13T22:23:00.264+0000] {logging_mixin.py:137} INFO - [2026-02-13T22:23:00.264+0000] {dag.py:3441} INFO - Setting next_dagrun for example_xcom to 2021-01-01T00:00:00+00:00, run_after=2021-01-01T00:00:00+00:00
[2026-02-13T22:23:00.275+0000] {processor.py:175} INFO - Processing /home/airflow/.local/lib/python3.7/site-packages/airflow/example_dags/example_xcom.py took 0.054 seconds
[2026-02-13T22:23:30.914+0000] {processor.py:153} INFO - Started process (PID=505) to work on /home/airflow/.local/lib/python3.7/site-packages/airflow/example_dags/example_xcom.py
[2026-02-13T22:23:30.915+0000] {processor.py:743} INFO - Processing file /home/airflow/.local/lib/python3.7/site-packages/airflow/example_dags/example_xcom.py for tasks to queue
[2026-02-13T22:23:30.915+0000] {logging_mixin.py:137} INFO - [2026-02-13T22:23:30.915+0000] {dagbag.py:538} INFO - Filling up the DagBag from /home/airflow/.local/lib/python3.7/site-packages/airflow/example_dags/example_xcom.py
[2026-02-13T22:23:30.928+0000] {processor.py:753} INFO - DAG(s) dict_keys(['example_xcom']) retrieved from /home/airflow/.local/lib/python3.7/site-packages/airflow/example_dags/example_xcom.py
[2026-02-13T22:23:30.941+0000] {logging_mixin.py:137} INFO - [2026-02-13T22:23:30.941+0000] {dag.py:2690} INFO - Sync 1 DAGs
[2026-02-13T22:23:30.955+0000] {logging_mixin.py:137} INFO - [2026-02-13T22:23:30.955+0000] {dag.py:3441} INFO - Setting next_dagrun for example_xcom to 2021-01-01T00:00:00+00:00, run_after=2021-01-01T00:00:00+00:00
[2026-02-13T22:23:30.966+0000] {processor.py:175} INFO - Processing /home/airflow/.local/lib/python3.7/site-packages/airflow/example_dags/example_xcom.py took 0.053 seconds
[2026-02-13T22:24:01.577+0000] {processor.py:153} INFO - Started process (PID=593) to work on /home/airflow/.local/lib/python3.7/site-packages/airflow/example_dags/example_xcom.py
[2026-02-13T22:24:01.579+0000] {processor.py:743} INFO - Processing file /home/airflow/.local/lib/python3.7/site-packages/airflow/example_dags/example_xcom.py for tasks to queue
[2026-02-13T22:24:01.579+0000] {logging_mixin.py:137} INFO - [2026-02-13T22:24:01.579+0000] {dagbag.py:538} INFO - Filling up the DagBag from /home/airflow/.local/lib/python3.7/site-packages/airflow/example_dags/example_xcom.py
[2026-02-13T22:24:01.592+0000] {processor.py:753} INFO - DAG(s) dict_keys(['example_xcom']) retrieved from /home/airflow/.local/lib/python3.7/site-packages/airflow/example_dags/example_xcom.py
[2026-02-13T22:24:01.607+0000] {logging_mixin.py:137} INFO - [2026-02-13T22:24:01.606+0000] {dag.py:2690} INFO - Sync 1 DAGs
[2026-02-13T22:24:01.620+0000] {logging_mixin.py:137} INFO - [2026-02-13T22:24:01.620+0000] {dag.py:3441} INFO - Setting next_dagrun for example_xcom to 2021-01-01T00:00:00+00:00, run_after=2021-01-01T00:00:00+00:00
[2026-02-13T22:24:01.627+0000] {processor.py:175} INFO - Processing /home/airflow/.local/lib/python3.7/site-packages/airflow/example_dags/example_xcom.py took 0.052 seconds
[2026-02-13T22:24:32.345+0000] {processor.py:153} INFO - Started process (PID=682) to work on /home/airflow/.local/lib/python3.7/site-packages/airflow/example_dags/example_xcom.py
[2026-02-13T22:24:32.346+0000] {processor.py:743} INFO - Processing file /home/airflow/.local/lib/python3.7/site-packages/airflow/example_dags/example_xcom.py for tasks to queue
[2026-02-13T22:24:32.346+0000] {logging_mixin.py:137} INFO - [2026-02-13T22:24:32.346+0000] {dagbag.py:538} INFO - Filling up the DagBag from /home/airflow/.local/lib/python3.7/site-packages/airflow/example_dags/example_xcom.py
[2026-02-13T22:24:32.357+0000] {processor.py:753} INFO - DAG(s) dict_keys(['example_xcom']) retrieved from /home/airflow/.local/lib/python3.7/site-packages/airflow/example_dags/example_xcom.py
[2026-02-13T22:24:32.374+0000] {logging_mixin.py:137} INFO - [2026-02-13T22:24:32.374+0000] {dag.py:2690} INFO - Sync 1 DAGs
[2026-02-13T22:24:32.385+0000] {logging_mixin.py:137} INFO - [2026-02-13T22:24:32.385+0000] {dag.py:3441} INFO - Setting next_dagrun for example_xcom to 2021-01-01T00:00:00+00:00, run_after=2021-01-01T00:00:00+00:00
[2026-02-13T22:24:32.403+0000] {processor.py:175} INFO - Processing /home/airflow/.local/lib/python3.7/site-packages/airflow/example_dags/example_xcom.py took 0.060 seconds
[2026-02-13T22:25:03.004+0000] {processor.py:153} INFO - Started process (PID=771) to work on /home/airflow/.local/lib/python3.7/site-packages/airflow/example_dags/example_xcom.py
[2026-02-13T22:25:03.005+0000] {processor.py:743} INFO - Processing file /home/airflow/.local/lib/python3.7/site-packages/airflow/example_dags/example_xcom.py for tasks to queue
[2026-02-13T22:25:03.005+0000] {logging_mixin.py:137} INFO - [2026-02-13T22:25:03.005+0000] {dagbag.py:538} INFO - Filling up the DagBag from /home/airflow/.local/lib/python3.7/site-packages/airflow/example_dags/example_xcom.py
[2026-02-13T22:25:03.017+0000] {processor.py:753} INFO - DAG(s) dict_keys(['example_xcom']) retrieved from /home/airflow/.local/lib/python3.7/site-packages/airflow/example_dags/example_xcom.py
[2026-02-13T22:25:03.029+0000] {logging_mixin.py:137} INFO - [2026-02-13T22:25:03.029+0000] {dag.py:2690} INFO - Sync 1 DAGs
[2026-02-13T22:25:03.040+0000] {logging_mixin.py:137} INFO - [2026-02-13T22:25:03.040+0000] {dag.py:3441} INFO - Setting next_dagrun for example_xcom to 2021-01-01T00:00:00+00:00, run_after=2021-01-01T00:00:00+00:00
[2026-02-13T22:25:03.049+0000] {processor.py:175} INFO - Processing /home/airflow/.local/lib/python3.7/site-packages/airflow/example_dags/example_xcom.py took 0.046 seconds
[2026-02-13T22:25:33.634+0000] {processor.py:153} INFO - Started process (PID=860) to work on /home/airflow/.local/lib/python3.7/site-packages/airflow/example_dags/example_xcom.py
[2026-02-13T22:25:33.635+0000] {processor.py:743} INFO - Processing file /home/airflow/.local/lib/python3.7/site-packages/airflow/example_dags/example_xcom.py for tasks to queue
[2026-02-13T22:25:33.636+0000] {logging_mixin.py:137} INFO - [2026-02-13T22:25:33.636+0000] {dagbag.py:538} INFO - Filling up the DagBag from /home/airflow/.local/lib/python3.7/site-packages/airflow/example_dags/example_xcom.py
[2026-02-13T22:25:33.646+0000] {processor.py:753} INFO - DAG(s) dict_keys(['example_xcom']) retrieved from /home/airflow/.local/lib/python3.7/site-packages/airflow/example_dags/example_xcom.py
[2026-02-13T22:25:33.659+0000] {logging_mixin.py:137} INFO - [2026-02-13T22:25:33.659+0000] {dag.py:2690} INFO - Sync 1 DAGs
[2026-02-13T22:25:33.671+0000] {logging_mixin.py:137} INFO - [2026-02-13T22:25:33.671+0000] {dag.py:3441} INFO - Setting next_dagrun for example_xcom to 2021-01-01T00:00:00+00:00, run_after=2021-01-01T00:00:00+00:00
[2026-02-13T22:25:33.681+0000] {processor.py:175} INFO - Processing /home/airflow/.local/lib/python3.7/site-packages/airflow/example_dags/example_xcom.py took 0.048 seconds
[2026-02-13T22:26:04.300+0000] {processor.py:153} INFO - Started process (PID=933) to work on /home/airflow/.local/lib/python3.7/site-packages/airflow/example_dags/example_xcom.py
[2026-02-13T22:26:04.301+0000] {processor.py:743} INFO - Processing file /home/airflow/.local/lib/python3.7/site-packages/airflow/example_dags/example_xcom.py for tasks to queue
[2026-02-13T22:26:04.301+0000] {logging_mixin.py:137} INFO - [2026-02-13T22:26:04.301+0000] {dagbag.py:538} INFO - Filling up the DagBag from /home/airflow/.local/lib/python3.7/site-packages/airflow/example_dags/example_xcom.py
[2026-02-13T22:26:04.310+0000] {processor.py:753} INFO - DAG(s) dict_keys(['example_xcom']) retrieved from /home/airflow/.local/lib/python3.7/site-packages/airflow/example_dags/example_xcom.py
[2026-02-13T22:26:04.319+0000] {logging_mixin.py:137} INFO - [2026-02-13T22:26:04.319+0000] {dag.py:2690} INFO - Sync 1 DAGs
[2026-02-13T22:26:04.329+0000] {logging_mixin.py:137} INFO - [2026-02-13T22:26:04.329+0000] {dag.py:3441} INFO - Setting next_dagrun for example_xcom to 2021-01-01T00:00:00+00:00, run_after=2021-01-01T00:00:00+00:00
[2026-02-13T22:26:04.336+0000] {processor.py:175} INFO - Processing /home/airflow/.local/lib/python3.7/site-packages/airflow/example_dags/example_xcom.py took 0.037 seconds
[2026-02-13T22:26:34.823+0000] {processor.py:153} INFO - Started process (PID=1022) to work on /home/airflow/.local/lib/python3.7/site-packages/airflow/example_dags/example_xcom.py
[2026-02-13T22:26:34.825+0000] {processor.py:743} INFO - Processing file /home/airflow/.local/lib/python3.7/site-packages/airflow/example_dags/example_xcom.py for tasks to queue
[2026-02-13T22:26:34.826+0000] {logging_mixin.py:137} INFO - [2026-02-13T22:26:34.826+0000] {dagbag.py:538} INFO - Filling up the DagBag from /home/airflow/.local/lib/python3.7/site-packages/airflow/example_dags/example_xcom.py
[2026-02-13T22:26:34.838+0000] {processor.py:753} INFO - DAG(s) dict_keys(['example_xcom']) retrieved from /home/airflow/.local/lib/python3.7/site-packages/airflow/example_dags/example_xcom.py
[2026-02-13T22:26:34.851+0000] {logging_mixin.py:137} INFO - [2026-02-13T22:26:34.850+0000] {dag.py:2690} INFO - Sync 1 DAGs
[2026-02-13T22:26:34.862+0000] {logging_mixin.py:137} INFO - [2026-02-13T22:26:34.862+0000] {dag.py:3441} INFO - Setting next_dagrun for example_xcom to 2021-01-01T00:00:00+00:00, run_after=2021-01-01T00:00:00+00:00
[2026-02-13T22:26:34.872+0000] {processor.py:175} INFO - Processing /home/airflow/.local/lib/python3.7/site-packages/airflow/example_dags/example_xcom.py took 0.050 seconds
[2026-02-13T22:27:05.639+0000] {processor.py:153} INFO - Started process (PID=1111) to work on /home/airflow/.local/lib/python3.7/site-packages/airflow/example_dags/example_xcom.py
[2026-02-13T22:27:05.639+0000] {processor.py:743} INFO - Processing file /home/airflow/.local/lib/python3.7/site-packages/airflow/example_dags/example_xcom.py for tasks to queue
[2026-02-13T22:27:05.640+0000] {logging_mixin.py:137} INFO - [2026-02-13T22:27:05.639+0000] {dagbag.py:538} INFO - Filling up the DagBag from /home/airflow/.local/lib/python3.7/site-packages/airflow/example_dags/example_xcom.py
[2026-02-13T22:27:05.650+0000] {processor.py:753} INFO - DAG(s) dict_keys(['example_xcom']) retrieved from /home/airflow/.local/lib/python3.7/site-packages/airflow/example_dags/example_xcom.py
[2026-02-13T22:27:05.664+0000] {logging_mixin.py:137} INFO - [2026-02-13T22:27:05.664+0000] {dag.py:2690} INFO - Sync 1 DAGs
[2026-02-13T22:27:05.678+0000] {logging_mixin.py:137} INFO - [2026-02-13T22:27:05.678+0000] {dag.py:3441} INFO - Setting next_dagrun for example_xcom to 2021-01-01T00:00:00+00:00, run_after=2021-01-01T00:00:00+00:00
[2026-02-13T22:27:05.692+0000] {processor.py:175} INFO - Processing /home/airflow/.local/lib/python3.7/site-packages/airflow/example_dags/example_xcom.py took 0.055 seconds
[2026-02-13T22:27:36.260+0000] {processor.py:153} INFO - Started process (PID=1200) to work on /home/airflow/.local/lib/python3.7/site-packages/airflow/example_dags/example_xcom.py
[2026-02-13T22:27:36.261+0000] {processor.py:743} INFO - Processing file /home/airflow/.local/lib/python3.7/site-packages/airflow/example_dags/example_xcom.py for tasks to queue
[2026-02-13T22:27:36.262+0000] {logging_mixin.py:137} INFO - [2026-02-13T22:27:36.262+0000] {dagbag.py:538} INFO - Filling up the DagBag from /home/airflow/.local/lib/python3.7/site-packages/airflow/example_dags/example_xcom.py
[2026-02-13T22:27:36.272+0000] {processor.py:753} INFO - DAG(s) dict_keys(['example_xcom']) retrieved from /home/airflow/.local/lib/python3.7/site-packages/airflow/example_dags/example_xcom.py
[2026-02-13T22:27:36.282+0000] {logging_mixin.py:137} INFO - [2026-02-13T22:27:36.282+0000] {dag.py:2690} INFO - Sync 1 DAGs
[2026-02-13T22:27:36.293+0000] {logging_mixin.py:137} INFO - [2026-02-13T22:27:36.293+0000] {dag.py:3441} INFO - Setting next_dagrun for example_xcom to 2021-01-01T00:00:00+00:00, run_after=2021-01-01T00:00:00+00:00
[2026-02-13T22:27:36.306+0000] {processor.py:175} INFO - Processing /home/airflow/.local/lib/python3.7/site-packages/airflow/example_dags/example_xcom.py took 0.047 seconds
[2026-02-13T22:28:07.005+0000] {processor.py:153} INFO - Started process (PID=1273) to work on /home/airflow/.local/lib/python3.7/site-packages/airflow/example_dags/example_xcom.py
[2026-02-13T22:28:07.006+0000] {processor.py:743} INFO - Processing file /home/airflow/.local/lib/python3.7/site-packages/airflow/example_dags/example_xcom.py for tasks to queue
[2026-02-13T22:28:07.006+0000] {logging_mixin.py:137} INFO - [2026-02-13T22:28:07.006+0000] {dagbag.py:538} INFO - Filling up the DagBag from /home/airflow/.local/lib/python3.7/site-packages/airflow/example_dags/example_xcom.py
[2026-02-13T22:28:07.019+0000] {processor.py:753} INFO - DAG(s) dict_keys(['example_xcom']) retrieved from /home/airflow/.local/lib/python3.7/site-packages/airflow/example_dags/example_xcom.py
[2026-02-13T22:28:07.034+0000] {logging_mixin.py:137} INFO - [2026-02-13T22:28:07.034+0000] {dag.py:2690} INFO - Sync 1 DAGs
[2026-02-13T22:28:07.046+0000] {logging_mixin.py:137} INFO - [2026-02-13T22:28:07.045+0000] {dag.py:3441} INFO - Setting next_dagrun for example_xcom to 2021-01-01T00:00:00+00:00, run_after=2021-01-01T00:00:00+00:00
[2026-02-13T22:28:07.060+0000] {processor.py:175} INFO - Processing /home/airflow/.local/lib/python3.7/site-packages/airflow/example_dags/example_xcom.py took 0.056 seconds
[2026-02-13T22:28:37.602+0000] {processor.py:153} INFO - Started process (PID=1362) to work on /home/airflow/.local/lib/python3.7/site-packages/airflow/example_dags/example_xcom.py
[2026-02-13T22:28:37.603+0000] {processor.py:743} INFO - Processing file /home/airflow/.local/lib/python3.7/site-packages/airflow/example_dags/example_xcom.py for tasks to queue
[2026-02-13T22:28:37.604+0000] {logging_mixin.py:137} INFO - [2026-02-13T22:28:37.604+0000] {dagbag.py:538} INFO - Filling up the DagBag from /home/airflow/.local/lib/python3.7/site-packages/airflow/example_dags/example_xcom.py
[2026-02-13T22:28:37.616+0000] {processor.py:753} INFO - DAG(s) dict_keys(['example_xcom']) retrieved from /home/airflow/.local/lib/python3.7/site-packages/airflow/example_dags/example_xcom.py
[2026-02-13T22:28:37.629+0000] {logging_mixin.py:137} INFO - [2026-02-13T22:28:37.629+0000] {dag.py:2690} INFO - Sync 1 DAGs
[2026-02-13T22:28:37.640+0000] {logging_mixin.py:137} INFO - [2026-02-13T22:28:37.640+0000] {dag.py:3441} INFO - Setting next_dagrun for example_xcom to 2021-01-01T00:00:00+00:00, run_after=2021-01-01T00:00:00+00:00
[2026-02-13T22:28:37.652+0000] {processor.py:175} INFO - Processing /home/airflow/.local/lib/python3.7/site-packages/airflow/example_dags/example_xcom.py took 0.051 seconds
[2026-02-13T22:29:08.215+0000] {processor.py:153} INFO - Started process (PID=1451) to work on /home/airflow/.local/lib/python3.7/site-packages/airflow/example_dags/example_xcom.py
[2026-02-13T22:29:08.216+0000] {processor.py:743} INFO - Processing file /home/airflow/.local/lib/python3.7/site-packages/airflow/example_dags/example_xcom.py for tasks to queue
[2026-02-13T22:29:08.217+0000] {logging_mixin.py:137} INFO - [2026-02-13T22:29:08.216+0000] {dagbag.py:538} INFO - Filling up the DagBag from /home/airflow/.local/lib/python3.7/site-packages/airflow/example_dags/example_xcom.py
[2026-02-13T22:29:08.226+0000] {processor.py:753} INFO - DAG(s) dict_keys(['example_xcom']) retrieved from /home/airflow/.local/lib/python3.7/site-packages/airflow/example_dags/example_xcom.py
[2026-02-13T22:29:08.239+0000] {logging_mixin.py:137} INFO - [2026-02-13T22:29:08.238+0000] {dag.py:2690} INFO - Sync 1 DAGs
[2026-02-13T22:29:08.249+0000] {logging_mixin.py:137} INFO - [2026-02-13T22:29:08.249+0000] {dag.py:3441} INFO - Setting next_dagrun for example_xcom to 2021-01-01T00:00:00+00:00, run_after=2021-01-01T00:00:00+00:00
[2026-02-13T22:29:08.261+0000] {processor.py:175} INFO - Processing /home/airflow/.local/lib/python3.7/site-packages/airflow/example_dags/example_xcom.py took 0.047 seconds
[2026-02-13T22:29:38.890+0000] {processor.py:153} INFO - Started process (PID=1540) to work on /home/airflow/.local/lib/python3.7/site-packages/airflow/example_dags/example_xcom.py
[2026-02-13T22:29:38.890+0000] {processor.py:743} INFO - Processing file /home/airflow/.local/lib/python3.7/site-packages/airflow/example_dags/example_xcom.py for tasks to queue
[2026-02-13T22:29:38.890+0000] {logging_mixin.py:137} INFO - [2026-02-13T22:29:38.890+0000] {dagbag.py:538} INFO - Filling up the DagBag from /home/airflow/.local/lib/python3.7/site-packages/airflow/example_dags/example_xcom.py
[2026-02-13T22:29:38.900+0000] {processor.py:753} INFO - DAG(s) dict_keys(['example_xcom']) retrieved from /home/airflow/.local/lib/python3.7/site-packages/airflow/example_dags/example_xcom.py
[2026-02-13T22:29:38.910+0000] {logging_mixin.py:137} INFO - [2026-02-13T22:29:38.910+0000] {dag.py:2690} INFO - Sync 1 DAGs
[2026-02-13T22:29:38.923+0000] {logging_mixin.py:137} INFO - [2026-02-13T22:29:38.923+0000] {dag.py:3441} INFO - Setting next_dagrun for example_xcom to 2021-01-01T00:00:00+00:00, run_after=2021-01-01T00:00:00+00:00
[2026-02-13T22:29:38.937+0000] {processor.py:175} INFO - Processing /home/airflow/.local/lib/python3.7/site-packages/airflow/example_dags/example_xcom.py took 0.049 seconds
[2026-02-13T22:30:09.528+0000] {processor.py:153} INFO - Started process (PID=1613) to work on /home/airflow/.local/lib/python3.7/site-packages/airflow/example_dags/example_xcom.py
[2026-02-13T22:30:09.529+0000] {processor.py:743} INFO - Processing file /home/airflow/.local/lib/python3.7/site-packages/airflow/example_dags/example_xcom.py for tasks to queue
[2026-02-13T22:30:09.530+0000] {logging_mixin.py:137} INFO - [2026-02-13T22:30:09.530+0000] {dagbag.py:538} INFO - Filling up the DagBag from /home/airflow/.local/lib/python3.7/site-packages/airflow/example_dags/example_xcom.py
[2026-02-13T22:30:09.542+0000] {processor.py:753} INFO - DAG(s) dict_keys(['example_xcom']) retrieved from /home/airflow/.local/lib/python3.7/site-packages/airflow/example_dags/example_xcom.py
[2026-02-13T22:30:09.554+0000] {logging_mixin.py:137} INFO - [2026-02-13T22:30:09.554+0000] {dag.py:2690} INFO - Sync 1 DAGs
[2026-02-13T22:30:09.566+0000] {logging_mixin.py:137} INFO - [2026-02-13T22:30:09.566+0000] {dag.py:3441} INFO - Setting next_dagrun for example_xcom to 2021-01-01T00:00:00+00:00, run_after=2021-01-01T00:00:00+00:00
[2026-02-13T22:30:09.584+0000] {processor.py:175} INFO - Processing /home/airflow/.local/lib/python3.7/site-packages/airflow/example_dags/example_xcom.py took 0.058 seconds
[2026-02-13T22:30:40.317+0000] {processor.py:153} INFO - Started process (PID=1702) to work on /home/airflow/.local/lib/python3.7/site-packages/airflow/example_dags/example_xcom.py
[2026-02-13T22:30:40.318+0000] {processor.py:743} INFO - Processing file /home/airflow/.local/lib/python3.7/site-packages/airflow/example_dags/example_xcom.py for tasks to queue
[2026-02-13T22:30:40.319+0000] {logging_mixin.py:137} INFO - [2026-02-13T22:30:40.319+0000] {dagbag.py:538} INFO - Filling up the DagBag from /home/airflow/.local/lib/python3.7/site-packages/airflow/example_dags/example_xcom.py
[2026-02-13T22:30:40.330+0000] {processor.py:753} INFO - DAG(s) dict_keys(['example_xcom']) retrieved from /home/airflow/.local/lib/python3.7/site-packages/airflow/example_dags/example_xcom.py
[2026-02-13T22:30:40.345+0000] {logging_mixin.py:137} INFO - [2026-02-13T22:30:40.345+0000] {dag.py:2690} INFO - Sync 1 DAGs
[2026-02-13T22:30:40.357+0000] {logging_mixin.py:137} INFO - [2026-02-13T22:30:40.357+0000] {dag.py:3441} INFO - Setting next_dagrun for example_xcom to 2021-01-01T00:00:00+00:00, run_after=2021-01-01T00:00:00+00:00
[2026-02-13T22:30:40.370+0000] {processor.py:175} INFO - Processing /home/airflow/.local/lib/python3.7/site-packages/airflow/example_dags/example_xcom.py took 0.055 seconds
[2026-02-13T22:31:10.932+0000] {processor.py:153} INFO - Started process (PID=1791) to work on /home/airflow/.local/lib/python3.7/site-packages/airflow/example_dags/example_xcom.py
[2026-02-13T22:31:10.932+0000] {processor.py:743} INFO - Processing file /home/airflow/.local/lib/python3.7/site-packages/airflow/example_dags/example_xcom.py for tasks to queue
[2026-02-13T22:31:10.932+0000] {logging_mixin.py:137} INFO - [2026-02-13T22:31:10.932+0000] {dagbag.py:538} INFO - Filling up the DagBag from /home/airflow/.local/lib/python3.7/site-packages/airflow/example_dags/example_xcom.py
[2026-02-13T22:31:10.941+0000] {processor.py:753} INFO - DAG(s) dict_keys(['example_xcom']) retrieved from /home/airflow/.local/lib/python3.7/site-packages/airflow/example_dags/example_xcom.py
[2026-02-13T22:31:10.952+0000] {logging_mixin.py:137} INFO - [2026-02-13T22:31:10.952+0000] {dag.py:2690} INFO - Sync 1 DAGs
[2026-02-13T22:31:10.962+0000] {logging_mixin.py:137} INFO - [2026-02-13T22:31:10.962+0000] {dag.py:3441} INFO - Setting next_dagrun for example_xcom to 2021-01-01T00:00:00+00:00, run_after=2021-01-01T00:00:00+00:00
[2026-02-13T22:31:10.968+0000] {processor.py:175} INFO - Processing /home/airflow/.local/lib/python3.7/site-packages/airflow/example_dags/example_xcom.py took 0.038 seconds
[2026-02-13T22:31:41.598+0000] {processor.py:153} INFO - Started process (PID=1880) to work on /home/airflow/.local/lib/python3.7/site-packages/airflow/example_dags/example_xcom.py
[2026-02-13T22:31:41.599+0000] {processor.py:743} INFO - Processing file /home/airflow/.local/lib/python3.7/site-packages/airflow/example_dags/example_xcom.py for tasks to queue
[2026-02-13T22:31:41.600+0000] {logging_mixin.py:137} INFO - [2026-02-13T22:31:41.599+0000] {dagbag.py:538} INFO - Filling up the DagBag from /home/airflow/.local/lib/python3.7/site-packages/airflow/example_dags/example_xcom.py
[2026-02-13T22:31:41.613+0000] {processor.py:753} INFO - DAG(s) dict_keys(['example_xcom']) retrieved from /home/airflow/.local/lib/python3.7/site-packages/airflow/example_dags/example_xcom.py
[2026-02-13T22:31:41.627+0000] {logging_mixin.py:137} INFO - [2026-02-13T22:31:41.627+0000] {dag.py:2690} INFO - Sync 1 DAGs
[2026-02-13T22:31:41.642+0000] {logging_mixin.py:137} INFO - [2026-02-13T22:31:41.642+0000] {dag.py:3441} INFO - Setting next_dagrun for example_xcom to 2021-01-01T00:00:00+00:00, run_after=2021-01-01T00:00:00+00:00
[2026-02-13T22:31:41.657+0000] {processor.py:175} INFO - Processing /home/airflow/.local/lib/python3.7/site-packages/airflow/example_dags/example_xcom.py took 0.063 seconds
[2026-02-13T22:32:12.410+0000] {processor.py:153} INFO - Started process (PID=1959) to work on /home/airflow/.local/lib/python3.7/site-packages/airflow/example_dags/example_xcom.py
[2026-02-13T22:32:12.411+0000] {processor.py:743} INFO - Processing file /home/airflow/.local/lib/python3.7/site-packages/airflow/example_dags/example_xcom.py for tasks to queue
[2026-02-13T22:32:12.414+0000] {logging_mixin.py:137} INFO - [2026-02-13T22:32:12.411+0000] {dagbag.py:538} INFO - Filling up the DagBag from /home/airflow/.local/lib/python3.7/site-packages/airflow/example_dags/example_xcom.py
[2026-02-13T22:32:12.425+0000] {processor.py:753} INFO - DAG(s) dict_keys(['example_xcom']) retrieved from /home/airflow/.local/lib/python3.7/site-packages/airflow/example_dags/example_xcom.py
[2026-02-13T22:32:12.448+0000] {logging_mixin.py:137} INFO - [2026-02-13T22:32:12.448+0000] {dag.py:2690} INFO - Sync 1 DAGs
[2026-02-13T22:32:12.464+0000] {logging_mixin.py:137} INFO - [2026-02-13T22:32:12.464+0000] {dag.py:3441} INFO - Setting next_dagrun for example_xcom to 2021-01-01T00:00:00+00:00, run_after=2021-01-01T00:00:00+00:00
[2026-02-13T22:32:12.481+0000] {processor.py:175} INFO - Processing /home/airflow/.local/lib/python3.7/site-packages/airflow/example_dags/example_xcom.py took 0.073 seconds
[2026-02-13T22:32:42.721+0000] {processor.py:153} INFO - Started process (PID=2041) to work on /home/airflow/.local/lib/python3.7/site-packages/airflow/example_dags/example_xcom.py
[2026-02-13T22:32:42.721+0000] {processor.py:743} INFO - Processing file /home/airflow/.local/lib/python3.7/site-packages/airflow/example_dags/example_xcom.py for tasks to queue
[2026-02-13T22:32:42.724+0000] {logging_mixin.py:137} INFO - [2026-02-13T22:32:42.724+0000] {dagbag.py:538} INFO - Filling up the DagBag from /home/airflow/.local/lib/python3.7/site-packages/airflow/example_dags/example_xcom.py
[2026-02-13T22:32:42.734+0000] {processor.py:753} INFO - DAG(s) dict_keys(['example_xcom']) retrieved from /home/airflow/.local/lib/python3.7/site-packages/airflow/example_dags/example_xcom.py
[2026-02-13T22:32:42.748+0000] {logging_mixin.py:137} INFO - [2026-02-13T22:32:42.748+0000] {dag.py:2690} INFO - Sync 1 DAGs
[2026-02-13T22:32:42.761+0000] {logging_mixin.py:137} INFO - [2026-02-13T22:32:42.761+0000] {dag.py:3441} INFO - Setting next_dagrun for example_xcom to 2021-01-01T00:00:00+00:00, run_after=2021-01-01T00:00:00+00:00
[2026-02-13T22:32:42.773+0000] {processor.py:175} INFO - Processing /home/airflow/.local/lib/python3.7/site-packages/airflow/example_dags/example_xcom.py took 0.053 seconds
[2026-02-13T22:34:04.050+0000] {processor.py:153} INFO - Started process (PID=92) to work on /home/airflow/.local/lib/python3.7/site-packages/airflow/example_dags/example_xcom.py
[2026-02-13T22:34:04.054+0000] {processor.py:743} INFO - Processing file /home/airflow/.local/lib/python3.7/site-packages/airflow/example_dags/example_xcom.py for tasks to queue
[2026-02-13T22:34:04.054+0000] {logging_mixin.py:137} INFO - [2026-02-13T22:34:04.054+0000] {dagbag.py:538} INFO - Filling up the DagBag from /home/airflow/.local/lib/python3.7/site-packages/airflow/example_dags/example_xcom.py
[2026-02-13T22:34:04.075+0000] {processor.py:753} INFO - DAG(s) dict_keys(['example_xcom']) retrieved from /home/airflow/.local/lib/python3.7/site-packages/airflow/example_dags/example_xcom.py
[2026-02-13T22:34:04.103+0000] {logging_mixin.py:137} INFO - [2026-02-13T22:34:04.102+0000] {dag.py:2690} INFO - Sync 1 DAGs
[2026-02-13T22:34:04.117+0000] {logging_mixin.py:137} INFO - [2026-02-13T22:34:04.117+0000] {dag.py:3441} INFO - Setting next_dagrun for example_xcom to 2021-01-01T00:00:00+00:00, run_after=2021-01-01T00:00:00+00:00
[2026-02-13T22:34:04.142+0000] {processor.py:175} INFO - Processing /home/airflow/.local/lib/python3.7/site-packages/airflow/example_dags/example_xcom.py took 0.095 seconds
[2026-02-13T22:34:35.158+0000] {processor.py:153} INFO - Started process (PID=183) to work on /home/airflow/.local/lib/python3.7/site-packages/airflow/example_dags/example_xcom.py
[2026-02-13T22:34:35.160+0000] {processor.py:743} INFO - Processing file /home/airflow/.local/lib/python3.7/site-packages/airflow/example_dags/example_xcom.py for tasks to queue
[2026-02-13T22:34:35.160+0000] {logging_mixin.py:137} INFO - [2026-02-13T22:34:35.160+0000] {dagbag.py:538} INFO - Filling up the DagBag from /home/airflow/.local/lib/python3.7/site-packages/airflow/example_dags/example_xcom.py
[2026-02-13T22:34:35.174+0000] {processor.py:753} INFO - DAG(s) dict_keys(['example_xcom']) retrieved from /home/airflow/.local/lib/python3.7/site-packages/airflow/example_dags/example_xcom.py
[2026-02-13T22:34:35.201+0000] {logging_mixin.py:137} INFO - [2026-02-13T22:34:35.201+0000] {dag.py:2690} INFO - Sync 1 DAGs
[2026-02-13T22:34:35.230+0000] {logging_mixin.py:137} INFO - [2026-02-13T22:34:35.230+0000] {dag.py:3441} INFO - Setting next_dagrun for example_xcom to 2021-01-01T00:00:00+00:00, run_after=2021-01-01T00:00:00+00:00
[2026-02-13T22:34:35.263+0000] {processor.py:175} INFO - Processing /home/airflow/.local/lib/python3.7/site-packages/airflow/example_dags/example_xcom.py took 0.107 seconds
[2026-02-13T22:35:06.201+0000] {processor.py:153} INFO - Started process (PID=258) to work on /home/airflow/.local/lib/python3.7/site-packages/airflow/example_dags/example_xcom.py
[2026-02-13T22:35:06.204+0000] {processor.py:743} INFO - Processing file /home/airflow/.local/lib/python3.7/site-packages/airflow/example_dags/example_xcom.py for tasks to queue
[2026-02-13T22:35:06.204+0000] {logging_mixin.py:137} INFO - [2026-02-13T22:35:06.204+0000] {dagbag.py:538} INFO - Filling up the DagBag from /home/airflow/.local/lib/python3.7/site-packages/airflow/example_dags/example_xcom.py
[2026-02-13T22:35:06.217+0000] {processor.py:753} INFO - DAG(s) dict_keys(['example_xcom']) retrieved from /home/airflow/.local/lib/python3.7/site-packages/airflow/example_dags/example_xcom.py
[2026-02-13T22:35:06.230+0000] {logging_mixin.py:137} INFO - [2026-02-13T22:35:06.230+0000] {dag.py:2690} INFO - Sync 1 DAGs
[2026-02-13T22:35:06.240+0000] {logging_mixin.py:137} INFO - [2026-02-13T22:35:06.240+0000] {dag.py:3441} INFO - Setting next_dagrun for example_xcom to 2021-01-01T00:00:00+00:00, run_after=2021-01-01T00:00:00+00:00
[2026-02-13T22:35:06.253+0000] {processor.py:175} INFO - Processing /home/airflow/.local/lib/python3.7/site-packages/airflow/example_dags/example_xcom.py took 0.053 seconds
[2026-02-13T22:35:37.039+0000] {processor.py:153} INFO - Started process (PID=350) to work on /home/airflow/.local/lib/python3.7/site-packages/airflow/example_dags/example_xcom.py
[2026-02-13T22:35:37.040+0000] {processor.py:743} INFO - Processing file /home/airflow/.local/lib/python3.7/site-packages/airflow/example_dags/example_xcom.py for tasks to queue
[2026-02-13T22:35:37.041+0000] {logging_mixin.py:137} INFO - [2026-02-13T22:35:37.041+0000] {dagbag.py:538} INFO - Filling up the DagBag from /home/airflow/.local/lib/python3.7/site-packages/airflow/example_dags/example_xcom.py
[2026-02-13T22:35:37.051+0000] {processor.py:753} INFO - DAG(s) dict_keys(['example_xcom']) retrieved from /home/airflow/.local/lib/python3.7/site-packages/airflow/example_dags/example_xcom.py
[2026-02-13T22:35:37.062+0000] {logging_mixin.py:137} INFO - [2026-02-13T22:35:37.062+0000] {dag.py:2690} INFO - Sync 1 DAGs
[2026-02-13T22:35:37.074+0000] {logging_mixin.py:137} INFO - [2026-02-13T22:35:37.074+0000] {dag.py:3441} INFO - Setting next_dagrun for example_xcom to 2021-01-01T00:00:00+00:00, run_after=2021-01-01T00:00:00+00:00
[2026-02-13T22:35:37.084+0000] {processor.py:175} INFO - Processing /home/airflow/.local/lib/python3.7/site-packages/airflow/example_dags/example_xcom.py took 0.046 seconds
[2026-02-13T22:36:07.972+0000] {processor.py:153} INFO - Started process (PID=441) to work on /home/airflow/.local/lib/python3.7/site-packages/airflow/example_dags/example_xcom.py
[2026-02-13T22:36:07.975+0000] {processor.py:743} INFO - Processing file /home/airflow/.local/lib/python3.7/site-packages/airflow/example_dags/example_xcom.py for tasks to queue
[2026-02-13T22:36:07.977+0000] {logging_mixin.py:137} INFO - [2026-02-13T22:36:07.977+0000] {dagbag.py:538} INFO - Filling up the DagBag from /home/airflow/.local/lib/python3.7/site-packages/airflow/example_dags/example_xcom.py
[2026-02-13T22:36:07.986+0000] {processor.py:753} INFO - DAG(s) dict_keys(['example_xcom']) retrieved from /home/airflow/.local/lib/python3.7/site-packages/airflow/example_dags/example_xcom.py
[2026-02-13T22:36:08.002+0000] {logging_mixin.py:137} INFO - [2026-02-13T22:36:08.002+0000] {dag.py:2690} INFO - Sync 1 DAGs
[2026-02-13T22:36:08.015+0000] {logging_mixin.py:137} INFO - [2026-02-13T22:36:08.015+0000] {dag.py:3441} INFO - Setting next_dagrun for example_xcom to 2021-01-01T00:00:00+00:00, run_after=2021-01-01T00:00:00+00:00
[2026-02-13T22:36:08.022+0000] {processor.py:175} INFO - Processing /home/airflow/.local/lib/python3.7/site-packages/airflow/example_dags/example_xcom.py took 0.051 seconds
[2026-02-13T22:36:38.775+0000] {processor.py:153} INFO - Started process (PID=533) to work on /home/airflow/.local/lib/python3.7/site-packages/airflow/example_dags/example_xcom.py
[2026-02-13T22:36:38.776+0000] {processor.py:743} INFO - Processing file /home/airflow/.local/lib/python3.7/site-packages/airflow/example_dags/example_xcom.py for tasks to queue
[2026-02-13T22:36:38.776+0000] {logging_mixin.py:137} INFO - [2026-02-13T22:36:38.776+0000] {dagbag.py:538} INFO - Filling up the DagBag from /home/airflow/.local/lib/python3.7/site-packages/airflow/example_dags/example_xcom.py
[2026-02-13T22:36:38.787+0000] {processor.py:753} INFO - DAG(s) dict_keys(['example_xcom']) retrieved from /home/airflow/.local/lib/python3.7/site-packages/airflow/example_dags/example_xcom.py
[2026-02-13T22:36:38.802+0000] {logging_mixin.py:137} INFO - [2026-02-13T22:36:38.802+0000] {dag.py:2690} INFO - Sync 1 DAGs
[2026-02-13T22:36:38.813+0000] {logging_mixin.py:137} INFO - [2026-02-13T22:36:38.813+0000] {dag.py:3441} INFO - Setting next_dagrun for example_xcom to 2021-01-01T00:00:00+00:00, run_after=2021-01-01T00:00:00+00:00
[2026-02-13T22:36:38.824+0000] {processor.py:175} INFO - Processing /home/airflow/.local/lib/python3.7/site-packages/airflow/example_dags/example_xcom.py took 0.051 seconds
