[2026-02-13T21:49:31.371+0000] {processor.py:153} INFO - Started process (PID=46) to work on /home/airflow/.local/lib/python3.7/site-packages/airflow/example_dags/example_short_circuit_operator.py
[2026-02-13T21:49:31.372+0000] {processor.py:743} INFO - Processing file /home/airflow/.local/lib/python3.7/site-packages/airflow/example_dags/example_short_circuit_operator.py for tasks to queue
[2026-02-13T21:49:31.372+0000] {logging_mixin.py:137} INFO - [2026-02-13T21:49:31.372+0000] {dagbag.py:538} INFO - Filling up the DagBag from /home/airflow/.local/lib/python3.7/site-packages/airflow/example_dags/example_short_circuit_operator.py
[2026-02-13T21:49:31.383+0000] {processor.py:753} INFO - DAG(s) dict_keys(['example_short_circuit_operator']) retrieved from /home/airflow/.local/lib/python3.7/site-packages/airflow/example_dags/example_short_circuit_operator.py
[2026-02-13T21:49:31.390+0000] {logging_mixin.py:137} INFO - [2026-02-13T21:49:31.390+0000] {dag.py:2690} INFO - Sync 1 DAGs
[2026-02-13T21:49:31.408+0000] {logging_mixin.py:137} INFO - [2026-02-13T21:49:31.407+0000] {dag.py:3441} INFO - Setting next_dagrun for example_short_circuit_operator to 2026-02-12T21:49:31.407871+00:00, run_after=2026-02-13T21:49:31.407871+00:00
[2026-02-13T21:49:31.416+0000] {processor.py:175} INFO - Processing /home/airflow/.local/lib/python3.7/site-packages/airflow/example_dags/example_short_circuit_operator.py took 0.047 seconds
[2026-02-13T21:50:02.178+0000] {processor.py:153} INFO - Started process (PID=134) to work on /home/airflow/.local/lib/python3.7/site-packages/airflow/example_dags/example_short_circuit_operator.py
[2026-02-13T21:50:02.179+0000] {processor.py:743} INFO - Processing file /home/airflow/.local/lib/python3.7/site-packages/airflow/example_dags/example_short_circuit_operator.py for tasks to queue
[2026-02-13T21:50:02.180+0000] {logging_mixin.py:137} INFO - [2026-02-13T21:50:02.180+0000] {dagbag.py:538} INFO - Filling up the DagBag from /home/airflow/.local/lib/python3.7/site-packages/airflow/example_dags/example_short_circuit_operator.py
[2026-02-13T21:50:02.188+0000] {processor.py:753} INFO - DAG(s) dict_keys(['example_short_circuit_operator']) retrieved from /home/airflow/.local/lib/python3.7/site-packages/airflow/example_dags/example_short_circuit_operator.py
[2026-02-13T21:50:02.203+0000] {logging_mixin.py:137} INFO - [2026-02-13T21:50:02.203+0000] {dag.py:2690} INFO - Sync 1 DAGs
[2026-02-13T21:50:02.217+0000] {logging_mixin.py:137} INFO - [2026-02-13T21:50:02.217+0000] {dag.py:3441} INFO - Setting next_dagrun for example_short_circuit_operator to 2026-02-12T21:50:02.217770+00:00, run_after=2026-02-13T21:50:02.217770+00:00
[2026-02-13T21:50:02.230+0000] {processor.py:175} INFO - Processing /home/airflow/.local/lib/python3.7/site-packages/airflow/example_dags/example_short_circuit_operator.py took 0.053 seconds
[2026-02-13T21:50:32.674+0000] {processor.py:153} INFO - Started process (PID=216) to work on /home/airflow/.local/lib/python3.7/site-packages/airflow/example_dags/example_short_circuit_operator.py
[2026-02-13T21:50:32.675+0000] {processor.py:743} INFO - Processing file /home/airflow/.local/lib/python3.7/site-packages/airflow/example_dags/example_short_circuit_operator.py for tasks to queue
[2026-02-13T21:50:32.675+0000] {logging_mixin.py:137} INFO - [2026-02-13T21:50:32.675+0000] {dagbag.py:538} INFO - Filling up the DagBag from /home/airflow/.local/lib/python3.7/site-packages/airflow/example_dags/example_short_circuit_operator.py
[2026-02-13T21:50:32.684+0000] {processor.py:753} INFO - DAG(s) dict_keys(['example_short_circuit_operator']) retrieved from /home/airflow/.local/lib/python3.7/site-packages/airflow/example_dags/example_short_circuit_operator.py
[2026-02-13T21:50:32.699+0000] {logging_mixin.py:137} INFO - [2026-02-13T21:50:32.699+0000] {dag.py:2690} INFO - Sync 1 DAGs
[2026-02-13T21:50:32.711+0000] {logging_mixin.py:137} INFO - [2026-02-13T21:50:32.711+0000] {dag.py:3441} INFO - Setting next_dagrun for example_short_circuit_operator to 2026-02-12T21:50:32.711667+00:00, run_after=2026-02-13T21:50:32.711667+00:00
[2026-02-13T21:50:32.726+0000] {processor.py:175} INFO - Processing /home/airflow/.local/lib/python3.7/site-packages/airflow/example_dags/example_short_circuit_operator.py took 0.054 seconds
[2026-02-13T21:51:03.322+0000] {processor.py:153} INFO - Started process (PID=295) to work on /home/airflow/.local/lib/python3.7/site-packages/airflow/example_dags/example_short_circuit_operator.py
[2026-02-13T21:51:03.322+0000] {processor.py:743} INFO - Processing file /home/airflow/.local/lib/python3.7/site-packages/airflow/example_dags/example_short_circuit_operator.py for tasks to queue
[2026-02-13T21:51:03.322+0000] {logging_mixin.py:137} INFO - [2026-02-13T21:51:03.322+0000] {dagbag.py:538} INFO - Filling up the DagBag from /home/airflow/.local/lib/python3.7/site-packages/airflow/example_dags/example_short_circuit_operator.py
[2026-02-13T21:51:03.328+0000] {processor.py:753} INFO - DAG(s) dict_keys(['example_short_circuit_operator']) retrieved from /home/airflow/.local/lib/python3.7/site-packages/airflow/example_dags/example_short_circuit_operator.py
[2026-02-13T21:51:03.338+0000] {logging_mixin.py:137} INFO - [2026-02-13T21:51:03.338+0000] {dag.py:2690} INFO - Sync 1 DAGs
[2026-02-13T21:51:03.346+0000] {logging_mixin.py:137} INFO - [2026-02-13T21:51:03.346+0000] {dag.py:3441} INFO - Setting next_dagrun for example_short_circuit_operator to 2026-02-12T21:51:03.346855+00:00, run_after=2026-02-13T21:51:03.346855+00:00
[2026-02-13T21:51:03.353+0000] {processor.py:175} INFO - Processing /home/airflow/.local/lib/python3.7/site-packages/airflow/example_dags/example_short_circuit_operator.py took 0.032 seconds
[2026-02-13T21:51:33.761+0000] {processor.py:153} INFO - Started process (PID=383) to work on /home/airflow/.local/lib/python3.7/site-packages/airflow/example_dags/example_short_circuit_operator.py
[2026-02-13T21:51:33.762+0000] {processor.py:743} INFO - Processing file /home/airflow/.local/lib/python3.7/site-packages/airflow/example_dags/example_short_circuit_operator.py for tasks to queue
[2026-02-13T21:51:33.762+0000] {logging_mixin.py:137} INFO - [2026-02-13T21:51:33.762+0000] {dagbag.py:538} INFO - Filling up the DagBag from /home/airflow/.local/lib/python3.7/site-packages/airflow/example_dags/example_short_circuit_operator.py
[2026-02-13T21:51:33.769+0000] {processor.py:753} INFO - DAG(s) dict_keys(['example_short_circuit_operator']) retrieved from /home/airflow/.local/lib/python3.7/site-packages/airflow/example_dags/example_short_circuit_operator.py
[2026-02-13T21:51:33.778+0000] {logging_mixin.py:137} INFO - [2026-02-13T21:51:33.778+0000] {dag.py:2690} INFO - Sync 1 DAGs
[2026-02-13T21:51:33.789+0000] {logging_mixin.py:137} INFO - [2026-02-13T21:51:33.789+0000] {dag.py:3441} INFO - Setting next_dagrun for example_short_circuit_operator to 2026-02-12T21:51:33.789027+00:00, run_after=2026-02-13T21:51:33.789027+00:00
[2026-02-13T21:51:33.798+0000] {processor.py:175} INFO - Processing /home/airflow/.local/lib/python3.7/site-packages/airflow/example_dags/example_short_circuit_operator.py took 0.038 seconds
[2026-02-13T21:52:04.199+0000] {processor.py:153} INFO - Started process (PID=471) to work on /home/airflow/.local/lib/python3.7/site-packages/airflow/example_dags/example_short_circuit_operator.py
[2026-02-13T21:52:04.199+0000] {processor.py:743} INFO - Processing file /home/airflow/.local/lib/python3.7/site-packages/airflow/example_dags/example_short_circuit_operator.py for tasks to queue
[2026-02-13T21:52:04.199+0000] {logging_mixin.py:137} INFO - [2026-02-13T21:52:04.199+0000] {dagbag.py:538} INFO - Filling up the DagBag from /home/airflow/.local/lib/python3.7/site-packages/airflow/example_dags/example_short_circuit_operator.py
[2026-02-13T21:52:04.207+0000] {processor.py:753} INFO - DAG(s) dict_keys(['example_short_circuit_operator']) retrieved from /home/airflow/.local/lib/python3.7/site-packages/airflow/example_dags/example_short_circuit_operator.py
[2026-02-13T21:52:04.221+0000] {logging_mixin.py:137} INFO - [2026-02-13T21:52:04.221+0000] {dag.py:2690} INFO - Sync 1 DAGs
[2026-02-13T21:52:04.237+0000] {logging_mixin.py:137} INFO - [2026-02-13T21:52:04.237+0000] {dag.py:3441} INFO - Setting next_dagrun for example_short_circuit_operator to 2026-02-12T21:52:04.237287+00:00, run_after=2026-02-13T21:52:04.237287+00:00
[2026-02-13T21:52:04.244+0000] {processor.py:175} INFO - Processing /home/airflow/.local/lib/python3.7/site-packages/airflow/example_dags/example_short_circuit_operator.py took 0.046 seconds
[2026-02-13T21:52:34.666+0000] {processor.py:153} INFO - Started process (PID=559) to work on /home/airflow/.local/lib/python3.7/site-packages/airflow/example_dags/example_short_circuit_operator.py
[2026-02-13T21:52:34.667+0000] {processor.py:743} INFO - Processing file /home/airflow/.local/lib/python3.7/site-packages/airflow/example_dags/example_short_circuit_operator.py for tasks to queue
[2026-02-13T21:52:34.668+0000] {logging_mixin.py:137} INFO - [2026-02-13T21:52:34.668+0000] {dagbag.py:538} INFO - Filling up the DagBag from /home/airflow/.local/lib/python3.7/site-packages/airflow/example_dags/example_short_circuit_operator.py
[2026-02-13T21:52:34.678+0000] {processor.py:753} INFO - DAG(s) dict_keys(['example_short_circuit_operator']) retrieved from /home/airflow/.local/lib/python3.7/site-packages/airflow/example_dags/example_short_circuit_operator.py
[2026-02-13T21:52:34.693+0000] {logging_mixin.py:137} INFO - [2026-02-13T21:52:34.693+0000] {dag.py:2690} INFO - Sync 1 DAGs
[2026-02-13T21:52:34.708+0000] {logging_mixin.py:137} INFO - [2026-02-13T21:52:34.708+0000] {dag.py:3441} INFO - Setting next_dagrun for example_short_circuit_operator to 2026-02-12T21:52:34.707983+00:00, run_after=2026-02-13T21:52:34.707983+00:00
[2026-02-13T21:52:34.719+0000] {processor.py:175} INFO - Processing /home/airflow/.local/lib/python3.7/site-packages/airflow/example_dags/example_short_circuit_operator.py took 0.055 seconds
[2026-02-13T21:53:05.219+0000] {processor.py:153} INFO - Started process (PID=630) to work on /home/airflow/.local/lib/python3.7/site-packages/airflow/example_dags/example_short_circuit_operator.py
[2026-02-13T21:53:05.220+0000] {processor.py:743} INFO - Processing file /home/airflow/.local/lib/python3.7/site-packages/airflow/example_dags/example_short_circuit_operator.py for tasks to queue
[2026-02-13T21:53:05.220+0000] {logging_mixin.py:137} INFO - [2026-02-13T21:53:05.220+0000] {dagbag.py:538} INFO - Filling up the DagBag from /home/airflow/.local/lib/python3.7/site-packages/airflow/example_dags/example_short_circuit_operator.py
[2026-02-13T21:53:05.227+0000] {processor.py:753} INFO - DAG(s) dict_keys(['example_short_circuit_operator']) retrieved from /home/airflow/.local/lib/python3.7/site-packages/airflow/example_dags/example_short_circuit_operator.py
[2026-02-13T21:53:05.239+0000] {logging_mixin.py:137} INFO - [2026-02-13T21:53:05.239+0000] {dag.py:2690} INFO - Sync 1 DAGs
[2026-02-13T21:53:05.250+0000] {logging_mixin.py:137} INFO - [2026-02-13T21:53:05.250+0000] {dag.py:3441} INFO - Setting next_dagrun for example_short_circuit_operator to 2026-02-12T21:53:05.249972+00:00, run_after=2026-02-13T21:53:05.249972+00:00
[2026-02-13T21:53:05.261+0000] {processor.py:175} INFO - Processing /home/airflow/.local/lib/python3.7/site-packages/airflow/example_dags/example_short_circuit_operator.py took 0.043 seconds
[2026-02-13T21:53:35.707+0000] {processor.py:153} INFO - Started process (PID=718) to work on /home/airflow/.local/lib/python3.7/site-packages/airflow/example_dags/example_short_circuit_operator.py
[2026-02-13T21:53:35.707+0000] {processor.py:743} INFO - Processing file /home/airflow/.local/lib/python3.7/site-packages/airflow/example_dags/example_short_circuit_operator.py for tasks to queue
[2026-02-13T21:53:35.707+0000] {logging_mixin.py:137} INFO - [2026-02-13T21:53:35.707+0000] {dagbag.py:538} INFO - Filling up the DagBag from /home/airflow/.local/lib/python3.7/site-packages/airflow/example_dags/example_short_circuit_operator.py
[2026-02-13T21:53:35.715+0000] {processor.py:753} INFO - DAG(s) dict_keys(['example_short_circuit_operator']) retrieved from /home/airflow/.local/lib/python3.7/site-packages/airflow/example_dags/example_short_circuit_operator.py
[2026-02-13T21:53:35.727+0000] {logging_mixin.py:137} INFO - [2026-02-13T21:53:35.726+0000] {dag.py:2690} INFO - Sync 1 DAGs
[2026-02-13T21:53:35.736+0000] {logging_mixin.py:137} INFO - [2026-02-13T21:53:35.736+0000] {dag.py:3441} INFO - Setting next_dagrun for example_short_circuit_operator to 2026-02-12T21:53:35.736031+00:00, run_after=2026-02-13T21:53:35.736031+00:00
[2026-02-13T21:53:35.745+0000] {processor.py:175} INFO - Processing /home/airflow/.local/lib/python3.7/site-packages/airflow/example_dags/example_short_circuit_operator.py took 0.040 seconds
[2026-02-13T21:54:06.149+0000] {processor.py:153} INFO - Started process (PID=806) to work on /home/airflow/.local/lib/python3.7/site-packages/airflow/example_dags/example_short_circuit_operator.py
[2026-02-13T21:54:06.149+0000] {processor.py:743} INFO - Processing file /home/airflow/.local/lib/python3.7/site-packages/airflow/example_dags/example_short_circuit_operator.py for tasks to queue
[2026-02-13T21:54:06.149+0000] {logging_mixin.py:137} INFO - [2026-02-13T21:54:06.149+0000] {dagbag.py:538} INFO - Filling up the DagBag from /home/airflow/.local/lib/python3.7/site-packages/airflow/example_dags/example_short_circuit_operator.py
[2026-02-13T21:54:06.159+0000] {processor.py:753} INFO - DAG(s) dict_keys(['example_short_circuit_operator']) retrieved from /home/airflow/.local/lib/python3.7/site-packages/airflow/example_dags/example_short_circuit_operator.py
[2026-02-13T21:54:06.170+0000] {logging_mixin.py:137} INFO - [2026-02-13T21:54:06.170+0000] {dag.py:2690} INFO - Sync 1 DAGs
[2026-02-13T21:54:06.183+0000] {logging_mixin.py:137} INFO - [2026-02-13T21:54:06.183+0000] {dag.py:3441} INFO - Setting next_dagrun for example_short_circuit_operator to 2026-02-12T21:54:06.183513+00:00, run_after=2026-02-13T21:54:06.183513+00:00
[2026-02-13T21:54:06.193+0000] {processor.py:175} INFO - Processing /home/airflow/.local/lib/python3.7/site-packages/airflow/example_dags/example_short_circuit_operator.py took 0.046 seconds
[2026-02-13T21:54:36.649+0000] {processor.py:153} INFO - Started process (PID=894) to work on /home/airflow/.local/lib/python3.7/site-packages/airflow/example_dags/example_short_circuit_operator.py
[2026-02-13T21:54:36.649+0000] {processor.py:743} INFO - Processing file /home/airflow/.local/lib/python3.7/site-packages/airflow/example_dags/example_short_circuit_operator.py for tasks to queue
[2026-02-13T21:54:36.650+0000] {logging_mixin.py:137} INFO - [2026-02-13T21:54:36.650+0000] {dagbag.py:538} INFO - Filling up the DagBag from /home/airflow/.local/lib/python3.7/site-packages/airflow/example_dags/example_short_circuit_operator.py
[2026-02-13T21:54:36.660+0000] {processor.py:753} INFO - DAG(s) dict_keys(['example_short_circuit_operator']) retrieved from /home/airflow/.local/lib/python3.7/site-packages/airflow/example_dags/example_short_circuit_operator.py
[2026-02-13T21:54:36.674+0000] {logging_mixin.py:137} INFO - [2026-02-13T21:54:36.674+0000] {dag.py:2690} INFO - Sync 1 DAGs
[2026-02-13T21:54:36.687+0000] {logging_mixin.py:137} INFO - [2026-02-13T21:54:36.687+0000] {dag.py:3441} INFO - Setting next_dagrun for example_short_circuit_operator to 2026-02-12T21:54:36.687165+00:00, run_after=2026-02-13T21:54:36.687165+00:00
[2026-02-13T21:54:36.702+0000] {processor.py:175} INFO - Processing /home/airflow/.local/lib/python3.7/site-packages/airflow/example_dags/example_short_circuit_operator.py took 0.055 seconds
[2026-02-13T21:55:07.273+0000] {processor.py:153} INFO - Started process (PID=966) to work on /home/airflow/.local/lib/python3.7/site-packages/airflow/example_dags/example_short_circuit_operator.py
[2026-02-13T21:55:07.274+0000] {processor.py:743} INFO - Processing file /home/airflow/.local/lib/python3.7/site-packages/airflow/example_dags/example_short_circuit_operator.py for tasks to queue
[2026-02-13T21:55:07.274+0000] {logging_mixin.py:137} INFO - [2026-02-13T21:55:07.274+0000] {dagbag.py:538} INFO - Filling up the DagBag from /home/airflow/.local/lib/python3.7/site-packages/airflow/example_dags/example_short_circuit_operator.py
[2026-02-13T21:55:07.280+0000] {processor.py:753} INFO - DAG(s) dict_keys(['example_short_circuit_operator']) retrieved from /home/airflow/.local/lib/python3.7/site-packages/airflow/example_dags/example_short_circuit_operator.py
[2026-02-13T21:55:07.289+0000] {logging_mixin.py:137} INFO - [2026-02-13T21:55:07.289+0000] {dag.py:2690} INFO - Sync 1 DAGs
[2026-02-13T21:55:07.298+0000] {logging_mixin.py:137} INFO - [2026-02-13T21:55:07.298+0000] {dag.py:3441} INFO - Setting next_dagrun for example_short_circuit_operator to 2026-02-12T21:55:07.298202+00:00, run_after=2026-02-13T21:55:07.298202+00:00
[2026-02-13T21:55:07.305+0000] {processor.py:175} INFO - Processing /home/airflow/.local/lib/python3.7/site-packages/airflow/example_dags/example_short_circuit_operator.py took 0.032 seconds
[2026-02-13T21:55:37.806+0000] {processor.py:153} INFO - Started process (PID=1054) to work on /home/airflow/.local/lib/python3.7/site-packages/airflow/example_dags/example_short_circuit_operator.py
[2026-02-13T21:55:37.806+0000] {processor.py:743} INFO - Processing file /home/airflow/.local/lib/python3.7/site-packages/airflow/example_dags/example_short_circuit_operator.py for tasks to queue
[2026-02-13T21:55:37.807+0000] {logging_mixin.py:137} INFO - [2026-02-13T21:55:37.807+0000] {dagbag.py:538} INFO - Filling up the DagBag from /home/airflow/.local/lib/python3.7/site-packages/airflow/example_dags/example_short_circuit_operator.py
[2026-02-13T21:55:37.812+0000] {processor.py:753} INFO - DAG(s) dict_keys(['example_short_circuit_operator']) retrieved from /home/airflow/.local/lib/python3.7/site-packages/airflow/example_dags/example_short_circuit_operator.py
[2026-02-13T21:55:37.822+0000] {logging_mixin.py:137} INFO - [2026-02-13T21:55:37.822+0000] {dag.py:2690} INFO - Sync 1 DAGs
[2026-02-13T21:55:37.831+0000] {logging_mixin.py:137} INFO - [2026-02-13T21:55:37.831+0000] {dag.py:3441} INFO - Setting next_dagrun for example_short_circuit_operator to 2026-02-12T21:55:37.831137+00:00, run_after=2026-02-13T21:55:37.831137+00:00
[2026-02-13T21:55:37.837+0000] {processor.py:175} INFO - Processing /home/airflow/.local/lib/python3.7/site-packages/airflow/example_dags/example_short_circuit_operator.py took 0.032 seconds
[2026-02-13T21:56:08.316+0000] {processor.py:153} INFO - Started process (PID=1142) to work on /home/airflow/.local/lib/python3.7/site-packages/airflow/example_dags/example_short_circuit_operator.py
[2026-02-13T21:56:08.316+0000] {processor.py:743} INFO - Processing file /home/airflow/.local/lib/python3.7/site-packages/airflow/example_dags/example_short_circuit_operator.py for tasks to queue
[2026-02-13T21:56:08.317+0000] {logging_mixin.py:137} INFO - [2026-02-13T21:56:08.317+0000] {dagbag.py:538} INFO - Filling up the DagBag from /home/airflow/.local/lib/python3.7/site-packages/airflow/example_dags/example_short_circuit_operator.py
[2026-02-13T21:56:08.325+0000] {processor.py:753} INFO - DAG(s) dict_keys(['example_short_circuit_operator']) retrieved from /home/airflow/.local/lib/python3.7/site-packages/airflow/example_dags/example_short_circuit_operator.py
[2026-02-13T21:56:08.341+0000] {logging_mixin.py:137} INFO - [2026-02-13T21:56:08.341+0000] {dag.py:2690} INFO - Sync 1 DAGs
[2026-02-13T21:56:08.356+0000] {logging_mixin.py:137} INFO - [2026-02-13T21:56:08.356+0000] {dag.py:3441} INFO - Setting next_dagrun for example_short_circuit_operator to 2026-02-12T21:56:08.356126+00:00, run_after=2026-02-13T21:56:08.356126+00:00
[2026-02-13T21:56:08.366+0000] {processor.py:175} INFO - Processing /home/airflow/.local/lib/python3.7/site-packages/airflow/example_dags/example_short_circuit_operator.py took 0.051 seconds
[2026-02-13T21:56:39.030+0000] {processor.py:153} INFO - Started process (PID=1230) to work on /home/airflow/.local/lib/python3.7/site-packages/airflow/example_dags/example_short_circuit_operator.py
[2026-02-13T21:56:39.031+0000] {processor.py:743} INFO - Processing file /home/airflow/.local/lib/python3.7/site-packages/airflow/example_dags/example_short_circuit_operator.py for tasks to queue
[2026-02-13T21:56:39.031+0000] {logging_mixin.py:137} INFO - [2026-02-13T21:56:39.031+0000] {dagbag.py:538} INFO - Filling up the DagBag from /home/airflow/.local/lib/python3.7/site-packages/airflow/example_dags/example_short_circuit_operator.py
[2026-02-13T21:56:39.044+0000] {processor.py:753} INFO - DAG(s) dict_keys(['example_short_circuit_operator']) retrieved from /home/airflow/.local/lib/python3.7/site-packages/airflow/example_dags/example_short_circuit_operator.py
[2026-02-13T21:56:39.066+0000] {logging_mixin.py:137} INFO - [2026-02-13T21:56:39.065+0000] {dag.py:2690} INFO - Sync 1 DAGs
[2026-02-13T21:56:39.088+0000] {logging_mixin.py:137} INFO - [2026-02-13T21:56:39.088+0000] {dag.py:3441} INFO - Setting next_dagrun for example_short_circuit_operator to 2026-02-12T21:56:39.088796+00:00, run_after=2026-02-13T21:56:39.088796+00:00
[2026-02-13T21:56:39.114+0000] {processor.py:175} INFO - Processing /home/airflow/.local/lib/python3.7/site-packages/airflow/example_dags/example_short_circuit_operator.py took 0.088 seconds
[2026-02-13T22:01:03.479+0000] {processor.py:153} INFO - Started process (PID=44) to work on /home/airflow/.local/lib/python3.7/site-packages/airflow/example_dags/example_short_circuit_operator.py
[2026-02-13T22:01:03.480+0000] {processor.py:743} INFO - Processing file /home/airflow/.local/lib/python3.7/site-packages/airflow/example_dags/example_short_circuit_operator.py for tasks to queue
[2026-02-13T22:01:03.480+0000] {logging_mixin.py:137} INFO - [2026-02-13T22:01:03.480+0000] {dagbag.py:538} INFO - Filling up the DagBag from /home/airflow/.local/lib/python3.7/site-packages/airflow/example_dags/example_short_circuit_operator.py
[2026-02-13T22:01:03.489+0000] {processor.py:753} INFO - DAG(s) dict_keys(['example_short_circuit_operator']) retrieved from /home/airflow/.local/lib/python3.7/site-packages/airflow/example_dags/example_short_circuit_operator.py
[2026-02-13T22:01:03.502+0000] {logging_mixin.py:137} INFO - [2026-02-13T22:01:03.502+0000] {dag.py:2690} INFO - Sync 1 DAGs
[2026-02-13T22:01:03.517+0000] {logging_mixin.py:137} INFO - [2026-02-13T22:01:03.517+0000] {dag.py:3441} INFO - Setting next_dagrun for example_short_circuit_operator to 2026-02-12T22:01:03.517326+00:00, run_after=2026-02-13T22:01:03.517326+00:00
[2026-02-13T22:01:03.533+0000] {processor.py:175} INFO - Processing /home/airflow/.local/lib/python3.7/site-packages/airflow/example_dags/example_short_circuit_operator.py took 0.055 seconds
[2026-02-13T22:01:34.318+0000] {processor.py:153} INFO - Started process (PID=131) to work on /home/airflow/.local/lib/python3.7/site-packages/airflow/example_dags/example_short_circuit_operator.py
[2026-02-13T22:01:34.319+0000] {processor.py:743} INFO - Processing file /home/airflow/.local/lib/python3.7/site-packages/airflow/example_dags/example_short_circuit_operator.py for tasks to queue
[2026-02-13T22:01:34.320+0000] {logging_mixin.py:137} INFO - [2026-02-13T22:01:34.320+0000] {dagbag.py:538} INFO - Filling up the DagBag from /home/airflow/.local/lib/python3.7/site-packages/airflow/example_dags/example_short_circuit_operator.py
[2026-02-13T22:01:34.330+0000] {processor.py:753} INFO - DAG(s) dict_keys(['example_short_circuit_operator']) retrieved from /home/airflow/.local/lib/python3.7/site-packages/airflow/example_dags/example_short_circuit_operator.py
[2026-02-13T22:01:34.341+0000] {logging_mixin.py:137} INFO - [2026-02-13T22:01:34.341+0000] {dag.py:2690} INFO - Sync 1 DAGs
[2026-02-13T22:01:34.356+0000] {logging_mixin.py:137} INFO - [2026-02-13T22:01:34.356+0000] {dag.py:3441} INFO - Setting next_dagrun for example_short_circuit_operator to 2026-02-12T22:01:34.356431+00:00, run_after=2026-02-13T22:01:34.356431+00:00
[2026-02-13T22:01:34.372+0000] {processor.py:175} INFO - Processing /home/airflow/.local/lib/python3.7/site-packages/airflow/example_dags/example_short_circuit_operator.py took 0.055 seconds
[2026-02-13T22:02:04.861+0000] {processor.py:153} INFO - Started process (PID=221) to work on /home/airflow/.local/lib/python3.7/site-packages/airflow/example_dags/example_short_circuit_operator.py
[2026-02-13T22:02:04.862+0000] {processor.py:743} INFO - Processing file /home/airflow/.local/lib/python3.7/site-packages/airflow/example_dags/example_short_circuit_operator.py for tasks to queue
[2026-02-13T22:02:04.862+0000] {logging_mixin.py:137} INFO - [2026-02-13T22:02:04.862+0000] {dagbag.py:538} INFO - Filling up the DagBag from /home/airflow/.local/lib/python3.7/site-packages/airflow/example_dags/example_short_circuit_operator.py
[2026-02-13T22:02:04.870+0000] {processor.py:753} INFO - DAG(s) dict_keys(['example_short_circuit_operator']) retrieved from /home/airflow/.local/lib/python3.7/site-packages/airflow/example_dags/example_short_circuit_operator.py
[2026-02-13T22:02:04.882+0000] {logging_mixin.py:137} INFO - [2026-02-13T22:02:04.882+0000] {dag.py:2690} INFO - Sync 1 DAGs
[2026-02-13T22:02:04.895+0000] {logging_mixin.py:137} INFO - [2026-02-13T22:02:04.895+0000] {dag.py:3441} INFO - Setting next_dagrun for example_short_circuit_operator to 2026-02-12T22:02:04.895453+00:00, run_after=2026-02-13T22:02:04.895453+00:00
[2026-02-13T22:02:04.903+0000] {processor.py:175} INFO - Processing /home/airflow/.local/lib/python3.7/site-packages/airflow/example_dags/example_short_circuit_operator.py took 0.044 seconds
[2026-02-13T22:02:35.416+0000] {processor.py:153} INFO - Started process (PID=293) to work on /home/airflow/.local/lib/python3.7/site-packages/airflow/example_dags/example_short_circuit_operator.py
[2026-02-13T22:02:35.418+0000] {processor.py:743} INFO - Processing file /home/airflow/.local/lib/python3.7/site-packages/airflow/example_dags/example_short_circuit_operator.py for tasks to queue
[2026-02-13T22:02:35.420+0000] {logging_mixin.py:137} INFO - [2026-02-13T22:02:35.420+0000] {dagbag.py:538} INFO - Filling up the DagBag from /home/airflow/.local/lib/python3.7/site-packages/airflow/example_dags/example_short_circuit_operator.py
[2026-02-13T22:02:35.446+0000] {processor.py:753} INFO - DAG(s) dict_keys(['example_short_circuit_operator']) retrieved from /home/airflow/.local/lib/python3.7/site-packages/airflow/example_dags/example_short_circuit_operator.py
[2026-02-13T22:02:35.473+0000] {logging_mixin.py:137} INFO - [2026-02-13T22:02:35.473+0000] {dag.py:2690} INFO - Sync 1 DAGs
[2026-02-13T22:02:35.487+0000] {logging_mixin.py:137} INFO - [2026-02-13T22:02:35.487+0000] {dag.py:3441} INFO - Setting next_dagrun for example_short_circuit_operator to 2026-02-12T22:02:35.487030+00:00, run_after=2026-02-13T22:02:35.487030+00:00
[2026-02-13T22:02:35.502+0000] {processor.py:175} INFO - Processing /home/airflow/.local/lib/python3.7/site-packages/airflow/example_dags/example_short_circuit_operator.py took 0.092 seconds
[2026-02-13T22:03:29.713+0000] {processor.py:153} INFO - Started process (PID=44) to work on /home/airflow/.local/lib/python3.7/site-packages/airflow/example_dags/example_short_circuit_operator.py
[2026-02-13T22:03:29.714+0000] {processor.py:743} INFO - Processing file /home/airflow/.local/lib/python3.7/site-packages/airflow/example_dags/example_short_circuit_operator.py for tasks to queue
[2026-02-13T22:03:29.717+0000] {logging_mixin.py:137} INFO - [2026-02-13T22:03:29.717+0000] {dagbag.py:538} INFO - Filling up the DagBag from /home/airflow/.local/lib/python3.7/site-packages/airflow/example_dags/example_short_circuit_operator.py
[2026-02-13T22:03:29.727+0000] {processor.py:753} INFO - DAG(s) dict_keys(['example_short_circuit_operator']) retrieved from /home/airflow/.local/lib/python3.7/site-packages/airflow/example_dags/example_short_circuit_operator.py
[2026-02-13T22:03:29.736+0000] {logging_mixin.py:137} INFO - [2026-02-13T22:03:29.736+0000] {dag.py:2690} INFO - Sync 1 DAGs
[2026-02-13T22:03:29.749+0000] {logging_mixin.py:137} INFO - [2026-02-13T22:03:29.749+0000] {dag.py:3441} INFO - Setting next_dagrun for example_short_circuit_operator to 2026-02-12T22:03:29.749427+00:00, run_after=2026-02-13T22:03:29.749427+00:00
[2026-02-13T22:03:29.768+0000] {processor.py:175} INFO - Processing /home/airflow/.local/lib/python3.7/site-packages/airflow/example_dags/example_short_circuit_operator.py took 0.056 seconds
[2026-02-13T22:04:00.526+0000] {processor.py:153} INFO - Started process (PID=131) to work on /home/airflow/.local/lib/python3.7/site-packages/airflow/example_dags/example_short_circuit_operator.py
[2026-02-13T22:04:00.526+0000] {processor.py:743} INFO - Processing file /home/airflow/.local/lib/python3.7/site-packages/airflow/example_dags/example_short_circuit_operator.py for tasks to queue
[2026-02-13T22:04:00.526+0000] {logging_mixin.py:137} INFO - [2026-02-13T22:04:00.526+0000] {dagbag.py:538} INFO - Filling up the DagBag from /home/airflow/.local/lib/python3.7/site-packages/airflow/example_dags/example_short_circuit_operator.py
[2026-02-13T22:04:00.538+0000] {processor.py:753} INFO - DAG(s) dict_keys(['example_short_circuit_operator']) retrieved from /home/airflow/.local/lib/python3.7/site-packages/airflow/example_dags/example_short_circuit_operator.py
[2026-02-13T22:04:00.548+0000] {logging_mixin.py:137} INFO - [2026-02-13T22:04:00.548+0000] {dag.py:2690} INFO - Sync 1 DAGs
[2026-02-13T22:04:00.562+0000] {logging_mixin.py:137} INFO - [2026-02-13T22:04:00.562+0000] {dag.py:3441} INFO - Setting next_dagrun for example_short_circuit_operator to 2026-02-12T22:04:00.562519+00:00, run_after=2026-02-13T22:04:00.562519+00:00
[2026-02-13T22:04:00.575+0000] {processor.py:175} INFO - Processing /home/airflow/.local/lib/python3.7/site-packages/airflow/example_dags/example_short_circuit_operator.py took 0.051 seconds
[2026-02-13T22:04:31.519+0000] {processor.py:153} INFO - Started process (PID=203) to work on /home/airflow/.local/lib/python3.7/site-packages/airflow/example_dags/example_short_circuit_operator.py
[2026-02-13T22:04:31.519+0000] {processor.py:743} INFO - Processing file /home/airflow/.local/lib/python3.7/site-packages/airflow/example_dags/example_short_circuit_operator.py for tasks to queue
[2026-02-13T22:04:31.519+0000] {logging_mixin.py:137} INFO - [2026-02-13T22:04:31.519+0000] {dagbag.py:538} INFO - Filling up the DagBag from /home/airflow/.local/lib/python3.7/site-packages/airflow/example_dags/example_short_circuit_operator.py
[2026-02-13T22:04:31.529+0000] {processor.py:753} INFO - DAG(s) dict_keys(['example_short_circuit_operator']) retrieved from /home/airflow/.local/lib/python3.7/site-packages/airflow/example_dags/example_short_circuit_operator.py
[2026-02-13T22:04:31.549+0000] {logging_mixin.py:137} INFO - [2026-02-13T22:04:31.549+0000] {dag.py:2690} INFO - Sync 1 DAGs
[2026-02-13T22:04:31.562+0000] {logging_mixin.py:137} INFO - [2026-02-13T22:04:31.562+0000] {dag.py:3441} INFO - Setting next_dagrun for example_short_circuit_operator to 2026-02-12T22:04:31.562044+00:00, run_after=2026-02-13T22:04:31.562044+00:00
[2026-02-13T22:04:31.576+0000] {processor.py:175} INFO - Processing /home/airflow/.local/lib/python3.7/site-packages/airflow/example_dags/example_short_circuit_operator.py took 0.059 seconds
[2026-02-13T22:05:02.421+0000] {processor.py:153} INFO - Started process (PID=291) to work on /home/airflow/.local/lib/python3.7/site-packages/airflow/example_dags/example_short_circuit_operator.py
[2026-02-13T22:05:02.421+0000] {processor.py:743} INFO - Processing file /home/airflow/.local/lib/python3.7/site-packages/airflow/example_dags/example_short_circuit_operator.py for tasks to queue
[2026-02-13T22:05:02.421+0000] {logging_mixin.py:137} INFO - [2026-02-13T22:05:02.421+0000] {dagbag.py:538} INFO - Filling up the DagBag from /home/airflow/.local/lib/python3.7/site-packages/airflow/example_dags/example_short_circuit_operator.py
[2026-02-13T22:05:02.435+0000] {processor.py:753} INFO - DAG(s) dict_keys(['example_short_circuit_operator']) retrieved from /home/airflow/.local/lib/python3.7/site-packages/airflow/example_dags/example_short_circuit_operator.py
[2026-02-13T22:05:02.451+0000] {logging_mixin.py:137} INFO - [2026-02-13T22:05:02.448+0000] {dag.py:2690} INFO - Sync 1 DAGs
[2026-02-13T22:05:02.464+0000] {logging_mixin.py:137} INFO - [2026-02-13T22:05:02.464+0000] {dag.py:3441} INFO - Setting next_dagrun for example_short_circuit_operator to 2026-02-12T22:05:02.464105+00:00, run_after=2026-02-13T22:05:02.464105+00:00
[2026-02-13T22:05:02.475+0000] {processor.py:175} INFO - Processing /home/airflow/.local/lib/python3.7/site-packages/airflow/example_dags/example_short_circuit_operator.py took 0.055 seconds
[2026-02-13T22:05:32.991+0000] {processor.py:153} INFO - Started process (PID=379) to work on /home/airflow/.local/lib/python3.7/site-packages/airflow/example_dags/example_short_circuit_operator.py
[2026-02-13T22:05:32.992+0000] {processor.py:743} INFO - Processing file /home/airflow/.local/lib/python3.7/site-packages/airflow/example_dags/example_short_circuit_operator.py for tasks to queue
[2026-02-13T22:05:32.992+0000] {logging_mixin.py:137} INFO - [2026-02-13T22:05:32.992+0000] {dagbag.py:538} INFO - Filling up the DagBag from /home/airflow/.local/lib/python3.7/site-packages/airflow/example_dags/example_short_circuit_operator.py
[2026-02-13T22:05:32.999+0000] {processor.py:753} INFO - DAG(s) dict_keys(['example_short_circuit_operator']) retrieved from /home/airflow/.local/lib/python3.7/site-packages/airflow/example_dags/example_short_circuit_operator.py
[2026-02-13T22:05:33.011+0000] {logging_mixin.py:137} INFO - [2026-02-13T22:05:33.011+0000] {dag.py:2690} INFO - Sync 1 DAGs
[2026-02-13T22:05:33.021+0000] {logging_mixin.py:137} INFO - [2026-02-13T22:05:33.021+0000] {dag.py:3441} INFO - Setting next_dagrun for example_short_circuit_operator to 2026-02-12T22:05:33.021612+00:00, run_after=2026-02-13T22:05:33.021612+00:00
[2026-02-13T22:05:33.028+0000] {processor.py:175} INFO - Processing /home/airflow/.local/lib/python3.7/site-packages/airflow/example_dags/example_short_circuit_operator.py took 0.038 seconds
[2026-02-13T22:06:32.827+0000] {processor.py:153} INFO - Started process (PID=46) to work on /home/airflow/.local/lib/python3.7/site-packages/airflow/example_dags/example_short_circuit_operator.py
[2026-02-13T22:06:32.829+0000] {processor.py:743} INFO - Processing file /home/airflow/.local/lib/python3.7/site-packages/airflow/example_dags/example_short_circuit_operator.py for tasks to queue
[2026-02-13T22:06:32.829+0000] {logging_mixin.py:137} INFO - [2026-02-13T22:06:32.829+0000] {dagbag.py:538} INFO - Filling up the DagBag from /home/airflow/.local/lib/python3.7/site-packages/airflow/example_dags/example_short_circuit_operator.py
[2026-02-13T22:06:32.845+0000] {processor.py:753} INFO - DAG(s) dict_keys(['example_short_circuit_operator']) retrieved from /home/airflow/.local/lib/python3.7/site-packages/airflow/example_dags/example_short_circuit_operator.py
[2026-02-13T22:06:32.854+0000] {logging_mixin.py:137} INFO - [2026-02-13T22:06:32.854+0000] {dag.py:2690} INFO - Sync 1 DAGs
[2026-02-13T22:06:32.871+0000] {logging_mixin.py:137} INFO - [2026-02-13T22:06:32.870+0000] {dag.py:3441} INFO - Setting next_dagrun for example_short_circuit_operator to 2026-02-12T22:06:32.870844+00:00, run_after=2026-02-13T22:06:32.870844+00:00
[2026-02-13T22:06:32.885+0000] {processor.py:175} INFO - Processing /home/airflow/.local/lib/python3.7/site-packages/airflow/example_dags/example_short_circuit_operator.py took 0.061 seconds
[2026-02-13T22:07:03.879+0000] {processor.py:153} INFO - Started process (PID=135) to work on /home/airflow/.local/lib/python3.7/site-packages/airflow/example_dags/example_short_circuit_operator.py
[2026-02-13T22:07:03.880+0000] {processor.py:743} INFO - Processing file /home/airflow/.local/lib/python3.7/site-packages/airflow/example_dags/example_short_circuit_operator.py for tasks to queue
[2026-02-13T22:07:03.880+0000] {logging_mixin.py:137} INFO - [2026-02-13T22:07:03.880+0000] {dagbag.py:538} INFO - Filling up the DagBag from /home/airflow/.local/lib/python3.7/site-packages/airflow/example_dags/example_short_circuit_operator.py
[2026-02-13T22:07:03.890+0000] {processor.py:753} INFO - DAG(s) dict_keys(['example_short_circuit_operator']) retrieved from /home/airflow/.local/lib/python3.7/site-packages/airflow/example_dags/example_short_circuit_operator.py
[2026-02-13T22:07:03.915+0000] {logging_mixin.py:137} INFO - [2026-02-13T22:07:03.915+0000] {dag.py:2690} INFO - Sync 1 DAGs
[2026-02-13T22:07:03.935+0000] {logging_mixin.py:137} INFO - [2026-02-13T22:07:03.935+0000] {dag.py:3441} INFO - Setting next_dagrun for example_short_circuit_operator to 2026-02-12T22:07:03.935473+00:00, run_after=2026-02-13T22:07:03.935473+00:00
[2026-02-13T22:07:03.970+0000] {processor.py:175} INFO - Processing /home/airflow/.local/lib/python3.7/site-packages/airflow/example_dags/example_short_circuit_operator.py took 0.093 seconds
[2026-02-13T22:07:34.043+0000] {processor.py:153} INFO - Started process (PID=222) to work on /home/airflow/.local/lib/python3.7/site-packages/airflow/example_dags/example_short_circuit_operator.py
[2026-02-13T22:07:34.043+0000] {processor.py:743} INFO - Processing file /home/airflow/.local/lib/python3.7/site-packages/airflow/example_dags/example_short_circuit_operator.py for tasks to queue
[2026-02-13T22:07:34.044+0000] {logging_mixin.py:137} INFO - [2026-02-13T22:07:34.044+0000] {dagbag.py:538} INFO - Filling up the DagBag from /home/airflow/.local/lib/python3.7/site-packages/airflow/example_dags/example_short_circuit_operator.py
[2026-02-13T22:07:34.055+0000] {processor.py:753} INFO - DAG(s) dict_keys(['example_short_circuit_operator']) retrieved from /home/airflow/.local/lib/python3.7/site-packages/airflow/example_dags/example_short_circuit_operator.py
[2026-02-13T22:07:34.066+0000] {logging_mixin.py:137} INFO - [2026-02-13T22:07:34.066+0000] {dag.py:2690} INFO - Sync 1 DAGs
[2026-02-13T22:07:34.077+0000] {logging_mixin.py:137} INFO - [2026-02-13T22:07:34.077+0000] {dag.py:3441} INFO - Setting next_dagrun for example_short_circuit_operator to 2026-02-12T22:07:34.077710+00:00, run_after=2026-02-13T22:07:34.077710+00:00
[2026-02-13T22:07:34.085+0000] {processor.py:175} INFO - Processing /home/airflow/.local/lib/python3.7/site-packages/airflow/example_dags/example_short_circuit_operator.py took 0.045 seconds
[2026-02-13T22:08:04.951+0000] {processor.py:153} INFO - Started process (PID=297) to work on /home/airflow/.local/lib/python3.7/site-packages/airflow/example_dags/example_short_circuit_operator.py
[2026-02-13T22:08:04.951+0000] {processor.py:743} INFO - Processing file /home/airflow/.local/lib/python3.7/site-packages/airflow/example_dags/example_short_circuit_operator.py for tasks to queue
[2026-02-13T22:08:04.951+0000] {logging_mixin.py:137} INFO - [2026-02-13T22:08:04.951+0000] {dagbag.py:538} INFO - Filling up the DagBag from /home/airflow/.local/lib/python3.7/site-packages/airflow/example_dags/example_short_circuit_operator.py
[2026-02-13T22:08:04.960+0000] {processor.py:753} INFO - DAG(s) dict_keys(['example_short_circuit_operator']) retrieved from /home/airflow/.local/lib/python3.7/site-packages/airflow/example_dags/example_short_circuit_operator.py
[2026-02-13T22:08:04.976+0000] {logging_mixin.py:137} INFO - [2026-02-13T22:08:04.976+0000] {dag.py:2690} INFO - Sync 1 DAGs
[2026-02-13T22:08:04.989+0000] {logging_mixin.py:137} INFO - [2026-02-13T22:08:04.989+0000] {dag.py:3441} INFO - Setting next_dagrun for example_short_circuit_operator to 2026-02-12T22:08:04.989489+00:00, run_after=2026-02-13T22:08:04.989489+00:00
[2026-02-13T22:08:05.001+0000] {processor.py:175} INFO - Processing /home/airflow/.local/lib/python3.7/site-packages/airflow/example_dags/example_short_circuit_operator.py took 0.051 seconds
[2026-02-13T22:08:35.702+0000] {processor.py:153} INFO - Started process (PID=386) to work on /home/airflow/.local/lib/python3.7/site-packages/airflow/example_dags/example_short_circuit_operator.py
[2026-02-13T22:08:35.703+0000] {processor.py:743} INFO - Processing file /home/airflow/.local/lib/python3.7/site-packages/airflow/example_dags/example_short_circuit_operator.py for tasks to queue
[2026-02-13T22:08:35.703+0000] {logging_mixin.py:137} INFO - [2026-02-13T22:08:35.703+0000] {dagbag.py:538} INFO - Filling up the DagBag from /home/airflow/.local/lib/python3.7/site-packages/airflow/example_dags/example_short_circuit_operator.py
[2026-02-13T22:08:35.713+0000] {processor.py:753} INFO - DAG(s) dict_keys(['example_short_circuit_operator']) retrieved from /home/airflow/.local/lib/python3.7/site-packages/airflow/example_dags/example_short_circuit_operator.py
[2026-02-13T22:08:35.727+0000] {logging_mixin.py:137} INFO - [2026-02-13T22:08:35.726+0000] {dag.py:2690} INFO - Sync 1 DAGs
[2026-02-13T22:08:35.739+0000] {logging_mixin.py:137} INFO - [2026-02-13T22:08:35.739+0000] {dag.py:3441} INFO - Setting next_dagrun for example_short_circuit_operator to 2026-02-12T22:08:35.738959+00:00, run_after=2026-02-13T22:08:35.738959+00:00
[2026-02-13T22:08:35.747+0000] {processor.py:175} INFO - Processing /home/airflow/.local/lib/python3.7/site-packages/airflow/example_dags/example_short_circuit_operator.py took 0.047 seconds
[2026-02-13T22:09:06.388+0000] {processor.py:153} INFO - Started process (PID=475) to work on /home/airflow/.local/lib/python3.7/site-packages/airflow/example_dags/example_short_circuit_operator.py
[2026-02-13T22:09:06.388+0000] {processor.py:743} INFO - Processing file /home/airflow/.local/lib/python3.7/site-packages/airflow/example_dags/example_short_circuit_operator.py for tasks to queue
[2026-02-13T22:09:06.389+0000] {logging_mixin.py:137} INFO - [2026-02-13T22:09:06.389+0000] {dagbag.py:538} INFO - Filling up the DagBag from /home/airflow/.local/lib/python3.7/site-packages/airflow/example_dags/example_short_circuit_operator.py
[2026-02-13T22:09:06.397+0000] {processor.py:753} INFO - DAG(s) dict_keys(['example_short_circuit_operator']) retrieved from /home/airflow/.local/lib/python3.7/site-packages/airflow/example_dags/example_short_circuit_operator.py
[2026-02-13T22:09:06.409+0000] {logging_mixin.py:137} INFO - [2026-02-13T22:09:06.409+0000] {dag.py:2690} INFO - Sync 1 DAGs
[2026-02-13T22:09:06.421+0000] {logging_mixin.py:137} INFO - [2026-02-13T22:09:06.421+0000] {dag.py:3441} INFO - Setting next_dagrun for example_short_circuit_operator to 2026-02-12T22:09:06.421255+00:00, run_after=2026-02-13T22:09:06.421255+00:00
[2026-02-13T22:09:06.429+0000] {processor.py:175} INFO - Processing /home/airflow/.local/lib/python3.7/site-packages/airflow/example_dags/example_short_circuit_operator.py took 0.042 seconds
[2026-02-13T22:09:36.969+0000] {processor.py:153} INFO - Started process (PID=563) to work on /home/airflow/.local/lib/python3.7/site-packages/airflow/example_dags/example_short_circuit_operator.py
[2026-02-13T22:09:36.970+0000] {processor.py:743} INFO - Processing file /home/airflow/.local/lib/python3.7/site-packages/airflow/example_dags/example_short_circuit_operator.py for tasks to queue
[2026-02-13T22:09:36.970+0000] {logging_mixin.py:137} INFO - [2026-02-13T22:09:36.970+0000] {dagbag.py:538} INFO - Filling up the DagBag from /home/airflow/.local/lib/python3.7/site-packages/airflow/example_dags/example_short_circuit_operator.py
[2026-02-13T22:09:36.977+0000] {processor.py:753} INFO - DAG(s) dict_keys(['example_short_circuit_operator']) retrieved from /home/airflow/.local/lib/python3.7/site-packages/airflow/example_dags/example_short_circuit_operator.py
[2026-02-13T22:09:36.989+0000] {logging_mixin.py:137} INFO - [2026-02-13T22:09:36.989+0000] {dag.py:2690} INFO - Sync 1 DAGs
[2026-02-13T22:09:37.000+0000] {logging_mixin.py:137} INFO - [2026-02-13T22:09:37.000+0000] {dag.py:3441} INFO - Setting next_dagrun for example_short_circuit_operator to 2026-02-12T22:09:37.000371+00:00, run_after=2026-02-13T22:09:37.000371+00:00
[2026-02-13T22:09:37.008+0000] {processor.py:175} INFO - Processing /home/airflow/.local/lib/python3.7/site-packages/airflow/example_dags/example_short_circuit_operator.py took 0.040 seconds
[2026-02-13T22:10:07.571+0000] {processor.py:153} INFO - Started process (PID=636) to work on /home/airflow/.local/lib/python3.7/site-packages/airflow/example_dags/example_short_circuit_operator.py
[2026-02-13T22:10:07.572+0000] {processor.py:743} INFO - Processing file /home/airflow/.local/lib/python3.7/site-packages/airflow/example_dags/example_short_circuit_operator.py for tasks to queue
[2026-02-13T22:10:07.572+0000] {logging_mixin.py:137} INFO - [2026-02-13T22:10:07.572+0000] {dagbag.py:538} INFO - Filling up the DagBag from /home/airflow/.local/lib/python3.7/site-packages/airflow/example_dags/example_short_circuit_operator.py
[2026-02-13T22:10:07.580+0000] {processor.py:753} INFO - DAG(s) dict_keys(['example_short_circuit_operator']) retrieved from /home/airflow/.local/lib/python3.7/site-packages/airflow/example_dags/example_short_circuit_operator.py
[2026-02-13T22:10:07.595+0000] {logging_mixin.py:137} INFO - [2026-02-13T22:10:07.595+0000] {dag.py:2690} INFO - Sync 1 DAGs
[2026-02-13T22:10:07.610+0000] {logging_mixin.py:137} INFO - [2026-02-13T22:10:07.610+0000] {dag.py:3441} INFO - Setting next_dagrun for example_short_circuit_operator to 2026-02-12T22:10:07.610241+00:00, run_after=2026-02-13T22:10:07.610241+00:00
[2026-02-13T22:10:07.619+0000] {processor.py:175} INFO - Processing /home/airflow/.local/lib/python3.7/site-packages/airflow/example_dags/example_short_circuit_operator.py took 0.049 seconds
[2026-02-13T22:10:38.225+0000] {processor.py:153} INFO - Started process (PID=724) to work on /home/airflow/.local/lib/python3.7/site-packages/airflow/example_dags/example_short_circuit_operator.py
[2026-02-13T22:10:38.226+0000] {processor.py:743} INFO - Processing file /home/airflow/.local/lib/python3.7/site-packages/airflow/example_dags/example_short_circuit_operator.py for tasks to queue
[2026-02-13T22:10:38.226+0000] {logging_mixin.py:137} INFO - [2026-02-13T22:10:38.226+0000] {dagbag.py:538} INFO - Filling up the DagBag from /home/airflow/.local/lib/python3.7/site-packages/airflow/example_dags/example_short_circuit_operator.py
[2026-02-13T22:10:38.234+0000] {processor.py:753} INFO - DAG(s) dict_keys(['example_short_circuit_operator']) retrieved from /home/airflow/.local/lib/python3.7/site-packages/airflow/example_dags/example_short_circuit_operator.py
[2026-02-13T22:10:38.247+0000] {logging_mixin.py:137} INFO - [2026-02-13T22:10:38.247+0000] {dag.py:2690} INFO - Sync 1 DAGs
[2026-02-13T22:10:38.259+0000] {logging_mixin.py:137} INFO - [2026-02-13T22:10:38.259+0000] {dag.py:3441} INFO - Setting next_dagrun for example_short_circuit_operator to 2026-02-12T22:10:38.259453+00:00, run_after=2026-02-13T22:10:38.259453+00:00
[2026-02-13T22:10:38.269+0000] {processor.py:175} INFO - Processing /home/airflow/.local/lib/python3.7/site-packages/airflow/example_dags/example_short_circuit_operator.py took 0.045 seconds
[2026-02-13T22:11:08.742+0000] {processor.py:153} INFO - Started process (PID=813) to work on /home/airflow/.local/lib/python3.7/site-packages/airflow/example_dags/example_short_circuit_operator.py
[2026-02-13T22:11:08.742+0000] {processor.py:743} INFO - Processing file /home/airflow/.local/lib/python3.7/site-packages/airflow/example_dags/example_short_circuit_operator.py for tasks to queue
[2026-02-13T22:11:08.743+0000] {logging_mixin.py:137} INFO - [2026-02-13T22:11:08.743+0000] {dagbag.py:538} INFO - Filling up the DagBag from /home/airflow/.local/lib/python3.7/site-packages/airflow/example_dags/example_short_circuit_operator.py
[2026-02-13T22:11:08.752+0000] {processor.py:753} INFO - DAG(s) dict_keys(['example_short_circuit_operator']) retrieved from /home/airflow/.local/lib/python3.7/site-packages/airflow/example_dags/example_short_circuit_operator.py
[2026-02-13T22:11:08.766+0000] {logging_mixin.py:137} INFO - [2026-02-13T22:11:08.766+0000] {dag.py:2690} INFO - Sync 1 DAGs
[2026-02-13T22:11:08.784+0000] {logging_mixin.py:137} INFO - [2026-02-13T22:11:08.784+0000] {dag.py:3441} INFO - Setting next_dagrun for example_short_circuit_operator to 2026-02-12T22:11:08.784659+00:00, run_after=2026-02-13T22:11:08.784659+00:00
[2026-02-13T22:11:08.794+0000] {processor.py:175} INFO - Processing /home/airflow/.local/lib/python3.7/site-packages/airflow/example_dags/example_short_circuit_operator.py took 0.054 seconds
[2026-02-13T22:11:39.399+0000] {processor.py:153} INFO - Started process (PID=901) to work on /home/airflow/.local/lib/python3.7/site-packages/airflow/example_dags/example_short_circuit_operator.py
[2026-02-13T22:11:39.401+0000] {processor.py:743} INFO - Processing file /home/airflow/.local/lib/python3.7/site-packages/airflow/example_dags/example_short_circuit_operator.py for tasks to queue
[2026-02-13T22:11:39.401+0000] {logging_mixin.py:137} INFO - [2026-02-13T22:11:39.401+0000] {dagbag.py:538} INFO - Filling up the DagBag from /home/airflow/.local/lib/python3.7/site-packages/airflow/example_dags/example_short_circuit_operator.py
[2026-02-13T22:11:39.409+0000] {processor.py:753} INFO - DAG(s) dict_keys(['example_short_circuit_operator']) retrieved from /home/airflow/.local/lib/python3.7/site-packages/airflow/example_dags/example_short_circuit_operator.py
[2026-02-13T22:11:39.422+0000] {logging_mixin.py:137} INFO - [2026-02-13T22:11:39.422+0000] {dag.py:2690} INFO - Sync 1 DAGs
[2026-02-13T22:11:39.435+0000] {logging_mixin.py:137} INFO - [2026-02-13T22:11:39.435+0000] {dag.py:3441} INFO - Setting next_dagrun for example_short_circuit_operator to 2026-02-12T22:11:39.435187+00:00, run_after=2026-02-13T22:11:39.435187+00:00
[2026-02-13T22:11:39.443+0000] {processor.py:175} INFO - Processing /home/airflow/.local/lib/python3.7/site-packages/airflow/example_dags/example_short_circuit_operator.py took 0.046 seconds
[2026-02-13T22:12:09.952+0000] {processor.py:153} INFO - Started process (PID=974) to work on /home/airflow/.local/lib/python3.7/site-packages/airflow/example_dags/example_short_circuit_operator.py
[2026-02-13T22:12:09.952+0000] {processor.py:743} INFO - Processing file /home/airflow/.local/lib/python3.7/site-packages/airflow/example_dags/example_short_circuit_operator.py for tasks to queue
[2026-02-13T22:12:09.953+0000] {logging_mixin.py:137} INFO - [2026-02-13T22:12:09.953+0000] {dagbag.py:538} INFO - Filling up the DagBag from /home/airflow/.local/lib/python3.7/site-packages/airflow/example_dags/example_short_circuit_operator.py
[2026-02-13T22:12:09.961+0000] {processor.py:753} INFO - DAG(s) dict_keys(['example_short_circuit_operator']) retrieved from /home/airflow/.local/lib/python3.7/site-packages/airflow/example_dags/example_short_circuit_operator.py
[2026-02-13T22:12:09.976+0000] {logging_mixin.py:137} INFO - [2026-02-13T22:12:09.976+0000] {dag.py:2690} INFO - Sync 1 DAGs
[2026-02-13T22:12:09.989+0000] {logging_mixin.py:137} INFO - [2026-02-13T22:12:09.989+0000] {dag.py:3441} INFO - Setting next_dagrun for example_short_circuit_operator to 2026-02-12T22:12:09.988948+00:00, run_after=2026-02-13T22:12:09.988948+00:00
[2026-02-13T22:12:09.999+0000] {processor.py:175} INFO - Processing /home/airflow/.local/lib/python3.7/site-packages/airflow/example_dags/example_short_circuit_operator.py took 0.049 seconds
[2026-02-13T22:12:40.585+0000] {processor.py:153} INFO - Started process (PID=1063) to work on /home/airflow/.local/lib/python3.7/site-packages/airflow/example_dags/example_short_circuit_operator.py
[2026-02-13T22:12:40.586+0000] {processor.py:743} INFO - Processing file /home/airflow/.local/lib/python3.7/site-packages/airflow/example_dags/example_short_circuit_operator.py for tasks to queue
[2026-02-13T22:12:40.586+0000] {logging_mixin.py:137} INFO - [2026-02-13T22:12:40.586+0000] {dagbag.py:538} INFO - Filling up the DagBag from /home/airflow/.local/lib/python3.7/site-packages/airflow/example_dags/example_short_circuit_operator.py
[2026-02-13T22:12:40.596+0000] {processor.py:753} INFO - DAG(s) dict_keys(['example_short_circuit_operator']) retrieved from /home/airflow/.local/lib/python3.7/site-packages/airflow/example_dags/example_short_circuit_operator.py
[2026-02-13T22:12:40.612+0000] {logging_mixin.py:137} INFO - [2026-02-13T22:12:40.612+0000] {dag.py:2690} INFO - Sync 1 DAGs
[2026-02-13T22:12:40.624+0000] {logging_mixin.py:137} INFO - [2026-02-13T22:12:40.624+0000] {dag.py:3441} INFO - Setting next_dagrun for example_short_circuit_operator to 2026-02-12T22:12:40.624688+00:00, run_after=2026-02-13T22:12:40.624688+00:00
[2026-02-13T22:12:40.633+0000] {processor.py:175} INFO - Processing /home/airflow/.local/lib/python3.7/site-packages/airflow/example_dags/example_short_circuit_operator.py took 0.050 seconds
[2026-02-13T22:20:56.712+0000] {processor.py:153} INFO - Started process (PID=85) to work on /home/airflow/.local/lib/python3.7/site-packages/airflow/example_dags/example_short_circuit_operator.py
[2026-02-13T22:20:56.713+0000] {processor.py:743} INFO - Processing file /home/airflow/.local/lib/python3.7/site-packages/airflow/example_dags/example_short_circuit_operator.py for tasks to queue
[2026-02-13T22:20:56.714+0000] {logging_mixin.py:137} INFO - [2026-02-13T22:20:56.714+0000] {dagbag.py:538} INFO - Filling up the DagBag from /home/airflow/.local/lib/python3.7/site-packages/airflow/example_dags/example_short_circuit_operator.py
[2026-02-13T22:20:56.722+0000] {processor.py:753} INFO - DAG(s) dict_keys(['example_short_circuit_operator']) retrieved from /home/airflow/.local/lib/python3.7/site-packages/airflow/example_dags/example_short_circuit_operator.py
[2026-02-13T22:20:56.730+0000] {logging_mixin.py:137} INFO - [2026-02-13T22:20:56.730+0000] {dag.py:2690} INFO - Sync 1 DAGs
[2026-02-13T22:20:56.747+0000] {logging_mixin.py:137} INFO - [2026-02-13T22:20:56.747+0000] {dag.py:3441} INFO - Setting next_dagrun for example_short_circuit_operator to 2026-02-12T22:20:56.746980+00:00, run_after=2026-02-13T22:20:56.746980+00:00
[2026-02-13T22:20:56.754+0000] {processor.py:175} INFO - Processing /home/airflow/.local/lib/python3.7/site-packages/airflow/example_dags/example_short_circuit_operator.py took 0.044 seconds
[2026-02-13T22:21:27.676+0000] {processor.py:153} INFO - Started process (PID=158) to work on /home/airflow/.local/lib/python3.7/site-packages/airflow/example_dags/example_short_circuit_operator.py
[2026-02-13T22:21:27.677+0000] {processor.py:743} INFO - Processing file /home/airflow/.local/lib/python3.7/site-packages/airflow/example_dags/example_short_circuit_operator.py for tasks to queue
[2026-02-13T22:21:27.677+0000] {logging_mixin.py:137} INFO - [2026-02-13T22:21:27.677+0000] {dagbag.py:538} INFO - Filling up the DagBag from /home/airflow/.local/lib/python3.7/site-packages/airflow/example_dags/example_short_circuit_operator.py
[2026-02-13T22:21:27.684+0000] {processor.py:753} INFO - DAG(s) dict_keys(['example_short_circuit_operator']) retrieved from /home/airflow/.local/lib/python3.7/site-packages/airflow/example_dags/example_short_circuit_operator.py
[2026-02-13T22:21:27.695+0000] {logging_mixin.py:137} INFO - [2026-02-13T22:21:27.695+0000] {dag.py:2690} INFO - Sync 1 DAGs
[2026-02-13T22:21:27.705+0000] {logging_mixin.py:137} INFO - [2026-02-13T22:21:27.705+0000] {dag.py:3441} INFO - Setting next_dagrun for example_short_circuit_operator to 2026-02-12T22:21:27.705590+00:00, run_after=2026-02-13T22:21:27.705590+00:00
[2026-02-13T22:21:27.714+0000] {processor.py:175} INFO - Processing /home/airflow/.local/lib/python3.7/site-packages/airflow/example_dags/example_short_circuit_operator.py took 0.039 seconds
[2026-02-13T22:21:58.596+0000] {processor.py:153} INFO - Started process (PID=248) to work on /home/airflow/.local/lib/python3.7/site-packages/airflow/example_dags/example_short_circuit_operator.py
[2026-02-13T22:21:58.597+0000] {processor.py:743} INFO - Processing file /home/airflow/.local/lib/python3.7/site-packages/airflow/example_dags/example_short_circuit_operator.py for tasks to queue
[2026-02-13T22:21:58.597+0000] {logging_mixin.py:137} INFO - [2026-02-13T22:21:58.597+0000] {dagbag.py:538} INFO - Filling up the DagBag from /home/airflow/.local/lib/python3.7/site-packages/airflow/example_dags/example_short_circuit_operator.py
[2026-02-13T22:21:58.604+0000] {processor.py:753} INFO - DAG(s) dict_keys(['example_short_circuit_operator']) retrieved from /home/airflow/.local/lib/python3.7/site-packages/airflow/example_dags/example_short_circuit_operator.py
[2026-02-13T22:21:58.616+0000] {logging_mixin.py:137} INFO - [2026-02-13T22:21:58.616+0000] {dag.py:2690} INFO - Sync 1 DAGs
[2026-02-13T22:21:58.627+0000] {logging_mixin.py:137} INFO - [2026-02-13T22:21:58.627+0000] {dag.py:3441} INFO - Setting next_dagrun for example_short_circuit_operator to 2026-02-12T22:21:58.627179+00:00, run_after=2026-02-13T22:21:58.627179+00:00
[2026-02-13T22:21:58.639+0000] {processor.py:175} INFO - Processing /home/airflow/.local/lib/python3.7/site-packages/airflow/example_dags/example_short_circuit_operator.py took 0.045 seconds
[2026-02-13T22:22:29.370+0000] {processor.py:153} INFO - Started process (PID=338) to work on /home/airflow/.local/lib/python3.7/site-packages/airflow/example_dags/example_short_circuit_operator.py
[2026-02-13T22:22:29.370+0000] {processor.py:743} INFO - Processing file /home/airflow/.local/lib/python3.7/site-packages/airflow/example_dags/example_short_circuit_operator.py for tasks to queue
[2026-02-13T22:22:29.371+0000] {logging_mixin.py:137} INFO - [2026-02-13T22:22:29.370+0000] {dagbag.py:538} INFO - Filling up the DagBag from /home/airflow/.local/lib/python3.7/site-packages/airflow/example_dags/example_short_circuit_operator.py
[2026-02-13T22:22:29.381+0000] {processor.py:753} INFO - DAG(s) dict_keys(['example_short_circuit_operator']) retrieved from /home/airflow/.local/lib/python3.7/site-packages/airflow/example_dags/example_short_circuit_operator.py
[2026-02-13T22:22:29.396+0000] {logging_mixin.py:137} INFO - [2026-02-13T22:22:29.396+0000] {dag.py:2690} INFO - Sync 1 DAGs
[2026-02-13T22:22:29.407+0000] {logging_mixin.py:137} INFO - [2026-02-13T22:22:29.407+0000] {dag.py:3441} INFO - Setting next_dagrun for example_short_circuit_operator to 2026-02-12T22:22:29.407797+00:00, run_after=2026-02-13T22:22:29.407797+00:00
[2026-02-13T22:22:29.415+0000] {processor.py:175} INFO - Processing /home/airflow/.local/lib/python3.7/site-packages/airflow/example_dags/example_short_circuit_operator.py took 0.047 seconds
[2026-02-13T22:23:00.011+0000] {processor.py:153} INFO - Started process (PID=427) to work on /home/airflow/.local/lib/python3.7/site-packages/airflow/example_dags/example_short_circuit_operator.py
[2026-02-13T22:23:00.013+0000] {processor.py:743} INFO - Processing file /home/airflow/.local/lib/python3.7/site-packages/airflow/example_dags/example_short_circuit_operator.py for tasks to queue
[2026-02-13T22:23:00.013+0000] {logging_mixin.py:137} INFO - [2026-02-13T22:23:00.013+0000] {dagbag.py:538} INFO - Filling up the DagBag from /home/airflow/.local/lib/python3.7/site-packages/airflow/example_dags/example_short_circuit_operator.py
[2026-02-13T22:23:00.020+0000] {processor.py:753} INFO - DAG(s) dict_keys(['example_short_circuit_operator']) retrieved from /home/airflow/.local/lib/python3.7/site-packages/airflow/example_dags/example_short_circuit_operator.py
[2026-02-13T22:23:00.031+0000] {logging_mixin.py:137} INFO - [2026-02-13T22:23:00.031+0000] {dag.py:2690} INFO - Sync 1 DAGs
[2026-02-13T22:23:00.050+0000] {logging_mixin.py:137} INFO - [2026-02-13T22:23:00.050+0000] {dag.py:3441} INFO - Setting next_dagrun for example_short_circuit_operator to 2026-02-12T22:23:00.050493+00:00, run_after=2026-02-13T22:23:00.050493+00:00
[2026-02-13T22:23:00.058+0000] {processor.py:175} INFO - Processing /home/airflow/.local/lib/python3.7/site-packages/airflow/example_dags/example_short_circuit_operator.py took 0.049 seconds
[2026-02-13T22:23:30.766+0000] {processor.py:153} INFO - Started process (PID=500) to work on /home/airflow/.local/lib/python3.7/site-packages/airflow/example_dags/example_short_circuit_operator.py
[2026-02-13T22:23:30.767+0000] {processor.py:743} INFO - Processing file /home/airflow/.local/lib/python3.7/site-packages/airflow/example_dags/example_short_circuit_operator.py for tasks to queue
[2026-02-13T22:23:30.767+0000] {logging_mixin.py:137} INFO - [2026-02-13T22:23:30.767+0000] {dagbag.py:538} INFO - Filling up the DagBag from /home/airflow/.local/lib/python3.7/site-packages/airflow/example_dags/example_short_circuit_operator.py
[2026-02-13T22:23:30.777+0000] {processor.py:753} INFO - DAG(s) dict_keys(['example_short_circuit_operator']) retrieved from /home/airflow/.local/lib/python3.7/site-packages/airflow/example_dags/example_short_circuit_operator.py
[2026-02-13T22:23:30.790+0000] {logging_mixin.py:137} INFO - [2026-02-13T22:23:30.790+0000] {dag.py:2690} INFO - Sync 1 DAGs
[2026-02-13T22:23:30.802+0000] {logging_mixin.py:137} INFO - [2026-02-13T22:23:30.802+0000] {dag.py:3441} INFO - Setting next_dagrun for example_short_circuit_operator to 2026-02-12T22:23:30.802293+00:00, run_after=2026-02-13T22:23:30.802293+00:00
[2026-02-13T22:23:30.810+0000] {processor.py:175} INFO - Processing /home/airflow/.local/lib/python3.7/site-packages/airflow/example_dags/example_short_circuit_operator.py took 0.046 seconds
[2026-02-13T22:24:01.405+0000] {processor.py:153} INFO - Started process (PID=588) to work on /home/airflow/.local/lib/python3.7/site-packages/airflow/example_dags/example_short_circuit_operator.py
[2026-02-13T22:24:01.405+0000] {processor.py:743} INFO - Processing file /home/airflow/.local/lib/python3.7/site-packages/airflow/example_dags/example_short_circuit_operator.py for tasks to queue
[2026-02-13T22:24:01.405+0000] {logging_mixin.py:137} INFO - [2026-02-13T22:24:01.405+0000] {dagbag.py:538} INFO - Filling up the DagBag from /home/airflow/.local/lib/python3.7/site-packages/airflow/example_dags/example_short_circuit_operator.py
[2026-02-13T22:24:01.412+0000] {processor.py:753} INFO - DAG(s) dict_keys(['example_short_circuit_operator']) retrieved from /home/airflow/.local/lib/python3.7/site-packages/airflow/example_dags/example_short_circuit_operator.py
[2026-02-13T22:24:01.422+0000] {logging_mixin.py:137} INFO - [2026-02-13T22:24:01.422+0000] {dag.py:2690} INFO - Sync 1 DAGs
[2026-02-13T22:24:01.431+0000] {logging_mixin.py:137} INFO - [2026-02-13T22:24:01.431+0000] {dag.py:3441} INFO - Setting next_dagrun for example_short_circuit_operator to 2026-02-12T22:24:01.431799+00:00, run_after=2026-02-13T22:24:01.431799+00:00
[2026-02-13T22:24:01.440+0000] {processor.py:175} INFO - Processing /home/airflow/.local/lib/python3.7/site-packages/airflow/example_dags/example_short_circuit_operator.py took 0.036 seconds
[2026-02-13T22:24:32.159+0000] {processor.py:153} INFO - Started process (PID=677) to work on /home/airflow/.local/lib/python3.7/site-packages/airflow/example_dags/example_short_circuit_operator.py
[2026-02-13T22:24:32.160+0000] {processor.py:743} INFO - Processing file /home/airflow/.local/lib/python3.7/site-packages/airflow/example_dags/example_short_circuit_operator.py for tasks to queue
[2026-02-13T22:24:32.160+0000] {logging_mixin.py:137} INFO - [2026-02-13T22:24:32.160+0000] {dagbag.py:538} INFO - Filling up the DagBag from /home/airflow/.local/lib/python3.7/site-packages/airflow/example_dags/example_short_circuit_operator.py
[2026-02-13T22:24:32.171+0000] {processor.py:753} INFO - DAG(s) dict_keys(['example_short_circuit_operator']) retrieved from /home/airflow/.local/lib/python3.7/site-packages/airflow/example_dags/example_short_circuit_operator.py
[2026-02-13T22:24:32.187+0000] {logging_mixin.py:137} INFO - [2026-02-13T22:24:32.187+0000] {dag.py:2690} INFO - Sync 1 DAGs
[2026-02-13T22:24:32.199+0000] {logging_mixin.py:137} INFO - [2026-02-13T22:24:32.199+0000] {dag.py:3441} INFO - Setting next_dagrun for example_short_circuit_operator to 2026-02-12T22:24:32.199143+00:00, run_after=2026-02-13T22:24:32.199143+00:00
[2026-02-13T22:24:32.212+0000] {processor.py:175} INFO - Processing /home/airflow/.local/lib/python3.7/site-packages/airflow/example_dags/example_short_circuit_operator.py took 0.055 seconds
[2026-02-13T22:25:02.820+0000] {processor.py:153} INFO - Started process (PID=766) to work on /home/airflow/.local/lib/python3.7/site-packages/airflow/example_dags/example_short_circuit_operator.py
[2026-02-13T22:25:02.820+0000] {processor.py:743} INFO - Processing file /home/airflow/.local/lib/python3.7/site-packages/airflow/example_dags/example_short_circuit_operator.py for tasks to queue
[2026-02-13T22:25:02.821+0000] {logging_mixin.py:137} INFO - [2026-02-13T22:25:02.821+0000] {dagbag.py:538} INFO - Filling up the DagBag from /home/airflow/.local/lib/python3.7/site-packages/airflow/example_dags/example_short_circuit_operator.py
[2026-02-13T22:25:02.829+0000] {processor.py:753} INFO - DAG(s) dict_keys(['example_short_circuit_operator']) retrieved from /home/airflow/.local/lib/python3.7/site-packages/airflow/example_dags/example_short_circuit_operator.py
[2026-02-13T22:25:02.842+0000] {logging_mixin.py:137} INFO - [2026-02-13T22:25:02.842+0000] {dag.py:2690} INFO - Sync 1 DAGs
[2026-02-13T22:25:02.852+0000] {logging_mixin.py:137} INFO - [2026-02-13T22:25:02.852+0000] {dag.py:3441} INFO - Setting next_dagrun for example_short_circuit_operator to 2026-02-12T22:25:02.852581+00:00, run_after=2026-02-13T22:25:02.852581+00:00
[2026-02-13T22:25:02.861+0000] {processor.py:175} INFO - Processing /home/airflow/.local/lib/python3.7/site-packages/airflow/example_dags/example_short_circuit_operator.py took 0.043 seconds
[2026-02-13T22:25:33.481+0000] {processor.py:153} INFO - Started process (PID=855) to work on /home/airflow/.local/lib/python3.7/site-packages/airflow/example_dags/example_short_circuit_operator.py
[2026-02-13T22:25:33.483+0000] {processor.py:743} INFO - Processing file /home/airflow/.local/lib/python3.7/site-packages/airflow/example_dags/example_short_circuit_operator.py for tasks to queue
[2026-02-13T22:25:33.484+0000] {logging_mixin.py:137} INFO - [2026-02-13T22:25:33.484+0000] {dagbag.py:538} INFO - Filling up the DagBag from /home/airflow/.local/lib/python3.7/site-packages/airflow/example_dags/example_short_circuit_operator.py
[2026-02-13T22:25:33.493+0000] {processor.py:753} INFO - DAG(s) dict_keys(['example_short_circuit_operator']) retrieved from /home/airflow/.local/lib/python3.7/site-packages/airflow/example_dags/example_short_circuit_operator.py
[2026-02-13T22:25:33.512+0000] {logging_mixin.py:137} INFO - [2026-02-13T22:25:33.512+0000] {dag.py:2690} INFO - Sync 1 DAGs
[2026-02-13T22:25:33.529+0000] {logging_mixin.py:137} INFO - [2026-02-13T22:25:33.529+0000] {dag.py:3441} INFO - Setting next_dagrun for example_short_circuit_operator to 2026-02-12T22:25:33.528973+00:00, run_after=2026-02-13T22:25:33.528973+00:00
[2026-02-13T22:25:33.544+0000] {processor.py:175} INFO - Processing /home/airflow/.local/lib/python3.7/site-packages/airflow/example_dags/example_short_circuit_operator.py took 0.073 seconds
[2026-02-13T22:26:04.167+0000] {processor.py:153} INFO - Started process (PID=928) to work on /home/airflow/.local/lib/python3.7/site-packages/airflow/example_dags/example_short_circuit_operator.py
[2026-02-13T22:26:04.167+0000] {processor.py:743} INFO - Processing file /home/airflow/.local/lib/python3.7/site-packages/airflow/example_dags/example_short_circuit_operator.py for tasks to queue
[2026-02-13T22:26:04.167+0000] {logging_mixin.py:137} INFO - [2026-02-13T22:26:04.167+0000] {dagbag.py:538} INFO - Filling up the DagBag from /home/airflow/.local/lib/python3.7/site-packages/airflow/example_dags/example_short_circuit_operator.py
[2026-02-13T22:26:04.174+0000] {processor.py:753} INFO - DAG(s) dict_keys(['example_short_circuit_operator']) retrieved from /home/airflow/.local/lib/python3.7/site-packages/airflow/example_dags/example_short_circuit_operator.py
[2026-02-13T22:26:04.185+0000] {logging_mixin.py:137} INFO - [2026-02-13T22:26:04.185+0000] {dag.py:2690} INFO - Sync 1 DAGs
[2026-02-13T22:26:04.195+0000] {logging_mixin.py:137} INFO - [2026-02-13T22:26:04.195+0000] {dag.py:3441} INFO - Setting next_dagrun for example_short_circuit_operator to 2026-02-12T22:26:04.195321+00:00, run_after=2026-02-13T22:26:04.195321+00:00
[2026-02-13T22:26:04.202+0000] {processor.py:175} INFO - Processing /home/airflow/.local/lib/python3.7/site-packages/airflow/example_dags/example_short_circuit_operator.py took 0.037 seconds
[2026-02-13T22:26:34.663+0000] {processor.py:153} INFO - Started process (PID=1017) to work on /home/airflow/.local/lib/python3.7/site-packages/airflow/example_dags/example_short_circuit_operator.py
[2026-02-13T22:26:34.664+0000] {processor.py:743} INFO - Processing file /home/airflow/.local/lib/python3.7/site-packages/airflow/example_dags/example_short_circuit_operator.py for tasks to queue
[2026-02-13T22:26:34.664+0000] {logging_mixin.py:137} INFO - [2026-02-13T22:26:34.664+0000] {dagbag.py:538} INFO - Filling up the DagBag from /home/airflow/.local/lib/python3.7/site-packages/airflow/example_dags/example_short_circuit_operator.py
[2026-02-13T22:26:34.671+0000] {processor.py:753} INFO - DAG(s) dict_keys(['example_short_circuit_operator']) retrieved from /home/airflow/.local/lib/python3.7/site-packages/airflow/example_dags/example_short_circuit_operator.py
[2026-02-13T22:26:34.684+0000] {logging_mixin.py:137} INFO - [2026-02-13T22:26:34.684+0000] {dag.py:2690} INFO - Sync 1 DAGs
[2026-02-13T22:26:34.696+0000] {logging_mixin.py:137} INFO - [2026-02-13T22:26:34.696+0000] {dag.py:3441} INFO - Setting next_dagrun for example_short_circuit_operator to 2026-02-12T22:26:34.696200+00:00, run_after=2026-02-13T22:26:34.696200+00:00
[2026-02-13T22:26:34.709+0000] {processor.py:175} INFO - Processing /home/airflow/.local/lib/python3.7/site-packages/airflow/example_dags/example_short_circuit_operator.py took 0.048 seconds
[2026-02-13T22:27:05.461+0000] {processor.py:153} INFO - Started process (PID=1106) to work on /home/airflow/.local/lib/python3.7/site-packages/airflow/example_dags/example_short_circuit_operator.py
[2026-02-13T22:27:05.462+0000] {processor.py:743} INFO - Processing file /home/airflow/.local/lib/python3.7/site-packages/airflow/example_dags/example_short_circuit_operator.py for tasks to queue
[2026-02-13T22:27:05.462+0000] {logging_mixin.py:137} INFO - [2026-02-13T22:27:05.462+0000] {dagbag.py:538} INFO - Filling up the DagBag from /home/airflow/.local/lib/python3.7/site-packages/airflow/example_dags/example_short_circuit_operator.py
[2026-02-13T22:27:05.470+0000] {processor.py:753} INFO - DAG(s) dict_keys(['example_short_circuit_operator']) retrieved from /home/airflow/.local/lib/python3.7/site-packages/airflow/example_dags/example_short_circuit_operator.py
[2026-02-13T22:27:05.488+0000] {logging_mixin.py:137} INFO - [2026-02-13T22:27:05.488+0000] {dag.py:2690} INFO - Sync 1 DAGs
[2026-02-13T22:27:05.498+0000] {logging_mixin.py:137} INFO - [2026-02-13T22:27:05.497+0000] {dag.py:3441} INFO - Setting next_dagrun for example_short_circuit_operator to 2026-02-12T22:27:05.497872+00:00, run_after=2026-02-13T22:27:05.497872+00:00
[2026-02-13T22:27:05.510+0000] {processor.py:175} INFO - Processing /home/airflow/.local/lib/python3.7/site-packages/airflow/example_dags/example_short_circuit_operator.py took 0.050 seconds
[2026-02-13T22:27:36.108+0000] {processor.py:153} INFO - Started process (PID=1195) to work on /home/airflow/.local/lib/python3.7/site-packages/airflow/example_dags/example_short_circuit_operator.py
[2026-02-13T22:27:36.110+0000] {processor.py:743} INFO - Processing file /home/airflow/.local/lib/python3.7/site-packages/airflow/example_dags/example_short_circuit_operator.py for tasks to queue
[2026-02-13T22:27:36.111+0000] {logging_mixin.py:137} INFO - [2026-02-13T22:27:36.111+0000] {dagbag.py:538} INFO - Filling up the DagBag from /home/airflow/.local/lib/python3.7/site-packages/airflow/example_dags/example_short_circuit_operator.py
[2026-02-13T22:27:36.118+0000] {processor.py:753} INFO - DAG(s) dict_keys(['example_short_circuit_operator']) retrieved from /home/airflow/.local/lib/python3.7/site-packages/airflow/example_dags/example_short_circuit_operator.py
[2026-02-13T22:27:36.130+0000] {logging_mixin.py:137} INFO - [2026-02-13T22:27:36.129+0000] {dag.py:2690} INFO - Sync 1 DAGs
[2026-02-13T22:27:36.140+0000] {logging_mixin.py:137} INFO - [2026-02-13T22:27:36.140+0000] {dag.py:3441} INFO - Setting next_dagrun for example_short_circuit_operator to 2026-02-12T22:27:36.140201+00:00, run_after=2026-02-13T22:27:36.140201+00:00
[2026-02-13T22:27:36.149+0000] {processor.py:175} INFO - Processing /home/airflow/.local/lib/python3.7/site-packages/airflow/example_dags/example_short_circuit_operator.py took 0.043 seconds
[2026-02-13T22:28:06.847+0000] {processor.py:153} INFO - Started process (PID=1268) to work on /home/airflow/.local/lib/python3.7/site-packages/airflow/example_dags/example_short_circuit_operator.py
[2026-02-13T22:28:06.848+0000] {processor.py:743} INFO - Processing file /home/airflow/.local/lib/python3.7/site-packages/airflow/example_dags/example_short_circuit_operator.py for tasks to queue
[2026-02-13T22:28:06.848+0000] {logging_mixin.py:137} INFO - [2026-02-13T22:28:06.848+0000] {dagbag.py:538} INFO - Filling up the DagBag from /home/airflow/.local/lib/python3.7/site-packages/airflow/example_dags/example_short_circuit_operator.py
[2026-02-13T22:28:06.855+0000] {processor.py:753} INFO - DAG(s) dict_keys(['example_short_circuit_operator']) retrieved from /home/airflow/.local/lib/python3.7/site-packages/airflow/example_dags/example_short_circuit_operator.py
[2026-02-13T22:28:06.866+0000] {logging_mixin.py:137} INFO - [2026-02-13T22:28:06.866+0000] {dag.py:2690} INFO - Sync 1 DAGs
[2026-02-13T22:28:06.876+0000] {logging_mixin.py:137} INFO - [2026-02-13T22:28:06.876+0000] {dag.py:3441} INFO - Setting next_dagrun for example_short_circuit_operator to 2026-02-12T22:28:06.876351+00:00, run_after=2026-02-13T22:28:06.876351+00:00
[2026-02-13T22:28:06.883+0000] {processor.py:175} INFO - Processing /home/airflow/.local/lib/python3.7/site-packages/airflow/example_dags/example_short_circuit_operator.py took 0.037 seconds
[2026-02-13T22:28:37.446+0000] {processor.py:153} INFO - Started process (PID=1357) to work on /home/airflow/.local/lib/python3.7/site-packages/airflow/example_dags/example_short_circuit_operator.py
[2026-02-13T22:28:37.447+0000] {processor.py:743} INFO - Processing file /home/airflow/.local/lib/python3.7/site-packages/airflow/example_dags/example_short_circuit_operator.py for tasks to queue
[2026-02-13T22:28:37.448+0000] {logging_mixin.py:137} INFO - [2026-02-13T22:28:37.448+0000] {dagbag.py:538} INFO - Filling up the DagBag from /home/airflow/.local/lib/python3.7/site-packages/airflow/example_dags/example_short_circuit_operator.py
[2026-02-13T22:28:37.458+0000] {processor.py:753} INFO - DAG(s) dict_keys(['example_short_circuit_operator']) retrieved from /home/airflow/.local/lib/python3.7/site-packages/airflow/example_dags/example_short_circuit_operator.py
[2026-02-13T22:28:37.474+0000] {logging_mixin.py:137} INFO - [2026-02-13T22:28:37.474+0000] {dag.py:2690} INFO - Sync 1 DAGs
[2026-02-13T22:28:37.484+0000] {logging_mixin.py:137} INFO - [2026-02-13T22:28:37.484+0000] {dag.py:3441} INFO - Setting next_dagrun for example_short_circuit_operator to 2026-02-12T22:28:37.484369+00:00, run_after=2026-02-13T22:28:37.484369+00:00
[2026-02-13T22:28:37.495+0000] {processor.py:175} INFO - Processing /home/airflow/.local/lib/python3.7/site-packages/airflow/example_dags/example_short_circuit_operator.py took 0.051 seconds
[2026-02-13T22:29:08.075+0000] {processor.py:153} INFO - Started process (PID=1446) to work on /home/airflow/.local/lib/python3.7/site-packages/airflow/example_dags/example_short_circuit_operator.py
[2026-02-13T22:29:08.076+0000] {processor.py:743} INFO - Processing file /home/airflow/.local/lib/python3.7/site-packages/airflow/example_dags/example_short_circuit_operator.py for tasks to queue
[2026-02-13T22:29:08.076+0000] {logging_mixin.py:137} INFO - [2026-02-13T22:29:08.076+0000] {dagbag.py:538} INFO - Filling up the DagBag from /home/airflow/.local/lib/python3.7/site-packages/airflow/example_dags/example_short_circuit_operator.py
[2026-02-13T22:29:08.084+0000] {processor.py:753} INFO - DAG(s) dict_keys(['example_short_circuit_operator']) retrieved from /home/airflow/.local/lib/python3.7/site-packages/airflow/example_dags/example_short_circuit_operator.py
[2026-02-13T22:29:08.097+0000] {logging_mixin.py:137} INFO - [2026-02-13T22:29:08.097+0000] {dag.py:2690} INFO - Sync 1 DAGs
[2026-02-13T22:29:08.115+0000] {logging_mixin.py:137} INFO - [2026-02-13T22:29:08.115+0000] {dag.py:3441} INFO - Setting next_dagrun for example_short_circuit_operator to 2026-02-12T22:29:08.114902+00:00, run_after=2026-02-13T22:29:08.114902+00:00
[2026-02-13T22:29:08.130+0000] {processor.py:175} INFO - Processing /home/airflow/.local/lib/python3.7/site-packages/airflow/example_dags/example_short_circuit_operator.py took 0.056 seconds
[2026-02-13T22:29:38.699+0000] {processor.py:153} INFO - Started process (PID=1535) to work on /home/airflow/.local/lib/python3.7/site-packages/airflow/example_dags/example_short_circuit_operator.py
[2026-02-13T22:29:38.699+0000] {processor.py:743} INFO - Processing file /home/airflow/.local/lib/python3.7/site-packages/airflow/example_dags/example_short_circuit_operator.py for tasks to queue
[2026-02-13T22:29:38.699+0000] {logging_mixin.py:137} INFO - [2026-02-13T22:29:38.699+0000] {dagbag.py:538} INFO - Filling up the DagBag from /home/airflow/.local/lib/python3.7/site-packages/airflow/example_dags/example_short_circuit_operator.py
[2026-02-13T22:29:38.706+0000] {processor.py:753} INFO - DAG(s) dict_keys(['example_short_circuit_operator']) retrieved from /home/airflow/.local/lib/python3.7/site-packages/airflow/example_dags/example_short_circuit_operator.py
[2026-02-13T22:29:38.717+0000] {logging_mixin.py:137} INFO - [2026-02-13T22:29:38.717+0000] {dag.py:2690} INFO - Sync 1 DAGs
[2026-02-13T22:29:38.727+0000] {logging_mixin.py:137} INFO - [2026-02-13T22:29:38.727+0000] {dag.py:3441} INFO - Setting next_dagrun for example_short_circuit_operator to 2026-02-12T22:29:38.727775+00:00, run_after=2026-02-13T22:29:38.727775+00:00
[2026-02-13T22:29:38.734+0000] {processor.py:175} INFO - Processing /home/airflow/.local/lib/python3.7/site-packages/airflow/example_dags/example_short_circuit_operator.py took 0.037 seconds
[2026-02-13T22:30:09.376+0000] {processor.py:153} INFO - Started process (PID=1608) to work on /home/airflow/.local/lib/python3.7/site-packages/airflow/example_dags/example_short_circuit_operator.py
[2026-02-13T22:30:09.378+0000] {processor.py:743} INFO - Processing file /home/airflow/.local/lib/python3.7/site-packages/airflow/example_dags/example_short_circuit_operator.py for tasks to queue
[2026-02-13T22:30:09.378+0000] {logging_mixin.py:137} INFO - [2026-02-13T22:30:09.378+0000] {dagbag.py:538} INFO - Filling up the DagBag from /home/airflow/.local/lib/python3.7/site-packages/airflow/example_dags/example_short_circuit_operator.py
[2026-02-13T22:30:09.385+0000] {processor.py:753} INFO - DAG(s) dict_keys(['example_short_circuit_operator']) retrieved from /home/airflow/.local/lib/python3.7/site-packages/airflow/example_dags/example_short_circuit_operator.py
[2026-02-13T22:30:09.396+0000] {logging_mixin.py:137} INFO - [2026-02-13T22:30:09.396+0000] {dag.py:2690} INFO - Sync 1 DAGs
[2026-02-13T22:30:09.407+0000] {logging_mixin.py:137} INFO - [2026-02-13T22:30:09.407+0000] {dag.py:3441} INFO - Setting next_dagrun for example_short_circuit_operator to 2026-02-12T22:30:09.407300+00:00, run_after=2026-02-13T22:30:09.407300+00:00
[2026-02-13T22:30:09.414+0000] {processor.py:175} INFO - Processing /home/airflow/.local/lib/python3.7/site-packages/airflow/example_dags/example_short_circuit_operator.py took 0.040 seconds
[2026-02-13T22:30:40.140+0000] {processor.py:153} INFO - Started process (PID=1697) to work on /home/airflow/.local/lib/python3.7/site-packages/airflow/example_dags/example_short_circuit_operator.py
[2026-02-13T22:30:40.141+0000] {processor.py:743} INFO - Processing file /home/airflow/.local/lib/python3.7/site-packages/airflow/example_dags/example_short_circuit_operator.py for tasks to queue
[2026-02-13T22:30:40.141+0000] {logging_mixin.py:137} INFO - [2026-02-13T22:30:40.141+0000] {dagbag.py:538} INFO - Filling up the DagBag from /home/airflow/.local/lib/python3.7/site-packages/airflow/example_dags/example_short_circuit_operator.py
[2026-02-13T22:30:40.149+0000] {processor.py:753} INFO - DAG(s) dict_keys(['example_short_circuit_operator']) retrieved from /home/airflow/.local/lib/python3.7/site-packages/airflow/example_dags/example_short_circuit_operator.py
[2026-02-13T22:30:40.160+0000] {logging_mixin.py:137} INFO - [2026-02-13T22:30:40.160+0000] {dag.py:2690} INFO - Sync 1 DAGs
[2026-02-13T22:30:40.174+0000] {logging_mixin.py:137} INFO - [2026-02-13T22:30:40.174+0000] {dag.py:3441} INFO - Setting next_dagrun for example_short_circuit_operator to 2026-02-12T22:30:40.174807+00:00, run_after=2026-02-13T22:30:40.174807+00:00
[2026-02-13T22:30:40.188+0000] {processor.py:175} INFO - Processing /home/airflow/.local/lib/python3.7/site-packages/airflow/example_dags/example_short_circuit_operator.py took 0.049 seconds
[2026-02-13T22:31:10.805+0000] {processor.py:153} INFO - Started process (PID=1786) to work on /home/airflow/.local/lib/python3.7/site-packages/airflow/example_dags/example_short_circuit_operator.py
[2026-02-13T22:31:10.805+0000] {processor.py:743} INFO - Processing file /home/airflow/.local/lib/python3.7/site-packages/airflow/example_dags/example_short_circuit_operator.py for tasks to queue
[2026-02-13T22:31:10.806+0000] {logging_mixin.py:137} INFO - [2026-02-13T22:31:10.805+0000] {dagbag.py:538} INFO - Filling up the DagBag from /home/airflow/.local/lib/python3.7/site-packages/airflow/example_dags/example_short_circuit_operator.py
[2026-02-13T22:31:10.813+0000] {processor.py:753} INFO - DAG(s) dict_keys(['example_short_circuit_operator']) retrieved from /home/airflow/.local/lib/python3.7/site-packages/airflow/example_dags/example_short_circuit_operator.py
[2026-02-13T22:31:10.822+0000] {logging_mixin.py:137} INFO - [2026-02-13T22:31:10.822+0000] {dag.py:2690} INFO - Sync 1 DAGs
[2026-02-13T22:31:10.832+0000] {logging_mixin.py:137} INFO - [2026-02-13T22:31:10.832+0000] {dag.py:3441} INFO - Setting next_dagrun for example_short_circuit_operator to 2026-02-12T22:31:10.832462+00:00, run_after=2026-02-13T22:31:10.832462+00:00
[2026-02-13T22:31:10.842+0000] {processor.py:175} INFO - Processing /home/airflow/.local/lib/python3.7/site-packages/airflow/example_dags/example_short_circuit_operator.py took 0.038 seconds
[2026-02-13T22:31:41.227+0000] {processor.py:153} INFO - Started process (PID=1875) to work on /home/airflow/.local/lib/python3.7/site-packages/airflow/example_dags/example_short_circuit_operator.py
[2026-02-13T22:31:41.228+0000] {processor.py:743} INFO - Processing file /home/airflow/.local/lib/python3.7/site-packages/airflow/example_dags/example_short_circuit_operator.py for tasks to queue
[2026-02-13T22:31:41.228+0000] {logging_mixin.py:137} INFO - [2026-02-13T22:31:41.228+0000] {dagbag.py:538} INFO - Filling up the DagBag from /home/airflow/.local/lib/python3.7/site-packages/airflow/example_dags/example_short_circuit_operator.py
[2026-02-13T22:31:41.237+0000] {processor.py:753} INFO - DAG(s) dict_keys(['example_short_circuit_operator']) retrieved from /home/airflow/.local/lib/python3.7/site-packages/airflow/example_dags/example_short_circuit_operator.py
[2026-02-13T22:31:41.250+0000] {logging_mixin.py:137} INFO - [2026-02-13T22:31:41.250+0000] {dag.py:2690} INFO - Sync 1 DAGs
[2026-02-13T22:31:41.264+0000] {logging_mixin.py:137} INFO - [2026-02-13T22:31:41.264+0000] {dag.py:3441} INFO - Setting next_dagrun for example_short_circuit_operator to 2026-02-12T22:31:41.264234+00:00, run_after=2026-02-13T22:31:41.264234+00:00
[2026-02-13T22:31:41.276+0000] {processor.py:175} INFO - Processing /home/airflow/.local/lib/python3.7/site-packages/airflow/example_dags/example_short_circuit_operator.py took 0.051 seconds
[2026-02-13T22:32:12.212+0000] {processor.py:153} INFO - Started process (PID=1947) to work on /home/airflow/.local/lib/python3.7/site-packages/airflow/example_dags/example_short_circuit_operator.py
[2026-02-13T22:32:12.213+0000] {processor.py:743} INFO - Processing file /home/airflow/.local/lib/python3.7/site-packages/airflow/example_dags/example_short_circuit_operator.py for tasks to queue
[2026-02-13T22:32:12.213+0000] {logging_mixin.py:137} INFO - [2026-02-13T22:32:12.213+0000] {dagbag.py:538} INFO - Filling up the DagBag from /home/airflow/.local/lib/python3.7/site-packages/airflow/example_dags/example_short_circuit_operator.py
[2026-02-13T22:32:12.220+0000] {processor.py:753} INFO - DAG(s) dict_keys(['example_short_circuit_operator']) retrieved from /home/airflow/.local/lib/python3.7/site-packages/airflow/example_dags/example_short_circuit_operator.py
[2026-02-13T22:32:12.233+0000] {logging_mixin.py:137} INFO - [2026-02-13T22:32:12.233+0000] {dag.py:2690} INFO - Sync 1 DAGs
[2026-02-13T22:32:12.244+0000] {logging_mixin.py:137} INFO - [2026-02-13T22:32:12.244+0000] {dag.py:3441} INFO - Setting next_dagrun for example_short_circuit_operator to 2026-02-12T22:32:12.244462+00:00, run_after=2026-02-13T22:32:12.244462+00:00
[2026-02-13T22:32:12.252+0000] {processor.py:175} INFO - Processing /home/airflow/.local/lib/python3.7/site-packages/airflow/example_dags/example_short_circuit_operator.py took 0.041 seconds
[2026-02-13T22:32:42.268+0000] {processor.py:153} INFO - Started process (PID=2034) to work on /home/airflow/.local/lib/python3.7/site-packages/airflow/example_dags/example_short_circuit_operator.py
[2026-02-13T22:32:42.269+0000] {processor.py:743} INFO - Processing file /home/airflow/.local/lib/python3.7/site-packages/airflow/example_dags/example_short_circuit_operator.py for tasks to queue
[2026-02-13T22:32:42.269+0000] {logging_mixin.py:137} INFO - [2026-02-13T22:32:42.269+0000] {dagbag.py:538} INFO - Filling up the DagBag from /home/airflow/.local/lib/python3.7/site-packages/airflow/example_dags/example_short_circuit_operator.py
[2026-02-13T22:32:42.279+0000] {processor.py:753} INFO - DAG(s) dict_keys(['example_short_circuit_operator']) retrieved from /home/airflow/.local/lib/python3.7/site-packages/airflow/example_dags/example_short_circuit_operator.py
[2026-02-13T22:32:42.289+0000] {logging_mixin.py:137} INFO - [2026-02-13T22:32:42.289+0000] {dag.py:2690} INFO - Sync 1 DAGs
[2026-02-13T22:32:42.298+0000] {logging_mixin.py:137} INFO - [2026-02-13T22:32:42.298+0000] {dag.py:3441} INFO - Setting next_dagrun for example_short_circuit_operator to 2026-02-12T22:32:42.298484+00:00, run_after=2026-02-13T22:32:42.298484+00:00
[2026-02-13T22:32:42.304+0000] {processor.py:175} INFO - Processing /home/airflow/.local/lib/python3.7/site-packages/airflow/example_dags/example_short_circuit_operator.py took 0.037 seconds
[2026-02-13T22:34:03.729+0000] {processor.py:153} INFO - Started process (PID=87) to work on /home/airflow/.local/lib/python3.7/site-packages/airflow/example_dags/example_short_circuit_operator.py
[2026-02-13T22:34:03.731+0000] {processor.py:743} INFO - Processing file /home/airflow/.local/lib/python3.7/site-packages/airflow/example_dags/example_short_circuit_operator.py for tasks to queue
[2026-02-13T22:34:03.732+0000] {logging_mixin.py:137} INFO - [2026-02-13T22:34:03.732+0000] {dagbag.py:538} INFO - Filling up the DagBag from /home/airflow/.local/lib/python3.7/site-packages/airflow/example_dags/example_short_circuit_operator.py
[2026-02-13T22:34:03.744+0000] {processor.py:753} INFO - DAG(s) dict_keys(['example_short_circuit_operator']) retrieved from /home/airflow/.local/lib/python3.7/site-packages/airflow/example_dags/example_short_circuit_operator.py
[2026-02-13T22:34:03.774+0000] {logging_mixin.py:137} INFO - [2026-02-13T22:34:03.773+0000] {dag.py:2690} INFO - Sync 1 DAGs
[2026-02-13T22:34:03.795+0000] {logging_mixin.py:137} INFO - [2026-02-13T22:34:03.795+0000] {dag.py:3441} INFO - Setting next_dagrun for example_short_circuit_operator to 2026-02-12T22:34:03.795140+00:00, run_after=2026-02-13T22:34:03.795140+00:00
[2026-02-13T22:34:03.823+0000] {processor.py:175} INFO - Processing /home/airflow/.local/lib/python3.7/site-packages/airflow/example_dags/example_short_circuit_operator.py took 0.095 seconds
[2026-02-13T22:34:34.959+0000] {processor.py:153} INFO - Started process (PID=178) to work on /home/airflow/.local/lib/python3.7/site-packages/airflow/example_dags/example_short_circuit_operator.py
[2026-02-13T22:34:34.961+0000] {processor.py:743} INFO - Processing file /home/airflow/.local/lib/python3.7/site-packages/airflow/example_dags/example_short_circuit_operator.py for tasks to queue
[2026-02-13T22:34:34.962+0000] {logging_mixin.py:137} INFO - [2026-02-13T22:34:34.962+0000] {dagbag.py:538} INFO - Filling up the DagBag from /home/airflow/.local/lib/python3.7/site-packages/airflow/example_dags/example_short_circuit_operator.py
[2026-02-13T22:34:34.976+0000] {processor.py:753} INFO - DAG(s) dict_keys(['example_short_circuit_operator']) retrieved from /home/airflow/.local/lib/python3.7/site-packages/airflow/example_dags/example_short_circuit_operator.py
[2026-02-13T22:34:35.003+0000] {logging_mixin.py:137} INFO - [2026-02-13T22:34:35.003+0000] {dag.py:2690} INFO - Sync 1 DAGs
[2026-02-13T22:34:35.017+0000] {logging_mixin.py:137} INFO - [2026-02-13T22:34:35.017+0000] {dag.py:3441} INFO - Setting next_dagrun for example_short_circuit_operator to 2026-02-12T22:34:35.016963+00:00, run_after=2026-02-13T22:34:35.016963+00:00
[2026-02-13T22:34:35.034+0000] {processor.py:175} INFO - Processing /home/airflow/.local/lib/python3.7/site-packages/airflow/example_dags/example_short_circuit_operator.py took 0.078 seconds
[2026-02-13T22:35:06.072+0000] {processor.py:153} INFO - Started process (PID=253) to work on /home/airflow/.local/lib/python3.7/site-packages/airflow/example_dags/example_short_circuit_operator.py
[2026-02-13T22:35:06.073+0000] {processor.py:743} INFO - Processing file /home/airflow/.local/lib/python3.7/site-packages/airflow/example_dags/example_short_circuit_operator.py for tasks to queue
[2026-02-13T22:35:06.074+0000] {logging_mixin.py:137} INFO - [2026-02-13T22:35:06.074+0000] {dagbag.py:538} INFO - Filling up the DagBag from /home/airflow/.local/lib/python3.7/site-packages/airflow/example_dags/example_short_circuit_operator.py
[2026-02-13T22:35:06.084+0000] {processor.py:753} INFO - DAG(s) dict_keys(['example_short_circuit_operator']) retrieved from /home/airflow/.local/lib/python3.7/site-packages/airflow/example_dags/example_short_circuit_operator.py
[2026-02-13T22:35:06.098+0000] {logging_mixin.py:137} INFO - [2026-02-13T22:35:06.098+0000] {dag.py:2690} INFO - Sync 1 DAGs
[2026-02-13T22:35:06.112+0000] {logging_mixin.py:137} INFO - [2026-02-13T22:35:06.112+0000] {dag.py:3441} INFO - Setting next_dagrun for example_short_circuit_operator to 2026-02-12T22:35:06.112212+00:00, run_after=2026-02-13T22:35:06.112212+00:00
[2026-02-13T22:35:06.124+0000] {processor.py:175} INFO - Processing /home/airflow/.local/lib/python3.7/site-packages/airflow/example_dags/example_short_circuit_operator.py took 0.053 seconds
[2026-02-13T22:35:36.911+0000] {processor.py:153} INFO - Started process (PID=345) to work on /home/airflow/.local/lib/python3.7/site-packages/airflow/example_dags/example_short_circuit_operator.py
[2026-02-13T22:35:36.912+0000] {processor.py:743} INFO - Processing file /home/airflow/.local/lib/python3.7/site-packages/airflow/example_dags/example_short_circuit_operator.py for tasks to queue
[2026-02-13T22:35:36.912+0000] {logging_mixin.py:137} INFO - [2026-02-13T22:35:36.912+0000] {dagbag.py:538} INFO - Filling up the DagBag from /home/airflow/.local/lib/python3.7/site-packages/airflow/example_dags/example_short_circuit_operator.py
[2026-02-13T22:35:36.922+0000] {processor.py:753} INFO - DAG(s) dict_keys(['example_short_circuit_operator']) retrieved from /home/airflow/.local/lib/python3.7/site-packages/airflow/example_dags/example_short_circuit_operator.py
[2026-02-13T22:35:36.934+0000] {logging_mixin.py:137} INFO - [2026-02-13T22:35:36.934+0000] {dag.py:2690} INFO - Sync 1 DAGs
[2026-02-13T22:35:36.947+0000] {logging_mixin.py:137} INFO - [2026-02-13T22:35:36.947+0000] {dag.py:3441} INFO - Setting next_dagrun for example_short_circuit_operator to 2026-02-12T22:35:36.947667+00:00, run_after=2026-02-13T22:35:36.947667+00:00
[2026-02-13T22:35:36.962+0000] {processor.py:175} INFO - Processing /home/airflow/.local/lib/python3.7/site-packages/airflow/example_dags/example_short_circuit_operator.py took 0.053 seconds
[2026-02-13T22:36:07.834+0000] {processor.py:153} INFO - Started process (PID=436) to work on /home/airflow/.local/lib/python3.7/site-packages/airflow/example_dags/example_short_circuit_operator.py
[2026-02-13T22:36:07.834+0000] {processor.py:743} INFO - Processing file /home/airflow/.local/lib/python3.7/site-packages/airflow/example_dags/example_short_circuit_operator.py for tasks to queue
[2026-02-13T22:36:07.835+0000] {logging_mixin.py:137} INFO - [2026-02-13T22:36:07.835+0000] {dagbag.py:538} INFO - Filling up the DagBag from /home/airflow/.local/lib/python3.7/site-packages/airflow/example_dags/example_short_circuit_operator.py
[2026-02-13T22:36:07.844+0000] {processor.py:753} INFO - DAG(s) dict_keys(['example_short_circuit_operator']) retrieved from /home/airflow/.local/lib/python3.7/site-packages/airflow/example_dags/example_short_circuit_operator.py
[2026-02-13T22:36:07.854+0000] {logging_mixin.py:137} INFO - [2026-02-13T22:36:07.854+0000] {dag.py:2690} INFO - Sync 1 DAGs
[2026-02-13T22:36:07.867+0000] {logging_mixin.py:137} INFO - [2026-02-13T22:36:07.867+0000] {dag.py:3441} INFO - Setting next_dagrun for example_short_circuit_operator to 2026-02-12T22:36:07.867503+00:00, run_after=2026-02-13T22:36:07.867503+00:00
[2026-02-13T22:36:07.883+0000] {processor.py:175} INFO - Processing /home/airflow/.local/lib/python3.7/site-packages/airflow/example_dags/example_short_circuit_operator.py took 0.050 seconds
[2026-02-13T22:36:38.626+0000] {processor.py:153} INFO - Started process (PID=528) to work on /home/airflow/.local/lib/python3.7/site-packages/airflow/example_dags/example_short_circuit_operator.py
[2026-02-13T22:36:38.627+0000] {processor.py:743} INFO - Processing file /home/airflow/.local/lib/python3.7/site-packages/airflow/example_dags/example_short_circuit_operator.py for tasks to queue
[2026-02-13T22:36:38.627+0000] {logging_mixin.py:137} INFO - [2026-02-13T22:36:38.627+0000] {dagbag.py:538} INFO - Filling up the DagBag from /home/airflow/.local/lib/python3.7/site-packages/airflow/example_dags/example_short_circuit_operator.py
[2026-02-13T22:36:38.638+0000] {processor.py:753} INFO - DAG(s) dict_keys(['example_short_circuit_operator']) retrieved from /home/airflow/.local/lib/python3.7/site-packages/airflow/example_dags/example_short_circuit_operator.py
[2026-02-13T22:36:38.649+0000] {logging_mixin.py:137} INFO - [2026-02-13T22:36:38.649+0000] {dag.py:2690} INFO - Sync 1 DAGs
[2026-02-13T22:36:38.663+0000] {logging_mixin.py:137} INFO - [2026-02-13T22:36:38.663+0000] {dag.py:3441} INFO - Setting next_dagrun for example_short_circuit_operator to 2026-02-12T22:36:38.663467+00:00, run_after=2026-02-13T22:36:38.663467+00:00
[2026-02-13T22:36:38.674+0000] {processor.py:175} INFO - Processing /home/airflow/.local/lib/python3.7/site-packages/airflow/example_dags/example_short_circuit_operator.py took 0.050 seconds
