[2026-02-13T21:49:31.675+0000] {processor.py:153} INFO - Started process (PID=54) to work on /home/airflow/.local/lib/python3.7/site-packages/airflow/example_dags/example_nested_branch_dag.py
[2026-02-13T21:49:31.677+0000] {processor.py:743} INFO - Processing file /home/airflow/.local/lib/python3.7/site-packages/airflow/example_dags/example_nested_branch_dag.py for tasks to queue
[2026-02-13T21:49:31.678+0000] {logging_mixin.py:137} INFO - [2026-02-13T21:49:31.678+0000] {dagbag.py:538} INFO - Filling up the DagBag from /home/airflow/.local/lib/python3.7/site-packages/airflow/example_dags/example_nested_branch_dag.py
[2026-02-13T21:49:31.700+0000] {processor.py:753} INFO - DAG(s) dict_keys(['example_nested_branch_dag']) retrieved from /home/airflow/.local/lib/python3.7/site-packages/airflow/example_dags/example_nested_branch_dag.py
[2026-02-13T21:49:31.709+0000] {logging_mixin.py:137} INFO - [2026-02-13T21:49:31.709+0000] {dag.py:2690} INFO - Sync 1 DAGs
[2026-02-13T21:49:31.727+0000] {logging_mixin.py:137} INFO - [2026-02-13T21:49:31.727+0000] {dag.py:3441} INFO - Setting next_dagrun for example_nested_branch_dag to 2026-02-12T00:00:00+00:00, run_after=2026-02-13T00:00:00+00:00
[2026-02-13T21:49:31.743+0000] {processor.py:175} INFO - Processing /home/airflow/.local/lib/python3.7/site-packages/airflow/example_dags/example_nested_branch_dag.py took 0.071 seconds
[2026-02-13T21:50:02.402+0000] {processor.py:153} INFO - Started process (PID=142) to work on /home/airflow/.local/lib/python3.7/site-packages/airflow/example_dags/example_nested_branch_dag.py
[2026-02-13T21:50:02.403+0000] {processor.py:743} INFO - Processing file /home/airflow/.local/lib/python3.7/site-packages/airflow/example_dags/example_nested_branch_dag.py for tasks to queue
[2026-02-13T21:50:02.405+0000] {logging_mixin.py:137} INFO - [2026-02-13T21:50:02.405+0000] {dagbag.py:538} INFO - Filling up the DagBag from /home/airflow/.local/lib/python3.7/site-packages/airflow/example_dags/example_nested_branch_dag.py
[2026-02-13T21:50:02.417+0000] {processor.py:753} INFO - DAG(s) dict_keys(['example_nested_branch_dag']) retrieved from /home/airflow/.local/lib/python3.7/site-packages/airflow/example_dags/example_nested_branch_dag.py
[2026-02-13T21:50:02.433+0000] {logging_mixin.py:137} INFO - [2026-02-13T21:50:02.433+0000] {dag.py:2690} INFO - Sync 1 DAGs
[2026-02-13T21:50:02.446+0000] {logging_mixin.py:137} INFO - [2026-02-13T21:50:02.445+0000] {dag.py:3441} INFO - Setting next_dagrun for example_nested_branch_dag to 2026-02-12T00:00:00+00:00, run_after=2026-02-13T00:00:00+00:00
[2026-02-13T21:50:02.456+0000] {processor.py:175} INFO - Processing /home/airflow/.local/lib/python3.7/site-packages/airflow/example_dags/example_nested_branch_dag.py took 0.055 seconds
[2026-02-13T21:50:32.985+0000] {processor.py:153} INFO - Started process (PID=231) to work on /home/airflow/.local/lib/python3.7/site-packages/airflow/example_dags/example_nested_branch_dag.py
[2026-02-13T21:50:32.988+0000] {processor.py:743} INFO - Processing file /home/airflow/.local/lib/python3.7/site-packages/airflow/example_dags/example_nested_branch_dag.py for tasks to queue
[2026-02-13T21:50:32.988+0000] {logging_mixin.py:137} INFO - [2026-02-13T21:50:32.988+0000] {dagbag.py:538} INFO - Filling up the DagBag from /home/airflow/.local/lib/python3.7/site-packages/airflow/example_dags/example_nested_branch_dag.py
[2026-02-13T21:50:33.005+0000] {processor.py:753} INFO - DAG(s) dict_keys(['example_nested_branch_dag']) retrieved from /home/airflow/.local/lib/python3.7/site-packages/airflow/example_dags/example_nested_branch_dag.py
[2026-02-13T21:50:33.034+0000] {logging_mixin.py:137} INFO - [2026-02-13T21:50:33.033+0000] {dag.py:2690} INFO - Sync 1 DAGs
[2026-02-13T21:50:33.061+0000] {logging_mixin.py:137} INFO - [2026-02-13T21:50:33.061+0000] {dag.py:3441} INFO - Setting next_dagrun for example_nested_branch_dag to 2026-02-12T00:00:00+00:00, run_after=2026-02-13T00:00:00+00:00
[2026-02-13T21:50:33.072+0000] {processor.py:175} INFO - Processing /home/airflow/.local/lib/python3.7/site-packages/airflow/example_dags/example_nested_branch_dag.py took 0.091 seconds
[2026-02-13T21:51:03.564+0000] {processor.py:153} INFO - Started process (PID=303) to work on /home/airflow/.local/lib/python3.7/site-packages/airflow/example_dags/example_nested_branch_dag.py
[2026-02-13T21:51:03.564+0000] {processor.py:743} INFO - Processing file /home/airflow/.local/lib/python3.7/site-packages/airflow/example_dags/example_nested_branch_dag.py for tasks to queue
[2026-02-13T21:51:03.565+0000] {logging_mixin.py:137} INFO - [2026-02-13T21:51:03.565+0000] {dagbag.py:538} INFO - Filling up the DagBag from /home/airflow/.local/lib/python3.7/site-packages/airflow/example_dags/example_nested_branch_dag.py
[2026-02-13T21:51:03.575+0000] {processor.py:753} INFO - DAG(s) dict_keys(['example_nested_branch_dag']) retrieved from /home/airflow/.local/lib/python3.7/site-packages/airflow/example_dags/example_nested_branch_dag.py
[2026-02-13T21:51:03.584+0000] {logging_mixin.py:137} INFO - [2026-02-13T21:51:03.584+0000] {dag.py:2690} INFO - Sync 1 DAGs
[2026-02-13T21:51:03.599+0000] {logging_mixin.py:137} INFO - [2026-02-13T21:51:03.599+0000] {dag.py:3441} INFO - Setting next_dagrun for example_nested_branch_dag to 2026-02-12T00:00:00+00:00, run_after=2026-02-13T00:00:00+00:00
[2026-02-13T21:51:03.610+0000] {processor.py:175} INFO - Processing /home/airflow/.local/lib/python3.7/site-packages/airflow/example_dags/example_nested_branch_dag.py took 0.047 seconds
[2026-02-13T21:51:33.977+0000] {processor.py:153} INFO - Started process (PID=391) to work on /home/airflow/.local/lib/python3.7/site-packages/airflow/example_dags/example_nested_branch_dag.py
[2026-02-13T21:51:33.979+0000] {processor.py:743} INFO - Processing file /home/airflow/.local/lib/python3.7/site-packages/airflow/example_dags/example_nested_branch_dag.py for tasks to queue
[2026-02-13T21:51:33.980+0000] {logging_mixin.py:137} INFO - [2026-02-13T21:51:33.980+0000] {dagbag.py:538} INFO - Filling up the DagBag from /home/airflow/.local/lib/python3.7/site-packages/airflow/example_dags/example_nested_branch_dag.py
[2026-02-13T21:51:33.992+0000] {processor.py:753} INFO - DAG(s) dict_keys(['example_nested_branch_dag']) retrieved from /home/airflow/.local/lib/python3.7/site-packages/airflow/example_dags/example_nested_branch_dag.py
[2026-02-13T21:51:34.005+0000] {logging_mixin.py:137} INFO - [2026-02-13T21:51:34.005+0000] {dag.py:2690} INFO - Sync 1 DAGs
[2026-02-13T21:51:34.019+0000] {logging_mixin.py:137} INFO - [2026-02-13T21:51:34.019+0000] {dag.py:3441} INFO - Setting next_dagrun for example_nested_branch_dag to 2026-02-12T00:00:00+00:00, run_after=2026-02-13T00:00:00+00:00
[2026-02-13T21:51:34.026+0000] {processor.py:175} INFO - Processing /home/airflow/.local/lib/python3.7/site-packages/airflow/example_dags/example_nested_branch_dag.py took 0.050 seconds
[2026-02-13T21:52:04.421+0000] {processor.py:153} INFO - Started process (PID=479) to work on /home/airflow/.local/lib/python3.7/site-packages/airflow/example_dags/example_nested_branch_dag.py
[2026-02-13T21:52:04.421+0000] {processor.py:743} INFO - Processing file /home/airflow/.local/lib/python3.7/site-packages/airflow/example_dags/example_nested_branch_dag.py for tasks to queue
[2026-02-13T21:52:04.422+0000] {logging_mixin.py:137} INFO - [2026-02-13T21:52:04.422+0000] {dagbag.py:538} INFO - Filling up the DagBag from /home/airflow/.local/lib/python3.7/site-packages/airflow/example_dags/example_nested_branch_dag.py
[2026-02-13T21:52:04.433+0000] {processor.py:753} INFO - DAG(s) dict_keys(['example_nested_branch_dag']) retrieved from /home/airflow/.local/lib/python3.7/site-packages/airflow/example_dags/example_nested_branch_dag.py
[2026-02-13T21:52:04.446+0000] {logging_mixin.py:137} INFO - [2026-02-13T21:52:04.446+0000] {dag.py:2690} INFO - Sync 1 DAGs
[2026-02-13T21:52:04.459+0000] {logging_mixin.py:137} INFO - [2026-02-13T21:52:04.459+0000] {dag.py:3441} INFO - Setting next_dagrun for example_nested_branch_dag to 2026-02-12T00:00:00+00:00, run_after=2026-02-13T00:00:00+00:00
[2026-02-13T21:52:04.471+0000] {processor.py:175} INFO - Processing /home/airflow/.local/lib/python3.7/site-packages/airflow/example_dags/example_nested_branch_dag.py took 0.052 seconds
[2026-02-13T21:52:34.913+0000] {processor.py:153} INFO - Started process (PID=567) to work on /home/airflow/.local/lib/python3.7/site-packages/airflow/example_dags/example_nested_branch_dag.py
[2026-02-13T21:52:34.917+0000] {processor.py:743} INFO - Processing file /home/airflow/.local/lib/python3.7/site-packages/airflow/example_dags/example_nested_branch_dag.py for tasks to queue
[2026-02-13T21:52:34.917+0000] {logging_mixin.py:137} INFO - [2026-02-13T21:52:34.917+0000] {dagbag.py:538} INFO - Filling up the DagBag from /home/airflow/.local/lib/python3.7/site-packages/airflow/example_dags/example_nested_branch_dag.py
[2026-02-13T21:52:34.932+0000] {processor.py:753} INFO - DAG(s) dict_keys(['example_nested_branch_dag']) retrieved from /home/airflow/.local/lib/python3.7/site-packages/airflow/example_dags/example_nested_branch_dag.py
[2026-02-13T21:52:34.953+0000] {logging_mixin.py:137} INFO - [2026-02-13T21:52:34.953+0000] {dag.py:2690} INFO - Sync 1 DAGs
[2026-02-13T21:52:34.970+0000] {logging_mixin.py:137} INFO - [2026-02-13T21:52:34.970+0000] {dag.py:3441} INFO - Setting next_dagrun for example_nested_branch_dag to 2026-02-12T00:00:00+00:00, run_after=2026-02-13T00:00:00+00:00
[2026-02-13T21:52:34.984+0000] {processor.py:175} INFO - Processing /home/airflow/.local/lib/python3.7/site-packages/airflow/example_dags/example_nested_branch_dag.py took 0.072 seconds
[2026-02-13T21:53:05.453+0000] {processor.py:153} INFO - Started process (PID=638) to work on /home/airflow/.local/lib/python3.7/site-packages/airflow/example_dags/example_nested_branch_dag.py
[2026-02-13T21:53:05.453+0000] {processor.py:743} INFO - Processing file /home/airflow/.local/lib/python3.7/site-packages/airflow/example_dags/example_nested_branch_dag.py for tasks to queue
[2026-02-13T21:53:05.453+0000] {logging_mixin.py:137} INFO - [2026-02-13T21:53:05.453+0000] {dagbag.py:538} INFO - Filling up the DagBag from /home/airflow/.local/lib/python3.7/site-packages/airflow/example_dags/example_nested_branch_dag.py
[2026-02-13T21:53:05.465+0000] {processor.py:753} INFO - DAG(s) dict_keys(['example_nested_branch_dag']) retrieved from /home/airflow/.local/lib/python3.7/site-packages/airflow/example_dags/example_nested_branch_dag.py
[2026-02-13T21:53:05.481+0000] {logging_mixin.py:137} INFO - [2026-02-13T21:53:05.481+0000] {dag.py:2690} INFO - Sync 1 DAGs
[2026-02-13T21:53:05.493+0000] {logging_mixin.py:137} INFO - [2026-02-13T21:53:05.493+0000] {dag.py:3441} INFO - Setting next_dagrun for example_nested_branch_dag to 2026-02-12T00:00:00+00:00, run_after=2026-02-13T00:00:00+00:00
[2026-02-13T21:53:05.506+0000] {processor.py:175} INFO - Processing /home/airflow/.local/lib/python3.7/site-packages/airflow/example_dags/example_nested_branch_dag.py took 0.055 seconds
[2026-02-13T21:53:35.982+0000] {processor.py:153} INFO - Started process (PID=726) to work on /home/airflow/.local/lib/python3.7/site-packages/airflow/example_dags/example_nested_branch_dag.py
[2026-02-13T21:53:35.982+0000] {processor.py:743} INFO - Processing file /home/airflow/.local/lib/python3.7/site-packages/airflow/example_dags/example_nested_branch_dag.py for tasks to queue
[2026-02-13T21:53:35.983+0000] {logging_mixin.py:137} INFO - [2026-02-13T21:53:35.983+0000] {dagbag.py:538} INFO - Filling up the DagBag from /home/airflow/.local/lib/python3.7/site-packages/airflow/example_dags/example_nested_branch_dag.py
[2026-02-13T21:53:35.994+0000] {processor.py:753} INFO - DAG(s) dict_keys(['example_nested_branch_dag']) retrieved from /home/airflow/.local/lib/python3.7/site-packages/airflow/example_dags/example_nested_branch_dag.py
[2026-02-13T21:53:36.009+0000] {logging_mixin.py:137} INFO - [2026-02-13T21:53:36.009+0000] {dag.py:2690} INFO - Sync 1 DAGs
[2026-02-13T21:53:36.022+0000] {logging_mixin.py:137} INFO - [2026-02-13T21:53:36.022+0000] {dag.py:3441} INFO - Setting next_dagrun for example_nested_branch_dag to 2026-02-12T00:00:00+00:00, run_after=2026-02-13T00:00:00+00:00
[2026-02-13T21:53:36.036+0000] {processor.py:175} INFO - Processing /home/airflow/.local/lib/python3.7/site-packages/airflow/example_dags/example_nested_branch_dag.py took 0.056 seconds
[2026-02-13T21:54:06.366+0000] {processor.py:153} INFO - Started process (PID=814) to work on /home/airflow/.local/lib/python3.7/site-packages/airflow/example_dags/example_nested_branch_dag.py
[2026-02-13T21:54:06.367+0000] {processor.py:743} INFO - Processing file /home/airflow/.local/lib/python3.7/site-packages/airflow/example_dags/example_nested_branch_dag.py for tasks to queue
[2026-02-13T21:54:06.367+0000] {logging_mixin.py:137} INFO - [2026-02-13T21:54:06.367+0000] {dagbag.py:538} INFO - Filling up the DagBag from /home/airflow/.local/lib/python3.7/site-packages/airflow/example_dags/example_nested_branch_dag.py
[2026-02-13T21:54:06.383+0000] {processor.py:753} INFO - DAG(s) dict_keys(['example_nested_branch_dag']) retrieved from /home/airflow/.local/lib/python3.7/site-packages/airflow/example_dags/example_nested_branch_dag.py
[2026-02-13T21:54:06.400+0000] {logging_mixin.py:137} INFO - [2026-02-13T21:54:06.400+0000] {dag.py:2690} INFO - Sync 1 DAGs
[2026-02-13T21:54:06.412+0000] {logging_mixin.py:137} INFO - [2026-02-13T21:54:06.412+0000] {dag.py:3441} INFO - Setting next_dagrun for example_nested_branch_dag to 2026-02-12T00:00:00+00:00, run_after=2026-02-13T00:00:00+00:00
[2026-02-13T21:54:06.424+0000] {processor.py:175} INFO - Processing /home/airflow/.local/lib/python3.7/site-packages/airflow/example_dags/example_nested_branch_dag.py took 0.059 seconds
[2026-02-13T21:54:36.929+0000] {processor.py:153} INFO - Started process (PID=902) to work on /home/airflow/.local/lib/python3.7/site-packages/airflow/example_dags/example_nested_branch_dag.py
[2026-02-13T21:54:36.931+0000] {processor.py:743} INFO - Processing file /home/airflow/.local/lib/python3.7/site-packages/airflow/example_dags/example_nested_branch_dag.py for tasks to queue
[2026-02-13T21:54:36.933+0000] {logging_mixin.py:137} INFO - [2026-02-13T21:54:36.932+0000] {dagbag.py:538} INFO - Filling up the DagBag from /home/airflow/.local/lib/python3.7/site-packages/airflow/example_dags/example_nested_branch_dag.py
[2026-02-13T21:54:36.946+0000] {processor.py:753} INFO - DAG(s) dict_keys(['example_nested_branch_dag']) retrieved from /home/airflow/.local/lib/python3.7/site-packages/airflow/example_dags/example_nested_branch_dag.py
[2026-02-13T21:54:36.969+0000] {logging_mixin.py:137} INFO - [2026-02-13T21:54:36.969+0000] {dag.py:2690} INFO - Sync 1 DAGs
[2026-02-13T21:54:36.985+0000] {logging_mixin.py:137} INFO - [2026-02-13T21:54:36.985+0000] {dag.py:3441} INFO - Setting next_dagrun for example_nested_branch_dag to 2026-02-12T00:00:00+00:00, run_after=2026-02-13T00:00:00+00:00
[2026-02-13T21:54:37.001+0000] {processor.py:175} INFO - Processing /home/airflow/.local/lib/python3.7/site-packages/airflow/example_dags/example_nested_branch_dag.py took 0.075 seconds
[2026-02-13T21:55:07.568+0000] {processor.py:153} INFO - Started process (PID=974) to work on /home/airflow/.local/lib/python3.7/site-packages/airflow/example_dags/example_nested_branch_dag.py
[2026-02-13T21:55:07.569+0000] {processor.py:743} INFO - Processing file /home/airflow/.local/lib/python3.7/site-packages/airflow/example_dags/example_nested_branch_dag.py for tasks to queue
[2026-02-13T21:55:07.569+0000] {logging_mixin.py:137} INFO - [2026-02-13T21:55:07.569+0000] {dagbag.py:538} INFO - Filling up the DagBag from /home/airflow/.local/lib/python3.7/site-packages/airflow/example_dags/example_nested_branch_dag.py
[2026-02-13T21:55:07.583+0000] {processor.py:753} INFO - DAG(s) dict_keys(['example_nested_branch_dag']) retrieved from /home/airflow/.local/lib/python3.7/site-packages/airflow/example_dags/example_nested_branch_dag.py
[2026-02-13T21:55:07.597+0000] {logging_mixin.py:137} INFO - [2026-02-13T21:55:07.597+0000] {dag.py:2690} INFO - Sync 1 DAGs
[2026-02-13T21:55:07.611+0000] {logging_mixin.py:137} INFO - [2026-02-13T21:55:07.610+0000] {dag.py:3441} INFO - Setting next_dagrun for example_nested_branch_dag to 2026-02-12T00:00:00+00:00, run_after=2026-02-13T00:00:00+00:00
[2026-02-13T21:55:07.628+0000] {processor.py:175} INFO - Processing /home/airflow/.local/lib/python3.7/site-packages/airflow/example_dags/example_nested_branch_dag.py took 0.061 seconds
[2026-02-13T21:55:38.073+0000] {processor.py:153} INFO - Started process (PID=1062) to work on /home/airflow/.local/lib/python3.7/site-packages/airflow/example_dags/example_nested_branch_dag.py
[2026-02-13T21:55:38.074+0000] {processor.py:743} INFO - Processing file /home/airflow/.local/lib/python3.7/site-packages/airflow/example_dags/example_nested_branch_dag.py for tasks to queue
[2026-02-13T21:55:38.074+0000] {logging_mixin.py:137} INFO - [2026-02-13T21:55:38.074+0000] {dagbag.py:538} INFO - Filling up the DagBag from /home/airflow/.local/lib/python3.7/site-packages/airflow/example_dags/example_nested_branch_dag.py
[2026-02-13T21:55:38.087+0000] {processor.py:753} INFO - DAG(s) dict_keys(['example_nested_branch_dag']) retrieved from /home/airflow/.local/lib/python3.7/site-packages/airflow/example_dags/example_nested_branch_dag.py
[2026-02-13T21:55:38.100+0000] {logging_mixin.py:137} INFO - [2026-02-13T21:55:38.100+0000] {dag.py:2690} INFO - Sync 1 DAGs
[2026-02-13T21:55:38.112+0000] {logging_mixin.py:137} INFO - [2026-02-13T21:55:38.112+0000] {dag.py:3441} INFO - Setting next_dagrun for example_nested_branch_dag to 2026-02-12T00:00:00+00:00, run_after=2026-02-13T00:00:00+00:00
[2026-02-13T21:55:38.125+0000] {processor.py:175} INFO - Processing /home/airflow/.local/lib/python3.7/site-packages/airflow/example_dags/example_nested_branch_dag.py took 0.053 seconds
[2026-02-13T21:56:08.567+0000] {processor.py:153} INFO - Started process (PID=1150) to work on /home/airflow/.local/lib/python3.7/site-packages/airflow/example_dags/example_nested_branch_dag.py
[2026-02-13T21:56:08.567+0000] {processor.py:743} INFO - Processing file /home/airflow/.local/lib/python3.7/site-packages/airflow/example_dags/example_nested_branch_dag.py for tasks to queue
[2026-02-13T21:56:08.567+0000] {logging_mixin.py:137} INFO - [2026-02-13T21:56:08.567+0000] {dagbag.py:538} INFO - Filling up the DagBag from /home/airflow/.local/lib/python3.7/site-packages/airflow/example_dags/example_nested_branch_dag.py
[2026-02-13T21:56:08.576+0000] {processor.py:753} INFO - DAG(s) dict_keys(['example_nested_branch_dag']) retrieved from /home/airflow/.local/lib/python3.7/site-packages/airflow/example_dags/example_nested_branch_dag.py
[2026-02-13T21:56:08.586+0000] {logging_mixin.py:137} INFO - [2026-02-13T21:56:08.586+0000] {dag.py:2690} INFO - Sync 1 DAGs
[2026-02-13T21:56:08.595+0000] {logging_mixin.py:137} INFO - [2026-02-13T21:56:08.595+0000] {dag.py:3441} INFO - Setting next_dagrun for example_nested_branch_dag to 2026-02-12T00:00:00+00:00, run_after=2026-02-13T00:00:00+00:00
[2026-02-13T21:56:08.601+0000] {processor.py:175} INFO - Processing /home/airflow/.local/lib/python3.7/site-packages/airflow/example_dags/example_nested_branch_dag.py took 0.036 seconds
[2026-02-13T21:56:39.439+0000] {processor.py:153} INFO - Started process (PID=1238) to work on /home/airflow/.local/lib/python3.7/site-packages/airflow/example_dags/example_nested_branch_dag.py
[2026-02-13T21:56:39.440+0000] {processor.py:743} INFO - Processing file /home/airflow/.local/lib/python3.7/site-packages/airflow/example_dags/example_nested_branch_dag.py for tasks to queue
[2026-02-13T21:56:39.441+0000] {logging_mixin.py:137} INFO - [2026-02-13T21:56:39.441+0000] {dagbag.py:538} INFO - Filling up the DagBag from /home/airflow/.local/lib/python3.7/site-packages/airflow/example_dags/example_nested_branch_dag.py
[2026-02-13T21:56:39.456+0000] {processor.py:753} INFO - DAG(s) dict_keys(['example_nested_branch_dag']) retrieved from /home/airflow/.local/lib/python3.7/site-packages/airflow/example_dags/example_nested_branch_dag.py
[2026-02-13T21:56:39.471+0000] {logging_mixin.py:137} INFO - [2026-02-13T21:56:39.471+0000] {dag.py:2690} INFO - Sync 1 DAGs
[2026-02-13T21:56:39.486+0000] {logging_mixin.py:137} INFO - [2026-02-13T21:56:39.485+0000] {dag.py:3441} INFO - Setting next_dagrun for example_nested_branch_dag to 2026-02-12T00:00:00+00:00, run_after=2026-02-13T00:00:00+00:00
[2026-02-13T21:56:39.494+0000] {processor.py:175} INFO - Processing /home/airflow/.local/lib/python3.7/site-packages/airflow/example_dags/example_nested_branch_dag.py took 0.057 seconds
[2026-02-13T22:01:03.830+0000] {processor.py:153} INFO - Started process (PID=52) to work on /home/airflow/.local/lib/python3.7/site-packages/airflow/example_dags/example_nested_branch_dag.py
[2026-02-13T22:01:03.835+0000] {processor.py:743} INFO - Processing file /home/airflow/.local/lib/python3.7/site-packages/airflow/example_dags/example_nested_branch_dag.py for tasks to queue
[2026-02-13T22:01:03.836+0000] {logging_mixin.py:137} INFO - [2026-02-13T22:01:03.836+0000] {dagbag.py:538} INFO - Filling up the DagBag from /home/airflow/.local/lib/python3.7/site-packages/airflow/example_dags/example_nested_branch_dag.py
[2026-02-13T22:01:03.859+0000] {processor.py:753} INFO - DAG(s) dict_keys(['example_nested_branch_dag']) retrieved from /home/airflow/.local/lib/python3.7/site-packages/airflow/example_dags/example_nested_branch_dag.py
[2026-02-13T22:01:03.869+0000] {logging_mixin.py:137} INFO - [2026-02-13T22:01:03.868+0000] {dag.py:2690} INFO - Sync 1 DAGs
[2026-02-13T22:01:03.891+0000] {logging_mixin.py:137} INFO - [2026-02-13T22:01:03.891+0000] {dag.py:3441} INFO - Setting next_dagrun for example_nested_branch_dag to 2026-02-12T00:00:00+00:00, run_after=2026-02-13T00:00:00+00:00
[2026-02-13T22:01:03.912+0000] {processor.py:175} INFO - Processing /home/airflow/.local/lib/python3.7/site-packages/airflow/example_dags/example_nested_branch_dag.py took 0.088 seconds
[2026-02-13T22:01:34.591+0000] {processor.py:153} INFO - Started process (PID=139) to work on /home/airflow/.local/lib/python3.7/site-packages/airflow/example_dags/example_nested_branch_dag.py
[2026-02-13T22:01:34.592+0000] {processor.py:743} INFO - Processing file /home/airflow/.local/lib/python3.7/site-packages/airflow/example_dags/example_nested_branch_dag.py for tasks to queue
[2026-02-13T22:01:34.592+0000] {logging_mixin.py:137} INFO - [2026-02-13T22:01:34.592+0000] {dagbag.py:538} INFO - Filling up the DagBag from /home/airflow/.local/lib/python3.7/site-packages/airflow/example_dags/example_nested_branch_dag.py
[2026-02-13T22:01:34.606+0000] {processor.py:753} INFO - DAG(s) dict_keys(['example_nested_branch_dag']) retrieved from /home/airflow/.local/lib/python3.7/site-packages/airflow/example_dags/example_nested_branch_dag.py
[2026-02-13T22:01:34.621+0000] {logging_mixin.py:137} INFO - [2026-02-13T22:01:34.621+0000] {dag.py:2690} INFO - Sync 1 DAGs
[2026-02-13T22:01:34.636+0000] {logging_mixin.py:137} INFO - [2026-02-13T22:01:34.636+0000] {dag.py:3441} INFO - Setting next_dagrun for example_nested_branch_dag to 2026-02-12T00:00:00+00:00, run_after=2026-02-13T00:00:00+00:00
[2026-02-13T22:01:34.649+0000] {processor.py:175} INFO - Processing /home/airflow/.local/lib/python3.7/site-packages/airflow/example_dags/example_nested_branch_dag.py took 0.059 seconds
[2026-02-13T22:02:05.138+0000] {processor.py:153} INFO - Started process (PID=229) to work on /home/airflow/.local/lib/python3.7/site-packages/airflow/example_dags/example_nested_branch_dag.py
[2026-02-13T22:02:05.139+0000] {processor.py:743} INFO - Processing file /home/airflow/.local/lib/python3.7/site-packages/airflow/example_dags/example_nested_branch_dag.py for tasks to queue
[2026-02-13T22:02:05.141+0000] {logging_mixin.py:137} INFO - [2026-02-13T22:02:05.140+0000] {dagbag.py:538} INFO - Filling up the DagBag from /home/airflow/.local/lib/python3.7/site-packages/airflow/example_dags/example_nested_branch_dag.py
[2026-02-13T22:02:05.152+0000] {processor.py:753} INFO - DAG(s) dict_keys(['example_nested_branch_dag']) retrieved from /home/airflow/.local/lib/python3.7/site-packages/airflow/example_dags/example_nested_branch_dag.py
[2026-02-13T22:02:05.168+0000] {logging_mixin.py:137} INFO - [2026-02-13T22:02:05.168+0000] {dag.py:2690} INFO - Sync 1 DAGs
[2026-02-13T22:02:05.181+0000] {logging_mixin.py:137} INFO - [2026-02-13T22:02:05.181+0000] {dag.py:3441} INFO - Setting next_dagrun for example_nested_branch_dag to 2026-02-12T00:00:00+00:00, run_after=2026-02-13T00:00:00+00:00
[2026-02-13T22:02:05.194+0000] {processor.py:175} INFO - Processing /home/airflow/.local/lib/python3.7/site-packages/airflow/example_dags/example_nested_branch_dag.py took 0.057 seconds
[2026-02-13T22:02:35.729+0000] {processor.py:153} INFO - Started process (PID=301) to work on /home/airflow/.local/lib/python3.7/site-packages/airflow/example_dags/example_nested_branch_dag.py
[2026-02-13T22:02:35.729+0000] {processor.py:743} INFO - Processing file /home/airflow/.local/lib/python3.7/site-packages/airflow/example_dags/example_nested_branch_dag.py for tasks to queue
[2026-02-13T22:02:35.730+0000] {logging_mixin.py:137} INFO - [2026-02-13T22:02:35.730+0000] {dagbag.py:538} INFO - Filling up the DagBag from /home/airflow/.local/lib/python3.7/site-packages/airflow/example_dags/example_nested_branch_dag.py
[2026-02-13T22:02:35.743+0000] {processor.py:753} INFO - DAG(s) dict_keys(['example_nested_branch_dag']) retrieved from /home/airflow/.local/lib/python3.7/site-packages/airflow/example_dags/example_nested_branch_dag.py
[2026-02-13T22:02:35.760+0000] {logging_mixin.py:137} INFO - [2026-02-13T22:02:35.758+0000] {dag.py:2690} INFO - Sync 1 DAGs
[2026-02-13T22:02:35.771+0000] {logging_mixin.py:137} INFO - [2026-02-13T22:02:35.771+0000] {dag.py:3441} INFO - Setting next_dagrun for example_nested_branch_dag to 2026-02-12T00:00:00+00:00, run_after=2026-02-13T00:00:00+00:00
[2026-02-13T22:02:35.781+0000] {processor.py:175} INFO - Processing /home/airflow/.local/lib/python3.7/site-packages/airflow/example_dags/example_nested_branch_dag.py took 0.054 seconds
[2026-02-13T22:03:30.034+0000] {processor.py:153} INFO - Started process (PID=52) to work on /home/airflow/.local/lib/python3.7/site-packages/airflow/example_dags/example_nested_branch_dag.py
[2026-02-13T22:03:30.036+0000] {processor.py:743} INFO - Processing file /home/airflow/.local/lib/python3.7/site-packages/airflow/example_dags/example_nested_branch_dag.py for tasks to queue
[2026-02-13T22:03:30.037+0000] {logging_mixin.py:137} INFO - [2026-02-13T22:03:30.036+0000] {dagbag.py:538} INFO - Filling up the DagBag from /home/airflow/.local/lib/python3.7/site-packages/airflow/example_dags/example_nested_branch_dag.py
[2026-02-13T22:03:30.053+0000] {processor.py:753} INFO - DAG(s) dict_keys(['example_nested_branch_dag']) retrieved from /home/airflow/.local/lib/python3.7/site-packages/airflow/example_dags/example_nested_branch_dag.py
[2026-02-13T22:03:30.064+0000] {logging_mixin.py:137} INFO - [2026-02-13T22:03:30.063+0000] {dag.py:2690} INFO - Sync 1 DAGs
[2026-02-13T22:03:30.082+0000] {logging_mixin.py:137} INFO - [2026-02-13T22:03:30.082+0000] {dag.py:3441} INFO - Setting next_dagrun for example_nested_branch_dag to 2026-02-12T00:00:00+00:00, run_after=2026-02-13T00:00:00+00:00
[2026-02-13T22:03:30.092+0000] {processor.py:175} INFO - Processing /home/airflow/.local/lib/python3.7/site-packages/airflow/example_dags/example_nested_branch_dag.py took 0.062 seconds
[2026-02-13T22:04:00.805+0000] {processor.py:153} INFO - Started process (PID=139) to work on /home/airflow/.local/lib/python3.7/site-packages/airflow/example_dags/example_nested_branch_dag.py
[2026-02-13T22:04:00.806+0000] {processor.py:743} INFO - Processing file /home/airflow/.local/lib/python3.7/site-packages/airflow/example_dags/example_nested_branch_dag.py for tasks to queue
[2026-02-13T22:04:00.806+0000] {logging_mixin.py:137} INFO - [2026-02-13T22:04:00.806+0000] {dagbag.py:538} INFO - Filling up the DagBag from /home/airflow/.local/lib/python3.7/site-packages/airflow/example_dags/example_nested_branch_dag.py
[2026-02-13T22:04:00.820+0000] {processor.py:753} INFO - DAG(s) dict_keys(['example_nested_branch_dag']) retrieved from /home/airflow/.local/lib/python3.7/site-packages/airflow/example_dags/example_nested_branch_dag.py
[2026-02-13T22:04:00.835+0000] {logging_mixin.py:137} INFO - [2026-02-13T22:04:00.835+0000] {dag.py:2690} INFO - Sync 1 DAGs
[2026-02-13T22:04:00.877+0000] {logging_mixin.py:137} INFO - [2026-02-13T22:04:00.870+0000] {dag.py:3441} INFO - Setting next_dagrun for example_nested_branch_dag to 2026-02-12T00:00:00+00:00, run_after=2026-02-13T00:00:00+00:00
[2026-02-13T22:04:00.894+0000] {processor.py:175} INFO - Processing /home/airflow/.local/lib/python3.7/site-packages/airflow/example_dags/example_nested_branch_dag.py took 0.091 seconds
[2026-02-13T22:04:31.885+0000] {processor.py:153} INFO - Started process (PID=220) to work on /home/airflow/.local/lib/python3.7/site-packages/airflow/example_dags/example_nested_branch_dag.py
[2026-02-13T22:04:31.886+0000] {processor.py:743} INFO - Processing file /home/airflow/.local/lib/python3.7/site-packages/airflow/example_dags/example_nested_branch_dag.py for tasks to queue
[2026-02-13T22:04:31.887+0000] {logging_mixin.py:137} INFO - [2026-02-13T22:04:31.887+0000] {dagbag.py:538} INFO - Filling up the DagBag from /home/airflow/.local/lib/python3.7/site-packages/airflow/example_dags/example_nested_branch_dag.py
[2026-02-13T22:04:31.899+0000] {processor.py:753} INFO - DAG(s) dict_keys(['example_nested_branch_dag']) retrieved from /home/airflow/.local/lib/python3.7/site-packages/airflow/example_dags/example_nested_branch_dag.py
[2026-02-13T22:04:31.917+0000] {logging_mixin.py:137} INFO - [2026-02-13T22:04:31.917+0000] {dag.py:2690} INFO - Sync 1 DAGs
[2026-02-13T22:04:31.938+0000] {logging_mixin.py:137} INFO - [2026-02-13T22:04:31.938+0000] {dag.py:3441} INFO - Setting next_dagrun for example_nested_branch_dag to 2026-02-12T00:00:00+00:00, run_after=2026-02-13T00:00:00+00:00
[2026-02-13T22:04:31.956+0000] {processor.py:175} INFO - Processing /home/airflow/.local/lib/python3.7/site-packages/airflow/example_dags/example_nested_branch_dag.py took 0.073 seconds
[2026-02-13T22:05:02.646+0000] {processor.py:153} INFO - Started process (PID=299) to work on /home/airflow/.local/lib/python3.7/site-packages/airflow/example_dags/example_nested_branch_dag.py
[2026-02-13T22:05:02.648+0000] {processor.py:743} INFO - Processing file /home/airflow/.local/lib/python3.7/site-packages/airflow/example_dags/example_nested_branch_dag.py for tasks to queue
[2026-02-13T22:05:02.648+0000] {logging_mixin.py:137} INFO - [2026-02-13T22:05:02.648+0000] {dagbag.py:538} INFO - Filling up the DagBag from /home/airflow/.local/lib/python3.7/site-packages/airflow/example_dags/example_nested_branch_dag.py
[2026-02-13T22:05:02.661+0000] {processor.py:753} INFO - DAG(s) dict_keys(['example_nested_branch_dag']) retrieved from /home/airflow/.local/lib/python3.7/site-packages/airflow/example_dags/example_nested_branch_dag.py
[2026-02-13T22:05:02.678+0000] {logging_mixin.py:137} INFO - [2026-02-13T22:05:02.678+0000] {dag.py:2690} INFO - Sync 1 DAGs
[2026-02-13T22:05:02.690+0000] {logging_mixin.py:137} INFO - [2026-02-13T22:05:02.690+0000] {dag.py:3441} INFO - Setting next_dagrun for example_nested_branch_dag to 2026-02-12T00:00:00+00:00, run_after=2026-02-13T00:00:00+00:00
[2026-02-13T22:05:02.701+0000] {processor.py:175} INFO - Processing /home/airflow/.local/lib/python3.7/site-packages/airflow/example_dags/example_nested_branch_dag.py took 0.056 seconds
[2026-02-13T22:05:33.234+0000] {processor.py:153} INFO - Started process (PID=387) to work on /home/airflow/.local/lib/python3.7/site-packages/airflow/example_dags/example_nested_branch_dag.py
[2026-02-13T22:05:33.235+0000] {processor.py:743} INFO - Processing file /home/airflow/.local/lib/python3.7/site-packages/airflow/example_dags/example_nested_branch_dag.py for tasks to queue
[2026-02-13T22:05:33.236+0000] {logging_mixin.py:137} INFO - [2026-02-13T22:05:33.235+0000] {dagbag.py:538} INFO - Filling up the DagBag from /home/airflow/.local/lib/python3.7/site-packages/airflow/example_dags/example_nested_branch_dag.py
[2026-02-13T22:05:33.249+0000] {processor.py:753} INFO - DAG(s) dict_keys(['example_nested_branch_dag']) retrieved from /home/airflow/.local/lib/python3.7/site-packages/airflow/example_dags/example_nested_branch_dag.py
[2026-02-13T22:05:33.263+0000] {logging_mixin.py:137} INFO - [2026-02-13T22:05:33.263+0000] {dag.py:2690} INFO - Sync 1 DAGs
[2026-02-13T22:05:33.276+0000] {logging_mixin.py:137} INFO - [2026-02-13T22:05:33.276+0000] {dag.py:3441} INFO - Setting next_dagrun for example_nested_branch_dag to 2026-02-12T00:00:00+00:00, run_after=2026-02-13T00:00:00+00:00
[2026-02-13T22:05:33.287+0000] {processor.py:175} INFO - Processing /home/airflow/.local/lib/python3.7/site-packages/airflow/example_dags/example_nested_branch_dag.py took 0.056 seconds
[2026-02-13T22:06:33.207+0000] {processor.py:153} INFO - Started process (PID=54) to work on /home/airflow/.local/lib/python3.7/site-packages/airflow/example_dags/example_nested_branch_dag.py
[2026-02-13T22:06:33.209+0000] {processor.py:743} INFO - Processing file /home/airflow/.local/lib/python3.7/site-packages/airflow/example_dags/example_nested_branch_dag.py for tasks to queue
[2026-02-13T22:06:33.211+0000] {logging_mixin.py:137} INFO - [2026-02-13T22:06:33.211+0000] {dagbag.py:538} INFO - Filling up the DagBag from /home/airflow/.local/lib/python3.7/site-packages/airflow/example_dags/example_nested_branch_dag.py
[2026-02-13T22:06:33.230+0000] {processor.py:753} INFO - DAG(s) dict_keys(['example_nested_branch_dag']) retrieved from /home/airflow/.local/lib/python3.7/site-packages/airflow/example_dags/example_nested_branch_dag.py
[2026-02-13T22:06:33.239+0000] {logging_mixin.py:137} INFO - [2026-02-13T22:06:33.239+0000] {dag.py:2690} INFO - Sync 1 DAGs
[2026-02-13T22:06:33.261+0000] {logging_mixin.py:137} INFO - [2026-02-13T22:06:33.261+0000] {dag.py:3441} INFO - Setting next_dagrun for example_nested_branch_dag to 2026-02-12T00:00:00+00:00, run_after=2026-02-13T00:00:00+00:00
[2026-02-13T22:06:33.274+0000] {processor.py:175} INFO - Processing /home/airflow/.local/lib/python3.7/site-packages/airflow/example_dags/example_nested_branch_dag.py took 0.070 seconds
[2026-02-13T22:07:04.342+0000] {processor.py:153} INFO - Started process (PID=143) to work on /home/airflow/.local/lib/python3.7/site-packages/airflow/example_dags/example_nested_branch_dag.py
[2026-02-13T22:07:04.343+0000] {processor.py:743} INFO - Processing file /home/airflow/.local/lib/python3.7/site-packages/airflow/example_dags/example_nested_branch_dag.py for tasks to queue
[2026-02-13T22:07:04.344+0000] {logging_mixin.py:137} INFO - [2026-02-13T22:07:04.344+0000] {dagbag.py:538} INFO - Filling up the DagBag from /home/airflow/.local/lib/python3.7/site-packages/airflow/example_dags/example_nested_branch_dag.py
[2026-02-13T22:07:04.362+0000] {processor.py:753} INFO - DAG(s) dict_keys(['example_nested_branch_dag']) retrieved from /home/airflow/.local/lib/python3.7/site-packages/airflow/example_dags/example_nested_branch_dag.py
[2026-02-13T22:07:04.382+0000] {logging_mixin.py:137} INFO - [2026-02-13T22:07:04.381+0000] {dag.py:2690} INFO - Sync 1 DAGs
[2026-02-13T22:07:04.401+0000] {logging_mixin.py:137} INFO - [2026-02-13T22:07:04.401+0000] {dag.py:3441} INFO - Setting next_dagrun for example_nested_branch_dag to 2026-02-12T00:00:00+00:00, run_after=2026-02-13T00:00:00+00:00
[2026-02-13T22:07:04.421+0000] {processor.py:175} INFO - Processing /home/airflow/.local/lib/python3.7/site-packages/airflow/example_dags/example_nested_branch_dag.py took 0.081 seconds
[2026-02-13T22:07:34.545+0000] {processor.py:153} INFO - Started process (PID=232) to work on /home/airflow/.local/lib/python3.7/site-packages/airflow/example_dags/example_nested_branch_dag.py
[2026-02-13T22:07:34.546+0000] {processor.py:743} INFO - Processing file /home/airflow/.local/lib/python3.7/site-packages/airflow/example_dags/example_nested_branch_dag.py for tasks to queue
[2026-02-13T22:07:34.546+0000] {logging_mixin.py:137} INFO - [2026-02-13T22:07:34.546+0000] {dagbag.py:538} INFO - Filling up the DagBag from /home/airflow/.local/lib/python3.7/site-packages/airflow/example_dags/example_nested_branch_dag.py
[2026-02-13T22:07:34.563+0000] {processor.py:753} INFO - DAG(s) dict_keys(['example_nested_branch_dag']) retrieved from /home/airflow/.local/lib/python3.7/site-packages/airflow/example_dags/example_nested_branch_dag.py
[2026-02-13T22:07:34.578+0000] {logging_mixin.py:137} INFO - [2026-02-13T22:07:34.578+0000] {dag.py:2690} INFO - Sync 1 DAGs
[2026-02-13T22:07:34.592+0000] {logging_mixin.py:137} INFO - [2026-02-13T22:07:34.592+0000] {dag.py:3441} INFO - Setting next_dagrun for example_nested_branch_dag to 2026-02-12T00:00:00+00:00, run_after=2026-02-13T00:00:00+00:00
[2026-02-13T22:07:34.600+0000] {processor.py:175} INFO - Processing /home/airflow/.local/lib/python3.7/site-packages/airflow/example_dags/example_nested_branch_dag.py took 0.056 seconds
[2026-02-13T22:08:05.241+0000] {processor.py:153} INFO - Started process (PID=305) to work on /home/airflow/.local/lib/python3.7/site-packages/airflow/example_dags/example_nested_branch_dag.py
[2026-02-13T22:08:05.242+0000] {processor.py:743} INFO - Processing file /home/airflow/.local/lib/python3.7/site-packages/airflow/example_dags/example_nested_branch_dag.py for tasks to queue
[2026-02-13T22:08:05.242+0000] {logging_mixin.py:137} INFO - [2026-02-13T22:08:05.242+0000] {dagbag.py:538} INFO - Filling up the DagBag from /home/airflow/.local/lib/python3.7/site-packages/airflow/example_dags/example_nested_branch_dag.py
[2026-02-13T22:08:05.253+0000] {processor.py:753} INFO - DAG(s) dict_keys(['example_nested_branch_dag']) retrieved from /home/airflow/.local/lib/python3.7/site-packages/airflow/example_dags/example_nested_branch_dag.py
[2026-02-13T22:08:05.266+0000] {logging_mixin.py:137} INFO - [2026-02-13T22:08:05.266+0000] {dag.py:2690} INFO - Sync 1 DAGs
[2026-02-13T22:08:05.280+0000] {logging_mixin.py:137} INFO - [2026-02-13T22:08:05.280+0000] {dag.py:3441} INFO - Setting next_dagrun for example_nested_branch_dag to 2026-02-12T00:00:00+00:00, run_after=2026-02-13T00:00:00+00:00
[2026-02-13T22:08:05.291+0000] {processor.py:175} INFO - Processing /home/airflow/.local/lib/python3.7/site-packages/airflow/example_dags/example_nested_branch_dag.py took 0.052 seconds
[2026-02-13T22:08:35.978+0000] {processor.py:153} INFO - Started process (PID=394) to work on /home/airflow/.local/lib/python3.7/site-packages/airflow/example_dags/example_nested_branch_dag.py
[2026-02-13T22:08:35.978+0000] {processor.py:743} INFO - Processing file /home/airflow/.local/lib/python3.7/site-packages/airflow/example_dags/example_nested_branch_dag.py for tasks to queue
[2026-02-13T22:08:35.980+0000] {logging_mixin.py:137} INFO - [2026-02-13T22:08:35.980+0000] {dagbag.py:538} INFO - Filling up the DagBag from /home/airflow/.local/lib/python3.7/site-packages/airflow/example_dags/example_nested_branch_dag.py
[2026-02-13T22:08:35.990+0000] {processor.py:753} INFO - DAG(s) dict_keys(['example_nested_branch_dag']) retrieved from /home/airflow/.local/lib/python3.7/site-packages/airflow/example_dags/example_nested_branch_dag.py
[2026-02-13T22:08:36.004+0000] {logging_mixin.py:137} INFO - [2026-02-13T22:08:36.004+0000] {dag.py:2690} INFO - Sync 1 DAGs
[2026-02-13T22:08:36.019+0000] {logging_mixin.py:137} INFO - [2026-02-13T22:08:36.019+0000] {dag.py:3441} INFO - Setting next_dagrun for example_nested_branch_dag to 2026-02-12T00:00:00+00:00, run_after=2026-02-13T00:00:00+00:00
[2026-02-13T22:08:36.031+0000] {processor.py:175} INFO - Processing /home/airflow/.local/lib/python3.7/site-packages/airflow/example_dags/example_nested_branch_dag.py took 0.055 seconds
[2026-02-13T22:09:06.685+0000] {processor.py:153} INFO - Started process (PID=483) to work on /home/airflow/.local/lib/python3.7/site-packages/airflow/example_dags/example_nested_branch_dag.py
[2026-02-13T22:09:06.686+0000] {processor.py:743} INFO - Processing file /home/airflow/.local/lib/python3.7/site-packages/airflow/example_dags/example_nested_branch_dag.py for tasks to queue
[2026-02-13T22:09:06.686+0000] {logging_mixin.py:137} INFO - [2026-02-13T22:09:06.686+0000] {dagbag.py:538} INFO - Filling up the DagBag from /home/airflow/.local/lib/python3.7/site-packages/airflow/example_dags/example_nested_branch_dag.py
[2026-02-13T22:09:06.698+0000] {processor.py:753} INFO - DAG(s) dict_keys(['example_nested_branch_dag']) retrieved from /home/airflow/.local/lib/python3.7/site-packages/airflow/example_dags/example_nested_branch_dag.py
[2026-02-13T22:09:06.714+0000] {logging_mixin.py:137} INFO - [2026-02-13T22:09:06.713+0000] {dag.py:2690} INFO - Sync 1 DAGs
[2026-02-13T22:09:06.729+0000] {logging_mixin.py:137} INFO - [2026-02-13T22:09:06.729+0000] {dag.py:3441} INFO - Setting next_dagrun for example_nested_branch_dag to 2026-02-12T00:00:00+00:00, run_after=2026-02-13T00:00:00+00:00
[2026-02-13T22:09:06.739+0000] {processor.py:175} INFO - Processing /home/airflow/.local/lib/python3.7/site-packages/airflow/example_dags/example_nested_branch_dag.py took 0.055 seconds
[2026-02-13T22:09:37.228+0000] {processor.py:153} INFO - Started process (PID=571) to work on /home/airflow/.local/lib/python3.7/site-packages/airflow/example_dags/example_nested_branch_dag.py
[2026-02-13T22:09:37.229+0000] {processor.py:743} INFO - Processing file /home/airflow/.local/lib/python3.7/site-packages/airflow/example_dags/example_nested_branch_dag.py for tasks to queue
[2026-02-13T22:09:37.230+0000] {logging_mixin.py:137} INFO - [2026-02-13T22:09:37.230+0000] {dagbag.py:538} INFO - Filling up the DagBag from /home/airflow/.local/lib/python3.7/site-packages/airflow/example_dags/example_nested_branch_dag.py
[2026-02-13T22:09:37.240+0000] {processor.py:753} INFO - DAG(s) dict_keys(['example_nested_branch_dag']) retrieved from /home/airflow/.local/lib/python3.7/site-packages/airflow/example_dags/example_nested_branch_dag.py
[2026-02-13T22:09:37.252+0000] {logging_mixin.py:137} INFO - [2026-02-13T22:09:37.252+0000] {dag.py:2690} INFO - Sync 1 DAGs
[2026-02-13T22:09:37.266+0000] {logging_mixin.py:137} INFO - [2026-02-13T22:09:37.266+0000] {dag.py:3441} INFO - Setting next_dagrun for example_nested_branch_dag to 2026-02-12T00:00:00+00:00, run_after=2026-02-13T00:00:00+00:00
[2026-02-13T22:09:37.277+0000] {processor.py:175} INFO - Processing /home/airflow/.local/lib/python3.7/site-packages/airflow/example_dags/example_nested_branch_dag.py took 0.051 seconds
[2026-02-13T22:10:07.869+0000] {processor.py:153} INFO - Started process (PID=644) to work on /home/airflow/.local/lib/python3.7/site-packages/airflow/example_dags/example_nested_branch_dag.py
[2026-02-13T22:10:07.871+0000] {processor.py:743} INFO - Processing file /home/airflow/.local/lib/python3.7/site-packages/airflow/example_dags/example_nested_branch_dag.py for tasks to queue
[2026-02-13T22:10:07.871+0000] {logging_mixin.py:137} INFO - [2026-02-13T22:10:07.871+0000] {dagbag.py:538} INFO - Filling up the DagBag from /home/airflow/.local/lib/python3.7/site-packages/airflow/example_dags/example_nested_branch_dag.py
[2026-02-13T22:10:07.885+0000] {processor.py:753} INFO - DAG(s) dict_keys(['example_nested_branch_dag']) retrieved from /home/airflow/.local/lib/python3.7/site-packages/airflow/example_dags/example_nested_branch_dag.py
[2026-02-13T22:10:07.899+0000] {logging_mixin.py:137} INFO - [2026-02-13T22:10:07.898+0000] {dag.py:2690} INFO - Sync 1 DAGs
[2026-02-13T22:10:07.912+0000] {logging_mixin.py:137} INFO - [2026-02-13T22:10:07.912+0000] {dag.py:3441} INFO - Setting next_dagrun for example_nested_branch_dag to 2026-02-12T00:00:00+00:00, run_after=2026-02-13T00:00:00+00:00
[2026-02-13T22:10:07.919+0000] {processor.py:175} INFO - Processing /home/airflow/.local/lib/python3.7/site-packages/airflow/example_dags/example_nested_branch_dag.py took 0.051 seconds
[2026-02-13T22:10:38.520+0000] {processor.py:153} INFO - Started process (PID=732) to work on /home/airflow/.local/lib/python3.7/site-packages/airflow/example_dags/example_nested_branch_dag.py
[2026-02-13T22:10:38.521+0000] {processor.py:743} INFO - Processing file /home/airflow/.local/lib/python3.7/site-packages/airflow/example_dags/example_nested_branch_dag.py for tasks to queue
[2026-02-13T22:10:38.521+0000] {logging_mixin.py:137} INFO - [2026-02-13T22:10:38.521+0000] {dagbag.py:538} INFO - Filling up the DagBag from /home/airflow/.local/lib/python3.7/site-packages/airflow/example_dags/example_nested_branch_dag.py
[2026-02-13T22:10:38.532+0000] {processor.py:753} INFO - DAG(s) dict_keys(['example_nested_branch_dag']) retrieved from /home/airflow/.local/lib/python3.7/site-packages/airflow/example_dags/example_nested_branch_dag.py
[2026-02-13T22:10:38.542+0000] {logging_mixin.py:137} INFO - [2026-02-13T22:10:38.542+0000] {dag.py:2690} INFO - Sync 1 DAGs
[2026-02-13T22:10:38.557+0000] {logging_mixin.py:137} INFO - [2026-02-13T22:10:38.557+0000] {dag.py:3441} INFO - Setting next_dagrun for example_nested_branch_dag to 2026-02-12T00:00:00+00:00, run_after=2026-02-13T00:00:00+00:00
[2026-02-13T22:10:38.568+0000] {processor.py:175} INFO - Processing /home/airflow/.local/lib/python3.7/site-packages/airflow/example_dags/example_nested_branch_dag.py took 0.050 seconds
[2026-02-13T22:11:09.077+0000] {processor.py:153} INFO - Started process (PID=821) to work on /home/airflow/.local/lib/python3.7/site-packages/airflow/example_dags/example_nested_branch_dag.py
[2026-02-13T22:11:09.078+0000] {processor.py:743} INFO - Processing file /home/airflow/.local/lib/python3.7/site-packages/airflow/example_dags/example_nested_branch_dag.py for tasks to queue
[2026-02-13T22:11:09.078+0000] {logging_mixin.py:137} INFO - [2026-02-13T22:11:09.078+0000] {dagbag.py:538} INFO - Filling up the DagBag from /home/airflow/.local/lib/python3.7/site-packages/airflow/example_dags/example_nested_branch_dag.py
[2026-02-13T22:11:09.092+0000] {processor.py:753} INFO - DAG(s) dict_keys(['example_nested_branch_dag']) retrieved from /home/airflow/.local/lib/python3.7/site-packages/airflow/example_dags/example_nested_branch_dag.py
[2026-02-13T22:11:09.109+0000] {logging_mixin.py:137} INFO - [2026-02-13T22:11:09.109+0000] {dag.py:2690} INFO - Sync 1 DAGs
[2026-02-13T22:11:09.126+0000] {logging_mixin.py:137} INFO - [2026-02-13T22:11:09.126+0000] {dag.py:3441} INFO - Setting next_dagrun for example_nested_branch_dag to 2026-02-12T00:00:00+00:00, run_after=2026-02-13T00:00:00+00:00
[2026-02-13T22:11:09.137+0000] {processor.py:175} INFO - Processing /home/airflow/.local/lib/python3.7/site-packages/airflow/example_dags/example_nested_branch_dag.py took 0.061 seconds
[2026-02-13T22:11:39.676+0000] {processor.py:153} INFO - Started process (PID=909) to work on /home/airflow/.local/lib/python3.7/site-packages/airflow/example_dags/example_nested_branch_dag.py
[2026-02-13T22:11:39.677+0000] {processor.py:743} INFO - Processing file /home/airflow/.local/lib/python3.7/site-packages/airflow/example_dags/example_nested_branch_dag.py for tasks to queue
[2026-02-13T22:11:39.677+0000] {logging_mixin.py:137} INFO - [2026-02-13T22:11:39.677+0000] {dagbag.py:538} INFO - Filling up the DagBag from /home/airflow/.local/lib/python3.7/site-packages/airflow/example_dags/example_nested_branch_dag.py
[2026-02-13T22:11:39.690+0000] {processor.py:753} INFO - DAG(s) dict_keys(['example_nested_branch_dag']) retrieved from /home/airflow/.local/lib/python3.7/site-packages/airflow/example_dags/example_nested_branch_dag.py
[2026-02-13T22:11:39.701+0000] {logging_mixin.py:137} INFO - [2026-02-13T22:11:39.701+0000] {dag.py:2690} INFO - Sync 1 DAGs
[2026-02-13T22:11:39.714+0000] {logging_mixin.py:137} INFO - [2026-02-13T22:11:39.714+0000] {dag.py:3441} INFO - Setting next_dagrun for example_nested_branch_dag to 2026-02-12T00:00:00+00:00, run_after=2026-02-13T00:00:00+00:00
[2026-02-13T22:11:39.729+0000] {processor.py:175} INFO - Processing /home/airflow/.local/lib/python3.7/site-packages/airflow/example_dags/example_nested_branch_dag.py took 0.055 seconds
[2026-02-13T22:12:10.236+0000] {processor.py:153} INFO - Started process (PID=982) to work on /home/airflow/.local/lib/python3.7/site-packages/airflow/example_dags/example_nested_branch_dag.py
[2026-02-13T22:12:10.237+0000] {processor.py:743} INFO - Processing file /home/airflow/.local/lib/python3.7/site-packages/airflow/example_dags/example_nested_branch_dag.py for tasks to queue
[2026-02-13T22:12:10.238+0000] {logging_mixin.py:137} INFO - [2026-02-13T22:12:10.238+0000] {dagbag.py:538} INFO - Filling up the DagBag from /home/airflow/.local/lib/python3.7/site-packages/airflow/example_dags/example_nested_branch_dag.py
[2026-02-13T22:12:10.249+0000] {processor.py:753} INFO - DAG(s) dict_keys(['example_nested_branch_dag']) retrieved from /home/airflow/.local/lib/python3.7/site-packages/airflow/example_dags/example_nested_branch_dag.py
[2026-02-13T22:12:10.261+0000] {logging_mixin.py:137} INFO - [2026-02-13T22:12:10.261+0000] {dag.py:2690} INFO - Sync 1 DAGs
[2026-02-13T22:12:10.271+0000] {logging_mixin.py:137} INFO - [2026-02-13T22:12:10.271+0000] {dag.py:3441} INFO - Setting next_dagrun for example_nested_branch_dag to 2026-02-12T00:00:00+00:00, run_after=2026-02-13T00:00:00+00:00
[2026-02-13T22:12:10.283+0000] {processor.py:175} INFO - Processing /home/airflow/.local/lib/python3.7/site-packages/airflow/example_dags/example_nested_branch_dag.py took 0.048 seconds
[2026-02-13T22:12:40.870+0000] {processor.py:153} INFO - Started process (PID=1071) to work on /home/airflow/.local/lib/python3.7/site-packages/airflow/example_dags/example_nested_branch_dag.py
[2026-02-13T22:12:40.871+0000] {processor.py:743} INFO - Processing file /home/airflow/.local/lib/python3.7/site-packages/airflow/example_dags/example_nested_branch_dag.py for tasks to queue
[2026-02-13T22:12:40.872+0000] {logging_mixin.py:137} INFO - [2026-02-13T22:12:40.872+0000] {dagbag.py:538} INFO - Filling up the DagBag from /home/airflow/.local/lib/python3.7/site-packages/airflow/example_dags/example_nested_branch_dag.py
[2026-02-13T22:12:40.883+0000] {processor.py:753} INFO - DAG(s) dict_keys(['example_nested_branch_dag']) retrieved from /home/airflow/.local/lib/python3.7/site-packages/airflow/example_dags/example_nested_branch_dag.py
[2026-02-13T22:12:40.900+0000] {logging_mixin.py:137} INFO - [2026-02-13T22:12:40.900+0000] {dag.py:2690} INFO - Sync 1 DAGs
[2026-02-13T22:12:40.913+0000] {logging_mixin.py:137} INFO - [2026-02-13T22:12:40.912+0000] {dag.py:3441} INFO - Setting next_dagrun for example_nested_branch_dag to 2026-02-12T00:00:00+00:00, run_after=2026-02-13T00:00:00+00:00
[2026-02-13T22:12:40.921+0000] {processor.py:175} INFO - Processing /home/airflow/.local/lib/python3.7/site-packages/airflow/example_dags/example_nested_branch_dag.py took 0.055 seconds
[2026-02-13T22:20:57.250+0000] {processor.py:153} INFO - Started process (PID=93) to work on /home/airflow/.local/lib/python3.7/site-packages/airflow/example_dags/example_nested_branch_dag.py
[2026-02-13T22:20:57.251+0000] {processor.py:743} INFO - Processing file /home/airflow/.local/lib/python3.7/site-packages/airflow/example_dags/example_nested_branch_dag.py for tasks to queue
[2026-02-13T22:20:57.251+0000] {logging_mixin.py:137} INFO - [2026-02-13T22:20:57.251+0000] {dagbag.py:538} INFO - Filling up the DagBag from /home/airflow/.local/lib/python3.7/site-packages/airflow/example_dags/example_nested_branch_dag.py
[2026-02-13T22:20:57.261+0000] {processor.py:753} INFO - DAG(s) dict_keys(['example_nested_branch_dag']) retrieved from /home/airflow/.local/lib/python3.7/site-packages/airflow/example_dags/example_nested_branch_dag.py
[2026-02-13T22:20:57.267+0000] {logging_mixin.py:137} INFO - [2026-02-13T22:20:57.266+0000] {dag.py:2690} INFO - Sync 1 DAGs
[2026-02-13T22:20:57.279+0000] {logging_mixin.py:137} INFO - [2026-02-13T22:20:57.279+0000] {dag.py:3441} INFO - Setting next_dagrun for example_nested_branch_dag to 2026-02-12T00:00:00+00:00, run_after=2026-02-13T00:00:00+00:00
[2026-02-13T22:20:57.285+0000] {processor.py:175} INFO - Processing /home/airflow/.local/lib/python3.7/site-packages/airflow/example_dags/example_nested_branch_dag.py took 0.037 seconds
[2026-02-13T22:21:27.968+0000] {processor.py:153} INFO - Started process (PID=166) to work on /home/airflow/.local/lib/python3.7/site-packages/airflow/example_dags/example_nested_branch_dag.py
[2026-02-13T22:21:27.969+0000] {processor.py:743} INFO - Processing file /home/airflow/.local/lib/python3.7/site-packages/airflow/example_dags/example_nested_branch_dag.py for tasks to queue
[2026-02-13T22:21:27.970+0000] {logging_mixin.py:137} INFO - [2026-02-13T22:21:27.969+0000] {dagbag.py:538} INFO - Filling up the DagBag from /home/airflow/.local/lib/python3.7/site-packages/airflow/example_dags/example_nested_branch_dag.py
[2026-02-13T22:21:27.981+0000] {processor.py:753} INFO - DAG(s) dict_keys(['example_nested_branch_dag']) retrieved from /home/airflow/.local/lib/python3.7/site-packages/airflow/example_dags/example_nested_branch_dag.py
[2026-02-13T22:21:27.997+0000] {logging_mixin.py:137} INFO - [2026-02-13T22:21:27.997+0000] {dag.py:2690} INFO - Sync 1 DAGs
[2026-02-13T22:21:28.013+0000] {logging_mixin.py:137} INFO - [2026-02-13T22:21:28.013+0000] {dag.py:3441} INFO - Setting next_dagrun for example_nested_branch_dag to 2026-02-12T00:00:00+00:00, run_after=2026-02-13T00:00:00+00:00
[2026-02-13T22:21:28.031+0000] {processor.py:175} INFO - Processing /home/airflow/.local/lib/python3.7/site-packages/airflow/example_dags/example_nested_branch_dag.py took 0.064 seconds
[2026-02-13T22:21:58.947+0000] {processor.py:153} INFO - Started process (PID=256) to work on /home/airflow/.local/lib/python3.7/site-packages/airflow/example_dags/example_nested_branch_dag.py
[2026-02-13T22:21:58.949+0000] {processor.py:743} INFO - Processing file /home/airflow/.local/lib/python3.7/site-packages/airflow/example_dags/example_nested_branch_dag.py for tasks to queue
[2026-02-13T22:21:58.950+0000] {logging_mixin.py:137} INFO - [2026-02-13T22:21:58.949+0000] {dagbag.py:538} INFO - Filling up the DagBag from /home/airflow/.local/lib/python3.7/site-packages/airflow/example_dags/example_nested_branch_dag.py
[2026-02-13T22:21:58.964+0000] {processor.py:753} INFO - DAG(s) dict_keys(['example_nested_branch_dag']) retrieved from /home/airflow/.local/lib/python3.7/site-packages/airflow/example_dags/example_nested_branch_dag.py
[2026-02-13T22:21:58.992+0000] {logging_mixin.py:137} INFO - [2026-02-13T22:21:58.992+0000] {dag.py:2690} INFO - Sync 1 DAGs
[2026-02-13T22:21:59.014+0000] {logging_mixin.py:137} INFO - [2026-02-13T22:21:59.014+0000] {dag.py:3441} INFO - Setting next_dagrun for example_nested_branch_dag to 2026-02-12T00:00:00+00:00, run_after=2026-02-13T00:00:00+00:00
[2026-02-13T22:21:59.045+0000] {processor.py:175} INFO - Processing /home/airflow/.local/lib/python3.7/site-packages/airflow/example_dags/example_nested_branch_dag.py took 0.100 seconds
[2026-02-13T22:22:29.622+0000] {processor.py:153} INFO - Started process (PID=346) to work on /home/airflow/.local/lib/python3.7/site-packages/airflow/example_dags/example_nested_branch_dag.py
[2026-02-13T22:22:29.623+0000] {processor.py:743} INFO - Processing file /home/airflow/.local/lib/python3.7/site-packages/airflow/example_dags/example_nested_branch_dag.py for tasks to queue
[2026-02-13T22:22:29.625+0000] {logging_mixin.py:137} INFO - [2026-02-13T22:22:29.625+0000] {dagbag.py:538} INFO - Filling up the DagBag from /home/airflow/.local/lib/python3.7/site-packages/airflow/example_dags/example_nested_branch_dag.py
[2026-02-13T22:22:29.637+0000] {processor.py:753} INFO - DAG(s) dict_keys(['example_nested_branch_dag']) retrieved from /home/airflow/.local/lib/python3.7/site-packages/airflow/example_dags/example_nested_branch_dag.py
[2026-02-13T22:22:29.656+0000] {logging_mixin.py:137} INFO - [2026-02-13T22:22:29.656+0000] {dag.py:2690} INFO - Sync 1 DAGs
[2026-02-13T22:22:29.670+0000] {logging_mixin.py:137} INFO - [2026-02-13T22:22:29.670+0000] {dag.py:3441} INFO - Setting next_dagrun for example_nested_branch_dag to 2026-02-12T00:00:00+00:00, run_after=2026-02-13T00:00:00+00:00
[2026-02-13T22:22:29.679+0000] {processor.py:175} INFO - Processing /home/airflow/.local/lib/python3.7/site-packages/airflow/example_dags/example_nested_branch_dag.py took 0.059 seconds
[2026-02-13T22:23:00.291+0000] {processor.py:153} INFO - Started process (PID=435) to work on /home/airflow/.local/lib/python3.7/site-packages/airflow/example_dags/example_nested_branch_dag.py
[2026-02-13T22:23:00.293+0000] {processor.py:743} INFO - Processing file /home/airflow/.local/lib/python3.7/site-packages/airflow/example_dags/example_nested_branch_dag.py for tasks to queue
[2026-02-13T22:23:00.293+0000] {logging_mixin.py:137} INFO - [2026-02-13T22:23:00.293+0000] {dagbag.py:538} INFO - Filling up the DagBag from /home/airflow/.local/lib/python3.7/site-packages/airflow/example_dags/example_nested_branch_dag.py
[2026-02-13T22:23:00.307+0000] {processor.py:753} INFO - DAG(s) dict_keys(['example_nested_branch_dag']) retrieved from /home/airflow/.local/lib/python3.7/site-packages/airflow/example_dags/example_nested_branch_dag.py
[2026-02-13T22:23:00.321+0000] {logging_mixin.py:137} INFO - [2026-02-13T22:23:00.321+0000] {dag.py:2690} INFO - Sync 1 DAGs
[2026-02-13T22:23:00.332+0000] {logging_mixin.py:137} INFO - [2026-02-13T22:23:00.332+0000] {dag.py:3441} INFO - Setting next_dagrun for example_nested_branch_dag to 2026-02-12T00:00:00+00:00, run_after=2026-02-13T00:00:00+00:00
[2026-02-13T22:23:00.341+0000] {processor.py:175} INFO - Processing /home/airflow/.local/lib/python3.7/site-packages/airflow/example_dags/example_nested_branch_dag.py took 0.051 seconds
[2026-02-13T22:23:31.004+0000] {processor.py:153} INFO - Started process (PID=508) to work on /home/airflow/.local/lib/python3.7/site-packages/airflow/example_dags/example_nested_branch_dag.py
[2026-02-13T22:23:31.005+0000] {processor.py:743} INFO - Processing file /home/airflow/.local/lib/python3.7/site-packages/airflow/example_dags/example_nested_branch_dag.py for tasks to queue
[2026-02-13T22:23:31.005+0000] {logging_mixin.py:137} INFO - [2026-02-13T22:23:31.005+0000] {dagbag.py:538} INFO - Filling up the DagBag from /home/airflow/.local/lib/python3.7/site-packages/airflow/example_dags/example_nested_branch_dag.py
[2026-02-13T22:23:31.018+0000] {processor.py:753} INFO - DAG(s) dict_keys(['example_nested_branch_dag']) retrieved from /home/airflow/.local/lib/python3.7/site-packages/airflow/example_dags/example_nested_branch_dag.py
[2026-02-13T22:23:31.036+0000] {logging_mixin.py:137} INFO - [2026-02-13T22:23:31.036+0000] {dag.py:2690} INFO - Sync 1 DAGs
[2026-02-13T22:23:31.047+0000] {logging_mixin.py:137} INFO - [2026-02-13T22:23:31.047+0000] {dag.py:3441} INFO - Setting next_dagrun for example_nested_branch_dag to 2026-02-12T00:00:00+00:00, run_after=2026-02-13T00:00:00+00:00
[2026-02-13T22:23:31.060+0000] {processor.py:175} INFO - Processing /home/airflow/.local/lib/python3.7/site-packages/airflow/example_dags/example_nested_branch_dag.py took 0.058 seconds
[2026-02-13T22:24:01.685+0000] {processor.py:153} INFO - Started process (PID=596) to work on /home/airflow/.local/lib/python3.7/site-packages/airflow/example_dags/example_nested_branch_dag.py
[2026-02-13T22:24:01.686+0000] {processor.py:743} INFO - Processing file /home/airflow/.local/lib/python3.7/site-packages/airflow/example_dags/example_nested_branch_dag.py for tasks to queue
[2026-02-13T22:24:01.687+0000] {logging_mixin.py:137} INFO - [2026-02-13T22:24:01.687+0000] {dagbag.py:538} INFO - Filling up the DagBag from /home/airflow/.local/lib/python3.7/site-packages/airflow/example_dags/example_nested_branch_dag.py
[2026-02-13T22:24:01.699+0000] {processor.py:753} INFO - DAG(s) dict_keys(['example_nested_branch_dag']) retrieved from /home/airflow/.local/lib/python3.7/site-packages/airflow/example_dags/example_nested_branch_dag.py
[2026-02-13T22:24:01.711+0000] {logging_mixin.py:137} INFO - [2026-02-13T22:24:01.711+0000] {dag.py:2690} INFO - Sync 1 DAGs
[2026-02-13T22:24:01.724+0000] {logging_mixin.py:137} INFO - [2026-02-13T22:24:01.724+0000] {dag.py:3441} INFO - Setting next_dagrun for example_nested_branch_dag to 2026-02-12T00:00:00+00:00, run_after=2026-02-13T00:00:00+00:00
[2026-02-13T22:24:01.738+0000] {processor.py:175} INFO - Processing /home/airflow/.local/lib/python3.7/site-packages/airflow/example_dags/example_nested_branch_dag.py took 0.054 seconds
[2026-02-13T22:24:32.424+0000] {processor.py:153} INFO - Started process (PID=685) to work on /home/airflow/.local/lib/python3.7/site-packages/airflow/example_dags/example_nested_branch_dag.py
[2026-02-13T22:24:32.425+0000] {processor.py:743} INFO - Processing file /home/airflow/.local/lib/python3.7/site-packages/airflow/example_dags/example_nested_branch_dag.py for tasks to queue
[2026-02-13T22:24:32.426+0000] {logging_mixin.py:137} INFO - [2026-02-13T22:24:32.426+0000] {dagbag.py:538} INFO - Filling up the DagBag from /home/airflow/.local/lib/python3.7/site-packages/airflow/example_dags/example_nested_branch_dag.py
[2026-02-13T22:24:32.443+0000] {processor.py:753} INFO - DAG(s) dict_keys(['example_nested_branch_dag']) retrieved from /home/airflow/.local/lib/python3.7/site-packages/airflow/example_dags/example_nested_branch_dag.py
[2026-02-13T22:24:32.465+0000] {logging_mixin.py:137} INFO - [2026-02-13T22:24:32.465+0000] {dag.py:2690} INFO - Sync 1 DAGs
[2026-02-13T22:24:32.483+0000] {logging_mixin.py:137} INFO - [2026-02-13T22:24:32.482+0000] {dag.py:3441} INFO - Setting next_dagrun for example_nested_branch_dag to 2026-02-12T00:00:00+00:00, run_after=2026-02-13T00:00:00+00:00
[2026-02-13T22:24:32.493+0000] {processor.py:175} INFO - Processing /home/airflow/.local/lib/python3.7/site-packages/airflow/example_dags/example_nested_branch_dag.py took 0.070 seconds
[2026-02-13T22:25:03.102+0000] {processor.py:153} INFO - Started process (PID=774) to work on /home/airflow/.local/lib/python3.7/site-packages/airflow/example_dags/example_nested_branch_dag.py
[2026-02-13T22:25:03.103+0000] {processor.py:743} INFO - Processing file /home/airflow/.local/lib/python3.7/site-packages/airflow/example_dags/example_nested_branch_dag.py for tasks to queue
[2026-02-13T22:25:03.103+0000] {logging_mixin.py:137} INFO - [2026-02-13T22:25:03.103+0000] {dagbag.py:538} INFO - Filling up the DagBag from /home/airflow/.local/lib/python3.7/site-packages/airflow/example_dags/example_nested_branch_dag.py
[2026-02-13T22:25:03.118+0000] {processor.py:753} INFO - DAG(s) dict_keys(['example_nested_branch_dag']) retrieved from /home/airflow/.local/lib/python3.7/site-packages/airflow/example_dags/example_nested_branch_dag.py
[2026-02-13T22:25:03.131+0000] {logging_mixin.py:137} INFO - [2026-02-13T22:25:03.131+0000] {dag.py:2690} INFO - Sync 1 DAGs
[2026-02-13T22:25:03.146+0000] {logging_mixin.py:137} INFO - [2026-02-13T22:25:03.146+0000] {dag.py:3441} INFO - Setting next_dagrun for example_nested_branch_dag to 2026-02-12T00:00:00+00:00, run_after=2026-02-13T00:00:00+00:00
[2026-02-13T22:25:03.156+0000] {processor.py:175} INFO - Processing /home/airflow/.local/lib/python3.7/site-packages/airflow/example_dags/example_nested_branch_dag.py took 0.055 seconds
[2026-02-13T22:25:33.748+0000] {processor.py:153} INFO - Started process (PID=863) to work on /home/airflow/.local/lib/python3.7/site-packages/airflow/example_dags/example_nested_branch_dag.py
[2026-02-13T22:25:33.750+0000] {processor.py:743} INFO - Processing file /home/airflow/.local/lib/python3.7/site-packages/airflow/example_dags/example_nested_branch_dag.py for tasks to queue
[2026-02-13T22:25:33.750+0000] {logging_mixin.py:137} INFO - [2026-02-13T22:25:33.750+0000] {dagbag.py:538} INFO - Filling up the DagBag from /home/airflow/.local/lib/python3.7/site-packages/airflow/example_dags/example_nested_branch_dag.py
[2026-02-13T22:25:33.762+0000] {processor.py:753} INFO - DAG(s) dict_keys(['example_nested_branch_dag']) retrieved from /home/airflow/.local/lib/python3.7/site-packages/airflow/example_dags/example_nested_branch_dag.py
[2026-02-13T22:25:33.777+0000] {logging_mixin.py:137} INFO - [2026-02-13T22:25:33.777+0000] {dag.py:2690} INFO - Sync 1 DAGs
[2026-02-13T22:25:33.793+0000] {logging_mixin.py:137} INFO - [2026-02-13T22:25:33.793+0000] {dag.py:3441} INFO - Setting next_dagrun for example_nested_branch_dag to 2026-02-12T00:00:00+00:00, run_after=2026-02-13T00:00:00+00:00
[2026-02-13T22:25:33.808+0000] {processor.py:175} INFO - Processing /home/airflow/.local/lib/python3.7/site-packages/airflow/example_dags/example_nested_branch_dag.py took 0.062 seconds
[2026-02-13T22:26:04.393+0000] {processor.py:153} INFO - Started process (PID=936) to work on /home/airflow/.local/lib/python3.7/site-packages/airflow/example_dags/example_nested_branch_dag.py
[2026-02-13T22:26:04.394+0000] {processor.py:743} INFO - Processing file /home/airflow/.local/lib/python3.7/site-packages/airflow/example_dags/example_nested_branch_dag.py for tasks to queue
[2026-02-13T22:26:04.395+0000] {logging_mixin.py:137} INFO - [2026-02-13T22:26:04.395+0000] {dagbag.py:538} INFO - Filling up the DagBag from /home/airflow/.local/lib/python3.7/site-packages/airflow/example_dags/example_nested_branch_dag.py
[2026-02-13T22:26:04.410+0000] {processor.py:753} INFO - DAG(s) dict_keys(['example_nested_branch_dag']) retrieved from /home/airflow/.local/lib/python3.7/site-packages/airflow/example_dags/example_nested_branch_dag.py
[2026-02-13T22:26:04.422+0000] {logging_mixin.py:137} INFO - [2026-02-13T22:26:04.422+0000] {dag.py:2690} INFO - Sync 1 DAGs
[2026-02-13T22:26:04.434+0000] {logging_mixin.py:137} INFO - [2026-02-13T22:26:04.434+0000] {dag.py:3441} INFO - Setting next_dagrun for example_nested_branch_dag to 2026-02-12T00:00:00+00:00, run_after=2026-02-13T00:00:00+00:00
[2026-02-13T22:26:04.441+0000] {processor.py:175} INFO - Processing /home/airflow/.local/lib/python3.7/site-packages/airflow/example_dags/example_nested_branch_dag.py took 0.050 seconds
[2026-02-13T22:26:34.921+0000] {processor.py:153} INFO - Started process (PID=1025) to work on /home/airflow/.local/lib/python3.7/site-packages/airflow/example_dags/example_nested_branch_dag.py
[2026-02-13T22:26:34.921+0000] {processor.py:743} INFO - Processing file /home/airflow/.local/lib/python3.7/site-packages/airflow/example_dags/example_nested_branch_dag.py for tasks to queue
[2026-02-13T22:26:34.921+0000] {logging_mixin.py:137} INFO - [2026-02-13T22:26:34.921+0000] {dagbag.py:538} INFO - Filling up the DagBag from /home/airflow/.local/lib/python3.7/site-packages/airflow/example_dags/example_nested_branch_dag.py
[2026-02-13T22:26:34.934+0000] {processor.py:753} INFO - DAG(s) dict_keys(['example_nested_branch_dag']) retrieved from /home/airflow/.local/lib/python3.7/site-packages/airflow/example_dags/example_nested_branch_dag.py
[2026-02-13T22:26:34.950+0000] {logging_mixin.py:137} INFO - [2026-02-13T22:26:34.950+0000] {dag.py:2690} INFO - Sync 1 DAGs
[2026-02-13T22:26:34.966+0000] {logging_mixin.py:137} INFO - [2026-02-13T22:26:34.966+0000] {dag.py:3441} INFO - Setting next_dagrun for example_nested_branch_dag to 2026-02-12T00:00:00+00:00, run_after=2026-02-13T00:00:00+00:00
[2026-02-13T22:26:34.980+0000] {processor.py:175} INFO - Processing /home/airflow/.local/lib/python3.7/site-packages/airflow/example_dags/example_nested_branch_dag.py took 0.061 seconds
[2026-02-13T22:27:05.714+0000] {processor.py:153} INFO - Started process (PID=1114) to work on /home/airflow/.local/lib/python3.7/site-packages/airflow/example_dags/example_nested_branch_dag.py
[2026-02-13T22:27:05.714+0000] {processor.py:743} INFO - Processing file /home/airflow/.local/lib/python3.7/site-packages/airflow/example_dags/example_nested_branch_dag.py for tasks to queue
[2026-02-13T22:27:05.715+0000] {logging_mixin.py:137} INFO - [2026-02-13T22:27:05.715+0000] {dagbag.py:538} INFO - Filling up the DagBag from /home/airflow/.local/lib/python3.7/site-packages/airflow/example_dags/example_nested_branch_dag.py
[2026-02-13T22:27:05.731+0000] {processor.py:753} INFO - DAG(s) dict_keys(['example_nested_branch_dag']) retrieved from /home/airflow/.local/lib/python3.7/site-packages/airflow/example_dags/example_nested_branch_dag.py
[2026-02-13T22:27:05.745+0000] {logging_mixin.py:137} INFO - [2026-02-13T22:27:05.745+0000] {dag.py:2690} INFO - Sync 1 DAGs
[2026-02-13T22:27:05.756+0000] {logging_mixin.py:137} INFO - [2026-02-13T22:27:05.756+0000] {dag.py:3441} INFO - Setting next_dagrun for example_nested_branch_dag to 2026-02-12T00:00:00+00:00, run_after=2026-02-13T00:00:00+00:00
[2026-02-13T22:27:05.766+0000] {processor.py:175} INFO - Processing /home/airflow/.local/lib/python3.7/site-packages/airflow/example_dags/example_nested_branch_dag.py took 0.054 seconds
[2026-02-13T22:27:36.339+0000] {processor.py:153} INFO - Started process (PID=1203) to work on /home/airflow/.local/lib/python3.7/site-packages/airflow/example_dags/example_nested_branch_dag.py
[2026-02-13T22:27:36.341+0000] {processor.py:743} INFO - Processing file /home/airflow/.local/lib/python3.7/site-packages/airflow/example_dags/example_nested_branch_dag.py for tasks to queue
[2026-02-13T22:27:36.342+0000] {logging_mixin.py:137} INFO - [2026-02-13T22:27:36.342+0000] {dagbag.py:538} INFO - Filling up the DagBag from /home/airflow/.local/lib/python3.7/site-packages/airflow/example_dags/example_nested_branch_dag.py
[2026-02-13T22:27:36.353+0000] {processor.py:753} INFO - DAG(s) dict_keys(['example_nested_branch_dag']) retrieved from /home/airflow/.local/lib/python3.7/site-packages/airflow/example_dags/example_nested_branch_dag.py
[2026-02-13T22:27:36.369+0000] {logging_mixin.py:137} INFO - [2026-02-13T22:27:36.369+0000] {dag.py:2690} INFO - Sync 1 DAGs
[2026-02-13T22:27:36.385+0000] {logging_mixin.py:137} INFO - [2026-02-13T22:27:36.385+0000] {dag.py:3441} INFO - Setting next_dagrun for example_nested_branch_dag to 2026-02-12T00:00:00+00:00, run_after=2026-02-13T00:00:00+00:00
[2026-02-13T22:27:36.398+0000] {processor.py:175} INFO - Processing /home/airflow/.local/lib/python3.7/site-packages/airflow/example_dags/example_nested_branch_dag.py took 0.060 seconds
[2026-02-13T22:28:07.104+0000] {processor.py:153} INFO - Started process (PID=1276) to work on /home/airflow/.local/lib/python3.7/site-packages/airflow/example_dags/example_nested_branch_dag.py
[2026-02-13T22:28:07.105+0000] {processor.py:743} INFO - Processing file /home/airflow/.local/lib/python3.7/site-packages/airflow/example_dags/example_nested_branch_dag.py for tasks to queue
[2026-02-13T22:28:07.106+0000] {logging_mixin.py:137} INFO - [2026-02-13T22:28:07.106+0000] {dagbag.py:538} INFO - Filling up the DagBag from /home/airflow/.local/lib/python3.7/site-packages/airflow/example_dags/example_nested_branch_dag.py
[2026-02-13T22:28:07.118+0000] {processor.py:753} INFO - DAG(s) dict_keys(['example_nested_branch_dag']) retrieved from /home/airflow/.local/lib/python3.7/site-packages/airflow/example_dags/example_nested_branch_dag.py
[2026-02-13T22:28:07.133+0000] {logging_mixin.py:137} INFO - [2026-02-13T22:28:07.133+0000] {dag.py:2690} INFO - Sync 1 DAGs
[2026-02-13T22:28:07.148+0000] {logging_mixin.py:137} INFO - [2026-02-13T22:28:07.148+0000] {dag.py:3441} INFO - Setting next_dagrun for example_nested_branch_dag to 2026-02-12T00:00:00+00:00, run_after=2026-02-13T00:00:00+00:00
[2026-02-13T22:28:07.163+0000] {processor.py:175} INFO - Processing /home/airflow/.local/lib/python3.7/site-packages/airflow/example_dags/example_nested_branch_dag.py took 0.061 seconds
[2026-02-13T22:28:37.689+0000] {processor.py:153} INFO - Started process (PID=1365) to work on /home/airflow/.local/lib/python3.7/site-packages/airflow/example_dags/example_nested_branch_dag.py
[2026-02-13T22:28:37.690+0000] {processor.py:743} INFO - Processing file /home/airflow/.local/lib/python3.7/site-packages/airflow/example_dags/example_nested_branch_dag.py for tasks to queue
[2026-02-13T22:28:37.692+0000] {logging_mixin.py:137} INFO - [2026-02-13T22:28:37.691+0000] {dagbag.py:538} INFO - Filling up the DagBag from /home/airflow/.local/lib/python3.7/site-packages/airflow/example_dags/example_nested_branch_dag.py
[2026-02-13T22:28:37.705+0000] {processor.py:753} INFO - DAG(s) dict_keys(['example_nested_branch_dag']) retrieved from /home/airflow/.local/lib/python3.7/site-packages/airflow/example_dags/example_nested_branch_dag.py
[2026-02-13T22:28:37.733+0000] {logging_mixin.py:137} INFO - [2026-02-13T22:28:37.733+0000] {dag.py:2690} INFO - Sync 1 DAGs
[2026-02-13T22:28:37.750+0000] {logging_mixin.py:137} INFO - [2026-02-13T22:28:37.750+0000] {dag.py:3441} INFO - Setting next_dagrun for example_nested_branch_dag to 2026-02-12T00:00:00+00:00, run_after=2026-02-13T00:00:00+00:00
[2026-02-13T22:28:37.761+0000] {processor.py:175} INFO - Processing /home/airflow/.local/lib/python3.7/site-packages/airflow/example_dags/example_nested_branch_dag.py took 0.073 seconds
[2026-02-13T22:29:08.327+0000] {processor.py:153} INFO - Started process (PID=1454) to work on /home/airflow/.local/lib/python3.7/site-packages/airflow/example_dags/example_nested_branch_dag.py
[2026-02-13T22:29:08.328+0000] {processor.py:743} INFO - Processing file /home/airflow/.local/lib/python3.7/site-packages/airflow/example_dags/example_nested_branch_dag.py for tasks to queue
[2026-02-13T22:29:08.328+0000] {logging_mixin.py:137} INFO - [2026-02-13T22:29:08.328+0000] {dagbag.py:538} INFO - Filling up the DagBag from /home/airflow/.local/lib/python3.7/site-packages/airflow/example_dags/example_nested_branch_dag.py
[2026-02-13T22:29:08.340+0000] {processor.py:753} INFO - DAG(s) dict_keys(['example_nested_branch_dag']) retrieved from /home/airflow/.local/lib/python3.7/site-packages/airflow/example_dags/example_nested_branch_dag.py
[2026-02-13T22:29:08.356+0000] {logging_mixin.py:137} INFO - [2026-02-13T22:29:08.356+0000] {dag.py:2690} INFO - Sync 1 DAGs
[2026-02-13T22:29:08.367+0000] {logging_mixin.py:137} INFO - [2026-02-13T22:29:08.367+0000] {dag.py:3441} INFO - Setting next_dagrun for example_nested_branch_dag to 2026-02-12T00:00:00+00:00, run_after=2026-02-13T00:00:00+00:00
[2026-02-13T22:29:08.379+0000] {processor.py:175} INFO - Processing /home/airflow/.local/lib/python3.7/site-packages/airflow/example_dags/example_nested_branch_dag.py took 0.053 seconds
[2026-02-13T22:29:38.954+0000] {processor.py:153} INFO - Started process (PID=1543) to work on /home/airflow/.local/lib/python3.7/site-packages/airflow/example_dags/example_nested_branch_dag.py
[2026-02-13T22:29:38.955+0000] {processor.py:743} INFO - Processing file /home/airflow/.local/lib/python3.7/site-packages/airflow/example_dags/example_nested_branch_dag.py for tasks to queue
[2026-02-13T22:29:38.956+0000] {logging_mixin.py:137} INFO - [2026-02-13T22:29:38.956+0000] {dagbag.py:538} INFO - Filling up the DagBag from /home/airflow/.local/lib/python3.7/site-packages/airflow/example_dags/example_nested_branch_dag.py
[2026-02-13T22:29:38.971+0000] {processor.py:753} INFO - DAG(s) dict_keys(['example_nested_branch_dag']) retrieved from /home/airflow/.local/lib/python3.7/site-packages/airflow/example_dags/example_nested_branch_dag.py
[2026-02-13T22:29:38.989+0000] {logging_mixin.py:137} INFO - [2026-02-13T22:29:38.989+0000] {dag.py:2690} INFO - Sync 1 DAGs
[2026-02-13T22:29:39.002+0000] {logging_mixin.py:137} INFO - [2026-02-13T22:29:39.001+0000] {dag.py:3441} INFO - Setting next_dagrun for example_nested_branch_dag to 2026-02-12T00:00:00+00:00, run_after=2026-02-13T00:00:00+00:00
[2026-02-13T22:29:39.013+0000] {processor.py:175} INFO - Processing /home/airflow/.local/lib/python3.7/site-packages/airflow/example_dags/example_nested_branch_dag.py took 0.060 seconds
[2026-02-13T22:30:09.606+0000] {processor.py:153} INFO - Started process (PID=1616) to work on /home/airflow/.local/lib/python3.7/site-packages/airflow/example_dags/example_nested_branch_dag.py
[2026-02-13T22:30:09.607+0000] {processor.py:743} INFO - Processing file /home/airflow/.local/lib/python3.7/site-packages/airflow/example_dags/example_nested_branch_dag.py for tasks to queue
[2026-02-13T22:30:09.608+0000] {logging_mixin.py:137} INFO - [2026-02-13T22:30:09.608+0000] {dagbag.py:538} INFO - Filling up the DagBag from /home/airflow/.local/lib/python3.7/site-packages/airflow/example_dags/example_nested_branch_dag.py
[2026-02-13T22:30:09.619+0000] {processor.py:753} INFO - DAG(s) dict_keys(['example_nested_branch_dag']) retrieved from /home/airflow/.local/lib/python3.7/site-packages/airflow/example_dags/example_nested_branch_dag.py
[2026-02-13T22:30:09.636+0000] {logging_mixin.py:137} INFO - [2026-02-13T22:30:09.636+0000] {dag.py:2690} INFO - Sync 1 DAGs
[2026-02-13T22:30:09.647+0000] {logging_mixin.py:137} INFO - [2026-02-13T22:30:09.647+0000] {dag.py:3441} INFO - Setting next_dagrun for example_nested_branch_dag to 2026-02-12T00:00:00+00:00, run_after=2026-02-13T00:00:00+00:00
[2026-02-13T22:30:09.657+0000] {processor.py:175} INFO - Processing /home/airflow/.local/lib/python3.7/site-packages/airflow/example_dags/example_nested_branch_dag.py took 0.052 seconds
[2026-02-13T22:30:40.418+0000] {processor.py:153} INFO - Started process (PID=1705) to work on /home/airflow/.local/lib/python3.7/site-packages/airflow/example_dags/example_nested_branch_dag.py
[2026-02-13T22:30:40.421+0000] {processor.py:743} INFO - Processing file /home/airflow/.local/lib/python3.7/site-packages/airflow/example_dags/example_nested_branch_dag.py for tasks to queue
[2026-02-13T22:30:40.421+0000] {logging_mixin.py:137} INFO - [2026-02-13T22:30:40.421+0000] {dagbag.py:538} INFO - Filling up the DagBag from /home/airflow/.local/lib/python3.7/site-packages/airflow/example_dags/example_nested_branch_dag.py
[2026-02-13T22:30:40.437+0000] {processor.py:753} INFO - DAG(s) dict_keys(['example_nested_branch_dag']) retrieved from /home/airflow/.local/lib/python3.7/site-packages/airflow/example_dags/example_nested_branch_dag.py
[2026-02-13T22:30:40.451+0000] {logging_mixin.py:137} INFO - [2026-02-13T22:30:40.451+0000] {dag.py:2690} INFO - Sync 1 DAGs
[2026-02-13T22:30:40.462+0000] {logging_mixin.py:137} INFO - [2026-02-13T22:30:40.462+0000] {dag.py:3441} INFO - Setting next_dagrun for example_nested_branch_dag to 2026-02-12T00:00:00+00:00, run_after=2026-02-13T00:00:00+00:00
[2026-02-13T22:30:40.479+0000] {processor.py:175} INFO - Processing /home/airflow/.local/lib/python3.7/site-packages/airflow/example_dags/example_nested_branch_dag.py took 0.063 seconds
[2026-02-13T22:31:11.025+0000] {processor.py:153} INFO - Started process (PID=1794) to work on /home/airflow/.local/lib/python3.7/site-packages/airflow/example_dags/example_nested_branch_dag.py
[2026-02-13T22:31:11.026+0000] {processor.py:743} INFO - Processing file /home/airflow/.local/lib/python3.7/site-packages/airflow/example_dags/example_nested_branch_dag.py for tasks to queue
[2026-02-13T22:31:11.026+0000] {logging_mixin.py:137} INFO - [2026-02-13T22:31:11.026+0000] {dagbag.py:538} INFO - Filling up the DagBag from /home/airflow/.local/lib/python3.7/site-packages/airflow/example_dags/example_nested_branch_dag.py
[2026-02-13T22:31:11.038+0000] {processor.py:753} INFO - DAG(s) dict_keys(['example_nested_branch_dag']) retrieved from /home/airflow/.local/lib/python3.7/site-packages/airflow/example_dags/example_nested_branch_dag.py
[2026-02-13T22:31:11.048+0000] {logging_mixin.py:137} INFO - [2026-02-13T22:31:11.048+0000] {dag.py:2690} INFO - Sync 1 DAGs
[2026-02-13T22:31:11.059+0000] {logging_mixin.py:137} INFO - [2026-02-13T22:31:11.059+0000] {dag.py:3441} INFO - Setting next_dagrun for example_nested_branch_dag to 2026-02-12T00:00:00+00:00, run_after=2026-02-13T00:00:00+00:00
[2026-02-13T22:31:11.067+0000] {processor.py:175} INFO - Processing /home/airflow/.local/lib/python3.7/site-packages/airflow/example_dags/example_nested_branch_dag.py took 0.043 seconds
[2026-02-13T22:31:41.706+0000] {processor.py:153} INFO - Started process (PID=1883) to work on /home/airflow/.local/lib/python3.7/site-packages/airflow/example_dags/example_nested_branch_dag.py
[2026-02-13T22:31:41.707+0000] {processor.py:743} INFO - Processing file /home/airflow/.local/lib/python3.7/site-packages/airflow/example_dags/example_nested_branch_dag.py for tasks to queue
[2026-02-13T22:31:41.708+0000] {logging_mixin.py:137} INFO - [2026-02-13T22:31:41.708+0000] {dagbag.py:538} INFO - Filling up the DagBag from /home/airflow/.local/lib/python3.7/site-packages/airflow/example_dags/example_nested_branch_dag.py
[2026-02-13T22:31:41.725+0000] {processor.py:753} INFO - DAG(s) dict_keys(['example_nested_branch_dag']) retrieved from /home/airflow/.local/lib/python3.7/site-packages/airflow/example_dags/example_nested_branch_dag.py
[2026-02-13T22:31:41.743+0000] {logging_mixin.py:137} INFO - [2026-02-13T22:31:41.743+0000] {dag.py:2690} INFO - Sync 1 DAGs
[2026-02-13T22:31:41.761+0000] {logging_mixin.py:137} INFO - [2026-02-13T22:31:41.761+0000] {dag.py:3441} INFO - Setting next_dagrun for example_nested_branch_dag to 2026-02-12T00:00:00+00:00, run_after=2026-02-13T00:00:00+00:00
[2026-02-13T22:31:41.775+0000] {processor.py:175} INFO - Processing /home/airflow/.local/lib/python3.7/site-packages/airflow/example_dags/example_nested_branch_dag.py took 0.071 seconds
[2026-02-13T22:32:12.574+0000] {processor.py:153} INFO - Started process (PID=1964) to work on /home/airflow/.local/lib/python3.7/site-packages/airflow/example_dags/example_nested_branch_dag.py
[2026-02-13T22:32:12.575+0000] {processor.py:743} INFO - Processing file /home/airflow/.local/lib/python3.7/site-packages/airflow/example_dags/example_nested_branch_dag.py for tasks to queue
[2026-02-13T22:32:12.576+0000] {logging_mixin.py:137} INFO - [2026-02-13T22:32:12.576+0000] {dagbag.py:538} INFO - Filling up the DagBag from /home/airflow/.local/lib/python3.7/site-packages/airflow/example_dags/example_nested_branch_dag.py
[2026-02-13T22:32:12.591+0000] {processor.py:753} INFO - DAG(s) dict_keys(['example_nested_branch_dag']) retrieved from /home/airflow/.local/lib/python3.7/site-packages/airflow/example_dags/example_nested_branch_dag.py
[2026-02-13T22:32:12.607+0000] {logging_mixin.py:137} INFO - [2026-02-13T22:32:12.606+0000] {dag.py:2690} INFO - Sync 1 DAGs
[2026-02-13T22:32:12.623+0000] {logging_mixin.py:137} INFO - [2026-02-13T22:32:12.623+0000] {dag.py:3441} INFO - Setting next_dagrun for example_nested_branch_dag to 2026-02-12T00:00:00+00:00, run_after=2026-02-13T00:00:00+00:00
[2026-02-13T22:32:12.641+0000] {processor.py:175} INFO - Processing /home/airflow/.local/lib/python3.7/site-packages/airflow/example_dags/example_nested_branch_dag.py took 0.069 seconds
[2026-02-13T22:32:42.846+0000] {processor.py:153} INFO - Started process (PID=2044) to work on /home/airflow/.local/lib/python3.7/site-packages/airflow/example_dags/example_nested_branch_dag.py
[2026-02-13T22:32:42.847+0000] {processor.py:743} INFO - Processing file /home/airflow/.local/lib/python3.7/site-packages/airflow/example_dags/example_nested_branch_dag.py for tasks to queue
[2026-02-13T22:32:42.848+0000] {logging_mixin.py:137} INFO - [2026-02-13T22:32:42.848+0000] {dagbag.py:538} INFO - Filling up the DagBag from /home/airflow/.local/lib/python3.7/site-packages/airflow/example_dags/example_nested_branch_dag.py
[2026-02-13T22:32:42.862+0000] {processor.py:753} INFO - DAG(s) dict_keys(['example_nested_branch_dag']) retrieved from /home/airflow/.local/lib/python3.7/site-packages/airflow/example_dags/example_nested_branch_dag.py
[2026-02-13T22:32:42.877+0000] {logging_mixin.py:137} INFO - [2026-02-13T22:32:42.877+0000] {dag.py:2690} INFO - Sync 1 DAGs
[2026-02-13T22:32:42.890+0000] {logging_mixin.py:137} INFO - [2026-02-13T22:32:42.890+0000] {dag.py:3441} INFO - Setting next_dagrun for example_nested_branch_dag to 2026-02-12T00:00:00+00:00, run_after=2026-02-13T00:00:00+00:00
[2026-02-13T22:32:42.903+0000] {processor.py:175} INFO - Processing /home/airflow/.local/lib/python3.7/site-packages/airflow/example_dags/example_nested_branch_dag.py took 0.058 seconds
[2026-02-13T22:34:04.281+0000] {processor.py:153} INFO - Started process (PID=95) to work on /home/airflow/.local/lib/python3.7/site-packages/airflow/example_dags/example_nested_branch_dag.py
[2026-02-13T22:34:04.283+0000] {processor.py:743} INFO - Processing file /home/airflow/.local/lib/python3.7/site-packages/airflow/example_dags/example_nested_branch_dag.py for tasks to queue
[2026-02-13T22:34:04.285+0000] {logging_mixin.py:137} INFO - [2026-02-13T22:34:04.285+0000] {dagbag.py:538} INFO - Filling up the DagBag from /home/airflow/.local/lib/python3.7/site-packages/airflow/example_dags/example_nested_branch_dag.py
[2026-02-13T22:34:04.301+0000] {processor.py:753} INFO - DAG(s) dict_keys(['example_nested_branch_dag']) retrieved from /home/airflow/.local/lib/python3.7/site-packages/airflow/example_dags/example_nested_branch_dag.py
[2026-02-13T22:34:04.324+0000] {logging_mixin.py:137} INFO - [2026-02-13T22:34:04.324+0000] {dag.py:2690} INFO - Sync 1 DAGs
[2026-02-13T22:34:04.351+0000] {logging_mixin.py:137} INFO - [2026-02-13T22:34:04.351+0000] {dag.py:3441} INFO - Setting next_dagrun for example_nested_branch_dag to 2026-02-12T00:00:00+00:00, run_after=2026-02-13T00:00:00+00:00
[2026-02-13T22:34:04.371+0000] {processor.py:175} INFO - Processing /home/airflow/.local/lib/python3.7/site-packages/airflow/example_dags/example_nested_branch_dag.py took 0.093 seconds
[2026-02-13T22:34:35.318+0000] {processor.py:153} INFO - Started process (PID=186) to work on /home/airflow/.local/lib/python3.7/site-packages/airflow/example_dags/example_nested_branch_dag.py
[2026-02-13T22:34:35.321+0000] {processor.py:743} INFO - Processing file /home/airflow/.local/lib/python3.7/site-packages/airflow/example_dags/example_nested_branch_dag.py for tasks to queue
[2026-02-13T22:34:35.321+0000] {logging_mixin.py:137} INFO - [2026-02-13T22:34:35.321+0000] {dagbag.py:538} INFO - Filling up the DagBag from /home/airflow/.local/lib/python3.7/site-packages/airflow/example_dags/example_nested_branch_dag.py
[2026-02-13T22:34:35.337+0000] {processor.py:753} INFO - DAG(s) dict_keys(['example_nested_branch_dag']) retrieved from /home/airflow/.local/lib/python3.7/site-packages/airflow/example_dags/example_nested_branch_dag.py
[2026-02-13T22:34:35.351+0000] {logging_mixin.py:137} INFO - [2026-02-13T22:34:35.350+0000] {dag.py:2690} INFO - Sync 1 DAGs
[2026-02-13T22:34:35.362+0000] {logging_mixin.py:137} INFO - [2026-02-13T22:34:35.362+0000] {dag.py:3441} INFO - Setting next_dagrun for example_nested_branch_dag to 2026-02-12T00:00:00+00:00, run_after=2026-02-13T00:00:00+00:00
[2026-02-13T22:34:35.378+0000] {processor.py:175} INFO - Processing /home/airflow/.local/lib/python3.7/site-packages/airflow/example_dags/example_nested_branch_dag.py took 0.061 seconds
[2026-02-13T22:35:06.306+0000] {processor.py:153} INFO - Started process (PID=261) to work on /home/airflow/.local/lib/python3.7/site-packages/airflow/example_dags/example_nested_branch_dag.py
[2026-02-13T22:35:06.307+0000] {processor.py:743} INFO - Processing file /home/airflow/.local/lib/python3.7/site-packages/airflow/example_dags/example_nested_branch_dag.py for tasks to queue
[2026-02-13T22:35:06.308+0000] {logging_mixin.py:137} INFO - [2026-02-13T22:35:06.308+0000] {dagbag.py:538} INFO - Filling up the DagBag from /home/airflow/.local/lib/python3.7/site-packages/airflow/example_dags/example_nested_branch_dag.py
[2026-02-13T22:35:06.318+0000] {processor.py:753} INFO - DAG(s) dict_keys(['example_nested_branch_dag']) retrieved from /home/airflow/.local/lib/python3.7/site-packages/airflow/example_dags/example_nested_branch_dag.py
[2026-02-13T22:35:06.332+0000] {logging_mixin.py:137} INFO - [2026-02-13T22:35:06.332+0000] {dag.py:2690} INFO - Sync 1 DAGs
[2026-02-13T22:35:06.344+0000] {logging_mixin.py:137} INFO - [2026-02-13T22:35:06.344+0000] {dag.py:3441} INFO - Setting next_dagrun for example_nested_branch_dag to 2026-02-12T00:00:00+00:00, run_after=2026-02-13T00:00:00+00:00
[2026-02-13T22:35:06.356+0000] {processor.py:175} INFO - Processing /home/airflow/.local/lib/python3.7/site-packages/airflow/example_dags/example_nested_branch_dag.py took 0.051 seconds
[2026-02-13T22:35:37.145+0000] {processor.py:153} INFO - Started process (PID=353) to work on /home/airflow/.local/lib/python3.7/site-packages/airflow/example_dags/example_nested_branch_dag.py
[2026-02-13T22:35:37.146+0000] {processor.py:743} INFO - Processing file /home/airflow/.local/lib/python3.7/site-packages/airflow/example_dags/example_nested_branch_dag.py for tasks to queue
[2026-02-13T22:35:37.146+0000] {logging_mixin.py:137} INFO - [2026-02-13T22:35:37.146+0000] {dagbag.py:538} INFO - Filling up the DagBag from /home/airflow/.local/lib/python3.7/site-packages/airflow/example_dags/example_nested_branch_dag.py
[2026-02-13T22:35:37.160+0000] {processor.py:753} INFO - DAG(s) dict_keys(['example_nested_branch_dag']) retrieved from /home/airflow/.local/lib/python3.7/site-packages/airflow/example_dags/example_nested_branch_dag.py
[2026-02-13T22:35:37.175+0000] {logging_mixin.py:137} INFO - [2026-02-13T22:35:37.175+0000] {dag.py:2690} INFO - Sync 1 DAGs
[2026-02-13T22:35:37.192+0000] {logging_mixin.py:137} INFO - [2026-02-13T22:35:37.192+0000] {dag.py:3441} INFO - Setting next_dagrun for example_nested_branch_dag to 2026-02-12T00:00:00+00:00, run_after=2026-02-13T00:00:00+00:00
[2026-02-13T22:35:37.203+0000] {processor.py:175} INFO - Processing /home/airflow/.local/lib/python3.7/site-packages/airflow/example_dags/example_nested_branch_dag.py took 0.060 seconds
[2026-02-13T22:36:08.088+0000] {processor.py:153} INFO - Started process (PID=444) to work on /home/airflow/.local/lib/python3.7/site-packages/airflow/example_dags/example_nested_branch_dag.py
[2026-02-13T22:36:08.090+0000] {processor.py:743} INFO - Processing file /home/airflow/.local/lib/python3.7/site-packages/airflow/example_dags/example_nested_branch_dag.py for tasks to queue
[2026-02-13T22:36:08.091+0000] {logging_mixin.py:137} INFO - [2026-02-13T22:36:08.091+0000] {dagbag.py:538} INFO - Filling up the DagBag from /home/airflow/.local/lib/python3.7/site-packages/airflow/example_dags/example_nested_branch_dag.py
[2026-02-13T22:36:08.105+0000] {processor.py:753} INFO - DAG(s) dict_keys(['example_nested_branch_dag']) retrieved from /home/airflow/.local/lib/python3.7/site-packages/airflow/example_dags/example_nested_branch_dag.py
[2026-02-13T22:36:08.116+0000] {logging_mixin.py:137} INFO - [2026-02-13T22:36:08.116+0000] {dag.py:2690} INFO - Sync 1 DAGs
[2026-02-13T22:36:08.133+0000] {logging_mixin.py:137} INFO - [2026-02-13T22:36:08.133+0000] {dag.py:3441} INFO - Setting next_dagrun for example_nested_branch_dag to 2026-02-12T00:00:00+00:00, run_after=2026-02-13T00:00:00+00:00
[2026-02-13T22:36:08.145+0000] {processor.py:175} INFO - Processing /home/airflow/.local/lib/python3.7/site-packages/airflow/example_dags/example_nested_branch_dag.py took 0.059 seconds
[2026-02-13T22:36:38.838+0000] {processor.py:153} INFO - Started process (PID=536) to work on /home/airflow/.local/lib/python3.7/site-packages/airflow/example_dags/example_nested_branch_dag.py
[2026-02-13T22:36:38.839+0000] {processor.py:743} INFO - Processing file /home/airflow/.local/lib/python3.7/site-packages/airflow/example_dags/example_nested_branch_dag.py for tasks to queue
[2026-02-13T22:36:38.841+0000] {logging_mixin.py:137} INFO - [2026-02-13T22:36:38.839+0000] {dagbag.py:538} INFO - Filling up the DagBag from /home/airflow/.local/lib/python3.7/site-packages/airflow/example_dags/example_nested_branch_dag.py
[2026-02-13T22:36:38.853+0000] {processor.py:753} INFO - DAG(s) dict_keys(['example_nested_branch_dag']) retrieved from /home/airflow/.local/lib/python3.7/site-packages/airflow/example_dags/example_nested_branch_dag.py
[2026-02-13T22:36:38.870+0000] {logging_mixin.py:137} INFO - [2026-02-13T22:36:38.870+0000] {dag.py:2690} INFO - Sync 1 DAGs
[2026-02-13T22:36:38.883+0000] {logging_mixin.py:137} INFO - [2026-02-13T22:36:38.883+0000] {dag.py:3441} INFO - Setting next_dagrun for example_nested_branch_dag to 2026-02-12T00:00:00+00:00, run_after=2026-02-13T00:00:00+00:00
[2026-02-13T22:36:38.892+0000] {processor.py:175} INFO - Processing /home/airflow/.local/lib/python3.7/site-packages/airflow/example_dags/example_nested_branch_dag.py took 0.056 seconds
