[2026-02-13T21:49:31.757+0000] {processor.py:153} INFO - Started process (PID=56) to work on /home/airflow/.local/lib/python3.7/site-packages/airflow/example_dags/example_branch_day_of_week_operator.py
[2026-02-13T21:49:31.759+0000] {processor.py:743} INFO - Processing file /home/airflow/.local/lib/python3.7/site-packages/airflow/example_dags/example_branch_day_of_week_operator.py for tasks to queue
[2026-02-13T21:49:31.760+0000] {logging_mixin.py:137} INFO - [2026-02-13T21:49:31.759+0000] {dagbag.py:538} INFO - Filling up the DagBag from /home/airflow/.local/lib/python3.7/site-packages/airflow/example_dags/example_branch_day_of_week_operator.py
[2026-02-13T21:49:31.776+0000] {processor.py:753} INFO - DAG(s) dict_keys(['example_weekday_branch_operator']) retrieved from /home/airflow/.local/lib/python3.7/site-packages/airflow/example_dags/example_branch_day_of_week_operator.py
[2026-02-13T21:49:31.791+0000] {logging_mixin.py:137} INFO - [2026-02-13T21:49:31.791+0000] {dag.py:2690} INFO - Sync 1 DAGs
[2026-02-13T21:49:31.816+0000] {logging_mixin.py:137} INFO - [2026-02-13T21:49:31.816+0000] {dag.py:3441} INFO - Setting next_dagrun for example_weekday_branch_operator to 2026-02-12T00:00:00+00:00, run_after=2026-02-13T00:00:00+00:00
[2026-02-13T21:49:31.837+0000] {processor.py:175} INFO - Processing /home/airflow/.local/lib/python3.7/site-packages/airflow/example_dags/example_branch_day_of_week_operator.py took 0.081 seconds
[2026-02-13T21:50:02.485+0000] {processor.py:153} INFO - Started process (PID=144) to work on /home/airflow/.local/lib/python3.7/site-packages/airflow/example_dags/example_branch_day_of_week_operator.py
[2026-02-13T21:50:02.485+0000] {processor.py:743} INFO - Processing file /home/airflow/.local/lib/python3.7/site-packages/airflow/example_dags/example_branch_day_of_week_operator.py for tasks to queue
[2026-02-13T21:50:02.485+0000] {logging_mixin.py:137} INFO - [2026-02-13T21:50:02.485+0000] {dagbag.py:538} INFO - Filling up the DagBag from /home/airflow/.local/lib/python3.7/site-packages/airflow/example_dags/example_branch_day_of_week_operator.py
[2026-02-13T21:50:02.492+0000] {processor.py:753} INFO - DAG(s) dict_keys(['example_weekday_branch_operator']) retrieved from /home/airflow/.local/lib/python3.7/site-packages/airflow/example_dags/example_branch_day_of_week_operator.py
[2026-02-13T21:50:02.501+0000] {logging_mixin.py:137} INFO - [2026-02-13T21:50:02.501+0000] {dag.py:2690} INFO - Sync 1 DAGs
[2026-02-13T21:50:02.517+0000] {logging_mixin.py:137} INFO - [2026-02-13T21:50:02.517+0000] {dag.py:3441} INFO - Setting next_dagrun for example_weekday_branch_operator to 2026-02-12T00:00:00+00:00, run_after=2026-02-13T00:00:00+00:00
[2026-02-13T21:50:02.525+0000] {processor.py:175} INFO - Processing /home/airflow/.local/lib/python3.7/site-packages/airflow/example_dags/example_branch_day_of_week_operator.py took 0.042 seconds
[2026-02-13T21:50:33.083+0000] {processor.py:153} INFO - Started process (PID=233) to work on /home/airflow/.local/lib/python3.7/site-packages/airflow/example_dags/example_branch_day_of_week_operator.py
[2026-02-13T21:50:33.084+0000] {processor.py:743} INFO - Processing file /home/airflow/.local/lib/python3.7/site-packages/airflow/example_dags/example_branch_day_of_week_operator.py for tasks to queue
[2026-02-13T21:50:33.085+0000] {logging_mixin.py:137} INFO - [2026-02-13T21:50:33.085+0000] {dagbag.py:538} INFO - Filling up the DagBag from /home/airflow/.local/lib/python3.7/site-packages/airflow/example_dags/example_branch_day_of_week_operator.py
[2026-02-13T21:50:33.094+0000] {processor.py:753} INFO - DAG(s) dict_keys(['example_weekday_branch_operator']) retrieved from /home/airflow/.local/lib/python3.7/site-packages/airflow/example_dags/example_branch_day_of_week_operator.py
[2026-02-13T21:50:33.113+0000] {logging_mixin.py:137} INFO - [2026-02-13T21:50:33.113+0000] {dag.py:2690} INFO - Sync 1 DAGs
[2026-02-13T21:50:33.129+0000] {logging_mixin.py:137} INFO - [2026-02-13T21:50:33.129+0000] {dag.py:3441} INFO - Setting next_dagrun for example_weekday_branch_operator to 2026-02-12T00:00:00+00:00, run_after=2026-02-13T00:00:00+00:00
[2026-02-13T21:50:33.141+0000] {processor.py:175} INFO - Processing /home/airflow/.local/lib/python3.7/site-packages/airflow/example_dags/example_branch_day_of_week_operator.py took 0.060 seconds
[2026-02-13T21:51:03.617+0000] {processor.py:153} INFO - Started process (PID=305) to work on /home/airflow/.local/lib/python3.7/site-packages/airflow/example_dags/example_branch_day_of_week_operator.py
[2026-02-13T21:51:03.618+0000] {processor.py:743} INFO - Processing file /home/airflow/.local/lib/python3.7/site-packages/airflow/example_dags/example_branch_day_of_week_operator.py for tasks to queue
[2026-02-13T21:51:03.619+0000] {logging_mixin.py:137} INFO - [2026-02-13T21:51:03.619+0000] {dagbag.py:538} INFO - Filling up the DagBag from /home/airflow/.local/lib/python3.7/site-packages/airflow/example_dags/example_branch_day_of_week_operator.py
[2026-02-13T21:51:03.626+0000] {processor.py:753} INFO - DAG(s) dict_keys(['example_weekday_branch_operator']) retrieved from /home/airflow/.local/lib/python3.7/site-packages/airflow/example_dags/example_branch_day_of_week_operator.py
[2026-02-13T21:51:03.639+0000] {logging_mixin.py:137} INFO - [2026-02-13T21:51:03.638+0000] {dag.py:2690} INFO - Sync 1 DAGs
[2026-02-13T21:51:03.656+0000] {logging_mixin.py:137} INFO - [2026-02-13T21:51:03.656+0000] {dag.py:3441} INFO - Setting next_dagrun for example_weekday_branch_operator to 2026-02-12T00:00:00+00:00, run_after=2026-02-13T00:00:00+00:00
[2026-02-13T21:51:03.665+0000] {processor.py:175} INFO - Processing /home/airflow/.local/lib/python3.7/site-packages/airflow/example_dags/example_branch_day_of_week_operator.py took 0.049 seconds
[2026-02-13T21:51:34.036+0000] {processor.py:153} INFO - Started process (PID=393) to work on /home/airflow/.local/lib/python3.7/site-packages/airflow/example_dags/example_branch_day_of_week_operator.py
[2026-02-13T21:51:34.038+0000] {processor.py:743} INFO - Processing file /home/airflow/.local/lib/python3.7/site-packages/airflow/example_dags/example_branch_day_of_week_operator.py for tasks to queue
[2026-02-13T21:51:34.038+0000] {logging_mixin.py:137} INFO - [2026-02-13T21:51:34.038+0000] {dagbag.py:538} INFO - Filling up the DagBag from /home/airflow/.local/lib/python3.7/site-packages/airflow/example_dags/example_branch_day_of_week_operator.py
[2026-02-13T21:51:34.045+0000] {processor.py:753} INFO - DAG(s) dict_keys(['example_weekday_branch_operator']) retrieved from /home/airflow/.local/lib/python3.7/site-packages/airflow/example_dags/example_branch_day_of_week_operator.py
[2026-02-13T21:51:34.060+0000] {logging_mixin.py:137} INFO - [2026-02-13T21:51:34.060+0000] {dag.py:2690} INFO - Sync 1 DAGs
[2026-02-13T21:51:34.078+0000] {logging_mixin.py:137} INFO - [2026-02-13T21:51:34.078+0000] {dag.py:3441} INFO - Setting next_dagrun for example_weekday_branch_operator to 2026-02-12T00:00:00+00:00, run_after=2026-02-13T00:00:00+00:00
[2026-02-13T21:51:34.091+0000] {processor.py:175} INFO - Processing /home/airflow/.local/lib/python3.7/site-packages/airflow/example_dags/example_branch_day_of_week_operator.py took 0.057 seconds
[2026-02-13T21:52:04.480+0000] {processor.py:153} INFO - Started process (PID=481) to work on /home/airflow/.local/lib/python3.7/site-packages/airflow/example_dags/example_branch_day_of_week_operator.py
[2026-02-13T21:52:04.480+0000] {processor.py:743} INFO - Processing file /home/airflow/.local/lib/python3.7/site-packages/airflow/example_dags/example_branch_day_of_week_operator.py for tasks to queue
[2026-02-13T21:52:04.481+0000] {logging_mixin.py:137} INFO - [2026-02-13T21:52:04.480+0000] {dagbag.py:538} INFO - Filling up the DagBag from /home/airflow/.local/lib/python3.7/site-packages/airflow/example_dags/example_branch_day_of_week_operator.py
[2026-02-13T21:52:04.488+0000] {processor.py:753} INFO - DAG(s) dict_keys(['example_weekday_branch_operator']) retrieved from /home/airflow/.local/lib/python3.7/site-packages/airflow/example_dags/example_branch_day_of_week_operator.py
[2026-02-13T21:52:04.500+0000] {logging_mixin.py:137} INFO - [2026-02-13T21:52:04.500+0000] {dag.py:2690} INFO - Sync 1 DAGs
[2026-02-13T21:52:04.511+0000] {logging_mixin.py:137} INFO - [2026-02-13T21:52:04.511+0000] {dag.py:3441} INFO - Setting next_dagrun for example_weekday_branch_operator to 2026-02-12T00:00:00+00:00, run_after=2026-02-13T00:00:00+00:00
[2026-02-13T21:52:04.523+0000] {processor.py:175} INFO - Processing /home/airflow/.local/lib/python3.7/site-packages/airflow/example_dags/example_branch_day_of_week_operator.py took 0.045 seconds
[2026-02-13T21:52:34.995+0000] {processor.py:153} INFO - Started process (PID=569) to work on /home/airflow/.local/lib/python3.7/site-packages/airflow/example_dags/example_branch_day_of_week_operator.py
[2026-02-13T21:52:34.996+0000] {processor.py:743} INFO - Processing file /home/airflow/.local/lib/python3.7/site-packages/airflow/example_dags/example_branch_day_of_week_operator.py for tasks to queue
[2026-02-13T21:52:34.997+0000] {logging_mixin.py:137} INFO - [2026-02-13T21:52:34.997+0000] {dagbag.py:538} INFO - Filling up the DagBag from /home/airflow/.local/lib/python3.7/site-packages/airflow/example_dags/example_branch_day_of_week_operator.py
[2026-02-13T21:52:35.004+0000] {processor.py:753} INFO - DAG(s) dict_keys(['example_weekday_branch_operator']) retrieved from /home/airflow/.local/lib/python3.7/site-packages/airflow/example_dags/example_branch_day_of_week_operator.py
[2026-02-13T21:52:35.019+0000] {logging_mixin.py:137} INFO - [2026-02-13T21:52:35.019+0000] {dag.py:2690} INFO - Sync 1 DAGs
[2026-02-13T21:52:35.034+0000] {logging_mixin.py:137} INFO - [2026-02-13T21:52:35.034+0000] {dag.py:3441} INFO - Setting next_dagrun for example_weekday_branch_operator to 2026-02-12T00:00:00+00:00, run_after=2026-02-13T00:00:00+00:00
[2026-02-13T21:52:35.047+0000] {processor.py:175} INFO - Processing /home/airflow/.local/lib/python3.7/site-packages/airflow/example_dags/example_branch_day_of_week_operator.py took 0.053 seconds
[2026-02-13T21:53:05.514+0000] {processor.py:153} INFO - Started process (PID=640) to work on /home/airflow/.local/lib/python3.7/site-packages/airflow/example_dags/example_branch_day_of_week_operator.py
[2026-02-13T21:53:05.515+0000] {processor.py:743} INFO - Processing file /home/airflow/.local/lib/python3.7/site-packages/airflow/example_dags/example_branch_day_of_week_operator.py for tasks to queue
[2026-02-13T21:53:05.515+0000] {logging_mixin.py:137} INFO - [2026-02-13T21:53:05.515+0000] {dagbag.py:538} INFO - Filling up the DagBag from /home/airflow/.local/lib/python3.7/site-packages/airflow/example_dags/example_branch_day_of_week_operator.py
[2026-02-13T21:53:05.523+0000] {processor.py:753} INFO - DAG(s) dict_keys(['example_weekday_branch_operator']) retrieved from /home/airflow/.local/lib/python3.7/site-packages/airflow/example_dags/example_branch_day_of_week_operator.py
[2026-02-13T21:53:05.536+0000] {logging_mixin.py:137} INFO - [2026-02-13T21:53:05.536+0000] {dag.py:2690} INFO - Sync 1 DAGs
[2026-02-13T21:53:05.550+0000] {logging_mixin.py:137} INFO - [2026-02-13T21:53:05.550+0000] {dag.py:3441} INFO - Setting next_dagrun for example_weekday_branch_operator to 2026-02-12T00:00:00+00:00, run_after=2026-02-13T00:00:00+00:00
[2026-02-13T21:53:05.560+0000] {processor.py:175} INFO - Processing /home/airflow/.local/lib/python3.7/site-packages/airflow/example_dags/example_branch_day_of_week_operator.py took 0.047 seconds
[2026-02-13T21:53:36.048+0000] {processor.py:153} INFO - Started process (PID=728) to work on /home/airflow/.local/lib/python3.7/site-packages/airflow/example_dags/example_branch_day_of_week_operator.py
[2026-02-13T21:53:36.050+0000] {processor.py:743} INFO - Processing file /home/airflow/.local/lib/python3.7/site-packages/airflow/example_dags/example_branch_day_of_week_operator.py for tasks to queue
[2026-02-13T21:53:36.051+0000] {logging_mixin.py:137} INFO - [2026-02-13T21:53:36.051+0000] {dagbag.py:538} INFO - Filling up the DagBag from /home/airflow/.local/lib/python3.7/site-packages/airflow/example_dags/example_branch_day_of_week_operator.py
[2026-02-13T21:53:36.059+0000] {processor.py:753} INFO - DAG(s) dict_keys(['example_weekday_branch_operator']) retrieved from /home/airflow/.local/lib/python3.7/site-packages/airflow/example_dags/example_branch_day_of_week_operator.py
[2026-02-13T21:53:36.071+0000] {logging_mixin.py:137} INFO - [2026-02-13T21:53:36.070+0000] {dag.py:2690} INFO - Sync 1 DAGs
[2026-02-13T21:53:36.081+0000] {logging_mixin.py:137} INFO - [2026-02-13T21:53:36.081+0000] {dag.py:3441} INFO - Setting next_dagrun for example_weekday_branch_operator to 2026-02-12T00:00:00+00:00, run_after=2026-02-13T00:00:00+00:00
[2026-02-13T21:53:36.092+0000] {processor.py:175} INFO - Processing /home/airflow/.local/lib/python3.7/site-packages/airflow/example_dags/example_branch_day_of_week_operator.py took 0.046 seconds
[2026-02-13T21:54:06.475+0000] {processor.py:153} INFO - Started process (PID=816) to work on /home/airflow/.local/lib/python3.7/site-packages/airflow/example_dags/example_branch_day_of_week_operator.py
[2026-02-13T21:54:06.475+0000] {processor.py:743} INFO - Processing file /home/airflow/.local/lib/python3.7/site-packages/airflow/example_dags/example_branch_day_of_week_operator.py for tasks to queue
[2026-02-13T21:54:06.476+0000] {logging_mixin.py:137} INFO - [2026-02-13T21:54:06.476+0000] {dagbag.py:538} INFO - Filling up the DagBag from /home/airflow/.local/lib/python3.7/site-packages/airflow/example_dags/example_branch_day_of_week_operator.py
[2026-02-13T21:54:06.486+0000] {processor.py:753} INFO - DAG(s) dict_keys(['example_weekday_branch_operator']) retrieved from /home/airflow/.local/lib/python3.7/site-packages/airflow/example_dags/example_branch_day_of_week_operator.py
[2026-02-13T21:54:06.498+0000] {logging_mixin.py:137} INFO - [2026-02-13T21:54:06.498+0000] {dag.py:2690} INFO - Sync 1 DAGs
[2026-02-13T21:54:06.515+0000] {logging_mixin.py:137} INFO - [2026-02-13T21:54:06.515+0000] {dag.py:3441} INFO - Setting next_dagrun for example_weekday_branch_operator to 2026-02-12T00:00:00+00:00, run_after=2026-02-13T00:00:00+00:00
[2026-02-13T21:54:06.528+0000] {processor.py:175} INFO - Processing /home/airflow/.local/lib/python3.7/site-packages/airflow/example_dags/example_branch_day_of_week_operator.py took 0.055 seconds
[2026-02-13T21:54:37.070+0000] {processor.py:153} INFO - Started process (PID=904) to work on /home/airflow/.local/lib/python3.7/site-packages/airflow/example_dags/example_branch_day_of_week_operator.py
[2026-02-13T21:54:37.070+0000] {processor.py:743} INFO - Processing file /home/airflow/.local/lib/python3.7/site-packages/airflow/example_dags/example_branch_day_of_week_operator.py for tasks to queue
[2026-02-13T21:54:37.071+0000] {logging_mixin.py:137} INFO - [2026-02-13T21:54:37.071+0000] {dagbag.py:538} INFO - Filling up the DagBag from /home/airflow/.local/lib/python3.7/site-packages/airflow/example_dags/example_branch_day_of_week_operator.py
[2026-02-13T21:54:37.082+0000] {processor.py:753} INFO - DAG(s) dict_keys(['example_weekday_branch_operator']) retrieved from /home/airflow/.local/lib/python3.7/site-packages/airflow/example_dags/example_branch_day_of_week_operator.py
[2026-02-13T21:54:37.106+0000] {logging_mixin.py:137} INFO - [2026-02-13T21:54:37.106+0000] {dag.py:2690} INFO - Sync 1 DAGs
[2026-02-13T21:54:37.120+0000] {logging_mixin.py:137} INFO - [2026-02-13T21:54:37.120+0000] {dag.py:3441} INFO - Setting next_dagrun for example_weekday_branch_operator to 2026-02-12T00:00:00+00:00, run_after=2026-02-13T00:00:00+00:00
[2026-02-13T21:54:37.134+0000] {processor.py:175} INFO - Processing /home/airflow/.local/lib/python3.7/site-packages/airflow/example_dags/example_branch_day_of_week_operator.py took 0.065 seconds
[2026-02-13T21:55:07.636+0000] {processor.py:153} INFO - Started process (PID=976) to work on /home/airflow/.local/lib/python3.7/site-packages/airflow/example_dags/example_branch_day_of_week_operator.py
[2026-02-13T21:55:07.637+0000] {processor.py:743} INFO - Processing file /home/airflow/.local/lib/python3.7/site-packages/airflow/example_dags/example_branch_day_of_week_operator.py for tasks to queue
[2026-02-13T21:55:07.637+0000] {logging_mixin.py:137} INFO - [2026-02-13T21:55:07.637+0000] {dagbag.py:538} INFO - Filling up the DagBag from /home/airflow/.local/lib/python3.7/site-packages/airflow/example_dags/example_branch_day_of_week_operator.py
[2026-02-13T21:55:07.644+0000] {processor.py:753} INFO - DAG(s) dict_keys(['example_weekday_branch_operator']) retrieved from /home/airflow/.local/lib/python3.7/site-packages/airflow/example_dags/example_branch_day_of_week_operator.py
[2026-02-13T21:55:07.657+0000] {logging_mixin.py:137} INFO - [2026-02-13T21:55:07.657+0000] {dag.py:2690} INFO - Sync 1 DAGs
[2026-02-13T21:55:07.671+0000] {logging_mixin.py:137} INFO - [2026-02-13T21:55:07.671+0000] {dag.py:3441} INFO - Setting next_dagrun for example_weekday_branch_operator to 2026-02-12T00:00:00+00:00, run_after=2026-02-13T00:00:00+00:00
[2026-02-13T21:55:07.684+0000] {processor.py:175} INFO - Processing /home/airflow/.local/lib/python3.7/site-packages/airflow/example_dags/example_branch_day_of_week_operator.py took 0.049 seconds
[2026-02-13T21:55:38.134+0000] {processor.py:153} INFO - Started process (PID=1064) to work on /home/airflow/.local/lib/python3.7/site-packages/airflow/example_dags/example_branch_day_of_week_operator.py
[2026-02-13T21:55:38.135+0000] {processor.py:743} INFO - Processing file /home/airflow/.local/lib/python3.7/site-packages/airflow/example_dags/example_branch_day_of_week_operator.py for tasks to queue
[2026-02-13T21:55:38.135+0000] {logging_mixin.py:137} INFO - [2026-02-13T21:55:38.135+0000] {dagbag.py:538} INFO - Filling up the DagBag from /home/airflow/.local/lib/python3.7/site-packages/airflow/example_dags/example_branch_day_of_week_operator.py
[2026-02-13T21:55:38.143+0000] {processor.py:753} INFO - DAG(s) dict_keys(['example_weekday_branch_operator']) retrieved from /home/airflow/.local/lib/python3.7/site-packages/airflow/example_dags/example_branch_day_of_week_operator.py
[2026-02-13T21:55:38.153+0000] {logging_mixin.py:137} INFO - [2026-02-13T21:55:38.153+0000] {dag.py:2690} INFO - Sync 1 DAGs
[2026-02-13T21:55:38.167+0000] {logging_mixin.py:137} INFO - [2026-02-13T21:55:38.167+0000] {dag.py:3441} INFO - Setting next_dagrun for example_weekday_branch_operator to 2026-02-12T00:00:00+00:00, run_after=2026-02-13T00:00:00+00:00
[2026-02-13T21:55:38.183+0000] {processor.py:175} INFO - Processing /home/airflow/.local/lib/python3.7/site-packages/airflow/example_dags/example_branch_day_of_week_operator.py took 0.050 seconds
[2026-02-13T21:56:08.610+0000] {processor.py:153} INFO - Started process (PID=1152) to work on /home/airflow/.local/lib/python3.7/site-packages/airflow/example_dags/example_branch_day_of_week_operator.py
[2026-02-13T21:56:08.611+0000] {processor.py:743} INFO - Processing file /home/airflow/.local/lib/python3.7/site-packages/airflow/example_dags/example_branch_day_of_week_operator.py for tasks to queue
[2026-02-13T21:56:08.614+0000] {logging_mixin.py:137} INFO - [2026-02-13T21:56:08.614+0000] {dagbag.py:538} INFO - Filling up the DagBag from /home/airflow/.local/lib/python3.7/site-packages/airflow/example_dags/example_branch_day_of_week_operator.py
[2026-02-13T21:56:08.619+0000] {processor.py:753} INFO - DAG(s) dict_keys(['example_weekday_branch_operator']) retrieved from /home/airflow/.local/lib/python3.7/site-packages/airflow/example_dags/example_branch_day_of_week_operator.py
[2026-02-13T21:56:08.630+0000] {logging_mixin.py:137} INFO - [2026-02-13T21:56:08.630+0000] {dag.py:2690} INFO - Sync 1 DAGs
[2026-02-13T21:56:08.642+0000] {logging_mixin.py:137} INFO - [2026-02-13T21:56:08.642+0000] {dag.py:3441} INFO - Setting next_dagrun for example_weekday_branch_operator to 2026-02-12T00:00:00+00:00, run_after=2026-02-13T00:00:00+00:00
[2026-02-13T21:56:08.656+0000] {processor.py:175} INFO - Processing /home/airflow/.local/lib/python3.7/site-packages/airflow/example_dags/example_branch_day_of_week_operator.py took 0.047 seconds
[2026-02-13T21:56:39.504+0000] {processor.py:153} INFO - Started process (PID=1240) to work on /home/airflow/.local/lib/python3.7/site-packages/airflow/example_dags/example_branch_day_of_week_operator.py
[2026-02-13T21:56:39.508+0000] {processor.py:743} INFO - Processing file /home/airflow/.local/lib/python3.7/site-packages/airflow/example_dags/example_branch_day_of_week_operator.py for tasks to queue
[2026-02-13T21:56:39.508+0000] {logging_mixin.py:137} INFO - [2026-02-13T21:56:39.508+0000] {dagbag.py:538} INFO - Filling up the DagBag from /home/airflow/.local/lib/python3.7/site-packages/airflow/example_dags/example_branch_day_of_week_operator.py
[2026-02-13T21:56:39.515+0000] {processor.py:753} INFO - DAG(s) dict_keys(['example_weekday_branch_operator']) retrieved from /home/airflow/.local/lib/python3.7/site-packages/airflow/example_dags/example_branch_day_of_week_operator.py
[2026-02-13T21:56:39.533+0000] {logging_mixin.py:137} INFO - [2026-02-13T21:56:39.533+0000] {dag.py:2690} INFO - Sync 1 DAGs
[2026-02-13T21:56:39.546+0000] {logging_mixin.py:137} INFO - [2026-02-13T21:56:39.546+0000] {dag.py:3441} INFO - Setting next_dagrun for example_weekday_branch_operator to 2026-02-12T00:00:00+00:00, run_after=2026-02-13T00:00:00+00:00
[2026-02-13T21:56:39.562+0000] {processor.py:175} INFO - Processing /home/airflow/.local/lib/python3.7/site-packages/airflow/example_dags/example_branch_day_of_week_operator.py took 0.059 seconds
[2026-02-13T22:01:03.934+0000] {processor.py:153} INFO - Started process (PID=54) to work on /home/airflow/.local/lib/python3.7/site-packages/airflow/example_dags/example_branch_day_of_week_operator.py
[2026-02-13T22:01:03.935+0000] {processor.py:743} INFO - Processing file /home/airflow/.local/lib/python3.7/site-packages/airflow/example_dags/example_branch_day_of_week_operator.py for tasks to queue
[2026-02-13T22:01:03.936+0000] {logging_mixin.py:137} INFO - [2026-02-13T22:01:03.936+0000] {dagbag.py:538} INFO - Filling up the DagBag from /home/airflow/.local/lib/python3.7/site-packages/airflow/example_dags/example_branch_day_of_week_operator.py
[2026-02-13T22:01:03.960+0000] {processor.py:753} INFO - DAG(s) dict_keys(['example_weekday_branch_operator']) retrieved from /home/airflow/.local/lib/python3.7/site-packages/airflow/example_dags/example_branch_day_of_week_operator.py
[2026-02-13T22:01:03.971+0000] {logging_mixin.py:137} INFO - [2026-02-13T22:01:03.971+0000] {dag.py:2690} INFO - Sync 1 DAGs
[2026-02-13T22:01:03.993+0000] {logging_mixin.py:137} INFO - [2026-02-13T22:01:03.993+0000] {dag.py:3441} INFO - Setting next_dagrun for example_weekday_branch_operator to 2026-02-12T00:00:00+00:00, run_after=2026-02-13T00:00:00+00:00
[2026-02-13T22:01:04.004+0000] {processor.py:175} INFO - Processing /home/airflow/.local/lib/python3.7/site-packages/airflow/example_dags/example_branch_day_of_week_operator.py took 0.075 seconds
[2026-02-13T22:01:34.659+0000] {processor.py:153} INFO - Started process (PID=141) to work on /home/airflow/.local/lib/python3.7/site-packages/airflow/example_dags/example_branch_day_of_week_operator.py
[2026-02-13T22:01:34.661+0000] {processor.py:743} INFO - Processing file /home/airflow/.local/lib/python3.7/site-packages/airflow/example_dags/example_branch_day_of_week_operator.py for tasks to queue
[2026-02-13T22:01:34.662+0000] {logging_mixin.py:137} INFO - [2026-02-13T22:01:34.662+0000] {dagbag.py:538} INFO - Filling up the DagBag from /home/airflow/.local/lib/python3.7/site-packages/airflow/example_dags/example_branch_day_of_week_operator.py
[2026-02-13T22:01:34.671+0000] {processor.py:753} INFO - DAG(s) dict_keys(['example_weekday_branch_operator']) retrieved from /home/airflow/.local/lib/python3.7/site-packages/airflow/example_dags/example_branch_day_of_week_operator.py
[2026-02-13T22:01:34.686+0000] {logging_mixin.py:137} INFO - [2026-02-13T22:01:34.686+0000] {dag.py:2690} INFO - Sync 1 DAGs
[2026-02-13T22:01:34.701+0000] {logging_mixin.py:137} INFO - [2026-02-13T22:01:34.700+0000] {dag.py:3441} INFO - Setting next_dagrun for example_weekday_branch_operator to 2026-02-12T00:00:00+00:00, run_after=2026-02-13T00:00:00+00:00
[2026-02-13T22:01:34.715+0000] {processor.py:175} INFO - Processing /home/airflow/.local/lib/python3.7/site-packages/airflow/example_dags/example_branch_day_of_week_operator.py took 0.057 seconds
[2026-02-13T22:02:05.204+0000] {processor.py:153} INFO - Started process (PID=231) to work on /home/airflow/.local/lib/python3.7/site-packages/airflow/example_dags/example_branch_day_of_week_operator.py
[2026-02-13T22:02:05.205+0000] {processor.py:743} INFO - Processing file /home/airflow/.local/lib/python3.7/site-packages/airflow/example_dags/example_branch_day_of_week_operator.py for tasks to queue
[2026-02-13T22:02:05.206+0000] {logging_mixin.py:137} INFO - [2026-02-13T22:02:05.206+0000] {dagbag.py:538} INFO - Filling up the DagBag from /home/airflow/.local/lib/python3.7/site-packages/airflow/example_dags/example_branch_day_of_week_operator.py
[2026-02-13T22:02:05.213+0000] {processor.py:753} INFO - DAG(s) dict_keys(['example_weekday_branch_operator']) retrieved from /home/airflow/.local/lib/python3.7/site-packages/airflow/example_dags/example_branch_day_of_week_operator.py
[2026-02-13T22:02:05.224+0000] {logging_mixin.py:137} INFO - [2026-02-13T22:02:05.224+0000] {dag.py:2690} INFO - Sync 1 DAGs
[2026-02-13T22:02:05.240+0000] {logging_mixin.py:137} INFO - [2026-02-13T22:02:05.240+0000] {dag.py:3441} INFO - Setting next_dagrun for example_weekday_branch_operator to 2026-02-12T00:00:00+00:00, run_after=2026-02-13T00:00:00+00:00
[2026-02-13T22:02:05.251+0000] {processor.py:175} INFO - Processing /home/airflow/.local/lib/python3.7/site-packages/airflow/example_dags/example_branch_day_of_week_operator.py took 0.048 seconds
[2026-02-13T22:02:35.792+0000] {processor.py:153} INFO - Started process (PID=303) to work on /home/airflow/.local/lib/python3.7/site-packages/airflow/example_dags/example_branch_day_of_week_operator.py
[2026-02-13T22:02:35.793+0000] {processor.py:743} INFO - Processing file /home/airflow/.local/lib/python3.7/site-packages/airflow/example_dags/example_branch_day_of_week_operator.py for tasks to queue
[2026-02-13T22:02:35.793+0000] {logging_mixin.py:137} INFO - [2026-02-13T22:02:35.793+0000] {dagbag.py:538} INFO - Filling up the DagBag from /home/airflow/.local/lib/python3.7/site-packages/airflow/example_dags/example_branch_day_of_week_operator.py
[2026-02-13T22:02:35.802+0000] {processor.py:753} INFO - DAG(s) dict_keys(['example_weekday_branch_operator']) retrieved from /home/airflow/.local/lib/python3.7/site-packages/airflow/example_dags/example_branch_day_of_week_operator.py
[2026-02-13T22:02:35.818+0000] {logging_mixin.py:137} INFO - [2026-02-13T22:02:35.818+0000] {dag.py:2690} INFO - Sync 1 DAGs
[2026-02-13T22:02:35.831+0000] {logging_mixin.py:137} INFO - [2026-02-13T22:02:35.831+0000] {dag.py:3441} INFO - Setting next_dagrun for example_weekday_branch_operator to 2026-02-12T00:00:00+00:00, run_after=2026-02-13T00:00:00+00:00
[2026-02-13T22:02:35.843+0000] {processor.py:175} INFO - Processing /home/airflow/.local/lib/python3.7/site-packages/airflow/example_dags/example_branch_day_of_week_operator.py took 0.052 seconds
[2026-02-13T22:03:30.108+0000] {processor.py:153} INFO - Started process (PID=54) to work on /home/airflow/.local/lib/python3.7/site-packages/airflow/example_dags/example_branch_day_of_week_operator.py
[2026-02-13T22:03:30.110+0000] {processor.py:743} INFO - Processing file /home/airflow/.local/lib/python3.7/site-packages/airflow/example_dags/example_branch_day_of_week_operator.py for tasks to queue
[2026-02-13T22:03:30.110+0000] {logging_mixin.py:137} INFO - [2026-02-13T22:03:30.110+0000] {dagbag.py:538} INFO - Filling up the DagBag from /home/airflow/.local/lib/python3.7/site-packages/airflow/example_dags/example_branch_day_of_week_operator.py
[2026-02-13T22:03:30.123+0000] {processor.py:753} INFO - DAG(s) dict_keys(['example_weekday_branch_operator']) retrieved from /home/airflow/.local/lib/python3.7/site-packages/airflow/example_dags/example_branch_day_of_week_operator.py
[2026-02-13T22:03:30.132+0000] {logging_mixin.py:137} INFO - [2026-02-13T22:03:30.132+0000] {dag.py:2690} INFO - Sync 1 DAGs
[2026-02-13T22:03:30.148+0000] {logging_mixin.py:137} INFO - [2026-02-13T22:03:30.148+0000] {dag.py:3441} INFO - Setting next_dagrun for example_weekday_branch_operator to 2026-02-12T00:00:00+00:00, run_after=2026-02-13T00:00:00+00:00
[2026-02-13T22:03:30.161+0000] {processor.py:175} INFO - Processing /home/airflow/.local/lib/python3.7/site-packages/airflow/example_dags/example_branch_day_of_week_operator.py took 0.055 seconds
[2026-02-13T22:04:00.914+0000] {processor.py:153} INFO - Started process (PID=141) to work on /home/airflow/.local/lib/python3.7/site-packages/airflow/example_dags/example_branch_day_of_week_operator.py
[2026-02-13T22:04:00.917+0000] {processor.py:743} INFO - Processing file /home/airflow/.local/lib/python3.7/site-packages/airflow/example_dags/example_branch_day_of_week_operator.py for tasks to queue
[2026-02-13T22:04:00.920+0000] {logging_mixin.py:137} INFO - [2026-02-13T22:04:00.919+0000] {dagbag.py:538} INFO - Filling up the DagBag from /home/airflow/.local/lib/python3.7/site-packages/airflow/example_dags/example_branch_day_of_week_operator.py
[2026-02-13T22:04:00.933+0000] {processor.py:753} INFO - DAG(s) dict_keys(['example_weekday_branch_operator']) retrieved from /home/airflow/.local/lib/python3.7/site-packages/airflow/example_dags/example_branch_day_of_week_operator.py
[2026-02-13T22:04:00.957+0000] {logging_mixin.py:137} INFO - [2026-02-13T22:04:00.957+0000] {dag.py:2690} INFO - Sync 1 DAGs
[2026-02-13T22:04:00.977+0000] {logging_mixin.py:137} INFO - [2026-02-13T22:04:00.977+0000] {dag.py:3441} INFO - Setting next_dagrun for example_weekday_branch_operator to 2026-02-12T00:00:00+00:00, run_after=2026-02-13T00:00:00+00:00
[2026-02-13T22:04:00.999+0000] {processor.py:175} INFO - Processing /home/airflow/.local/lib/python3.7/site-packages/airflow/example_dags/example_branch_day_of_week_operator.py took 0.090 seconds
[2026-02-13T22:04:31.977+0000] {processor.py:153} INFO - Started process (PID=222) to work on /home/airflow/.local/lib/python3.7/site-packages/airflow/example_dags/example_branch_day_of_week_operator.py
[2026-02-13T22:04:31.978+0000] {processor.py:743} INFO - Processing file /home/airflow/.local/lib/python3.7/site-packages/airflow/example_dags/example_branch_day_of_week_operator.py for tasks to queue
[2026-02-13T22:04:31.979+0000] {logging_mixin.py:137} INFO - [2026-02-13T22:04:31.979+0000] {dagbag.py:538} INFO - Filling up the DagBag from /home/airflow/.local/lib/python3.7/site-packages/airflow/example_dags/example_branch_day_of_week_operator.py
[2026-02-13T22:04:31.991+0000] {processor.py:753} INFO - DAG(s) dict_keys(['example_weekday_branch_operator']) retrieved from /home/airflow/.local/lib/python3.7/site-packages/airflow/example_dags/example_branch_day_of_week_operator.py
[2026-02-13T22:04:32.007+0000] {logging_mixin.py:137} INFO - [2026-02-13T22:04:32.007+0000] {dag.py:2690} INFO - Sync 1 DAGs
[2026-02-13T22:04:32.029+0000] {logging_mixin.py:137} INFO - [2026-02-13T22:04:32.028+0000] {dag.py:3441} INFO - Setting next_dagrun for example_weekday_branch_operator to 2026-02-12T00:00:00+00:00, run_after=2026-02-13T00:00:00+00:00
[2026-02-13T22:04:32.044+0000] {processor.py:175} INFO - Processing /home/airflow/.local/lib/python3.7/site-packages/airflow/example_dags/example_branch_day_of_week_operator.py took 0.070 seconds
[2026-02-13T22:05:02.753+0000] {processor.py:153} INFO - Started process (PID=301) to work on /home/airflow/.local/lib/python3.7/site-packages/airflow/example_dags/example_branch_day_of_week_operator.py
[2026-02-13T22:05:02.753+0000] {processor.py:743} INFO - Processing file /home/airflow/.local/lib/python3.7/site-packages/airflow/example_dags/example_branch_day_of_week_operator.py for tasks to queue
[2026-02-13T22:05:02.753+0000] {logging_mixin.py:137} INFO - [2026-02-13T22:05:02.753+0000] {dagbag.py:538} INFO - Filling up the DagBag from /home/airflow/.local/lib/python3.7/site-packages/airflow/example_dags/example_branch_day_of_week_operator.py
[2026-02-13T22:05:02.763+0000] {processor.py:753} INFO - DAG(s) dict_keys(['example_weekday_branch_operator']) retrieved from /home/airflow/.local/lib/python3.7/site-packages/airflow/example_dags/example_branch_day_of_week_operator.py
[2026-02-13T22:05:02.778+0000] {logging_mixin.py:137} INFO - [2026-02-13T22:05:02.778+0000] {dag.py:2690} INFO - Sync 1 DAGs
[2026-02-13T22:05:02.792+0000] {logging_mixin.py:137} INFO - [2026-02-13T22:05:02.792+0000] {dag.py:3441} INFO - Setting next_dagrun for example_weekday_branch_operator to 2026-02-12T00:00:00+00:00, run_after=2026-02-13T00:00:00+00:00
[2026-02-13T22:05:02.803+0000] {processor.py:175} INFO - Processing /home/airflow/.local/lib/python3.7/site-packages/airflow/example_dags/example_branch_day_of_week_operator.py took 0.052 seconds
[2026-02-13T22:05:33.301+0000] {processor.py:153} INFO - Started process (PID=389) to work on /home/airflow/.local/lib/python3.7/site-packages/airflow/example_dags/example_branch_day_of_week_operator.py
[2026-02-13T22:05:33.303+0000] {processor.py:743} INFO - Processing file /home/airflow/.local/lib/python3.7/site-packages/airflow/example_dags/example_branch_day_of_week_operator.py for tasks to queue
[2026-02-13T22:05:33.303+0000] {logging_mixin.py:137} INFO - [2026-02-13T22:05:33.303+0000] {dagbag.py:538} INFO - Filling up the DagBag from /home/airflow/.local/lib/python3.7/site-packages/airflow/example_dags/example_branch_day_of_week_operator.py
[2026-02-13T22:05:33.309+0000] {processor.py:753} INFO - DAG(s) dict_keys(['example_weekday_branch_operator']) retrieved from /home/airflow/.local/lib/python3.7/site-packages/airflow/example_dags/example_branch_day_of_week_operator.py
[2026-02-13T22:05:33.324+0000] {logging_mixin.py:137} INFO - [2026-02-13T22:05:33.324+0000] {dag.py:2690} INFO - Sync 1 DAGs
[2026-02-13T22:05:33.335+0000] {logging_mixin.py:137} INFO - [2026-02-13T22:05:33.335+0000] {dag.py:3441} INFO - Setting next_dagrun for example_weekday_branch_operator to 2026-02-12T00:00:00+00:00, run_after=2026-02-13T00:00:00+00:00
[2026-02-13T22:05:33.345+0000] {processor.py:175} INFO - Processing /home/airflow/.local/lib/python3.7/site-packages/airflow/example_dags/example_branch_day_of_week_operator.py took 0.047 seconds
[2026-02-13T22:06:33.297+0000] {processor.py:153} INFO - Started process (PID=56) to work on /home/airflow/.local/lib/python3.7/site-packages/airflow/example_dags/example_branch_day_of_week_operator.py
[2026-02-13T22:06:33.297+0000] {processor.py:743} INFO - Processing file /home/airflow/.local/lib/python3.7/site-packages/airflow/example_dags/example_branch_day_of_week_operator.py for tasks to queue
[2026-02-13T22:06:33.298+0000] {logging_mixin.py:137} INFO - [2026-02-13T22:06:33.298+0000] {dagbag.py:538} INFO - Filling up the DagBag from /home/airflow/.local/lib/python3.7/site-packages/airflow/example_dags/example_branch_day_of_week_operator.py
[2026-02-13T22:06:33.308+0000] {processor.py:753} INFO - DAG(s) dict_keys(['example_weekday_branch_operator']) retrieved from /home/airflow/.local/lib/python3.7/site-packages/airflow/example_dags/example_branch_day_of_week_operator.py
[2026-02-13T22:06:33.317+0000] {logging_mixin.py:137} INFO - [2026-02-13T22:06:33.317+0000] {dag.py:2690} INFO - Sync 1 DAGs
[2026-02-13T22:06:33.333+0000] {logging_mixin.py:137} INFO - [2026-02-13T22:06:33.333+0000] {dag.py:3441} INFO - Setting next_dagrun for example_weekday_branch_operator to 2026-02-12T00:00:00+00:00, run_after=2026-02-13T00:00:00+00:00
[2026-02-13T22:06:33.351+0000] {processor.py:175} INFO - Processing /home/airflow/.local/lib/python3.7/site-packages/airflow/example_dags/example_branch_day_of_week_operator.py took 0.060 seconds
[2026-02-13T22:07:04.465+0000] {processor.py:153} INFO - Started process (PID=145) to work on /home/airflow/.local/lib/python3.7/site-packages/airflow/example_dags/example_branch_day_of_week_operator.py
[2026-02-13T22:07:04.466+0000] {processor.py:743} INFO - Processing file /home/airflow/.local/lib/python3.7/site-packages/airflow/example_dags/example_branch_day_of_week_operator.py for tasks to queue
[2026-02-13T22:07:04.466+0000] {logging_mixin.py:137} INFO - [2026-02-13T22:07:04.466+0000] {dagbag.py:538} INFO - Filling up the DagBag from /home/airflow/.local/lib/python3.7/site-packages/airflow/example_dags/example_branch_day_of_week_operator.py
[2026-02-13T22:07:04.479+0000] {processor.py:753} INFO - DAG(s) dict_keys(['example_weekday_branch_operator']) retrieved from /home/airflow/.local/lib/python3.7/site-packages/airflow/example_dags/example_branch_day_of_week_operator.py
[2026-02-13T22:07:04.494+0000] {logging_mixin.py:137} INFO - [2026-02-13T22:07:04.494+0000] {dag.py:2690} INFO - Sync 1 DAGs
[2026-02-13T22:07:04.514+0000] {logging_mixin.py:137} INFO - [2026-02-13T22:07:04.514+0000] {dag.py:3441} INFO - Setting next_dagrun for example_weekday_branch_operator to 2026-02-12T00:00:00+00:00, run_after=2026-02-13T00:00:00+00:00
[2026-02-13T22:07:04.530+0000] {processor.py:175} INFO - Processing /home/airflow/.local/lib/python3.7/site-packages/airflow/example_dags/example_branch_day_of_week_operator.py took 0.067 seconds
[2026-02-13T22:07:34.612+0000] {processor.py:153} INFO - Started process (PID=234) to work on /home/airflow/.local/lib/python3.7/site-packages/airflow/example_dags/example_branch_day_of_week_operator.py
[2026-02-13T22:07:34.613+0000] {processor.py:743} INFO - Processing file /home/airflow/.local/lib/python3.7/site-packages/airflow/example_dags/example_branch_day_of_week_operator.py for tasks to queue
[2026-02-13T22:07:34.614+0000] {logging_mixin.py:137} INFO - [2026-02-13T22:07:34.614+0000] {dagbag.py:538} INFO - Filling up the DagBag from /home/airflow/.local/lib/python3.7/site-packages/airflow/example_dags/example_branch_day_of_week_operator.py
[2026-02-13T22:07:34.622+0000] {processor.py:753} INFO - DAG(s) dict_keys(['example_weekday_branch_operator']) retrieved from /home/airflow/.local/lib/python3.7/site-packages/airflow/example_dags/example_branch_day_of_week_operator.py
[2026-02-13T22:07:34.635+0000] {logging_mixin.py:137} INFO - [2026-02-13T22:07:34.635+0000] {dag.py:2690} INFO - Sync 1 DAGs
[2026-02-13T22:07:34.649+0000] {logging_mixin.py:137} INFO - [2026-02-13T22:07:34.649+0000] {dag.py:3441} INFO - Setting next_dagrun for example_weekday_branch_operator to 2026-02-12T00:00:00+00:00, run_after=2026-02-13T00:00:00+00:00
[2026-02-13T22:07:34.659+0000] {processor.py:175} INFO - Processing /home/airflow/.local/lib/python3.7/site-packages/airflow/example_dags/example_branch_day_of_week_operator.py took 0.048 seconds
[2026-02-13T22:08:05.301+0000] {processor.py:153} INFO - Started process (PID=307) to work on /home/airflow/.local/lib/python3.7/site-packages/airflow/example_dags/example_branch_day_of_week_operator.py
[2026-02-13T22:08:05.301+0000] {processor.py:743} INFO - Processing file /home/airflow/.local/lib/python3.7/site-packages/airflow/example_dags/example_branch_day_of_week_operator.py for tasks to queue
[2026-02-13T22:08:05.302+0000] {logging_mixin.py:137} INFO - [2026-02-13T22:08:05.302+0000] {dagbag.py:538} INFO - Filling up the DagBag from /home/airflow/.local/lib/python3.7/site-packages/airflow/example_dags/example_branch_day_of_week_operator.py
[2026-02-13T22:08:05.311+0000] {processor.py:753} INFO - DAG(s) dict_keys(['example_weekday_branch_operator']) retrieved from /home/airflow/.local/lib/python3.7/site-packages/airflow/example_dags/example_branch_day_of_week_operator.py
[2026-02-13T22:08:05.323+0000] {logging_mixin.py:137} INFO - [2026-02-13T22:08:05.323+0000] {dag.py:2690} INFO - Sync 1 DAGs
[2026-02-13T22:08:05.335+0000] {logging_mixin.py:137} INFO - [2026-02-13T22:08:05.335+0000] {dag.py:3441} INFO - Setting next_dagrun for example_weekday_branch_operator to 2026-02-12T00:00:00+00:00, run_after=2026-02-13T00:00:00+00:00
[2026-02-13T22:08:05.347+0000] {processor.py:175} INFO - Processing /home/airflow/.local/lib/python3.7/site-packages/airflow/example_dags/example_branch_day_of_week_operator.py took 0.048 seconds
[2026-02-13T22:08:36.087+0000] {processor.py:153} INFO - Started process (PID=396) to work on /home/airflow/.local/lib/python3.7/site-packages/airflow/example_dags/example_branch_day_of_week_operator.py
[2026-02-13T22:08:36.088+0000] {processor.py:743} INFO - Processing file /home/airflow/.local/lib/python3.7/site-packages/airflow/example_dags/example_branch_day_of_week_operator.py for tasks to queue
[2026-02-13T22:08:36.088+0000] {logging_mixin.py:137} INFO - [2026-02-13T22:08:36.088+0000] {dagbag.py:538} INFO - Filling up the DagBag from /home/airflow/.local/lib/python3.7/site-packages/airflow/example_dags/example_branch_day_of_week_operator.py
[2026-02-13T22:08:36.097+0000] {processor.py:753} INFO - DAG(s) dict_keys(['example_weekday_branch_operator']) retrieved from /home/airflow/.local/lib/python3.7/site-packages/airflow/example_dags/example_branch_day_of_week_operator.py
[2026-02-13T22:08:36.108+0000] {logging_mixin.py:137} INFO - [2026-02-13T22:08:36.108+0000] {dag.py:2690} INFO - Sync 1 DAGs
[2026-02-13T22:08:36.123+0000] {logging_mixin.py:137} INFO - [2026-02-13T22:08:36.123+0000] {dag.py:3441} INFO - Setting next_dagrun for example_weekday_branch_operator to 2026-02-12T00:00:00+00:00, run_after=2026-02-13T00:00:00+00:00
[2026-02-13T22:08:36.136+0000] {processor.py:175} INFO - Processing /home/airflow/.local/lib/python3.7/site-packages/airflow/example_dags/example_branch_day_of_week_operator.py took 0.050 seconds
[2026-02-13T22:09:06.747+0000] {processor.py:153} INFO - Started process (PID=485) to work on /home/airflow/.local/lib/python3.7/site-packages/airflow/example_dags/example_branch_day_of_week_operator.py
[2026-02-13T22:09:06.748+0000] {processor.py:743} INFO - Processing file /home/airflow/.local/lib/python3.7/site-packages/airflow/example_dags/example_branch_day_of_week_operator.py for tasks to queue
[2026-02-13T22:09:06.748+0000] {logging_mixin.py:137} INFO - [2026-02-13T22:09:06.748+0000] {dagbag.py:538} INFO - Filling up the DagBag from /home/airflow/.local/lib/python3.7/site-packages/airflow/example_dags/example_branch_day_of_week_operator.py
[2026-02-13T22:09:06.754+0000] {processor.py:753} INFO - DAG(s) dict_keys(['example_weekday_branch_operator']) retrieved from /home/airflow/.local/lib/python3.7/site-packages/airflow/example_dags/example_branch_day_of_week_operator.py
[2026-02-13T22:09:06.764+0000] {logging_mixin.py:137} INFO - [2026-02-13T22:09:06.764+0000] {dag.py:2690} INFO - Sync 1 DAGs
[2026-02-13T22:09:06.774+0000] {logging_mixin.py:137} INFO - [2026-02-13T22:09:06.774+0000] {dag.py:3441} INFO - Setting next_dagrun for example_weekday_branch_operator to 2026-02-12T00:00:00+00:00, run_after=2026-02-13T00:00:00+00:00
[2026-02-13T22:09:06.780+0000] {processor.py:175} INFO - Processing /home/airflow/.local/lib/python3.7/site-packages/airflow/example_dags/example_branch_day_of_week_operator.py took 0.034 seconds
[2026-02-13T22:09:37.332+0000] {processor.py:153} INFO - Started process (PID=573) to work on /home/airflow/.local/lib/python3.7/site-packages/airflow/example_dags/example_branch_day_of_week_operator.py
[2026-02-13T22:09:37.333+0000] {processor.py:743} INFO - Processing file /home/airflow/.local/lib/python3.7/site-packages/airflow/example_dags/example_branch_day_of_week_operator.py for tasks to queue
[2026-02-13T22:09:37.333+0000] {logging_mixin.py:137} INFO - [2026-02-13T22:09:37.333+0000] {dagbag.py:538} INFO - Filling up the DagBag from /home/airflow/.local/lib/python3.7/site-packages/airflow/example_dags/example_branch_day_of_week_operator.py
[2026-02-13T22:09:37.340+0000] {processor.py:753} INFO - DAG(s) dict_keys(['example_weekday_branch_operator']) retrieved from /home/airflow/.local/lib/python3.7/site-packages/airflow/example_dags/example_branch_day_of_week_operator.py
[2026-02-13T22:09:37.350+0000] {logging_mixin.py:137} INFO - [2026-02-13T22:09:37.350+0000] {dag.py:2690} INFO - Sync 1 DAGs
[2026-02-13T22:09:37.361+0000] {logging_mixin.py:137} INFO - [2026-02-13T22:09:37.361+0000] {dag.py:3441} INFO - Setting next_dagrun for example_weekday_branch_operator to 2026-02-12T00:00:00+00:00, run_after=2026-02-13T00:00:00+00:00
[2026-02-13T22:09:37.368+0000] {processor.py:175} INFO - Processing /home/airflow/.local/lib/python3.7/site-packages/airflow/example_dags/example_branch_day_of_week_operator.py took 0.037 seconds
[2026-02-13T22:10:07.928+0000] {processor.py:153} INFO - Started process (PID=646) to work on /home/airflow/.local/lib/python3.7/site-packages/airflow/example_dags/example_branch_day_of_week_operator.py
[2026-02-13T22:10:07.930+0000] {processor.py:743} INFO - Processing file /home/airflow/.local/lib/python3.7/site-packages/airflow/example_dags/example_branch_day_of_week_operator.py for tasks to queue
[2026-02-13T22:10:07.930+0000] {logging_mixin.py:137} INFO - [2026-02-13T22:10:07.930+0000] {dagbag.py:538} INFO - Filling up the DagBag from /home/airflow/.local/lib/python3.7/site-packages/airflow/example_dags/example_branch_day_of_week_operator.py
[2026-02-13T22:10:07.936+0000] {processor.py:753} INFO - DAG(s) dict_keys(['example_weekday_branch_operator']) retrieved from /home/airflow/.local/lib/python3.7/site-packages/airflow/example_dags/example_branch_day_of_week_operator.py
[2026-02-13T22:10:07.952+0000] {logging_mixin.py:137} INFO - [2026-02-13T22:10:07.952+0000] {dag.py:2690} INFO - Sync 1 DAGs
[2026-02-13T22:10:07.963+0000] {logging_mixin.py:137} INFO - [2026-02-13T22:10:07.963+0000] {dag.py:3441} INFO - Setting next_dagrun for example_weekday_branch_operator to 2026-02-12T00:00:00+00:00, run_after=2026-02-13T00:00:00+00:00
[2026-02-13T22:10:07.970+0000] {processor.py:175} INFO - Processing /home/airflow/.local/lib/python3.7/site-packages/airflow/example_dags/example_branch_day_of_week_operator.py took 0.043 seconds
[2026-02-13T22:10:38.578+0000] {processor.py:153} INFO - Started process (PID=734) to work on /home/airflow/.local/lib/python3.7/site-packages/airflow/example_dags/example_branch_day_of_week_operator.py
[2026-02-13T22:10:38.579+0000] {processor.py:743} INFO - Processing file /home/airflow/.local/lib/python3.7/site-packages/airflow/example_dags/example_branch_day_of_week_operator.py for tasks to queue
[2026-02-13T22:10:38.579+0000] {logging_mixin.py:137} INFO - [2026-02-13T22:10:38.579+0000] {dagbag.py:538} INFO - Filling up the DagBag from /home/airflow/.local/lib/python3.7/site-packages/airflow/example_dags/example_branch_day_of_week_operator.py
[2026-02-13T22:10:38.587+0000] {processor.py:753} INFO - DAG(s) dict_keys(['example_weekday_branch_operator']) retrieved from /home/airflow/.local/lib/python3.7/site-packages/airflow/example_dags/example_branch_day_of_week_operator.py
[2026-02-13T22:10:38.599+0000] {logging_mixin.py:137} INFO - [2026-02-13T22:10:38.599+0000] {dag.py:2690} INFO - Sync 1 DAGs
[2026-02-13T22:10:38.611+0000] {logging_mixin.py:137} INFO - [2026-02-13T22:10:38.611+0000] {dag.py:3441} INFO - Setting next_dagrun for example_weekday_branch_operator to 2026-02-12T00:00:00+00:00, run_after=2026-02-13T00:00:00+00:00
[2026-02-13T22:10:38.622+0000] {processor.py:175} INFO - Processing /home/airflow/.local/lib/python3.7/site-packages/airflow/example_dags/example_branch_day_of_week_operator.py took 0.045 seconds
[2026-02-13T22:11:09.147+0000] {processor.py:153} INFO - Started process (PID=823) to work on /home/airflow/.local/lib/python3.7/site-packages/airflow/example_dags/example_branch_day_of_week_operator.py
[2026-02-13T22:11:09.148+0000] {processor.py:743} INFO - Processing file /home/airflow/.local/lib/python3.7/site-packages/airflow/example_dags/example_branch_day_of_week_operator.py for tasks to queue
[2026-02-13T22:11:09.148+0000] {logging_mixin.py:137} INFO - [2026-02-13T22:11:09.148+0000] {dagbag.py:538} INFO - Filling up the DagBag from /home/airflow/.local/lib/python3.7/site-packages/airflow/example_dags/example_branch_day_of_week_operator.py
[2026-02-13T22:11:09.155+0000] {processor.py:753} INFO - DAG(s) dict_keys(['example_weekday_branch_operator']) retrieved from /home/airflow/.local/lib/python3.7/site-packages/airflow/example_dags/example_branch_day_of_week_operator.py
[2026-02-13T22:11:09.164+0000] {logging_mixin.py:137} INFO - [2026-02-13T22:11:09.164+0000] {dag.py:2690} INFO - Sync 1 DAGs
[2026-02-13T22:11:09.174+0000] {logging_mixin.py:137} INFO - [2026-02-13T22:11:09.174+0000] {dag.py:3441} INFO - Setting next_dagrun for example_weekday_branch_operator to 2026-02-12T00:00:00+00:00, run_after=2026-02-13T00:00:00+00:00
[2026-02-13T22:11:09.180+0000] {processor.py:175} INFO - Processing /home/airflow/.local/lib/python3.7/site-packages/airflow/example_dags/example_branch_day_of_week_operator.py took 0.035 seconds
[2026-02-13T22:11:39.739+0000] {processor.py:153} INFO - Started process (PID=911) to work on /home/airflow/.local/lib/python3.7/site-packages/airflow/example_dags/example_branch_day_of_week_operator.py
[2026-02-13T22:11:39.741+0000] {processor.py:743} INFO - Processing file /home/airflow/.local/lib/python3.7/site-packages/airflow/example_dags/example_branch_day_of_week_operator.py for tasks to queue
[2026-02-13T22:11:39.742+0000] {logging_mixin.py:137} INFO - [2026-02-13T22:11:39.742+0000] {dagbag.py:538} INFO - Filling up the DagBag from /home/airflow/.local/lib/python3.7/site-packages/airflow/example_dags/example_branch_day_of_week_operator.py
[2026-02-13T22:11:39.750+0000] {processor.py:753} INFO - DAG(s) dict_keys(['example_weekday_branch_operator']) retrieved from /home/airflow/.local/lib/python3.7/site-packages/airflow/example_dags/example_branch_day_of_week_operator.py
[2026-02-13T22:11:39.763+0000] {logging_mixin.py:137} INFO - [2026-02-13T22:11:39.763+0000] {dag.py:2690} INFO - Sync 1 DAGs
[2026-02-13T22:11:39.779+0000] {logging_mixin.py:137} INFO - [2026-02-13T22:11:39.779+0000] {dag.py:3441} INFO - Setting next_dagrun for example_weekday_branch_operator to 2026-02-12T00:00:00+00:00, run_after=2026-02-13T00:00:00+00:00
[2026-02-13T22:11:39.792+0000] {processor.py:175} INFO - Processing /home/airflow/.local/lib/python3.7/site-packages/airflow/example_dags/example_branch_day_of_week_operator.py took 0.054 seconds
[2026-02-13T22:12:10.293+0000] {processor.py:153} INFO - Started process (PID=984) to work on /home/airflow/.local/lib/python3.7/site-packages/airflow/example_dags/example_branch_day_of_week_operator.py
[2026-02-13T22:12:10.295+0000] {processor.py:743} INFO - Processing file /home/airflow/.local/lib/python3.7/site-packages/airflow/example_dags/example_branch_day_of_week_operator.py for tasks to queue
[2026-02-13T22:12:10.295+0000] {logging_mixin.py:137} INFO - [2026-02-13T22:12:10.295+0000] {dagbag.py:538} INFO - Filling up the DagBag from /home/airflow/.local/lib/python3.7/site-packages/airflow/example_dags/example_branch_day_of_week_operator.py
[2026-02-13T22:12:10.303+0000] {processor.py:753} INFO - DAG(s) dict_keys(['example_weekday_branch_operator']) retrieved from /home/airflow/.local/lib/python3.7/site-packages/airflow/example_dags/example_branch_day_of_week_operator.py
[2026-02-13T22:12:10.316+0000] {logging_mixin.py:137} INFO - [2026-02-13T22:12:10.316+0000] {dag.py:2690} INFO - Sync 1 DAGs
[2026-02-13T22:12:10.330+0000] {logging_mixin.py:137} INFO - [2026-02-13T22:12:10.330+0000] {dag.py:3441} INFO - Setting next_dagrun for example_weekday_branch_operator to 2026-02-12T00:00:00+00:00, run_after=2026-02-13T00:00:00+00:00
[2026-02-13T22:12:10.341+0000] {processor.py:175} INFO - Processing /home/airflow/.local/lib/python3.7/site-packages/airflow/example_dags/example_branch_day_of_week_operator.py took 0.049 seconds
[2026-02-13T22:12:40.930+0000] {processor.py:153} INFO - Started process (PID=1073) to work on /home/airflow/.local/lib/python3.7/site-packages/airflow/example_dags/example_branch_day_of_week_operator.py
[2026-02-13T22:12:40.931+0000] {processor.py:743} INFO - Processing file /home/airflow/.local/lib/python3.7/site-packages/airflow/example_dags/example_branch_day_of_week_operator.py for tasks to queue
[2026-02-13T22:12:40.932+0000] {logging_mixin.py:137} INFO - [2026-02-13T22:12:40.932+0000] {dagbag.py:538} INFO - Filling up the DagBag from /home/airflow/.local/lib/python3.7/site-packages/airflow/example_dags/example_branch_day_of_week_operator.py
[2026-02-13T22:12:40.939+0000] {processor.py:753} INFO - DAG(s) dict_keys(['example_weekday_branch_operator']) retrieved from /home/airflow/.local/lib/python3.7/site-packages/airflow/example_dags/example_branch_day_of_week_operator.py
[2026-02-13T22:12:40.950+0000] {logging_mixin.py:137} INFO - [2026-02-13T22:12:40.950+0000] {dag.py:2690} INFO - Sync 1 DAGs
[2026-02-13T22:12:40.961+0000] {logging_mixin.py:137} INFO - [2026-02-13T22:12:40.961+0000] {dag.py:3441} INFO - Setting next_dagrun for example_weekday_branch_operator to 2026-02-12T00:00:00+00:00, run_after=2026-02-13T00:00:00+00:00
[2026-02-13T22:12:40.972+0000] {processor.py:175} INFO - Processing /home/airflow/.local/lib/python3.7/site-packages/airflow/example_dags/example_branch_day_of_week_operator.py took 0.044 seconds
[2026-02-13T22:20:57.303+0000] {processor.py:153} INFO - Started process (PID=95) to work on /home/airflow/.local/lib/python3.7/site-packages/airflow/example_dags/example_branch_day_of_week_operator.py
[2026-02-13T22:20:57.305+0000] {processor.py:743} INFO - Processing file /home/airflow/.local/lib/python3.7/site-packages/airflow/example_dags/example_branch_day_of_week_operator.py for tasks to queue
[2026-02-13T22:20:57.306+0000] {logging_mixin.py:137} INFO - [2026-02-13T22:20:57.306+0000] {dagbag.py:538} INFO - Filling up the DagBag from /home/airflow/.local/lib/python3.7/site-packages/airflow/example_dags/example_branch_day_of_week_operator.py
[2026-02-13T22:20:57.318+0000] {processor.py:753} INFO - DAG(s) dict_keys(['example_weekday_branch_operator']) retrieved from /home/airflow/.local/lib/python3.7/site-packages/airflow/example_dags/example_branch_day_of_week_operator.py
[2026-02-13T22:20:57.325+0000] {logging_mixin.py:137} INFO - [2026-02-13T22:20:57.325+0000] {dag.py:2690} INFO - Sync 1 DAGs
[2026-02-13T22:20:57.344+0000] {logging_mixin.py:137} INFO - [2026-02-13T22:20:57.344+0000] {dag.py:3441} INFO - Setting next_dagrun for example_weekday_branch_operator to 2026-02-12T00:00:00+00:00, run_after=2026-02-13T00:00:00+00:00
[2026-02-13T22:20:57.361+0000] {processor.py:175} INFO - Processing /home/airflow/.local/lib/python3.7/site-packages/airflow/example_dags/example_branch_day_of_week_operator.py took 0.067 seconds
[2026-02-13T22:21:28.043+0000] {processor.py:153} INFO - Started process (PID=168) to work on /home/airflow/.local/lib/python3.7/site-packages/airflow/example_dags/example_branch_day_of_week_operator.py
[2026-02-13T22:21:28.044+0000] {processor.py:743} INFO - Processing file /home/airflow/.local/lib/python3.7/site-packages/airflow/example_dags/example_branch_day_of_week_operator.py for tasks to queue
[2026-02-13T22:21:28.044+0000] {logging_mixin.py:137} INFO - [2026-02-13T22:21:28.044+0000] {dagbag.py:538} INFO - Filling up the DagBag from /home/airflow/.local/lib/python3.7/site-packages/airflow/example_dags/example_branch_day_of_week_operator.py
[2026-02-13T22:21:28.053+0000] {processor.py:753} INFO - DAG(s) dict_keys(['example_weekday_branch_operator']) retrieved from /home/airflow/.local/lib/python3.7/site-packages/airflow/example_dags/example_branch_day_of_week_operator.py
[2026-02-13T22:21:28.067+0000] {logging_mixin.py:137} INFO - [2026-02-13T22:21:28.067+0000] {dag.py:2690} INFO - Sync 1 DAGs
[2026-02-13T22:21:28.088+0000] {logging_mixin.py:137} INFO - [2026-02-13T22:21:28.088+0000] {dag.py:3441} INFO - Setting next_dagrun for example_weekday_branch_operator to 2026-02-12T00:00:00+00:00, run_after=2026-02-13T00:00:00+00:00
[2026-02-13T22:21:28.100+0000] {processor.py:175} INFO - Processing /home/airflow/.local/lib/python3.7/site-packages/airflow/example_dags/example_branch_day_of_week_operator.py took 0.058 seconds
[2026-02-13T22:21:59.061+0000] {processor.py:153} INFO - Started process (PID=258) to work on /home/airflow/.local/lib/python3.7/site-packages/airflow/example_dags/example_branch_day_of_week_operator.py
[2026-02-13T22:21:59.061+0000] {processor.py:743} INFO - Processing file /home/airflow/.local/lib/python3.7/site-packages/airflow/example_dags/example_branch_day_of_week_operator.py for tasks to queue
[2026-02-13T22:21:59.062+0000] {logging_mixin.py:137} INFO - [2026-02-13T22:21:59.062+0000] {dagbag.py:538} INFO - Filling up the DagBag from /home/airflow/.local/lib/python3.7/site-packages/airflow/example_dags/example_branch_day_of_week_operator.py
[2026-02-13T22:21:59.071+0000] {processor.py:753} INFO - DAG(s) dict_keys(['example_weekday_branch_operator']) retrieved from /home/airflow/.local/lib/python3.7/site-packages/airflow/example_dags/example_branch_day_of_week_operator.py
[2026-02-13T22:21:59.085+0000] {logging_mixin.py:137} INFO - [2026-02-13T22:21:59.085+0000] {dag.py:2690} INFO - Sync 1 DAGs
[2026-02-13T22:21:59.095+0000] {logging_mixin.py:137} INFO - [2026-02-13T22:21:59.095+0000] {dag.py:3441} INFO - Setting next_dagrun for example_weekday_branch_operator to 2026-02-12T00:00:00+00:00, run_after=2026-02-13T00:00:00+00:00
[2026-02-13T22:21:59.102+0000] {processor.py:175} INFO - Processing /home/airflow/.local/lib/python3.7/site-packages/airflow/example_dags/example_branch_day_of_week_operator.py took 0.044 seconds
[2026-02-13T22:22:29.689+0000] {processor.py:153} INFO - Started process (PID=348) to work on /home/airflow/.local/lib/python3.7/site-packages/airflow/example_dags/example_branch_day_of_week_operator.py
[2026-02-13T22:22:29.690+0000] {processor.py:743} INFO - Processing file /home/airflow/.local/lib/python3.7/site-packages/airflow/example_dags/example_branch_day_of_week_operator.py for tasks to queue
[2026-02-13T22:22:29.690+0000] {logging_mixin.py:137} INFO - [2026-02-13T22:22:29.690+0000] {dagbag.py:538} INFO - Filling up the DagBag from /home/airflow/.local/lib/python3.7/site-packages/airflow/example_dags/example_branch_day_of_week_operator.py
[2026-02-13T22:22:29.696+0000] {processor.py:753} INFO - DAG(s) dict_keys(['example_weekday_branch_operator']) retrieved from /home/airflow/.local/lib/python3.7/site-packages/airflow/example_dags/example_branch_day_of_week_operator.py
[2026-02-13T22:22:29.707+0000] {logging_mixin.py:137} INFO - [2026-02-13T22:22:29.707+0000] {dag.py:2690} INFO - Sync 1 DAGs
[2026-02-13T22:22:29.719+0000] {logging_mixin.py:137} INFO - [2026-02-13T22:22:29.719+0000] {dag.py:3441} INFO - Setting next_dagrun for example_weekday_branch_operator to 2026-02-12T00:00:00+00:00, run_after=2026-02-13T00:00:00+00:00
[2026-02-13T22:22:29.730+0000] {processor.py:175} INFO - Processing /home/airflow/.local/lib/python3.7/site-packages/airflow/example_dags/example_branch_day_of_week_operator.py took 0.043 seconds
[2026-02-13T22:23:00.351+0000] {processor.py:153} INFO - Started process (PID=437) to work on /home/airflow/.local/lib/python3.7/site-packages/airflow/example_dags/example_branch_day_of_week_operator.py
[2026-02-13T22:23:00.353+0000] {processor.py:743} INFO - Processing file /home/airflow/.local/lib/python3.7/site-packages/airflow/example_dags/example_branch_day_of_week_operator.py for tasks to queue
[2026-02-13T22:23:00.353+0000] {logging_mixin.py:137} INFO - [2026-02-13T22:23:00.353+0000] {dagbag.py:538} INFO - Filling up the DagBag from /home/airflow/.local/lib/python3.7/site-packages/airflow/example_dags/example_branch_day_of_week_operator.py
[2026-02-13T22:23:00.359+0000] {processor.py:753} INFO - DAG(s) dict_keys(['example_weekday_branch_operator']) retrieved from /home/airflow/.local/lib/python3.7/site-packages/airflow/example_dags/example_branch_day_of_week_operator.py
[2026-02-13T22:23:00.371+0000] {logging_mixin.py:137} INFO - [2026-02-13T22:23:00.370+0000] {dag.py:2690} INFO - Sync 1 DAGs
[2026-02-13T22:23:00.382+0000] {logging_mixin.py:137} INFO - [2026-02-13T22:23:00.382+0000] {dag.py:3441} INFO - Setting next_dagrun for example_weekday_branch_operator to 2026-02-12T00:00:00+00:00, run_after=2026-02-13T00:00:00+00:00
[2026-02-13T22:23:00.393+0000] {processor.py:175} INFO - Processing /home/airflow/.local/lib/python3.7/site-packages/airflow/example_dags/example_branch_day_of_week_operator.py took 0.044 seconds
[2026-02-13T22:23:31.069+0000] {processor.py:153} INFO - Started process (PID=510) to work on /home/airflow/.local/lib/python3.7/site-packages/airflow/example_dags/example_branch_day_of_week_operator.py
[2026-02-13T22:23:31.071+0000] {processor.py:743} INFO - Processing file /home/airflow/.local/lib/python3.7/site-packages/airflow/example_dags/example_branch_day_of_week_operator.py for tasks to queue
[2026-02-13T22:23:31.071+0000] {logging_mixin.py:137} INFO - [2026-02-13T22:23:31.071+0000] {dagbag.py:538} INFO - Filling up the DagBag from /home/airflow/.local/lib/python3.7/site-packages/airflow/example_dags/example_branch_day_of_week_operator.py
[2026-02-13T22:23:31.078+0000] {processor.py:753} INFO - DAG(s) dict_keys(['example_weekday_branch_operator']) retrieved from /home/airflow/.local/lib/python3.7/site-packages/airflow/example_dags/example_branch_day_of_week_operator.py
[2026-02-13T22:23:31.096+0000] {logging_mixin.py:137} INFO - [2026-02-13T22:23:31.096+0000] {dag.py:2690} INFO - Sync 1 DAGs
[2026-02-13T22:23:31.110+0000] {logging_mixin.py:137} INFO - [2026-02-13T22:23:31.110+0000] {dag.py:3441} INFO - Setting next_dagrun for example_weekday_branch_operator to 2026-02-12T00:00:00+00:00, run_after=2026-02-13T00:00:00+00:00
[2026-02-13T22:23:31.118+0000] {processor.py:175} INFO - Processing /home/airflow/.local/lib/python3.7/site-packages/airflow/example_dags/example_branch_day_of_week_operator.py took 0.050 seconds
[2026-02-13T22:24:01.747+0000] {processor.py:153} INFO - Started process (PID=598) to work on /home/airflow/.local/lib/python3.7/site-packages/airflow/example_dags/example_branch_day_of_week_operator.py
[2026-02-13T22:24:01.748+0000] {processor.py:743} INFO - Processing file /home/airflow/.local/lib/python3.7/site-packages/airflow/example_dags/example_branch_day_of_week_operator.py for tasks to queue
[2026-02-13T22:24:01.748+0000] {logging_mixin.py:137} INFO - [2026-02-13T22:24:01.748+0000] {dagbag.py:538} INFO - Filling up the DagBag from /home/airflow/.local/lib/python3.7/site-packages/airflow/example_dags/example_branch_day_of_week_operator.py
[2026-02-13T22:24:01.757+0000] {processor.py:753} INFO - DAG(s) dict_keys(['example_weekday_branch_operator']) retrieved from /home/airflow/.local/lib/python3.7/site-packages/airflow/example_dags/example_branch_day_of_week_operator.py
[2026-02-13T22:24:01.770+0000] {logging_mixin.py:137} INFO - [2026-02-13T22:24:01.770+0000] {dag.py:2690} INFO - Sync 1 DAGs
[2026-02-13T22:24:01.783+0000] {logging_mixin.py:137} INFO - [2026-02-13T22:24:01.783+0000] {dag.py:3441} INFO - Setting next_dagrun for example_weekday_branch_operator to 2026-02-12T00:00:00+00:00, run_after=2026-02-13T00:00:00+00:00
[2026-02-13T22:24:01.797+0000] {processor.py:175} INFO - Processing /home/airflow/.local/lib/python3.7/site-packages/airflow/example_dags/example_branch_day_of_week_operator.py took 0.052 seconds
[2026-02-13T22:24:32.505+0000] {processor.py:153} INFO - Started process (PID=687) to work on /home/airflow/.local/lib/python3.7/site-packages/airflow/example_dags/example_branch_day_of_week_operator.py
[2026-02-13T22:24:32.506+0000] {processor.py:743} INFO - Processing file /home/airflow/.local/lib/python3.7/site-packages/airflow/example_dags/example_branch_day_of_week_operator.py for tasks to queue
[2026-02-13T22:24:32.507+0000] {logging_mixin.py:137} INFO - [2026-02-13T22:24:32.507+0000] {dagbag.py:538} INFO - Filling up the DagBag from /home/airflow/.local/lib/python3.7/site-packages/airflow/example_dags/example_branch_day_of_week_operator.py
[2026-02-13T22:24:32.515+0000] {processor.py:753} INFO - DAG(s) dict_keys(['example_weekday_branch_operator']) retrieved from /home/airflow/.local/lib/python3.7/site-packages/airflow/example_dags/example_branch_day_of_week_operator.py
[2026-02-13T22:24:32.536+0000] {logging_mixin.py:137} INFO - [2026-02-13T22:24:32.536+0000] {dag.py:2690} INFO - Sync 1 DAGs
[2026-02-13T22:24:32.552+0000] {logging_mixin.py:137} INFO - [2026-02-13T22:24:32.552+0000] {dag.py:3441} INFO - Setting next_dagrun for example_weekday_branch_operator to 2026-02-12T00:00:00+00:00, run_after=2026-02-13T00:00:00+00:00
[2026-02-13T22:24:32.563+0000] {processor.py:175} INFO - Processing /home/airflow/.local/lib/python3.7/site-packages/airflow/example_dags/example_branch_day_of_week_operator.py took 0.060 seconds
[2026-02-13T22:25:03.164+0000] {processor.py:153} INFO - Started process (PID=776) to work on /home/airflow/.local/lib/python3.7/site-packages/airflow/example_dags/example_branch_day_of_week_operator.py
[2026-02-13T22:25:03.165+0000] {processor.py:743} INFO - Processing file /home/airflow/.local/lib/python3.7/site-packages/airflow/example_dags/example_branch_day_of_week_operator.py for tasks to queue
[2026-02-13T22:25:03.166+0000] {logging_mixin.py:137} INFO - [2026-02-13T22:25:03.166+0000] {dagbag.py:538} INFO - Filling up the DagBag from /home/airflow/.local/lib/python3.7/site-packages/airflow/example_dags/example_branch_day_of_week_operator.py
[2026-02-13T22:25:03.173+0000] {processor.py:753} INFO - DAG(s) dict_keys(['example_weekday_branch_operator']) retrieved from /home/airflow/.local/lib/python3.7/site-packages/airflow/example_dags/example_branch_day_of_week_operator.py
[2026-02-13T22:25:03.186+0000] {logging_mixin.py:137} INFO - [2026-02-13T22:25:03.186+0000] {dag.py:2690} INFO - Sync 1 DAGs
[2026-02-13T22:25:03.199+0000] {logging_mixin.py:137} INFO - [2026-02-13T22:25:03.199+0000] {dag.py:3441} INFO - Setting next_dagrun for example_weekday_branch_operator to 2026-02-12T00:00:00+00:00, run_after=2026-02-13T00:00:00+00:00
[2026-02-13T22:25:03.210+0000] {processor.py:175} INFO - Processing /home/airflow/.local/lib/python3.7/site-packages/airflow/example_dags/example_branch_day_of_week_operator.py took 0.048 seconds
[2026-02-13T22:25:33.822+0000] {processor.py:153} INFO - Started process (PID=865) to work on /home/airflow/.local/lib/python3.7/site-packages/airflow/example_dags/example_branch_day_of_week_operator.py
[2026-02-13T22:25:33.823+0000] {processor.py:743} INFO - Processing file /home/airflow/.local/lib/python3.7/site-packages/airflow/example_dags/example_branch_day_of_week_operator.py for tasks to queue
[2026-02-13T22:25:33.823+0000] {logging_mixin.py:137} INFO - [2026-02-13T22:25:33.823+0000] {dagbag.py:538} INFO - Filling up the DagBag from /home/airflow/.local/lib/python3.7/site-packages/airflow/example_dags/example_branch_day_of_week_operator.py
[2026-02-13T22:25:33.831+0000] {processor.py:753} INFO - DAG(s) dict_keys(['example_weekday_branch_operator']) retrieved from /home/airflow/.local/lib/python3.7/site-packages/airflow/example_dags/example_branch_day_of_week_operator.py
[2026-02-13T22:25:33.851+0000] {logging_mixin.py:137} INFO - [2026-02-13T22:25:33.851+0000] {dag.py:2690} INFO - Sync 1 DAGs
[2026-02-13T22:25:33.868+0000] {logging_mixin.py:137} INFO - [2026-02-13T22:25:33.868+0000] {dag.py:3441} INFO - Setting next_dagrun for example_weekday_branch_operator to 2026-02-12T00:00:00+00:00, run_after=2026-02-13T00:00:00+00:00
[2026-02-13T22:25:33.882+0000] {processor.py:175} INFO - Processing /home/airflow/.local/lib/python3.7/site-packages/airflow/example_dags/example_branch_day_of_week_operator.py took 0.063 seconds
[2026-02-13T22:26:04.450+0000] {processor.py:153} INFO - Started process (PID=938) to work on /home/airflow/.local/lib/python3.7/site-packages/airflow/example_dags/example_branch_day_of_week_operator.py
[2026-02-13T22:26:04.451+0000] {processor.py:743} INFO - Processing file /home/airflow/.local/lib/python3.7/site-packages/airflow/example_dags/example_branch_day_of_week_operator.py for tasks to queue
[2026-02-13T22:26:04.452+0000] {logging_mixin.py:137} INFO - [2026-02-13T22:26:04.451+0000] {dagbag.py:538} INFO - Filling up the DagBag from /home/airflow/.local/lib/python3.7/site-packages/airflow/example_dags/example_branch_day_of_week_operator.py
[2026-02-13T22:26:04.459+0000] {processor.py:753} INFO - DAG(s) dict_keys(['example_weekday_branch_operator']) retrieved from /home/airflow/.local/lib/python3.7/site-packages/airflow/example_dags/example_branch_day_of_week_operator.py
[2026-02-13T22:26:04.471+0000] {logging_mixin.py:137} INFO - [2026-02-13T22:26:04.471+0000] {dag.py:2690} INFO - Sync 1 DAGs
[2026-02-13T22:26:04.482+0000] {logging_mixin.py:137} INFO - [2026-02-13T22:26:04.482+0000] {dag.py:3441} INFO - Setting next_dagrun for example_weekday_branch_operator to 2026-02-12T00:00:00+00:00, run_after=2026-02-13T00:00:00+00:00
[2026-02-13T22:26:04.489+0000] {processor.py:175} INFO - Processing /home/airflow/.local/lib/python3.7/site-packages/airflow/example_dags/example_branch_day_of_week_operator.py took 0.041 seconds
[2026-02-13T22:26:34.991+0000] {processor.py:153} INFO - Started process (PID=1027) to work on /home/airflow/.local/lib/python3.7/site-packages/airflow/example_dags/example_branch_day_of_week_operator.py
[2026-02-13T22:26:34.992+0000] {processor.py:743} INFO - Processing file /home/airflow/.local/lib/python3.7/site-packages/airflow/example_dags/example_branch_day_of_week_operator.py for tasks to queue
[2026-02-13T22:26:34.992+0000] {logging_mixin.py:137} INFO - [2026-02-13T22:26:34.992+0000] {dagbag.py:538} INFO - Filling up the DagBag from /home/airflow/.local/lib/python3.7/site-packages/airflow/example_dags/example_branch_day_of_week_operator.py
[2026-02-13T22:26:35.002+0000] {processor.py:753} INFO - DAG(s) dict_keys(['example_weekday_branch_operator']) retrieved from /home/airflow/.local/lib/python3.7/site-packages/airflow/example_dags/example_branch_day_of_week_operator.py
[2026-02-13T22:26:35.016+0000] {logging_mixin.py:137} INFO - [2026-02-13T22:26:35.016+0000] {dag.py:2690} INFO - Sync 1 DAGs
[2026-02-13T22:26:35.032+0000] {logging_mixin.py:137} INFO - [2026-02-13T22:26:35.032+0000] {dag.py:3441} INFO - Setting next_dagrun for example_weekday_branch_operator to 2026-02-12T00:00:00+00:00, run_after=2026-02-13T00:00:00+00:00
[2026-02-13T22:26:35.046+0000] {processor.py:175} INFO - Processing /home/airflow/.local/lib/python3.7/site-packages/airflow/example_dags/example_branch_day_of_week_operator.py took 0.056 seconds
[2026-02-13T22:27:05.776+0000] {processor.py:153} INFO - Started process (PID=1116) to work on /home/airflow/.local/lib/python3.7/site-packages/airflow/example_dags/example_branch_day_of_week_operator.py
[2026-02-13T22:27:05.777+0000] {processor.py:743} INFO - Processing file /home/airflow/.local/lib/python3.7/site-packages/airflow/example_dags/example_branch_day_of_week_operator.py for tasks to queue
[2026-02-13T22:27:05.777+0000] {logging_mixin.py:137} INFO - [2026-02-13T22:27:05.777+0000] {dagbag.py:538} INFO - Filling up the DagBag from /home/airflow/.local/lib/python3.7/site-packages/airflow/example_dags/example_branch_day_of_week_operator.py
[2026-02-13T22:27:05.783+0000] {processor.py:753} INFO - DAG(s) dict_keys(['example_weekday_branch_operator']) retrieved from /home/airflow/.local/lib/python3.7/site-packages/airflow/example_dags/example_branch_day_of_week_operator.py
[2026-02-13T22:27:05.801+0000] {logging_mixin.py:137} INFO - [2026-02-13T22:27:05.801+0000] {dag.py:2690} INFO - Sync 1 DAGs
[2026-02-13T22:27:05.813+0000] {logging_mixin.py:137} INFO - [2026-02-13T22:27:05.813+0000] {dag.py:3441} INFO - Setting next_dagrun for example_weekday_branch_operator to 2026-02-12T00:00:00+00:00, run_after=2026-02-13T00:00:00+00:00
[2026-02-13T22:27:05.823+0000] {processor.py:175} INFO - Processing /home/airflow/.local/lib/python3.7/site-packages/airflow/example_dags/example_branch_day_of_week_operator.py took 0.048 seconds
[2026-02-13T22:27:36.406+0000] {processor.py:153} INFO - Started process (PID=1205) to work on /home/airflow/.local/lib/python3.7/site-packages/airflow/example_dags/example_branch_day_of_week_operator.py
[2026-02-13T22:27:36.408+0000] {processor.py:743} INFO - Processing file /home/airflow/.local/lib/python3.7/site-packages/airflow/example_dags/example_branch_day_of_week_operator.py for tasks to queue
[2026-02-13T22:27:36.408+0000] {logging_mixin.py:137} INFO - [2026-02-13T22:27:36.408+0000] {dagbag.py:538} INFO - Filling up the DagBag from /home/airflow/.local/lib/python3.7/site-packages/airflow/example_dags/example_branch_day_of_week_operator.py
[2026-02-13T22:27:36.415+0000] {processor.py:753} INFO - DAG(s) dict_keys(['example_weekday_branch_operator']) retrieved from /home/airflow/.local/lib/python3.7/site-packages/airflow/example_dags/example_branch_day_of_week_operator.py
[2026-02-13T22:27:36.428+0000] {logging_mixin.py:137} INFO - [2026-02-13T22:27:36.428+0000] {dag.py:2690} INFO - Sync 1 DAGs
[2026-02-13T22:27:36.442+0000] {logging_mixin.py:137} INFO - [2026-02-13T22:27:36.442+0000] {dag.py:3441} INFO - Setting next_dagrun for example_weekday_branch_operator to 2026-02-12T00:00:00+00:00, run_after=2026-02-13T00:00:00+00:00
[2026-02-13T22:27:36.453+0000] {processor.py:175} INFO - Processing /home/airflow/.local/lib/python3.7/site-packages/airflow/example_dags/example_branch_day_of_week_operator.py took 0.049 seconds
[2026-02-13T22:28:07.177+0000] {processor.py:153} INFO - Started process (PID=1278) to work on /home/airflow/.local/lib/python3.7/site-packages/airflow/example_dags/example_branch_day_of_week_operator.py
[2026-02-13T22:28:07.178+0000] {processor.py:743} INFO - Processing file /home/airflow/.local/lib/python3.7/site-packages/airflow/example_dags/example_branch_day_of_week_operator.py for tasks to queue
[2026-02-13T22:28:07.178+0000] {logging_mixin.py:137} INFO - [2026-02-13T22:28:07.178+0000] {dagbag.py:538} INFO - Filling up the DagBag from /home/airflow/.local/lib/python3.7/site-packages/airflow/example_dags/example_branch_day_of_week_operator.py
[2026-02-13T22:28:07.186+0000] {processor.py:753} INFO - DAG(s) dict_keys(['example_weekday_branch_operator']) retrieved from /home/airflow/.local/lib/python3.7/site-packages/airflow/example_dags/example_branch_day_of_week_operator.py
[2026-02-13T22:28:07.201+0000] {logging_mixin.py:137} INFO - [2026-02-13T22:28:07.201+0000] {dag.py:2690} INFO - Sync 1 DAGs
[2026-02-13T22:28:07.216+0000] {logging_mixin.py:137} INFO - [2026-02-13T22:28:07.216+0000] {dag.py:3441} INFO - Setting next_dagrun for example_weekday_branch_operator to 2026-02-12T00:00:00+00:00, run_after=2026-02-13T00:00:00+00:00
[2026-02-13T22:28:07.229+0000] {processor.py:175} INFO - Processing /home/airflow/.local/lib/python3.7/site-packages/airflow/example_dags/example_branch_day_of_week_operator.py took 0.053 seconds
[2026-02-13T22:28:37.771+0000] {processor.py:153} INFO - Started process (PID=1367) to work on /home/airflow/.local/lib/python3.7/site-packages/airflow/example_dags/example_branch_day_of_week_operator.py
[2026-02-13T22:28:37.772+0000] {processor.py:743} INFO - Processing file /home/airflow/.local/lib/python3.7/site-packages/airflow/example_dags/example_branch_day_of_week_operator.py for tasks to queue
[2026-02-13T22:28:37.773+0000] {logging_mixin.py:137} INFO - [2026-02-13T22:28:37.773+0000] {dagbag.py:538} INFO - Filling up the DagBag from /home/airflow/.local/lib/python3.7/site-packages/airflow/example_dags/example_branch_day_of_week_operator.py
[2026-02-13T22:28:37.779+0000] {processor.py:753} INFO - DAG(s) dict_keys(['example_weekday_branch_operator']) retrieved from /home/airflow/.local/lib/python3.7/site-packages/airflow/example_dags/example_branch_day_of_week_operator.py
[2026-02-13T22:28:37.793+0000] {logging_mixin.py:137} INFO - [2026-02-13T22:28:37.793+0000] {dag.py:2690} INFO - Sync 1 DAGs
[2026-02-13T22:28:37.806+0000] {logging_mixin.py:137} INFO - [2026-02-13T22:28:37.806+0000] {dag.py:3441} INFO - Setting next_dagrun for example_weekday_branch_operator to 2026-02-12T00:00:00+00:00, run_after=2026-02-13T00:00:00+00:00
[2026-02-13T22:28:37.816+0000] {processor.py:175} INFO - Processing /home/airflow/.local/lib/python3.7/site-packages/airflow/example_dags/example_branch_day_of_week_operator.py took 0.047 seconds
[2026-02-13T22:29:08.387+0000] {processor.py:153} INFO - Started process (PID=1456) to work on /home/airflow/.local/lib/python3.7/site-packages/airflow/example_dags/example_branch_day_of_week_operator.py
[2026-02-13T22:29:08.388+0000] {processor.py:743} INFO - Processing file /home/airflow/.local/lib/python3.7/site-packages/airflow/example_dags/example_branch_day_of_week_operator.py for tasks to queue
[2026-02-13T22:29:08.388+0000] {logging_mixin.py:137} INFO - [2026-02-13T22:29:08.388+0000] {dagbag.py:538} INFO - Filling up the DagBag from /home/airflow/.local/lib/python3.7/site-packages/airflow/example_dags/example_branch_day_of_week_operator.py
[2026-02-13T22:29:08.395+0000] {processor.py:753} INFO - DAG(s) dict_keys(['example_weekday_branch_operator']) retrieved from /home/airflow/.local/lib/python3.7/site-packages/airflow/example_dags/example_branch_day_of_week_operator.py
[2026-02-13T22:29:08.410+0000] {logging_mixin.py:137} INFO - [2026-02-13T22:29:08.410+0000] {dag.py:2690} INFO - Sync 1 DAGs
[2026-02-13T22:29:08.445+0000] {logging_mixin.py:137} INFO - [2026-02-13T22:29:08.444+0000] {dag.py:3441} INFO - Setting next_dagrun for example_weekday_branch_operator to 2026-02-12T00:00:00+00:00, run_after=2026-02-13T00:00:00+00:00
[2026-02-13T22:29:08.461+0000] {processor.py:175} INFO - Processing /home/airflow/.local/lib/python3.7/site-packages/airflow/example_dags/example_branch_day_of_week_operator.py took 0.075 seconds
[2026-02-13T22:29:39.022+0000] {processor.py:153} INFO - Started process (PID=1545) to work on /home/airflow/.local/lib/python3.7/site-packages/airflow/example_dags/example_branch_day_of_week_operator.py
[2026-02-13T22:29:39.022+0000] {processor.py:743} INFO - Processing file /home/airflow/.local/lib/python3.7/site-packages/airflow/example_dags/example_branch_day_of_week_operator.py for tasks to queue
[2026-02-13T22:29:39.023+0000] {logging_mixin.py:137} INFO - [2026-02-13T22:29:39.023+0000] {dagbag.py:538} INFO - Filling up the DagBag from /home/airflow/.local/lib/python3.7/site-packages/airflow/example_dags/example_branch_day_of_week_operator.py
[2026-02-13T22:29:39.029+0000] {processor.py:753} INFO - DAG(s) dict_keys(['example_weekday_branch_operator']) retrieved from /home/airflow/.local/lib/python3.7/site-packages/airflow/example_dags/example_branch_day_of_week_operator.py
[2026-02-13T22:29:39.042+0000] {logging_mixin.py:137} INFO - [2026-02-13T22:29:39.042+0000] {dag.py:2690} INFO - Sync 1 DAGs
[2026-02-13T22:29:39.054+0000] {logging_mixin.py:137} INFO - [2026-02-13T22:29:39.054+0000] {dag.py:3441} INFO - Setting next_dagrun for example_weekday_branch_operator to 2026-02-12T00:00:00+00:00, run_after=2026-02-13T00:00:00+00:00
[2026-02-13T22:29:39.065+0000] {processor.py:175} INFO - Processing /home/airflow/.local/lib/python3.7/site-packages/airflow/example_dags/example_branch_day_of_week_operator.py took 0.045 seconds
[2026-02-13T22:30:09.666+0000] {processor.py:153} INFO - Started process (PID=1618) to work on /home/airflow/.local/lib/python3.7/site-packages/airflow/example_dags/example_branch_day_of_week_operator.py
[2026-02-13T22:30:09.667+0000] {processor.py:743} INFO - Processing file /home/airflow/.local/lib/python3.7/site-packages/airflow/example_dags/example_branch_day_of_week_operator.py for tasks to queue
[2026-02-13T22:30:09.669+0000] {logging_mixin.py:137} INFO - [2026-02-13T22:30:09.669+0000] {dagbag.py:538} INFO - Filling up the DagBag from /home/airflow/.local/lib/python3.7/site-packages/airflow/example_dags/example_branch_day_of_week_operator.py
[2026-02-13T22:30:09.675+0000] {processor.py:753} INFO - DAG(s) dict_keys(['example_weekday_branch_operator']) retrieved from /home/airflow/.local/lib/python3.7/site-packages/airflow/example_dags/example_branch_day_of_week_operator.py
[2026-02-13T22:30:09.688+0000] {logging_mixin.py:137} INFO - [2026-02-13T22:30:09.688+0000] {dag.py:2690} INFO - Sync 1 DAGs
[2026-02-13T22:30:09.700+0000] {logging_mixin.py:137} INFO - [2026-02-13T22:30:09.700+0000] {dag.py:3441} INFO - Setting next_dagrun for example_weekday_branch_operator to 2026-02-12T00:00:00+00:00, run_after=2026-02-13T00:00:00+00:00
[2026-02-13T22:30:09.710+0000] {processor.py:175} INFO - Processing /home/airflow/.local/lib/python3.7/site-packages/airflow/example_dags/example_branch_day_of_week_operator.py took 0.046 seconds
[2026-02-13T22:30:40.489+0000] {processor.py:153} INFO - Started process (PID=1707) to work on /home/airflow/.local/lib/python3.7/site-packages/airflow/example_dags/example_branch_day_of_week_operator.py
[2026-02-13T22:30:40.489+0000] {processor.py:743} INFO - Processing file /home/airflow/.local/lib/python3.7/site-packages/airflow/example_dags/example_branch_day_of_week_operator.py for tasks to queue
[2026-02-13T22:30:40.490+0000] {logging_mixin.py:137} INFO - [2026-02-13T22:30:40.489+0000] {dagbag.py:538} INFO - Filling up the DagBag from /home/airflow/.local/lib/python3.7/site-packages/airflow/example_dags/example_branch_day_of_week_operator.py
[2026-02-13T22:30:40.497+0000] {processor.py:753} INFO - DAG(s) dict_keys(['example_weekday_branch_operator']) retrieved from /home/airflow/.local/lib/python3.7/site-packages/airflow/example_dags/example_branch_day_of_week_operator.py
[2026-02-13T22:30:40.509+0000] {logging_mixin.py:137} INFO - [2026-02-13T22:30:40.509+0000] {dag.py:2690} INFO - Sync 1 DAGs
[2026-02-13T22:30:40.522+0000] {logging_mixin.py:137} INFO - [2026-02-13T22:30:40.522+0000] {dag.py:3441} INFO - Setting next_dagrun for example_weekday_branch_operator to 2026-02-12T00:00:00+00:00, run_after=2026-02-13T00:00:00+00:00
[2026-02-13T22:30:40.539+0000] {processor.py:175} INFO - Processing /home/airflow/.local/lib/python3.7/site-packages/airflow/example_dags/example_branch_day_of_week_operator.py took 0.052 seconds
[2026-02-13T22:31:11.076+0000] {processor.py:153} INFO - Started process (PID=1796) to work on /home/airflow/.local/lib/python3.7/site-packages/airflow/example_dags/example_branch_day_of_week_operator.py
[2026-02-13T22:31:11.077+0000] {processor.py:743} INFO - Processing file /home/airflow/.local/lib/python3.7/site-packages/airflow/example_dags/example_branch_day_of_week_operator.py for tasks to queue
[2026-02-13T22:31:11.077+0000] {logging_mixin.py:137} INFO - [2026-02-13T22:31:11.077+0000] {dagbag.py:538} INFO - Filling up the DagBag from /home/airflow/.local/lib/python3.7/site-packages/airflow/example_dags/example_branch_day_of_week_operator.py
[2026-02-13T22:31:11.084+0000] {processor.py:753} INFO - DAG(s) dict_keys(['example_weekday_branch_operator']) retrieved from /home/airflow/.local/lib/python3.7/site-packages/airflow/example_dags/example_branch_day_of_week_operator.py
[2026-02-13T22:31:11.097+0000] {logging_mixin.py:137} INFO - [2026-02-13T22:31:11.096+0000] {dag.py:2690} INFO - Sync 1 DAGs
[2026-02-13T22:31:11.107+0000] {logging_mixin.py:137} INFO - [2026-02-13T22:31:11.107+0000] {dag.py:3441} INFO - Setting next_dagrun for example_weekday_branch_operator to 2026-02-12T00:00:00+00:00, run_after=2026-02-13T00:00:00+00:00
[2026-02-13T22:31:11.114+0000] {processor.py:175} INFO - Processing /home/airflow/.local/lib/python3.7/site-packages/airflow/example_dags/example_branch_day_of_week_operator.py took 0.040 seconds
[2026-02-13T22:31:41.788+0000] {processor.py:153} INFO - Started process (PID=1885) to work on /home/airflow/.local/lib/python3.7/site-packages/airflow/example_dags/example_branch_day_of_week_operator.py
[2026-02-13T22:31:41.789+0000] {processor.py:743} INFO - Processing file /home/airflow/.local/lib/python3.7/site-packages/airflow/example_dags/example_branch_day_of_week_operator.py for tasks to queue
[2026-02-13T22:31:41.789+0000] {logging_mixin.py:137} INFO - [2026-02-13T22:31:41.789+0000] {dagbag.py:538} INFO - Filling up the DagBag from /home/airflow/.local/lib/python3.7/site-packages/airflow/example_dags/example_branch_day_of_week_operator.py
[2026-02-13T22:31:41.796+0000] {processor.py:753} INFO - DAG(s) dict_keys(['example_weekday_branch_operator']) retrieved from /home/airflow/.local/lib/python3.7/site-packages/airflow/example_dags/example_branch_day_of_week_operator.py
[2026-02-13T22:31:41.811+0000] {logging_mixin.py:137} INFO - [2026-02-13T22:31:41.811+0000] {dag.py:2690} INFO - Sync 1 DAGs
[2026-02-13T22:31:41.828+0000] {logging_mixin.py:137} INFO - [2026-02-13T22:31:41.828+0000] {dag.py:3441} INFO - Setting next_dagrun for example_weekday_branch_operator to 2026-02-12T00:00:00+00:00, run_after=2026-02-13T00:00:00+00:00
[2026-02-13T22:31:41.837+0000] {processor.py:175} INFO - Processing /home/airflow/.local/lib/python3.7/site-packages/airflow/example_dags/example_branch_day_of_week_operator.py took 0.052 seconds
[2026-02-13T22:32:12.656+0000] {processor.py:153} INFO - Started process (PID=1966) to work on /home/airflow/.local/lib/python3.7/site-packages/airflow/example_dags/example_branch_day_of_week_operator.py
[2026-02-13T22:32:12.657+0000] {processor.py:743} INFO - Processing file /home/airflow/.local/lib/python3.7/site-packages/airflow/example_dags/example_branch_day_of_week_operator.py for tasks to queue
[2026-02-13T22:32:12.658+0000] {logging_mixin.py:137} INFO - [2026-02-13T22:32:12.658+0000] {dagbag.py:538} INFO - Filling up the DagBag from /home/airflow/.local/lib/python3.7/site-packages/airflow/example_dags/example_branch_day_of_week_operator.py
[2026-02-13T22:32:12.668+0000] {processor.py:753} INFO - DAG(s) dict_keys(['example_weekday_branch_operator']) retrieved from /home/airflow/.local/lib/python3.7/site-packages/airflow/example_dags/example_branch_day_of_week_operator.py
[2026-02-13T22:32:12.686+0000] {logging_mixin.py:137} INFO - [2026-02-13T22:32:12.686+0000] {dag.py:2690} INFO - Sync 1 DAGs
[2026-02-13T22:32:12.698+0000] {logging_mixin.py:137} INFO - [2026-02-13T22:32:12.697+0000] {dag.py:3441} INFO - Setting next_dagrun for example_weekday_branch_operator to 2026-02-12T00:00:00+00:00, run_after=2026-02-13T00:00:00+00:00
[2026-02-13T22:32:12.713+0000] {processor.py:175} INFO - Processing /home/airflow/.local/lib/python3.7/site-packages/airflow/example_dags/example_branch_day_of_week_operator.py took 0.060 seconds
[2026-02-13T22:32:42.911+0000] {processor.py:153} INFO - Started process (PID=2046) to work on /home/airflow/.local/lib/python3.7/site-packages/airflow/example_dags/example_branch_day_of_week_operator.py
[2026-02-13T22:32:42.911+0000] {processor.py:743} INFO - Processing file /home/airflow/.local/lib/python3.7/site-packages/airflow/example_dags/example_branch_day_of_week_operator.py for tasks to queue
[2026-02-13T22:32:42.911+0000] {logging_mixin.py:137} INFO - [2026-02-13T22:32:42.911+0000] {dagbag.py:538} INFO - Filling up the DagBag from /home/airflow/.local/lib/python3.7/site-packages/airflow/example_dags/example_branch_day_of_week_operator.py
[2026-02-13T22:32:42.926+0000] {processor.py:753} INFO - DAG(s) dict_keys(['example_weekday_branch_operator']) retrieved from /home/airflow/.local/lib/python3.7/site-packages/airflow/example_dags/example_branch_day_of_week_operator.py
[2026-02-13T22:32:42.953+0000] {logging_mixin.py:137} INFO - [2026-02-13T22:32:42.953+0000] {dag.py:2690} INFO - Sync 1 DAGs
[2026-02-13T22:32:42.998+0000] {logging_mixin.py:137} INFO - [2026-02-13T22:32:42.997+0000] {dag.py:3441} INFO - Setting next_dagrun for example_weekday_branch_operator to 2026-02-12T00:00:00+00:00, run_after=2026-02-13T00:00:00+00:00
[2026-02-13T22:32:43.040+0000] {processor.py:175} INFO - Processing /home/airflow/.local/lib/python3.7/site-packages/airflow/example_dags/example_branch_day_of_week_operator.py took 0.131 seconds
[2026-02-13T22:34:04.396+0000] {processor.py:153} INFO - Started process (PID=97) to work on /home/airflow/.local/lib/python3.7/site-packages/airflow/example_dags/example_branch_day_of_week_operator.py
[2026-02-13T22:34:04.397+0000] {processor.py:743} INFO - Processing file /home/airflow/.local/lib/python3.7/site-packages/airflow/example_dags/example_branch_day_of_week_operator.py for tasks to queue
[2026-02-13T22:34:04.398+0000] {logging_mixin.py:137} INFO - [2026-02-13T22:34:04.398+0000] {dagbag.py:538} INFO - Filling up the DagBag from /home/airflow/.local/lib/python3.7/site-packages/airflow/example_dags/example_branch_day_of_week_operator.py
[2026-02-13T22:34:04.409+0000] {processor.py:753} INFO - DAG(s) dict_keys(['example_weekday_branch_operator']) retrieved from /home/airflow/.local/lib/python3.7/site-packages/airflow/example_dags/example_branch_day_of_week_operator.py
[2026-02-13T22:34:04.427+0000] {logging_mixin.py:137} INFO - [2026-02-13T22:34:04.427+0000] {dag.py:2690} INFO - Sync 1 DAGs
[2026-02-13T22:34:04.446+0000] {logging_mixin.py:137} INFO - [2026-02-13T22:34:04.446+0000] {dag.py:3441} INFO - Setting next_dagrun for example_weekday_branch_operator to 2026-02-12T00:00:00+00:00, run_after=2026-02-13T00:00:00+00:00
[2026-02-13T22:34:04.459+0000] {processor.py:175} INFO - Processing /home/airflow/.local/lib/python3.7/site-packages/airflow/example_dags/example_branch_day_of_week_operator.py took 0.067 seconds
[2026-02-13T22:34:35.390+0000] {processor.py:153} INFO - Started process (PID=188) to work on /home/airflow/.local/lib/python3.7/site-packages/airflow/example_dags/example_branch_day_of_week_operator.py
[2026-02-13T22:34:35.391+0000] {processor.py:743} INFO - Processing file /home/airflow/.local/lib/python3.7/site-packages/airflow/example_dags/example_branch_day_of_week_operator.py for tasks to queue
[2026-02-13T22:34:35.391+0000] {logging_mixin.py:137} INFO - [2026-02-13T22:34:35.391+0000] {dagbag.py:538} INFO - Filling up the DagBag from /home/airflow/.local/lib/python3.7/site-packages/airflow/example_dags/example_branch_day_of_week_operator.py
[2026-02-13T22:34:35.399+0000] {processor.py:753} INFO - DAG(s) dict_keys(['example_weekday_branch_operator']) retrieved from /home/airflow/.local/lib/python3.7/site-packages/airflow/example_dags/example_branch_day_of_week_operator.py
[2026-02-13T22:34:35.415+0000] {logging_mixin.py:137} INFO - [2026-02-13T22:34:35.415+0000] {dag.py:2690} INFO - Sync 1 DAGs
[2026-02-13T22:34:35.431+0000] {logging_mixin.py:137} INFO - [2026-02-13T22:34:35.431+0000] {dag.py:3441} INFO - Setting next_dagrun for example_weekday_branch_operator to 2026-02-12T00:00:00+00:00, run_after=2026-02-13T00:00:00+00:00
[2026-02-13T22:34:35.446+0000] {processor.py:175} INFO - Processing /home/airflow/.local/lib/python3.7/site-packages/airflow/example_dags/example_branch_day_of_week_operator.py took 0.058 seconds
[2026-02-13T22:35:06.366+0000] {processor.py:153} INFO - Started process (PID=263) to work on /home/airflow/.local/lib/python3.7/site-packages/airflow/example_dags/example_branch_day_of_week_operator.py
[2026-02-13T22:35:06.369+0000] {processor.py:743} INFO - Processing file /home/airflow/.local/lib/python3.7/site-packages/airflow/example_dags/example_branch_day_of_week_operator.py for tasks to queue
[2026-02-13T22:35:06.369+0000] {logging_mixin.py:137} INFO - [2026-02-13T22:35:06.369+0000] {dagbag.py:538} INFO - Filling up the DagBag from /home/airflow/.local/lib/python3.7/site-packages/airflow/example_dags/example_branch_day_of_week_operator.py
[2026-02-13T22:35:06.376+0000] {processor.py:753} INFO - DAG(s) dict_keys(['example_weekday_branch_operator']) retrieved from /home/airflow/.local/lib/python3.7/site-packages/airflow/example_dags/example_branch_day_of_week_operator.py
[2026-02-13T22:35:06.394+0000] {logging_mixin.py:137} INFO - [2026-02-13T22:35:06.394+0000] {dag.py:2690} INFO - Sync 1 DAGs
[2026-02-13T22:35:06.405+0000] {logging_mixin.py:137} INFO - [2026-02-13T22:35:06.405+0000] {dag.py:3441} INFO - Setting next_dagrun for example_weekday_branch_operator to 2026-02-12T00:00:00+00:00, run_after=2026-02-13T00:00:00+00:00
[2026-02-13T22:35:06.416+0000] {processor.py:175} INFO - Processing /home/airflow/.local/lib/python3.7/site-packages/airflow/example_dags/example_branch_day_of_week_operator.py took 0.051 seconds
[2026-02-13T22:35:37.214+0000] {processor.py:153} INFO - Started process (PID=355) to work on /home/airflow/.local/lib/python3.7/site-packages/airflow/example_dags/example_branch_day_of_week_operator.py
[2026-02-13T22:35:37.215+0000] {processor.py:743} INFO - Processing file /home/airflow/.local/lib/python3.7/site-packages/airflow/example_dags/example_branch_day_of_week_operator.py for tasks to queue
[2026-02-13T22:35:37.216+0000] {logging_mixin.py:137} INFO - [2026-02-13T22:35:37.215+0000] {dagbag.py:538} INFO - Filling up the DagBag from /home/airflow/.local/lib/python3.7/site-packages/airflow/example_dags/example_branch_day_of_week_operator.py
[2026-02-13T22:35:37.223+0000] {processor.py:753} INFO - DAG(s) dict_keys(['example_weekday_branch_operator']) retrieved from /home/airflow/.local/lib/python3.7/site-packages/airflow/example_dags/example_branch_day_of_week_operator.py
[2026-02-13T22:35:37.237+0000] {logging_mixin.py:137} INFO - [2026-02-13T22:35:37.237+0000] {dag.py:2690} INFO - Sync 1 DAGs
[2026-02-13T22:35:37.253+0000] {logging_mixin.py:137} INFO - [2026-02-13T22:35:37.253+0000] {dag.py:3441} INFO - Setting next_dagrun for example_weekday_branch_operator to 2026-02-12T00:00:00+00:00, run_after=2026-02-13T00:00:00+00:00
[2026-02-13T22:35:37.264+0000] {processor.py:175} INFO - Processing /home/airflow/.local/lib/python3.7/site-packages/airflow/example_dags/example_branch_day_of_week_operator.py took 0.051 seconds
[2026-02-13T22:36:08.155+0000] {processor.py:153} INFO - Started process (PID=446) to work on /home/airflow/.local/lib/python3.7/site-packages/airflow/example_dags/example_branch_day_of_week_operator.py
[2026-02-13T22:36:08.156+0000] {processor.py:743} INFO - Processing file /home/airflow/.local/lib/python3.7/site-packages/airflow/example_dags/example_branch_day_of_week_operator.py for tasks to queue
[2026-02-13T22:36:08.157+0000] {logging_mixin.py:137} INFO - [2026-02-13T22:36:08.157+0000] {dagbag.py:538} INFO - Filling up the DagBag from /home/airflow/.local/lib/python3.7/site-packages/airflow/example_dags/example_branch_day_of_week_operator.py
[2026-02-13T22:36:08.166+0000] {processor.py:753} INFO - DAG(s) dict_keys(['example_weekday_branch_operator']) retrieved from /home/airflow/.local/lib/python3.7/site-packages/airflow/example_dags/example_branch_day_of_week_operator.py
[2026-02-13T22:36:08.178+0000] {logging_mixin.py:137} INFO - [2026-02-13T22:36:08.178+0000] {dag.py:2690} INFO - Sync 1 DAGs
[2026-02-13T22:36:08.192+0000] {logging_mixin.py:137} INFO - [2026-02-13T22:36:08.192+0000] {dag.py:3441} INFO - Setting next_dagrun for example_weekday_branch_operator to 2026-02-12T00:00:00+00:00, run_after=2026-02-13T00:00:00+00:00
[2026-02-13T22:36:08.206+0000] {processor.py:175} INFO - Processing /home/airflow/.local/lib/python3.7/site-packages/airflow/example_dags/example_branch_day_of_week_operator.py took 0.052 seconds
[2026-02-13T22:36:38.902+0000] {processor.py:153} INFO - Started process (PID=538) to work on /home/airflow/.local/lib/python3.7/site-packages/airflow/example_dags/example_branch_day_of_week_operator.py
[2026-02-13T22:36:38.903+0000] {processor.py:743} INFO - Processing file /home/airflow/.local/lib/python3.7/site-packages/airflow/example_dags/example_branch_day_of_week_operator.py for tasks to queue
[2026-02-13T22:36:38.905+0000] {logging_mixin.py:137} INFO - [2026-02-13T22:36:38.905+0000] {dagbag.py:538} INFO - Filling up the DagBag from /home/airflow/.local/lib/python3.7/site-packages/airflow/example_dags/example_branch_day_of_week_operator.py
[2026-02-13T22:36:38.911+0000] {processor.py:753} INFO - DAG(s) dict_keys(['example_weekday_branch_operator']) retrieved from /home/airflow/.local/lib/python3.7/site-packages/airflow/example_dags/example_branch_day_of_week_operator.py
[2026-02-13T22:36:38.922+0000] {logging_mixin.py:137} INFO - [2026-02-13T22:36:38.922+0000] {dag.py:2690} INFO - Sync 1 DAGs
[2026-02-13T22:36:38.934+0000] {logging_mixin.py:137} INFO - [2026-02-13T22:36:38.934+0000] {dag.py:3441} INFO - Setting next_dagrun for example_weekday_branch_operator to 2026-02-12T00:00:00+00:00, run_after=2026-02-13T00:00:00+00:00
[2026-02-13T22:36:38.945+0000] {processor.py:175} INFO - Processing /home/airflow/.local/lib/python3.7/site-packages/airflow/example_dags/example_branch_day_of_week_operator.py took 0.045 seconds
