[2026-02-13T21:49:31.717+0000] {processor.py:153} INFO - Started process (PID=55) to work on /home/airflow/.local/lib/python3.7/site-packages/airflow/example_dags/example_task_group_decorator.py
[2026-02-13T21:49:31.719+0000] {processor.py:743} INFO - Processing file /home/airflow/.local/lib/python3.7/site-packages/airflow/example_dags/example_task_group_decorator.py for tasks to queue
[2026-02-13T21:49:31.719+0000] {logging_mixin.py:137} INFO - [2026-02-13T21:49:31.719+0000] {dagbag.py:538} INFO - Filling up the DagBag from /home/airflow/.local/lib/python3.7/site-packages/airflow/example_dags/example_task_group_decorator.py
[2026-02-13T21:49:31.739+0000] {processor.py:753} INFO - DAG(s) dict_keys(['example_task_group_decorator']) retrieved from /home/airflow/.local/lib/python3.7/site-packages/airflow/example_dags/example_task_group_decorator.py
[2026-02-13T21:49:31.751+0000] {logging_mixin.py:137} INFO - [2026-02-13T21:49:31.751+0000] {dag.py:2690} INFO - Sync 1 DAGs
[2026-02-13T21:49:31.772+0000] {logging_mixin.py:137} INFO - [2026-02-13T21:49:31.772+0000] {dag.py:3441} INFO - Setting next_dagrun for example_task_group_decorator to 2026-02-12T21:49:31.772219+00:00, run_after=2026-02-13T21:49:31.772219+00:00
[2026-02-13T21:49:31.792+0000] {processor.py:175} INFO - Processing /home/airflow/.local/lib/python3.7/site-packages/airflow/example_dags/example_task_group_decorator.py took 0.077 seconds
[2026-02-13T21:50:02.465+0000] {processor.py:153} INFO - Started process (PID=143) to work on /home/airflow/.local/lib/python3.7/site-packages/airflow/example_dags/example_task_group_decorator.py
[2026-02-13T21:50:02.466+0000] {processor.py:743} INFO - Processing file /home/airflow/.local/lib/python3.7/site-packages/airflow/example_dags/example_task_group_decorator.py for tasks to queue
[2026-02-13T21:50:02.467+0000] {logging_mixin.py:137} INFO - [2026-02-13T21:50:02.467+0000] {dagbag.py:538} INFO - Filling up the DagBag from /home/airflow/.local/lib/python3.7/site-packages/airflow/example_dags/example_task_group_decorator.py
[2026-02-13T21:50:02.483+0000] {processor.py:753} INFO - DAG(s) dict_keys(['example_task_group_decorator']) retrieved from /home/airflow/.local/lib/python3.7/site-packages/airflow/example_dags/example_task_group_decorator.py
[2026-02-13T21:50:02.495+0000] {logging_mixin.py:137} INFO - [2026-02-13T21:50:02.495+0000] {dag.py:2690} INFO - Sync 1 DAGs
[2026-02-13T21:50:02.508+0000] {logging_mixin.py:137} INFO - [2026-02-13T21:50:02.508+0000] {dag.py:3441} INFO - Setting next_dagrun for example_task_group_decorator to 2026-02-12T21:50:02.508796+00:00, run_after=2026-02-13T21:50:02.508796+00:00
[2026-02-13T21:50:02.520+0000] {processor.py:175} INFO - Processing /home/airflow/.local/lib/python3.7/site-packages/airflow/example_dags/example_task_group_decorator.py took 0.056 seconds
[2026-02-13T21:50:33.057+0000] {processor.py:153} INFO - Started process (PID=232) to work on /home/airflow/.local/lib/python3.7/site-packages/airflow/example_dags/example_task_group_decorator.py
[2026-02-13T21:50:33.059+0000] {processor.py:743} INFO - Processing file /home/airflow/.local/lib/python3.7/site-packages/airflow/example_dags/example_task_group_decorator.py for tasks to queue
[2026-02-13T21:50:33.060+0000] {logging_mixin.py:137} INFO - [2026-02-13T21:50:33.060+0000] {dagbag.py:538} INFO - Filling up the DagBag from /home/airflow/.local/lib/python3.7/site-packages/airflow/example_dags/example_task_group_decorator.py
[2026-02-13T21:50:33.075+0000] {processor.py:753} INFO - DAG(s) dict_keys(['example_task_group_decorator']) retrieved from /home/airflow/.local/lib/python3.7/site-packages/airflow/example_dags/example_task_group_decorator.py
[2026-02-13T21:50:33.091+0000] {logging_mixin.py:137} INFO - [2026-02-13T21:50:33.091+0000] {dag.py:2690} INFO - Sync 1 DAGs
[2026-02-13T21:50:33.108+0000] {logging_mixin.py:137} INFO - [2026-02-13T21:50:33.108+0000] {dag.py:3441} INFO - Setting next_dagrun for example_task_group_decorator to 2026-02-12T21:50:33.107895+00:00, run_after=2026-02-13T21:50:33.107895+00:00
[2026-02-13T21:50:33.129+0000] {processor.py:175} INFO - Processing /home/airflow/.local/lib/python3.7/site-packages/airflow/example_dags/example_task_group_decorator.py took 0.074 seconds
[2026-02-13T21:51:03.571+0000] {processor.py:153} INFO - Started process (PID=304) to work on /home/airflow/.local/lib/python3.7/site-packages/airflow/example_dags/example_task_group_decorator.py
[2026-02-13T21:51:03.571+0000] {processor.py:743} INFO - Processing file /home/airflow/.local/lib/python3.7/site-packages/airflow/example_dags/example_task_group_decorator.py for tasks to queue
[2026-02-13T21:51:03.571+0000] {logging_mixin.py:137} INFO - [2026-02-13T21:51:03.571+0000] {dagbag.py:538} INFO - Filling up the DagBag from /home/airflow/.local/lib/python3.7/site-packages/airflow/example_dags/example_task_group_decorator.py
[2026-02-13T21:51:03.584+0000] {processor.py:753} INFO - DAG(s) dict_keys(['example_task_group_decorator']) retrieved from /home/airflow/.local/lib/python3.7/site-packages/airflow/example_dags/example_task_group_decorator.py
[2026-02-13T21:51:03.595+0000] {logging_mixin.py:137} INFO - [2026-02-13T21:51:03.595+0000] {dag.py:2690} INFO - Sync 1 DAGs
[2026-02-13T21:51:03.607+0000] {logging_mixin.py:137} INFO - [2026-02-13T21:51:03.607+0000] {dag.py:3441} INFO - Setting next_dagrun for example_task_group_decorator to 2026-02-12T21:51:03.607279+00:00, run_after=2026-02-13T21:51:03.607279+00:00
[2026-02-13T21:51:03.616+0000] {processor.py:175} INFO - Processing /home/airflow/.local/lib/python3.7/site-packages/airflow/example_dags/example_task_group_decorator.py took 0.047 seconds
[2026-02-13T21:51:33.986+0000] {processor.py:153} INFO - Started process (PID=392) to work on /home/airflow/.local/lib/python3.7/site-packages/airflow/example_dags/example_task_group_decorator.py
[2026-02-13T21:51:33.988+0000] {processor.py:743} INFO - Processing file /home/airflow/.local/lib/python3.7/site-packages/airflow/example_dags/example_task_group_decorator.py for tasks to queue
[2026-02-13T21:51:33.990+0000] {logging_mixin.py:137} INFO - [2026-02-13T21:51:33.989+0000] {dagbag.py:538} INFO - Filling up the DagBag from /home/airflow/.local/lib/python3.7/site-packages/airflow/example_dags/example_task_group_decorator.py
[2026-02-13T21:51:34.002+0000] {processor.py:753} INFO - DAG(s) dict_keys(['example_task_group_decorator']) retrieved from /home/airflow/.local/lib/python3.7/site-packages/airflow/example_dags/example_task_group_decorator.py
[2026-02-13T21:51:34.016+0000] {logging_mixin.py:137} INFO - [2026-02-13T21:51:34.015+0000] {dag.py:2690} INFO - Sync 1 DAGs
[2026-02-13T21:51:34.028+0000] {logging_mixin.py:137} INFO - [2026-02-13T21:51:34.028+0000] {dag.py:3441} INFO - Setting next_dagrun for example_task_group_decorator to 2026-02-12T21:51:34.028287+00:00, run_after=2026-02-13T21:51:34.028287+00:00
[2026-02-13T21:51:34.035+0000] {processor.py:175} INFO - Processing /home/airflow/.local/lib/python3.7/site-packages/airflow/example_dags/example_task_group_decorator.py took 0.051 seconds
[2026-02-13T21:52:04.429+0000] {processor.py:153} INFO - Started process (PID=480) to work on /home/airflow/.local/lib/python3.7/site-packages/airflow/example_dags/example_task_group_decorator.py
[2026-02-13T21:52:04.430+0000] {processor.py:743} INFO - Processing file /home/airflow/.local/lib/python3.7/site-packages/airflow/example_dags/example_task_group_decorator.py for tasks to queue
[2026-02-13T21:52:04.431+0000] {logging_mixin.py:137} INFO - [2026-02-13T21:52:04.431+0000] {dagbag.py:538} INFO - Filling up the DagBag from /home/airflow/.local/lib/python3.7/site-packages/airflow/example_dags/example_task_group_decorator.py
[2026-02-13T21:52:04.444+0000] {processor.py:753} INFO - DAG(s) dict_keys(['example_task_group_decorator']) retrieved from /home/airflow/.local/lib/python3.7/site-packages/airflow/example_dags/example_task_group_decorator.py
[2026-02-13T21:52:04.459+0000] {logging_mixin.py:137} INFO - [2026-02-13T21:52:04.459+0000] {dag.py:2690} INFO - Sync 1 DAGs
[2026-02-13T21:52:04.469+0000] {logging_mixin.py:137} INFO - [2026-02-13T21:52:04.469+0000] {dag.py:3441} INFO - Setting next_dagrun for example_task_group_decorator to 2026-02-12T21:52:04.469012+00:00, run_after=2026-02-13T21:52:04.469012+00:00
[2026-02-13T21:52:04.478+0000] {processor.py:175} INFO - Processing /home/airflow/.local/lib/python3.7/site-packages/airflow/example_dags/example_task_group_decorator.py took 0.050 seconds
[2026-02-13T21:52:34.990+0000] {processor.py:153} INFO - Started process (PID=568) to work on /home/airflow/.local/lib/python3.7/site-packages/airflow/example_dags/example_task_group_decorator.py
[2026-02-13T21:52:34.990+0000] {processor.py:743} INFO - Processing file /home/airflow/.local/lib/python3.7/site-packages/airflow/example_dags/example_task_group_decorator.py for tasks to queue
[2026-02-13T21:52:34.991+0000] {logging_mixin.py:137} INFO - [2026-02-13T21:52:34.991+0000] {dagbag.py:538} INFO - Filling up the DagBag from /home/airflow/.local/lib/python3.7/site-packages/airflow/example_dags/example_task_group_decorator.py
[2026-02-13T21:52:35.006+0000] {processor.py:753} INFO - DAG(s) dict_keys(['example_task_group_decorator']) retrieved from /home/airflow/.local/lib/python3.7/site-packages/airflow/example_dags/example_task_group_decorator.py
[2026-02-13T21:52:35.022+0000] {logging_mixin.py:137} INFO - [2026-02-13T21:52:35.022+0000] {dag.py:2690} INFO - Sync 1 DAGs
[2026-02-13T21:52:35.036+0000] {logging_mixin.py:137} INFO - [2026-02-13T21:52:35.036+0000] {dag.py:3441} INFO - Setting next_dagrun for example_task_group_decorator to 2026-02-12T21:52:35.036557+00:00, run_after=2026-02-13T21:52:35.036557+00:00
[2026-02-13T21:52:35.051+0000] {processor.py:175} INFO - Processing /home/airflow/.local/lib/python3.7/site-packages/airflow/example_dags/example_task_group_decorator.py took 0.063 seconds
[2026-02-13T21:53:05.458+0000] {processor.py:153} INFO - Started process (PID=639) to work on /home/airflow/.local/lib/python3.7/site-packages/airflow/example_dags/example_task_group_decorator.py
[2026-02-13T21:53:05.459+0000] {processor.py:743} INFO - Processing file /home/airflow/.local/lib/python3.7/site-packages/airflow/example_dags/example_task_group_decorator.py for tasks to queue
[2026-02-13T21:53:05.460+0000] {logging_mixin.py:137} INFO - [2026-02-13T21:53:05.460+0000] {dagbag.py:538} INFO - Filling up the DagBag from /home/airflow/.local/lib/python3.7/site-packages/airflow/example_dags/example_task_group_decorator.py
[2026-02-13T21:53:05.472+0000] {processor.py:753} INFO - DAG(s) dict_keys(['example_task_group_decorator']) retrieved from /home/airflow/.local/lib/python3.7/site-packages/airflow/example_dags/example_task_group_decorator.py
[2026-02-13T21:53:05.487+0000] {logging_mixin.py:137} INFO - [2026-02-13T21:53:05.487+0000] {dag.py:2690} INFO - Sync 1 DAGs
[2026-02-13T21:53:05.500+0000] {logging_mixin.py:137} INFO - [2026-02-13T21:53:05.500+0000] {dag.py:3441} INFO - Setting next_dagrun for example_task_group_decorator to 2026-02-12T21:53:05.500057+00:00, run_after=2026-02-13T21:53:05.500057+00:00
[2026-02-13T21:53:05.510+0000] {processor.py:175} INFO - Processing /home/airflow/.local/lib/python3.7/site-packages/airflow/example_dags/example_task_group_decorator.py took 0.053 seconds
[2026-02-13T21:53:35.986+0000] {processor.py:153} INFO - Started process (PID=727) to work on /home/airflow/.local/lib/python3.7/site-packages/airflow/example_dags/example_task_group_decorator.py
[2026-02-13T21:53:35.988+0000] {processor.py:743} INFO - Processing file /home/airflow/.local/lib/python3.7/site-packages/airflow/example_dags/example_task_group_decorator.py for tasks to queue
[2026-02-13T21:53:35.989+0000] {logging_mixin.py:137} INFO - [2026-02-13T21:53:35.988+0000] {dagbag.py:538} INFO - Filling up the DagBag from /home/airflow/.local/lib/python3.7/site-packages/airflow/example_dags/example_task_group_decorator.py
[2026-02-13T21:53:36.002+0000] {processor.py:753} INFO - DAG(s) dict_keys(['example_task_group_decorator']) retrieved from /home/airflow/.local/lib/python3.7/site-packages/airflow/example_dags/example_task_group_decorator.py
[2026-02-13T21:53:36.020+0000] {logging_mixin.py:137} INFO - [2026-02-13T21:53:36.019+0000] {dag.py:2690} INFO - Sync 1 DAGs
[2026-02-13T21:53:36.039+0000] {logging_mixin.py:137} INFO - [2026-02-13T21:53:36.039+0000] {dag.py:3441} INFO - Setting next_dagrun for example_task_group_decorator to 2026-02-12T21:53:36.038975+00:00, run_after=2026-02-13T21:53:36.038975+00:00
[2026-02-13T21:53:36.048+0000] {processor.py:175} INFO - Processing /home/airflow/.local/lib/python3.7/site-packages/airflow/example_dags/example_task_group_decorator.py took 0.063 seconds
[2026-02-13T21:54:06.429+0000] {processor.py:153} INFO - Started process (PID=815) to work on /home/airflow/.local/lib/python3.7/site-packages/airflow/example_dags/example_task_group_decorator.py
[2026-02-13T21:54:06.430+0000] {processor.py:743} INFO - Processing file /home/airflow/.local/lib/python3.7/site-packages/airflow/example_dags/example_task_group_decorator.py for tasks to queue
[2026-02-13T21:54:06.430+0000] {logging_mixin.py:137} INFO - [2026-02-13T21:54:06.430+0000] {dagbag.py:538} INFO - Filling up the DagBag from /home/airflow/.local/lib/python3.7/site-packages/airflow/example_dags/example_task_group_decorator.py
[2026-02-13T21:54:06.440+0000] {processor.py:753} INFO - DAG(s) dict_keys(['example_task_group_decorator']) retrieved from /home/airflow/.local/lib/python3.7/site-packages/airflow/example_dags/example_task_group_decorator.py
[2026-02-13T21:54:06.450+0000] {logging_mixin.py:137} INFO - [2026-02-13T21:54:06.450+0000] {dag.py:2690} INFO - Sync 1 DAGs
[2026-02-13T21:54:06.460+0000] {logging_mixin.py:137} INFO - [2026-02-13T21:54:06.459+0000] {dag.py:3441} INFO - Setting next_dagrun for example_task_group_decorator to 2026-02-12T21:54:06.459897+00:00, run_after=2026-02-13T21:54:06.459897+00:00
[2026-02-13T21:54:06.466+0000] {processor.py:175} INFO - Processing /home/airflow/.local/lib/python3.7/site-packages/airflow/example_dags/example_task_group_decorator.py took 0.038 seconds
[2026-02-13T21:54:37.011+0000] {processor.py:153} INFO - Started process (PID=903) to work on /home/airflow/.local/lib/python3.7/site-packages/airflow/example_dags/example_task_group_decorator.py
[2026-02-13T21:54:37.012+0000] {processor.py:743} INFO - Processing file /home/airflow/.local/lib/python3.7/site-packages/airflow/example_dags/example_task_group_decorator.py for tasks to queue
[2026-02-13T21:54:37.012+0000] {logging_mixin.py:137} INFO - [2026-02-13T21:54:37.012+0000] {dagbag.py:538} INFO - Filling up the DagBag from /home/airflow/.local/lib/python3.7/site-packages/airflow/example_dags/example_task_group_decorator.py
[2026-02-13T21:54:37.026+0000] {processor.py:753} INFO - DAG(s) dict_keys(['example_task_group_decorator']) retrieved from /home/airflow/.local/lib/python3.7/site-packages/airflow/example_dags/example_task_group_decorator.py
[2026-02-13T21:54:37.040+0000] {logging_mixin.py:137} INFO - [2026-02-13T21:54:37.039+0000] {dag.py:2690} INFO - Sync 1 DAGs
[2026-02-13T21:54:37.052+0000] {logging_mixin.py:137} INFO - [2026-02-13T21:54:37.052+0000] {dag.py:3441} INFO - Setting next_dagrun for example_task_group_decorator to 2026-02-12T21:54:37.052136+00:00, run_after=2026-02-13T21:54:37.052136+00:00
[2026-02-13T21:54:37.060+0000] {processor.py:175} INFO - Processing /home/airflow/.local/lib/python3.7/site-packages/airflow/example_dags/example_task_group_decorator.py took 0.051 seconds
[2026-02-13T21:55:07.583+0000] {processor.py:153} INFO - Started process (PID=975) to work on /home/airflow/.local/lib/python3.7/site-packages/airflow/example_dags/example_task_group_decorator.py
[2026-02-13T21:55:07.585+0000] {processor.py:743} INFO - Processing file /home/airflow/.local/lib/python3.7/site-packages/airflow/example_dags/example_task_group_decorator.py for tasks to queue
[2026-02-13T21:55:07.585+0000] {logging_mixin.py:137} INFO - [2026-02-13T21:55:07.585+0000] {dagbag.py:538} INFO - Filling up the DagBag from /home/airflow/.local/lib/python3.7/site-packages/airflow/example_dags/example_task_group_decorator.py
[2026-02-13T21:55:07.599+0000] {processor.py:753} INFO - DAG(s) dict_keys(['example_task_group_decorator']) retrieved from /home/airflow/.local/lib/python3.7/site-packages/airflow/example_dags/example_task_group_decorator.py
[2026-02-13T21:55:07.621+0000] {logging_mixin.py:137} INFO - [2026-02-13T21:55:07.621+0000] {dag.py:2690} INFO - Sync 1 DAGs
[2026-02-13T21:55:07.633+0000] {logging_mixin.py:137} INFO - [2026-02-13T21:55:07.633+0000] {dag.py:3441} INFO - Setting next_dagrun for example_task_group_decorator to 2026-02-12T21:55:07.633551+00:00, run_after=2026-02-13T21:55:07.633551+00:00
[2026-02-13T21:55:07.642+0000] {processor.py:175} INFO - Processing /home/airflow/.local/lib/python3.7/site-packages/airflow/example_dags/example_task_group_decorator.py took 0.061 seconds
[2026-02-13T21:55:38.087+0000] {processor.py:153} INFO - Started process (PID=1063) to work on /home/airflow/.local/lib/python3.7/site-packages/airflow/example_dags/example_task_group_decorator.py
[2026-02-13T21:55:38.088+0000] {processor.py:743} INFO - Processing file /home/airflow/.local/lib/python3.7/site-packages/airflow/example_dags/example_task_group_decorator.py for tasks to queue
[2026-02-13T21:55:38.089+0000] {logging_mixin.py:137} INFO - [2026-02-13T21:55:38.089+0000] {dagbag.py:538} INFO - Filling up the DagBag from /home/airflow/.local/lib/python3.7/site-packages/airflow/example_dags/example_task_group_decorator.py
[2026-02-13T21:55:38.103+0000] {processor.py:753} INFO - DAG(s) dict_keys(['example_task_group_decorator']) retrieved from /home/airflow/.local/lib/python3.7/site-packages/airflow/example_dags/example_task_group_decorator.py
[2026-02-13T21:55:38.118+0000] {logging_mixin.py:137} INFO - [2026-02-13T21:55:38.118+0000] {dag.py:2690} INFO - Sync 1 DAGs
[2026-02-13T21:55:38.132+0000] {logging_mixin.py:137} INFO - [2026-02-13T21:55:38.132+0000] {dag.py:3441} INFO - Setting next_dagrun for example_task_group_decorator to 2026-02-12T21:55:38.132265+00:00, run_after=2026-02-13T21:55:38.132265+00:00
[2026-02-13T21:55:38.139+0000] {processor.py:175} INFO - Processing /home/airflow/.local/lib/python3.7/site-packages/airflow/example_dags/example_task_group_decorator.py took 0.054 seconds
[2026-02-13T21:56:08.609+0000] {processor.py:153} INFO - Started process (PID=1151) to work on /home/airflow/.local/lib/python3.7/site-packages/airflow/example_dags/example_task_group_decorator.py
[2026-02-13T21:56:08.609+0000] {processor.py:743} INFO - Processing file /home/airflow/.local/lib/python3.7/site-packages/airflow/example_dags/example_task_group_decorator.py for tasks to queue
[2026-02-13T21:56:08.610+0000] {logging_mixin.py:137} INFO - [2026-02-13T21:56:08.610+0000] {dagbag.py:538} INFO - Filling up the DagBag from /home/airflow/.local/lib/python3.7/site-packages/airflow/example_dags/example_task_group_decorator.py
[2026-02-13T21:56:08.622+0000] {processor.py:753} INFO - DAG(s) dict_keys(['example_task_group_decorator']) retrieved from /home/airflow/.local/lib/python3.7/site-packages/airflow/example_dags/example_task_group_decorator.py
[2026-02-13T21:56:08.642+0000] {logging_mixin.py:137} INFO - [2026-02-13T21:56:08.642+0000] {dag.py:2690} INFO - Sync 1 DAGs
[2026-02-13T21:56:08.653+0000] {logging_mixin.py:137} INFO - [2026-02-13T21:56:08.653+0000] {dag.py:3441} INFO - Setting next_dagrun for example_task_group_decorator to 2026-02-12T21:56:08.652960+00:00, run_after=2026-02-13T21:56:08.652960+00:00
[2026-02-13T21:56:08.661+0000] {processor.py:175} INFO - Processing /home/airflow/.local/lib/python3.7/site-packages/airflow/example_dags/example_task_group_decorator.py took 0.053 seconds
[2026-02-13T21:56:39.478+0000] {processor.py:153} INFO - Started process (PID=1239) to work on /home/airflow/.local/lib/python3.7/site-packages/airflow/example_dags/example_task_group_decorator.py
[2026-02-13T21:56:39.480+0000] {processor.py:743} INFO - Processing file /home/airflow/.local/lib/python3.7/site-packages/airflow/example_dags/example_task_group_decorator.py for tasks to queue
[2026-02-13T21:56:39.480+0000] {logging_mixin.py:137} INFO - [2026-02-13T21:56:39.480+0000] {dagbag.py:538} INFO - Filling up the DagBag from /home/airflow/.local/lib/python3.7/site-packages/airflow/example_dags/example_task_group_decorator.py
[2026-02-13T21:56:39.494+0000] {processor.py:753} INFO - DAG(s) dict_keys(['example_task_group_decorator']) retrieved from /home/airflow/.local/lib/python3.7/site-packages/airflow/example_dags/example_task_group_decorator.py
[2026-02-13T21:56:39.511+0000] {logging_mixin.py:137} INFO - [2026-02-13T21:56:39.511+0000] {dag.py:2690} INFO - Sync 1 DAGs
[2026-02-13T21:56:39.527+0000] {logging_mixin.py:137} INFO - [2026-02-13T21:56:39.527+0000] {dag.py:3441} INFO - Setting next_dagrun for example_task_group_decorator to 2026-02-12T21:56:39.527696+00:00, run_after=2026-02-13T21:56:39.527696+00:00
[2026-02-13T21:56:39.542+0000] {processor.py:175} INFO - Processing /home/airflow/.local/lib/python3.7/site-packages/airflow/example_dags/example_task_group_decorator.py took 0.066 seconds
[2026-02-13T22:01:03.874+0000] {processor.py:153} INFO - Started process (PID=53) to work on /home/airflow/.local/lib/python3.7/site-packages/airflow/example_dags/example_task_group_decorator.py
[2026-02-13T22:01:03.875+0000] {processor.py:743} INFO - Processing file /home/airflow/.local/lib/python3.7/site-packages/airflow/example_dags/example_task_group_decorator.py for tasks to queue
[2026-02-13T22:01:03.876+0000] {logging_mixin.py:137} INFO - [2026-02-13T22:01:03.876+0000] {dagbag.py:538} INFO - Filling up the DagBag from /home/airflow/.local/lib/python3.7/site-packages/airflow/example_dags/example_task_group_decorator.py
[2026-02-13T22:01:03.897+0000] {processor.py:753} INFO - DAG(s) dict_keys(['example_task_group_decorator']) retrieved from /home/airflow/.local/lib/python3.7/site-packages/airflow/example_dags/example_task_group_decorator.py
[2026-02-13T22:01:03.907+0000] {logging_mixin.py:137} INFO - [2026-02-13T22:01:03.907+0000] {dag.py:2690} INFO - Sync 1 DAGs
[2026-02-13T22:01:03.930+0000] {logging_mixin.py:137} INFO - [2026-02-13T22:01:03.930+0000] {dag.py:3441} INFO - Setting next_dagrun for example_task_group_decorator to 2026-02-12T22:01:03.929835+00:00, run_after=2026-02-13T22:01:03.929835+00:00
[2026-02-13T22:01:03.955+0000] {processor.py:175} INFO - Processing /home/airflow/.local/lib/python3.7/site-packages/airflow/example_dags/example_task_group_decorator.py took 0.083 seconds
[2026-02-13T22:01:34.621+0000] {processor.py:153} INFO - Started process (PID=140) to work on /home/airflow/.local/lib/python3.7/site-packages/airflow/example_dags/example_task_group_decorator.py
[2026-02-13T22:01:34.622+0000] {processor.py:743} INFO - Processing file /home/airflow/.local/lib/python3.7/site-packages/airflow/example_dags/example_task_group_decorator.py for tasks to queue
[2026-02-13T22:01:34.624+0000] {logging_mixin.py:137} INFO - [2026-02-13T22:01:34.624+0000] {dagbag.py:538} INFO - Filling up the DagBag from /home/airflow/.local/lib/python3.7/site-packages/airflow/example_dags/example_task_group_decorator.py
[2026-02-13T22:01:34.638+0000] {processor.py:753} INFO - DAG(s) dict_keys(['example_task_group_decorator']) retrieved from /home/airflow/.local/lib/python3.7/site-packages/airflow/example_dags/example_task_group_decorator.py
[2026-02-13T22:01:34.653+0000] {logging_mixin.py:137} INFO - [2026-02-13T22:01:34.653+0000] {dag.py:2690} INFO - Sync 1 DAGs
[2026-02-13T22:01:34.667+0000] {logging_mixin.py:137} INFO - [2026-02-13T22:01:34.667+0000] {dag.py:3441} INFO - Setting next_dagrun for example_task_group_decorator to 2026-02-12T22:01:34.667519+00:00, run_after=2026-02-13T22:01:34.667519+00:00
[2026-02-13T22:01:34.681+0000] {processor.py:175} INFO - Processing /home/airflow/.local/lib/python3.7/site-packages/airflow/example_dags/example_task_group_decorator.py took 0.062 seconds
[2026-02-13T22:02:05.149+0000] {processor.py:153} INFO - Started process (PID=230) to work on /home/airflow/.local/lib/python3.7/site-packages/airflow/example_dags/example_task_group_decorator.py
[2026-02-13T22:02:05.149+0000] {processor.py:743} INFO - Processing file /home/airflow/.local/lib/python3.7/site-packages/airflow/example_dags/example_task_group_decorator.py for tasks to queue
[2026-02-13T22:02:05.150+0000] {logging_mixin.py:137} INFO - [2026-02-13T22:02:05.150+0000] {dagbag.py:538} INFO - Filling up the DagBag from /home/airflow/.local/lib/python3.7/site-packages/airflow/example_dags/example_task_group_decorator.py
[2026-02-13T22:02:05.165+0000] {processor.py:753} INFO - DAG(s) dict_keys(['example_task_group_decorator']) retrieved from /home/airflow/.local/lib/python3.7/site-packages/airflow/example_dags/example_task_group_decorator.py
[2026-02-13T22:02:05.182+0000] {logging_mixin.py:137} INFO - [2026-02-13T22:02:05.182+0000] {dag.py:2690} INFO - Sync 1 DAGs
[2026-02-13T22:02:05.194+0000] {logging_mixin.py:137} INFO - [2026-02-13T22:02:05.194+0000] {dag.py:3441} INFO - Setting next_dagrun for example_task_group_decorator to 2026-02-12T22:02:05.194227+00:00, run_after=2026-02-13T22:02:05.194227+00:00
[2026-02-13T22:02:05.202+0000] {processor.py:175} INFO - Processing /home/airflow/.local/lib/python3.7/site-packages/airflow/example_dags/example_task_group_decorator.py took 0.055 seconds
[2026-02-13T22:02:35.734+0000] {processor.py:153} INFO - Started process (PID=302) to work on /home/airflow/.local/lib/python3.7/site-packages/airflow/example_dags/example_task_group_decorator.py
[2026-02-13T22:02:35.736+0000] {processor.py:743} INFO - Processing file /home/airflow/.local/lib/python3.7/site-packages/airflow/example_dags/example_task_group_decorator.py for tasks to queue
[2026-02-13T22:02:35.736+0000] {logging_mixin.py:137} INFO - [2026-02-13T22:02:35.736+0000] {dagbag.py:538} INFO - Filling up the DagBag from /home/airflow/.local/lib/python3.7/site-packages/airflow/example_dags/example_task_group_decorator.py
[2026-02-13T22:02:35.749+0000] {processor.py:753} INFO - DAG(s) dict_keys(['example_task_group_decorator']) retrieved from /home/airflow/.local/lib/python3.7/site-packages/airflow/example_dags/example_task_group_decorator.py
[2026-02-13T22:02:35.764+0000] {logging_mixin.py:137} INFO - [2026-02-13T22:02:35.764+0000] {dag.py:2690} INFO - Sync 1 DAGs
[2026-02-13T22:02:35.776+0000] {logging_mixin.py:137} INFO - [2026-02-13T22:02:35.776+0000] {dag.py:3441} INFO - Setting next_dagrun for example_task_group_decorator to 2026-02-12T22:02:35.776028+00:00, run_after=2026-02-13T22:02:35.776028+00:00
[2026-02-13T22:02:35.787+0000] {processor.py:175} INFO - Processing /home/airflow/.local/lib/python3.7/site-packages/airflow/example_dags/example_task_group_decorator.py took 0.055 seconds
[2026-02-13T22:03:30.069+0000] {processor.py:153} INFO - Started process (PID=53) to work on /home/airflow/.local/lib/python3.7/site-packages/airflow/example_dags/example_task_group_decorator.py
[2026-02-13T22:03:30.071+0000] {processor.py:743} INFO - Processing file /home/airflow/.local/lib/python3.7/site-packages/airflow/example_dags/example_task_group_decorator.py for tasks to queue
[2026-02-13T22:03:30.072+0000] {logging_mixin.py:137} INFO - [2026-02-13T22:03:30.072+0000] {dagbag.py:538} INFO - Filling up the DagBag from /home/airflow/.local/lib/python3.7/site-packages/airflow/example_dags/example_task_group_decorator.py
[2026-02-13T22:03:30.102+0000] {processor.py:753} INFO - DAG(s) dict_keys(['example_task_group_decorator']) retrieved from /home/airflow/.local/lib/python3.7/site-packages/airflow/example_dags/example_task_group_decorator.py
[2026-02-13T22:03:30.110+0000] {logging_mixin.py:137} INFO - [2026-02-13T22:03:30.110+0000] {dag.py:2690} INFO - Sync 1 DAGs
[2026-02-13T22:03:30.126+0000] {logging_mixin.py:137} INFO - [2026-02-13T22:03:30.126+0000] {dag.py:3441} INFO - Setting next_dagrun for example_task_group_decorator to 2026-02-12T22:03:30.126023+00:00, run_after=2026-02-13T22:03:30.126023+00:00
[2026-02-13T22:03:30.145+0000] {processor.py:175} INFO - Processing /home/airflow/.local/lib/python3.7/site-packages/airflow/example_dags/example_task_group_decorator.py took 0.081 seconds
[2026-02-13T22:04:00.856+0000] {processor.py:153} INFO - Started process (PID=140) to work on /home/airflow/.local/lib/python3.7/site-packages/airflow/example_dags/example_task_group_decorator.py
[2026-02-13T22:04:00.860+0000] {processor.py:743} INFO - Processing file /home/airflow/.local/lib/python3.7/site-packages/airflow/example_dags/example_task_group_decorator.py for tasks to queue
[2026-02-13T22:04:00.861+0000] {logging_mixin.py:137} INFO - [2026-02-13T22:04:00.861+0000] {dagbag.py:538} INFO - Filling up the DagBag from /home/airflow/.local/lib/python3.7/site-packages/airflow/example_dags/example_task_group_decorator.py
[2026-02-13T22:04:00.891+0000] {processor.py:753} INFO - DAG(s) dict_keys(['example_task_group_decorator']) retrieved from /home/airflow/.local/lib/python3.7/site-packages/airflow/example_dags/example_task_group_decorator.py
[2026-02-13T22:04:00.922+0000] {logging_mixin.py:137} INFO - [2026-02-13T22:04:00.922+0000] {dag.py:2690} INFO - Sync 1 DAGs
[2026-02-13T22:04:00.943+0000] {logging_mixin.py:137} INFO - [2026-02-13T22:04:00.943+0000] {dag.py:3441} INFO - Setting next_dagrun for example_task_group_decorator to 2026-02-12T22:04:00.942123+00:00, run_after=2026-02-13T22:04:00.942123+00:00
[2026-02-13T22:04:00.967+0000] {processor.py:175} INFO - Processing /home/airflow/.local/lib/python3.7/site-packages/airflow/example_dags/example_task_group_decorator.py took 0.120 seconds
[2026-02-13T22:04:31.908+0000] {processor.py:153} INFO - Started process (PID=221) to work on /home/airflow/.local/lib/python3.7/site-packages/airflow/example_dags/example_task_group_decorator.py
[2026-02-13T22:04:31.909+0000] {processor.py:743} INFO - Processing file /home/airflow/.local/lib/python3.7/site-packages/airflow/example_dags/example_task_group_decorator.py for tasks to queue
[2026-02-13T22:04:31.909+0000] {logging_mixin.py:137} INFO - [2026-02-13T22:04:31.909+0000] {dagbag.py:538} INFO - Filling up the DagBag from /home/airflow/.local/lib/python3.7/site-packages/airflow/example_dags/example_task_group_decorator.py
[2026-02-13T22:04:31.930+0000] {processor.py:753} INFO - DAG(s) dict_keys(['example_task_group_decorator']) retrieved from /home/airflow/.local/lib/python3.7/site-packages/airflow/example_dags/example_task_group_decorator.py
[2026-02-13T22:04:31.961+0000] {logging_mixin.py:137} INFO - [2026-02-13T22:04:31.961+0000] {dag.py:2690} INFO - Sync 1 DAGs
[2026-02-13T22:04:31.979+0000] {logging_mixin.py:137} INFO - [2026-02-13T22:04:31.979+0000] {dag.py:3441} INFO - Setting next_dagrun for example_task_group_decorator to 2026-02-12T22:04:31.979727+00:00, run_after=2026-02-13T22:04:31.979727+00:00
[2026-02-13T22:04:31.995+0000] {processor.py:175} INFO - Processing /home/airflow/.local/lib/python3.7/site-packages/airflow/example_dags/example_task_group_decorator.py took 0.089 seconds
[2026-02-13T22:05:02.707+0000] {processor.py:153} INFO - Started process (PID=300) to work on /home/airflow/.local/lib/python3.7/site-packages/airflow/example_dags/example_task_group_decorator.py
[2026-02-13T22:05:02.707+0000] {processor.py:743} INFO - Processing file /home/airflow/.local/lib/python3.7/site-packages/airflow/example_dags/example_task_group_decorator.py for tasks to queue
[2026-02-13T22:05:02.707+0000] {logging_mixin.py:137} INFO - [2026-02-13T22:05:02.707+0000] {dagbag.py:538} INFO - Filling up the DagBag from /home/airflow/.local/lib/python3.7/site-packages/airflow/example_dags/example_task_group_decorator.py
[2026-02-13T22:05:02.719+0000] {processor.py:753} INFO - DAG(s) dict_keys(['example_task_group_decorator']) retrieved from /home/airflow/.local/lib/python3.7/site-packages/airflow/example_dags/example_task_group_decorator.py
[2026-02-13T22:05:02.729+0000] {logging_mixin.py:137} INFO - [2026-02-13T22:05:02.729+0000] {dag.py:2690} INFO - Sync 1 DAGs
[2026-02-13T22:05:02.737+0000] {logging_mixin.py:137} INFO - [2026-02-13T22:05:02.737+0000] {dag.py:3441} INFO - Setting next_dagrun for example_task_group_decorator to 2026-02-12T22:05:02.737458+00:00, run_after=2026-02-13T22:05:02.737458+00:00
[2026-02-13T22:05:02.743+0000] {processor.py:175} INFO - Processing /home/airflow/.local/lib/python3.7/site-packages/airflow/example_dags/example_task_group_decorator.py took 0.038 seconds
[2026-02-13T22:05:33.292+0000] {processor.py:153} INFO - Started process (PID=388) to work on /home/airflow/.local/lib/python3.7/site-packages/airflow/example_dags/example_task_group_decorator.py
[2026-02-13T22:05:33.292+0000] {processor.py:743} INFO - Processing file /home/airflow/.local/lib/python3.7/site-packages/airflow/example_dags/example_task_group_decorator.py for tasks to queue
[2026-02-13T22:05:33.293+0000] {logging_mixin.py:137} INFO - [2026-02-13T22:05:33.293+0000] {dagbag.py:538} INFO - Filling up the DagBag from /home/airflow/.local/lib/python3.7/site-packages/airflow/example_dags/example_task_group_decorator.py
[2026-02-13T22:05:33.309+0000] {processor.py:753} INFO - DAG(s) dict_keys(['example_task_group_decorator']) retrieved from /home/airflow/.local/lib/python3.7/site-packages/airflow/example_dags/example_task_group_decorator.py
[2026-02-13T22:05:33.323+0000] {logging_mixin.py:137} INFO - [2026-02-13T22:05:33.323+0000] {dag.py:2690} INFO - Sync 1 DAGs
[2026-02-13T22:05:33.335+0000] {logging_mixin.py:137} INFO - [2026-02-13T22:05:33.334+0000] {dag.py:3441} INFO - Setting next_dagrun for example_task_group_decorator to 2026-02-12T22:05:33.334823+00:00, run_after=2026-02-13T22:05:33.334823+00:00
[2026-02-13T22:05:33.348+0000] {processor.py:175} INFO - Processing /home/airflow/.local/lib/python3.7/site-packages/airflow/example_dags/example_task_group_decorator.py took 0.058 seconds
[2026-02-13T22:06:33.276+0000] {processor.py:153} INFO - Started process (PID=55) to work on /home/airflow/.local/lib/python3.7/site-packages/airflow/example_dags/example_task_group_decorator.py
[2026-02-13T22:06:33.277+0000] {processor.py:743} INFO - Processing file /home/airflow/.local/lib/python3.7/site-packages/airflow/example_dags/example_task_group_decorator.py for tasks to queue
[2026-02-13T22:06:33.278+0000] {logging_mixin.py:137} INFO - [2026-02-13T22:06:33.278+0000] {dagbag.py:538} INFO - Filling up the DagBag from /home/airflow/.local/lib/python3.7/site-packages/airflow/example_dags/example_task_group_decorator.py
[2026-02-13T22:06:33.304+0000] {processor.py:753} INFO - DAG(s) dict_keys(['example_task_group_decorator']) retrieved from /home/airflow/.local/lib/python3.7/site-packages/airflow/example_dags/example_task_group_decorator.py
[2026-02-13T22:06:33.313+0000] {logging_mixin.py:137} INFO - [2026-02-13T22:06:33.313+0000] {dag.py:2690} INFO - Sync 1 DAGs
[2026-02-13T22:06:33.329+0000] {logging_mixin.py:137} INFO - [2026-02-13T22:06:33.329+0000] {dag.py:3441} INFO - Setting next_dagrun for example_task_group_decorator to 2026-02-12T22:06:33.329621+00:00, run_after=2026-02-13T22:06:33.329621+00:00
[2026-02-13T22:06:33.345+0000] {processor.py:175} INFO - Processing /home/airflow/.local/lib/python3.7/site-packages/airflow/example_dags/example_task_group_decorator.py took 0.071 seconds
[2026-02-13T22:07:04.440+0000] {processor.py:153} INFO - Started process (PID=144) to work on /home/airflow/.local/lib/python3.7/site-packages/airflow/example_dags/example_task_group_decorator.py
[2026-02-13T22:07:04.441+0000] {processor.py:743} INFO - Processing file /home/airflow/.local/lib/python3.7/site-packages/airflow/example_dags/example_task_group_decorator.py for tasks to queue
[2026-02-13T22:07:04.442+0000] {logging_mixin.py:137} INFO - [2026-02-13T22:07:04.442+0000] {dagbag.py:538} INFO - Filling up the DagBag from /home/airflow/.local/lib/python3.7/site-packages/airflow/example_dags/example_task_group_decorator.py
[2026-02-13T22:07:04.464+0000] {processor.py:753} INFO - DAG(s) dict_keys(['example_task_group_decorator']) retrieved from /home/airflow/.local/lib/python3.7/site-packages/airflow/example_dags/example_task_group_decorator.py
[2026-02-13T22:07:04.485+0000] {logging_mixin.py:137} INFO - [2026-02-13T22:07:04.485+0000] {dag.py:2690} INFO - Sync 1 DAGs
[2026-02-13T22:07:04.498+0000] {logging_mixin.py:137} INFO - [2026-02-13T22:07:04.498+0000] {dag.py:3441} INFO - Setting next_dagrun for example_task_group_decorator to 2026-02-12T22:07:04.498530+00:00, run_after=2026-02-13T22:07:04.498530+00:00
[2026-02-13T22:07:04.513+0000] {processor.py:175} INFO - Processing /home/airflow/.local/lib/python3.7/site-packages/airflow/example_dags/example_task_group_decorator.py took 0.077 seconds
[2026-02-13T22:07:34.610+0000] {processor.py:153} INFO - Started process (PID=233) to work on /home/airflow/.local/lib/python3.7/site-packages/airflow/example_dags/example_task_group_decorator.py
[2026-02-13T22:07:34.611+0000] {processor.py:743} INFO - Processing file /home/airflow/.local/lib/python3.7/site-packages/airflow/example_dags/example_task_group_decorator.py for tasks to queue
[2026-02-13T22:07:34.611+0000] {logging_mixin.py:137} INFO - [2026-02-13T22:07:34.611+0000] {dagbag.py:538} INFO - Filling up the DagBag from /home/airflow/.local/lib/python3.7/site-packages/airflow/example_dags/example_task_group_decorator.py
[2026-02-13T22:07:34.627+0000] {processor.py:753} INFO - DAG(s) dict_keys(['example_task_group_decorator']) retrieved from /home/airflow/.local/lib/python3.7/site-packages/airflow/example_dags/example_task_group_decorator.py
[2026-02-13T22:07:34.637+0000] {logging_mixin.py:137} INFO - [2026-02-13T22:07:34.637+0000] {dag.py:2690} INFO - Sync 1 DAGs
[2026-02-13T22:07:34.647+0000] {logging_mixin.py:137} INFO - [2026-02-13T22:07:34.647+0000] {dag.py:3441} INFO - Setting next_dagrun for example_task_group_decorator to 2026-02-12T22:07:34.647535+00:00, run_after=2026-02-13T22:07:34.647535+00:00
[2026-02-13T22:07:34.659+0000] {processor.py:175} INFO - Processing /home/airflow/.local/lib/python3.7/site-packages/airflow/example_dags/example_task_group_decorator.py took 0.050 seconds
[2026-02-13T22:08:05.268+0000] {processor.py:153} INFO - Started process (PID=306) to work on /home/airflow/.local/lib/python3.7/site-packages/airflow/example_dags/example_task_group_decorator.py
[2026-02-13T22:08:05.268+0000] {processor.py:743} INFO - Processing file /home/airflow/.local/lib/python3.7/site-packages/airflow/example_dags/example_task_group_decorator.py for tasks to queue
[2026-02-13T22:08:05.268+0000] {logging_mixin.py:137} INFO - [2026-02-13T22:08:05.268+0000] {dagbag.py:538} INFO - Filling up the DagBag from /home/airflow/.local/lib/python3.7/site-packages/airflow/example_dags/example_task_group_decorator.py
[2026-02-13T22:08:05.282+0000] {processor.py:753} INFO - DAG(s) dict_keys(['example_task_group_decorator']) retrieved from /home/airflow/.local/lib/python3.7/site-packages/airflow/example_dags/example_task_group_decorator.py
[2026-02-13T22:08:05.295+0000] {logging_mixin.py:137} INFO - [2026-02-13T22:08:05.295+0000] {dag.py:2690} INFO - Sync 1 DAGs
[2026-02-13T22:08:05.308+0000] {logging_mixin.py:137} INFO - [2026-02-13T22:08:05.308+0000] {dag.py:3441} INFO - Setting next_dagrun for example_task_group_decorator to 2026-02-12T22:08:05.308259+00:00, run_after=2026-02-13T22:08:05.308259+00:00
[2026-02-13T22:08:05.317+0000] {processor.py:175} INFO - Processing /home/airflow/.local/lib/python3.7/site-packages/airflow/example_dags/example_task_group_decorator.py took 0.051 seconds
[2026-02-13T22:08:36.040+0000] {processor.py:153} INFO - Started process (PID=395) to work on /home/airflow/.local/lib/python3.7/site-packages/airflow/example_dags/example_task_group_decorator.py
[2026-02-13T22:08:36.041+0000] {processor.py:743} INFO - Processing file /home/airflow/.local/lib/python3.7/site-packages/airflow/example_dags/example_task_group_decorator.py for tasks to queue
[2026-02-13T22:08:36.041+0000] {logging_mixin.py:137} INFO - [2026-02-13T22:08:36.041+0000] {dagbag.py:538} INFO - Filling up the DagBag from /home/airflow/.local/lib/python3.7/site-packages/airflow/example_dags/example_task_group_decorator.py
[2026-02-13T22:08:36.052+0000] {processor.py:753} INFO - DAG(s) dict_keys(['example_task_group_decorator']) retrieved from /home/airflow/.local/lib/python3.7/site-packages/airflow/example_dags/example_task_group_decorator.py
[2026-02-13T22:08:36.062+0000] {logging_mixin.py:137} INFO - [2026-02-13T22:08:36.061+0000] {dag.py:2690} INFO - Sync 1 DAGs
[2026-02-13T22:08:36.071+0000] {logging_mixin.py:137} INFO - [2026-02-13T22:08:36.071+0000] {dag.py:3441} INFO - Setting next_dagrun for example_task_group_decorator to 2026-02-12T22:08:36.070929+00:00, run_after=2026-02-13T22:08:36.070929+00:00
[2026-02-13T22:08:36.078+0000] {processor.py:175} INFO - Processing /home/airflow/.local/lib/python3.7/site-packages/airflow/example_dags/example_task_group_decorator.py took 0.039 seconds
[2026-02-13T22:09:06.690+0000] {processor.py:153} INFO - Started process (PID=484) to work on /home/airflow/.local/lib/python3.7/site-packages/airflow/example_dags/example_task_group_decorator.py
[2026-02-13T22:09:06.691+0000] {processor.py:743} INFO - Processing file /home/airflow/.local/lib/python3.7/site-packages/airflow/example_dags/example_task_group_decorator.py for tasks to queue
[2026-02-13T22:09:06.692+0000] {logging_mixin.py:137} INFO - [2026-02-13T22:09:06.692+0000] {dagbag.py:538} INFO - Filling up the DagBag from /home/airflow/.local/lib/python3.7/site-packages/airflow/example_dags/example_task_group_decorator.py
[2026-02-13T22:09:06.704+0000] {processor.py:753} INFO - DAG(s) dict_keys(['example_task_group_decorator']) retrieved from /home/airflow/.local/lib/python3.7/site-packages/airflow/example_dags/example_task_group_decorator.py
[2026-02-13T22:09:06.720+0000] {logging_mixin.py:137} INFO - [2026-02-13T22:09:06.720+0000] {dag.py:2690} INFO - Sync 1 DAGs
[2026-02-13T22:09:06.729+0000] {logging_mixin.py:137} INFO - [2026-02-13T22:09:06.729+0000] {dag.py:3441} INFO - Setting next_dagrun for example_task_group_decorator to 2026-02-12T22:09:06.729815+00:00, run_after=2026-02-13T22:09:06.729815+00:00
[2026-02-13T22:09:06.739+0000] {processor.py:175} INFO - Processing /home/airflow/.local/lib/python3.7/site-packages/airflow/example_dags/example_task_group_decorator.py took 0.050 seconds
[2026-02-13T22:09:37.284+0000] {processor.py:153} INFO - Started process (PID=572) to work on /home/airflow/.local/lib/python3.7/site-packages/airflow/example_dags/example_task_group_decorator.py
[2026-02-13T22:09:37.284+0000] {processor.py:743} INFO - Processing file /home/airflow/.local/lib/python3.7/site-packages/airflow/example_dags/example_task_group_decorator.py for tasks to queue
[2026-02-13T22:09:37.284+0000] {logging_mixin.py:137} INFO - [2026-02-13T22:09:37.284+0000] {dagbag.py:538} INFO - Filling up the DagBag from /home/airflow/.local/lib/python3.7/site-packages/airflow/example_dags/example_task_group_decorator.py
[2026-02-13T22:09:37.295+0000] {processor.py:753} INFO - DAG(s) dict_keys(['example_task_group_decorator']) retrieved from /home/airflow/.local/lib/python3.7/site-packages/airflow/example_dags/example_task_group_decorator.py
[2026-02-13T22:09:37.306+0000] {logging_mixin.py:137} INFO - [2026-02-13T22:09:37.305+0000] {dag.py:2690} INFO - Sync 1 DAGs
[2026-02-13T22:09:37.314+0000] {logging_mixin.py:137} INFO - [2026-02-13T22:09:37.314+0000] {dag.py:3441} INFO - Setting next_dagrun for example_task_group_decorator to 2026-02-12T22:09:37.314717+00:00, run_after=2026-02-13T22:09:37.314717+00:00
[2026-02-13T22:09:37.321+0000] {processor.py:175} INFO - Processing /home/airflow/.local/lib/python3.7/site-packages/airflow/example_dags/example_task_group_decorator.py took 0.039 seconds
[2026-02-13T22:10:07.907+0000] {processor.py:153} INFO - Started process (PID=645) to work on /home/airflow/.local/lib/python3.7/site-packages/airflow/example_dags/example_task_group_decorator.py
[2026-02-13T22:10:07.908+0000] {processor.py:743} INFO - Processing file /home/airflow/.local/lib/python3.7/site-packages/airflow/example_dags/example_task_group_decorator.py for tasks to queue
[2026-02-13T22:10:07.908+0000] {logging_mixin.py:137} INFO - [2026-02-13T22:10:07.908+0000] {dagbag.py:538} INFO - Filling up the DagBag from /home/airflow/.local/lib/python3.7/site-packages/airflow/example_dags/example_task_group_decorator.py
[2026-02-13T22:10:07.921+0000] {processor.py:753} INFO - DAG(s) dict_keys(['example_task_group_decorator']) retrieved from /home/airflow/.local/lib/python3.7/site-packages/airflow/example_dags/example_task_group_decorator.py
[2026-02-13T22:10:07.934+0000] {logging_mixin.py:137} INFO - [2026-02-13T22:10:07.934+0000] {dag.py:2690} INFO - Sync 1 DAGs
[2026-02-13T22:10:07.945+0000] {logging_mixin.py:137} INFO - [2026-02-13T22:10:07.945+0000] {dag.py:3441} INFO - Setting next_dagrun for example_task_group_decorator to 2026-02-12T22:10:07.945081+00:00, run_after=2026-02-13T22:10:07.945081+00:00
[2026-02-13T22:10:07.958+0000] {processor.py:175} INFO - Processing /home/airflow/.local/lib/python3.7/site-packages/airflow/example_dags/example_task_group_decorator.py took 0.053 seconds
[2026-02-13T22:10:38.524+0000] {processor.py:153} INFO - Started process (PID=733) to work on /home/airflow/.local/lib/python3.7/site-packages/airflow/example_dags/example_task_group_decorator.py
[2026-02-13T22:10:38.525+0000] {processor.py:743} INFO - Processing file /home/airflow/.local/lib/python3.7/site-packages/airflow/example_dags/example_task_group_decorator.py for tasks to queue
[2026-02-13T22:10:38.526+0000] {logging_mixin.py:137} INFO - [2026-02-13T22:10:38.526+0000] {dagbag.py:538} INFO - Filling up the DagBag from /home/airflow/.local/lib/python3.7/site-packages/airflow/example_dags/example_task_group_decorator.py
[2026-02-13T22:10:38.538+0000] {processor.py:753} INFO - DAG(s) dict_keys(['example_task_group_decorator']) retrieved from /home/airflow/.local/lib/python3.7/site-packages/airflow/example_dags/example_task_group_decorator.py
[2026-02-13T22:10:38.555+0000] {logging_mixin.py:137} INFO - [2026-02-13T22:10:38.555+0000] {dag.py:2690} INFO - Sync 1 DAGs
[2026-02-13T22:10:38.567+0000] {logging_mixin.py:137} INFO - [2026-02-13T22:10:38.566+0000] {dag.py:3441} INFO - Setting next_dagrun for example_task_group_decorator to 2026-02-12T22:10:38.566887+00:00, run_after=2026-02-13T22:10:38.566887+00:00
[2026-02-13T22:10:38.574+0000] {processor.py:175} INFO - Processing /home/airflow/.local/lib/python3.7/site-packages/airflow/example_dags/example_task_group_decorator.py took 0.051 seconds
[2026-02-13T22:11:09.084+0000] {processor.py:153} INFO - Started process (PID=822) to work on /home/airflow/.local/lib/python3.7/site-packages/airflow/example_dags/example_task_group_decorator.py
[2026-02-13T22:11:09.085+0000] {processor.py:743} INFO - Processing file /home/airflow/.local/lib/python3.7/site-packages/airflow/example_dags/example_task_group_decorator.py for tasks to queue
[2026-02-13T22:11:09.086+0000] {logging_mixin.py:137} INFO - [2026-02-13T22:11:09.086+0000] {dagbag.py:538} INFO - Filling up the DagBag from /home/airflow/.local/lib/python3.7/site-packages/airflow/example_dags/example_task_group_decorator.py
[2026-02-13T22:11:09.098+0000] {processor.py:753} INFO - DAG(s) dict_keys(['example_task_group_decorator']) retrieved from /home/airflow/.local/lib/python3.7/site-packages/airflow/example_dags/example_task_group_decorator.py
[2026-02-13T22:11:09.112+0000] {logging_mixin.py:137} INFO - [2026-02-13T22:11:09.112+0000] {dag.py:2690} INFO - Sync 1 DAGs
[2026-02-13T22:11:09.126+0000] {logging_mixin.py:137} INFO - [2026-02-13T22:11:09.126+0000] {dag.py:3441} INFO - Setting next_dagrun for example_task_group_decorator to 2026-02-12T22:11:09.126423+00:00, run_after=2026-02-13T22:11:09.126423+00:00
[2026-02-13T22:11:09.137+0000] {processor.py:175} INFO - Processing /home/airflow/.local/lib/python3.7/site-packages/airflow/example_dags/example_task_group_decorator.py took 0.054 seconds
[2026-02-13T22:11:39.701+0000] {processor.py:153} INFO - Started process (PID=910) to work on /home/airflow/.local/lib/python3.7/site-packages/airflow/example_dags/example_task_group_decorator.py
[2026-02-13T22:11:39.702+0000] {processor.py:743} INFO - Processing file /home/airflow/.local/lib/python3.7/site-packages/airflow/example_dags/example_task_group_decorator.py for tasks to queue
[2026-02-13T22:11:39.703+0000] {logging_mixin.py:137} INFO - [2026-02-13T22:11:39.703+0000] {dagbag.py:538} INFO - Filling up the DagBag from /home/airflow/.local/lib/python3.7/site-packages/airflow/example_dags/example_task_group_decorator.py
[2026-02-13T22:11:39.718+0000] {processor.py:753} INFO - DAG(s) dict_keys(['example_task_group_decorator']) retrieved from /home/airflow/.local/lib/python3.7/site-packages/airflow/example_dags/example_task_group_decorator.py
[2026-02-13T22:11:39.733+0000] {logging_mixin.py:137} INFO - [2026-02-13T22:11:39.733+0000] {dag.py:2690} INFO - Sync 1 DAGs
[2026-02-13T22:11:39.744+0000] {logging_mixin.py:137} INFO - [2026-02-13T22:11:39.744+0000] {dag.py:3441} INFO - Setting next_dagrun for example_task_group_decorator to 2026-02-12T22:11:39.744064+00:00, run_after=2026-02-13T22:11:39.744064+00:00
[2026-02-13T22:11:39.756+0000] {processor.py:175} INFO - Processing /home/airflow/.local/lib/python3.7/site-packages/airflow/example_dags/example_task_group_decorator.py took 0.057 seconds
[2026-02-13T22:12:10.259+0000] {processor.py:153} INFO - Started process (PID=983) to work on /home/airflow/.local/lib/python3.7/site-packages/airflow/example_dags/example_task_group_decorator.py
[2026-02-13T22:12:10.261+0000] {processor.py:743} INFO - Processing file /home/airflow/.local/lib/python3.7/site-packages/airflow/example_dags/example_task_group_decorator.py for tasks to queue
[2026-02-13T22:12:10.261+0000] {logging_mixin.py:137} INFO - [2026-02-13T22:12:10.261+0000] {dagbag.py:538} INFO - Filling up the DagBag from /home/airflow/.local/lib/python3.7/site-packages/airflow/example_dags/example_task_group_decorator.py
[2026-02-13T22:12:10.274+0000] {processor.py:753} INFO - DAG(s) dict_keys(['example_task_group_decorator']) retrieved from /home/airflow/.local/lib/python3.7/site-packages/airflow/example_dags/example_task_group_decorator.py
[2026-02-13T22:12:10.288+0000] {logging_mixin.py:137} INFO - [2026-02-13T22:12:10.288+0000] {dag.py:2690} INFO - Sync 1 DAGs
[2026-02-13T22:12:10.297+0000] {logging_mixin.py:137} INFO - [2026-02-13T22:12:10.297+0000] {dag.py:3441} INFO - Setting next_dagrun for example_task_group_decorator to 2026-02-12T22:12:10.297461+00:00, run_after=2026-02-13T22:12:10.297461+00:00
[2026-02-13T22:12:10.310+0000] {processor.py:175} INFO - Processing /home/airflow/.local/lib/python3.7/site-packages/airflow/example_dags/example_task_group_decorator.py took 0.052 seconds
[2026-02-13T22:12:40.923+0000] {processor.py:153} INFO - Started process (PID=1072) to work on /home/airflow/.local/lib/python3.7/site-packages/airflow/example_dags/example_task_group_decorator.py
[2026-02-13T22:12:40.924+0000] {processor.py:743} INFO - Processing file /home/airflow/.local/lib/python3.7/site-packages/airflow/example_dags/example_task_group_decorator.py for tasks to queue
[2026-02-13T22:12:40.924+0000] {logging_mixin.py:137} INFO - [2026-02-13T22:12:40.924+0000] {dagbag.py:538} INFO - Filling up the DagBag from /home/airflow/.local/lib/python3.7/site-packages/airflow/example_dags/example_task_group_decorator.py
[2026-02-13T22:12:40.938+0000] {processor.py:753} INFO - DAG(s) dict_keys(['example_task_group_decorator']) retrieved from /home/airflow/.local/lib/python3.7/site-packages/airflow/example_dags/example_task_group_decorator.py
[2026-02-13T22:12:40.952+0000] {logging_mixin.py:137} INFO - [2026-02-13T22:12:40.952+0000] {dag.py:2690} INFO - Sync 1 DAGs
[2026-02-13T22:12:40.965+0000] {logging_mixin.py:137} INFO - [2026-02-13T22:12:40.965+0000] {dag.py:3441} INFO - Setting next_dagrun for example_task_group_decorator to 2026-02-12T22:12:40.965242+00:00, run_after=2026-02-13T22:12:40.965242+00:00
[2026-02-13T22:12:40.976+0000] {processor.py:175} INFO - Processing /home/airflow/.local/lib/python3.7/site-packages/airflow/example_dags/example_task_group_decorator.py took 0.054 seconds
[2026-02-13T22:20:57.294+0000] {processor.py:153} INFO - Started process (PID=94) to work on /home/airflow/.local/lib/python3.7/site-packages/airflow/example_dags/example_task_group_decorator.py
[2026-02-13T22:20:57.295+0000] {processor.py:743} INFO - Processing file /home/airflow/.local/lib/python3.7/site-packages/airflow/example_dags/example_task_group_decorator.py for tasks to queue
[2026-02-13T22:20:57.296+0000] {logging_mixin.py:137} INFO - [2026-02-13T22:20:57.296+0000] {dagbag.py:538} INFO - Filling up the DagBag from /home/airflow/.local/lib/python3.7/site-packages/airflow/example_dags/example_task_group_decorator.py
[2026-02-13T22:20:57.317+0000] {processor.py:753} INFO - DAG(s) dict_keys(['example_task_group_decorator']) retrieved from /home/airflow/.local/lib/python3.7/site-packages/airflow/example_dags/example_task_group_decorator.py
[2026-02-13T22:20:57.325+0000] {logging_mixin.py:137} INFO - [2026-02-13T22:20:57.325+0000] {dag.py:2690} INFO - Sync 1 DAGs
[2026-02-13T22:20:57.344+0000] {logging_mixin.py:137} INFO - [2026-02-13T22:20:57.344+0000] {dag.py:3441} INFO - Setting next_dagrun for example_task_group_decorator to 2026-02-12T22:20:57.344767+00:00, run_after=2026-02-13T22:20:57.344767+00:00
[2026-02-13T22:20:57.359+0000] {processor.py:175} INFO - Processing /home/airflow/.local/lib/python3.7/site-packages/airflow/example_dags/example_task_group_decorator.py took 0.066 seconds
[2026-02-13T22:21:28.016+0000] {processor.py:153} INFO - Started process (PID=167) to work on /home/airflow/.local/lib/python3.7/site-packages/airflow/example_dags/example_task_group_decorator.py
[2026-02-13T22:21:28.018+0000] {processor.py:743} INFO - Processing file /home/airflow/.local/lib/python3.7/site-packages/airflow/example_dags/example_task_group_decorator.py for tasks to queue
[2026-02-13T22:21:28.020+0000] {logging_mixin.py:137} INFO - [2026-02-13T22:21:28.020+0000] {dagbag.py:538} INFO - Filling up the DagBag from /home/airflow/.local/lib/python3.7/site-packages/airflow/example_dags/example_task_group_decorator.py
[2026-02-13T22:21:28.042+0000] {processor.py:753} INFO - DAG(s) dict_keys(['example_task_group_decorator']) retrieved from /home/airflow/.local/lib/python3.7/site-packages/airflow/example_dags/example_task_group_decorator.py
[2026-02-13T22:21:28.056+0000] {logging_mixin.py:137} INFO - [2026-02-13T22:21:28.056+0000] {dag.py:2690} INFO - Sync 1 DAGs
[2026-02-13T22:21:28.068+0000] {logging_mixin.py:137} INFO - [2026-02-13T22:21:28.068+0000] {dag.py:3441} INFO - Setting next_dagrun for example_task_group_decorator to 2026-02-12T22:21:28.068425+00:00, run_after=2026-02-13T22:21:28.068425+00:00
[2026-02-13T22:21:28.089+0000] {processor.py:175} INFO - Processing /home/airflow/.local/lib/python3.7/site-packages/airflow/example_dags/example_task_group_decorator.py took 0.075 seconds
[2026-02-13T22:21:58.952+0000] {processor.py:153} INFO - Started process (PID=257) to work on /home/airflow/.local/lib/python3.7/site-packages/airflow/example_dags/example_task_group_decorator.py
[2026-02-13T22:21:58.955+0000] {processor.py:743} INFO - Processing file /home/airflow/.local/lib/python3.7/site-packages/airflow/example_dags/example_task_group_decorator.py for tasks to queue
[2026-02-13T22:21:58.956+0000] {logging_mixin.py:137} INFO - [2026-02-13T22:21:58.956+0000] {dagbag.py:538} INFO - Filling up the DagBag from /home/airflow/.local/lib/python3.7/site-packages/airflow/example_dags/example_task_group_decorator.py
[2026-02-13T22:21:58.973+0000] {processor.py:753} INFO - DAG(s) dict_keys(['example_task_group_decorator']) retrieved from /home/airflow/.local/lib/python3.7/site-packages/airflow/example_dags/example_task_group_decorator.py
[2026-02-13T22:21:59.003+0000] {logging_mixin.py:137} INFO - [2026-02-13T22:21:59.003+0000] {dag.py:2690} INFO - Sync 1 DAGs
[2026-02-13T22:21:59.024+0000] {logging_mixin.py:137} INFO - [2026-02-13T22:21:59.024+0000] {dag.py:3441} INFO - Setting next_dagrun for example_task_group_decorator to 2026-02-12T22:21:59.024526+00:00, run_after=2026-02-13T22:21:59.024526+00:00
[2026-02-13T22:21:59.053+0000] {processor.py:175} INFO - Processing /home/airflow/.local/lib/python3.7/site-packages/airflow/example_dags/example_task_group_decorator.py took 0.102 seconds
[2026-02-13T22:22:29.683+0000] {processor.py:153} INFO - Started process (PID=347) to work on /home/airflow/.local/lib/python3.7/site-packages/airflow/example_dags/example_task_group_decorator.py
[2026-02-13T22:22:29.683+0000] {processor.py:743} INFO - Processing file /home/airflow/.local/lib/python3.7/site-packages/airflow/example_dags/example_task_group_decorator.py for tasks to queue
[2026-02-13T22:22:29.683+0000] {logging_mixin.py:137} INFO - [2026-02-13T22:22:29.683+0000] {dagbag.py:538} INFO - Filling up the DagBag from /home/airflow/.local/lib/python3.7/site-packages/airflow/example_dags/example_task_group_decorator.py
[2026-02-13T22:22:29.697+0000] {processor.py:753} INFO - DAG(s) dict_keys(['example_task_group_decorator']) retrieved from /home/airflow/.local/lib/python3.7/site-packages/airflow/example_dags/example_task_group_decorator.py
[2026-02-13T22:22:29.707+0000] {logging_mixin.py:137} INFO - [2026-02-13T22:22:29.707+0000] {dag.py:2690} INFO - Sync 1 DAGs
[2026-02-13T22:22:29.721+0000] {logging_mixin.py:137} INFO - [2026-02-13T22:22:29.721+0000] {dag.py:3441} INFO - Setting next_dagrun for example_task_group_decorator to 2026-02-12T22:22:29.721461+00:00, run_after=2026-02-13T22:22:29.721461+00:00
[2026-02-13T22:22:29.730+0000] {processor.py:175} INFO - Processing /home/airflow/.local/lib/python3.7/site-packages/airflow/example_dags/example_task_group_decorator.py took 0.049 seconds
[2026-02-13T22:23:00.342+0000] {processor.py:153} INFO - Started process (PID=436) to work on /home/airflow/.local/lib/python3.7/site-packages/airflow/example_dags/example_task_group_decorator.py
[2026-02-13T22:23:00.343+0000] {processor.py:743} INFO - Processing file /home/airflow/.local/lib/python3.7/site-packages/airflow/example_dags/example_task_group_decorator.py for tasks to queue
[2026-02-13T22:23:00.344+0000] {logging_mixin.py:137} INFO - [2026-02-13T22:23:00.344+0000] {dagbag.py:538} INFO - Filling up the DagBag from /home/airflow/.local/lib/python3.7/site-packages/airflow/example_dags/example_task_group_decorator.py
[2026-02-13T22:23:00.357+0000] {processor.py:753} INFO - DAG(s) dict_keys(['example_task_group_decorator']) retrieved from /home/airflow/.local/lib/python3.7/site-packages/airflow/example_dags/example_task_group_decorator.py
[2026-02-13T22:23:00.370+0000] {logging_mixin.py:137} INFO - [2026-02-13T22:23:00.370+0000] {dag.py:2690} INFO - Sync 1 DAGs
[2026-02-13T22:23:00.383+0000] {logging_mixin.py:137} INFO - [2026-02-13T22:23:00.383+0000] {dag.py:3441} INFO - Setting next_dagrun for example_task_group_decorator to 2026-02-12T22:23:00.383689+00:00, run_after=2026-02-13T22:23:00.383689+00:00
[2026-02-13T22:23:00.396+0000] {processor.py:175} INFO - Processing /home/airflow/.local/lib/python3.7/site-packages/airflow/example_dags/example_task_group_decorator.py took 0.055 seconds
[2026-02-13T22:23:31.043+0000] {processor.py:153} INFO - Started process (PID=509) to work on /home/airflow/.local/lib/python3.7/site-packages/airflow/example_dags/example_task_group_decorator.py
[2026-02-13T22:23:31.044+0000] {processor.py:743} INFO - Processing file /home/airflow/.local/lib/python3.7/site-packages/airflow/example_dags/example_task_group_decorator.py for tasks to queue
[2026-02-13T22:23:31.045+0000] {logging_mixin.py:137} INFO - [2026-02-13T22:23:31.045+0000] {dagbag.py:538} INFO - Filling up the DagBag from /home/airflow/.local/lib/python3.7/site-packages/airflow/example_dags/example_task_group_decorator.py
[2026-02-13T22:23:31.059+0000] {processor.py:753} INFO - DAG(s) dict_keys(['example_task_group_decorator']) retrieved from /home/airflow/.local/lib/python3.7/site-packages/airflow/example_dags/example_task_group_decorator.py
[2026-02-13T22:23:31.077+0000] {logging_mixin.py:137} INFO - [2026-02-13T22:23:31.077+0000] {dag.py:2690} INFO - Sync 1 DAGs
[2026-02-13T22:23:31.088+0000] {logging_mixin.py:137} INFO - [2026-02-13T22:23:31.088+0000] {dag.py:3441} INFO - Setting next_dagrun for example_task_group_decorator to 2026-02-12T22:23:31.088079+00:00, run_after=2026-02-13T22:23:31.088079+00:00
[2026-02-13T22:23:31.102+0000] {processor.py:175} INFO - Processing /home/airflow/.local/lib/python3.7/site-packages/airflow/example_dags/example_task_group_decorator.py took 0.061 seconds
[2026-02-13T22:24:01.704+0000] {processor.py:153} INFO - Started process (PID=597) to work on /home/airflow/.local/lib/python3.7/site-packages/airflow/example_dags/example_task_group_decorator.py
[2026-02-13T22:24:01.704+0000] {processor.py:743} INFO - Processing file /home/airflow/.local/lib/python3.7/site-packages/airflow/example_dags/example_task_group_decorator.py for tasks to queue
[2026-02-13T22:24:01.706+0000] {logging_mixin.py:137} INFO - [2026-02-13T22:24:01.706+0000] {dagbag.py:538} INFO - Filling up the DagBag from /home/airflow/.local/lib/python3.7/site-packages/airflow/example_dags/example_task_group_decorator.py
[2026-02-13T22:24:01.719+0000] {processor.py:753} INFO - DAG(s) dict_keys(['example_task_group_decorator']) retrieved from /home/airflow/.local/lib/python3.7/site-packages/airflow/example_dags/example_task_group_decorator.py
[2026-02-13T22:24:01.734+0000] {logging_mixin.py:137} INFO - [2026-02-13T22:24:01.733+0000] {dag.py:2690} INFO - Sync 1 DAGs
[2026-02-13T22:24:01.748+0000] {logging_mixin.py:137} INFO - [2026-02-13T22:24:01.748+0000] {dag.py:3441} INFO - Setting next_dagrun for example_task_group_decorator to 2026-02-12T22:24:01.748532+00:00, run_after=2026-02-13T22:24:01.748532+00:00
[2026-02-13T22:24:01.761+0000] {processor.py:175} INFO - Processing /home/airflow/.local/lib/python3.7/site-packages/airflow/example_dags/example_task_group_decorator.py took 0.059 seconds
[2026-02-13T22:24:32.496+0000] {processor.py:153} INFO - Started process (PID=686) to work on /home/airflow/.local/lib/python3.7/site-packages/airflow/example_dags/example_task_group_decorator.py
[2026-02-13T22:24:32.497+0000] {processor.py:743} INFO - Processing file /home/airflow/.local/lib/python3.7/site-packages/airflow/example_dags/example_task_group_decorator.py for tasks to queue
[2026-02-13T22:24:32.498+0000] {logging_mixin.py:137} INFO - [2026-02-13T22:24:32.498+0000] {dagbag.py:538} INFO - Filling up the DagBag from /home/airflow/.local/lib/python3.7/site-packages/airflow/example_dags/example_task_group_decorator.py
[2026-02-13T22:24:32.513+0000] {processor.py:753} INFO - DAG(s) dict_keys(['example_task_group_decorator']) retrieved from /home/airflow/.local/lib/python3.7/site-packages/airflow/example_dags/example_task_group_decorator.py
[2026-02-13T22:24:32.531+0000] {logging_mixin.py:137} INFO - [2026-02-13T22:24:32.531+0000] {dag.py:2690} INFO - Sync 1 DAGs
[2026-02-13T22:24:32.545+0000] {logging_mixin.py:137} INFO - [2026-02-13T22:24:32.545+0000] {dag.py:3441} INFO - Setting next_dagrun for example_task_group_decorator to 2026-02-12T22:24:32.545191+00:00, run_after=2026-02-13T22:24:32.545191+00:00
[2026-02-13T22:24:32.558+0000] {processor.py:175} INFO - Processing /home/airflow/.local/lib/python3.7/site-packages/airflow/example_dags/example_task_group_decorator.py took 0.065 seconds
[2026-02-13T22:25:03.104+0000] {processor.py:153} INFO - Started process (PID=775) to work on /home/airflow/.local/lib/python3.7/site-packages/airflow/example_dags/example_task_group_decorator.py
[2026-02-13T22:25:03.104+0000] {processor.py:743} INFO - Processing file /home/airflow/.local/lib/python3.7/site-packages/airflow/example_dags/example_task_group_decorator.py for tasks to queue
[2026-02-13T22:25:03.105+0000] {logging_mixin.py:137} INFO - [2026-02-13T22:25:03.105+0000] {dagbag.py:538} INFO - Filling up the DagBag from /home/airflow/.local/lib/python3.7/site-packages/airflow/example_dags/example_task_group_decorator.py
[2026-02-13T22:25:03.121+0000] {processor.py:753} INFO - DAG(s) dict_keys(['example_task_group_decorator']) retrieved from /home/airflow/.local/lib/python3.7/site-packages/airflow/example_dags/example_task_group_decorator.py
[2026-02-13T22:25:03.141+0000] {logging_mixin.py:137} INFO - [2026-02-13T22:25:03.141+0000] {dag.py:2690} INFO - Sync 1 DAGs
[2026-02-13T22:25:03.154+0000] {logging_mixin.py:137} INFO - [2026-02-13T22:25:03.154+0000] {dag.py:3441} INFO - Setting next_dagrun for example_task_group_decorator to 2026-02-12T22:25:03.154620+00:00, run_after=2026-02-13T22:25:03.154620+00:00
[2026-02-13T22:25:03.163+0000] {processor.py:175} INFO - Processing /home/airflow/.local/lib/python3.7/site-packages/airflow/example_dags/example_task_group_decorator.py took 0.061 seconds
[2026-02-13T22:25:33.766+0000] {processor.py:153} INFO - Started process (PID=864) to work on /home/airflow/.local/lib/python3.7/site-packages/airflow/example_dags/example_task_group_decorator.py
[2026-02-13T22:25:33.767+0000] {processor.py:743} INFO - Processing file /home/airflow/.local/lib/python3.7/site-packages/airflow/example_dags/example_task_group_decorator.py for tasks to queue
[2026-02-13T22:25:33.769+0000] {logging_mixin.py:137} INFO - [2026-02-13T22:25:33.769+0000] {dagbag.py:538} INFO - Filling up the DagBag from /home/airflow/.local/lib/python3.7/site-packages/airflow/example_dags/example_task_group_decorator.py
[2026-02-13T22:25:33.787+0000] {processor.py:753} INFO - DAG(s) dict_keys(['example_task_group_decorator']) retrieved from /home/airflow/.local/lib/python3.7/site-packages/airflow/example_dags/example_task_group_decorator.py
[2026-02-13T22:25:33.801+0000] {logging_mixin.py:137} INFO - [2026-02-13T22:25:33.801+0000] {dag.py:2690} INFO - Sync 1 DAGs
[2026-02-13T22:25:33.814+0000] {logging_mixin.py:137} INFO - [2026-02-13T22:25:33.814+0000] {dag.py:3441} INFO - Setting next_dagrun for example_task_group_decorator to 2026-02-12T22:25:33.814338+00:00, run_after=2026-02-13T22:25:33.814338+00:00
[2026-02-13T22:25:33.826+0000] {processor.py:175} INFO - Processing /home/airflow/.local/lib/python3.7/site-packages/airflow/example_dags/example_task_group_decorator.py took 0.061 seconds
[2026-02-13T22:26:04.407+0000] {processor.py:153} INFO - Started process (PID=937) to work on /home/airflow/.local/lib/python3.7/site-packages/airflow/example_dags/example_task_group_decorator.py
[2026-02-13T22:26:04.408+0000] {processor.py:743} INFO - Processing file /home/airflow/.local/lib/python3.7/site-packages/airflow/example_dags/example_task_group_decorator.py for tasks to queue
[2026-02-13T22:26:04.408+0000] {logging_mixin.py:137} INFO - [2026-02-13T22:26:04.408+0000] {dagbag.py:538} INFO - Filling up the DagBag from /home/airflow/.local/lib/python3.7/site-packages/airflow/example_dags/example_task_group_decorator.py
[2026-02-13T22:26:04.421+0000] {processor.py:753} INFO - DAG(s) dict_keys(['example_task_group_decorator']) retrieved from /home/airflow/.local/lib/python3.7/site-packages/airflow/example_dags/example_task_group_decorator.py
[2026-02-13T22:26:04.435+0000] {logging_mixin.py:137} INFO - [2026-02-13T22:26:04.435+0000] {dag.py:2690} INFO - Sync 1 DAGs
[2026-02-13T22:26:04.447+0000] {logging_mixin.py:137} INFO - [2026-02-13T22:26:04.447+0000] {dag.py:3441} INFO - Setting next_dagrun for example_task_group_decorator to 2026-02-12T22:26:04.447094+00:00, run_after=2026-02-13T22:26:04.447094+00:00
[2026-02-13T22:26:04.455+0000] {processor.py:175} INFO - Processing /home/airflow/.local/lib/python3.7/site-packages/airflow/example_dags/example_task_group_decorator.py took 0.051 seconds
[2026-02-13T22:26:34.948+0000] {processor.py:153} INFO - Started process (PID=1026) to work on /home/airflow/.local/lib/python3.7/site-packages/airflow/example_dags/example_task_group_decorator.py
[2026-02-13T22:26:34.949+0000] {processor.py:743} INFO - Processing file /home/airflow/.local/lib/python3.7/site-packages/airflow/example_dags/example_task_group_decorator.py for tasks to queue
[2026-02-13T22:26:34.949+0000] {logging_mixin.py:137} INFO - [2026-02-13T22:26:34.949+0000] {dagbag.py:538} INFO - Filling up the DagBag from /home/airflow/.local/lib/python3.7/site-packages/airflow/example_dags/example_task_group_decorator.py
[2026-02-13T22:26:34.967+0000] {processor.py:753} INFO - DAG(s) dict_keys(['example_task_group_decorator']) retrieved from /home/airflow/.local/lib/python3.7/site-packages/airflow/example_dags/example_task_group_decorator.py
[2026-02-13T22:26:34.984+0000] {logging_mixin.py:137} INFO - [2026-02-13T22:26:34.984+0000] {dag.py:2690} INFO - Sync 1 DAGs
[2026-02-13T22:26:34.998+0000] {logging_mixin.py:137} INFO - [2026-02-13T22:26:34.998+0000] {dag.py:3441} INFO - Setting next_dagrun for example_task_group_decorator to 2026-02-12T22:26:34.998802+00:00, run_after=2026-02-13T22:26:34.998802+00:00
[2026-02-13T22:26:35.015+0000] {processor.py:175} INFO - Processing /home/airflow/.local/lib/python3.7/site-packages/airflow/example_dags/example_task_group_decorator.py took 0.068 seconds
[2026-02-13T22:27:05.771+0000] {processor.py:153} INFO - Started process (PID=1115) to work on /home/airflow/.local/lib/python3.7/site-packages/airflow/example_dags/example_task_group_decorator.py
[2026-02-13T22:27:05.771+0000] {processor.py:743} INFO - Processing file /home/airflow/.local/lib/python3.7/site-packages/airflow/example_dags/example_task_group_decorator.py for tasks to queue
[2026-02-13T22:27:05.771+0000] {logging_mixin.py:137} INFO - [2026-02-13T22:27:05.771+0000] {dagbag.py:538} INFO - Filling up the DagBag from /home/airflow/.local/lib/python3.7/site-packages/airflow/example_dags/example_task_group_decorator.py
[2026-02-13T22:27:05.783+0000] {processor.py:753} INFO - DAG(s) dict_keys(['example_task_group_decorator']) retrieved from /home/airflow/.local/lib/python3.7/site-packages/airflow/example_dags/example_task_group_decorator.py
[2026-02-13T22:27:05.796+0000] {logging_mixin.py:137} INFO - [2026-02-13T22:27:05.796+0000] {dag.py:2690} INFO - Sync 1 DAGs
[2026-02-13T22:27:05.809+0000] {logging_mixin.py:137} INFO - [2026-02-13T22:27:05.809+0000] {dag.py:3441} INFO - Setting next_dagrun for example_task_group_decorator to 2026-02-12T22:27:05.809106+00:00, run_after=2026-02-13T22:27:05.809106+00:00
[2026-02-13T22:27:05.819+0000] {processor.py:175} INFO - Processing /home/airflow/.local/lib/python3.7/site-packages/airflow/example_dags/example_task_group_decorator.py took 0.051 seconds
[2026-02-13T22:27:36.378+0000] {processor.py:153} INFO - Started process (PID=1204) to work on /home/airflow/.local/lib/python3.7/site-packages/airflow/example_dags/example_task_group_decorator.py
[2026-02-13T22:27:36.379+0000] {processor.py:743} INFO - Processing file /home/airflow/.local/lib/python3.7/site-packages/airflow/example_dags/example_task_group_decorator.py for tasks to queue
[2026-02-13T22:27:36.380+0000] {logging_mixin.py:137} INFO - [2026-02-13T22:27:36.380+0000] {dagbag.py:538} INFO - Filling up the DagBag from /home/airflow/.local/lib/python3.7/site-packages/airflow/example_dags/example_task_group_decorator.py
[2026-02-13T22:27:36.394+0000] {processor.py:753} INFO - DAG(s) dict_keys(['example_task_group_decorator']) retrieved from /home/airflow/.local/lib/python3.7/site-packages/airflow/example_dags/example_task_group_decorator.py
[2026-02-13T22:27:36.408+0000] {logging_mixin.py:137} INFO - [2026-02-13T22:27:36.408+0000] {dag.py:2690} INFO - Sync 1 DAGs
[2026-02-13T22:27:36.420+0000] {logging_mixin.py:137} INFO - [2026-02-13T22:27:36.420+0000] {dag.py:3441} INFO - Setting next_dagrun for example_task_group_decorator to 2026-02-12T22:27:36.420542+00:00, run_after=2026-02-13T22:27:36.420542+00:00
[2026-02-13T22:27:36.434+0000] {processor.py:175} INFO - Processing /home/airflow/.local/lib/python3.7/site-packages/airflow/example_dags/example_task_group_decorator.py took 0.059 seconds
[2026-02-13T22:28:07.146+0000] {processor.py:153} INFO - Started process (PID=1277) to work on /home/airflow/.local/lib/python3.7/site-packages/airflow/example_dags/example_task_group_decorator.py
[2026-02-13T22:28:07.147+0000] {processor.py:743} INFO - Processing file /home/airflow/.local/lib/python3.7/site-packages/airflow/example_dags/example_task_group_decorator.py for tasks to queue
[2026-02-13T22:28:07.148+0000] {logging_mixin.py:137} INFO - [2026-02-13T22:28:07.148+0000] {dagbag.py:538} INFO - Filling up the DagBag from /home/airflow/.local/lib/python3.7/site-packages/airflow/example_dags/example_task_group_decorator.py
[2026-02-13T22:28:07.167+0000] {processor.py:753} INFO - DAG(s) dict_keys(['example_task_group_decorator']) retrieved from /home/airflow/.local/lib/python3.7/site-packages/airflow/example_dags/example_task_group_decorator.py
[2026-02-13T22:28:07.179+0000] {logging_mixin.py:137} INFO - [2026-02-13T22:28:07.179+0000] {dag.py:2690} INFO - Sync 1 DAGs
[2026-02-13T22:28:07.191+0000] {logging_mixin.py:137} INFO - [2026-02-13T22:28:07.191+0000] {dag.py:3441} INFO - Setting next_dagrun for example_task_group_decorator to 2026-02-12T22:28:07.191541+00:00, run_after=2026-02-13T22:28:07.191541+00:00
[2026-02-13T22:28:07.206+0000] {processor.py:175} INFO - Processing /home/airflow/.local/lib/python3.7/site-packages/airflow/example_dags/example_task_group_decorator.py took 0.061 seconds
[2026-02-13T22:28:37.750+0000] {processor.py:153} INFO - Started process (PID=1366) to work on /home/airflow/.local/lib/python3.7/site-packages/airflow/example_dags/example_task_group_decorator.py
[2026-02-13T22:28:37.751+0000] {processor.py:743} INFO - Processing file /home/airflow/.local/lib/python3.7/site-packages/airflow/example_dags/example_task_group_decorator.py for tasks to queue
[2026-02-13T22:28:37.751+0000] {logging_mixin.py:137} INFO - [2026-02-13T22:28:37.751+0000] {dagbag.py:538} INFO - Filling up the DagBag from /home/airflow/.local/lib/python3.7/site-packages/airflow/example_dags/example_task_group_decorator.py
[2026-02-13T22:28:37.766+0000] {processor.py:753} INFO - DAG(s) dict_keys(['example_task_group_decorator']) retrieved from /home/airflow/.local/lib/python3.7/site-packages/airflow/example_dags/example_task_group_decorator.py
[2026-02-13T22:28:37.778+0000] {logging_mixin.py:137} INFO - [2026-02-13T22:28:37.778+0000] {dag.py:2690} INFO - Sync 1 DAGs
[2026-02-13T22:28:37.791+0000] {logging_mixin.py:137} INFO - [2026-02-13T22:28:37.791+0000] {dag.py:3441} INFO - Setting next_dagrun for example_task_group_decorator to 2026-02-12T22:28:37.791091+00:00, run_after=2026-02-13T22:28:37.791091+00:00
[2026-02-13T22:28:37.806+0000] {processor.py:175} INFO - Processing /home/airflow/.local/lib/python3.7/site-packages/airflow/example_dags/example_task_group_decorator.py took 0.057 seconds
[2026-02-13T22:29:08.331+0000] {processor.py:153} INFO - Started process (PID=1455) to work on /home/airflow/.local/lib/python3.7/site-packages/airflow/example_dags/example_task_group_decorator.py
[2026-02-13T22:29:08.334+0000] {processor.py:743} INFO - Processing file /home/airflow/.local/lib/python3.7/site-packages/airflow/example_dags/example_task_group_decorator.py for tasks to queue
[2026-02-13T22:29:08.335+0000] {logging_mixin.py:137} INFO - [2026-02-13T22:29:08.334+0000] {dagbag.py:538} INFO - Filling up the DagBag from /home/airflow/.local/lib/python3.7/site-packages/airflow/example_dags/example_task_group_decorator.py
[2026-02-13T22:29:08.345+0000] {processor.py:753} INFO - DAG(s) dict_keys(['example_task_group_decorator']) retrieved from /home/airflow/.local/lib/python3.7/site-packages/airflow/example_dags/example_task_group_decorator.py
[2026-02-13T22:29:08.359+0000] {logging_mixin.py:137} INFO - [2026-02-13T22:29:08.359+0000] {dag.py:2690} INFO - Sync 1 DAGs
[2026-02-13T22:29:08.370+0000] {logging_mixin.py:137} INFO - [2026-02-13T22:29:08.370+0000] {dag.py:3441} INFO - Setting next_dagrun for example_task_group_decorator to 2026-02-12T22:29:08.370259+00:00, run_after=2026-02-13T22:29:08.370259+00:00
[2026-02-13T22:29:08.383+0000] {processor.py:175} INFO - Processing /home/airflow/.local/lib/python3.7/site-packages/airflow/example_dags/example_task_group_decorator.py took 0.053 seconds
[2026-02-13T22:29:39.016+0000] {processor.py:153} INFO - Started process (PID=1544) to work on /home/airflow/.local/lib/python3.7/site-packages/airflow/example_dags/example_task_group_decorator.py
[2026-02-13T22:29:39.017+0000] {processor.py:743} INFO - Processing file /home/airflow/.local/lib/python3.7/site-packages/airflow/example_dags/example_task_group_decorator.py for tasks to queue
[2026-02-13T22:29:39.017+0000] {logging_mixin.py:137} INFO - [2026-02-13T22:29:39.017+0000] {dagbag.py:538} INFO - Filling up the DagBag from /home/airflow/.local/lib/python3.7/site-packages/airflow/example_dags/example_task_group_decorator.py
[2026-02-13T22:29:39.031+0000] {processor.py:753} INFO - DAG(s) dict_keys(['example_task_group_decorator']) retrieved from /home/airflow/.local/lib/python3.7/site-packages/airflow/example_dags/example_task_group_decorator.py
[2026-02-13T22:29:39.044+0000] {logging_mixin.py:137} INFO - [2026-02-13T22:29:39.044+0000] {dag.py:2690} INFO - Sync 1 DAGs
[2026-02-13T22:29:39.058+0000] {logging_mixin.py:137} INFO - [2026-02-13T22:29:39.058+0000] {dag.py:3441} INFO - Setting next_dagrun for example_task_group_decorator to 2026-02-12T22:29:39.058195+00:00, run_after=2026-02-13T22:29:39.058195+00:00
[2026-02-13T22:29:39.069+0000] {processor.py:175} INFO - Processing /home/airflow/.local/lib/python3.7/site-packages/airflow/example_dags/example_task_group_decorator.py took 0.054 seconds
[2026-02-13T22:30:09.658+0000] {processor.py:153} INFO - Started process (PID=1617) to work on /home/airflow/.local/lib/python3.7/site-packages/airflow/example_dags/example_task_group_decorator.py
[2026-02-13T22:30:09.659+0000] {processor.py:743} INFO - Processing file /home/airflow/.local/lib/python3.7/site-packages/airflow/example_dags/example_task_group_decorator.py for tasks to queue
[2026-02-13T22:30:09.660+0000] {logging_mixin.py:137} INFO - [2026-02-13T22:30:09.660+0000] {dagbag.py:538} INFO - Filling up the DagBag from /home/airflow/.local/lib/python3.7/site-packages/airflow/example_dags/example_task_group_decorator.py
[2026-02-13T22:30:09.673+0000] {processor.py:753} INFO - DAG(s) dict_keys(['example_task_group_decorator']) retrieved from /home/airflow/.local/lib/python3.7/site-packages/airflow/example_dags/example_task_group_decorator.py
[2026-02-13T22:30:09.686+0000] {logging_mixin.py:137} INFO - [2026-02-13T22:30:09.686+0000] {dag.py:2690} INFO - Sync 1 DAGs
[2026-02-13T22:30:09.697+0000] {logging_mixin.py:137} INFO - [2026-02-13T22:30:09.697+0000] {dag.py:3441} INFO - Setting next_dagrun for example_task_group_decorator to 2026-02-12T22:30:09.697562+00:00, run_after=2026-02-13T22:30:09.697562+00:00
[2026-02-13T22:30:09.707+0000] {processor.py:175} INFO - Processing /home/airflow/.local/lib/python3.7/site-packages/airflow/example_dags/example_task_group_decorator.py took 0.051 seconds
[2026-02-13T22:30:40.446+0000] {processor.py:153} INFO - Started process (PID=1706) to work on /home/airflow/.local/lib/python3.7/site-packages/airflow/example_dags/example_task_group_decorator.py
[2026-02-13T22:30:40.448+0000] {processor.py:743} INFO - Processing file /home/airflow/.local/lib/python3.7/site-packages/airflow/example_dags/example_task_group_decorator.py for tasks to queue
[2026-02-13T22:30:40.449+0000] {logging_mixin.py:137} INFO - [2026-02-13T22:30:40.449+0000] {dagbag.py:538} INFO - Filling up the DagBag from /home/airflow/.local/lib/python3.7/site-packages/airflow/example_dags/example_task_group_decorator.py
[2026-02-13T22:30:40.461+0000] {processor.py:753} INFO - DAG(s) dict_keys(['example_task_group_decorator']) retrieved from /home/airflow/.local/lib/python3.7/site-packages/airflow/example_dags/example_task_group_decorator.py
[2026-02-13T22:30:40.474+0000] {logging_mixin.py:137} INFO - [2026-02-13T22:30:40.474+0000] {dag.py:2690} INFO - Sync 1 DAGs
[2026-02-13T22:30:40.487+0000] {logging_mixin.py:137} INFO - [2026-02-13T22:30:40.487+0000] {dag.py:3441} INFO - Setting next_dagrun for example_task_group_decorator to 2026-02-12T22:30:40.487615+00:00, run_after=2026-02-13T22:30:40.487615+00:00
[2026-02-13T22:30:40.495+0000] {processor.py:175} INFO - Processing /home/airflow/.local/lib/python3.7/site-packages/airflow/example_dags/example_task_group_decorator.py took 0.051 seconds
[2026-02-13T22:31:11.038+0000] {processor.py:153} INFO - Started process (PID=1795) to work on /home/airflow/.local/lib/python3.7/site-packages/airflow/example_dags/example_task_group_decorator.py
[2026-02-13T22:31:11.039+0000] {processor.py:743} INFO - Processing file /home/airflow/.local/lib/python3.7/site-packages/airflow/example_dags/example_task_group_decorator.py for tasks to queue
[2026-02-13T22:31:11.039+0000] {logging_mixin.py:137} INFO - [2026-02-13T22:31:11.039+0000] {dagbag.py:538} INFO - Filling up the DagBag from /home/airflow/.local/lib/python3.7/site-packages/airflow/example_dags/example_task_group_decorator.py
[2026-02-13T22:31:11.051+0000] {processor.py:753} INFO - DAG(s) dict_keys(['example_task_group_decorator']) retrieved from /home/airflow/.local/lib/python3.7/site-packages/airflow/example_dags/example_task_group_decorator.py
[2026-02-13T22:31:11.062+0000] {logging_mixin.py:137} INFO - [2026-02-13T22:31:11.062+0000] {dag.py:2690} INFO - Sync 1 DAGs
[2026-02-13T22:31:11.074+0000] {logging_mixin.py:137} INFO - [2026-02-13T22:31:11.074+0000] {dag.py:3441} INFO - Setting next_dagrun for example_task_group_decorator to 2026-02-12T22:31:11.074069+00:00, run_after=2026-02-13T22:31:11.074069+00:00
[2026-02-13T22:31:11.081+0000] {processor.py:175} INFO - Processing /home/airflow/.local/lib/python3.7/site-packages/airflow/example_dags/example_task_group_decorator.py took 0.044 seconds
[2026-02-13T22:31:41.753+0000] {processor.py:153} INFO - Started process (PID=1884) to work on /home/airflow/.local/lib/python3.7/site-packages/airflow/example_dags/example_task_group_decorator.py
[2026-02-13T22:31:41.754+0000] {processor.py:743} INFO - Processing file /home/airflow/.local/lib/python3.7/site-packages/airflow/example_dags/example_task_group_decorator.py for tasks to queue
[2026-02-13T22:31:41.755+0000] {logging_mixin.py:137} INFO - [2026-02-13T22:31:41.755+0000] {dagbag.py:538} INFO - Filling up the DagBag from /home/airflow/.local/lib/python3.7/site-packages/airflow/example_dags/example_task_group_decorator.py
[2026-02-13T22:31:41.771+0000] {processor.py:753} INFO - DAG(s) dict_keys(['example_task_group_decorator']) retrieved from /home/airflow/.local/lib/python3.7/site-packages/airflow/example_dags/example_task_group_decorator.py
[2026-02-13T22:31:41.792+0000] {logging_mixin.py:137} INFO - [2026-02-13T22:31:41.791+0000] {dag.py:2690} INFO - Sync 1 DAGs
[2026-02-13T22:31:41.807+0000] {logging_mixin.py:137} INFO - [2026-02-13T22:31:41.807+0000] {dag.py:3441} INFO - Setting next_dagrun for example_task_group_decorator to 2026-02-12T22:31:41.807789+00:00, run_after=2026-02-13T22:31:41.807789+00:00
[2026-02-13T22:31:41.817+0000] {processor.py:175} INFO - Processing /home/airflow/.local/lib/python3.7/site-packages/airflow/example_dags/example_task_group_decorator.py took 0.068 seconds
[2026-02-13T22:32:12.598+0000] {processor.py:153} INFO - Started process (PID=1965) to work on /home/airflow/.local/lib/python3.7/site-packages/airflow/example_dags/example_task_group_decorator.py
[2026-02-13T22:32:12.599+0000] {processor.py:743} INFO - Processing file /home/airflow/.local/lib/python3.7/site-packages/airflow/example_dags/example_task_group_decorator.py for tasks to queue
[2026-02-13T22:32:12.600+0000] {logging_mixin.py:137} INFO - [2026-02-13T22:32:12.600+0000] {dagbag.py:538} INFO - Filling up the DagBag from /home/airflow/.local/lib/python3.7/site-packages/airflow/example_dags/example_task_group_decorator.py
[2026-02-13T22:32:12.615+0000] {processor.py:753} INFO - DAG(s) dict_keys(['example_task_group_decorator']) retrieved from /home/airflow/.local/lib/python3.7/site-packages/airflow/example_dags/example_task_group_decorator.py
[2026-02-13T22:32:12.638+0000] {logging_mixin.py:137} INFO - [2026-02-13T22:32:12.638+0000] {dag.py:2690} INFO - Sync 1 DAGs
[2026-02-13T22:32:12.651+0000] {logging_mixin.py:137} INFO - [2026-02-13T22:32:12.651+0000] {dag.py:3441} INFO - Setting next_dagrun for example_task_group_decorator to 2026-02-12T22:32:12.651800+00:00, run_after=2026-02-13T22:32:12.651800+00:00
[2026-02-13T22:32:12.670+0000] {processor.py:175} INFO - Processing /home/airflow/.local/lib/python3.7/site-packages/airflow/example_dags/example_task_group_decorator.py took 0.074 seconds
[2026-02-13T22:32:42.855+0000] {processor.py:153} INFO - Started process (PID=2045) to work on /home/airflow/.local/lib/python3.7/site-packages/airflow/example_dags/example_task_group_decorator.py
[2026-02-13T22:32:42.856+0000] {processor.py:743} INFO - Processing file /home/airflow/.local/lib/python3.7/site-packages/airflow/example_dags/example_task_group_decorator.py for tasks to queue
[2026-02-13T22:32:42.858+0000] {logging_mixin.py:137} INFO - [2026-02-13T22:32:42.858+0000] {dagbag.py:538} INFO - Filling up the DagBag from /home/airflow/.local/lib/python3.7/site-packages/airflow/example_dags/example_task_group_decorator.py
[2026-02-13T22:32:42.870+0000] {processor.py:753} INFO - DAG(s) dict_keys(['example_task_group_decorator']) retrieved from /home/airflow/.local/lib/python3.7/site-packages/airflow/example_dags/example_task_group_decorator.py
[2026-02-13T22:32:42.882+0000] {logging_mixin.py:137} INFO - [2026-02-13T22:32:42.882+0000] {dag.py:2690} INFO - Sync 1 DAGs
[2026-02-13T22:32:42.893+0000] {logging_mixin.py:137} INFO - [2026-02-13T22:32:42.893+0000] {dag.py:3441} INFO - Setting next_dagrun for example_task_group_decorator to 2026-02-12T22:32:42.893586+00:00, run_after=2026-02-13T22:32:42.893586+00:00
[2026-02-13T22:32:42.906+0000] {processor.py:175} INFO - Processing /home/airflow/.local/lib/python3.7/site-packages/airflow/example_dags/example_task_group_decorator.py took 0.052 seconds
[2026-02-13T22:34:04.323+0000] {processor.py:153} INFO - Started process (PID=96) to work on /home/airflow/.local/lib/python3.7/site-packages/airflow/example_dags/example_task_group_decorator.py
[2026-02-13T22:34:04.325+0000] {processor.py:743} INFO - Processing file /home/airflow/.local/lib/python3.7/site-packages/airflow/example_dags/example_task_group_decorator.py for tasks to queue
[2026-02-13T22:34:04.327+0000] {logging_mixin.py:137} INFO - [2026-02-13T22:34:04.326+0000] {dagbag.py:538} INFO - Filling up the DagBag from /home/airflow/.local/lib/python3.7/site-packages/airflow/example_dags/example_task_group_decorator.py
[2026-02-13T22:34:04.359+0000] {processor.py:753} INFO - DAG(s) dict_keys(['example_task_group_decorator']) retrieved from /home/airflow/.local/lib/python3.7/site-packages/airflow/example_dags/example_task_group_decorator.py
[2026-02-13T22:34:04.395+0000] {logging_mixin.py:137} INFO - [2026-02-13T22:34:04.394+0000] {dag.py:2690} INFO - Sync 1 DAGs
[2026-02-13T22:34:04.418+0000] {logging_mixin.py:137} INFO - [2026-02-13T22:34:04.418+0000] {dag.py:3441} INFO - Setting next_dagrun for example_task_group_decorator to 2026-02-12T22:34:04.418093+00:00, run_after=2026-02-13T22:34:04.418093+00:00
[2026-02-13T22:34:04.440+0000] {processor.py:175} INFO - Processing /home/airflow/.local/lib/python3.7/site-packages/airflow/example_dags/example_task_group_decorator.py took 0.120 seconds
[2026-02-13T22:34:35.356+0000] {processor.py:153} INFO - Started process (PID=187) to work on /home/airflow/.local/lib/python3.7/site-packages/airflow/example_dags/example_task_group_decorator.py
[2026-02-13T22:34:35.359+0000] {processor.py:743} INFO - Processing file /home/airflow/.local/lib/python3.7/site-packages/airflow/example_dags/example_task_group_decorator.py for tasks to queue
[2026-02-13T22:34:35.360+0000] {logging_mixin.py:137} INFO - [2026-02-13T22:34:35.360+0000] {dagbag.py:538} INFO - Filling up the DagBag from /home/airflow/.local/lib/python3.7/site-packages/airflow/example_dags/example_task_group_decorator.py
[2026-02-13T22:34:35.378+0000] {processor.py:753} INFO - DAG(s) dict_keys(['example_task_group_decorator']) retrieved from /home/airflow/.local/lib/python3.7/site-packages/airflow/example_dags/example_task_group_decorator.py
[2026-02-13T22:34:35.393+0000] {logging_mixin.py:137} INFO - [2026-02-13T22:34:35.392+0000] {dag.py:2690} INFO - Sync 1 DAGs
[2026-02-13T22:34:35.409+0000] {logging_mixin.py:137} INFO - [2026-02-13T22:34:35.409+0000] {dag.py:3441} INFO - Setting next_dagrun for example_task_group_decorator to 2026-02-12T22:34:35.408934+00:00, run_after=2026-02-13T22:34:35.408934+00:00
[2026-02-13T22:34:35.419+0000] {processor.py:175} INFO - Processing /home/airflow/.local/lib/python3.7/site-packages/airflow/example_dags/example_task_group_decorator.py took 0.065 seconds
[2026-02-13T22:35:06.361+0000] {processor.py:153} INFO - Started process (PID=262) to work on /home/airflow/.local/lib/python3.7/site-packages/airflow/example_dags/example_task_group_decorator.py
[2026-02-13T22:35:06.362+0000] {processor.py:743} INFO - Processing file /home/airflow/.local/lib/python3.7/site-packages/airflow/example_dags/example_task_group_decorator.py for tasks to queue
[2026-02-13T22:35:06.362+0000] {logging_mixin.py:137} INFO - [2026-02-13T22:35:06.362+0000] {dagbag.py:538} INFO - Filling up the DagBag from /home/airflow/.local/lib/python3.7/site-packages/airflow/example_dags/example_task_group_decorator.py
[2026-02-13T22:35:06.378+0000] {processor.py:753} INFO - DAG(s) dict_keys(['example_task_group_decorator']) retrieved from /home/airflow/.local/lib/python3.7/site-packages/airflow/example_dags/example_task_group_decorator.py
[2026-02-13T22:35:06.393+0000] {logging_mixin.py:137} INFO - [2026-02-13T22:35:06.393+0000] {dag.py:2690} INFO - Sync 1 DAGs
[2026-02-13T22:35:06.403+0000] {logging_mixin.py:137} INFO - [2026-02-13T22:35:06.403+0000] {dag.py:3441} INFO - Setting next_dagrun for example_task_group_decorator to 2026-02-12T22:35:06.403424+00:00, run_after=2026-02-13T22:35:06.403424+00:00
[2026-02-13T22:35:06.413+0000] {processor.py:175} INFO - Processing /home/airflow/.local/lib/python3.7/site-packages/airflow/example_dags/example_task_group_decorator.py took 0.053 seconds
[2026-02-13T22:35:37.153+0000] {processor.py:153} INFO - Started process (PID=354) to work on /home/airflow/.local/lib/python3.7/site-packages/airflow/example_dags/example_task_group_decorator.py
[2026-02-13T22:35:37.153+0000] {processor.py:743} INFO - Processing file /home/airflow/.local/lib/python3.7/site-packages/airflow/example_dags/example_task_group_decorator.py for tasks to queue
[2026-02-13T22:35:37.154+0000] {logging_mixin.py:137} INFO - [2026-02-13T22:35:37.154+0000] {dagbag.py:538} INFO - Filling up the DagBag from /home/airflow/.local/lib/python3.7/site-packages/airflow/example_dags/example_task_group_decorator.py
[2026-02-13T22:35:37.171+0000] {processor.py:753} INFO - DAG(s) dict_keys(['example_task_group_decorator']) retrieved from /home/airflow/.local/lib/python3.7/site-packages/airflow/example_dags/example_task_group_decorator.py
[2026-02-13T22:35:37.187+0000] {logging_mixin.py:137} INFO - [2026-02-13T22:35:37.187+0000] {dag.py:2690} INFO - Sync 1 DAGs
[2026-02-13T22:35:37.202+0000] {logging_mixin.py:137} INFO - [2026-02-13T22:35:37.201+0000] {dag.py:3441} INFO - Setting next_dagrun for example_task_group_decorator to 2026-02-12T22:35:37.201846+00:00, run_after=2026-02-13T22:35:37.201846+00:00
[2026-02-13T22:35:37.211+0000] {processor.py:175} INFO - Processing /home/airflow/.local/lib/python3.7/site-packages/airflow/example_dags/example_task_group_decorator.py took 0.060 seconds
[2026-02-13T22:36:08.098+0000] {processor.py:153} INFO - Started process (PID=445) to work on /home/airflow/.local/lib/python3.7/site-packages/airflow/example_dags/example_task_group_decorator.py
[2026-02-13T22:36:08.099+0000] {processor.py:743} INFO - Processing file /home/airflow/.local/lib/python3.7/site-packages/airflow/example_dags/example_task_group_decorator.py for tasks to queue
[2026-02-13T22:36:08.100+0000] {logging_mixin.py:137} INFO - [2026-02-13T22:36:08.100+0000] {dagbag.py:538} INFO - Filling up the DagBag from /home/airflow/.local/lib/python3.7/site-packages/airflow/example_dags/example_task_group_decorator.py
[2026-02-13T22:36:08.115+0000] {processor.py:753} INFO - DAG(s) dict_keys(['example_task_group_decorator']) retrieved from /home/airflow/.local/lib/python3.7/site-packages/airflow/example_dags/example_task_group_decorator.py
[2026-02-13T22:36:08.129+0000] {logging_mixin.py:137} INFO - [2026-02-13T22:36:08.129+0000] {dag.py:2690} INFO - Sync 1 DAGs
[2026-02-13T22:36:08.143+0000] {logging_mixin.py:137} INFO - [2026-02-13T22:36:08.143+0000] {dag.py:3441} INFO - Setting next_dagrun for example_task_group_decorator to 2026-02-12T22:36:08.143251+00:00, run_after=2026-02-13T22:36:08.143251+00:00
[2026-02-13T22:36:08.153+0000] {processor.py:175} INFO - Processing /home/airflow/.local/lib/python3.7/site-packages/airflow/example_dags/example_task_group_decorator.py took 0.056 seconds
[2026-02-13T22:36:38.894+0000] {processor.py:153} INFO - Started process (PID=537) to work on /home/airflow/.local/lib/python3.7/site-packages/airflow/example_dags/example_task_group_decorator.py
[2026-02-13T22:36:38.895+0000] {processor.py:743} INFO - Processing file /home/airflow/.local/lib/python3.7/site-packages/airflow/example_dags/example_task_group_decorator.py for tasks to queue
[2026-02-13T22:36:38.896+0000] {logging_mixin.py:137} INFO - [2026-02-13T22:36:38.896+0000] {dagbag.py:538} INFO - Filling up the DagBag from /home/airflow/.local/lib/python3.7/site-packages/airflow/example_dags/example_task_group_decorator.py
[2026-02-13T22:36:38.909+0000] {processor.py:753} INFO - DAG(s) dict_keys(['example_task_group_decorator']) retrieved from /home/airflow/.local/lib/python3.7/site-packages/airflow/example_dags/example_task_group_decorator.py
[2026-02-13T22:36:38.923+0000] {logging_mixin.py:137} INFO - [2026-02-13T22:36:38.923+0000] {dag.py:2690} INFO - Sync 1 DAGs
[2026-02-13T22:36:38.936+0000] {logging_mixin.py:137} INFO - [2026-02-13T22:36:38.936+0000] {dag.py:3441} INFO - Setting next_dagrun for example_task_group_decorator to 2026-02-12T22:36:38.936065+00:00, run_after=2026-02-13T22:36:38.936065+00:00
[2026-02-13T22:36:38.949+0000] {processor.py:175} INFO - Processing /home/airflow/.local/lib/python3.7/site-packages/airflow/example_dags/example_task_group_decorator.py took 0.056 seconds
