[2026-02-13T21:49:32.455+0000] {processor.py:153} INFO - Started process (PID=73) to work on /home/airflow/.local/lib/python3.7/site-packages/airflow/example_dags/example_sensors.py
[2026-02-13T21:49:32.456+0000] {processor.py:743} INFO - Processing file /home/airflow/.local/lib/python3.7/site-packages/airflow/example_dags/example_sensors.py for tasks to queue
[2026-02-13T21:49:32.457+0000] {logging_mixin.py:137} INFO - [2026-02-13T21:49:32.457+0000] {dagbag.py:538} INFO - Filling up the DagBag from /home/airflow/.local/lib/python3.7/site-packages/airflow/example_dags/example_sensors.py
[2026-02-13T21:49:32.470+0000] {processor.py:753} INFO - DAG(s) dict_keys(['example_sensors']) retrieved from /home/airflow/.local/lib/python3.7/site-packages/airflow/example_dags/example_sensors.py
[2026-02-13T21:49:32.479+0000] {logging_mixin.py:137} INFO - [2026-02-13T21:49:32.479+0000] {dag.py:2690} INFO - Sync 1 DAGs
[2026-02-13T21:49:32.500+0000] {logging_mixin.py:137} INFO - [2026-02-13T21:49:32.499+0000] {dag.py:3441} INFO - Setting next_dagrun for example_sensors to None, run_after=None
[2026-02-13T21:49:32.514+0000] {processor.py:175} INFO - Processing /home/airflow/.local/lib/python3.7/site-packages/airflow/example_dags/example_sensors.py took 0.063 seconds
[2026-02-13T21:50:02.976+0000] {processor.py:153} INFO - Started process (PID=161) to work on /home/airflow/.local/lib/python3.7/site-packages/airflow/example_dags/example_sensors.py
[2026-02-13T21:50:02.977+0000] {processor.py:743} INFO - Processing file /home/airflow/.local/lib/python3.7/site-packages/airflow/example_dags/example_sensors.py for tasks to queue
[2026-02-13T21:50:02.978+0000] {logging_mixin.py:137} INFO - [2026-02-13T21:50:02.978+0000] {dagbag.py:538} INFO - Filling up the DagBag from /home/airflow/.local/lib/python3.7/site-packages/airflow/example_dags/example_sensors.py
[2026-02-13T21:50:02.988+0000] {processor.py:753} INFO - DAG(s) dict_keys(['example_sensors']) retrieved from /home/airflow/.local/lib/python3.7/site-packages/airflow/example_dags/example_sensors.py
[2026-02-13T21:50:03.003+0000] {logging_mixin.py:137} INFO - [2026-02-13T21:50:03.003+0000] {dag.py:2690} INFO - Sync 1 DAGs
[2026-02-13T21:50:03.014+0000] {logging_mixin.py:137} INFO - [2026-02-13T21:50:03.014+0000] {dag.py:3441} INFO - Setting next_dagrun for example_sensors to None, run_after=None
[2026-02-13T21:50:03.027+0000] {processor.py:175} INFO - Processing /home/airflow/.local/lib/python3.7/site-packages/airflow/example_dags/example_sensors.py took 0.053 seconds
[2026-02-13T21:50:33.683+0000] {processor.py:153} INFO - Started process (PID=250) to work on /home/airflow/.local/lib/python3.7/site-packages/airflow/example_dags/example_sensors.py
[2026-02-13T21:50:33.684+0000] {processor.py:743} INFO - Processing file /home/airflow/.local/lib/python3.7/site-packages/airflow/example_dags/example_sensors.py for tasks to queue
[2026-02-13T21:50:33.686+0000] {logging_mixin.py:137} INFO - [2026-02-13T21:50:33.686+0000] {dagbag.py:538} INFO - Filling up the DagBag from /home/airflow/.local/lib/python3.7/site-packages/airflow/example_dags/example_sensors.py
[2026-02-13T21:50:33.695+0000] {processor.py:753} INFO - DAG(s) dict_keys(['example_sensors']) retrieved from /home/airflow/.local/lib/python3.7/site-packages/airflow/example_dags/example_sensors.py
[2026-02-13T21:50:33.713+0000] {logging_mixin.py:137} INFO - [2026-02-13T21:50:33.712+0000] {dag.py:2690} INFO - Sync 1 DAGs
[2026-02-13T21:50:33.726+0000] {logging_mixin.py:137} INFO - [2026-02-13T21:50:33.725+0000] {dag.py:3441} INFO - Setting next_dagrun for example_sensors to None, run_after=None
[2026-02-13T21:50:33.734+0000] {processor.py:175} INFO - Processing /home/airflow/.local/lib/python3.7/site-packages/airflow/example_dags/example_sensors.py took 0.052 seconds
[2026-02-13T21:51:04.109+0000] {processor.py:153} INFO - Started process (PID=322) to work on /home/airflow/.local/lib/python3.7/site-packages/airflow/example_dags/example_sensors.py
[2026-02-13T21:51:04.109+0000] {processor.py:743} INFO - Processing file /home/airflow/.local/lib/python3.7/site-packages/airflow/example_dags/example_sensors.py for tasks to queue
[2026-02-13T21:51:04.110+0000] {logging_mixin.py:137} INFO - [2026-02-13T21:51:04.110+0000] {dagbag.py:538} INFO - Filling up the DagBag from /home/airflow/.local/lib/python3.7/site-packages/airflow/example_dags/example_sensors.py
[2026-02-13T21:51:04.118+0000] {processor.py:753} INFO - DAG(s) dict_keys(['example_sensors']) retrieved from /home/airflow/.local/lib/python3.7/site-packages/airflow/example_dags/example_sensors.py
[2026-02-13T21:51:04.131+0000] {logging_mixin.py:137} INFO - [2026-02-13T21:51:04.131+0000] {dag.py:2690} INFO - Sync 1 DAGs
[2026-02-13T21:51:04.143+0000] {logging_mixin.py:137} INFO - [2026-02-13T21:51:04.143+0000] {dag.py:3441} INFO - Setting next_dagrun for example_sensors to None, run_after=None
[2026-02-13T21:51:04.154+0000] {processor.py:175} INFO - Processing /home/airflow/.local/lib/python3.7/site-packages/airflow/example_dags/example_sensors.py took 0.047 seconds
[2026-02-13T21:51:34.533+0000] {processor.py:153} INFO - Started process (PID=410) to work on /home/airflow/.local/lib/python3.7/site-packages/airflow/example_dags/example_sensors.py
[2026-02-13T21:51:34.534+0000] {processor.py:743} INFO - Processing file /home/airflow/.local/lib/python3.7/site-packages/airflow/example_dags/example_sensors.py for tasks to queue
[2026-02-13T21:51:34.534+0000] {logging_mixin.py:137} INFO - [2026-02-13T21:51:34.534+0000] {dagbag.py:538} INFO - Filling up the DagBag from /home/airflow/.local/lib/python3.7/site-packages/airflow/example_dags/example_sensors.py
[2026-02-13T21:51:34.543+0000] {processor.py:753} INFO - DAG(s) dict_keys(['example_sensors']) retrieved from /home/airflow/.local/lib/python3.7/site-packages/airflow/example_dags/example_sensors.py
[2026-02-13T21:51:34.560+0000] {logging_mixin.py:137} INFO - [2026-02-13T21:51:34.560+0000] {dag.py:2690} INFO - Sync 1 DAGs
[2026-02-13T21:51:34.571+0000] {logging_mixin.py:137} INFO - [2026-02-13T21:51:34.571+0000] {dag.py:3441} INFO - Setting next_dagrun for example_sensors to None, run_after=None
[2026-02-13T21:51:34.580+0000] {processor.py:175} INFO - Processing /home/airflow/.local/lib/python3.7/site-packages/airflow/example_dags/example_sensors.py took 0.048 seconds
[2026-02-13T21:52:04.964+0000] {processor.py:153} INFO - Started process (PID=498) to work on /home/airflow/.local/lib/python3.7/site-packages/airflow/example_dags/example_sensors.py
[2026-02-13T21:52:04.964+0000] {processor.py:743} INFO - Processing file /home/airflow/.local/lib/python3.7/site-packages/airflow/example_dags/example_sensors.py for tasks to queue
[2026-02-13T21:52:04.965+0000] {logging_mixin.py:137} INFO - [2026-02-13T21:52:04.964+0000] {dagbag.py:538} INFO - Filling up the DagBag from /home/airflow/.local/lib/python3.7/site-packages/airflow/example_dags/example_sensors.py
[2026-02-13T21:52:04.975+0000] {processor.py:753} INFO - DAG(s) dict_keys(['example_sensors']) retrieved from /home/airflow/.local/lib/python3.7/site-packages/airflow/example_dags/example_sensors.py
[2026-02-13T21:52:04.987+0000] {logging_mixin.py:137} INFO - [2026-02-13T21:52:04.987+0000] {dag.py:2690} INFO - Sync 1 DAGs
[2026-02-13T21:52:04.998+0000] {logging_mixin.py:137} INFO - [2026-02-13T21:52:04.998+0000] {dag.py:3441} INFO - Setting next_dagrun for example_sensors to None, run_after=None
[2026-02-13T21:52:05.008+0000] {processor.py:175} INFO - Processing /home/airflow/.local/lib/python3.7/site-packages/airflow/example_dags/example_sensors.py took 0.046 seconds
[2026-02-13T21:52:35.585+0000] {processor.py:153} INFO - Started process (PID=586) to work on /home/airflow/.local/lib/python3.7/site-packages/airflow/example_dags/example_sensors.py
[2026-02-13T21:52:35.585+0000] {processor.py:743} INFO - Processing file /home/airflow/.local/lib/python3.7/site-packages/airflow/example_dags/example_sensors.py for tasks to queue
[2026-02-13T21:52:35.585+0000] {logging_mixin.py:137} INFO - [2026-02-13T21:52:35.585+0000] {dagbag.py:538} INFO - Filling up the DagBag from /home/airflow/.local/lib/python3.7/site-packages/airflow/example_dags/example_sensors.py
[2026-02-13T21:52:35.597+0000] {processor.py:753} INFO - DAG(s) dict_keys(['example_sensors']) retrieved from /home/airflow/.local/lib/python3.7/site-packages/airflow/example_dags/example_sensors.py
[2026-02-13T21:52:35.614+0000] {logging_mixin.py:137} INFO - [2026-02-13T21:52:35.614+0000] {dag.py:2690} INFO - Sync 1 DAGs
[2026-02-13T21:52:35.630+0000] {logging_mixin.py:137} INFO - [2026-02-13T21:52:35.630+0000] {dag.py:3441} INFO - Setting next_dagrun for example_sensors to None, run_after=None
[2026-02-13T21:52:35.643+0000] {processor.py:175} INFO - Processing /home/airflow/.local/lib/python3.7/site-packages/airflow/example_dags/example_sensors.py took 0.059 seconds
[2026-02-13T21:53:06.016+0000] {processor.py:153} INFO - Started process (PID=657) to work on /home/airflow/.local/lib/python3.7/site-packages/airflow/example_dags/example_sensors.py
[2026-02-13T21:53:06.016+0000] {processor.py:743} INFO - Processing file /home/airflow/.local/lib/python3.7/site-packages/airflow/example_dags/example_sensors.py for tasks to queue
[2026-02-13T21:53:06.018+0000] {logging_mixin.py:137} INFO - [2026-02-13T21:53:06.018+0000] {dagbag.py:538} INFO - Filling up the DagBag from /home/airflow/.local/lib/python3.7/site-packages/airflow/example_dags/example_sensors.py
[2026-02-13T21:53:06.026+0000] {processor.py:753} INFO - DAG(s) dict_keys(['example_sensors']) retrieved from /home/airflow/.local/lib/python3.7/site-packages/airflow/example_dags/example_sensors.py
[2026-02-13T21:53:06.037+0000] {logging_mixin.py:137} INFO - [2026-02-13T21:53:06.037+0000] {dag.py:2690} INFO - Sync 1 DAGs
[2026-02-13T21:53:06.048+0000] {logging_mixin.py:137} INFO - [2026-02-13T21:53:06.048+0000] {dag.py:3441} INFO - Setting next_dagrun for example_sensors to None, run_after=None
[2026-02-13T21:53:06.058+0000] {processor.py:175} INFO - Processing /home/airflow/.local/lib/python3.7/site-packages/airflow/example_dags/example_sensors.py took 0.044 seconds
[2026-02-13T21:53:36.579+0000] {processor.py:153} INFO - Started process (PID=745) to work on /home/airflow/.local/lib/python3.7/site-packages/airflow/example_dags/example_sensors.py
[2026-02-13T21:53:36.579+0000] {processor.py:743} INFO - Processing file /home/airflow/.local/lib/python3.7/site-packages/airflow/example_dags/example_sensors.py for tasks to queue
[2026-02-13T21:53:36.579+0000] {logging_mixin.py:137} INFO - [2026-02-13T21:53:36.579+0000] {dagbag.py:538} INFO - Filling up the DagBag from /home/airflow/.local/lib/python3.7/site-packages/airflow/example_dags/example_sensors.py
[2026-02-13T21:53:36.589+0000] {processor.py:753} INFO - DAG(s) dict_keys(['example_sensors']) retrieved from /home/airflow/.local/lib/python3.7/site-packages/airflow/example_dags/example_sensors.py
[2026-02-13T21:53:36.600+0000] {logging_mixin.py:137} INFO - [2026-02-13T21:53:36.600+0000] {dag.py:2690} INFO - Sync 1 DAGs
[2026-02-13T21:53:36.611+0000] {logging_mixin.py:137} INFO - [2026-02-13T21:53:36.611+0000] {dag.py:3441} INFO - Setting next_dagrun for example_sensors to None, run_after=None
[2026-02-13T21:53:36.621+0000] {processor.py:175} INFO - Processing /home/airflow/.local/lib/python3.7/site-packages/airflow/example_dags/example_sensors.py took 0.044 seconds
[2026-02-13T21:54:07.005+0000] {processor.py:153} INFO - Started process (PID=833) to work on /home/airflow/.local/lib/python3.7/site-packages/airflow/example_dags/example_sensors.py
[2026-02-13T21:54:07.005+0000] {processor.py:743} INFO - Processing file /home/airflow/.local/lib/python3.7/site-packages/airflow/example_dags/example_sensors.py for tasks to queue
[2026-02-13T21:54:07.005+0000] {logging_mixin.py:137} INFO - [2026-02-13T21:54:07.005+0000] {dagbag.py:538} INFO - Filling up the DagBag from /home/airflow/.local/lib/python3.7/site-packages/airflow/example_dags/example_sensors.py
[2026-02-13T21:54:07.015+0000] {processor.py:753} INFO - DAG(s) dict_keys(['example_sensors']) retrieved from /home/airflow/.local/lib/python3.7/site-packages/airflow/example_dags/example_sensors.py
[2026-02-13T21:54:07.028+0000] {logging_mixin.py:137} INFO - [2026-02-13T21:54:07.028+0000] {dag.py:2690} INFO - Sync 1 DAGs
[2026-02-13T21:54:07.041+0000] {logging_mixin.py:137} INFO - [2026-02-13T21:54:07.041+0000] {dag.py:3441} INFO - Setting next_dagrun for example_sensors to None, run_after=None
[2026-02-13T21:54:07.049+0000] {processor.py:175} INFO - Processing /home/airflow/.local/lib/python3.7/site-packages/airflow/example_dags/example_sensors.py took 0.046 seconds
[2026-02-13T21:54:37.610+0000] {processor.py:153} INFO - Started process (PID=921) to work on /home/airflow/.local/lib/python3.7/site-packages/airflow/example_dags/example_sensors.py
[2026-02-13T21:54:37.610+0000] {processor.py:743} INFO - Processing file /home/airflow/.local/lib/python3.7/site-packages/airflow/example_dags/example_sensors.py for tasks to queue
[2026-02-13T21:54:37.610+0000] {logging_mixin.py:137} INFO - [2026-02-13T21:54:37.610+0000] {dagbag.py:538} INFO - Filling up the DagBag from /home/airflow/.local/lib/python3.7/site-packages/airflow/example_dags/example_sensors.py
[2026-02-13T21:54:37.619+0000] {processor.py:753} INFO - DAG(s) dict_keys(['example_sensors']) retrieved from /home/airflow/.local/lib/python3.7/site-packages/airflow/example_dags/example_sensors.py
[2026-02-13T21:54:37.632+0000] {logging_mixin.py:137} INFO - [2026-02-13T21:54:37.632+0000] {dag.py:2690} INFO - Sync 1 DAGs
[2026-02-13T21:54:37.646+0000] {logging_mixin.py:137} INFO - [2026-02-13T21:54:37.646+0000] {dag.py:3441} INFO - Setting next_dagrun for example_sensors to None, run_after=None
[2026-02-13T21:54:37.656+0000] {processor.py:175} INFO - Processing /home/airflow/.local/lib/python3.7/site-packages/airflow/example_dags/example_sensors.py took 0.048 seconds
[2026-02-13T21:55:08.198+0000] {processor.py:153} INFO - Started process (PID=993) to work on /home/airflow/.local/lib/python3.7/site-packages/airflow/example_dags/example_sensors.py
[2026-02-13T21:55:08.198+0000] {processor.py:743} INFO - Processing file /home/airflow/.local/lib/python3.7/site-packages/airflow/example_dags/example_sensors.py for tasks to queue
[2026-02-13T21:55:08.199+0000] {logging_mixin.py:137} INFO - [2026-02-13T21:55:08.199+0000] {dagbag.py:538} INFO - Filling up the DagBag from /home/airflow/.local/lib/python3.7/site-packages/airflow/example_dags/example_sensors.py
[2026-02-13T21:55:08.210+0000] {processor.py:753} INFO - DAG(s) dict_keys(['example_sensors']) retrieved from /home/airflow/.local/lib/python3.7/site-packages/airflow/example_dags/example_sensors.py
[2026-02-13T21:55:08.225+0000] {logging_mixin.py:137} INFO - [2026-02-13T21:55:08.225+0000] {dag.py:2690} INFO - Sync 1 DAGs
[2026-02-13T21:55:08.239+0000] {logging_mixin.py:137} INFO - [2026-02-13T21:55:08.239+0000] {dag.py:3441} INFO - Setting next_dagrun for example_sensors to None, run_after=None
[2026-02-13T21:55:08.252+0000] {processor.py:175} INFO - Processing /home/airflow/.local/lib/python3.7/site-packages/airflow/example_dags/example_sensors.py took 0.056 seconds
[2026-02-13T21:55:38.663+0000] {processor.py:153} INFO - Started process (PID=1081) to work on /home/airflow/.local/lib/python3.7/site-packages/airflow/example_dags/example_sensors.py
[2026-02-13T21:55:38.664+0000] {processor.py:743} INFO - Processing file /home/airflow/.local/lib/python3.7/site-packages/airflow/example_dags/example_sensors.py for tasks to queue
[2026-02-13T21:55:38.665+0000] {logging_mixin.py:137} INFO - [2026-02-13T21:55:38.665+0000] {dagbag.py:538} INFO - Filling up the DagBag from /home/airflow/.local/lib/python3.7/site-packages/airflow/example_dags/example_sensors.py
[2026-02-13T21:55:38.674+0000] {processor.py:753} INFO - DAG(s) dict_keys(['example_sensors']) retrieved from /home/airflow/.local/lib/python3.7/site-packages/airflow/example_dags/example_sensors.py
[2026-02-13T21:55:38.693+0000] {logging_mixin.py:137} INFO - [2026-02-13T21:55:38.693+0000] {dag.py:2690} INFO - Sync 1 DAGs
[2026-02-13T21:55:38.708+0000] {logging_mixin.py:137} INFO - [2026-02-13T21:55:38.708+0000] {dag.py:3441} INFO - Setting next_dagrun for example_sensors to None, run_after=None
[2026-02-13T21:55:38.718+0000] {processor.py:175} INFO - Processing /home/airflow/.local/lib/python3.7/site-packages/airflow/example_dags/example_sensors.py took 0.057 seconds
[2026-02-13T21:56:09.161+0000] {processor.py:153} INFO - Started process (PID=1169) to work on /home/airflow/.local/lib/python3.7/site-packages/airflow/example_dags/example_sensors.py
[2026-02-13T21:56:09.162+0000] {processor.py:743} INFO - Processing file /home/airflow/.local/lib/python3.7/site-packages/airflow/example_dags/example_sensors.py for tasks to queue
[2026-02-13T21:56:09.162+0000] {logging_mixin.py:137} INFO - [2026-02-13T21:56:09.162+0000] {dagbag.py:538} INFO - Filling up the DagBag from /home/airflow/.local/lib/python3.7/site-packages/airflow/example_dags/example_sensors.py
[2026-02-13T21:56:09.171+0000] {processor.py:753} INFO - DAG(s) dict_keys(['example_sensors']) retrieved from /home/airflow/.local/lib/python3.7/site-packages/airflow/example_dags/example_sensors.py
[2026-02-13T21:56:09.185+0000] {logging_mixin.py:137} INFO - [2026-02-13T21:56:09.185+0000] {dag.py:2690} INFO - Sync 1 DAGs
[2026-02-13T21:56:09.198+0000] {logging_mixin.py:137} INFO - [2026-02-13T21:56:09.198+0000] {dag.py:3441} INFO - Setting next_dagrun for example_sensors to None, run_after=None
[2026-02-13T21:56:09.206+0000] {processor.py:175} INFO - Processing /home/airflow/.local/lib/python3.7/site-packages/airflow/example_dags/example_sensors.py took 0.047 seconds
[2026-02-13T21:56:40.193+0000] {processor.py:153} INFO - Started process (PID=1257) to work on /home/airflow/.local/lib/python3.7/site-packages/airflow/example_dags/example_sensors.py
[2026-02-13T21:56:40.194+0000] {processor.py:743} INFO - Processing file /home/airflow/.local/lib/python3.7/site-packages/airflow/example_dags/example_sensors.py for tasks to queue
[2026-02-13T21:56:40.196+0000] {logging_mixin.py:137} INFO - [2026-02-13T21:56:40.196+0000] {dagbag.py:538} INFO - Filling up the DagBag from /home/airflow/.local/lib/python3.7/site-packages/airflow/example_dags/example_sensors.py
[2026-02-13T21:56:40.221+0000] {processor.py:753} INFO - DAG(s) dict_keys(['example_sensors']) retrieved from /home/airflow/.local/lib/python3.7/site-packages/airflow/example_dags/example_sensors.py
[2026-02-13T21:56:40.280+0000] {logging_mixin.py:137} INFO - [2026-02-13T21:56:40.280+0000] {dag.py:2690} INFO - Sync 1 DAGs
[2026-02-13T21:56:40.296+0000] {logging_mixin.py:137} INFO - [2026-02-13T21:56:40.296+0000] {dag.py:3441} INFO - Setting next_dagrun for example_sensors to None, run_after=None
[2026-02-13T21:56:40.317+0000] {processor.py:175} INFO - Processing /home/airflow/.local/lib/python3.7/site-packages/airflow/example_dags/example_sensors.py took 0.128 seconds
[2026-02-13T22:01:04.565+0000] {processor.py:153} INFO - Started process (PID=71) to work on /home/airflow/.local/lib/python3.7/site-packages/airflow/example_dags/example_sensors.py
[2026-02-13T22:01:04.567+0000] {processor.py:743} INFO - Processing file /home/airflow/.local/lib/python3.7/site-packages/airflow/example_dags/example_sensors.py for tasks to queue
[2026-02-13T22:01:04.568+0000] {logging_mixin.py:137} INFO - [2026-02-13T22:01:04.568+0000] {dagbag.py:538} INFO - Filling up the DagBag from /home/airflow/.local/lib/python3.7/site-packages/airflow/example_dags/example_sensors.py
[2026-02-13T22:01:04.583+0000] {processor.py:753} INFO - DAG(s) dict_keys(['example_sensors']) retrieved from /home/airflow/.local/lib/python3.7/site-packages/airflow/example_dags/example_sensors.py
[2026-02-13T22:01:04.598+0000] {logging_mixin.py:137} INFO - [2026-02-13T22:01:04.598+0000] {dag.py:2690} INFO - Sync 1 DAGs
[2026-02-13T22:01:04.616+0000] {logging_mixin.py:137} INFO - [2026-02-13T22:01:04.616+0000] {dag.py:3441} INFO - Setting next_dagrun for example_sensors to None, run_after=None
[2026-02-13T22:01:04.634+0000] {processor.py:175} INFO - Processing /home/airflow/.local/lib/python3.7/site-packages/airflow/example_dags/example_sensors.py took 0.071 seconds
[2026-02-13T22:01:35.205+0000] {processor.py:153} INFO - Started process (PID=158) to work on /home/airflow/.local/lib/python3.7/site-packages/airflow/example_dags/example_sensors.py
[2026-02-13T22:01:35.205+0000] {processor.py:743} INFO - Processing file /home/airflow/.local/lib/python3.7/site-packages/airflow/example_dags/example_sensors.py for tasks to queue
[2026-02-13T22:01:35.206+0000] {logging_mixin.py:137} INFO - [2026-02-13T22:01:35.206+0000] {dagbag.py:538} INFO - Filling up the DagBag from /home/airflow/.local/lib/python3.7/site-packages/airflow/example_dags/example_sensors.py
[2026-02-13T22:01:35.215+0000] {processor.py:753} INFO - DAG(s) dict_keys(['example_sensors']) retrieved from /home/airflow/.local/lib/python3.7/site-packages/airflow/example_dags/example_sensors.py
[2026-02-13T22:01:35.233+0000] {logging_mixin.py:137} INFO - [2026-02-13T22:01:35.233+0000] {dag.py:2690} INFO - Sync 1 DAGs
[2026-02-13T22:01:35.242+0000] {logging_mixin.py:137} INFO - [2026-02-13T22:01:35.242+0000] {dag.py:3441} INFO - Setting next_dagrun for example_sensors to None, run_after=None
[2026-02-13T22:01:35.251+0000] {processor.py:175} INFO - Processing /home/airflow/.local/lib/python3.7/site-packages/airflow/example_dags/example_sensors.py took 0.048 seconds
[2026-02-13T22:02:05.732+0000] {processor.py:153} INFO - Started process (PID=248) to work on /home/airflow/.local/lib/python3.7/site-packages/airflow/example_dags/example_sensors.py
[2026-02-13T22:02:05.733+0000] {processor.py:743} INFO - Processing file /home/airflow/.local/lib/python3.7/site-packages/airflow/example_dags/example_sensors.py for tasks to queue
[2026-02-13T22:02:05.734+0000] {logging_mixin.py:137} INFO - [2026-02-13T22:02:05.734+0000] {dagbag.py:538} INFO - Filling up the DagBag from /home/airflow/.local/lib/python3.7/site-packages/airflow/example_dags/example_sensors.py
[2026-02-13T22:02:05.744+0000] {processor.py:753} INFO - DAG(s) dict_keys(['example_sensors']) retrieved from /home/airflow/.local/lib/python3.7/site-packages/airflow/example_dags/example_sensors.py
[2026-02-13T22:02:05.761+0000] {logging_mixin.py:137} INFO - [2026-02-13T22:02:05.761+0000] {dag.py:2690} INFO - Sync 1 DAGs
[2026-02-13T22:02:05.773+0000] {logging_mixin.py:137} INFO - [2026-02-13T22:02:05.773+0000] {dag.py:3441} INFO - Setting next_dagrun for example_sensors to None, run_after=None
[2026-02-13T22:02:05.786+0000] {processor.py:175} INFO - Processing /home/airflow/.local/lib/python3.7/site-packages/airflow/example_dags/example_sensors.py took 0.055 seconds
[2026-02-13T22:02:36.395+0000] {processor.py:153} INFO - Started process (PID=320) to work on /home/airflow/.local/lib/python3.7/site-packages/airflow/example_dags/example_sensors.py
[2026-02-13T22:02:36.396+0000] {processor.py:743} INFO - Processing file /home/airflow/.local/lib/python3.7/site-packages/airflow/example_dags/example_sensors.py for tasks to queue
[2026-02-13T22:02:36.397+0000] {logging_mixin.py:137} INFO - [2026-02-13T22:02:36.397+0000] {dagbag.py:538} INFO - Filling up the DagBag from /home/airflow/.local/lib/python3.7/site-packages/airflow/example_dags/example_sensors.py
[2026-02-13T22:02:36.405+0000] {processor.py:753} INFO - DAG(s) dict_keys(['example_sensors']) retrieved from /home/airflow/.local/lib/python3.7/site-packages/airflow/example_dags/example_sensors.py
[2026-02-13T22:02:36.422+0000] {logging_mixin.py:137} INFO - [2026-02-13T22:02:36.422+0000] {dag.py:2690} INFO - Sync 1 DAGs
[2026-02-13T22:02:36.435+0000] {logging_mixin.py:137} INFO - [2026-02-13T22:02:36.435+0000] {dag.py:3441} INFO - Setting next_dagrun for example_sensors to None, run_after=None
[2026-02-13T22:02:36.446+0000] {processor.py:175} INFO - Processing /home/airflow/.local/lib/python3.7/site-packages/airflow/example_dags/example_sensors.py took 0.052 seconds
[2026-02-13T22:03:30.788+0000] {processor.py:153} INFO - Started process (PID=71) to work on /home/airflow/.local/lib/python3.7/site-packages/airflow/example_dags/example_sensors.py
[2026-02-13T22:03:30.790+0000] {processor.py:743} INFO - Processing file /home/airflow/.local/lib/python3.7/site-packages/airflow/example_dags/example_sensors.py for tasks to queue
[2026-02-13T22:03:30.792+0000] {logging_mixin.py:137} INFO - [2026-02-13T22:03:30.792+0000] {dagbag.py:538} INFO - Filling up the DagBag from /home/airflow/.local/lib/python3.7/site-packages/airflow/example_dags/example_sensors.py
[2026-02-13T22:03:30.809+0000] {processor.py:753} INFO - DAG(s) dict_keys(['example_sensors']) retrieved from /home/airflow/.local/lib/python3.7/site-packages/airflow/example_dags/example_sensors.py
[2026-02-13T22:03:30.817+0000] {logging_mixin.py:137} INFO - [2026-02-13T22:03:30.817+0000] {dag.py:2690} INFO - Sync 1 DAGs
[2026-02-13T22:03:30.832+0000] {logging_mixin.py:137} INFO - [2026-02-13T22:03:30.831+0000] {dag.py:3441} INFO - Setting next_dagrun for example_sensors to None, run_after=None
[2026-02-13T22:03:30.847+0000] {processor.py:175} INFO - Processing /home/airflow/.local/lib/python3.7/site-packages/airflow/example_dags/example_sensors.py took 0.061 seconds
[2026-02-13T22:04:01.749+0000] {processor.py:153} INFO - Started process (PID=158) to work on /home/airflow/.local/lib/python3.7/site-packages/airflow/example_dags/example_sensors.py
[2026-02-13T22:04:01.750+0000] {processor.py:743} INFO - Processing file /home/airflow/.local/lib/python3.7/site-packages/airflow/example_dags/example_sensors.py for tasks to queue
[2026-02-13T22:04:01.750+0000] {logging_mixin.py:137} INFO - [2026-02-13T22:04:01.750+0000] {dagbag.py:538} INFO - Filling up the DagBag from /home/airflow/.local/lib/python3.7/site-packages/airflow/example_dags/example_sensors.py
[2026-02-13T22:04:01.765+0000] {processor.py:753} INFO - DAG(s) dict_keys(['example_sensors']) retrieved from /home/airflow/.local/lib/python3.7/site-packages/airflow/example_dags/example_sensors.py
[2026-02-13T22:04:01.787+0000] {logging_mixin.py:137} INFO - [2026-02-13T22:04:01.787+0000] {dag.py:2690} INFO - Sync 1 DAGs
[2026-02-13T22:04:01.806+0000] {logging_mixin.py:137} INFO - [2026-02-13T22:04:01.806+0000] {dag.py:3441} INFO - Setting next_dagrun for example_sensors to None, run_after=None
[2026-02-13T22:04:01.819+0000] {processor.py:175} INFO - Processing /home/airflow/.local/lib/python3.7/site-packages/airflow/example_dags/example_sensors.py took 0.072 seconds
[2026-02-13T22:04:32.853+0000] {processor.py:153} INFO - Started process (PID=246) to work on /home/airflow/.local/lib/python3.7/site-packages/airflow/example_dags/example_sensors.py
[2026-02-13T22:04:32.854+0000] {processor.py:743} INFO - Processing file /home/airflow/.local/lib/python3.7/site-packages/airflow/example_dags/example_sensors.py for tasks to queue
[2026-02-13T22:04:32.854+0000] {logging_mixin.py:137} INFO - [2026-02-13T22:04:32.854+0000] {dagbag.py:538} INFO - Filling up the DagBag from /home/airflow/.local/lib/python3.7/site-packages/airflow/example_dags/example_sensors.py
[2026-02-13T22:04:32.866+0000] {processor.py:753} INFO - DAG(s) dict_keys(['example_sensors']) retrieved from /home/airflow/.local/lib/python3.7/site-packages/airflow/example_dags/example_sensors.py
[2026-02-13T22:04:32.882+0000] {logging_mixin.py:137} INFO - [2026-02-13T22:04:32.882+0000] {dag.py:2690} INFO - Sync 1 DAGs
[2026-02-13T22:04:32.897+0000] {logging_mixin.py:137} INFO - [2026-02-13T22:04:32.897+0000] {dag.py:3441} INFO - Setting next_dagrun for example_sensors to None, run_after=None
[2026-02-13T22:04:32.909+0000] {processor.py:175} INFO - Processing /home/airflow/.local/lib/python3.7/site-packages/airflow/example_dags/example_sensors.py took 0.058 seconds
[2026-02-13T22:05:03.327+0000] {processor.py:153} INFO - Started process (PID=318) to work on /home/airflow/.local/lib/python3.7/site-packages/airflow/example_dags/example_sensors.py
[2026-02-13T22:05:03.328+0000] {processor.py:743} INFO - Processing file /home/airflow/.local/lib/python3.7/site-packages/airflow/example_dags/example_sensors.py for tasks to queue
[2026-02-13T22:05:03.328+0000] {logging_mixin.py:137} INFO - [2026-02-13T22:05:03.328+0000] {dagbag.py:538} INFO - Filling up the DagBag from /home/airflow/.local/lib/python3.7/site-packages/airflow/example_dags/example_sensors.py
[2026-02-13T22:05:03.338+0000] {processor.py:753} INFO - DAG(s) dict_keys(['example_sensors']) retrieved from /home/airflow/.local/lib/python3.7/site-packages/airflow/example_dags/example_sensors.py
[2026-02-13T22:05:03.353+0000] {logging_mixin.py:137} INFO - [2026-02-13T22:05:03.353+0000] {dag.py:2690} INFO - Sync 1 DAGs
[2026-02-13T22:05:03.366+0000] {logging_mixin.py:137} INFO - [2026-02-13T22:05:03.366+0000] {dag.py:3441} INFO - Setting next_dagrun for example_sensors to None, run_after=None
[2026-02-13T22:05:03.375+0000] {processor.py:175} INFO - Processing /home/airflow/.local/lib/python3.7/site-packages/airflow/example_dags/example_sensors.py took 0.049 seconds
[2026-02-13T22:05:33.862+0000] {processor.py:153} INFO - Started process (PID=406) to work on /home/airflow/.local/lib/python3.7/site-packages/airflow/example_dags/example_sensors.py
[2026-02-13T22:05:33.863+0000] {processor.py:743} INFO - Processing file /home/airflow/.local/lib/python3.7/site-packages/airflow/example_dags/example_sensors.py for tasks to queue
[2026-02-13T22:05:33.864+0000] {logging_mixin.py:137} INFO - [2026-02-13T22:05:33.864+0000] {dagbag.py:538} INFO - Filling up the DagBag from /home/airflow/.local/lib/python3.7/site-packages/airflow/example_dags/example_sensors.py
[2026-02-13T22:05:33.872+0000] {processor.py:753} INFO - DAG(s) dict_keys(['example_sensors']) retrieved from /home/airflow/.local/lib/python3.7/site-packages/airflow/example_dags/example_sensors.py
[2026-02-13T22:05:33.885+0000] {logging_mixin.py:137} INFO - [2026-02-13T22:05:33.885+0000] {dag.py:2690} INFO - Sync 1 DAGs
[2026-02-13T22:05:33.895+0000] {logging_mixin.py:137} INFO - [2026-02-13T22:05:33.895+0000] {dag.py:3441} INFO - Setting next_dagrun for example_sensors to None, run_after=None
[2026-02-13T22:05:33.909+0000] {processor.py:175} INFO - Processing /home/airflow/.local/lib/python3.7/site-packages/airflow/example_dags/example_sensors.py took 0.049 seconds
[2026-02-13T22:06:34.030+0000] {processor.py:153} INFO - Started process (PID=73) to work on /home/airflow/.local/lib/python3.7/site-packages/airflow/example_dags/example_sensors.py
[2026-02-13T22:06:34.031+0000] {processor.py:743} INFO - Processing file /home/airflow/.local/lib/python3.7/site-packages/airflow/example_dags/example_sensors.py for tasks to queue
[2026-02-13T22:06:34.032+0000] {logging_mixin.py:137} INFO - [2026-02-13T22:06:34.032+0000] {dagbag.py:538} INFO - Filling up the DagBag from /home/airflow/.local/lib/python3.7/site-packages/airflow/example_dags/example_sensors.py
[2026-02-13T22:06:34.049+0000] {processor.py:753} INFO - DAG(s) dict_keys(['example_sensors']) retrieved from /home/airflow/.local/lib/python3.7/site-packages/airflow/example_dags/example_sensors.py
[2026-02-13T22:06:34.060+0000] {logging_mixin.py:137} INFO - [2026-02-13T22:06:34.060+0000] {dag.py:2690} INFO - Sync 1 DAGs
[2026-02-13T22:06:34.076+0000] {logging_mixin.py:137} INFO - [2026-02-13T22:06:34.076+0000] {dag.py:3441} INFO - Setting next_dagrun for example_sensors to None, run_after=None
[2026-02-13T22:06:34.092+0000] {processor.py:175} INFO - Processing /home/airflow/.local/lib/python3.7/site-packages/airflow/example_dags/example_sensors.py took 0.063 seconds
[2026-02-13T22:07:05.248+0000] {processor.py:153} INFO - Started process (PID=162) to work on /home/airflow/.local/lib/python3.7/site-packages/airflow/example_dags/example_sensors.py
[2026-02-13T22:07:05.251+0000] {processor.py:743} INFO - Processing file /home/airflow/.local/lib/python3.7/site-packages/airflow/example_dags/example_sensors.py for tasks to queue
[2026-02-13T22:07:05.254+0000] {logging_mixin.py:137} INFO - [2026-02-13T22:07:05.253+0000] {dagbag.py:538} INFO - Filling up the DagBag from /home/airflow/.local/lib/python3.7/site-packages/airflow/example_dags/example_sensors.py
[2026-02-13T22:07:05.274+0000] {processor.py:753} INFO - DAG(s) dict_keys(['example_sensors']) retrieved from /home/airflow/.local/lib/python3.7/site-packages/airflow/example_dags/example_sensors.py
[2026-02-13T22:07:05.301+0000] {logging_mixin.py:137} INFO - [2026-02-13T22:07:05.301+0000] {dag.py:2690} INFO - Sync 1 DAGs
[2026-02-13T22:07:05.317+0000] {logging_mixin.py:137} INFO - [2026-02-13T22:07:05.316+0000] {dag.py:3441} INFO - Setting next_dagrun for example_sensors to None, run_after=None
[2026-02-13T22:07:05.331+0000] {processor.py:175} INFO - Processing /home/airflow/.local/lib/python3.7/site-packages/airflow/example_dags/example_sensors.py took 0.087 seconds
[2026-02-13T22:07:36.302+0000] {processor.py:153} INFO - Started process (PID=251) to work on /home/airflow/.local/lib/python3.7/site-packages/airflow/example_dags/example_sensors.py
[2026-02-13T22:07:36.302+0000] {processor.py:743} INFO - Processing file /home/airflow/.local/lib/python3.7/site-packages/airflow/example_dags/example_sensors.py for tasks to queue
[2026-02-13T22:07:36.303+0000] {logging_mixin.py:137} INFO - [2026-02-13T22:07:36.303+0000] {dagbag.py:538} INFO - Filling up the DagBag from /home/airflow/.local/lib/python3.7/site-packages/airflow/example_dags/example_sensors.py
[2026-02-13T22:07:36.314+0000] {processor.py:753} INFO - DAG(s) dict_keys(['example_sensors']) retrieved from /home/airflow/.local/lib/python3.7/site-packages/airflow/example_dags/example_sensors.py
[2026-02-13T22:07:36.329+0000] {logging_mixin.py:137} INFO - [2026-02-13T22:07:36.329+0000] {dag.py:2690} INFO - Sync 1 DAGs
[2026-02-13T22:07:36.344+0000] {logging_mixin.py:137} INFO - [2026-02-13T22:07:36.344+0000] {dag.py:3441} INFO - Setting next_dagrun for example_sensors to None, run_after=None
[2026-02-13T22:07:36.358+0000] {processor.py:175} INFO - Processing /home/airflow/.local/lib/python3.7/site-packages/airflow/example_dags/example_sensors.py took 0.058 seconds
[2026-02-13T22:08:06.931+0000] {processor.py:153} INFO - Started process (PID=331) to work on /home/airflow/.local/lib/python3.7/site-packages/airflow/example_dags/example_sensors.py
[2026-02-13T22:08:06.932+0000] {processor.py:743} INFO - Processing file /home/airflow/.local/lib/python3.7/site-packages/airflow/example_dags/example_sensors.py for tasks to queue
[2026-02-13T22:08:06.933+0000] {logging_mixin.py:137} INFO - [2026-02-13T22:08:06.933+0000] {dagbag.py:538} INFO - Filling up the DagBag from /home/airflow/.local/lib/python3.7/site-packages/airflow/example_dags/example_sensors.py
[2026-02-13T22:08:06.948+0000] {processor.py:753} INFO - DAG(s) dict_keys(['example_sensors']) retrieved from /home/airflow/.local/lib/python3.7/site-packages/airflow/example_dags/example_sensors.py
[2026-02-13T22:08:06.965+0000] {logging_mixin.py:137} INFO - [2026-02-13T22:08:06.965+0000] {dag.py:2690} INFO - Sync 1 DAGs
[2026-02-13T22:08:06.981+0000] {logging_mixin.py:137} INFO - [2026-02-13T22:08:06.981+0000] {dag.py:3441} INFO - Setting next_dagrun for example_sensors to None, run_after=None
[2026-02-13T22:08:06.994+0000] {processor.py:175} INFO - Processing /home/airflow/.local/lib/python3.7/site-packages/airflow/example_dags/example_sensors.py took 0.067 seconds
[2026-02-13T22:08:37.699+0000] {processor.py:153} INFO - Started process (PID=413) to work on /home/airflow/.local/lib/python3.7/site-packages/airflow/example_dags/example_sensors.py
[2026-02-13T22:08:37.701+0000] {processor.py:743} INFO - Processing file /home/airflow/.local/lib/python3.7/site-packages/airflow/example_dags/example_sensors.py for tasks to queue
[2026-02-13T22:08:37.702+0000] {logging_mixin.py:137} INFO - [2026-02-13T22:08:37.702+0000] {dagbag.py:538} INFO - Filling up the DagBag from /home/airflow/.local/lib/python3.7/site-packages/airflow/example_dags/example_sensors.py
[2026-02-13T22:08:37.711+0000] {processor.py:753} INFO - DAG(s) dict_keys(['example_sensors']) retrieved from /home/airflow/.local/lib/python3.7/site-packages/airflow/example_dags/example_sensors.py
[2026-02-13T22:08:37.726+0000] {logging_mixin.py:137} INFO - [2026-02-13T22:08:37.726+0000] {dag.py:2690} INFO - Sync 1 DAGs
[2026-02-13T22:08:37.741+0000] {logging_mixin.py:137} INFO - [2026-02-13T22:08:37.741+0000] {dag.py:3441} INFO - Setting next_dagrun for example_sensors to None, run_after=None
[2026-02-13T22:08:37.754+0000] {processor.py:175} INFO - Processing /home/airflow/.local/lib/python3.7/site-packages/airflow/example_dags/example_sensors.py took 0.056 seconds
[2026-02-13T22:09:08.315+0000] {processor.py:153} INFO - Started process (PID=502) to work on /home/airflow/.local/lib/python3.7/site-packages/airflow/example_dags/example_sensors.py
[2026-02-13T22:09:08.315+0000] {processor.py:743} INFO - Processing file /home/airflow/.local/lib/python3.7/site-packages/airflow/example_dags/example_sensors.py for tasks to queue
[2026-02-13T22:09:08.316+0000] {logging_mixin.py:137} INFO - [2026-02-13T22:09:08.316+0000] {dagbag.py:538} INFO - Filling up the DagBag from /home/airflow/.local/lib/python3.7/site-packages/airflow/example_dags/example_sensors.py
[2026-02-13T22:09:08.326+0000] {processor.py:753} INFO - DAG(s) dict_keys(['example_sensors']) retrieved from /home/airflow/.local/lib/python3.7/site-packages/airflow/example_dags/example_sensors.py
[2026-02-13T22:09:08.341+0000] {logging_mixin.py:137} INFO - [2026-02-13T22:09:08.340+0000] {dag.py:2690} INFO - Sync 1 DAGs
[2026-02-13T22:09:08.352+0000] {logging_mixin.py:137} INFO - [2026-02-13T22:09:08.352+0000] {dag.py:3441} INFO - Setting next_dagrun for example_sensors to None, run_after=None
[2026-02-13T22:09:08.364+0000] {processor.py:175} INFO - Processing /home/airflow/.local/lib/python3.7/site-packages/airflow/example_dags/example_sensors.py took 0.051 seconds
[2026-02-13T22:09:38.875+0000] {processor.py:153} INFO - Started process (PID=590) to work on /home/airflow/.local/lib/python3.7/site-packages/airflow/example_dags/example_sensors.py
[2026-02-13T22:09:38.877+0000] {processor.py:743} INFO - Processing file /home/airflow/.local/lib/python3.7/site-packages/airflow/example_dags/example_sensors.py for tasks to queue
[2026-02-13T22:09:38.878+0000] {logging_mixin.py:137} INFO - [2026-02-13T22:09:38.878+0000] {dagbag.py:538} INFO - Filling up the DagBag from /home/airflow/.local/lib/python3.7/site-packages/airflow/example_dags/example_sensors.py
[2026-02-13T22:09:38.885+0000] {processor.py:753} INFO - DAG(s) dict_keys(['example_sensors']) retrieved from /home/airflow/.local/lib/python3.7/site-packages/airflow/example_dags/example_sensors.py
[2026-02-13T22:09:38.901+0000] {logging_mixin.py:137} INFO - [2026-02-13T22:09:38.900+0000] {dag.py:2690} INFO - Sync 1 DAGs
[2026-02-13T22:09:38.911+0000] {logging_mixin.py:137} INFO - [2026-02-13T22:09:38.911+0000] {dag.py:3441} INFO - Setting next_dagrun for example_sensors to None, run_after=None
[2026-02-13T22:09:38.922+0000] {processor.py:175} INFO - Processing /home/airflow/.local/lib/python3.7/site-packages/airflow/example_dags/example_sensors.py took 0.048 seconds
[2026-02-13T22:10:09.546+0000] {processor.py:153} INFO - Started process (PID=679) to work on /home/airflow/.local/lib/python3.7/site-packages/airflow/example_dags/example_sensors.py
[2026-02-13T22:10:09.547+0000] {processor.py:743} INFO - Processing file /home/airflow/.local/lib/python3.7/site-packages/airflow/example_dags/example_sensors.py for tasks to queue
[2026-02-13T22:10:09.548+0000] {logging_mixin.py:137} INFO - [2026-02-13T22:10:09.548+0000] {dagbag.py:538} INFO - Filling up the DagBag from /home/airflow/.local/lib/python3.7/site-packages/airflow/example_dags/example_sensors.py
[2026-02-13T22:10:09.558+0000] {processor.py:753} INFO - DAG(s) dict_keys(['example_sensors']) retrieved from /home/airflow/.local/lib/python3.7/site-packages/airflow/example_dags/example_sensors.py
[2026-02-13T22:10:09.570+0000] {logging_mixin.py:137} INFO - [2026-02-13T22:10:09.570+0000] {dag.py:2690} INFO - Sync 1 DAGs
[2026-02-13T22:10:09.581+0000] {logging_mixin.py:137} INFO - [2026-02-13T22:10:09.581+0000] {dag.py:3441} INFO - Setting next_dagrun for example_sensors to None, run_after=None
[2026-02-13T22:10:09.592+0000] {processor.py:175} INFO - Processing /home/airflow/.local/lib/python3.7/site-packages/airflow/example_dags/example_sensors.py took 0.048 seconds
[2026-02-13T22:10:40.122+0000] {processor.py:153} INFO - Started process (PID=751) to work on /home/airflow/.local/lib/python3.7/site-packages/airflow/example_dags/example_sensors.py
[2026-02-13T22:10:40.123+0000] {processor.py:743} INFO - Processing file /home/airflow/.local/lib/python3.7/site-packages/airflow/example_dags/example_sensors.py for tasks to queue
[2026-02-13T22:10:40.125+0000] {logging_mixin.py:137} INFO - [2026-02-13T22:10:40.125+0000] {dagbag.py:538} INFO - Filling up the DagBag from /home/airflow/.local/lib/python3.7/site-packages/airflow/example_dags/example_sensors.py
[2026-02-13T22:10:40.134+0000] {processor.py:753} INFO - DAG(s) dict_keys(['example_sensors']) retrieved from /home/airflow/.local/lib/python3.7/site-packages/airflow/example_dags/example_sensors.py
[2026-02-13T22:10:40.149+0000] {logging_mixin.py:137} INFO - [2026-02-13T22:10:40.148+0000] {dag.py:2690} INFO - Sync 1 DAGs
[2026-02-13T22:10:40.161+0000] {logging_mixin.py:137} INFO - [2026-02-13T22:10:40.161+0000] {dag.py:3441} INFO - Setting next_dagrun for example_sensors to None, run_after=None
[2026-02-13T22:10:40.174+0000] {processor.py:175} INFO - Processing /home/airflow/.local/lib/python3.7/site-packages/airflow/example_dags/example_sensors.py took 0.053 seconds
[2026-02-13T22:11:10.678+0000] {processor.py:153} INFO - Started process (PID=840) to work on /home/airflow/.local/lib/python3.7/site-packages/airflow/example_dags/example_sensors.py
[2026-02-13T22:11:10.678+0000] {processor.py:743} INFO - Processing file /home/airflow/.local/lib/python3.7/site-packages/airflow/example_dags/example_sensors.py for tasks to queue
[2026-02-13T22:11:10.678+0000] {logging_mixin.py:137} INFO - [2026-02-13T22:11:10.678+0000] {dagbag.py:538} INFO - Filling up the DagBag from /home/airflow/.local/lib/python3.7/site-packages/airflow/example_dags/example_sensors.py
[2026-02-13T22:11:10.687+0000] {processor.py:753} INFO - DAG(s) dict_keys(['example_sensors']) retrieved from /home/airflow/.local/lib/python3.7/site-packages/airflow/example_dags/example_sensors.py
[2026-02-13T22:11:10.700+0000] {logging_mixin.py:137} INFO - [2026-02-13T22:11:10.700+0000] {dag.py:2690} INFO - Sync 1 DAGs
[2026-02-13T22:11:10.714+0000] {logging_mixin.py:137} INFO - [2026-02-13T22:11:10.713+0000] {dag.py:3441} INFO - Setting next_dagrun for example_sensors to None, run_after=None
[2026-02-13T22:11:10.723+0000] {processor.py:175} INFO - Processing /home/airflow/.local/lib/python3.7/site-packages/airflow/example_dags/example_sensors.py took 0.047 seconds
[2026-02-13T22:11:41.321+0000] {processor.py:153} INFO - Started process (PID=928) to work on /home/airflow/.local/lib/python3.7/site-packages/airflow/example_dags/example_sensors.py
[2026-02-13T22:11:41.321+0000] {processor.py:743} INFO - Processing file /home/airflow/.local/lib/python3.7/site-packages/airflow/example_dags/example_sensors.py for tasks to queue
[2026-02-13T22:11:41.322+0000] {logging_mixin.py:137} INFO - [2026-02-13T22:11:41.322+0000] {dagbag.py:538} INFO - Filling up the DagBag from /home/airflow/.local/lib/python3.7/site-packages/airflow/example_dags/example_sensors.py
[2026-02-13T22:11:41.330+0000] {processor.py:753} INFO - DAG(s) dict_keys(['example_sensors']) retrieved from /home/airflow/.local/lib/python3.7/site-packages/airflow/example_dags/example_sensors.py
[2026-02-13T22:11:41.342+0000] {logging_mixin.py:137} INFO - [2026-02-13T22:11:41.342+0000] {dag.py:2690} INFO - Sync 1 DAGs
[2026-02-13T22:11:41.356+0000] {logging_mixin.py:137} INFO - [2026-02-13T22:11:41.356+0000] {dag.py:3441} INFO - Setting next_dagrun for example_sensors to None, run_after=None
[2026-02-13T22:11:41.370+0000] {processor.py:175} INFO - Processing /home/airflow/.local/lib/python3.7/site-packages/airflow/example_dags/example_sensors.py took 0.051 seconds
[2026-02-13T22:12:11.867+0000] {processor.py:153} INFO - Started process (PID=1017) to work on /home/airflow/.local/lib/python3.7/site-packages/airflow/example_dags/example_sensors.py
[2026-02-13T22:12:11.867+0000] {processor.py:743} INFO - Processing file /home/airflow/.local/lib/python3.7/site-packages/airflow/example_dags/example_sensors.py for tasks to queue
[2026-02-13T22:12:11.868+0000] {logging_mixin.py:137} INFO - [2026-02-13T22:12:11.868+0000] {dagbag.py:538} INFO - Filling up the DagBag from /home/airflow/.local/lib/python3.7/site-packages/airflow/example_dags/example_sensors.py
[2026-02-13T22:12:11.876+0000] {processor.py:753} INFO - DAG(s) dict_keys(['example_sensors']) retrieved from /home/airflow/.local/lib/python3.7/site-packages/airflow/example_dags/example_sensors.py
[2026-02-13T22:12:11.889+0000] {logging_mixin.py:137} INFO - [2026-02-13T22:12:11.889+0000] {dag.py:2690} INFO - Sync 1 DAGs
[2026-02-13T22:12:11.901+0000] {logging_mixin.py:137} INFO - [2026-02-13T22:12:11.901+0000] {dag.py:3441} INFO - Setting next_dagrun for example_sensors to None, run_after=None
[2026-02-13T22:12:11.908+0000] {processor.py:175} INFO - Processing /home/airflow/.local/lib/python3.7/site-packages/airflow/example_dags/example_sensors.py took 0.043 seconds
[2026-02-13T22:20:57.846+0000] {processor.py:153} INFO - Started process (PID=112) to work on /home/airflow/.local/lib/python3.7/site-packages/airflow/example_dags/example_sensors.py
[2026-02-13T22:20:57.849+0000] {processor.py:743} INFO - Processing file /home/airflow/.local/lib/python3.7/site-packages/airflow/example_dags/example_sensors.py for tasks to queue
[2026-02-13T22:20:57.849+0000] {logging_mixin.py:137} INFO - [2026-02-13T22:20:57.849+0000] {dagbag.py:538} INFO - Filling up the DagBag from /home/airflow/.local/lib/python3.7/site-packages/airflow/example_dags/example_sensors.py
[2026-02-13T22:20:57.862+0000] {processor.py:753} INFO - DAG(s) dict_keys(['example_sensors']) retrieved from /home/airflow/.local/lib/python3.7/site-packages/airflow/example_dags/example_sensors.py
[2026-02-13T22:20:57.868+0000] {logging_mixin.py:137} INFO - [2026-02-13T22:20:57.868+0000] {dag.py:2690} INFO - Sync 1 DAGs
[2026-02-13T22:20:57.881+0000] {logging_mixin.py:137} INFO - [2026-02-13T22:20:57.881+0000] {dag.py:3441} INFO - Setting next_dagrun for example_sensors to None, run_after=None
[2026-02-13T22:20:57.894+0000] {processor.py:175} INFO - Processing /home/airflow/.local/lib/python3.7/site-packages/airflow/example_dags/example_sensors.py took 0.049 seconds
[2026-02-13T22:21:28.573+0000] {processor.py:153} INFO - Started process (PID=193) to work on /home/airflow/.local/lib/python3.7/site-packages/airflow/example_dags/example_sensors.py
[2026-02-13T22:21:28.575+0000] {processor.py:743} INFO - Processing file /home/airflow/.local/lib/python3.7/site-packages/airflow/example_dags/example_sensors.py for tasks to queue
[2026-02-13T22:21:28.576+0000] {logging_mixin.py:137} INFO - [2026-02-13T22:21:28.576+0000] {dagbag.py:538} INFO - Filling up the DagBag from /home/airflow/.local/lib/python3.7/site-packages/airflow/example_dags/example_sensors.py
[2026-02-13T22:21:28.586+0000] {processor.py:753} INFO - DAG(s) dict_keys(['example_sensors']) retrieved from /home/airflow/.local/lib/python3.7/site-packages/airflow/example_dags/example_sensors.py
[2026-02-13T22:21:28.608+0000] {logging_mixin.py:137} INFO - [2026-02-13T22:21:28.608+0000] {dag.py:2690} INFO - Sync 1 DAGs
[2026-02-13T22:21:28.622+0000] {logging_mixin.py:137} INFO - [2026-02-13T22:21:28.622+0000] {dag.py:3441} INFO - Setting next_dagrun for example_sensors to None, run_after=None
[2026-02-13T22:21:28.634+0000] {processor.py:175} INFO - Processing /home/airflow/.local/lib/python3.7/site-packages/airflow/example_dags/example_sensors.py took 0.063 seconds
[2026-02-13T22:21:59.660+0000] {processor.py:153} INFO - Started process (PID=275) to work on /home/airflow/.local/lib/python3.7/site-packages/airflow/example_dags/example_sensors.py
[2026-02-13T22:21:59.661+0000] {processor.py:743} INFO - Processing file /home/airflow/.local/lib/python3.7/site-packages/airflow/example_dags/example_sensors.py for tasks to queue
[2026-02-13T22:21:59.661+0000] {logging_mixin.py:137} INFO - [2026-02-13T22:21:59.661+0000] {dagbag.py:538} INFO - Filling up the DagBag from /home/airflow/.local/lib/python3.7/site-packages/airflow/example_dags/example_sensors.py
[2026-02-13T22:21:59.670+0000] {processor.py:753} INFO - DAG(s) dict_keys(['example_sensors']) retrieved from /home/airflow/.local/lib/python3.7/site-packages/airflow/example_dags/example_sensors.py
[2026-02-13T22:21:59.682+0000] {logging_mixin.py:137} INFO - [2026-02-13T22:21:59.682+0000] {dag.py:2690} INFO - Sync 1 DAGs
[2026-02-13T22:21:59.693+0000] {logging_mixin.py:137} INFO - [2026-02-13T22:21:59.693+0000] {dag.py:3441} INFO - Setting next_dagrun for example_sensors to None, run_after=None
[2026-02-13T22:21:59.704+0000] {processor.py:175} INFO - Processing /home/airflow/.local/lib/python3.7/site-packages/airflow/example_dags/example_sensors.py took 0.046 seconds
[2026-02-13T22:22:30.215+0000] {processor.py:153} INFO - Started process (PID=365) to work on /home/airflow/.local/lib/python3.7/site-packages/airflow/example_dags/example_sensors.py
[2026-02-13T22:22:30.215+0000] {processor.py:743} INFO - Processing file /home/airflow/.local/lib/python3.7/site-packages/airflow/example_dags/example_sensors.py for tasks to queue
[2026-02-13T22:22:30.216+0000] {logging_mixin.py:137} INFO - [2026-02-13T22:22:30.216+0000] {dagbag.py:538} INFO - Filling up the DagBag from /home/airflow/.local/lib/python3.7/site-packages/airflow/example_dags/example_sensors.py
[2026-02-13T22:22:30.224+0000] {processor.py:753} INFO - DAG(s) dict_keys(['example_sensors']) retrieved from /home/airflow/.local/lib/python3.7/site-packages/airflow/example_dags/example_sensors.py
[2026-02-13T22:22:30.237+0000] {logging_mixin.py:137} INFO - [2026-02-13T22:22:30.237+0000] {dag.py:2690} INFO - Sync 1 DAGs
[2026-02-13T22:22:30.248+0000] {logging_mixin.py:137} INFO - [2026-02-13T22:22:30.248+0000] {dag.py:3441} INFO - Setting next_dagrun for example_sensors to None, run_after=None
[2026-02-13T22:22:30.260+0000] {processor.py:175} INFO - Processing /home/airflow/.local/lib/python3.7/site-packages/airflow/example_dags/example_sensors.py took 0.047 seconds
[2026-02-13T22:23:00.931+0000] {processor.py:153} INFO - Started process (PID=454) to work on /home/airflow/.local/lib/python3.7/site-packages/airflow/example_dags/example_sensors.py
[2026-02-13T22:23:00.932+0000] {processor.py:743} INFO - Processing file /home/airflow/.local/lib/python3.7/site-packages/airflow/example_dags/example_sensors.py for tasks to queue
[2026-02-13T22:23:00.933+0000] {logging_mixin.py:137} INFO - [2026-02-13T22:23:00.933+0000] {dagbag.py:538} INFO - Filling up the DagBag from /home/airflow/.local/lib/python3.7/site-packages/airflow/example_dags/example_sensors.py
[2026-02-13T22:23:00.941+0000] {processor.py:753} INFO - DAG(s) dict_keys(['example_sensors']) retrieved from /home/airflow/.local/lib/python3.7/site-packages/airflow/example_dags/example_sensors.py
[2026-02-13T22:23:00.955+0000] {logging_mixin.py:137} INFO - [2026-02-13T22:23:00.955+0000] {dag.py:2690} INFO - Sync 1 DAGs
[2026-02-13T22:23:00.967+0000] {logging_mixin.py:137} INFO - [2026-02-13T22:23:00.967+0000] {dag.py:3441} INFO - Setting next_dagrun for example_sensors to None, run_after=None
[2026-02-13T22:23:00.979+0000] {processor.py:175} INFO - Processing /home/airflow/.local/lib/python3.7/site-packages/airflow/example_dags/example_sensors.py took 0.050 seconds
[2026-02-13T22:23:31.591+0000] {processor.py:153} INFO - Started process (PID=535) to work on /home/airflow/.local/lib/python3.7/site-packages/airflow/example_dags/example_sensors.py
[2026-02-13T22:23:31.594+0000] {processor.py:743} INFO - Processing file /home/airflow/.local/lib/python3.7/site-packages/airflow/example_dags/example_sensors.py for tasks to queue
[2026-02-13T22:23:31.594+0000] {logging_mixin.py:137} INFO - [2026-02-13T22:23:31.594+0000] {dagbag.py:538} INFO - Filling up the DagBag from /home/airflow/.local/lib/python3.7/site-packages/airflow/example_dags/example_sensors.py
[2026-02-13T22:23:31.606+0000] {processor.py:753} INFO - DAG(s) dict_keys(['example_sensors']) retrieved from /home/airflow/.local/lib/python3.7/site-packages/airflow/example_dags/example_sensors.py
[2026-02-13T22:23:31.624+0000] {logging_mixin.py:137} INFO - [2026-02-13T22:23:31.624+0000] {dag.py:2690} INFO - Sync 1 DAGs
[2026-02-13T22:23:31.637+0000] {logging_mixin.py:137} INFO - [2026-02-13T22:23:31.637+0000] {dag.py:3441} INFO - Setting next_dagrun for example_sensors to None, run_after=None
[2026-02-13T22:23:31.651+0000] {processor.py:175} INFO - Processing /home/airflow/.local/lib/python3.7/site-packages/airflow/example_dags/example_sensors.py took 0.061 seconds
[2026-02-13T22:24:02.292+0000] {processor.py:153} INFO - Started process (PID=615) to work on /home/airflow/.local/lib/python3.7/site-packages/airflow/example_dags/example_sensors.py
[2026-02-13T22:24:02.292+0000] {processor.py:743} INFO - Processing file /home/airflow/.local/lib/python3.7/site-packages/airflow/example_dags/example_sensors.py for tasks to queue
[2026-02-13T22:24:02.293+0000] {logging_mixin.py:137} INFO - [2026-02-13T22:24:02.293+0000] {dagbag.py:538} INFO - Filling up the DagBag from /home/airflow/.local/lib/python3.7/site-packages/airflow/example_dags/example_sensors.py
[2026-02-13T22:24:02.300+0000] {processor.py:753} INFO - DAG(s) dict_keys(['example_sensors']) retrieved from /home/airflow/.local/lib/python3.7/site-packages/airflow/example_dags/example_sensors.py
[2026-02-13T22:24:02.313+0000] {logging_mixin.py:137} INFO - [2026-02-13T22:24:02.313+0000] {dag.py:2690} INFO - Sync 1 DAGs
[2026-02-13T22:24:02.325+0000] {logging_mixin.py:137} INFO - [2026-02-13T22:24:02.325+0000] {dag.py:3441} INFO - Setting next_dagrun for example_sensors to None, run_after=None
[2026-02-13T22:24:02.332+0000] {processor.py:175} INFO - Processing /home/airflow/.local/lib/python3.7/site-packages/airflow/example_dags/example_sensors.py took 0.041 seconds
[2026-02-13T22:24:33.040+0000] {processor.py:153} INFO - Started process (PID=704) to work on /home/airflow/.local/lib/python3.7/site-packages/airflow/example_dags/example_sensors.py
[2026-02-13T22:24:33.042+0000] {processor.py:743} INFO - Processing file /home/airflow/.local/lib/python3.7/site-packages/airflow/example_dags/example_sensors.py for tasks to queue
[2026-02-13T22:24:33.043+0000] {logging_mixin.py:137} INFO - [2026-02-13T22:24:33.043+0000] {dagbag.py:538} INFO - Filling up the DagBag from /home/airflow/.local/lib/python3.7/site-packages/airflow/example_dags/example_sensors.py
[2026-02-13T22:24:33.052+0000] {processor.py:753} INFO - DAG(s) dict_keys(['example_sensors']) retrieved from /home/airflow/.local/lib/python3.7/site-packages/airflow/example_dags/example_sensors.py
[2026-02-13T22:24:33.067+0000] {logging_mixin.py:137} INFO - [2026-02-13T22:24:33.067+0000] {dag.py:2690} INFO - Sync 1 DAGs
[2026-02-13T22:24:33.079+0000] {logging_mixin.py:137} INFO - [2026-02-13T22:24:33.079+0000] {dag.py:3441} INFO - Setting next_dagrun for example_sensors to None, run_after=None
[2026-02-13T22:24:33.093+0000] {processor.py:175} INFO - Processing /home/airflow/.local/lib/python3.7/site-packages/airflow/example_dags/example_sensors.py took 0.054 seconds
[2026-02-13T22:25:03.653+0000] {processor.py:153} INFO - Started process (PID=793) to work on /home/airflow/.local/lib/python3.7/site-packages/airflow/example_dags/example_sensors.py
[2026-02-13T22:25:03.655+0000] {processor.py:743} INFO - Processing file /home/airflow/.local/lib/python3.7/site-packages/airflow/example_dags/example_sensors.py for tasks to queue
[2026-02-13T22:25:03.656+0000] {logging_mixin.py:137} INFO - [2026-02-13T22:25:03.656+0000] {dagbag.py:538} INFO - Filling up the DagBag from /home/airflow/.local/lib/python3.7/site-packages/airflow/example_dags/example_sensors.py
[2026-02-13T22:25:03.664+0000] {processor.py:753} INFO - DAG(s) dict_keys(['example_sensors']) retrieved from /home/airflow/.local/lib/python3.7/site-packages/airflow/example_dags/example_sensors.py
[2026-02-13T22:25:03.676+0000] {logging_mixin.py:137} INFO - [2026-02-13T22:25:03.676+0000] {dag.py:2690} INFO - Sync 1 DAGs
[2026-02-13T22:25:03.690+0000] {logging_mixin.py:137} INFO - [2026-02-13T22:25:03.690+0000] {dag.py:3441} INFO - Setting next_dagrun for example_sensors to None, run_after=None
[2026-02-13T22:25:03.699+0000] {processor.py:175} INFO - Processing /home/airflow/.local/lib/python3.7/site-packages/airflow/example_dags/example_sensors.py took 0.047 seconds
[2026-02-13T22:25:34.400+0000] {processor.py:153} INFO - Started process (PID=882) to work on /home/airflow/.local/lib/python3.7/site-packages/airflow/example_dags/example_sensors.py
[2026-02-13T22:25:34.400+0000] {processor.py:743} INFO - Processing file /home/airflow/.local/lib/python3.7/site-packages/airflow/example_dags/example_sensors.py for tasks to queue
[2026-02-13T22:25:34.402+0000] {logging_mixin.py:137} INFO - [2026-02-13T22:25:34.402+0000] {dagbag.py:538} INFO - Filling up the DagBag from /home/airflow/.local/lib/python3.7/site-packages/airflow/example_dags/example_sensors.py
[2026-02-13T22:25:34.411+0000] {processor.py:753} INFO - DAG(s) dict_keys(['example_sensors']) retrieved from /home/airflow/.local/lib/python3.7/site-packages/airflow/example_dags/example_sensors.py
[2026-02-13T22:25:34.425+0000] {logging_mixin.py:137} INFO - [2026-02-13T22:25:34.425+0000] {dag.py:2690} INFO - Sync 1 DAGs
[2026-02-13T22:25:34.441+0000] {logging_mixin.py:137} INFO - [2026-02-13T22:25:34.441+0000] {dag.py:3441} INFO - Setting next_dagrun for example_sensors to None, run_after=None
[2026-02-13T22:25:34.452+0000] {processor.py:175} INFO - Processing /home/airflow/.local/lib/python3.7/site-packages/airflow/example_dags/example_sensors.py took 0.054 seconds
[2026-02-13T22:26:04.906+0000] {processor.py:153} INFO - Started process (PID=955) to work on /home/airflow/.local/lib/python3.7/site-packages/airflow/example_dags/example_sensors.py
[2026-02-13T22:26:04.907+0000] {processor.py:743} INFO - Processing file /home/airflow/.local/lib/python3.7/site-packages/airflow/example_dags/example_sensors.py for tasks to queue
[2026-02-13T22:26:04.908+0000] {logging_mixin.py:137} INFO - [2026-02-13T22:26:04.907+0000] {dagbag.py:538} INFO - Filling up the DagBag from /home/airflow/.local/lib/python3.7/site-packages/airflow/example_dags/example_sensors.py
[2026-02-13T22:26:04.916+0000] {processor.py:753} INFO - DAG(s) dict_keys(['example_sensors']) retrieved from /home/airflow/.local/lib/python3.7/site-packages/airflow/example_dags/example_sensors.py
[2026-02-13T22:26:04.930+0000] {logging_mixin.py:137} INFO - [2026-02-13T22:26:04.930+0000] {dag.py:2690} INFO - Sync 1 DAGs
[2026-02-13T22:26:04.941+0000] {logging_mixin.py:137} INFO - [2026-02-13T22:26:04.941+0000] {dag.py:3441} INFO - Setting next_dagrun for example_sensors to None, run_after=None
[2026-02-13T22:26:04.951+0000] {processor.py:175} INFO - Processing /home/airflow/.local/lib/python3.7/site-packages/airflow/example_dags/example_sensors.py took 0.047 seconds
[2026-02-13T22:26:35.640+0000] {processor.py:153} INFO - Started process (PID=1044) to work on /home/airflow/.local/lib/python3.7/site-packages/airflow/example_dags/example_sensors.py
[2026-02-13T22:26:35.643+0000] {processor.py:743} INFO - Processing file /home/airflow/.local/lib/python3.7/site-packages/airflow/example_dags/example_sensors.py for tasks to queue
[2026-02-13T22:26:35.645+0000] {logging_mixin.py:137} INFO - [2026-02-13T22:26:35.645+0000] {dagbag.py:538} INFO - Filling up the DagBag from /home/airflow/.local/lib/python3.7/site-packages/airflow/example_dags/example_sensors.py
[2026-02-13T22:26:35.659+0000] {processor.py:753} INFO - DAG(s) dict_keys(['example_sensors']) retrieved from /home/airflow/.local/lib/python3.7/site-packages/airflow/example_dags/example_sensors.py
[2026-02-13T22:26:35.678+0000] {logging_mixin.py:137} INFO - [2026-02-13T22:26:35.676+0000] {dag.py:2690} INFO - Sync 1 DAGs
[2026-02-13T22:26:35.691+0000] {logging_mixin.py:137} INFO - [2026-02-13T22:26:35.691+0000] {dag.py:3441} INFO - Setting next_dagrun for example_sensors to None, run_after=None
[2026-02-13T22:26:35.703+0000] {processor.py:175} INFO - Processing /home/airflow/.local/lib/python3.7/site-packages/airflow/example_dags/example_sensors.py took 0.070 seconds
[2026-02-13T22:27:06.285+0000] {processor.py:153} INFO - Started process (PID=1133) to work on /home/airflow/.local/lib/python3.7/site-packages/airflow/example_dags/example_sensors.py
[2026-02-13T22:27:06.287+0000] {processor.py:743} INFO - Processing file /home/airflow/.local/lib/python3.7/site-packages/airflow/example_dags/example_sensors.py for tasks to queue
[2026-02-13T22:27:06.287+0000] {logging_mixin.py:137} INFO - [2026-02-13T22:27:06.287+0000] {dagbag.py:538} INFO - Filling up the DagBag from /home/airflow/.local/lib/python3.7/site-packages/airflow/example_dags/example_sensors.py
[2026-02-13T22:27:06.295+0000] {processor.py:753} INFO - DAG(s) dict_keys(['example_sensors']) retrieved from /home/airflow/.local/lib/python3.7/site-packages/airflow/example_dags/example_sensors.py
[2026-02-13T22:27:06.309+0000] {logging_mixin.py:137} INFO - [2026-02-13T22:27:06.309+0000] {dag.py:2690} INFO - Sync 1 DAGs
[2026-02-13T22:27:06.322+0000] {logging_mixin.py:137} INFO - [2026-02-13T22:27:06.322+0000] {dag.py:3441} INFO - Setting next_dagrun for example_sensors to None, run_after=None
[2026-02-13T22:27:06.334+0000] {processor.py:175} INFO - Processing /home/airflow/.local/lib/python3.7/site-packages/airflow/example_dags/example_sensors.py took 0.050 seconds
[2026-02-13T22:27:36.894+0000] {processor.py:153} INFO - Started process (PID=1222) to work on /home/airflow/.local/lib/python3.7/site-packages/airflow/example_dags/example_sensors.py
[2026-02-13T22:27:36.895+0000] {processor.py:743} INFO - Processing file /home/airflow/.local/lib/python3.7/site-packages/airflow/example_dags/example_sensors.py for tasks to queue
[2026-02-13T22:27:36.896+0000] {logging_mixin.py:137} INFO - [2026-02-13T22:27:36.896+0000] {dagbag.py:538} INFO - Filling up the DagBag from /home/airflow/.local/lib/python3.7/site-packages/airflow/example_dags/example_sensors.py
[2026-02-13T22:27:36.904+0000] {processor.py:753} INFO - DAG(s) dict_keys(['example_sensors']) retrieved from /home/airflow/.local/lib/python3.7/site-packages/airflow/example_dags/example_sensors.py
[2026-02-13T22:27:36.916+0000] {logging_mixin.py:137} INFO - [2026-02-13T22:27:36.916+0000] {dag.py:2690} INFO - Sync 1 DAGs
[2026-02-13T22:27:36.928+0000] {logging_mixin.py:137} INFO - [2026-02-13T22:27:36.928+0000] {dag.py:3441} INFO - Setting next_dagrun for example_sensors to None, run_after=None
[2026-02-13T22:27:36.938+0000] {processor.py:175} INFO - Processing /home/airflow/.local/lib/python3.7/site-packages/airflow/example_dags/example_sensors.py took 0.045 seconds
[2026-02-13T22:28:07.705+0000] {processor.py:153} INFO - Started process (PID=1295) to work on /home/airflow/.local/lib/python3.7/site-packages/airflow/example_dags/example_sensors.py
[2026-02-13T22:28:07.707+0000] {processor.py:743} INFO - Processing file /home/airflow/.local/lib/python3.7/site-packages/airflow/example_dags/example_sensors.py for tasks to queue
[2026-02-13T22:28:07.707+0000] {logging_mixin.py:137} INFO - [2026-02-13T22:28:07.707+0000] {dagbag.py:538} INFO - Filling up the DagBag from /home/airflow/.local/lib/python3.7/site-packages/airflow/example_dags/example_sensors.py
[2026-02-13T22:28:07.715+0000] {processor.py:753} INFO - DAG(s) dict_keys(['example_sensors']) retrieved from /home/airflow/.local/lib/python3.7/site-packages/airflow/example_dags/example_sensors.py
[2026-02-13T22:28:07.728+0000] {logging_mixin.py:137} INFO - [2026-02-13T22:28:07.728+0000] {dag.py:2690} INFO - Sync 1 DAGs
[2026-02-13T22:28:07.739+0000] {logging_mixin.py:137} INFO - [2026-02-13T22:28:07.739+0000] {dag.py:3441} INFO - Setting next_dagrun for example_sensors to None, run_after=None
[2026-02-13T22:28:07.751+0000] {processor.py:175} INFO - Processing /home/airflow/.local/lib/python3.7/site-packages/airflow/example_dags/example_sensors.py took 0.046 seconds
[2026-02-13T22:28:38.281+0000] {processor.py:153} INFO - Started process (PID=1384) to work on /home/airflow/.local/lib/python3.7/site-packages/airflow/example_dags/example_sensors.py
[2026-02-13T22:28:38.282+0000] {processor.py:743} INFO - Processing file /home/airflow/.local/lib/python3.7/site-packages/airflow/example_dags/example_sensors.py for tasks to queue
[2026-02-13T22:28:38.282+0000] {logging_mixin.py:137} INFO - [2026-02-13T22:28:38.282+0000] {dagbag.py:538} INFO - Filling up the DagBag from /home/airflow/.local/lib/python3.7/site-packages/airflow/example_dags/example_sensors.py
[2026-02-13T22:28:38.295+0000] {processor.py:753} INFO - DAG(s) dict_keys(['example_sensors']) retrieved from /home/airflow/.local/lib/python3.7/site-packages/airflow/example_dags/example_sensors.py
[2026-02-13T22:28:38.311+0000] {logging_mixin.py:137} INFO - [2026-02-13T22:28:38.311+0000] {dag.py:2690} INFO - Sync 1 DAGs
[2026-02-13T22:28:38.322+0000] {logging_mixin.py:137} INFO - [2026-02-13T22:28:38.322+0000] {dag.py:3441} INFO - Setting next_dagrun for example_sensors to None, run_after=None
[2026-02-13T22:28:38.335+0000] {processor.py:175} INFO - Processing /home/airflow/.local/lib/python3.7/site-packages/airflow/example_dags/example_sensors.py took 0.056 seconds
[2026-02-13T22:29:08.963+0000] {processor.py:153} INFO - Started process (PID=1473) to work on /home/airflow/.local/lib/python3.7/site-packages/airflow/example_dags/example_sensors.py
[2026-02-13T22:29:08.964+0000] {processor.py:743} INFO - Processing file /home/airflow/.local/lib/python3.7/site-packages/airflow/example_dags/example_sensors.py for tasks to queue
[2026-02-13T22:29:08.965+0000] {logging_mixin.py:137} INFO - [2026-02-13T22:29:08.965+0000] {dagbag.py:538} INFO - Filling up the DagBag from /home/airflow/.local/lib/python3.7/site-packages/airflow/example_dags/example_sensors.py
[2026-02-13T22:29:08.976+0000] {processor.py:753} INFO - DAG(s) dict_keys(['example_sensors']) retrieved from /home/airflow/.local/lib/python3.7/site-packages/airflow/example_dags/example_sensors.py
[2026-02-13T22:29:08.991+0000] {logging_mixin.py:137} INFO - [2026-02-13T22:29:08.990+0000] {dag.py:2690} INFO - Sync 1 DAGs
[2026-02-13T22:29:09.001+0000] {logging_mixin.py:137} INFO - [2026-02-13T22:29:09.001+0000] {dag.py:3441} INFO - Setting next_dagrun for example_sensors to None, run_after=None
[2026-02-13T22:29:09.013+0000] {processor.py:175} INFO - Processing /home/airflow/.local/lib/python3.7/site-packages/airflow/example_dags/example_sensors.py took 0.051 seconds
[2026-02-13T22:29:39.527+0000] {processor.py:153} INFO - Started process (PID=1562) to work on /home/airflow/.local/lib/python3.7/site-packages/airflow/example_dags/example_sensors.py
[2026-02-13T22:29:39.528+0000] {processor.py:743} INFO - Processing file /home/airflow/.local/lib/python3.7/site-packages/airflow/example_dags/example_sensors.py for tasks to queue
[2026-02-13T22:29:39.528+0000] {logging_mixin.py:137} INFO - [2026-02-13T22:29:39.528+0000] {dagbag.py:538} INFO - Filling up the DagBag from /home/airflow/.local/lib/python3.7/site-packages/airflow/example_dags/example_sensors.py
[2026-02-13T22:29:39.535+0000] {processor.py:753} INFO - DAG(s) dict_keys(['example_sensors']) retrieved from /home/airflow/.local/lib/python3.7/site-packages/airflow/example_dags/example_sensors.py
[2026-02-13T22:29:39.548+0000] {logging_mixin.py:137} INFO - [2026-02-13T22:29:39.548+0000] {dag.py:2690} INFO - Sync 1 DAGs
[2026-02-13T22:29:39.562+0000] {logging_mixin.py:137} INFO - [2026-02-13T22:29:39.562+0000] {dag.py:3441} INFO - Setting next_dagrun for example_sensors to None, run_after=None
[2026-02-13T22:29:39.569+0000] {processor.py:175} INFO - Processing /home/airflow/.local/lib/python3.7/site-packages/airflow/example_dags/example_sensors.py took 0.043 seconds
[2026-02-13T22:30:10.412+0000] {processor.py:153} INFO - Started process (PID=1651) to work on /home/airflow/.local/lib/python3.7/site-packages/airflow/example_dags/example_sensors.py
[2026-02-13T22:30:10.413+0000] {processor.py:743} INFO - Processing file /home/airflow/.local/lib/python3.7/site-packages/airflow/example_dags/example_sensors.py for tasks to queue
[2026-02-13T22:30:10.413+0000] {logging_mixin.py:137} INFO - [2026-02-13T22:30:10.413+0000] {dagbag.py:538} INFO - Filling up the DagBag from /home/airflow/.local/lib/python3.7/site-packages/airflow/example_dags/example_sensors.py
[2026-02-13T22:30:10.424+0000] {processor.py:753} INFO - DAG(s) dict_keys(['example_sensors']) retrieved from /home/airflow/.local/lib/python3.7/site-packages/airflow/example_dags/example_sensors.py
[2026-02-13T22:30:10.441+0000] {logging_mixin.py:137} INFO - [2026-02-13T22:30:10.441+0000] {dag.py:2690} INFO - Sync 1 DAGs
[2026-02-13T22:30:10.457+0000] {logging_mixin.py:137} INFO - [2026-02-13T22:30:10.456+0000] {dag.py:3441} INFO - Setting next_dagrun for example_sensors to None, run_after=None
[2026-02-13T22:30:10.474+0000] {processor.py:175} INFO - Processing /home/airflow/.local/lib/python3.7/site-packages/airflow/example_dags/example_sensors.py took 0.064 seconds
[2026-02-13T22:30:41.014+0000] {processor.py:153} INFO - Started process (PID=1724) to work on /home/airflow/.local/lib/python3.7/site-packages/airflow/example_dags/example_sensors.py
[2026-02-13T22:30:41.015+0000] {processor.py:743} INFO - Processing file /home/airflow/.local/lib/python3.7/site-packages/airflow/example_dags/example_sensors.py for tasks to queue
[2026-02-13T22:30:41.015+0000] {logging_mixin.py:137} INFO - [2026-02-13T22:30:41.015+0000] {dagbag.py:538} INFO - Filling up the DagBag from /home/airflow/.local/lib/python3.7/site-packages/airflow/example_dags/example_sensors.py
[2026-02-13T22:30:41.027+0000] {processor.py:753} INFO - DAG(s) dict_keys(['example_sensors']) retrieved from /home/airflow/.local/lib/python3.7/site-packages/airflow/example_dags/example_sensors.py
[2026-02-13T22:30:41.043+0000] {logging_mixin.py:137} INFO - [2026-02-13T22:30:41.043+0000] {dag.py:2690} INFO - Sync 1 DAGs
[2026-02-13T22:30:41.055+0000] {logging_mixin.py:137} INFO - [2026-02-13T22:30:41.055+0000] {dag.py:3441} INFO - Setting next_dagrun for example_sensors to None, run_after=None
[2026-02-13T22:30:41.071+0000] {processor.py:175} INFO - Processing /home/airflow/.local/lib/python3.7/site-packages/airflow/example_dags/example_sensors.py took 0.059 seconds
[2026-02-13T22:31:11.489+0000] {processor.py:153} INFO - Started process (PID=1813) to work on /home/airflow/.local/lib/python3.7/site-packages/airflow/example_dags/example_sensors.py
[2026-02-13T22:31:11.490+0000] {processor.py:743} INFO - Processing file /home/airflow/.local/lib/python3.7/site-packages/airflow/example_dags/example_sensors.py for tasks to queue
[2026-02-13T22:31:11.490+0000] {logging_mixin.py:137} INFO - [2026-02-13T22:31:11.490+0000] {dagbag.py:538} INFO - Filling up the DagBag from /home/airflow/.local/lib/python3.7/site-packages/airflow/example_dags/example_sensors.py
[2026-02-13T22:31:11.498+0000] {processor.py:753} INFO - DAG(s) dict_keys(['example_sensors']) retrieved from /home/airflow/.local/lib/python3.7/site-packages/airflow/example_dags/example_sensors.py
[2026-02-13T22:31:11.509+0000] {logging_mixin.py:137} INFO - [2026-02-13T22:31:11.509+0000] {dag.py:2690} INFO - Sync 1 DAGs
[2026-02-13T22:31:11.519+0000] {logging_mixin.py:137} INFO - [2026-02-13T22:31:11.519+0000] {dag.py:3441} INFO - Setting next_dagrun for example_sensors to None, run_after=None
[2026-02-13T22:31:11.525+0000] {processor.py:175} INFO - Processing /home/airflow/.local/lib/python3.7/site-packages/airflow/example_dags/example_sensors.py took 0.037 seconds
[2026-02-13T22:31:42.365+0000] {processor.py:153} INFO - Started process (PID=1902) to work on /home/airflow/.local/lib/python3.7/site-packages/airflow/example_dags/example_sensors.py
[2026-02-13T22:31:42.366+0000] {processor.py:743} INFO - Processing file /home/airflow/.local/lib/python3.7/site-packages/airflow/example_dags/example_sensors.py for tasks to queue
[2026-02-13T22:31:42.367+0000] {logging_mixin.py:137} INFO - [2026-02-13T22:31:42.367+0000] {dagbag.py:538} INFO - Filling up the DagBag from /home/airflow/.local/lib/python3.7/site-packages/airflow/example_dags/example_sensors.py
[2026-02-13T22:31:42.380+0000] {processor.py:753} INFO - DAG(s) dict_keys(['example_sensors']) retrieved from /home/airflow/.local/lib/python3.7/site-packages/airflow/example_dags/example_sensors.py
[2026-02-13T22:31:42.405+0000] {logging_mixin.py:137} INFO - [2026-02-13T22:31:42.404+0000] {dag.py:2690} INFO - Sync 1 DAGs
[2026-02-13T22:31:42.419+0000] {logging_mixin.py:137} INFO - [2026-02-13T22:31:42.419+0000] {dag.py:3441} INFO - Setting next_dagrun for example_sensors to None, run_after=None
[2026-02-13T22:31:42.431+0000] {processor.py:175} INFO - Processing /home/airflow/.local/lib/python3.7/site-packages/airflow/example_dags/example_sensors.py took 0.071 seconds
[2026-02-13T22:32:13.672+0000] {processor.py:153} INFO - Started process (PID=1990) to work on /home/airflow/.local/lib/python3.7/site-packages/airflow/example_dags/example_sensors.py
[2026-02-13T22:32:13.674+0000] {processor.py:743} INFO - Processing file /home/airflow/.local/lib/python3.7/site-packages/airflow/example_dags/example_sensors.py for tasks to queue
[2026-02-13T22:32:13.674+0000] {logging_mixin.py:137} INFO - [2026-02-13T22:32:13.674+0000] {dagbag.py:538} INFO - Filling up the DagBag from /home/airflow/.local/lib/python3.7/site-packages/airflow/example_dags/example_sensors.py
[2026-02-13T22:32:13.686+0000] {processor.py:753} INFO - DAG(s) dict_keys(['example_sensors']) retrieved from /home/airflow/.local/lib/python3.7/site-packages/airflow/example_dags/example_sensors.py
[2026-02-13T22:32:13.705+0000] {logging_mixin.py:137} INFO - [2026-02-13T22:32:13.705+0000] {dag.py:2690} INFO - Sync 1 DAGs
[2026-02-13T22:32:13.719+0000] {logging_mixin.py:137} INFO - [2026-02-13T22:32:13.719+0000] {dag.py:3441} INFO - Setting next_dagrun for example_sensors to None, run_after=None
[2026-02-13T22:32:13.733+0000] {processor.py:175} INFO - Processing /home/airflow/.local/lib/python3.7/site-packages/airflow/example_dags/example_sensors.py took 0.063 seconds
[2026-02-13T22:32:44.535+0000] {processor.py:153} INFO - Started process (PID=2063) to work on /home/airflow/.local/lib/python3.7/site-packages/airflow/example_dags/example_sensors.py
[2026-02-13T22:32:44.538+0000] {processor.py:743} INFO - Processing file /home/airflow/.local/lib/python3.7/site-packages/airflow/example_dags/example_sensors.py for tasks to queue
[2026-02-13T22:32:44.538+0000] {logging_mixin.py:137} INFO - [2026-02-13T22:32:44.538+0000] {dagbag.py:538} INFO - Filling up the DagBag from /home/airflow/.local/lib/python3.7/site-packages/airflow/example_dags/example_sensors.py
[2026-02-13T22:32:44.545+0000] {processor.py:753} INFO - DAG(s) dict_keys(['example_sensors']) retrieved from /home/airflow/.local/lib/python3.7/site-packages/airflow/example_dags/example_sensors.py
[2026-02-13T22:32:44.562+0000] {logging_mixin.py:137} INFO - [2026-02-13T22:32:44.562+0000] {dag.py:2690} INFO - Sync 1 DAGs
[2026-02-13T22:32:44.574+0000] {logging_mixin.py:137} INFO - [2026-02-13T22:32:44.574+0000] {dag.py:3441} INFO - Setting next_dagrun for example_sensors to None, run_after=None
[2026-02-13T22:32:44.586+0000] {processor.py:175} INFO - Processing /home/airflow/.local/lib/python3.7/site-packages/airflow/example_dags/example_sensors.py took 0.053 seconds
[2026-02-13T22:34:05.122+0000] {processor.py:153} INFO - Started process (PID=114) to work on /home/airflow/.local/lib/python3.7/site-packages/airflow/example_dags/example_sensors.py
[2026-02-13T22:34:05.123+0000] {processor.py:743} INFO - Processing file /home/airflow/.local/lib/python3.7/site-packages/airflow/example_dags/example_sensors.py for tasks to queue
[2026-02-13T22:34:05.123+0000] {logging_mixin.py:137} INFO - [2026-02-13T22:34:05.123+0000] {dagbag.py:538} INFO - Filling up the DagBag from /home/airflow/.local/lib/python3.7/site-packages/airflow/example_dags/example_sensors.py
[2026-02-13T22:34:05.136+0000] {processor.py:753} INFO - DAG(s) dict_keys(['example_sensors']) retrieved from /home/airflow/.local/lib/python3.7/site-packages/airflow/example_dags/example_sensors.py
[2026-02-13T22:34:05.153+0000] {logging_mixin.py:137} INFO - [2026-02-13T22:34:05.153+0000] {dag.py:2690} INFO - Sync 1 DAGs
[2026-02-13T22:34:05.170+0000] {logging_mixin.py:137} INFO - [2026-02-13T22:34:05.170+0000] {dag.py:3441} INFO - Setting next_dagrun for example_sensors to None, run_after=None
[2026-02-13T22:34:05.179+0000] {processor.py:175} INFO - Processing /home/airflow/.local/lib/python3.7/site-packages/airflow/example_dags/example_sensors.py took 0.059 seconds
[2026-02-13T22:34:35.987+0000] {processor.py:153} INFO - Started process (PID=205) to work on /home/airflow/.local/lib/python3.7/site-packages/airflow/example_dags/example_sensors.py
[2026-02-13T22:34:35.988+0000] {processor.py:743} INFO - Processing file /home/airflow/.local/lib/python3.7/site-packages/airflow/example_dags/example_sensors.py for tasks to queue
[2026-02-13T22:34:35.988+0000] {logging_mixin.py:137} INFO - [2026-02-13T22:34:35.988+0000] {dagbag.py:538} INFO - Filling up the DagBag from /home/airflow/.local/lib/python3.7/site-packages/airflow/example_dags/example_sensors.py
[2026-02-13T22:34:35.998+0000] {processor.py:753} INFO - DAG(s) dict_keys(['example_sensors']) retrieved from /home/airflow/.local/lib/python3.7/site-packages/airflow/example_dags/example_sensors.py
[2026-02-13T22:34:36.011+0000] {logging_mixin.py:137} INFO - [2026-02-13T22:34:36.011+0000] {dag.py:2690} INFO - Sync 1 DAGs
[2026-02-13T22:34:36.023+0000] {logging_mixin.py:137} INFO - [2026-02-13T22:34:36.023+0000] {dag.py:3441} INFO - Setting next_dagrun for example_sensors to None, run_after=None
[2026-02-13T22:34:36.034+0000] {processor.py:175} INFO - Processing /home/airflow/.local/lib/python3.7/site-packages/airflow/example_dags/example_sensors.py took 0.048 seconds
[2026-02-13T22:35:06.939+0000] {processor.py:153} INFO - Started process (PID=280) to work on /home/airflow/.local/lib/python3.7/site-packages/airflow/example_dags/example_sensors.py
[2026-02-13T22:35:06.939+0000] {processor.py:743} INFO - Processing file /home/airflow/.local/lib/python3.7/site-packages/airflow/example_dags/example_sensors.py for tasks to queue
[2026-02-13T22:35:06.940+0000] {logging_mixin.py:137} INFO - [2026-02-13T22:35:06.940+0000] {dagbag.py:538} INFO - Filling up the DagBag from /home/airflow/.local/lib/python3.7/site-packages/airflow/example_dags/example_sensors.py
[2026-02-13T22:35:06.950+0000] {processor.py:753} INFO - DAG(s) dict_keys(['example_sensors']) retrieved from /home/airflow/.local/lib/python3.7/site-packages/airflow/example_dags/example_sensors.py
[2026-02-13T22:35:06.964+0000] {logging_mixin.py:137} INFO - [2026-02-13T22:35:06.964+0000] {dag.py:2690} INFO - Sync 1 DAGs
[2026-02-13T22:35:06.976+0000] {logging_mixin.py:137} INFO - [2026-02-13T22:35:06.976+0000] {dag.py:3441} INFO - Setting next_dagrun for example_sensors to None, run_after=None
[2026-02-13T22:35:06.990+0000] {processor.py:175} INFO - Processing /home/airflow/.local/lib/python3.7/site-packages/airflow/example_dags/example_sensors.py took 0.053 seconds
[2026-02-13T22:35:37.754+0000] {processor.py:153} INFO - Started process (PID=372) to work on /home/airflow/.local/lib/python3.7/site-packages/airflow/example_dags/example_sensors.py
[2026-02-13T22:35:37.754+0000] {processor.py:743} INFO - Processing file /home/airflow/.local/lib/python3.7/site-packages/airflow/example_dags/example_sensors.py for tasks to queue
[2026-02-13T22:35:37.754+0000] {logging_mixin.py:137} INFO - [2026-02-13T22:35:37.754+0000] {dagbag.py:538} INFO - Filling up the DagBag from /home/airflow/.local/lib/python3.7/site-packages/airflow/example_dags/example_sensors.py
[2026-02-13T22:35:37.762+0000] {processor.py:753} INFO - DAG(s) dict_keys(['example_sensors']) retrieved from /home/airflow/.local/lib/python3.7/site-packages/airflow/example_dags/example_sensors.py
[2026-02-13T22:35:37.772+0000] {logging_mixin.py:137} INFO - [2026-02-13T22:35:37.772+0000] {dag.py:2690} INFO - Sync 1 DAGs
[2026-02-13T22:35:37.781+0000] {logging_mixin.py:137} INFO - [2026-02-13T22:35:37.781+0000] {dag.py:3441} INFO - Setting next_dagrun for example_sensors to None, run_after=None
[2026-02-13T22:35:37.787+0000] {processor.py:175} INFO - Processing /home/airflow/.local/lib/python3.7/site-packages/airflow/example_dags/example_sensors.py took 0.035 seconds
[2026-02-13T22:36:08.694+0000] {processor.py:153} INFO - Started process (PID=463) to work on /home/airflow/.local/lib/python3.7/site-packages/airflow/example_dags/example_sensors.py
[2026-02-13T22:36:08.695+0000] {processor.py:743} INFO - Processing file /home/airflow/.local/lib/python3.7/site-packages/airflow/example_dags/example_sensors.py for tasks to queue
[2026-02-13T22:36:08.696+0000] {logging_mixin.py:137} INFO - [2026-02-13T22:36:08.696+0000] {dagbag.py:538} INFO - Filling up the DagBag from /home/airflow/.local/lib/python3.7/site-packages/airflow/example_dags/example_sensors.py
[2026-02-13T22:36:08.706+0000] {processor.py:753} INFO - DAG(s) dict_keys(['example_sensors']) retrieved from /home/airflow/.local/lib/python3.7/site-packages/airflow/example_dags/example_sensors.py
[2026-02-13T22:36:08.721+0000] {logging_mixin.py:137} INFO - [2026-02-13T22:36:08.720+0000] {dag.py:2690} INFO - Sync 1 DAGs
[2026-02-13T22:36:08.732+0000] {logging_mixin.py:137} INFO - [2026-02-13T22:36:08.732+0000] {dag.py:3441} INFO - Setting next_dagrun for example_sensors to None, run_after=None
[2026-02-13T22:36:08.743+0000] {processor.py:175} INFO - Processing /home/airflow/.local/lib/python3.7/site-packages/airflow/example_dags/example_sensors.py took 0.051 seconds
[2026-02-13T22:36:39.463+0000] {processor.py:153} INFO - Started process (PID=555) to work on /home/airflow/.local/lib/python3.7/site-packages/airflow/example_dags/example_sensors.py
[2026-02-13T22:36:39.464+0000] {processor.py:743} INFO - Processing file /home/airflow/.local/lib/python3.7/site-packages/airflow/example_dags/example_sensors.py for tasks to queue
[2026-02-13T22:36:39.464+0000] {logging_mixin.py:137} INFO - [2026-02-13T22:36:39.464+0000] {dagbag.py:538} INFO - Filling up the DagBag from /home/airflow/.local/lib/python3.7/site-packages/airflow/example_dags/example_sensors.py
[2026-02-13T22:36:39.473+0000] {processor.py:753} INFO - DAG(s) dict_keys(['example_sensors']) retrieved from /home/airflow/.local/lib/python3.7/site-packages/airflow/example_dags/example_sensors.py
[2026-02-13T22:36:39.488+0000] {logging_mixin.py:137} INFO - [2026-02-13T22:36:39.487+0000] {dag.py:2690} INFO - Sync 1 DAGs
[2026-02-13T22:36:39.501+0000] {logging_mixin.py:137} INFO - [2026-02-13T22:36:39.501+0000] {dag.py:3441} INFO - Setting next_dagrun for example_sensors to None, run_after=None
[2026-02-13T22:36:39.514+0000] {processor.py:175} INFO - Processing /home/airflow/.local/lib/python3.7/site-packages/airflow/example_dags/example_sensors.py took 0.053 seconds
