[2026-02-13T21:49:32.529+0000] {processor.py:153} INFO - Started process (PID=75) to work on /home/airflow/.local/lib/python3.7/site-packages/airflow/example_dags/example_sla_dag.py
[2026-02-13T21:49:32.531+0000] {processor.py:743} INFO - Processing file /home/airflow/.local/lib/python3.7/site-packages/airflow/example_dags/example_sla_dag.py for tasks to queue
[2026-02-13T21:49:32.532+0000] {logging_mixin.py:137} INFO - [2026-02-13T21:49:32.532+0000] {dagbag.py:538} INFO - Filling up the DagBag from /home/airflow/.local/lib/python3.7/site-packages/airflow/example_dags/example_sla_dag.py
[2026-02-13T21:49:32.551+0000] {processor.py:753} INFO - DAG(s) dict_keys(['example_sla_dag']) retrieved from /home/airflow/.local/lib/python3.7/site-packages/airflow/example_dags/example_sla_dag.py
[2026-02-13T21:49:32.567+0000] {logging_mixin.py:137} INFO - [2026-02-13T21:49:32.567+0000] {dag.py:2690} INFO - Sync 1 DAGs
[2026-02-13T21:49:32.584+0000] {logging_mixin.py:137} INFO - [2026-02-13T21:49:32.584+0000] {dag.py:3441} INFO - Setting next_dagrun for example_sla_dag to 2026-02-13T21:46:00+00:00, run_after=2026-02-13T21:48:00+00:00
[2026-02-13T21:49:32.600+0000] {processor.py:175} INFO - Processing /home/airflow/.local/lib/python3.7/site-packages/airflow/example_dags/example_sla_dag.py took 0.074 seconds
[2026-02-13T21:50:03.036+0000] {processor.py:153} INFO - Started process (PID=163) to work on /home/airflow/.local/lib/python3.7/site-packages/airflow/example_dags/example_sla_dag.py
[2026-02-13T21:50:03.037+0000] {processor.py:743} INFO - Processing file /home/airflow/.local/lib/python3.7/site-packages/airflow/example_dags/example_sla_dag.py for tasks to queue
[2026-02-13T21:50:03.039+0000] {logging_mixin.py:137} INFO - [2026-02-13T21:50:03.039+0000] {dagbag.py:538} INFO - Filling up the DagBag from /home/airflow/.local/lib/python3.7/site-packages/airflow/example_dags/example_sla_dag.py
[2026-02-13T21:50:03.049+0000] {processor.py:753} INFO - DAG(s) dict_keys(['example_sla_dag']) retrieved from /home/airflow/.local/lib/python3.7/site-packages/airflow/example_dags/example_sla_dag.py
[2026-02-13T21:50:03.058+0000] {logging_mixin.py:137} INFO - [2026-02-13T21:50:03.058+0000] {dag.py:2690} INFO - Sync 1 DAGs
[2026-02-13T21:50:03.070+0000] {logging_mixin.py:137} INFO - [2026-02-13T21:50:03.070+0000] {dag.py:3441} INFO - Setting next_dagrun for example_sla_dag to 2026-02-13T21:48:00+00:00, run_after=2026-02-13T21:50:00+00:00
[2026-02-13T21:50:03.082+0000] {processor.py:175} INFO - Processing /home/airflow/.local/lib/python3.7/site-packages/airflow/example_dags/example_sla_dag.py took 0.047 seconds
[2026-02-13T21:50:33.747+0000] {processor.py:153} INFO - Started process (PID=252) to work on /home/airflow/.local/lib/python3.7/site-packages/airflow/example_dags/example_sla_dag.py
[2026-02-13T21:50:33.748+0000] {processor.py:743} INFO - Processing file /home/airflow/.local/lib/python3.7/site-packages/airflow/example_dags/example_sla_dag.py for tasks to queue
[2026-02-13T21:50:33.748+0000] {logging_mixin.py:137} INFO - [2026-02-13T21:50:33.748+0000] {dagbag.py:538} INFO - Filling up the DagBag from /home/airflow/.local/lib/python3.7/site-packages/airflow/example_dags/example_sla_dag.py
[2026-02-13T21:50:33.760+0000] {processor.py:753} INFO - DAG(s) dict_keys(['example_sla_dag']) retrieved from /home/airflow/.local/lib/python3.7/site-packages/airflow/example_dags/example_sla_dag.py
[2026-02-13T21:50:33.777+0000] {logging_mixin.py:137} INFO - [2026-02-13T21:50:33.776+0000] {dag.py:2690} INFO - Sync 1 DAGs
[2026-02-13T21:50:33.791+0000] {logging_mixin.py:137} INFO - [2026-02-13T21:50:33.790+0000] {dag.py:3441} INFO - Setting next_dagrun for example_sla_dag to 2026-02-13T21:48:00+00:00, run_after=2026-02-13T21:50:00+00:00
[2026-02-13T21:50:33.802+0000] {processor.py:175} INFO - Processing /home/airflow/.local/lib/python3.7/site-packages/airflow/example_dags/example_sla_dag.py took 0.056 seconds
[2026-02-13T21:51:04.163+0000] {processor.py:153} INFO - Started process (PID=324) to work on /home/airflow/.local/lib/python3.7/site-packages/airflow/example_dags/example_sla_dag.py
[2026-02-13T21:51:04.164+0000] {processor.py:743} INFO - Processing file /home/airflow/.local/lib/python3.7/site-packages/airflow/example_dags/example_sla_dag.py for tasks to queue
[2026-02-13T21:51:04.165+0000] {logging_mixin.py:137} INFO - [2026-02-13T21:51:04.164+0000] {dagbag.py:538} INFO - Filling up the DagBag from /home/airflow/.local/lib/python3.7/site-packages/airflow/example_dags/example_sla_dag.py
[2026-02-13T21:51:04.175+0000] {processor.py:753} INFO - DAG(s) dict_keys(['example_sla_dag']) retrieved from /home/airflow/.local/lib/python3.7/site-packages/airflow/example_dags/example_sla_dag.py
[2026-02-13T21:51:04.185+0000] {logging_mixin.py:137} INFO - [2026-02-13T21:51:04.185+0000] {dag.py:2690} INFO - Sync 1 DAGs
[2026-02-13T21:51:04.197+0000] {logging_mixin.py:137} INFO - [2026-02-13T21:51:04.197+0000] {dag.py:3441} INFO - Setting next_dagrun for example_sla_dag to 2026-02-13T21:48:00+00:00, run_after=2026-02-13T21:50:00+00:00
[2026-02-13T21:51:04.208+0000] {processor.py:175} INFO - Processing /home/airflow/.local/lib/python3.7/site-packages/airflow/example_dags/example_sla_dag.py took 0.046 seconds
[2026-02-13T21:51:34.588+0000] {processor.py:153} INFO - Started process (PID=412) to work on /home/airflow/.local/lib/python3.7/site-packages/airflow/example_dags/example_sla_dag.py
[2026-02-13T21:51:34.589+0000] {processor.py:743} INFO - Processing file /home/airflow/.local/lib/python3.7/site-packages/airflow/example_dags/example_sla_dag.py for tasks to queue
[2026-02-13T21:51:34.591+0000] {logging_mixin.py:137} INFO - [2026-02-13T21:51:34.590+0000] {dagbag.py:538} INFO - Filling up the DagBag from /home/airflow/.local/lib/python3.7/site-packages/airflow/example_dags/example_sla_dag.py
[2026-02-13T21:51:34.600+0000] {processor.py:753} INFO - DAG(s) dict_keys(['example_sla_dag']) retrieved from /home/airflow/.local/lib/python3.7/site-packages/airflow/example_dags/example_sla_dag.py
[2026-02-13T21:51:34.612+0000] {logging_mixin.py:137} INFO - [2026-02-13T21:51:34.612+0000] {dag.py:2690} INFO - Sync 1 DAGs
[2026-02-13T21:51:34.627+0000] {logging_mixin.py:137} INFO - [2026-02-13T21:51:34.627+0000] {dag.py:3441} INFO - Setting next_dagrun for example_sla_dag to 2026-02-13T21:48:00+00:00, run_after=2026-02-13T21:50:00+00:00
[2026-02-13T21:51:34.638+0000] {processor.py:175} INFO - Processing /home/airflow/.local/lib/python3.7/site-packages/airflow/example_dags/example_sla_dag.py took 0.051 seconds
[2026-02-13T21:52:05.020+0000] {processor.py:153} INFO - Started process (PID=500) to work on /home/airflow/.local/lib/python3.7/site-packages/airflow/example_dags/example_sla_dag.py
[2026-02-13T21:52:05.022+0000] {processor.py:743} INFO - Processing file /home/airflow/.local/lib/python3.7/site-packages/airflow/example_dags/example_sla_dag.py for tasks to queue
[2026-02-13T21:52:05.023+0000] {logging_mixin.py:137} INFO - [2026-02-13T21:52:05.022+0000] {dagbag.py:538} INFO - Filling up the DagBag from /home/airflow/.local/lib/python3.7/site-packages/airflow/example_dags/example_sla_dag.py
[2026-02-13T21:52:05.031+0000] {processor.py:753} INFO - DAG(s) dict_keys(['example_sla_dag']) retrieved from /home/airflow/.local/lib/python3.7/site-packages/airflow/example_dags/example_sla_dag.py
[2026-02-13T21:52:05.046+0000] {logging_mixin.py:137} INFO - [2026-02-13T21:52:05.046+0000] {dag.py:2690} INFO - Sync 1 DAGs
[2026-02-13T21:52:05.060+0000] {logging_mixin.py:137} INFO - [2026-02-13T21:52:05.060+0000] {dag.py:3441} INFO - Setting next_dagrun for example_sla_dag to 2026-02-13T21:50:00+00:00, run_after=2026-02-13T21:52:00+00:00
[2026-02-13T21:52:05.072+0000] {processor.py:175} INFO - Processing /home/airflow/.local/lib/python3.7/site-packages/airflow/example_dags/example_sla_dag.py took 0.053 seconds
[2026-02-13T21:52:35.652+0000] {processor.py:153} INFO - Started process (PID=588) to work on /home/airflow/.local/lib/python3.7/site-packages/airflow/example_dags/example_sla_dag.py
[2026-02-13T21:52:35.653+0000] {processor.py:743} INFO - Processing file /home/airflow/.local/lib/python3.7/site-packages/airflow/example_dags/example_sla_dag.py for tasks to queue
[2026-02-13T21:52:35.653+0000] {logging_mixin.py:137} INFO - [2026-02-13T21:52:35.653+0000] {dagbag.py:538} INFO - Filling up the DagBag from /home/airflow/.local/lib/python3.7/site-packages/airflow/example_dags/example_sla_dag.py
[2026-02-13T21:52:35.662+0000] {processor.py:753} INFO - DAG(s) dict_keys(['example_sla_dag']) retrieved from /home/airflow/.local/lib/python3.7/site-packages/airflow/example_dags/example_sla_dag.py
[2026-02-13T21:52:35.675+0000] {logging_mixin.py:137} INFO - [2026-02-13T21:52:35.674+0000] {dag.py:2690} INFO - Sync 1 DAGs
[2026-02-13T21:52:35.686+0000] {logging_mixin.py:137} INFO - [2026-02-13T21:52:35.686+0000] {dag.py:3441} INFO - Setting next_dagrun for example_sla_dag to 2026-02-13T21:50:00+00:00, run_after=2026-02-13T21:52:00+00:00
[2026-02-13T21:52:35.699+0000] {processor.py:175} INFO - Processing /home/airflow/.local/lib/python3.7/site-packages/airflow/example_dags/example_sla_dag.py took 0.049 seconds
[2026-02-13T21:53:06.117+0000] {processor.py:153} INFO - Started process (PID=659) to work on /home/airflow/.local/lib/python3.7/site-packages/airflow/example_dags/example_sla_dag.py
[2026-02-13T21:53:06.118+0000] {processor.py:743} INFO - Processing file /home/airflow/.local/lib/python3.7/site-packages/airflow/example_dags/example_sla_dag.py for tasks to queue
[2026-02-13T21:53:06.118+0000] {logging_mixin.py:137} INFO - [2026-02-13T21:53:06.118+0000] {dagbag.py:538} INFO - Filling up the DagBag from /home/airflow/.local/lib/python3.7/site-packages/airflow/example_dags/example_sla_dag.py
[2026-02-13T21:53:06.130+0000] {processor.py:753} INFO - DAG(s) dict_keys(['example_sla_dag']) retrieved from /home/airflow/.local/lib/python3.7/site-packages/airflow/example_dags/example_sla_dag.py
[2026-02-13T21:53:06.140+0000] {logging_mixin.py:137} INFO - [2026-02-13T21:53:06.140+0000] {dag.py:2690} INFO - Sync 1 DAGs
[2026-02-13T21:53:06.154+0000] {logging_mixin.py:137} INFO - [2026-02-13T21:53:06.154+0000] {dag.py:3441} INFO - Setting next_dagrun for example_sla_dag to 2026-02-13T21:50:00+00:00, run_after=2026-02-13T21:52:00+00:00
[2026-02-13T21:53:06.164+0000] {processor.py:175} INFO - Processing /home/airflow/.local/lib/python3.7/site-packages/airflow/example_dags/example_sla_dag.py took 0.048 seconds
[2026-02-13T21:53:36.631+0000] {processor.py:153} INFO - Started process (PID=747) to work on /home/airflow/.local/lib/python3.7/site-packages/airflow/example_dags/example_sla_dag.py
[2026-02-13T21:53:36.632+0000] {processor.py:743} INFO - Processing file /home/airflow/.local/lib/python3.7/site-packages/airflow/example_dags/example_sla_dag.py for tasks to queue
[2026-02-13T21:53:36.633+0000] {logging_mixin.py:137} INFO - [2026-02-13T21:53:36.633+0000] {dagbag.py:538} INFO - Filling up the DagBag from /home/airflow/.local/lib/python3.7/site-packages/airflow/example_dags/example_sla_dag.py
[2026-02-13T21:53:36.645+0000] {processor.py:753} INFO - DAG(s) dict_keys(['example_sla_dag']) retrieved from /home/airflow/.local/lib/python3.7/site-packages/airflow/example_dags/example_sla_dag.py
[2026-02-13T21:53:36.662+0000] {logging_mixin.py:137} INFO - [2026-02-13T21:53:36.662+0000] {dag.py:2690} INFO - Sync 1 DAGs
[2026-02-13T21:53:36.676+0000] {logging_mixin.py:137} INFO - [2026-02-13T21:53:36.676+0000] {dag.py:3441} INFO - Setting next_dagrun for example_sla_dag to 2026-02-13T21:50:00+00:00, run_after=2026-02-13T21:52:00+00:00
[2026-02-13T21:53:36.690+0000] {processor.py:175} INFO - Processing /home/airflow/.local/lib/python3.7/site-packages/airflow/example_dags/example_sla_dag.py took 0.060 seconds
[2026-02-13T21:54:07.059+0000] {processor.py:153} INFO - Started process (PID=835) to work on /home/airflow/.local/lib/python3.7/site-packages/airflow/example_dags/example_sla_dag.py
[2026-02-13T21:54:07.060+0000] {processor.py:743} INFO - Processing file /home/airflow/.local/lib/python3.7/site-packages/airflow/example_dags/example_sla_dag.py for tasks to queue
[2026-02-13T21:54:07.060+0000] {logging_mixin.py:137} INFO - [2026-02-13T21:54:07.060+0000] {dagbag.py:538} INFO - Filling up the DagBag from /home/airflow/.local/lib/python3.7/site-packages/airflow/example_dags/example_sla_dag.py
[2026-02-13T21:54:07.071+0000] {processor.py:753} INFO - DAG(s) dict_keys(['example_sla_dag']) retrieved from /home/airflow/.local/lib/python3.7/site-packages/airflow/example_dags/example_sla_dag.py
[2026-02-13T21:54:07.081+0000] {logging_mixin.py:137} INFO - [2026-02-13T21:54:07.081+0000] {dag.py:2690} INFO - Sync 1 DAGs
[2026-02-13T21:54:07.092+0000] {logging_mixin.py:137} INFO - [2026-02-13T21:54:07.092+0000] {dag.py:3441} INFO - Setting next_dagrun for example_sla_dag to 2026-02-13T21:52:00+00:00, run_after=2026-02-13T21:54:00+00:00
[2026-02-13T21:54:07.106+0000] {processor.py:175} INFO - Processing /home/airflow/.local/lib/python3.7/site-packages/airflow/example_dags/example_sla_dag.py took 0.048 seconds
[2026-02-13T21:54:37.665+0000] {processor.py:153} INFO - Started process (PID=923) to work on /home/airflow/.local/lib/python3.7/site-packages/airflow/example_dags/example_sla_dag.py
[2026-02-13T21:54:37.667+0000] {processor.py:743} INFO - Processing file /home/airflow/.local/lib/python3.7/site-packages/airflow/example_dags/example_sla_dag.py for tasks to queue
[2026-02-13T21:54:37.667+0000] {logging_mixin.py:137} INFO - [2026-02-13T21:54:37.667+0000] {dagbag.py:538} INFO - Filling up the DagBag from /home/airflow/.local/lib/python3.7/site-packages/airflow/example_dags/example_sla_dag.py
[2026-02-13T21:54:37.677+0000] {processor.py:753} INFO - DAG(s) dict_keys(['example_sla_dag']) retrieved from /home/airflow/.local/lib/python3.7/site-packages/airflow/example_dags/example_sla_dag.py
[2026-02-13T21:54:37.697+0000] {logging_mixin.py:137} INFO - [2026-02-13T21:54:37.696+0000] {dag.py:2690} INFO - Sync 1 DAGs
[2026-02-13T21:54:37.713+0000] {logging_mixin.py:137} INFO - [2026-02-13T21:54:37.713+0000] {dag.py:3441} INFO - Setting next_dagrun for example_sla_dag to 2026-02-13T21:52:00+00:00, run_after=2026-02-13T21:54:00+00:00
[2026-02-13T21:54:37.723+0000] {processor.py:175} INFO - Processing /home/airflow/.local/lib/python3.7/site-packages/airflow/example_dags/example_sla_dag.py took 0.060 seconds
[2026-02-13T21:55:08.261+0000] {processor.py:153} INFO - Started process (PID=995) to work on /home/airflow/.local/lib/python3.7/site-packages/airflow/example_dags/example_sla_dag.py
[2026-02-13T21:55:08.261+0000] {processor.py:743} INFO - Processing file /home/airflow/.local/lib/python3.7/site-packages/airflow/example_dags/example_sla_dag.py for tasks to queue
[2026-02-13T21:55:08.262+0000] {logging_mixin.py:137} INFO - [2026-02-13T21:55:08.262+0000] {dagbag.py:538} INFO - Filling up the DagBag from /home/airflow/.local/lib/python3.7/site-packages/airflow/example_dags/example_sla_dag.py
[2026-02-13T21:55:08.271+0000] {processor.py:753} INFO - DAG(s) dict_keys(['example_sla_dag']) retrieved from /home/airflow/.local/lib/python3.7/site-packages/airflow/example_dags/example_sla_dag.py
[2026-02-13T21:55:08.281+0000] {logging_mixin.py:137} INFO - [2026-02-13T21:55:08.281+0000] {dag.py:2690} INFO - Sync 1 DAGs
[2026-02-13T21:55:08.295+0000] {logging_mixin.py:137} INFO - [2026-02-13T21:55:08.295+0000] {dag.py:3441} INFO - Setting next_dagrun for example_sla_dag to 2026-02-13T21:52:00+00:00, run_after=2026-02-13T21:54:00+00:00
[2026-02-13T21:55:08.308+0000] {processor.py:175} INFO - Processing /home/airflow/.local/lib/python3.7/site-packages/airflow/example_dags/example_sla_dag.py took 0.049 seconds
[2026-02-13T21:55:38.728+0000] {processor.py:153} INFO - Started process (PID=1083) to work on /home/airflow/.local/lib/python3.7/site-packages/airflow/example_dags/example_sla_dag.py
[2026-02-13T21:55:38.729+0000] {processor.py:743} INFO - Processing file /home/airflow/.local/lib/python3.7/site-packages/airflow/example_dags/example_sla_dag.py for tasks to queue
[2026-02-13T21:55:38.729+0000] {logging_mixin.py:137} INFO - [2026-02-13T21:55:38.729+0000] {dagbag.py:538} INFO - Filling up the DagBag from /home/airflow/.local/lib/python3.7/site-packages/airflow/example_dags/example_sla_dag.py
[2026-02-13T21:55:38.740+0000] {processor.py:753} INFO - DAG(s) dict_keys(['example_sla_dag']) retrieved from /home/airflow/.local/lib/python3.7/site-packages/airflow/example_dags/example_sla_dag.py
[2026-02-13T21:55:38.754+0000] {logging_mixin.py:137} INFO - [2026-02-13T21:55:38.754+0000] {dag.py:2690} INFO - Sync 1 DAGs
[2026-02-13T21:55:38.766+0000] {logging_mixin.py:137} INFO - [2026-02-13T21:55:38.766+0000] {dag.py:3441} INFO - Setting next_dagrun for example_sla_dag to 2026-02-13T21:52:00+00:00, run_after=2026-02-13T21:54:00+00:00
[2026-02-13T21:55:38.782+0000] {processor.py:175} INFO - Processing /home/airflow/.local/lib/python3.7/site-packages/airflow/example_dags/example_sla_dag.py took 0.055 seconds
[2026-02-13T21:56:09.217+0000] {processor.py:153} INFO - Started process (PID=1171) to work on /home/airflow/.local/lib/python3.7/site-packages/airflow/example_dags/example_sla_dag.py
[2026-02-13T21:56:09.218+0000] {processor.py:743} INFO - Processing file /home/airflow/.local/lib/python3.7/site-packages/airflow/example_dags/example_sla_dag.py for tasks to queue
[2026-02-13T21:56:09.219+0000] {logging_mixin.py:137} INFO - [2026-02-13T21:56:09.219+0000] {dagbag.py:538} INFO - Filling up the DagBag from /home/airflow/.local/lib/python3.7/site-packages/airflow/example_dags/example_sla_dag.py
[2026-02-13T21:56:09.229+0000] {processor.py:753} INFO - DAG(s) dict_keys(['example_sla_dag']) retrieved from /home/airflow/.local/lib/python3.7/site-packages/airflow/example_dags/example_sla_dag.py
[2026-02-13T21:56:09.241+0000] {logging_mixin.py:137} INFO - [2026-02-13T21:56:09.241+0000] {dag.py:2690} INFO - Sync 1 DAGs
[2026-02-13T21:56:09.255+0000] {logging_mixin.py:137} INFO - [2026-02-13T21:56:09.255+0000] {dag.py:3441} INFO - Setting next_dagrun for example_sla_dag to 2026-02-13T21:54:00+00:00, run_after=2026-02-13T21:56:00+00:00
[2026-02-13T21:56:09.270+0000] {processor.py:175} INFO - Processing /home/airflow/.local/lib/python3.7/site-packages/airflow/example_dags/example_sla_dag.py took 0.054 seconds
[2026-02-13T21:56:40.333+0000] {processor.py:153} INFO - Started process (PID=1259) to work on /home/airflow/.local/lib/python3.7/site-packages/airflow/example_dags/example_sla_dag.py
[2026-02-13T21:56:40.335+0000] {processor.py:743} INFO - Processing file /home/airflow/.local/lib/python3.7/site-packages/airflow/example_dags/example_sla_dag.py for tasks to queue
[2026-02-13T21:56:40.336+0000] {logging_mixin.py:137} INFO - [2026-02-13T21:56:40.336+0000] {dagbag.py:538} INFO - Filling up the DagBag from /home/airflow/.local/lib/python3.7/site-packages/airflow/example_dags/example_sla_dag.py
[2026-02-13T21:56:40.352+0000] {processor.py:753} INFO - DAG(s) dict_keys(['example_sla_dag']) retrieved from /home/airflow/.local/lib/python3.7/site-packages/airflow/example_dags/example_sla_dag.py
[2026-02-13T21:56:40.378+0000] {logging_mixin.py:137} INFO - [2026-02-13T21:56:40.378+0000] {dag.py:2690} INFO - Sync 1 DAGs
[2026-02-13T21:56:40.398+0000] {logging_mixin.py:137} INFO - [2026-02-13T21:56:40.398+0000] {dag.py:3441} INFO - Setting next_dagrun for example_sla_dag to 2026-02-13T21:54:00+00:00, run_after=2026-02-13T21:56:00+00:00
[2026-02-13T21:56:40.425+0000] {processor.py:175} INFO - Processing /home/airflow/.local/lib/python3.7/site-packages/airflow/example_dags/example_sla_dag.py took 0.095 seconds
[2026-02-13T22:01:04.653+0000] {processor.py:153} INFO - Started process (PID=73) to work on /home/airflow/.local/lib/python3.7/site-packages/airflow/example_dags/example_sla_dag.py
[2026-02-13T22:01:04.655+0000] {processor.py:743} INFO - Processing file /home/airflow/.local/lib/python3.7/site-packages/airflow/example_dags/example_sla_dag.py for tasks to queue
[2026-02-13T22:01:04.656+0000] {logging_mixin.py:137} INFO - [2026-02-13T22:01:04.656+0000] {dagbag.py:538} INFO - Filling up the DagBag from /home/airflow/.local/lib/python3.7/site-packages/airflow/example_dags/example_sla_dag.py
[2026-02-13T22:01:04.676+0000] {processor.py:753} INFO - DAG(s) dict_keys(['example_sla_dag']) retrieved from /home/airflow/.local/lib/python3.7/site-packages/airflow/example_dags/example_sla_dag.py
[2026-02-13T22:01:04.688+0000] {logging_mixin.py:137} INFO - [2026-02-13T22:01:04.688+0000] {dag.py:2690} INFO - Sync 1 DAGs
[2026-02-13T22:01:04.715+0000] {logging_mixin.py:137} INFO - [2026-02-13T22:01:04.714+0000] {dag.py:3441} INFO - Setting next_dagrun for example_sla_dag to 2026-02-13T21:58:00+00:00, run_after=2026-02-13T22:00:00+00:00
[2026-02-13T22:01:04.743+0000] {processor.py:175} INFO - Processing /home/airflow/.local/lib/python3.7/site-packages/airflow/example_dags/example_sla_dag.py took 0.093 seconds
[2026-02-13T22:01:35.261+0000] {processor.py:153} INFO - Started process (PID=160) to work on /home/airflow/.local/lib/python3.7/site-packages/airflow/example_dags/example_sla_dag.py
[2026-02-13T22:01:35.262+0000] {processor.py:743} INFO - Processing file /home/airflow/.local/lib/python3.7/site-packages/airflow/example_dags/example_sla_dag.py for tasks to queue
[2026-02-13T22:01:35.264+0000] {logging_mixin.py:137} INFO - [2026-02-13T22:01:35.264+0000] {dagbag.py:538} INFO - Filling up the DagBag from /home/airflow/.local/lib/python3.7/site-packages/airflow/example_dags/example_sla_dag.py
[2026-02-13T22:01:35.274+0000] {processor.py:753} INFO - DAG(s) dict_keys(['example_sla_dag']) retrieved from /home/airflow/.local/lib/python3.7/site-packages/airflow/example_dags/example_sla_dag.py
[2026-02-13T22:01:35.288+0000] {logging_mixin.py:137} INFO - [2026-02-13T22:01:35.288+0000] {dag.py:2690} INFO - Sync 1 DAGs
[2026-02-13T22:01:35.301+0000] {logging_mixin.py:137} INFO - [2026-02-13T22:01:35.301+0000] {dag.py:3441} INFO - Setting next_dagrun for example_sla_dag to 2026-02-13T21:58:00+00:00, run_after=2026-02-13T22:00:00+00:00
[2026-02-13T22:01:35.312+0000] {processor.py:175} INFO - Processing /home/airflow/.local/lib/python3.7/site-packages/airflow/example_dags/example_sla_dag.py took 0.052 seconds
[2026-02-13T22:02:05.851+0000] {processor.py:153} INFO - Started process (PID=250) to work on /home/airflow/.local/lib/python3.7/site-packages/airflow/example_dags/example_sla_dag.py
[2026-02-13T22:02:05.853+0000] {processor.py:743} INFO - Processing file /home/airflow/.local/lib/python3.7/site-packages/airflow/example_dags/example_sla_dag.py for tasks to queue
[2026-02-13T22:02:05.853+0000] {logging_mixin.py:137} INFO - [2026-02-13T22:02:05.853+0000] {dagbag.py:538} INFO - Filling up the DagBag from /home/airflow/.local/lib/python3.7/site-packages/airflow/example_dags/example_sla_dag.py
[2026-02-13T22:02:05.868+0000] {processor.py:753} INFO - DAG(s) dict_keys(['example_sla_dag']) retrieved from /home/airflow/.local/lib/python3.7/site-packages/airflow/example_dags/example_sla_dag.py
[2026-02-13T22:02:05.888+0000] {logging_mixin.py:137} INFO - [2026-02-13T22:02:05.888+0000] {dag.py:2690} INFO - Sync 1 DAGs
[2026-02-13T22:02:05.904+0000] {logging_mixin.py:137} INFO - [2026-02-13T22:02:05.904+0000] {dag.py:3441} INFO - Setting next_dagrun for example_sla_dag to 2026-02-13T22:00:00+00:00, run_after=2026-02-13T22:02:00+00:00
[2026-02-13T22:02:05.916+0000] {processor.py:175} INFO - Processing /home/airflow/.local/lib/python3.7/site-packages/airflow/example_dags/example_sla_dag.py took 0.068 seconds
[2026-02-13T22:02:36.517+0000] {processor.py:153} INFO - Started process (PID=322) to work on /home/airflow/.local/lib/python3.7/site-packages/airflow/example_dags/example_sla_dag.py
[2026-02-13T22:02:36.518+0000] {processor.py:743} INFO - Processing file /home/airflow/.local/lib/python3.7/site-packages/airflow/example_dags/example_sla_dag.py for tasks to queue
[2026-02-13T22:02:36.518+0000] {logging_mixin.py:137} INFO - [2026-02-13T22:02:36.518+0000] {dagbag.py:538} INFO - Filling up the DagBag from /home/airflow/.local/lib/python3.7/site-packages/airflow/example_dags/example_sla_dag.py
[2026-02-13T22:02:36.530+0000] {processor.py:753} INFO - DAG(s) dict_keys(['example_sla_dag']) retrieved from /home/airflow/.local/lib/python3.7/site-packages/airflow/example_dags/example_sla_dag.py
[2026-02-13T22:02:36.547+0000] {logging_mixin.py:137} INFO - [2026-02-13T22:02:36.547+0000] {dag.py:2690} INFO - Sync 1 DAGs
[2026-02-13T22:02:36.564+0000] {logging_mixin.py:137} INFO - [2026-02-13T22:02:36.564+0000] {dag.py:3441} INFO - Setting next_dagrun for example_sla_dag to 2026-02-13T22:00:00+00:00, run_after=2026-02-13T22:02:00+00:00
[2026-02-13T22:02:36.579+0000] {processor.py:175} INFO - Processing /home/airflow/.local/lib/python3.7/site-packages/airflow/example_dags/example_sla_dag.py took 0.064 seconds
[2026-02-13T22:03:30.860+0000] {processor.py:153} INFO - Started process (PID=73) to work on /home/airflow/.local/lib/python3.7/site-packages/airflow/example_dags/example_sla_dag.py
[2026-02-13T22:03:30.861+0000] {processor.py:743} INFO - Processing file /home/airflow/.local/lib/python3.7/site-packages/airflow/example_dags/example_sla_dag.py for tasks to queue
[2026-02-13T22:03:30.861+0000] {logging_mixin.py:137} INFO - [2026-02-13T22:03:30.861+0000] {dagbag.py:538} INFO - Filling up the DagBag from /home/airflow/.local/lib/python3.7/site-packages/airflow/example_dags/example_sla_dag.py
[2026-02-13T22:03:30.878+0000] {processor.py:753} INFO - DAG(s) dict_keys(['example_sla_dag']) retrieved from /home/airflow/.local/lib/python3.7/site-packages/airflow/example_dags/example_sla_dag.py
[2026-02-13T22:03:30.887+0000] {logging_mixin.py:137} INFO - [2026-02-13T22:03:30.886+0000] {dag.py:2690} INFO - Sync 1 DAGs
[2026-02-13T22:03:30.904+0000] {logging_mixin.py:137} INFO - [2026-02-13T22:03:30.904+0000] {dag.py:3441} INFO - Setting next_dagrun for example_sla_dag to 2026-02-13T22:00:00+00:00, run_after=2026-02-13T22:02:00+00:00
[2026-02-13T22:03:30.920+0000] {processor.py:175} INFO - Processing /home/airflow/.local/lib/python3.7/site-packages/airflow/example_dags/example_sla_dag.py took 0.062 seconds
[2026-02-13T22:04:01.836+0000] {processor.py:153} INFO - Started process (PID=160) to work on /home/airflow/.local/lib/python3.7/site-packages/airflow/example_dags/example_sla_dag.py
[2026-02-13T22:04:01.837+0000] {processor.py:743} INFO - Processing file /home/airflow/.local/lib/python3.7/site-packages/airflow/example_dags/example_sla_dag.py for tasks to queue
[2026-02-13T22:04:01.838+0000] {logging_mixin.py:137} INFO - [2026-02-13T22:04:01.838+0000] {dagbag.py:538} INFO - Filling up the DagBag from /home/airflow/.local/lib/python3.7/site-packages/airflow/example_dags/example_sla_dag.py
[2026-02-13T22:04:01.851+0000] {processor.py:753} INFO - DAG(s) dict_keys(['example_sla_dag']) retrieved from /home/airflow/.local/lib/python3.7/site-packages/airflow/example_dags/example_sla_dag.py
[2026-02-13T22:04:01.874+0000] {logging_mixin.py:137} INFO - [2026-02-13T22:04:01.874+0000] {dag.py:2690} INFO - Sync 1 DAGs
[2026-02-13T22:04:01.894+0000] {logging_mixin.py:137} INFO - [2026-02-13T22:04:01.894+0000] {dag.py:3441} INFO - Setting next_dagrun for example_sla_dag to 2026-02-13T22:02:00+00:00, run_after=2026-02-13T22:04:00+00:00
[2026-02-13T22:04:01.912+0000] {processor.py:175} INFO - Processing /home/airflow/.local/lib/python3.7/site-packages/airflow/example_dags/example_sla_dag.py took 0.078 seconds
[2026-02-13T22:04:32.918+0000] {processor.py:153} INFO - Started process (PID=248) to work on /home/airflow/.local/lib/python3.7/site-packages/airflow/example_dags/example_sla_dag.py
[2026-02-13T22:04:32.919+0000] {processor.py:743} INFO - Processing file /home/airflow/.local/lib/python3.7/site-packages/airflow/example_dags/example_sla_dag.py for tasks to queue
[2026-02-13T22:04:32.919+0000] {logging_mixin.py:137} INFO - [2026-02-13T22:04:32.919+0000] {dagbag.py:538} INFO - Filling up the DagBag from /home/airflow/.local/lib/python3.7/site-packages/airflow/example_dags/example_sla_dag.py
[2026-02-13T22:04:32.930+0000] {processor.py:753} INFO - DAG(s) dict_keys(['example_sla_dag']) retrieved from /home/airflow/.local/lib/python3.7/site-packages/airflow/example_dags/example_sla_dag.py
[2026-02-13T22:04:32.944+0000] {logging_mixin.py:137} INFO - [2026-02-13T22:04:32.944+0000] {dag.py:2690} INFO - Sync 1 DAGs
[2026-02-13T22:04:32.957+0000] {logging_mixin.py:137} INFO - [2026-02-13T22:04:32.957+0000] {dag.py:3441} INFO - Setting next_dagrun for example_sla_dag to 2026-02-13T22:02:00+00:00, run_after=2026-02-13T22:04:00+00:00
[2026-02-13T22:04:32.969+0000] {processor.py:175} INFO - Processing /home/airflow/.local/lib/python3.7/site-packages/airflow/example_dags/example_sla_dag.py took 0.052 seconds
[2026-02-13T22:05:03.384+0000] {processor.py:153} INFO - Started process (PID=320) to work on /home/airflow/.local/lib/python3.7/site-packages/airflow/example_dags/example_sla_dag.py
[2026-02-13T22:05:03.384+0000] {processor.py:743} INFO - Processing file /home/airflow/.local/lib/python3.7/site-packages/airflow/example_dags/example_sla_dag.py for tasks to queue
[2026-02-13T22:05:03.385+0000] {logging_mixin.py:137} INFO - [2026-02-13T22:05:03.385+0000] {dagbag.py:538} INFO - Filling up the DagBag from /home/airflow/.local/lib/python3.7/site-packages/airflow/example_dags/example_sla_dag.py
[2026-02-13T22:05:03.397+0000] {processor.py:753} INFO - DAG(s) dict_keys(['example_sla_dag']) retrieved from /home/airflow/.local/lib/python3.7/site-packages/airflow/example_dags/example_sla_dag.py
[2026-02-13T22:05:03.412+0000] {logging_mixin.py:137} INFO - [2026-02-13T22:05:03.412+0000] {dag.py:2690} INFO - Sync 1 DAGs
[2026-02-13T22:05:03.424+0000] {logging_mixin.py:137} INFO - [2026-02-13T22:05:03.424+0000] {dag.py:3441} INFO - Setting next_dagrun for example_sla_dag to 2026-02-13T22:02:00+00:00, run_after=2026-02-13T22:04:00+00:00
[2026-02-13T22:05:03.439+0000] {processor.py:175} INFO - Processing /home/airflow/.local/lib/python3.7/site-packages/airflow/example_dags/example_sla_dag.py took 0.056 seconds
[2026-02-13T22:05:33.924+0000] {processor.py:153} INFO - Started process (PID=408) to work on /home/airflow/.local/lib/python3.7/site-packages/airflow/example_dags/example_sla_dag.py
[2026-02-13T22:05:33.926+0000] {processor.py:743} INFO - Processing file /home/airflow/.local/lib/python3.7/site-packages/airflow/example_dags/example_sla_dag.py for tasks to queue
[2026-02-13T22:05:33.927+0000] {logging_mixin.py:137} INFO - [2026-02-13T22:05:33.927+0000] {dagbag.py:538} INFO - Filling up the DagBag from /home/airflow/.local/lib/python3.7/site-packages/airflow/example_dags/example_sla_dag.py
[2026-02-13T22:05:33.981+0000] {processor.py:753} INFO - DAG(s) dict_keys(['example_sla_dag']) retrieved from /home/airflow/.local/lib/python3.7/site-packages/airflow/example_dags/example_sla_dag.py
[2026-02-13T22:05:34.008+0000] {logging_mixin.py:137} INFO - [2026-02-13T22:05:34.008+0000] {dag.py:2690} INFO - Sync 1 DAGs
[2026-02-13T22:05:34.044+0000] {logging_mixin.py:137} INFO - [2026-02-13T22:05:34.044+0000] {dag.py:3441} INFO - Setting next_dagrun for example_sla_dag to 2026-02-13T22:02:00+00:00, run_after=2026-02-13T22:04:00+00:00
[2026-02-13T22:05:34.060+0000] {processor.py:175} INFO - Processing /home/airflow/.local/lib/python3.7/site-packages/airflow/example_dags/example_sla_dag.py took 0.141 seconds
[2026-02-13T22:06:34.110+0000] {processor.py:153} INFO - Started process (PID=75) to work on /home/airflow/.local/lib/python3.7/site-packages/airflow/example_dags/example_sla_dag.py
[2026-02-13T22:06:34.111+0000] {processor.py:743} INFO - Processing file /home/airflow/.local/lib/python3.7/site-packages/airflow/example_dags/example_sla_dag.py for tasks to queue
[2026-02-13T22:06:34.112+0000] {logging_mixin.py:137} INFO - [2026-02-13T22:06:34.112+0000] {dagbag.py:538} INFO - Filling up the DagBag from /home/airflow/.local/lib/python3.7/site-packages/airflow/example_dags/example_sla_dag.py
[2026-02-13T22:06:34.128+0000] {processor.py:753} INFO - DAG(s) dict_keys(['example_sla_dag']) retrieved from /home/airflow/.local/lib/python3.7/site-packages/airflow/example_dags/example_sla_dag.py
[2026-02-13T22:06:34.136+0000] {logging_mixin.py:137} INFO - [2026-02-13T22:06:34.135+0000] {dag.py:2690} INFO - Sync 1 DAGs
[2026-02-13T22:06:34.156+0000] {logging_mixin.py:137} INFO - [2026-02-13T22:06:34.156+0000] {dag.py:3441} INFO - Setting next_dagrun for example_sla_dag to 2026-02-13T22:04:00+00:00, run_after=2026-02-13T22:06:00+00:00
[2026-02-13T22:06:34.170+0000] {processor.py:175} INFO - Processing /home/airflow/.local/lib/python3.7/site-packages/airflow/example_dags/example_sla_dag.py took 0.064 seconds
[2026-02-13T22:07:05.343+0000] {processor.py:153} INFO - Started process (PID=164) to work on /home/airflow/.local/lib/python3.7/site-packages/airflow/example_dags/example_sla_dag.py
[2026-02-13T22:07:05.345+0000] {processor.py:743} INFO - Processing file /home/airflow/.local/lib/python3.7/site-packages/airflow/example_dags/example_sla_dag.py for tasks to queue
[2026-02-13T22:07:05.347+0000] {logging_mixin.py:137} INFO - [2026-02-13T22:07:05.347+0000] {dagbag.py:538} INFO - Filling up the DagBag from /home/airflow/.local/lib/python3.7/site-packages/airflow/example_dags/example_sla_dag.py
[2026-02-13T22:07:05.360+0000] {processor.py:753} INFO - DAG(s) dict_keys(['example_sla_dag']) retrieved from /home/airflow/.local/lib/python3.7/site-packages/airflow/example_dags/example_sla_dag.py
[2026-02-13T22:07:05.375+0000] {logging_mixin.py:137} INFO - [2026-02-13T22:07:05.375+0000] {dag.py:2690} INFO - Sync 1 DAGs
[2026-02-13T22:07:05.391+0000] {logging_mixin.py:137} INFO - [2026-02-13T22:07:05.390+0000] {dag.py:3441} INFO - Setting next_dagrun for example_sla_dag to 2026-02-13T22:04:00+00:00, run_after=2026-02-13T22:06:00+00:00
[2026-02-13T22:07:05.412+0000] {processor.py:175} INFO - Processing /home/airflow/.local/lib/python3.7/site-packages/airflow/example_dags/example_sla_dag.py took 0.071 seconds
[2026-02-13T22:07:36.370+0000] {processor.py:153} INFO - Started process (PID=253) to work on /home/airflow/.local/lib/python3.7/site-packages/airflow/example_dags/example_sla_dag.py
[2026-02-13T22:07:36.371+0000] {processor.py:743} INFO - Processing file /home/airflow/.local/lib/python3.7/site-packages/airflow/example_dags/example_sla_dag.py for tasks to queue
[2026-02-13T22:07:36.371+0000] {logging_mixin.py:137} INFO - [2026-02-13T22:07:36.371+0000] {dagbag.py:538} INFO - Filling up the DagBag from /home/airflow/.local/lib/python3.7/site-packages/airflow/example_dags/example_sla_dag.py
[2026-02-13T22:07:36.382+0000] {processor.py:753} INFO - DAG(s) dict_keys(['example_sla_dag']) retrieved from /home/airflow/.local/lib/python3.7/site-packages/airflow/example_dags/example_sla_dag.py
[2026-02-13T22:07:36.395+0000] {logging_mixin.py:137} INFO - [2026-02-13T22:07:36.394+0000] {dag.py:2690} INFO - Sync 1 DAGs
[2026-02-13T22:07:36.406+0000] {logging_mixin.py:137} INFO - [2026-02-13T22:07:36.406+0000] {dag.py:3441} INFO - Setting next_dagrun for example_sla_dag to 2026-02-13T22:04:00+00:00, run_after=2026-02-13T22:06:00+00:00
[2026-02-13T22:07:36.421+0000] {processor.py:175} INFO - Processing /home/airflow/.local/lib/python3.7/site-packages/airflow/example_dags/example_sla_dag.py took 0.052 seconds
[2026-02-13T22:08:07.007+0000] {processor.py:153} INFO - Started process (PID=333) to work on /home/airflow/.local/lib/python3.7/site-packages/airflow/example_dags/example_sla_dag.py
[2026-02-13T22:08:07.008+0000] {processor.py:743} INFO - Processing file /home/airflow/.local/lib/python3.7/site-packages/airflow/example_dags/example_sla_dag.py for tasks to queue
[2026-02-13T22:08:07.008+0000] {logging_mixin.py:137} INFO - [2026-02-13T22:08:07.008+0000] {dagbag.py:538} INFO - Filling up the DagBag from /home/airflow/.local/lib/python3.7/site-packages/airflow/example_dags/example_sla_dag.py
[2026-02-13T22:08:07.021+0000] {processor.py:753} INFO - DAG(s) dict_keys(['example_sla_dag']) retrieved from /home/airflow/.local/lib/python3.7/site-packages/airflow/example_dags/example_sla_dag.py
[2026-02-13T22:08:07.039+0000] {logging_mixin.py:137} INFO - [2026-02-13T22:08:07.039+0000] {dag.py:2690} INFO - Sync 1 DAGs
[2026-02-13T22:08:07.055+0000] {logging_mixin.py:137} INFO - [2026-02-13T22:08:07.055+0000] {dag.py:3441} INFO - Setting next_dagrun for example_sla_dag to 2026-02-13T22:06:00+00:00, run_after=2026-02-13T22:08:00+00:00
[2026-02-13T22:08:07.065+0000] {processor.py:175} INFO - Processing /home/airflow/.local/lib/python3.7/site-packages/airflow/example_dags/example_sla_dag.py took 0.059 seconds
[2026-02-13T22:08:37.765+0000] {processor.py:153} INFO - Started process (PID=415) to work on /home/airflow/.local/lib/python3.7/site-packages/airflow/example_dags/example_sla_dag.py
[2026-02-13T22:08:37.766+0000] {processor.py:743} INFO - Processing file /home/airflow/.local/lib/python3.7/site-packages/airflow/example_dags/example_sla_dag.py for tasks to queue
[2026-02-13T22:08:37.766+0000] {logging_mixin.py:137} INFO - [2026-02-13T22:08:37.766+0000] {dagbag.py:538} INFO - Filling up the DagBag from /home/airflow/.local/lib/python3.7/site-packages/airflow/example_dags/example_sla_dag.py
[2026-02-13T22:08:37.777+0000] {processor.py:753} INFO - DAG(s) dict_keys(['example_sla_dag']) retrieved from /home/airflow/.local/lib/python3.7/site-packages/airflow/example_dags/example_sla_dag.py
[2026-02-13T22:08:37.788+0000] {logging_mixin.py:137} INFO - [2026-02-13T22:08:37.788+0000] {dag.py:2690} INFO - Sync 1 DAGs
[2026-02-13T22:08:37.803+0000] {logging_mixin.py:137} INFO - [2026-02-13T22:08:37.803+0000] {dag.py:3441} INFO - Setting next_dagrun for example_sla_dag to 2026-02-13T22:06:00+00:00, run_after=2026-02-13T22:08:00+00:00
[2026-02-13T22:08:37.817+0000] {processor.py:175} INFO - Processing /home/airflow/.local/lib/python3.7/site-packages/airflow/example_dags/example_sla_dag.py took 0.054 seconds
[2026-02-13T22:09:08.376+0000] {processor.py:153} INFO - Started process (PID=504) to work on /home/airflow/.local/lib/python3.7/site-packages/airflow/example_dags/example_sla_dag.py
[2026-02-13T22:09:08.376+0000] {processor.py:743} INFO - Processing file /home/airflow/.local/lib/python3.7/site-packages/airflow/example_dags/example_sla_dag.py for tasks to queue
[2026-02-13T22:09:08.377+0000] {logging_mixin.py:137} INFO - [2026-02-13T22:09:08.377+0000] {dagbag.py:538} INFO - Filling up the DagBag from /home/airflow/.local/lib/python3.7/site-packages/airflow/example_dags/example_sla_dag.py
[2026-02-13T22:09:08.387+0000] {processor.py:753} INFO - DAG(s) dict_keys(['example_sla_dag']) retrieved from /home/airflow/.local/lib/python3.7/site-packages/airflow/example_dags/example_sla_dag.py
[2026-02-13T22:09:08.397+0000] {logging_mixin.py:137} INFO - [2026-02-13T22:09:08.397+0000] {dag.py:2690} INFO - Sync 1 DAGs
[2026-02-13T22:09:08.410+0000] {logging_mixin.py:137} INFO - [2026-02-13T22:09:08.410+0000] {dag.py:3441} INFO - Setting next_dagrun for example_sla_dag to 2026-02-13T22:06:00+00:00, run_after=2026-02-13T22:08:00+00:00
[2026-02-13T22:09:08.422+0000] {processor.py:175} INFO - Processing /home/airflow/.local/lib/python3.7/site-packages/airflow/example_dags/example_sla_dag.py took 0.048 seconds
[2026-02-13T22:09:38.987+0000] {processor.py:153} INFO - Started process (PID=592) to work on /home/airflow/.local/lib/python3.7/site-packages/airflow/example_dags/example_sla_dag.py
[2026-02-13T22:09:38.987+0000] {processor.py:743} INFO - Processing file /home/airflow/.local/lib/python3.7/site-packages/airflow/example_dags/example_sla_dag.py for tasks to queue
[2026-02-13T22:09:38.988+0000] {logging_mixin.py:137} INFO - [2026-02-13T22:09:38.988+0000] {dagbag.py:538} INFO - Filling up the DagBag from /home/airflow/.local/lib/python3.7/site-packages/airflow/example_dags/example_sla_dag.py
[2026-02-13T22:09:38.998+0000] {processor.py:753} INFO - DAG(s) dict_keys(['example_sla_dag']) retrieved from /home/airflow/.local/lib/python3.7/site-packages/airflow/example_dags/example_sla_dag.py
[2026-02-13T22:09:39.011+0000] {logging_mixin.py:137} INFO - [2026-02-13T22:09:39.011+0000] {dag.py:2690} INFO - Sync 1 DAGs
[2026-02-13T22:09:39.024+0000] {logging_mixin.py:137} INFO - [2026-02-13T22:09:39.024+0000] {dag.py:3441} INFO - Setting next_dagrun for example_sla_dag to 2026-02-13T22:06:00+00:00, run_after=2026-02-13T22:08:00+00:00
[2026-02-13T22:09:39.033+0000] {processor.py:175} INFO - Processing /home/airflow/.local/lib/python3.7/site-packages/airflow/example_dags/example_sla_dag.py took 0.047 seconds
[2026-02-13T22:10:09.607+0000] {processor.py:153} INFO - Started process (PID=681) to work on /home/airflow/.local/lib/python3.7/site-packages/airflow/example_dags/example_sla_dag.py
[2026-02-13T22:10:09.608+0000] {processor.py:743} INFO - Processing file /home/airflow/.local/lib/python3.7/site-packages/airflow/example_dags/example_sla_dag.py for tasks to queue
[2026-02-13T22:10:09.609+0000] {logging_mixin.py:137} INFO - [2026-02-13T22:10:09.609+0000] {dagbag.py:538} INFO - Filling up the DagBag from /home/airflow/.local/lib/python3.7/site-packages/airflow/example_dags/example_sla_dag.py
[2026-02-13T22:10:09.623+0000] {processor.py:753} INFO - DAG(s) dict_keys(['example_sla_dag']) retrieved from /home/airflow/.local/lib/python3.7/site-packages/airflow/example_dags/example_sla_dag.py
[2026-02-13T22:10:09.636+0000] {logging_mixin.py:137} INFO - [2026-02-13T22:10:09.636+0000] {dag.py:2690} INFO - Sync 1 DAGs
[2026-02-13T22:10:09.649+0000] {logging_mixin.py:137} INFO - [2026-02-13T22:10:09.649+0000] {dag.py:3441} INFO - Setting next_dagrun for example_sla_dag to 2026-02-13T22:08:00+00:00, run_after=2026-02-13T22:10:00+00:00
[2026-02-13T22:10:09.664+0000] {processor.py:175} INFO - Processing /home/airflow/.local/lib/python3.7/site-packages/airflow/example_dags/example_sla_dag.py took 0.059 seconds
[2026-02-13T22:10:40.186+0000] {processor.py:153} INFO - Started process (PID=753) to work on /home/airflow/.local/lib/python3.7/site-packages/airflow/example_dags/example_sla_dag.py
[2026-02-13T22:10:40.186+0000] {processor.py:743} INFO - Processing file /home/airflow/.local/lib/python3.7/site-packages/airflow/example_dags/example_sla_dag.py for tasks to queue
[2026-02-13T22:10:40.187+0000] {logging_mixin.py:137} INFO - [2026-02-13T22:10:40.187+0000] {dagbag.py:538} INFO - Filling up the DagBag from /home/airflow/.local/lib/python3.7/site-packages/airflow/example_dags/example_sla_dag.py
[2026-02-13T22:10:40.196+0000] {processor.py:753} INFO - DAG(s) dict_keys(['example_sla_dag']) retrieved from /home/airflow/.local/lib/python3.7/site-packages/airflow/example_dags/example_sla_dag.py
[2026-02-13T22:10:40.206+0000] {logging_mixin.py:137} INFO - [2026-02-13T22:10:40.206+0000] {dag.py:2690} INFO - Sync 1 DAGs
[2026-02-13T22:10:40.221+0000] {logging_mixin.py:137} INFO - [2026-02-13T22:10:40.220+0000] {dag.py:3441} INFO - Setting next_dagrun for example_sla_dag to 2026-02-13T22:08:00+00:00, run_after=2026-02-13T22:10:00+00:00
[2026-02-13T22:10:40.229+0000] {processor.py:175} INFO - Processing /home/airflow/.local/lib/python3.7/site-packages/airflow/example_dags/example_sla_dag.py took 0.045 seconds
[2026-02-13T22:11:10.743+0000] {processor.py:153} INFO - Started process (PID=842) to work on /home/airflow/.local/lib/python3.7/site-packages/airflow/example_dags/example_sla_dag.py
[2026-02-13T22:11:10.743+0000] {processor.py:743} INFO - Processing file /home/airflow/.local/lib/python3.7/site-packages/airflow/example_dags/example_sla_dag.py for tasks to queue
[2026-02-13T22:11:10.744+0000] {logging_mixin.py:137} INFO - [2026-02-13T22:11:10.744+0000] {dagbag.py:538} INFO - Filling up the DagBag from /home/airflow/.local/lib/python3.7/site-packages/airflow/example_dags/example_sla_dag.py
[2026-02-13T22:11:10.754+0000] {processor.py:753} INFO - DAG(s) dict_keys(['example_sla_dag']) retrieved from /home/airflow/.local/lib/python3.7/site-packages/airflow/example_dags/example_sla_dag.py
[2026-02-13T22:11:10.773+0000] {logging_mixin.py:137} INFO - [2026-02-13T22:11:10.773+0000] {dag.py:2690} INFO - Sync 1 DAGs
[2026-02-13T22:11:10.789+0000] {logging_mixin.py:137} INFO - [2026-02-13T22:11:10.788+0000] {dag.py:3441} INFO - Setting next_dagrun for example_sla_dag to 2026-02-13T22:08:00+00:00, run_after=2026-02-13T22:10:00+00:00
[2026-02-13T22:11:10.813+0000] {processor.py:175} INFO - Processing /home/airflow/.local/lib/python3.7/site-packages/airflow/example_dags/example_sla_dag.py took 0.072 seconds
[2026-02-13T22:11:41.379+0000] {processor.py:153} INFO - Started process (PID=930) to work on /home/airflow/.local/lib/python3.7/site-packages/airflow/example_dags/example_sla_dag.py
[2026-02-13T22:11:41.380+0000] {processor.py:743} INFO - Processing file /home/airflow/.local/lib/python3.7/site-packages/airflow/example_dags/example_sla_dag.py for tasks to queue
[2026-02-13T22:11:41.380+0000] {logging_mixin.py:137} INFO - [2026-02-13T22:11:41.380+0000] {dagbag.py:538} INFO - Filling up the DagBag from /home/airflow/.local/lib/python3.7/site-packages/airflow/example_dags/example_sla_dag.py
[2026-02-13T22:11:41.390+0000] {processor.py:753} INFO - DAG(s) dict_keys(['example_sla_dag']) retrieved from /home/airflow/.local/lib/python3.7/site-packages/airflow/example_dags/example_sla_dag.py
[2026-02-13T22:11:41.402+0000] {logging_mixin.py:137} INFO - [2026-02-13T22:11:41.402+0000] {dag.py:2690} INFO - Sync 1 DAGs
[2026-02-13T22:11:41.413+0000] {logging_mixin.py:137} INFO - [2026-02-13T22:11:41.413+0000] {dag.py:3441} INFO - Setting next_dagrun for example_sla_dag to 2026-02-13T22:08:00+00:00, run_after=2026-02-13T22:10:00+00:00
[2026-02-13T22:11:41.426+0000] {processor.py:175} INFO - Processing /home/airflow/.local/lib/python3.7/site-packages/airflow/example_dags/example_sla_dag.py took 0.048 seconds
[2026-02-13T22:12:11.919+0000] {processor.py:153} INFO - Started process (PID=1019) to work on /home/airflow/.local/lib/python3.7/site-packages/airflow/example_dags/example_sla_dag.py
[2026-02-13T22:12:11.921+0000] {processor.py:743} INFO - Processing file /home/airflow/.local/lib/python3.7/site-packages/airflow/example_dags/example_sla_dag.py for tasks to queue
[2026-02-13T22:12:11.921+0000] {logging_mixin.py:137} INFO - [2026-02-13T22:12:11.921+0000] {dagbag.py:538} INFO - Filling up the DagBag from /home/airflow/.local/lib/python3.7/site-packages/airflow/example_dags/example_sla_dag.py
[2026-02-13T22:12:11.934+0000] {processor.py:753} INFO - DAG(s) dict_keys(['example_sla_dag']) retrieved from /home/airflow/.local/lib/python3.7/site-packages/airflow/example_dags/example_sla_dag.py
[2026-02-13T22:12:11.946+0000] {logging_mixin.py:137} INFO - [2026-02-13T22:12:11.946+0000] {dag.py:2690} INFO - Sync 1 DAGs
[2026-02-13T22:12:11.958+0000] {logging_mixin.py:137} INFO - [2026-02-13T22:12:11.958+0000] {dag.py:3441} INFO - Setting next_dagrun for example_sla_dag to 2026-02-13T22:10:00+00:00, run_after=2026-02-13T22:12:00+00:00
[2026-02-13T22:12:11.971+0000] {processor.py:175} INFO - Processing /home/airflow/.local/lib/python3.7/site-packages/airflow/example_dags/example_sla_dag.py took 0.053 seconds
[2026-02-13T22:20:57.957+0000] {processor.py:153} INFO - Started process (PID=114) to work on /home/airflow/.local/lib/python3.7/site-packages/airflow/example_dags/example_sla_dag.py
[2026-02-13T22:20:57.959+0000] {processor.py:743} INFO - Processing file /home/airflow/.local/lib/python3.7/site-packages/airflow/example_dags/example_sla_dag.py for tasks to queue
[2026-02-13T22:20:57.959+0000] {logging_mixin.py:137} INFO - [2026-02-13T22:20:57.959+0000] {dagbag.py:538} INFO - Filling up the DagBag from /home/airflow/.local/lib/python3.7/site-packages/airflow/example_dags/example_sla_dag.py
[2026-02-13T22:20:57.973+0000] {processor.py:753} INFO - DAG(s) dict_keys(['example_sla_dag']) retrieved from /home/airflow/.local/lib/python3.7/site-packages/airflow/example_dags/example_sla_dag.py
[2026-02-13T22:20:57.981+0000] {logging_mixin.py:137} INFO - [2026-02-13T22:20:57.980+0000] {dag.py:2690} INFO - Sync 1 DAGs
[2026-02-13T22:20:57.994+0000] {logging_mixin.py:137} INFO - [2026-02-13T22:20:57.994+0000] {dag.py:3441} INFO - Setting next_dagrun for example_sla_dag to 2026-02-13T22:18:00+00:00, run_after=2026-02-13T22:20:00+00:00
[2026-02-13T22:20:58.005+0000] {processor.py:175} INFO - Processing /home/airflow/.local/lib/python3.7/site-packages/airflow/example_dags/example_sla_dag.py took 0.050 seconds
[2026-02-13T22:21:28.647+0000] {processor.py:153} INFO - Started process (PID=197) to work on /home/airflow/.local/lib/python3.7/site-packages/airflow/example_dags/example_sla_dag.py
[2026-02-13T22:21:28.648+0000] {processor.py:743} INFO - Processing file /home/airflow/.local/lib/python3.7/site-packages/airflow/example_dags/example_sla_dag.py for tasks to queue
[2026-02-13T22:21:28.648+0000] {logging_mixin.py:137} INFO - [2026-02-13T22:21:28.648+0000] {dagbag.py:538} INFO - Filling up the DagBag from /home/airflow/.local/lib/python3.7/site-packages/airflow/example_dags/example_sla_dag.py
[2026-02-13T22:21:28.663+0000] {processor.py:753} INFO - DAG(s) dict_keys(['example_sla_dag']) retrieved from /home/airflow/.local/lib/python3.7/site-packages/airflow/example_dags/example_sla_dag.py
[2026-02-13T22:21:28.686+0000] {logging_mixin.py:137} INFO - [2026-02-13T22:21:28.685+0000] {dag.py:2690} INFO - Sync 1 DAGs
[2026-02-13T22:21:28.714+0000] {logging_mixin.py:137} INFO - [2026-02-13T22:21:28.714+0000] {dag.py:3441} INFO - Setting next_dagrun for example_sla_dag to 2026-02-13T22:18:00+00:00, run_after=2026-02-13T22:20:00+00:00
[2026-02-13T22:21:28.736+0000] {processor.py:175} INFO - Processing /home/airflow/.local/lib/python3.7/site-packages/airflow/example_dags/example_sla_dag.py took 0.091 seconds
[2026-02-13T22:21:59.714+0000] {processor.py:153} INFO - Started process (PID=277) to work on /home/airflow/.local/lib/python3.7/site-packages/airflow/example_dags/example_sla_dag.py
[2026-02-13T22:21:59.716+0000] {processor.py:743} INFO - Processing file /home/airflow/.local/lib/python3.7/site-packages/airflow/example_dags/example_sla_dag.py for tasks to queue
[2026-02-13T22:21:59.716+0000] {logging_mixin.py:137} INFO - [2026-02-13T22:21:59.716+0000] {dagbag.py:538} INFO - Filling up the DagBag from /home/airflow/.local/lib/python3.7/site-packages/airflow/example_dags/example_sla_dag.py
[2026-02-13T22:21:59.728+0000] {processor.py:753} INFO - DAG(s) dict_keys(['example_sla_dag']) retrieved from /home/airflow/.local/lib/python3.7/site-packages/airflow/example_dags/example_sla_dag.py
[2026-02-13T22:21:59.739+0000] {logging_mixin.py:137} INFO - [2026-02-13T22:21:59.739+0000] {dag.py:2690} INFO - Sync 1 DAGs
[2026-02-13T22:21:59.755+0000] {logging_mixin.py:137} INFO - [2026-02-13T22:21:59.755+0000] {dag.py:3441} INFO - Setting next_dagrun for example_sla_dag to 2026-02-13T22:18:00+00:00, run_after=2026-02-13T22:20:00+00:00
[2026-02-13T22:21:59.765+0000] {processor.py:175} INFO - Processing /home/airflow/.local/lib/python3.7/site-packages/airflow/example_dags/example_sla_dag.py took 0.052 seconds
[2026-02-13T22:22:30.270+0000] {processor.py:153} INFO - Started process (PID=367) to work on /home/airflow/.local/lib/python3.7/site-packages/airflow/example_dags/example_sla_dag.py
[2026-02-13T22:22:30.271+0000] {processor.py:743} INFO - Processing file /home/airflow/.local/lib/python3.7/site-packages/airflow/example_dags/example_sla_dag.py for tasks to queue
[2026-02-13T22:22:30.271+0000] {logging_mixin.py:137} INFO - [2026-02-13T22:22:30.271+0000] {dagbag.py:538} INFO - Filling up the DagBag from /home/airflow/.local/lib/python3.7/site-packages/airflow/example_dags/example_sla_dag.py
[2026-02-13T22:22:30.282+0000] {processor.py:753} INFO - DAG(s) dict_keys(['example_sla_dag']) retrieved from /home/airflow/.local/lib/python3.7/site-packages/airflow/example_dags/example_sla_dag.py
[2026-02-13T22:22:30.295+0000] {logging_mixin.py:137} INFO - [2026-02-13T22:22:30.295+0000] {dag.py:2690} INFO - Sync 1 DAGs
[2026-02-13T22:22:30.310+0000] {logging_mixin.py:137} INFO - [2026-02-13T22:22:30.310+0000] {dag.py:3441} INFO - Setting next_dagrun for example_sla_dag to 2026-02-13T22:20:00+00:00, run_after=2026-02-13T22:22:00+00:00
[2026-02-13T22:22:30.319+0000] {processor.py:175} INFO - Processing /home/airflow/.local/lib/python3.7/site-packages/airflow/example_dags/example_sla_dag.py took 0.051 seconds
[2026-02-13T22:23:00.990+0000] {processor.py:153} INFO - Started process (PID=456) to work on /home/airflow/.local/lib/python3.7/site-packages/airflow/example_dags/example_sla_dag.py
[2026-02-13T22:23:00.991+0000] {processor.py:743} INFO - Processing file /home/airflow/.local/lib/python3.7/site-packages/airflow/example_dags/example_sla_dag.py for tasks to queue
[2026-02-13T22:23:00.993+0000] {logging_mixin.py:137} INFO - [2026-02-13T22:23:00.992+0000] {dagbag.py:538} INFO - Filling up the DagBag from /home/airflow/.local/lib/python3.7/site-packages/airflow/example_dags/example_sla_dag.py
[2026-02-13T22:23:01.007+0000] {processor.py:753} INFO - DAG(s) dict_keys(['example_sla_dag']) retrieved from /home/airflow/.local/lib/python3.7/site-packages/airflow/example_dags/example_sla_dag.py
[2026-02-13T22:23:01.018+0000] {logging_mixin.py:137} INFO - [2026-02-13T22:23:01.018+0000] {dag.py:2690} INFO - Sync 1 DAGs
[2026-02-13T22:23:01.032+0000] {logging_mixin.py:137} INFO - [2026-02-13T22:23:01.032+0000] {dag.py:3441} INFO - Setting next_dagrun for example_sla_dag to 2026-02-13T22:20:00+00:00, run_after=2026-02-13T22:22:00+00:00
[2026-02-13T22:23:01.042+0000] {processor.py:175} INFO - Processing /home/airflow/.local/lib/python3.7/site-packages/airflow/example_dags/example_sla_dag.py took 0.055 seconds
[2026-02-13T22:23:31.663+0000] {processor.py:153} INFO - Started process (PID=537) to work on /home/airflow/.local/lib/python3.7/site-packages/airflow/example_dags/example_sla_dag.py
[2026-02-13T22:23:31.664+0000] {processor.py:743} INFO - Processing file /home/airflow/.local/lib/python3.7/site-packages/airflow/example_dags/example_sla_dag.py for tasks to queue
[2026-02-13T22:23:31.665+0000] {logging_mixin.py:137} INFO - [2026-02-13T22:23:31.665+0000] {dagbag.py:538} INFO - Filling up the DagBag from /home/airflow/.local/lib/python3.7/site-packages/airflow/example_dags/example_sla_dag.py
[2026-02-13T22:23:31.678+0000] {processor.py:753} INFO - DAG(s) dict_keys(['example_sla_dag']) retrieved from /home/airflow/.local/lib/python3.7/site-packages/airflow/example_dags/example_sla_dag.py
[2026-02-13T22:23:31.692+0000] {logging_mixin.py:137} INFO - [2026-02-13T22:23:31.692+0000] {dag.py:2690} INFO - Sync 1 DAGs
[2026-02-13T22:23:31.708+0000] {logging_mixin.py:137} INFO - [2026-02-13T22:23:31.708+0000] {dag.py:3441} INFO - Setting next_dagrun for example_sla_dag to 2026-02-13T22:20:00+00:00, run_after=2026-02-13T22:22:00+00:00
[2026-02-13T22:23:31.721+0000] {processor.py:175} INFO - Processing /home/airflow/.local/lib/python3.7/site-packages/airflow/example_dags/example_sla_dag.py took 0.060 seconds
[2026-02-13T22:24:02.342+0000] {processor.py:153} INFO - Started process (PID=617) to work on /home/airflow/.local/lib/python3.7/site-packages/airflow/example_dags/example_sla_dag.py
[2026-02-13T22:24:02.343+0000] {processor.py:743} INFO - Processing file /home/airflow/.local/lib/python3.7/site-packages/airflow/example_dags/example_sla_dag.py for tasks to queue
[2026-02-13T22:24:02.344+0000] {logging_mixin.py:137} INFO - [2026-02-13T22:24:02.344+0000] {dagbag.py:538} INFO - Filling up the DagBag from /home/airflow/.local/lib/python3.7/site-packages/airflow/example_dags/example_sla_dag.py
[2026-02-13T22:24:02.359+0000] {processor.py:753} INFO - DAG(s) dict_keys(['example_sla_dag']) retrieved from /home/airflow/.local/lib/python3.7/site-packages/airflow/example_dags/example_sla_dag.py
[2026-02-13T22:24:02.373+0000] {logging_mixin.py:137} INFO - [2026-02-13T22:24:02.373+0000] {dag.py:2690} INFO - Sync 1 DAGs
[2026-02-13T22:24:02.390+0000] {logging_mixin.py:137} INFO - [2026-02-13T22:24:02.390+0000] {dag.py:3441} INFO - Setting next_dagrun for example_sla_dag to 2026-02-13T22:22:00+00:00, run_after=2026-02-13T22:24:00+00:00
[2026-02-13T22:24:02.403+0000] {processor.py:175} INFO - Processing /home/airflow/.local/lib/python3.7/site-packages/airflow/example_dags/example_sla_dag.py took 0.062 seconds
[2026-02-13T22:24:33.077+0000] {processor.py:153} INFO - Started process (PID=705) to work on /home/airflow/.local/lib/python3.7/site-packages/airflow/example_dags/example_sla_dag.py
[2026-02-13T22:24:33.077+0000] {processor.py:743} INFO - Processing file /home/airflow/.local/lib/python3.7/site-packages/airflow/example_dags/example_sla_dag.py for tasks to queue
[2026-02-13T22:24:33.078+0000] {logging_mixin.py:137} INFO - [2026-02-13T22:24:33.078+0000] {dagbag.py:538} INFO - Filling up the DagBag from /home/airflow/.local/lib/python3.7/site-packages/airflow/example_dags/example_sla_dag.py
[2026-02-13T22:24:33.089+0000] {processor.py:753} INFO - DAG(s) dict_keys(['example_sla_dag']) retrieved from /home/airflow/.local/lib/python3.7/site-packages/airflow/example_dags/example_sla_dag.py
[2026-02-13T22:24:33.103+0000] {logging_mixin.py:137} INFO - [2026-02-13T22:24:33.103+0000] {dag.py:2690} INFO - Sync 1 DAGs
[2026-02-13T22:24:33.121+0000] {logging_mixin.py:137} INFO - [2026-02-13T22:24:33.121+0000] {dag.py:3441} INFO - Setting next_dagrun for example_sla_dag to 2026-02-13T22:22:00+00:00, run_after=2026-02-13T22:24:00+00:00
[2026-02-13T22:24:33.132+0000] {processor.py:175} INFO - Processing /home/airflow/.local/lib/python3.7/site-packages/airflow/example_dags/example_sla_dag.py took 0.057 seconds
[2026-02-13T22:25:03.712+0000] {processor.py:153} INFO - Started process (PID=795) to work on /home/airflow/.local/lib/python3.7/site-packages/airflow/example_dags/example_sla_dag.py
[2026-02-13T22:25:03.712+0000] {processor.py:743} INFO - Processing file /home/airflow/.local/lib/python3.7/site-packages/airflow/example_dags/example_sla_dag.py for tasks to queue
[2026-02-13T22:25:03.713+0000] {logging_mixin.py:137} INFO - [2026-02-13T22:25:03.713+0000] {dagbag.py:538} INFO - Filling up the DagBag from /home/airflow/.local/lib/python3.7/site-packages/airflow/example_dags/example_sla_dag.py
[2026-02-13T22:25:03.723+0000] {processor.py:753} INFO - DAG(s) dict_keys(['example_sla_dag']) retrieved from /home/airflow/.local/lib/python3.7/site-packages/airflow/example_dags/example_sla_dag.py
[2026-02-13T22:25:03.739+0000] {logging_mixin.py:137} INFO - [2026-02-13T22:25:03.739+0000] {dag.py:2690} INFO - Sync 1 DAGs
[2026-02-13T22:25:03.749+0000] {logging_mixin.py:137} INFO - [2026-02-13T22:25:03.749+0000] {dag.py:3441} INFO - Setting next_dagrun for example_sla_dag to 2026-02-13T22:22:00+00:00, run_after=2026-02-13T22:24:00+00:00
[2026-02-13T22:25:03.759+0000] {processor.py:175} INFO - Processing /home/airflow/.local/lib/python3.7/site-packages/airflow/example_dags/example_sla_dag.py took 0.049 seconds
[2026-02-13T22:25:34.461+0000] {processor.py:153} INFO - Started process (PID=884) to work on /home/airflow/.local/lib/python3.7/site-packages/airflow/example_dags/example_sla_dag.py
[2026-02-13T22:25:34.462+0000] {processor.py:743} INFO - Processing file /home/airflow/.local/lib/python3.7/site-packages/airflow/example_dags/example_sla_dag.py for tasks to queue
[2026-02-13T22:25:34.462+0000] {logging_mixin.py:137} INFO - [2026-02-13T22:25:34.462+0000] {dagbag.py:538} INFO - Filling up the DagBag from /home/airflow/.local/lib/python3.7/site-packages/airflow/example_dags/example_sla_dag.py
[2026-02-13T22:25:34.472+0000] {processor.py:753} INFO - DAG(s) dict_keys(['example_sla_dag']) retrieved from /home/airflow/.local/lib/python3.7/site-packages/airflow/example_dags/example_sla_dag.py
[2026-02-13T22:25:34.485+0000] {logging_mixin.py:137} INFO - [2026-02-13T22:25:34.485+0000] {dag.py:2690} INFO - Sync 1 DAGs
[2026-02-13T22:25:34.497+0000] {logging_mixin.py:137} INFO - [2026-02-13T22:25:34.497+0000] {dag.py:3441} INFO - Setting next_dagrun for example_sla_dag to 2026-02-13T22:22:00+00:00, run_after=2026-02-13T22:24:00+00:00
[2026-02-13T22:25:34.513+0000] {processor.py:175} INFO - Processing /home/airflow/.local/lib/python3.7/site-packages/airflow/example_dags/example_sla_dag.py took 0.053 seconds
[2026-02-13T22:26:04.968+0000] {processor.py:153} INFO - Started process (PID=957) to work on /home/airflow/.local/lib/python3.7/site-packages/airflow/example_dags/example_sla_dag.py
[2026-02-13T22:26:04.969+0000] {processor.py:743} INFO - Processing file /home/airflow/.local/lib/python3.7/site-packages/airflow/example_dags/example_sla_dag.py for tasks to queue
[2026-02-13T22:26:04.970+0000] {logging_mixin.py:137} INFO - [2026-02-13T22:26:04.970+0000] {dagbag.py:538} INFO - Filling up the DagBag from /home/airflow/.local/lib/python3.7/site-packages/airflow/example_dags/example_sla_dag.py
[2026-02-13T22:26:04.983+0000] {processor.py:753} INFO - DAG(s) dict_keys(['example_sla_dag']) retrieved from /home/airflow/.local/lib/python3.7/site-packages/airflow/example_dags/example_sla_dag.py
[2026-02-13T22:26:04.998+0000] {logging_mixin.py:137} INFO - [2026-02-13T22:26:04.998+0000] {dag.py:2690} INFO - Sync 1 DAGs
[2026-02-13T22:26:05.010+0000] {logging_mixin.py:137} INFO - [2026-02-13T22:26:05.010+0000] {dag.py:3441} INFO - Setting next_dagrun for example_sla_dag to 2026-02-13T22:24:00+00:00, run_after=2026-02-13T22:26:00+00:00
[2026-02-13T22:26:05.020+0000] {processor.py:175} INFO - Processing /home/airflow/.local/lib/python3.7/site-packages/airflow/example_dags/example_sla_dag.py took 0.054 seconds
[2026-02-13T22:26:35.714+0000] {processor.py:153} INFO - Started process (PID=1046) to work on /home/airflow/.local/lib/python3.7/site-packages/airflow/example_dags/example_sla_dag.py
[2026-02-13T22:26:35.715+0000] {processor.py:743} INFO - Processing file /home/airflow/.local/lib/python3.7/site-packages/airflow/example_dags/example_sla_dag.py for tasks to queue
[2026-02-13T22:26:35.716+0000] {logging_mixin.py:137} INFO - [2026-02-13T22:26:35.716+0000] {dagbag.py:538} INFO - Filling up the DagBag from /home/airflow/.local/lib/python3.7/site-packages/airflow/example_dags/example_sla_dag.py
[2026-02-13T22:26:35.727+0000] {processor.py:753} INFO - DAG(s) dict_keys(['example_sla_dag']) retrieved from /home/airflow/.local/lib/python3.7/site-packages/airflow/example_dags/example_sla_dag.py
[2026-02-13T22:26:35.739+0000] {logging_mixin.py:137} INFO - [2026-02-13T22:26:35.739+0000] {dag.py:2690} INFO - Sync 1 DAGs
[2026-02-13T22:26:35.754+0000] {logging_mixin.py:137} INFO - [2026-02-13T22:26:35.754+0000] {dag.py:3441} INFO - Setting next_dagrun for example_sla_dag to 2026-02-13T22:24:00+00:00, run_after=2026-02-13T22:26:00+00:00
[2026-02-13T22:26:35.768+0000] {processor.py:175} INFO - Processing /home/airflow/.local/lib/python3.7/site-packages/airflow/example_dags/example_sla_dag.py took 0.056 seconds
[2026-02-13T22:27:06.343+0000] {processor.py:153} INFO - Started process (PID=1135) to work on /home/airflow/.local/lib/python3.7/site-packages/airflow/example_dags/example_sla_dag.py
[2026-02-13T22:27:06.344+0000] {processor.py:743} INFO - Processing file /home/airflow/.local/lib/python3.7/site-packages/airflow/example_dags/example_sla_dag.py for tasks to queue
[2026-02-13T22:27:06.344+0000] {logging_mixin.py:137} INFO - [2026-02-13T22:27:06.344+0000] {dagbag.py:538} INFO - Filling up the DagBag from /home/airflow/.local/lib/python3.7/site-packages/airflow/example_dags/example_sla_dag.py
[2026-02-13T22:27:06.355+0000] {processor.py:753} INFO - DAG(s) dict_keys(['example_sla_dag']) retrieved from /home/airflow/.local/lib/python3.7/site-packages/airflow/example_dags/example_sla_dag.py
[2026-02-13T22:27:06.371+0000] {logging_mixin.py:137} INFO - [2026-02-13T22:27:06.371+0000] {dag.py:2690} INFO - Sync 1 DAGs
[2026-02-13T22:27:06.382+0000] {logging_mixin.py:137} INFO - [2026-02-13T22:27:06.382+0000] {dag.py:3441} INFO - Setting next_dagrun for example_sla_dag to 2026-02-13T22:24:00+00:00, run_after=2026-02-13T22:26:00+00:00
[2026-02-13T22:27:06.393+0000] {processor.py:175} INFO - Processing /home/airflow/.local/lib/python3.7/site-packages/airflow/example_dags/example_sla_dag.py took 0.051 seconds
[2026-02-13T22:27:37.000+0000] {processor.py:153} INFO - Started process (PID=1224) to work on /home/airflow/.local/lib/python3.7/site-packages/airflow/example_dags/example_sla_dag.py
[2026-02-13T22:27:37.000+0000] {processor.py:743} INFO - Processing file /home/airflow/.local/lib/python3.7/site-packages/airflow/example_dags/example_sla_dag.py for tasks to queue
[2026-02-13T22:27:37.000+0000] {logging_mixin.py:137} INFO - [2026-02-13T22:27:37.000+0000] {dagbag.py:538} INFO - Filling up the DagBag from /home/airflow/.local/lib/python3.7/site-packages/airflow/example_dags/example_sla_dag.py
[2026-02-13T22:27:37.011+0000] {processor.py:753} INFO - DAG(s) dict_keys(['example_sla_dag']) retrieved from /home/airflow/.local/lib/python3.7/site-packages/airflow/example_dags/example_sla_dag.py
[2026-02-13T22:27:37.025+0000] {logging_mixin.py:137} INFO - [2026-02-13T22:27:37.025+0000] {dag.py:2690} INFO - Sync 1 DAGs
[2026-02-13T22:27:37.038+0000] {logging_mixin.py:137} INFO - [2026-02-13T22:27:37.038+0000] {dag.py:3441} INFO - Setting next_dagrun for example_sla_dag to 2026-02-13T22:24:00+00:00, run_after=2026-02-13T22:26:00+00:00
[2026-02-13T22:27:37.051+0000] {processor.py:175} INFO - Processing /home/airflow/.local/lib/python3.7/site-packages/airflow/example_dags/example_sla_dag.py took 0.053 seconds
[2026-02-13T22:28:07.760+0000] {processor.py:153} INFO - Started process (PID=1297) to work on /home/airflow/.local/lib/python3.7/site-packages/airflow/example_dags/example_sla_dag.py
[2026-02-13T22:28:07.761+0000] {processor.py:743} INFO - Processing file /home/airflow/.local/lib/python3.7/site-packages/airflow/example_dags/example_sla_dag.py for tasks to queue
[2026-02-13T22:28:07.761+0000] {logging_mixin.py:137} INFO - [2026-02-13T22:28:07.761+0000] {dagbag.py:538} INFO - Filling up the DagBag from /home/airflow/.local/lib/python3.7/site-packages/airflow/example_dags/example_sla_dag.py
[2026-02-13T22:28:07.772+0000] {processor.py:753} INFO - DAG(s) dict_keys(['example_sla_dag']) retrieved from /home/airflow/.local/lib/python3.7/site-packages/airflow/example_dags/example_sla_dag.py
[2026-02-13T22:28:07.788+0000] {logging_mixin.py:137} INFO - [2026-02-13T22:28:07.788+0000] {dag.py:2690} INFO - Sync 1 DAGs
[2026-02-13T22:28:07.801+0000] {logging_mixin.py:137} INFO - [2026-02-13T22:28:07.801+0000] {dag.py:3441} INFO - Setting next_dagrun for example_sla_dag to 2026-02-13T22:26:00+00:00, run_after=2026-02-13T22:28:00+00:00
[2026-02-13T22:28:07.815+0000] {processor.py:175} INFO - Processing /home/airflow/.local/lib/python3.7/site-packages/airflow/example_dags/example_sla_dag.py took 0.057 seconds
[2026-02-13T22:28:38.345+0000] {processor.py:153} INFO - Started process (PID=1386) to work on /home/airflow/.local/lib/python3.7/site-packages/airflow/example_dags/example_sla_dag.py
[2026-02-13T22:28:38.346+0000] {processor.py:743} INFO - Processing file /home/airflow/.local/lib/python3.7/site-packages/airflow/example_dags/example_sla_dag.py for tasks to queue
[2026-02-13T22:28:38.346+0000] {logging_mixin.py:137} INFO - [2026-02-13T22:28:38.346+0000] {dagbag.py:538} INFO - Filling up the DagBag from /home/airflow/.local/lib/python3.7/site-packages/airflow/example_dags/example_sla_dag.py
[2026-02-13T22:28:38.356+0000] {processor.py:753} INFO - DAG(s) dict_keys(['example_sla_dag']) retrieved from /home/airflow/.local/lib/python3.7/site-packages/airflow/example_dags/example_sla_dag.py
[2026-02-13T22:28:38.371+0000] {logging_mixin.py:137} INFO - [2026-02-13T22:28:38.371+0000] {dag.py:2690} INFO - Sync 1 DAGs
[2026-02-13T22:28:38.384+0000] {logging_mixin.py:137} INFO - [2026-02-13T22:28:38.384+0000] {dag.py:3441} INFO - Setting next_dagrun for example_sla_dag to 2026-02-13T22:26:00+00:00, run_after=2026-02-13T22:28:00+00:00
[2026-02-13T22:28:38.393+0000] {processor.py:175} INFO - Processing /home/airflow/.local/lib/python3.7/site-packages/airflow/example_dags/example_sla_dag.py took 0.050 seconds
[2026-02-13T22:29:09.022+0000] {processor.py:153} INFO - Started process (PID=1475) to work on /home/airflow/.local/lib/python3.7/site-packages/airflow/example_dags/example_sla_dag.py
[2026-02-13T22:29:09.023+0000] {processor.py:743} INFO - Processing file /home/airflow/.local/lib/python3.7/site-packages/airflow/example_dags/example_sla_dag.py for tasks to queue
[2026-02-13T22:29:09.023+0000] {logging_mixin.py:137} INFO - [2026-02-13T22:29:09.023+0000] {dagbag.py:538} INFO - Filling up the DagBag from /home/airflow/.local/lib/python3.7/site-packages/airflow/example_dags/example_sla_dag.py
[2026-02-13T22:29:09.033+0000] {processor.py:753} INFO - DAG(s) dict_keys(['example_sla_dag']) retrieved from /home/airflow/.local/lib/python3.7/site-packages/airflow/example_dags/example_sla_dag.py
[2026-02-13T22:29:09.046+0000] {logging_mixin.py:137} INFO - [2026-02-13T22:29:09.046+0000] {dag.py:2690} INFO - Sync 1 DAGs
[2026-02-13T22:29:09.062+0000] {logging_mixin.py:137} INFO - [2026-02-13T22:29:09.062+0000] {dag.py:3441} INFO - Setting next_dagrun for example_sla_dag to 2026-02-13T22:26:00+00:00, run_after=2026-02-13T22:28:00+00:00
[2026-02-13T22:29:09.076+0000] {processor.py:175} INFO - Processing /home/airflow/.local/lib/python3.7/site-packages/airflow/example_dags/example_sla_dag.py took 0.055 seconds
[2026-02-13T22:29:39.579+0000] {processor.py:153} INFO - Started process (PID=1564) to work on /home/airflow/.local/lib/python3.7/site-packages/airflow/example_dags/example_sla_dag.py
[2026-02-13T22:29:39.579+0000] {processor.py:743} INFO - Processing file /home/airflow/.local/lib/python3.7/site-packages/airflow/example_dags/example_sla_dag.py for tasks to queue
[2026-02-13T22:29:39.581+0000] {logging_mixin.py:137} INFO - [2026-02-13T22:29:39.581+0000] {dagbag.py:538} INFO - Filling up the DagBag from /home/airflow/.local/lib/python3.7/site-packages/airflow/example_dags/example_sla_dag.py
[2026-02-13T22:29:39.593+0000] {processor.py:753} INFO - DAG(s) dict_keys(['example_sla_dag']) retrieved from /home/airflow/.local/lib/python3.7/site-packages/airflow/example_dags/example_sla_dag.py
[2026-02-13T22:29:39.606+0000] {logging_mixin.py:137} INFO - [2026-02-13T22:29:39.606+0000] {dag.py:2690} INFO - Sync 1 DAGs
[2026-02-13T22:29:39.623+0000] {logging_mixin.py:137} INFO - [2026-02-13T22:29:39.623+0000] {dag.py:3441} INFO - Setting next_dagrun for example_sla_dag to 2026-02-13T22:26:00+00:00, run_after=2026-02-13T22:28:00+00:00
[2026-02-13T22:29:39.633+0000] {processor.py:175} INFO - Processing /home/airflow/.local/lib/python3.7/site-packages/airflow/example_dags/example_sla_dag.py took 0.056 seconds
[2026-02-13T22:30:10.485+0000] {processor.py:153} INFO - Started process (PID=1653) to work on /home/airflow/.local/lib/python3.7/site-packages/airflow/example_dags/example_sla_dag.py
[2026-02-13T22:30:10.486+0000] {processor.py:743} INFO - Processing file /home/airflow/.local/lib/python3.7/site-packages/airflow/example_dags/example_sla_dag.py for tasks to queue
[2026-02-13T22:30:10.487+0000] {logging_mixin.py:137} INFO - [2026-02-13T22:30:10.487+0000] {dagbag.py:538} INFO - Filling up the DagBag from /home/airflow/.local/lib/python3.7/site-packages/airflow/example_dags/example_sla_dag.py
[2026-02-13T22:30:10.498+0000] {processor.py:753} INFO - DAG(s) dict_keys(['example_sla_dag']) retrieved from /home/airflow/.local/lib/python3.7/site-packages/airflow/example_dags/example_sla_dag.py
[2026-02-13T22:30:10.512+0000] {logging_mixin.py:137} INFO - [2026-02-13T22:30:10.511+0000] {dag.py:2690} INFO - Sync 1 DAGs
[2026-02-13T22:30:10.530+0000] {logging_mixin.py:137} INFO - [2026-02-13T22:30:10.530+0000] {dag.py:3441} INFO - Setting next_dagrun for example_sla_dag to 2026-02-13T22:28:00+00:00, run_after=2026-02-13T22:30:00+00:00
[2026-02-13T22:30:10.544+0000] {processor.py:175} INFO - Processing /home/airflow/.local/lib/python3.7/site-packages/airflow/example_dags/example_sla_dag.py took 0.061 seconds
[2026-02-13T22:30:41.083+0000] {processor.py:153} INFO - Started process (PID=1726) to work on /home/airflow/.local/lib/python3.7/site-packages/airflow/example_dags/example_sla_dag.py
[2026-02-13T22:30:41.085+0000] {processor.py:743} INFO - Processing file /home/airflow/.local/lib/python3.7/site-packages/airflow/example_dags/example_sla_dag.py for tasks to queue
[2026-02-13T22:30:41.086+0000] {logging_mixin.py:137} INFO - [2026-02-13T22:30:41.086+0000] {dagbag.py:538} INFO - Filling up the DagBag from /home/airflow/.local/lib/python3.7/site-packages/airflow/example_dags/example_sla_dag.py
[2026-02-13T22:30:41.098+0000] {processor.py:753} INFO - DAG(s) dict_keys(['example_sla_dag']) retrieved from /home/airflow/.local/lib/python3.7/site-packages/airflow/example_dags/example_sla_dag.py
[2026-02-13T22:30:41.112+0000] {logging_mixin.py:137} INFO - [2026-02-13T22:30:41.112+0000] {dag.py:2690} INFO - Sync 1 DAGs
[2026-02-13T22:30:41.126+0000] {logging_mixin.py:137} INFO - [2026-02-13T22:30:41.126+0000] {dag.py:3441} INFO - Setting next_dagrun for example_sla_dag to 2026-02-13T22:28:00+00:00, run_after=2026-02-13T22:30:00+00:00
[2026-02-13T22:30:41.133+0000] {processor.py:175} INFO - Processing /home/airflow/.local/lib/python3.7/site-packages/airflow/example_dags/example_sla_dag.py took 0.052 seconds
[2026-02-13T22:31:11.583+0000] {processor.py:153} INFO - Started process (PID=1815) to work on /home/airflow/.local/lib/python3.7/site-packages/airflow/example_dags/example_sla_dag.py
[2026-02-13T22:31:11.583+0000] {processor.py:743} INFO - Processing file /home/airflow/.local/lib/python3.7/site-packages/airflow/example_dags/example_sla_dag.py for tasks to queue
[2026-02-13T22:31:11.583+0000] {logging_mixin.py:137} INFO - [2026-02-13T22:31:11.583+0000] {dagbag.py:538} INFO - Filling up the DagBag from /home/airflow/.local/lib/python3.7/site-packages/airflow/example_dags/example_sla_dag.py
[2026-02-13T22:31:11.593+0000] {processor.py:753} INFO - DAG(s) dict_keys(['example_sla_dag']) retrieved from /home/airflow/.local/lib/python3.7/site-packages/airflow/example_dags/example_sla_dag.py
[2026-02-13T22:31:11.603+0000] {logging_mixin.py:137} INFO - [2026-02-13T22:31:11.603+0000] {dag.py:2690} INFO - Sync 1 DAGs
[2026-02-13T22:31:11.615+0000] {logging_mixin.py:137} INFO - [2026-02-13T22:31:11.614+0000] {dag.py:3441} INFO - Setting next_dagrun for example_sla_dag to 2026-02-13T22:28:00+00:00, run_after=2026-02-13T22:30:00+00:00
[2026-02-13T22:31:11.621+0000] {processor.py:175} INFO - Processing /home/airflow/.local/lib/python3.7/site-packages/airflow/example_dags/example_sla_dag.py took 0.040 seconds
[2026-02-13T22:31:42.441+0000] {processor.py:153} INFO - Started process (PID=1904) to work on /home/airflow/.local/lib/python3.7/site-packages/airflow/example_dags/example_sla_dag.py
[2026-02-13T22:31:42.442+0000] {processor.py:743} INFO - Processing file /home/airflow/.local/lib/python3.7/site-packages/airflow/example_dags/example_sla_dag.py for tasks to queue
[2026-02-13T22:31:42.442+0000] {logging_mixin.py:137} INFO - [2026-02-13T22:31:42.442+0000] {dagbag.py:538} INFO - Filling up the DagBag from /home/airflow/.local/lib/python3.7/site-packages/airflow/example_dags/example_sla_dag.py
[2026-02-13T22:31:42.453+0000] {processor.py:753} INFO - DAG(s) dict_keys(['example_sla_dag']) retrieved from /home/airflow/.local/lib/python3.7/site-packages/airflow/example_dags/example_sla_dag.py
[2026-02-13T22:31:42.468+0000] {logging_mixin.py:137} INFO - [2026-02-13T22:31:42.468+0000] {dag.py:2690} INFO - Sync 1 DAGs
[2026-02-13T22:31:42.482+0000] {logging_mixin.py:137} INFO - [2026-02-13T22:31:42.482+0000] {dag.py:3441} INFO - Setting next_dagrun for example_sla_dag to 2026-02-13T22:28:00+00:00, run_after=2026-02-13T22:30:00+00:00
[2026-02-13T22:31:42.493+0000] {processor.py:175} INFO - Processing /home/airflow/.local/lib/python3.7/site-packages/airflow/example_dags/example_sla_dag.py took 0.054 seconds
[2026-02-13T22:32:13.741+0000] {processor.py:153} INFO - Started process (PID=1992) to work on /home/airflow/.local/lib/python3.7/site-packages/airflow/example_dags/example_sla_dag.py
[2026-02-13T22:32:13.743+0000] {processor.py:743} INFO - Processing file /home/airflow/.local/lib/python3.7/site-packages/airflow/example_dags/example_sla_dag.py for tasks to queue
[2026-02-13T22:32:13.743+0000] {logging_mixin.py:137} INFO - [2026-02-13T22:32:13.743+0000] {dagbag.py:538} INFO - Filling up the DagBag from /home/airflow/.local/lib/python3.7/site-packages/airflow/example_dags/example_sla_dag.py
[2026-02-13T22:32:13.753+0000] {processor.py:753} INFO - DAG(s) dict_keys(['example_sla_dag']) retrieved from /home/airflow/.local/lib/python3.7/site-packages/airflow/example_dags/example_sla_dag.py
[2026-02-13T22:32:13.764+0000] {logging_mixin.py:137} INFO - [2026-02-13T22:32:13.764+0000] {dag.py:2690} INFO - Sync 1 DAGs
[2026-02-13T22:32:13.775+0000] {logging_mixin.py:137} INFO - [2026-02-13T22:32:13.775+0000] {dag.py:3441} INFO - Setting next_dagrun for example_sla_dag to 2026-02-13T22:30:00+00:00, run_after=2026-02-13T22:32:00+00:00
[2026-02-13T22:32:13.782+0000] {processor.py:175} INFO - Processing /home/airflow/.local/lib/python3.7/site-packages/airflow/example_dags/example_sla_dag.py took 0.043 seconds
[2026-02-13T22:32:44.595+0000] {processor.py:153} INFO - Started process (PID=2065) to work on /home/airflow/.local/lib/python3.7/site-packages/airflow/example_dags/example_sla_dag.py
[2026-02-13T22:32:44.596+0000] {processor.py:743} INFO - Processing file /home/airflow/.local/lib/python3.7/site-packages/airflow/example_dags/example_sla_dag.py for tasks to queue
[2026-02-13T22:32:44.597+0000] {logging_mixin.py:137} INFO - [2026-02-13T22:32:44.597+0000] {dagbag.py:538} INFO - Filling up the DagBag from /home/airflow/.local/lib/python3.7/site-packages/airflow/example_dags/example_sla_dag.py
[2026-02-13T22:32:44.605+0000] {processor.py:753} INFO - DAG(s) dict_keys(['example_sla_dag']) retrieved from /home/airflow/.local/lib/python3.7/site-packages/airflow/example_dags/example_sla_dag.py
[2026-02-13T22:32:44.621+0000] {logging_mixin.py:137} INFO - [2026-02-13T22:32:44.621+0000] {dag.py:2690} INFO - Sync 1 DAGs
[2026-02-13T22:32:44.633+0000] {logging_mixin.py:137} INFO - [2026-02-13T22:32:44.633+0000] {dag.py:3441} INFO - Setting next_dagrun for example_sla_dag to 2026-02-13T22:30:00+00:00, run_after=2026-02-13T22:32:00+00:00
[2026-02-13T22:32:44.644+0000] {processor.py:175} INFO - Processing /home/airflow/.local/lib/python3.7/site-packages/airflow/example_dags/example_sla_dag.py took 0.050 seconds
[2026-02-13T22:34:05.189+0000] {processor.py:153} INFO - Started process (PID=116) to work on /home/airflow/.local/lib/python3.7/site-packages/airflow/example_dags/example_sla_dag.py
[2026-02-13T22:34:05.192+0000] {processor.py:743} INFO - Processing file /home/airflow/.local/lib/python3.7/site-packages/airflow/example_dags/example_sla_dag.py for tasks to queue
[2026-02-13T22:34:05.193+0000] {logging_mixin.py:137} INFO - [2026-02-13T22:34:05.192+0000] {dagbag.py:538} INFO - Filling up the DagBag from /home/airflow/.local/lib/python3.7/site-packages/airflow/example_dags/example_sla_dag.py
[2026-02-13T22:34:05.205+0000] {processor.py:753} INFO - DAG(s) dict_keys(['example_sla_dag']) retrieved from /home/airflow/.local/lib/python3.7/site-packages/airflow/example_dags/example_sla_dag.py
[2026-02-13T22:34:05.222+0000] {logging_mixin.py:137} INFO - [2026-02-13T22:34:05.222+0000] {dag.py:2690} INFO - Sync 1 DAGs
[2026-02-13T22:34:05.240+0000] {logging_mixin.py:137} INFO - [2026-02-13T22:34:05.240+0000] {dag.py:3441} INFO - Setting next_dagrun for example_sla_dag to 2026-02-13T22:32:00+00:00, run_after=2026-02-13T22:34:00+00:00
[2026-02-13T22:34:05.251+0000] {processor.py:175} INFO - Processing /home/airflow/.local/lib/python3.7/site-packages/airflow/example_dags/example_sla_dag.py took 0.063 seconds
[2026-02-13T22:34:36.044+0000] {processor.py:153} INFO - Started process (PID=207) to work on /home/airflow/.local/lib/python3.7/site-packages/airflow/example_dags/example_sla_dag.py
[2026-02-13T22:34:36.047+0000] {processor.py:743} INFO - Processing file /home/airflow/.local/lib/python3.7/site-packages/airflow/example_dags/example_sla_dag.py for tasks to queue
[2026-02-13T22:34:36.047+0000] {logging_mixin.py:137} INFO - [2026-02-13T22:34:36.047+0000] {dagbag.py:538} INFO - Filling up the DagBag from /home/airflow/.local/lib/python3.7/site-packages/airflow/example_dags/example_sla_dag.py
[2026-02-13T22:34:36.059+0000] {processor.py:753} INFO - DAG(s) dict_keys(['example_sla_dag']) retrieved from /home/airflow/.local/lib/python3.7/site-packages/airflow/example_dags/example_sla_dag.py
[2026-02-13T22:34:36.072+0000] {logging_mixin.py:137} INFO - [2026-02-13T22:34:36.072+0000] {dag.py:2690} INFO - Sync 1 DAGs
[2026-02-13T22:34:36.086+0000] {logging_mixin.py:137} INFO - [2026-02-13T22:34:36.086+0000] {dag.py:3441} INFO - Setting next_dagrun for example_sla_dag to 2026-02-13T22:32:00+00:00, run_after=2026-02-13T22:34:00+00:00
[2026-02-13T22:34:36.094+0000] {processor.py:175} INFO - Processing /home/airflow/.local/lib/python3.7/site-packages/airflow/example_dags/example_sla_dag.py took 0.052 seconds
[2026-02-13T22:35:07.001+0000] {processor.py:153} INFO - Started process (PID=282) to work on /home/airflow/.local/lib/python3.7/site-packages/airflow/example_dags/example_sla_dag.py
[2026-02-13T22:35:07.002+0000] {processor.py:743} INFO - Processing file /home/airflow/.local/lib/python3.7/site-packages/airflow/example_dags/example_sla_dag.py for tasks to queue
[2026-02-13T22:35:07.002+0000] {logging_mixin.py:137} INFO - [2026-02-13T22:35:07.002+0000] {dagbag.py:538} INFO - Filling up the DagBag from /home/airflow/.local/lib/python3.7/site-packages/airflow/example_dags/example_sla_dag.py
[2026-02-13T22:35:07.014+0000] {processor.py:753} INFO - DAG(s) dict_keys(['example_sla_dag']) retrieved from /home/airflow/.local/lib/python3.7/site-packages/airflow/example_dags/example_sla_dag.py
[2026-02-13T22:35:07.025+0000] {logging_mixin.py:137} INFO - [2026-02-13T22:35:07.025+0000] {dag.py:2690} INFO - Sync 1 DAGs
[2026-02-13T22:35:07.041+0000] {logging_mixin.py:137} INFO - [2026-02-13T22:35:07.041+0000] {dag.py:3441} INFO - Setting next_dagrun for example_sla_dag to 2026-02-13T22:32:00+00:00, run_after=2026-02-13T22:34:00+00:00
[2026-02-13T22:35:07.057+0000] {processor.py:175} INFO - Processing /home/airflow/.local/lib/python3.7/site-packages/airflow/example_dags/example_sla_dag.py took 0.058 seconds
[2026-02-13T22:35:37.796+0000] {processor.py:153} INFO - Started process (PID=374) to work on /home/airflow/.local/lib/python3.7/site-packages/airflow/example_dags/example_sla_dag.py
[2026-02-13T22:35:37.797+0000] {processor.py:743} INFO - Processing file /home/airflow/.local/lib/python3.7/site-packages/airflow/example_dags/example_sla_dag.py for tasks to queue
[2026-02-13T22:35:37.799+0000] {logging_mixin.py:137} INFO - [2026-02-13T22:35:37.799+0000] {dagbag.py:538} INFO - Filling up the DagBag from /home/airflow/.local/lib/python3.7/site-packages/airflow/example_dags/example_sla_dag.py
[2026-02-13T22:35:37.809+0000] {processor.py:753} INFO - DAG(s) dict_keys(['example_sla_dag']) retrieved from /home/airflow/.local/lib/python3.7/site-packages/airflow/example_dags/example_sla_dag.py
[2026-02-13T22:35:37.822+0000] {logging_mixin.py:137} INFO - [2026-02-13T22:35:37.822+0000] {dag.py:2690} INFO - Sync 1 DAGs
[2026-02-13T22:35:37.842+0000] {logging_mixin.py:137} INFO - [2026-02-13T22:35:37.842+0000] {dag.py:3441} INFO - Setting next_dagrun for example_sla_dag to 2026-02-13T22:32:00+00:00, run_after=2026-02-13T22:34:00+00:00
[2026-02-13T22:35:37.852+0000] {processor.py:175} INFO - Processing /home/airflow/.local/lib/python3.7/site-packages/airflow/example_dags/example_sla_dag.py took 0.058 seconds
[2026-02-13T22:36:08.754+0000] {processor.py:153} INFO - Started process (PID=465) to work on /home/airflow/.local/lib/python3.7/site-packages/airflow/example_dags/example_sla_dag.py
[2026-02-13T22:36:08.754+0000] {processor.py:743} INFO - Processing file /home/airflow/.local/lib/python3.7/site-packages/airflow/example_dags/example_sla_dag.py for tasks to queue
[2026-02-13T22:36:08.755+0000] {logging_mixin.py:137} INFO - [2026-02-13T22:36:08.755+0000] {dagbag.py:538} INFO - Filling up the DagBag from /home/airflow/.local/lib/python3.7/site-packages/airflow/example_dags/example_sla_dag.py
[2026-02-13T22:36:08.765+0000] {processor.py:753} INFO - DAG(s) dict_keys(['example_sla_dag']) retrieved from /home/airflow/.local/lib/python3.7/site-packages/airflow/example_dags/example_sla_dag.py
[2026-02-13T22:36:08.779+0000] {logging_mixin.py:137} INFO - [2026-02-13T22:36:08.779+0000] {dag.py:2690} INFO - Sync 1 DAGs
[2026-02-13T22:36:08.793+0000] {logging_mixin.py:137} INFO - [2026-02-13T22:36:08.793+0000] {dag.py:3441} INFO - Setting next_dagrun for example_sla_dag to 2026-02-13T22:34:00+00:00, run_after=2026-02-13T22:36:00+00:00
[2026-02-13T22:36:08.809+0000] {processor.py:175} INFO - Processing /home/airflow/.local/lib/python3.7/site-packages/airflow/example_dags/example_sla_dag.py took 0.057 seconds
[2026-02-13T22:36:39.524+0000] {processor.py:153} INFO - Started process (PID=557) to work on /home/airflow/.local/lib/python3.7/site-packages/airflow/example_dags/example_sla_dag.py
[2026-02-13T22:36:39.524+0000] {processor.py:743} INFO - Processing file /home/airflow/.local/lib/python3.7/site-packages/airflow/example_dags/example_sla_dag.py for tasks to queue
[2026-02-13T22:36:39.525+0000] {logging_mixin.py:137} INFO - [2026-02-13T22:36:39.525+0000] {dagbag.py:538} INFO - Filling up the DagBag from /home/airflow/.local/lib/python3.7/site-packages/airflow/example_dags/example_sla_dag.py
[2026-02-13T22:36:39.535+0000] {processor.py:753} INFO - DAG(s) dict_keys(['example_sla_dag']) retrieved from /home/airflow/.local/lib/python3.7/site-packages/airflow/example_dags/example_sla_dag.py
[2026-02-13T22:36:39.552+0000] {logging_mixin.py:137} INFO - [2026-02-13T22:36:39.552+0000] {dag.py:2690} INFO - Sync 1 DAGs
[2026-02-13T22:36:39.568+0000] {logging_mixin.py:137} INFO - [2026-02-13T22:36:39.568+0000] {dag.py:3441} INFO - Setting next_dagrun for example_sla_dag to 2026-02-13T22:34:00+00:00, run_after=2026-02-13T22:36:00+00:00
[2026-02-13T22:36:39.580+0000] {processor.py:175} INFO - Processing /home/airflow/.local/lib/python3.7/site-packages/airflow/example_dags/example_sla_dag.py took 0.058 seconds
