[2026-02-13T21:49:31.864+0000] {processor.py:153} INFO - Started process (PID=58) to work on /home/airflow/.local/lib/python3.7/site-packages/airflow/example_dags/tutorial_dag.py
[2026-02-13T21:49:31.866+0000] {processor.py:743} INFO - Processing file /home/airflow/.local/lib/python3.7/site-packages/airflow/example_dags/tutorial_dag.py for tasks to queue
[2026-02-13T21:49:31.868+0000] {logging_mixin.py:137} INFO - [2026-02-13T21:49:31.867+0000] {dagbag.py:538} INFO - Filling up the DagBag from /home/airflow/.local/lib/python3.7/site-packages/airflow/example_dags/tutorial_dag.py
[2026-02-13T21:49:31.884+0000] {processor.py:753} INFO - DAG(s) dict_keys(['tutorial_dag']) retrieved from /home/airflow/.local/lib/python3.7/site-packages/airflow/example_dags/tutorial_dag.py
[2026-02-13T21:49:31.898+0000] {logging_mixin.py:137} INFO - [2026-02-13T21:49:31.897+0000] {dag.py:2690} INFO - Sync 1 DAGs
[2026-02-13T21:49:31.917+0000] {logging_mixin.py:137} INFO - [2026-02-13T21:49:31.917+0000] {dag.py:3441} INFO - Setting next_dagrun for tutorial_dag to None, run_after=None
[2026-02-13T21:49:31.933+0000] {processor.py:175} INFO - Processing /home/airflow/.local/lib/python3.7/site-packages/airflow/example_dags/tutorial_dag.py took 0.073 seconds
[2026-02-13T21:50:02.534+0000] {processor.py:153} INFO - Started process (PID=146) to work on /home/airflow/.local/lib/python3.7/site-packages/airflow/example_dags/tutorial_dag.py
[2026-02-13T21:50:02.535+0000] {processor.py:743} INFO - Processing file /home/airflow/.local/lib/python3.7/site-packages/airflow/example_dags/tutorial_dag.py for tasks to queue
[2026-02-13T21:50:02.536+0000] {logging_mixin.py:137} INFO - [2026-02-13T21:50:02.536+0000] {dagbag.py:538} INFO - Filling up the DagBag from /home/airflow/.local/lib/python3.7/site-packages/airflow/example_dags/tutorial_dag.py
[2026-02-13T21:50:02.544+0000] {processor.py:753} INFO - DAG(s) dict_keys(['tutorial_dag']) retrieved from /home/airflow/.local/lib/python3.7/site-packages/airflow/example_dags/tutorial_dag.py
[2026-02-13T21:50:02.558+0000] {logging_mixin.py:137} INFO - [2026-02-13T21:50:02.558+0000] {dag.py:2690} INFO - Sync 1 DAGs
[2026-02-13T21:50:02.573+0000] {logging_mixin.py:137} INFO - [2026-02-13T21:50:02.573+0000] {dag.py:3441} INFO - Setting next_dagrun for tutorial_dag to None, run_after=None
[2026-02-13T21:50:02.580+0000] {processor.py:175} INFO - Processing /home/airflow/.local/lib/python3.7/site-packages/airflow/example_dags/tutorial_dag.py took 0.048 seconds
[2026-02-13T21:50:33.151+0000] {processor.py:153} INFO - Started process (PID=235) to work on /home/airflow/.local/lib/python3.7/site-packages/airflow/example_dags/tutorial_dag.py
[2026-02-13T21:50:33.152+0000] {processor.py:743} INFO - Processing file /home/airflow/.local/lib/python3.7/site-packages/airflow/example_dags/tutorial_dag.py for tasks to queue
[2026-02-13T21:50:33.152+0000] {logging_mixin.py:137} INFO - [2026-02-13T21:50:33.152+0000] {dagbag.py:538} INFO - Filling up the DagBag from /home/airflow/.local/lib/python3.7/site-packages/airflow/example_dags/tutorial_dag.py
[2026-02-13T21:50:33.159+0000] {processor.py:753} INFO - DAG(s) dict_keys(['tutorial_dag']) retrieved from /home/airflow/.local/lib/python3.7/site-packages/airflow/example_dags/tutorial_dag.py
[2026-02-13T21:50:33.174+0000] {logging_mixin.py:137} INFO - [2026-02-13T21:50:33.174+0000] {dag.py:2690} INFO - Sync 1 DAGs
[2026-02-13T21:50:33.188+0000] {logging_mixin.py:137} INFO - [2026-02-13T21:50:33.188+0000] {dag.py:3441} INFO - Setting next_dagrun for tutorial_dag to None, run_after=None
[2026-02-13T21:50:33.197+0000] {processor.py:175} INFO - Processing /home/airflow/.local/lib/python3.7/site-packages/airflow/example_dags/tutorial_dag.py took 0.047 seconds
[2026-02-13T21:51:03.675+0000] {processor.py:153} INFO - Started process (PID=307) to work on /home/airflow/.local/lib/python3.7/site-packages/airflow/example_dags/tutorial_dag.py
[2026-02-13T21:51:03.675+0000] {processor.py:743} INFO - Processing file /home/airflow/.local/lib/python3.7/site-packages/airflow/example_dags/tutorial_dag.py for tasks to queue
[2026-02-13T21:51:03.676+0000] {logging_mixin.py:137} INFO - [2026-02-13T21:51:03.675+0000] {dagbag.py:538} INFO - Filling up the DagBag from /home/airflow/.local/lib/python3.7/site-packages/airflow/example_dags/tutorial_dag.py
[2026-02-13T21:51:03.681+0000] {processor.py:753} INFO - DAG(s) dict_keys(['tutorial_dag']) retrieved from /home/airflow/.local/lib/python3.7/site-packages/airflow/example_dags/tutorial_dag.py
[2026-02-13T21:51:03.696+0000] {logging_mixin.py:137} INFO - [2026-02-13T21:51:03.696+0000] {dag.py:2690} INFO - Sync 1 DAGs
[2026-02-13T21:51:03.707+0000] {logging_mixin.py:137} INFO - [2026-02-13T21:51:03.707+0000] {dag.py:3441} INFO - Setting next_dagrun for tutorial_dag to None, run_after=None
[2026-02-13T21:51:03.717+0000] {processor.py:175} INFO - Processing /home/airflow/.local/lib/python3.7/site-packages/airflow/example_dags/tutorial_dag.py took 0.044 seconds
[2026-02-13T21:51:34.097+0000] {processor.py:153} INFO - Started process (PID=395) to work on /home/airflow/.local/lib/python3.7/site-packages/airflow/example_dags/tutorial_dag.py
[2026-02-13T21:51:34.097+0000] {processor.py:743} INFO - Processing file /home/airflow/.local/lib/python3.7/site-packages/airflow/example_dags/tutorial_dag.py for tasks to queue
[2026-02-13T21:51:34.098+0000] {logging_mixin.py:137} INFO - [2026-02-13T21:51:34.097+0000] {dagbag.py:538} INFO - Filling up the DagBag from /home/airflow/.local/lib/python3.7/site-packages/airflow/example_dags/tutorial_dag.py
[2026-02-13T21:51:34.103+0000] {processor.py:753} INFO - DAG(s) dict_keys(['tutorial_dag']) retrieved from /home/airflow/.local/lib/python3.7/site-packages/airflow/example_dags/tutorial_dag.py
[2026-02-13T21:51:34.112+0000] {logging_mixin.py:137} INFO - [2026-02-13T21:51:34.112+0000] {dag.py:2690} INFO - Sync 1 DAGs
[2026-02-13T21:51:34.121+0000] {logging_mixin.py:137} INFO - [2026-02-13T21:51:34.121+0000] {dag.py:3441} INFO - Setting next_dagrun for tutorial_dag to None, run_after=None
[2026-02-13T21:51:34.127+0000] {processor.py:175} INFO - Processing /home/airflow/.local/lib/python3.7/site-packages/airflow/example_dags/tutorial_dag.py took 0.031 seconds
[2026-02-13T21:52:04.532+0000] {processor.py:153} INFO - Started process (PID=483) to work on /home/airflow/.local/lib/python3.7/site-packages/airflow/example_dags/tutorial_dag.py
[2026-02-13T21:52:04.533+0000] {processor.py:743} INFO - Processing file /home/airflow/.local/lib/python3.7/site-packages/airflow/example_dags/tutorial_dag.py for tasks to queue
[2026-02-13T21:52:04.533+0000] {logging_mixin.py:137} INFO - [2026-02-13T21:52:04.533+0000] {dagbag.py:538} INFO - Filling up the DagBag from /home/airflow/.local/lib/python3.7/site-packages/airflow/example_dags/tutorial_dag.py
[2026-02-13T21:52:04.539+0000] {processor.py:753} INFO - DAG(s) dict_keys(['tutorial_dag']) retrieved from /home/airflow/.local/lib/python3.7/site-packages/airflow/example_dags/tutorial_dag.py
[2026-02-13T21:52:04.554+0000] {logging_mixin.py:137} INFO - [2026-02-13T21:52:04.554+0000] {dag.py:2690} INFO - Sync 1 DAGs
[2026-02-13T21:52:04.569+0000] {logging_mixin.py:137} INFO - [2026-02-13T21:52:04.568+0000] {dag.py:3441} INFO - Setting next_dagrun for tutorial_dag to None, run_after=None
[2026-02-13T21:52:04.582+0000] {processor.py:175} INFO - Processing /home/airflow/.local/lib/python3.7/site-packages/airflow/example_dags/tutorial_dag.py took 0.051 seconds
[2026-02-13T21:52:35.109+0000] {processor.py:153} INFO - Started process (PID=571) to work on /home/airflow/.local/lib/python3.7/site-packages/airflow/example_dags/tutorial_dag.py
[2026-02-13T21:52:35.109+0000] {processor.py:743} INFO - Processing file /home/airflow/.local/lib/python3.7/site-packages/airflow/example_dags/tutorial_dag.py for tasks to queue
[2026-02-13T21:52:35.110+0000] {logging_mixin.py:137} INFO - [2026-02-13T21:52:35.110+0000] {dagbag.py:538} INFO - Filling up the DagBag from /home/airflow/.local/lib/python3.7/site-packages/airflow/example_dags/tutorial_dag.py
[2026-02-13T21:52:35.121+0000] {processor.py:753} INFO - DAG(s) dict_keys(['tutorial_dag']) retrieved from /home/airflow/.local/lib/python3.7/site-packages/airflow/example_dags/tutorial_dag.py
[2026-02-13T21:52:35.139+0000] {logging_mixin.py:137} INFO - [2026-02-13T21:52:35.139+0000] {dag.py:2690} INFO - Sync 1 DAGs
[2026-02-13T21:52:35.153+0000] {logging_mixin.py:137} INFO - [2026-02-13T21:52:35.153+0000] {dag.py:3441} INFO - Setting next_dagrun for tutorial_dag to None, run_after=None
[2026-02-13T21:52:35.163+0000] {processor.py:175} INFO - Processing /home/airflow/.local/lib/python3.7/site-packages/airflow/example_dags/tutorial_dag.py took 0.057 seconds
[2026-02-13T21:53:05.570+0000] {processor.py:153} INFO - Started process (PID=642) to work on /home/airflow/.local/lib/python3.7/site-packages/airflow/example_dags/tutorial_dag.py
[2026-02-13T21:53:05.571+0000] {processor.py:743} INFO - Processing file /home/airflow/.local/lib/python3.7/site-packages/airflow/example_dags/tutorial_dag.py for tasks to queue
[2026-02-13T21:53:05.571+0000] {logging_mixin.py:137} INFO - [2026-02-13T21:53:05.571+0000] {dagbag.py:538} INFO - Filling up the DagBag from /home/airflow/.local/lib/python3.7/site-packages/airflow/example_dags/tutorial_dag.py
[2026-02-13T21:53:05.578+0000] {processor.py:753} INFO - DAG(s) dict_keys(['tutorial_dag']) retrieved from /home/airflow/.local/lib/python3.7/site-packages/airflow/example_dags/tutorial_dag.py
[2026-02-13T21:53:05.588+0000] {logging_mixin.py:137} INFO - [2026-02-13T21:53:05.588+0000] {dag.py:2690} INFO - Sync 1 DAGs
[2026-02-13T21:53:05.597+0000] {logging_mixin.py:137} INFO - [2026-02-13T21:53:05.597+0000] {dag.py:3441} INFO - Setting next_dagrun for tutorial_dag to None, run_after=None
[2026-02-13T21:53:05.604+0000] {processor.py:175} INFO - Processing /home/airflow/.local/lib/python3.7/site-packages/airflow/example_dags/tutorial_dag.py took 0.035 seconds
[2026-02-13T21:53:36.102+0000] {processor.py:153} INFO - Started process (PID=730) to work on /home/airflow/.local/lib/python3.7/site-packages/airflow/example_dags/tutorial_dag.py
[2026-02-13T21:53:36.102+0000] {processor.py:743} INFO - Processing file /home/airflow/.local/lib/python3.7/site-packages/airflow/example_dags/tutorial_dag.py for tasks to queue
[2026-02-13T21:53:36.103+0000] {logging_mixin.py:137} INFO - [2026-02-13T21:53:36.103+0000] {dagbag.py:538} INFO - Filling up the DagBag from /home/airflow/.local/lib/python3.7/site-packages/airflow/example_dags/tutorial_dag.py
[2026-02-13T21:53:36.109+0000] {processor.py:753} INFO - DAG(s) dict_keys(['tutorial_dag']) retrieved from /home/airflow/.local/lib/python3.7/site-packages/airflow/example_dags/tutorial_dag.py
[2026-02-13T21:53:36.123+0000] {logging_mixin.py:137} INFO - [2026-02-13T21:53:36.123+0000] {dag.py:2690} INFO - Sync 1 DAGs
[2026-02-13T21:53:36.138+0000] {logging_mixin.py:137} INFO - [2026-02-13T21:53:36.138+0000] {dag.py:3441} INFO - Setting next_dagrun for tutorial_dag to None, run_after=None
[2026-02-13T21:53:36.149+0000] {processor.py:175} INFO - Processing /home/airflow/.local/lib/python3.7/site-packages/airflow/example_dags/tutorial_dag.py took 0.049 seconds
[2026-02-13T21:54:06.533+0000] {processor.py:153} INFO - Started process (PID=818) to work on /home/airflow/.local/lib/python3.7/site-packages/airflow/example_dags/tutorial_dag.py
[2026-02-13T21:54:06.534+0000] {processor.py:743} INFO - Processing file /home/airflow/.local/lib/python3.7/site-packages/airflow/example_dags/tutorial_dag.py for tasks to queue
[2026-02-13T21:54:06.534+0000] {logging_mixin.py:137} INFO - [2026-02-13T21:54:06.534+0000] {dagbag.py:538} INFO - Filling up the DagBag from /home/airflow/.local/lib/python3.7/site-packages/airflow/example_dags/tutorial_dag.py
[2026-02-13T21:54:06.540+0000] {processor.py:753} INFO - DAG(s) dict_keys(['tutorial_dag']) retrieved from /home/airflow/.local/lib/python3.7/site-packages/airflow/example_dags/tutorial_dag.py
[2026-02-13T21:54:06.555+0000] {logging_mixin.py:137} INFO - [2026-02-13T21:54:06.555+0000] {dag.py:2690} INFO - Sync 1 DAGs
[2026-02-13T21:54:06.570+0000] {logging_mixin.py:137} INFO - [2026-02-13T21:54:06.570+0000] {dag.py:3441} INFO - Setting next_dagrun for tutorial_dag to None, run_after=None
[2026-02-13T21:54:06.584+0000] {processor.py:175} INFO - Processing /home/airflow/.local/lib/python3.7/site-packages/airflow/example_dags/tutorial_dag.py took 0.052 seconds
[2026-02-13T21:54:37.144+0000] {processor.py:153} INFO - Started process (PID=906) to work on /home/airflow/.local/lib/python3.7/site-packages/airflow/example_dags/tutorial_dag.py
[2026-02-13T21:54:37.145+0000] {processor.py:743} INFO - Processing file /home/airflow/.local/lib/python3.7/site-packages/airflow/example_dags/tutorial_dag.py for tasks to queue
[2026-02-13T21:54:37.145+0000] {logging_mixin.py:137} INFO - [2026-02-13T21:54:37.145+0000] {dagbag.py:538} INFO - Filling up the DagBag from /home/airflow/.local/lib/python3.7/site-packages/airflow/example_dags/tutorial_dag.py
[2026-02-13T21:54:37.152+0000] {processor.py:753} INFO - DAG(s) dict_keys(['tutorial_dag']) retrieved from /home/airflow/.local/lib/python3.7/site-packages/airflow/example_dags/tutorial_dag.py
[2026-02-13T21:54:37.163+0000] {logging_mixin.py:137} INFO - [2026-02-13T21:54:37.163+0000] {dag.py:2690} INFO - Sync 1 DAGs
[2026-02-13T21:54:37.174+0000] {logging_mixin.py:137} INFO - [2026-02-13T21:54:37.174+0000] {dag.py:3441} INFO - Setting next_dagrun for tutorial_dag to None, run_after=None
[2026-02-13T21:54:37.181+0000] {processor.py:175} INFO - Processing /home/airflow/.local/lib/python3.7/site-packages/airflow/example_dags/tutorial_dag.py took 0.038 seconds
[2026-02-13T21:55:07.693+0000] {processor.py:153} INFO - Started process (PID=978) to work on /home/airflow/.local/lib/python3.7/site-packages/airflow/example_dags/tutorial_dag.py
[2026-02-13T21:55:07.694+0000] {processor.py:743} INFO - Processing file /home/airflow/.local/lib/python3.7/site-packages/airflow/example_dags/tutorial_dag.py for tasks to queue
[2026-02-13T21:55:07.694+0000] {logging_mixin.py:137} INFO - [2026-02-13T21:55:07.694+0000] {dagbag.py:538} INFO - Filling up the DagBag from /home/airflow/.local/lib/python3.7/site-packages/airflow/example_dags/tutorial_dag.py
[2026-02-13T21:55:07.702+0000] {processor.py:753} INFO - DAG(s) dict_keys(['tutorial_dag']) retrieved from /home/airflow/.local/lib/python3.7/site-packages/airflow/example_dags/tutorial_dag.py
[2026-02-13T21:55:07.714+0000] {logging_mixin.py:137} INFO - [2026-02-13T21:55:07.714+0000] {dag.py:2690} INFO - Sync 1 DAGs
[2026-02-13T21:55:07.726+0000] {logging_mixin.py:137} INFO - [2026-02-13T21:55:07.726+0000] {dag.py:3441} INFO - Setting next_dagrun for tutorial_dag to None, run_after=None
[2026-02-13T21:55:07.739+0000] {processor.py:175} INFO - Processing /home/airflow/.local/lib/python3.7/site-packages/airflow/example_dags/tutorial_dag.py took 0.048 seconds
[2026-02-13T21:55:38.193+0000] {processor.py:153} INFO - Started process (PID=1066) to work on /home/airflow/.local/lib/python3.7/site-packages/airflow/example_dags/tutorial_dag.py
[2026-02-13T21:55:38.193+0000] {processor.py:743} INFO - Processing file /home/airflow/.local/lib/python3.7/site-packages/airflow/example_dags/tutorial_dag.py for tasks to queue
[2026-02-13T21:55:38.193+0000] {logging_mixin.py:137} INFO - [2026-02-13T21:55:38.193+0000] {dagbag.py:538} INFO - Filling up the DagBag from /home/airflow/.local/lib/python3.7/site-packages/airflow/example_dags/tutorial_dag.py
[2026-02-13T21:55:38.199+0000] {processor.py:753} INFO - DAG(s) dict_keys(['tutorial_dag']) retrieved from /home/airflow/.local/lib/python3.7/site-packages/airflow/example_dags/tutorial_dag.py
[2026-02-13T21:55:38.209+0000] {logging_mixin.py:137} INFO - [2026-02-13T21:55:38.209+0000] {dag.py:2690} INFO - Sync 1 DAGs
[2026-02-13T21:55:38.222+0000] {logging_mixin.py:137} INFO - [2026-02-13T21:55:38.222+0000] {dag.py:3441} INFO - Setting next_dagrun for tutorial_dag to None, run_after=None
[2026-02-13T21:55:38.233+0000] {processor.py:175} INFO - Processing /home/airflow/.local/lib/python3.7/site-packages/airflow/example_dags/tutorial_dag.py took 0.042 seconds
[2026-02-13T21:56:08.668+0000] {processor.py:153} INFO - Started process (PID=1154) to work on /home/airflow/.local/lib/python3.7/site-packages/airflow/example_dags/tutorial_dag.py
[2026-02-13T21:56:08.669+0000] {processor.py:743} INFO - Processing file /home/airflow/.local/lib/python3.7/site-packages/airflow/example_dags/tutorial_dag.py for tasks to queue
[2026-02-13T21:56:08.670+0000] {logging_mixin.py:137} INFO - [2026-02-13T21:56:08.670+0000] {dagbag.py:538} INFO - Filling up the DagBag from /home/airflow/.local/lib/python3.7/site-packages/airflow/example_dags/tutorial_dag.py
[2026-02-13T21:56:08.675+0000] {processor.py:753} INFO - DAG(s) dict_keys(['tutorial_dag']) retrieved from /home/airflow/.local/lib/python3.7/site-packages/airflow/example_dags/tutorial_dag.py
[2026-02-13T21:56:08.690+0000] {logging_mixin.py:137} INFO - [2026-02-13T21:56:08.689+0000] {dag.py:2690} INFO - Sync 1 DAGs
[2026-02-13T21:56:08.700+0000] {logging_mixin.py:137} INFO - [2026-02-13T21:56:08.700+0000] {dag.py:3441} INFO - Setting next_dagrun for tutorial_dag to None, run_after=None
[2026-02-13T21:56:08.711+0000] {processor.py:175} INFO - Processing /home/airflow/.local/lib/python3.7/site-packages/airflow/example_dags/tutorial_dag.py took 0.044 seconds
[2026-02-13T21:56:39.573+0000] {processor.py:153} INFO - Started process (PID=1242) to work on /home/airflow/.local/lib/python3.7/site-packages/airflow/example_dags/tutorial_dag.py
[2026-02-13T21:56:39.574+0000] {processor.py:743} INFO - Processing file /home/airflow/.local/lib/python3.7/site-packages/airflow/example_dags/tutorial_dag.py for tasks to queue
[2026-02-13T21:56:39.576+0000] {logging_mixin.py:137} INFO - [2026-02-13T21:56:39.576+0000] {dagbag.py:538} INFO - Filling up the DagBag from /home/airflow/.local/lib/python3.7/site-packages/airflow/example_dags/tutorial_dag.py
[2026-02-13T21:56:39.582+0000] {processor.py:753} INFO - DAG(s) dict_keys(['tutorial_dag']) retrieved from /home/airflow/.local/lib/python3.7/site-packages/airflow/example_dags/tutorial_dag.py
[2026-02-13T21:56:39.598+0000] {logging_mixin.py:137} INFO - [2026-02-13T21:56:39.598+0000] {dag.py:2690} INFO - Sync 1 DAGs
[2026-02-13T21:56:39.611+0000] {logging_mixin.py:137} INFO - [2026-02-13T21:56:39.611+0000] {dag.py:3441} INFO - Setting next_dagrun for tutorial_dag to None, run_after=None
[2026-02-13T21:56:39.619+0000] {processor.py:175} INFO - Processing /home/airflow/.local/lib/python3.7/site-packages/airflow/example_dags/tutorial_dag.py took 0.048 seconds
[2026-02-13T22:01:04.017+0000] {processor.py:153} INFO - Started process (PID=56) to work on /home/airflow/.local/lib/python3.7/site-packages/airflow/example_dags/tutorial_dag.py
[2026-02-13T22:01:04.019+0000] {processor.py:743} INFO - Processing file /home/airflow/.local/lib/python3.7/site-packages/airflow/example_dags/tutorial_dag.py for tasks to queue
[2026-02-13T22:01:04.020+0000] {logging_mixin.py:137} INFO - [2026-02-13T22:01:04.020+0000] {dagbag.py:538} INFO - Filling up the DagBag from /home/airflow/.local/lib/python3.7/site-packages/airflow/example_dags/tutorial_dag.py
[2026-02-13T22:01:04.028+0000] {processor.py:753} INFO - DAG(s) dict_keys(['tutorial_dag']) retrieved from /home/airflow/.local/lib/python3.7/site-packages/airflow/example_dags/tutorial_dag.py
[2026-02-13T22:01:04.035+0000] {logging_mixin.py:137} INFO - [2026-02-13T22:01:04.035+0000] {dag.py:2690} INFO - Sync 1 DAGs
[2026-02-13T22:01:04.054+0000] {logging_mixin.py:137} INFO - [2026-02-13T22:01:04.053+0000] {dag.py:3441} INFO - Setting next_dagrun for tutorial_dag to None, run_after=None
[2026-02-13T22:01:04.069+0000] {processor.py:175} INFO - Processing /home/airflow/.local/lib/python3.7/site-packages/airflow/example_dags/tutorial_dag.py took 0.054 seconds
[2026-02-13T22:01:34.727+0000] {processor.py:153} INFO - Started process (PID=143) to work on /home/airflow/.local/lib/python3.7/site-packages/airflow/example_dags/tutorial_dag.py
[2026-02-13T22:01:34.728+0000] {processor.py:743} INFO - Processing file /home/airflow/.local/lib/python3.7/site-packages/airflow/example_dags/tutorial_dag.py for tasks to queue
[2026-02-13T22:01:34.728+0000] {logging_mixin.py:137} INFO - [2026-02-13T22:01:34.728+0000] {dagbag.py:538} INFO - Filling up the DagBag from /home/airflow/.local/lib/python3.7/site-packages/airflow/example_dags/tutorial_dag.py
[2026-02-13T22:01:34.735+0000] {processor.py:753} INFO - DAG(s) dict_keys(['tutorial_dag']) retrieved from /home/airflow/.local/lib/python3.7/site-packages/airflow/example_dags/tutorial_dag.py
[2026-02-13T22:01:34.751+0000] {logging_mixin.py:137} INFO - [2026-02-13T22:01:34.751+0000] {dag.py:2690} INFO - Sync 1 DAGs
[2026-02-13T22:01:34.762+0000] {logging_mixin.py:137} INFO - [2026-02-13T22:01:34.762+0000] {dag.py:3441} INFO - Setting next_dagrun for tutorial_dag to None, run_after=None
[2026-02-13T22:01:34.774+0000] {processor.py:175} INFO - Processing /home/airflow/.local/lib/python3.7/site-packages/airflow/example_dags/tutorial_dag.py took 0.048 seconds
[2026-02-13T22:02:05.260+0000] {processor.py:153} INFO - Started process (PID=233) to work on /home/airflow/.local/lib/python3.7/site-packages/airflow/example_dags/tutorial_dag.py
[2026-02-13T22:02:05.261+0000] {processor.py:743} INFO - Processing file /home/airflow/.local/lib/python3.7/site-packages/airflow/example_dags/tutorial_dag.py for tasks to queue
[2026-02-13T22:02:05.261+0000] {logging_mixin.py:137} INFO - [2026-02-13T22:02:05.261+0000] {dagbag.py:538} INFO - Filling up the DagBag from /home/airflow/.local/lib/python3.7/site-packages/airflow/example_dags/tutorial_dag.py
[2026-02-13T22:02:05.267+0000] {processor.py:753} INFO - DAG(s) dict_keys(['tutorial_dag']) retrieved from /home/airflow/.local/lib/python3.7/site-packages/airflow/example_dags/tutorial_dag.py
[2026-02-13T22:02:05.282+0000] {logging_mixin.py:137} INFO - [2026-02-13T22:02:05.282+0000] {dag.py:2690} INFO - Sync 1 DAGs
[2026-02-13T22:02:05.292+0000] {logging_mixin.py:137} INFO - [2026-02-13T22:02:05.292+0000] {dag.py:3441} INFO - Setting next_dagrun for tutorial_dag to None, run_after=None
[2026-02-13T22:02:05.306+0000] {processor.py:175} INFO - Processing /home/airflow/.local/lib/python3.7/site-packages/airflow/example_dags/tutorial_dag.py took 0.047 seconds
[2026-02-13T22:02:35.853+0000] {processor.py:153} INFO - Started process (PID=305) to work on /home/airflow/.local/lib/python3.7/site-packages/airflow/example_dags/tutorial_dag.py
[2026-02-13T22:02:35.855+0000] {processor.py:743} INFO - Processing file /home/airflow/.local/lib/python3.7/site-packages/airflow/example_dags/tutorial_dag.py for tasks to queue
[2026-02-13T22:02:35.855+0000] {logging_mixin.py:137} INFO - [2026-02-13T22:02:35.855+0000] {dagbag.py:538} INFO - Filling up the DagBag from /home/airflow/.local/lib/python3.7/site-packages/airflow/example_dags/tutorial_dag.py
[2026-02-13T22:02:35.863+0000] {processor.py:753} INFO - DAG(s) dict_keys(['tutorial_dag']) retrieved from /home/airflow/.local/lib/python3.7/site-packages/airflow/example_dags/tutorial_dag.py
[2026-02-13T22:02:35.879+0000] {logging_mixin.py:137} INFO - [2026-02-13T22:02:35.879+0000] {dag.py:2690} INFO - Sync 1 DAGs
[2026-02-13T22:02:35.890+0000] {logging_mixin.py:137} INFO - [2026-02-13T22:02:35.890+0000] {dag.py:3441} INFO - Setting next_dagrun for tutorial_dag to None, run_after=None
[2026-02-13T22:02:35.907+0000] {processor.py:175} INFO - Processing /home/airflow/.local/lib/python3.7/site-packages/airflow/example_dags/tutorial_dag.py took 0.055 seconds
[2026-02-13T22:03:30.179+0000] {processor.py:153} INFO - Started process (PID=56) to work on /home/airflow/.local/lib/python3.7/site-packages/airflow/example_dags/tutorial_dag.py
[2026-02-13T22:03:30.181+0000] {processor.py:743} INFO - Processing file /home/airflow/.local/lib/python3.7/site-packages/airflow/example_dags/tutorial_dag.py for tasks to queue
[2026-02-13T22:03:30.182+0000] {logging_mixin.py:137} INFO - [2026-02-13T22:03:30.182+0000] {dagbag.py:538} INFO - Filling up the DagBag from /home/airflow/.local/lib/python3.7/site-packages/airflow/example_dags/tutorial_dag.py
[2026-02-13T22:03:30.190+0000] {processor.py:753} INFO - DAG(s) dict_keys(['tutorial_dag']) retrieved from /home/airflow/.local/lib/python3.7/site-packages/airflow/example_dags/tutorial_dag.py
[2026-02-13T22:03:30.201+0000] {logging_mixin.py:137} INFO - [2026-02-13T22:03:30.201+0000] {dag.py:2690} INFO - Sync 1 DAGs
[2026-02-13T22:03:30.220+0000] {logging_mixin.py:137} INFO - [2026-02-13T22:03:30.220+0000] {dag.py:3441} INFO - Setting next_dagrun for tutorial_dag to None, run_after=None
[2026-02-13T22:03:30.232+0000] {processor.py:175} INFO - Processing /home/airflow/.local/lib/python3.7/site-packages/airflow/example_dags/tutorial_dag.py took 0.055 seconds
[2026-02-13T22:04:01.016+0000] {processor.py:153} INFO - Started process (PID=143) to work on /home/airflow/.local/lib/python3.7/site-packages/airflow/example_dags/tutorial_dag.py
[2026-02-13T22:04:01.017+0000] {processor.py:743} INFO - Processing file /home/airflow/.local/lib/python3.7/site-packages/airflow/example_dags/tutorial_dag.py for tasks to queue
[2026-02-13T22:04:01.018+0000] {logging_mixin.py:137} INFO - [2026-02-13T22:04:01.018+0000] {dagbag.py:538} INFO - Filling up the DagBag from /home/airflow/.local/lib/python3.7/site-packages/airflow/example_dags/tutorial_dag.py
[2026-02-13T22:04:01.031+0000] {processor.py:753} INFO - DAG(s) dict_keys(['tutorial_dag']) retrieved from /home/airflow/.local/lib/python3.7/site-packages/airflow/example_dags/tutorial_dag.py
[2026-02-13T22:04:01.050+0000] {logging_mixin.py:137} INFO - [2026-02-13T22:04:01.050+0000] {dag.py:2690} INFO - Sync 1 DAGs
[2026-02-13T22:04:01.073+0000] {logging_mixin.py:137} INFO - [2026-02-13T22:04:01.073+0000] {dag.py:3441} INFO - Setting next_dagrun for tutorial_dag to None, run_after=None
[2026-02-13T22:04:01.087+0000] {processor.py:175} INFO - Processing /home/airflow/.local/lib/python3.7/site-packages/airflow/example_dags/tutorial_dag.py took 0.073 seconds
[2026-02-13T22:04:32.055+0000] {processor.py:153} INFO - Started process (PID=224) to work on /home/airflow/.local/lib/python3.7/site-packages/airflow/example_dags/tutorial_dag.py
[2026-02-13T22:04:32.058+0000] {processor.py:743} INFO - Processing file /home/airflow/.local/lib/python3.7/site-packages/airflow/example_dags/tutorial_dag.py for tasks to queue
[2026-02-13T22:04:32.059+0000] {logging_mixin.py:137} INFO - [2026-02-13T22:04:32.059+0000] {dagbag.py:538} INFO - Filling up the DagBag from /home/airflow/.local/lib/python3.7/site-packages/airflow/example_dags/tutorial_dag.py
[2026-02-13T22:04:32.065+0000] {processor.py:753} INFO - DAG(s) dict_keys(['tutorial_dag']) retrieved from /home/airflow/.local/lib/python3.7/site-packages/airflow/example_dags/tutorial_dag.py
[2026-02-13T22:04:32.076+0000] {logging_mixin.py:137} INFO - [2026-02-13T22:04:32.076+0000] {dag.py:2690} INFO - Sync 1 DAGs
[2026-02-13T22:04:32.090+0000] {logging_mixin.py:137} INFO - [2026-02-13T22:04:32.090+0000] {dag.py:3441} INFO - Setting next_dagrun for tutorial_dag to None, run_after=None
[2026-02-13T22:04:32.101+0000] {processor.py:175} INFO - Processing /home/airflow/.local/lib/python3.7/site-packages/airflow/example_dags/tutorial_dag.py took 0.047 seconds
[2026-02-13T22:05:02.808+0000] {processor.py:153} INFO - Started process (PID=303) to work on /home/airflow/.local/lib/python3.7/site-packages/airflow/example_dags/tutorial_dag.py
[2026-02-13T22:05:02.809+0000] {processor.py:743} INFO - Processing file /home/airflow/.local/lib/python3.7/site-packages/airflow/example_dags/tutorial_dag.py for tasks to queue
[2026-02-13T22:05:02.809+0000] {logging_mixin.py:137} INFO - [2026-02-13T22:05:02.809+0000] {dagbag.py:538} INFO - Filling up the DagBag from /home/airflow/.local/lib/python3.7/site-packages/airflow/example_dags/tutorial_dag.py
[2026-02-13T22:05:02.814+0000] {processor.py:753} INFO - DAG(s) dict_keys(['tutorial_dag']) retrieved from /home/airflow/.local/lib/python3.7/site-packages/airflow/example_dags/tutorial_dag.py
[2026-02-13T22:05:02.824+0000] {logging_mixin.py:137} INFO - [2026-02-13T22:05:02.824+0000] {dag.py:2690} INFO - Sync 1 DAGs
[2026-02-13T22:05:02.832+0000] {logging_mixin.py:137} INFO - [2026-02-13T22:05:02.832+0000] {dag.py:3441} INFO - Setting next_dagrun for tutorial_dag to None, run_after=None
[2026-02-13T22:05:02.838+0000] {processor.py:175} INFO - Processing /home/airflow/.local/lib/python3.7/site-packages/airflow/example_dags/tutorial_dag.py took 0.031 seconds
[2026-02-13T22:05:33.396+0000] {processor.py:153} INFO - Started process (PID=391) to work on /home/airflow/.local/lib/python3.7/site-packages/airflow/example_dags/tutorial_dag.py
[2026-02-13T22:05:33.397+0000] {processor.py:743} INFO - Processing file /home/airflow/.local/lib/python3.7/site-packages/airflow/example_dags/tutorial_dag.py for tasks to queue
[2026-02-13T22:05:33.397+0000] {logging_mixin.py:137} INFO - [2026-02-13T22:05:33.397+0000] {dagbag.py:538} INFO - Filling up the DagBag from /home/airflow/.local/lib/python3.7/site-packages/airflow/example_dags/tutorial_dag.py
[2026-02-13T22:05:33.405+0000] {processor.py:753} INFO - DAG(s) dict_keys(['tutorial_dag']) retrieved from /home/airflow/.local/lib/python3.7/site-packages/airflow/example_dags/tutorial_dag.py
[2026-02-13T22:05:33.423+0000] {logging_mixin.py:137} INFO - [2026-02-13T22:05:33.423+0000] {dag.py:2690} INFO - Sync 1 DAGs
[2026-02-13T22:05:33.439+0000] {logging_mixin.py:137} INFO - [2026-02-13T22:05:33.439+0000] {dag.py:3441} INFO - Setting next_dagrun for tutorial_dag to None, run_after=None
[2026-02-13T22:05:33.452+0000] {processor.py:175} INFO - Processing /home/airflow/.local/lib/python3.7/site-packages/airflow/example_dags/tutorial_dag.py took 0.058 seconds
[2026-02-13T22:06:33.367+0000] {processor.py:153} INFO - Started process (PID=58) to work on /home/airflow/.local/lib/python3.7/site-packages/airflow/example_dags/tutorial_dag.py
[2026-02-13T22:06:33.368+0000] {processor.py:743} INFO - Processing file /home/airflow/.local/lib/python3.7/site-packages/airflow/example_dags/tutorial_dag.py for tasks to queue
[2026-02-13T22:06:33.369+0000] {logging_mixin.py:137} INFO - [2026-02-13T22:06:33.369+0000] {dagbag.py:538} INFO - Filling up the DagBag from /home/airflow/.local/lib/python3.7/site-packages/airflow/example_dags/tutorial_dag.py
[2026-02-13T22:06:33.378+0000] {processor.py:753} INFO - DAG(s) dict_keys(['tutorial_dag']) retrieved from /home/airflow/.local/lib/python3.7/site-packages/airflow/example_dags/tutorial_dag.py
[2026-02-13T22:06:33.394+0000] {logging_mixin.py:137} INFO - [2026-02-13T22:06:33.394+0000] {dag.py:2690} INFO - Sync 1 DAGs
[2026-02-13T22:06:33.413+0000] {logging_mixin.py:137} INFO - [2026-02-13T22:06:33.413+0000] {dag.py:3441} INFO - Setting next_dagrun for tutorial_dag to None, run_after=None
[2026-02-13T22:06:33.427+0000] {processor.py:175} INFO - Processing /home/airflow/.local/lib/python3.7/site-packages/airflow/example_dags/tutorial_dag.py took 0.063 seconds
[2026-02-13T22:07:04.543+0000] {processor.py:153} INFO - Started process (PID=147) to work on /home/airflow/.local/lib/python3.7/site-packages/airflow/example_dags/tutorial_dag.py
[2026-02-13T22:07:04.545+0000] {processor.py:743} INFO - Processing file /home/airflow/.local/lib/python3.7/site-packages/airflow/example_dags/tutorial_dag.py for tasks to queue
[2026-02-13T22:07:04.546+0000] {logging_mixin.py:137} INFO - [2026-02-13T22:07:04.546+0000] {dagbag.py:538} INFO - Filling up the DagBag from /home/airflow/.local/lib/python3.7/site-packages/airflow/example_dags/tutorial_dag.py
[2026-02-13T22:07:04.560+0000] {processor.py:753} INFO - DAG(s) dict_keys(['tutorial_dag']) retrieved from /home/airflow/.local/lib/python3.7/site-packages/airflow/example_dags/tutorial_dag.py
[2026-02-13T22:07:04.574+0000] {logging_mixin.py:137} INFO - [2026-02-13T22:07:04.574+0000] {dag.py:2690} INFO - Sync 1 DAGs
[2026-02-13T22:07:04.597+0000] {logging_mixin.py:137} INFO - [2026-02-13T22:07:04.597+0000] {dag.py:3441} INFO - Setting next_dagrun for tutorial_dag to None, run_after=None
[2026-02-13T22:07:04.610+0000] {processor.py:175} INFO - Processing /home/airflow/.local/lib/python3.7/site-packages/airflow/example_dags/tutorial_dag.py took 0.069 seconds
[2026-02-13T22:07:34.708+0000] {processor.py:153} INFO - Started process (PID=236) to work on /home/airflow/.local/lib/python3.7/site-packages/airflow/example_dags/tutorial_dag.py
[2026-02-13T22:07:34.708+0000] {processor.py:743} INFO - Processing file /home/airflow/.local/lib/python3.7/site-packages/airflow/example_dags/tutorial_dag.py for tasks to queue
[2026-02-13T22:07:34.708+0000] {logging_mixin.py:137} INFO - [2026-02-13T22:07:34.708+0000] {dagbag.py:538} INFO - Filling up the DagBag from /home/airflow/.local/lib/python3.7/site-packages/airflow/example_dags/tutorial_dag.py
[2026-02-13T22:07:34.716+0000] {processor.py:753} INFO - DAG(s) dict_keys(['tutorial_dag']) retrieved from /home/airflow/.local/lib/python3.7/site-packages/airflow/example_dags/tutorial_dag.py
[2026-02-13T22:07:34.735+0000] {logging_mixin.py:137} INFO - [2026-02-13T22:07:34.735+0000] {dag.py:2690} INFO - Sync 1 DAGs
[2026-02-13T22:07:34.748+0000] {logging_mixin.py:137} INFO - [2026-02-13T22:07:34.748+0000] {dag.py:3441} INFO - Setting next_dagrun for tutorial_dag to None, run_after=None
[2026-02-13T22:07:34.760+0000] {processor.py:175} INFO - Processing /home/airflow/.local/lib/python3.7/site-packages/airflow/example_dags/tutorial_dag.py took 0.054 seconds
[2026-02-13T22:08:05.360+0000] {processor.py:153} INFO - Started process (PID=309) to work on /home/airflow/.local/lib/python3.7/site-packages/airflow/example_dags/tutorial_dag.py
[2026-02-13T22:08:05.361+0000] {processor.py:743} INFO - Processing file /home/airflow/.local/lib/python3.7/site-packages/airflow/example_dags/tutorial_dag.py for tasks to queue
[2026-02-13T22:08:05.362+0000] {logging_mixin.py:137} INFO - [2026-02-13T22:08:05.361+0000] {dagbag.py:538} INFO - Filling up the DagBag from /home/airflow/.local/lib/python3.7/site-packages/airflow/example_dags/tutorial_dag.py
[2026-02-13T22:08:05.368+0000] {processor.py:753} INFO - DAG(s) dict_keys(['tutorial_dag']) retrieved from /home/airflow/.local/lib/python3.7/site-packages/airflow/example_dags/tutorial_dag.py
[2026-02-13T22:08:05.383+0000] {logging_mixin.py:137} INFO - [2026-02-13T22:08:05.383+0000] {dag.py:2690} INFO - Sync 1 DAGs
[2026-02-13T22:08:05.395+0000] {logging_mixin.py:137} INFO - [2026-02-13T22:08:05.395+0000] {dag.py:3441} INFO - Setting next_dagrun for tutorial_dag to None, run_after=None
[2026-02-13T22:08:05.407+0000] {processor.py:175} INFO - Processing /home/airflow/.local/lib/python3.7/site-packages/airflow/example_dags/tutorial_dag.py took 0.049 seconds
[2026-02-13T22:08:36.145+0000] {processor.py:153} INFO - Started process (PID=398) to work on /home/airflow/.local/lib/python3.7/site-packages/airflow/example_dags/tutorial_dag.py
[2026-02-13T22:08:36.146+0000] {processor.py:743} INFO - Processing file /home/airflow/.local/lib/python3.7/site-packages/airflow/example_dags/tutorial_dag.py for tasks to queue
[2026-02-13T22:08:36.146+0000] {logging_mixin.py:137} INFO - [2026-02-13T22:08:36.146+0000] {dagbag.py:538} INFO - Filling up the DagBag from /home/airflow/.local/lib/python3.7/site-packages/airflow/example_dags/tutorial_dag.py
[2026-02-13T22:08:36.152+0000] {processor.py:753} INFO - DAG(s) dict_keys(['tutorial_dag']) retrieved from /home/airflow/.local/lib/python3.7/site-packages/airflow/example_dags/tutorial_dag.py
[2026-02-13T22:08:36.173+0000] {logging_mixin.py:137} INFO - [2026-02-13T22:08:36.173+0000] {dag.py:2690} INFO - Sync 1 DAGs
[2026-02-13T22:08:36.185+0000] {logging_mixin.py:137} INFO - [2026-02-13T22:08:36.185+0000] {dag.py:3441} INFO - Setting next_dagrun for tutorial_dag to None, run_after=None
[2026-02-13T22:08:36.198+0000] {processor.py:175} INFO - Processing /home/airflow/.local/lib/python3.7/site-packages/airflow/example_dags/tutorial_dag.py took 0.055 seconds
[2026-02-13T22:09:06.790+0000] {processor.py:153} INFO - Started process (PID=487) to work on /home/airflow/.local/lib/python3.7/site-packages/airflow/example_dags/tutorial_dag.py
[2026-02-13T22:09:06.793+0000] {processor.py:743} INFO - Processing file /home/airflow/.local/lib/python3.7/site-packages/airflow/example_dags/tutorial_dag.py for tasks to queue
[2026-02-13T22:09:06.793+0000] {logging_mixin.py:137} INFO - [2026-02-13T22:09:06.793+0000] {dagbag.py:538} INFO - Filling up the DagBag from /home/airflow/.local/lib/python3.7/site-packages/airflow/example_dags/tutorial_dag.py
[2026-02-13T22:09:06.800+0000] {processor.py:753} INFO - DAG(s) dict_keys(['tutorial_dag']) retrieved from /home/airflow/.local/lib/python3.7/site-packages/airflow/example_dags/tutorial_dag.py
[2026-02-13T22:09:06.815+0000] {logging_mixin.py:137} INFO - [2026-02-13T22:09:06.815+0000] {dag.py:2690} INFO - Sync 1 DAGs
[2026-02-13T22:09:06.827+0000] {logging_mixin.py:137} INFO - [2026-02-13T22:09:06.827+0000] {dag.py:3441} INFO - Setting next_dagrun for tutorial_dag to None, run_after=None
[2026-02-13T22:09:06.839+0000] {processor.py:175} INFO - Processing /home/airflow/.local/lib/python3.7/site-packages/airflow/example_dags/tutorial_dag.py took 0.051 seconds
[2026-02-13T22:09:37.382+0000] {processor.py:153} INFO - Started process (PID=575) to work on /home/airflow/.local/lib/python3.7/site-packages/airflow/example_dags/tutorial_dag.py
[2026-02-13T22:09:37.384+0000] {processor.py:743} INFO - Processing file /home/airflow/.local/lib/python3.7/site-packages/airflow/example_dags/tutorial_dag.py for tasks to queue
[2026-02-13T22:09:37.385+0000] {logging_mixin.py:137} INFO - [2026-02-13T22:09:37.385+0000] {dagbag.py:538} INFO - Filling up the DagBag from /home/airflow/.local/lib/python3.7/site-packages/airflow/example_dags/tutorial_dag.py
[2026-02-13T22:09:37.393+0000] {processor.py:753} INFO - DAG(s) dict_keys(['tutorial_dag']) retrieved from /home/airflow/.local/lib/python3.7/site-packages/airflow/example_dags/tutorial_dag.py
[2026-02-13T22:09:37.412+0000] {logging_mixin.py:137} INFO - [2026-02-13T22:09:37.411+0000] {dag.py:2690} INFO - Sync 1 DAGs
[2026-02-13T22:09:37.425+0000] {logging_mixin.py:137} INFO - [2026-02-13T22:09:37.425+0000] {dag.py:3441} INFO - Setting next_dagrun for tutorial_dag to None, run_after=None
[2026-02-13T22:09:37.435+0000] {processor.py:175} INFO - Processing /home/airflow/.local/lib/python3.7/site-packages/airflow/example_dags/tutorial_dag.py took 0.055 seconds
[2026-02-13T22:10:07.981+0000] {processor.py:153} INFO - Started process (PID=648) to work on /home/airflow/.local/lib/python3.7/site-packages/airflow/example_dags/tutorial_dag.py
[2026-02-13T22:10:07.982+0000] {processor.py:743} INFO - Processing file /home/airflow/.local/lib/python3.7/site-packages/airflow/example_dags/tutorial_dag.py for tasks to queue
[2026-02-13T22:10:07.982+0000] {logging_mixin.py:137} INFO - [2026-02-13T22:10:07.982+0000] {dagbag.py:538} INFO - Filling up the DagBag from /home/airflow/.local/lib/python3.7/site-packages/airflow/example_dags/tutorial_dag.py
[2026-02-13T22:10:07.988+0000] {processor.py:753} INFO - DAG(s) dict_keys(['tutorial_dag']) retrieved from /home/airflow/.local/lib/python3.7/site-packages/airflow/example_dags/tutorial_dag.py
[2026-02-13T22:10:08.008+0000] {logging_mixin.py:137} INFO - [2026-02-13T22:10:08.008+0000] {dag.py:2690} INFO - Sync 1 DAGs
[2026-02-13T22:10:08.018+0000] {logging_mixin.py:137} INFO - [2026-02-13T22:10:08.018+0000] {dag.py:3441} INFO - Setting next_dagrun for tutorial_dag to None, run_after=None
[2026-02-13T22:10:08.027+0000] {processor.py:175} INFO - Processing /home/airflow/.local/lib/python3.7/site-packages/airflow/example_dags/tutorial_dag.py took 0.048 seconds
[2026-02-13T22:10:38.631+0000] {processor.py:153} INFO - Started process (PID=736) to work on /home/airflow/.local/lib/python3.7/site-packages/airflow/example_dags/tutorial_dag.py
[2026-02-13T22:10:38.631+0000] {processor.py:743} INFO - Processing file /home/airflow/.local/lib/python3.7/site-packages/airflow/example_dags/tutorial_dag.py for tasks to queue
[2026-02-13T22:10:38.632+0000] {logging_mixin.py:137} INFO - [2026-02-13T22:10:38.632+0000] {dagbag.py:538} INFO - Filling up the DagBag from /home/airflow/.local/lib/python3.7/site-packages/airflow/example_dags/tutorial_dag.py
[2026-02-13T22:10:38.637+0000] {processor.py:753} INFO - DAG(s) dict_keys(['tutorial_dag']) retrieved from /home/airflow/.local/lib/python3.7/site-packages/airflow/example_dags/tutorial_dag.py
[2026-02-13T22:10:38.650+0000] {logging_mixin.py:137} INFO - [2026-02-13T22:10:38.650+0000] {dag.py:2690} INFO - Sync 1 DAGs
[2026-02-13T22:10:38.662+0000] {logging_mixin.py:137} INFO - [2026-02-13T22:10:38.662+0000] {dag.py:3441} INFO - Setting next_dagrun for tutorial_dag to None, run_after=None
[2026-02-13T22:10:38.672+0000] {processor.py:175} INFO - Processing /home/airflow/.local/lib/python3.7/site-packages/airflow/example_dags/tutorial_dag.py took 0.042 seconds
[2026-02-13T22:11:09.190+0000] {processor.py:153} INFO - Started process (PID=825) to work on /home/airflow/.local/lib/python3.7/site-packages/airflow/example_dags/tutorial_dag.py
[2026-02-13T22:11:09.190+0000] {processor.py:743} INFO - Processing file /home/airflow/.local/lib/python3.7/site-packages/airflow/example_dags/tutorial_dag.py for tasks to queue
[2026-02-13T22:11:09.192+0000] {logging_mixin.py:137} INFO - [2026-02-13T22:11:09.192+0000] {dagbag.py:538} INFO - Filling up the DagBag from /home/airflow/.local/lib/python3.7/site-packages/airflow/example_dags/tutorial_dag.py
[2026-02-13T22:11:09.198+0000] {processor.py:753} INFO - DAG(s) dict_keys(['tutorial_dag']) retrieved from /home/airflow/.local/lib/python3.7/site-packages/airflow/example_dags/tutorial_dag.py
[2026-02-13T22:11:09.209+0000] {logging_mixin.py:137} INFO - [2026-02-13T22:11:09.209+0000] {dag.py:2690} INFO - Sync 1 DAGs
[2026-02-13T22:11:09.220+0000] {logging_mixin.py:137} INFO - [2026-02-13T22:11:09.220+0000] {dag.py:3441} INFO - Setting next_dagrun for tutorial_dag to None, run_after=None
[2026-02-13T22:11:09.230+0000] {processor.py:175} INFO - Processing /home/airflow/.local/lib/python3.7/site-packages/airflow/example_dags/tutorial_dag.py took 0.042 seconds
[2026-02-13T22:11:39.804+0000] {processor.py:153} INFO - Started process (PID=913) to work on /home/airflow/.local/lib/python3.7/site-packages/airflow/example_dags/tutorial_dag.py
[2026-02-13T22:11:39.805+0000] {processor.py:743} INFO - Processing file /home/airflow/.local/lib/python3.7/site-packages/airflow/example_dags/tutorial_dag.py for tasks to queue
[2026-02-13T22:11:39.805+0000] {logging_mixin.py:137} INFO - [2026-02-13T22:11:39.805+0000] {dagbag.py:538} INFO - Filling up the DagBag from /home/airflow/.local/lib/python3.7/site-packages/airflow/example_dags/tutorial_dag.py
[2026-02-13T22:11:39.812+0000] {processor.py:753} INFO - DAG(s) dict_keys(['tutorial_dag']) retrieved from /home/airflow/.local/lib/python3.7/site-packages/airflow/example_dags/tutorial_dag.py
[2026-02-13T22:11:39.824+0000] {logging_mixin.py:137} INFO - [2026-02-13T22:11:39.824+0000] {dag.py:2690} INFO - Sync 1 DAGs
[2026-02-13T22:11:39.840+0000] {logging_mixin.py:137} INFO - [2026-02-13T22:11:39.839+0000] {dag.py:3441} INFO - Setting next_dagrun for tutorial_dag to None, run_after=None
[2026-02-13T22:11:39.853+0000] {processor.py:175} INFO - Processing /home/airflow/.local/lib/python3.7/site-packages/airflow/example_dags/tutorial_dag.py took 0.050 seconds
[2026-02-13T22:12:10.351+0000] {processor.py:153} INFO - Started process (PID=986) to work on /home/airflow/.local/lib/python3.7/site-packages/airflow/example_dags/tutorial_dag.py
[2026-02-13T22:12:10.352+0000] {processor.py:743} INFO - Processing file /home/airflow/.local/lib/python3.7/site-packages/airflow/example_dags/tutorial_dag.py for tasks to queue
[2026-02-13T22:12:10.352+0000] {logging_mixin.py:137} INFO - [2026-02-13T22:12:10.352+0000] {dagbag.py:538} INFO - Filling up the DagBag from /home/airflow/.local/lib/python3.7/site-packages/airflow/example_dags/tutorial_dag.py
[2026-02-13T22:12:10.358+0000] {processor.py:753} INFO - DAG(s) dict_keys(['tutorial_dag']) retrieved from /home/airflow/.local/lib/python3.7/site-packages/airflow/example_dags/tutorial_dag.py
[2026-02-13T22:12:10.371+0000] {logging_mixin.py:137} INFO - [2026-02-13T22:12:10.371+0000] {dag.py:2690} INFO - Sync 1 DAGs
[2026-02-13T22:12:10.385+0000] {logging_mixin.py:137} INFO - [2026-02-13T22:12:10.385+0000] {dag.py:3441} INFO - Setting next_dagrun for tutorial_dag to None, run_after=None
[2026-02-13T22:12:10.396+0000] {processor.py:175} INFO - Processing /home/airflow/.local/lib/python3.7/site-packages/airflow/example_dags/tutorial_dag.py took 0.046 seconds
[2026-02-13T22:12:41.020+0000] {processor.py:153} INFO - Started process (PID=1075) to work on /home/airflow/.local/lib/python3.7/site-packages/airflow/example_dags/tutorial_dag.py
[2026-02-13T22:12:41.020+0000] {processor.py:743} INFO - Processing file /home/airflow/.local/lib/python3.7/site-packages/airflow/example_dags/tutorial_dag.py for tasks to queue
[2026-02-13T22:12:41.021+0000] {logging_mixin.py:137} INFO - [2026-02-13T22:12:41.021+0000] {dagbag.py:538} INFO - Filling up the DagBag from /home/airflow/.local/lib/python3.7/site-packages/airflow/example_dags/tutorial_dag.py
[2026-02-13T22:12:41.025+0000] {processor.py:753} INFO - DAG(s) dict_keys(['tutorial_dag']) retrieved from /home/airflow/.local/lib/python3.7/site-packages/airflow/example_dags/tutorial_dag.py
[2026-02-13T22:12:41.035+0000] {logging_mixin.py:137} INFO - [2026-02-13T22:12:41.035+0000] {dag.py:2690} INFO - Sync 1 DAGs
[2026-02-13T22:12:41.043+0000] {logging_mixin.py:137} INFO - [2026-02-13T22:12:41.043+0000] {dag.py:3441} INFO - Setting next_dagrun for tutorial_dag to None, run_after=None
[2026-02-13T22:12:41.049+0000] {processor.py:175} INFO - Processing /home/airflow/.local/lib/python3.7/site-packages/airflow/example_dags/tutorial_dag.py took 0.031 seconds
[2026-02-13T22:20:57.416+0000] {processor.py:153} INFO - Started process (PID=97) to work on /home/airflow/.local/lib/python3.7/site-packages/airflow/example_dags/tutorial_dag.py
[2026-02-13T22:20:57.417+0000] {processor.py:743} INFO - Processing file /home/airflow/.local/lib/python3.7/site-packages/airflow/example_dags/tutorial_dag.py for tasks to queue
[2026-02-13T22:20:57.417+0000] {logging_mixin.py:137} INFO - [2026-02-13T22:20:57.417+0000] {dagbag.py:538} INFO - Filling up the DagBag from /home/airflow/.local/lib/python3.7/site-packages/airflow/example_dags/tutorial_dag.py
[2026-02-13T22:20:57.425+0000] {processor.py:753} INFO - DAG(s) dict_keys(['tutorial_dag']) retrieved from /home/airflow/.local/lib/python3.7/site-packages/airflow/example_dags/tutorial_dag.py
[2026-02-13T22:20:57.436+0000] {logging_mixin.py:137} INFO - [2026-02-13T22:20:57.436+0000] {dag.py:2690} INFO - Sync 1 DAGs
[2026-02-13T22:20:57.452+0000] {logging_mixin.py:137} INFO - [2026-02-13T22:20:57.452+0000] {dag.py:3441} INFO - Setting next_dagrun for tutorial_dag to None, run_after=None
[2026-02-13T22:20:57.464+0000] {processor.py:175} INFO - Processing /home/airflow/.local/lib/python3.7/site-packages/airflow/example_dags/tutorial_dag.py took 0.050 seconds
[2026-02-13T22:21:28.111+0000] {processor.py:153} INFO - Started process (PID=170) to work on /home/airflow/.local/lib/python3.7/site-packages/airflow/example_dags/tutorial_dag.py
[2026-02-13T22:21:28.112+0000] {processor.py:743} INFO - Processing file /home/airflow/.local/lib/python3.7/site-packages/airflow/example_dags/tutorial_dag.py for tasks to queue
[2026-02-13T22:21:28.112+0000] {logging_mixin.py:137} INFO - [2026-02-13T22:21:28.112+0000] {dagbag.py:538} INFO - Filling up the DagBag from /home/airflow/.local/lib/python3.7/site-packages/airflow/example_dags/tutorial_dag.py
[2026-02-13T22:21:28.118+0000] {processor.py:753} INFO - DAG(s) dict_keys(['tutorial_dag']) retrieved from /home/airflow/.local/lib/python3.7/site-packages/airflow/example_dags/tutorial_dag.py
[2026-02-13T22:21:28.128+0000] {logging_mixin.py:137} INFO - [2026-02-13T22:21:28.128+0000] {dag.py:2690} INFO - Sync 1 DAGs
[2026-02-13T22:21:28.141+0000] {logging_mixin.py:137} INFO - [2026-02-13T22:21:28.141+0000] {dag.py:3441} INFO - Setting next_dagrun for tutorial_dag to None, run_after=None
[2026-02-13T22:21:28.150+0000] {processor.py:175} INFO - Processing /home/airflow/.local/lib/python3.7/site-packages/airflow/example_dags/tutorial_dag.py took 0.041 seconds
[2026-02-13T22:21:59.152+0000] {processor.py:153} INFO - Started process (PID=260) to work on /home/airflow/.local/lib/python3.7/site-packages/airflow/example_dags/tutorial_dag.py
[2026-02-13T22:21:59.153+0000] {processor.py:743} INFO - Processing file /home/airflow/.local/lib/python3.7/site-packages/airflow/example_dags/tutorial_dag.py for tasks to queue
[2026-02-13T22:21:59.153+0000] {logging_mixin.py:137} INFO - [2026-02-13T22:21:59.153+0000] {dagbag.py:538} INFO - Filling up the DagBag from /home/airflow/.local/lib/python3.7/site-packages/airflow/example_dags/tutorial_dag.py
[2026-02-13T22:21:59.160+0000] {processor.py:753} INFO - DAG(s) dict_keys(['tutorial_dag']) retrieved from /home/airflow/.local/lib/python3.7/site-packages/airflow/example_dags/tutorial_dag.py
[2026-02-13T22:21:59.173+0000] {logging_mixin.py:137} INFO - [2026-02-13T22:21:59.173+0000] {dag.py:2690} INFO - Sync 1 DAGs
[2026-02-13T22:21:59.186+0000] {logging_mixin.py:137} INFO - [2026-02-13T22:21:59.186+0000] {dag.py:3441} INFO - Setting next_dagrun for tutorial_dag to None, run_after=None
[2026-02-13T22:21:59.202+0000] {processor.py:175} INFO - Processing /home/airflow/.local/lib/python3.7/site-packages/airflow/example_dags/tutorial_dag.py took 0.052 seconds
[2026-02-13T22:22:29.775+0000] {processor.py:153} INFO - Started process (PID=350) to work on /home/airflow/.local/lib/python3.7/site-packages/airflow/example_dags/tutorial_dag.py
[2026-02-13T22:22:29.775+0000] {processor.py:743} INFO - Processing file /home/airflow/.local/lib/python3.7/site-packages/airflow/example_dags/tutorial_dag.py for tasks to queue
[2026-02-13T22:22:29.776+0000] {logging_mixin.py:137} INFO - [2026-02-13T22:22:29.775+0000] {dagbag.py:538} INFO - Filling up the DagBag from /home/airflow/.local/lib/python3.7/site-packages/airflow/example_dags/tutorial_dag.py
[2026-02-13T22:22:29.783+0000] {processor.py:753} INFO - DAG(s) dict_keys(['tutorial_dag']) retrieved from /home/airflow/.local/lib/python3.7/site-packages/airflow/example_dags/tutorial_dag.py
[2026-02-13T22:22:29.796+0000] {logging_mixin.py:137} INFO - [2026-02-13T22:22:29.796+0000] {dag.py:2690} INFO - Sync 1 DAGs
[2026-02-13T22:22:29.810+0000] {logging_mixin.py:137} INFO - [2026-02-13T22:22:29.810+0000] {dag.py:3441} INFO - Setting next_dagrun for tutorial_dag to None, run_after=None
[2026-02-13T22:22:29.823+0000] {processor.py:175} INFO - Processing /home/airflow/.local/lib/python3.7/site-packages/airflow/example_dags/tutorial_dag.py took 0.050 seconds
[2026-02-13T22:23:00.443+0000] {processor.py:153} INFO - Started process (PID=439) to work on /home/airflow/.local/lib/python3.7/site-packages/airflow/example_dags/tutorial_dag.py
[2026-02-13T22:23:00.445+0000] {processor.py:743} INFO - Processing file /home/airflow/.local/lib/python3.7/site-packages/airflow/example_dags/tutorial_dag.py for tasks to queue
[2026-02-13T22:23:00.445+0000] {logging_mixin.py:137} INFO - [2026-02-13T22:23:00.445+0000] {dagbag.py:538} INFO - Filling up the DagBag from /home/airflow/.local/lib/python3.7/site-packages/airflow/example_dags/tutorial_dag.py
[2026-02-13T22:23:00.453+0000] {processor.py:753} INFO - DAG(s) dict_keys(['tutorial_dag']) retrieved from /home/airflow/.local/lib/python3.7/site-packages/airflow/example_dags/tutorial_dag.py
[2026-02-13T22:23:00.465+0000] {logging_mixin.py:137} INFO - [2026-02-13T22:23:00.465+0000] {dag.py:2690} INFO - Sync 1 DAGs
[2026-02-13T22:23:00.478+0000] {logging_mixin.py:137} INFO - [2026-02-13T22:23:00.478+0000] {dag.py:3441} INFO - Setting next_dagrun for tutorial_dag to None, run_after=None
[2026-02-13T22:23:00.492+0000] {processor.py:175} INFO - Processing /home/airflow/.local/lib/python3.7/site-packages/airflow/example_dags/tutorial_dag.py took 0.051 seconds
[2026-02-13T22:23:31.127+0000] {processor.py:153} INFO - Started process (PID=512) to work on /home/airflow/.local/lib/python3.7/site-packages/airflow/example_dags/tutorial_dag.py
[2026-02-13T22:23:31.128+0000] {processor.py:743} INFO - Processing file /home/airflow/.local/lib/python3.7/site-packages/airflow/example_dags/tutorial_dag.py for tasks to queue
[2026-02-13T22:23:31.131+0000] {logging_mixin.py:137} INFO - [2026-02-13T22:23:31.131+0000] {dagbag.py:538} INFO - Filling up the DagBag from /home/airflow/.local/lib/python3.7/site-packages/airflow/example_dags/tutorial_dag.py
[2026-02-13T22:23:31.138+0000] {processor.py:753} INFO - DAG(s) dict_keys(['tutorial_dag']) retrieved from /home/airflow/.local/lib/python3.7/site-packages/airflow/example_dags/tutorial_dag.py
[2026-02-13T22:23:31.153+0000] {logging_mixin.py:137} INFO - [2026-02-13T22:23:31.153+0000] {dag.py:2690} INFO - Sync 1 DAGs
[2026-02-13T22:23:31.165+0000] {logging_mixin.py:137} INFO - [2026-02-13T22:23:31.165+0000] {dag.py:3441} INFO - Setting next_dagrun for tutorial_dag to None, run_after=None
[2026-02-13T22:23:31.176+0000] {processor.py:175} INFO - Processing /home/airflow/.local/lib/python3.7/site-packages/airflow/example_dags/tutorial_dag.py took 0.050 seconds
[2026-02-13T22:24:01.808+0000] {processor.py:153} INFO - Started process (PID=600) to work on /home/airflow/.local/lib/python3.7/site-packages/airflow/example_dags/tutorial_dag.py
[2026-02-13T22:24:01.809+0000] {processor.py:743} INFO - Processing file /home/airflow/.local/lib/python3.7/site-packages/airflow/example_dags/tutorial_dag.py for tasks to queue
[2026-02-13T22:24:01.809+0000] {logging_mixin.py:137} INFO - [2026-02-13T22:24:01.809+0000] {dagbag.py:538} INFO - Filling up the DagBag from /home/airflow/.local/lib/python3.7/site-packages/airflow/example_dags/tutorial_dag.py
[2026-02-13T22:24:01.815+0000] {processor.py:753} INFO - DAG(s) dict_keys(['tutorial_dag']) retrieved from /home/airflow/.local/lib/python3.7/site-packages/airflow/example_dags/tutorial_dag.py
[2026-02-13T22:24:01.829+0000] {logging_mixin.py:137} INFO - [2026-02-13T22:24:01.829+0000] {dag.py:2690} INFO - Sync 1 DAGs
[2026-02-13T22:24:01.841+0000] {logging_mixin.py:137} INFO - [2026-02-13T22:24:01.841+0000] {dag.py:3441} INFO - Setting next_dagrun for tutorial_dag to None, run_after=None
[2026-02-13T22:24:01.854+0000] {processor.py:175} INFO - Processing /home/airflow/.local/lib/python3.7/site-packages/airflow/example_dags/tutorial_dag.py took 0.047 seconds
[2026-02-13T22:24:32.575+0000] {processor.py:153} INFO - Started process (PID=689) to work on /home/airflow/.local/lib/python3.7/site-packages/airflow/example_dags/tutorial_dag.py
[2026-02-13T22:24:32.575+0000] {processor.py:743} INFO - Processing file /home/airflow/.local/lib/python3.7/site-packages/airflow/example_dags/tutorial_dag.py for tasks to queue
[2026-02-13T22:24:32.577+0000] {logging_mixin.py:137} INFO - [2026-02-13T22:24:32.577+0000] {dagbag.py:538} INFO - Filling up the DagBag from /home/airflow/.local/lib/python3.7/site-packages/airflow/example_dags/tutorial_dag.py
[2026-02-13T22:24:32.585+0000] {processor.py:753} INFO - DAG(s) dict_keys(['tutorial_dag']) retrieved from /home/airflow/.local/lib/python3.7/site-packages/airflow/example_dags/tutorial_dag.py
[2026-02-13T22:24:32.599+0000] {logging_mixin.py:137} INFO - [2026-02-13T22:24:32.599+0000] {dag.py:2690} INFO - Sync 1 DAGs
[2026-02-13T22:24:32.612+0000] {logging_mixin.py:137} INFO - [2026-02-13T22:24:32.612+0000] {dag.py:3441} INFO - Setting next_dagrun for tutorial_dag to None, run_after=None
[2026-02-13T22:24:32.623+0000] {processor.py:175} INFO - Processing /home/airflow/.local/lib/python3.7/site-packages/airflow/example_dags/tutorial_dag.py took 0.050 seconds
[2026-02-13T22:25:03.220+0000] {processor.py:153} INFO - Started process (PID=778) to work on /home/airflow/.local/lib/python3.7/site-packages/airflow/example_dags/tutorial_dag.py
[2026-02-13T22:25:03.220+0000] {processor.py:743} INFO - Processing file /home/airflow/.local/lib/python3.7/site-packages/airflow/example_dags/tutorial_dag.py for tasks to queue
[2026-02-13T22:25:03.221+0000] {logging_mixin.py:137} INFO - [2026-02-13T22:25:03.221+0000] {dagbag.py:538} INFO - Filling up the DagBag from /home/airflow/.local/lib/python3.7/site-packages/airflow/example_dags/tutorial_dag.py
[2026-02-13T22:25:03.227+0000] {processor.py:753} INFO - DAG(s) dict_keys(['tutorial_dag']) retrieved from /home/airflow/.local/lib/python3.7/site-packages/airflow/example_dags/tutorial_dag.py
[2026-02-13T22:25:03.241+0000] {logging_mixin.py:137} INFO - [2026-02-13T22:25:03.241+0000] {dag.py:2690} INFO - Sync 1 DAGs
[2026-02-13T22:25:03.251+0000] {logging_mixin.py:137} INFO - [2026-02-13T22:25:03.251+0000] {dag.py:3441} INFO - Setting next_dagrun for tutorial_dag to None, run_after=None
[2026-02-13T22:25:03.268+0000] {processor.py:175} INFO - Processing /home/airflow/.local/lib/python3.7/site-packages/airflow/example_dags/tutorial_dag.py took 0.050 seconds
[2026-02-13T22:25:33.895+0000] {processor.py:153} INFO - Started process (PID=867) to work on /home/airflow/.local/lib/python3.7/site-packages/airflow/example_dags/tutorial_dag.py
[2026-02-13T22:25:33.895+0000] {processor.py:743} INFO - Processing file /home/airflow/.local/lib/python3.7/site-packages/airflow/example_dags/tutorial_dag.py for tasks to queue
[2026-02-13T22:25:33.895+0000] {logging_mixin.py:137} INFO - [2026-02-13T22:25:33.895+0000] {dagbag.py:538} INFO - Filling up the DagBag from /home/airflow/.local/lib/python3.7/site-packages/airflow/example_dags/tutorial_dag.py
[2026-02-13T22:25:33.903+0000] {processor.py:753} INFO - DAG(s) dict_keys(['tutorial_dag']) retrieved from /home/airflow/.local/lib/python3.7/site-packages/airflow/example_dags/tutorial_dag.py
[2026-02-13T22:25:33.920+0000] {logging_mixin.py:137} INFO - [2026-02-13T22:25:33.920+0000] {dag.py:2690} INFO - Sync 1 DAGs
[2026-02-13T22:25:33.935+0000] {logging_mixin.py:137} INFO - [2026-02-13T22:25:33.935+0000] {dag.py:3441} INFO - Setting next_dagrun for tutorial_dag to None, run_after=None
[2026-02-13T22:25:33.952+0000] {processor.py:175} INFO - Processing /home/airflow/.local/lib/python3.7/site-packages/airflow/example_dags/tutorial_dag.py took 0.059 seconds
[2026-02-13T22:26:04.500+0000] {processor.py:153} INFO - Started process (PID=940) to work on /home/airflow/.local/lib/python3.7/site-packages/airflow/example_dags/tutorial_dag.py
[2026-02-13T22:26:04.500+0000] {processor.py:743} INFO - Processing file /home/airflow/.local/lib/python3.7/site-packages/airflow/example_dags/tutorial_dag.py for tasks to queue
[2026-02-13T22:26:04.501+0000] {logging_mixin.py:137} INFO - [2026-02-13T22:26:04.501+0000] {dagbag.py:538} INFO - Filling up the DagBag from /home/airflow/.local/lib/python3.7/site-packages/airflow/example_dags/tutorial_dag.py
[2026-02-13T22:26:04.507+0000] {processor.py:753} INFO - DAG(s) dict_keys(['tutorial_dag']) retrieved from /home/airflow/.local/lib/python3.7/site-packages/airflow/example_dags/tutorial_dag.py
[2026-02-13T22:26:04.519+0000] {logging_mixin.py:137} INFO - [2026-02-13T22:26:04.519+0000] {dag.py:2690} INFO - Sync 1 DAGs
[2026-02-13T22:26:04.530+0000] {logging_mixin.py:137} INFO - [2026-02-13T22:26:04.530+0000] {dag.py:3441} INFO - Setting next_dagrun for tutorial_dag to None, run_after=None
[2026-02-13T22:26:04.537+0000] {processor.py:175} INFO - Processing /home/airflow/.local/lib/python3.7/site-packages/airflow/example_dags/tutorial_dag.py took 0.039 seconds
[2026-02-13T22:26:35.057+0000] {processor.py:153} INFO - Started process (PID=1029) to work on /home/airflow/.local/lib/python3.7/site-packages/airflow/example_dags/tutorial_dag.py
[2026-02-13T22:26:35.061+0000] {processor.py:743} INFO - Processing file /home/airflow/.local/lib/python3.7/site-packages/airflow/example_dags/tutorial_dag.py for tasks to queue
[2026-02-13T22:26:35.061+0000] {logging_mixin.py:137} INFO - [2026-02-13T22:26:35.061+0000] {dagbag.py:538} INFO - Filling up the DagBag from /home/airflow/.local/lib/python3.7/site-packages/airflow/example_dags/tutorial_dag.py
[2026-02-13T22:26:35.067+0000] {processor.py:753} INFO - DAG(s) dict_keys(['tutorial_dag']) retrieved from /home/airflow/.local/lib/python3.7/site-packages/airflow/example_dags/tutorial_dag.py
[2026-02-13T22:26:35.079+0000] {logging_mixin.py:137} INFO - [2026-02-13T22:26:35.079+0000] {dag.py:2690} INFO - Sync 1 DAGs
[2026-02-13T22:26:35.092+0000] {logging_mixin.py:137} INFO - [2026-02-13T22:26:35.092+0000] {dag.py:3441} INFO - Setting next_dagrun for tutorial_dag to None, run_after=None
[2026-02-13T22:26:35.106+0000] {processor.py:175} INFO - Processing /home/airflow/.local/lib/python3.7/site-packages/airflow/example_dags/tutorial_dag.py took 0.050 seconds
[2026-02-13T22:27:05.834+0000] {processor.py:153} INFO - Started process (PID=1118) to work on /home/airflow/.local/lib/python3.7/site-packages/airflow/example_dags/tutorial_dag.py
[2026-02-13T22:27:05.835+0000] {processor.py:743} INFO - Processing file /home/airflow/.local/lib/python3.7/site-packages/airflow/example_dags/tutorial_dag.py for tasks to queue
[2026-02-13T22:27:05.835+0000] {logging_mixin.py:137} INFO - [2026-02-13T22:27:05.835+0000] {dagbag.py:538} INFO - Filling up the DagBag from /home/airflow/.local/lib/python3.7/site-packages/airflow/example_dags/tutorial_dag.py
[2026-02-13T22:27:05.841+0000] {processor.py:753} INFO - DAG(s) dict_keys(['tutorial_dag']) retrieved from /home/airflow/.local/lib/python3.7/site-packages/airflow/example_dags/tutorial_dag.py
[2026-02-13T22:27:05.861+0000] {logging_mixin.py:137} INFO - [2026-02-13T22:27:05.861+0000] {dag.py:2690} INFO - Sync 1 DAGs
[2026-02-13T22:27:05.874+0000] {logging_mixin.py:137} INFO - [2026-02-13T22:27:05.874+0000] {dag.py:3441} INFO - Setting next_dagrun for tutorial_dag to None, run_after=None
[2026-02-13T22:27:05.883+0000] {processor.py:175} INFO - Processing /home/airflow/.local/lib/python3.7/site-packages/airflow/example_dags/tutorial_dag.py took 0.051 seconds
[2026-02-13T22:27:36.464+0000] {processor.py:153} INFO - Started process (PID=1207) to work on /home/airflow/.local/lib/python3.7/site-packages/airflow/example_dags/tutorial_dag.py
[2026-02-13T22:27:36.464+0000] {processor.py:743} INFO - Processing file /home/airflow/.local/lib/python3.7/site-packages/airflow/example_dags/tutorial_dag.py for tasks to queue
[2026-02-13T22:27:36.465+0000] {logging_mixin.py:137} INFO - [2026-02-13T22:27:36.465+0000] {dagbag.py:538} INFO - Filling up the DagBag from /home/airflow/.local/lib/python3.7/site-packages/airflow/example_dags/tutorial_dag.py
[2026-02-13T22:27:36.474+0000] {processor.py:753} INFO - DAG(s) dict_keys(['tutorial_dag']) retrieved from /home/airflow/.local/lib/python3.7/site-packages/airflow/example_dags/tutorial_dag.py
[2026-02-13T22:27:36.489+0000] {logging_mixin.py:137} INFO - [2026-02-13T22:27:36.489+0000] {dag.py:2690} INFO - Sync 1 DAGs
[2026-02-13T22:27:36.501+0000] {logging_mixin.py:137} INFO - [2026-02-13T22:27:36.501+0000] {dag.py:3441} INFO - Setting next_dagrun for tutorial_dag to None, run_after=None
[2026-02-13T22:27:36.515+0000] {processor.py:175} INFO - Processing /home/airflow/.local/lib/python3.7/site-packages/airflow/example_dags/tutorial_dag.py took 0.053 seconds
[2026-02-13T22:28:07.239+0000] {processor.py:153} INFO - Started process (PID=1280) to work on /home/airflow/.local/lib/python3.7/site-packages/airflow/example_dags/tutorial_dag.py
[2026-02-13T22:28:07.240+0000] {processor.py:743} INFO - Processing file /home/airflow/.local/lib/python3.7/site-packages/airflow/example_dags/tutorial_dag.py for tasks to queue
[2026-02-13T22:28:07.241+0000] {logging_mixin.py:137} INFO - [2026-02-13T22:28:07.241+0000] {dagbag.py:538} INFO - Filling up the DagBag from /home/airflow/.local/lib/python3.7/site-packages/airflow/example_dags/tutorial_dag.py
[2026-02-13T22:28:07.246+0000] {processor.py:753} INFO - DAG(s) dict_keys(['tutorial_dag']) retrieved from /home/airflow/.local/lib/python3.7/site-packages/airflow/example_dags/tutorial_dag.py
[2026-02-13T22:28:07.260+0000] {logging_mixin.py:137} INFO - [2026-02-13T22:28:07.260+0000] {dag.py:2690} INFO - Sync 1 DAGs
[2026-02-13T22:28:07.272+0000] {logging_mixin.py:137} INFO - [2026-02-13T22:28:07.272+0000] {dag.py:3441} INFO - Setting next_dagrun for tutorial_dag to None, run_after=None
[2026-02-13T22:28:07.281+0000] {processor.py:175} INFO - Processing /home/airflow/.local/lib/python3.7/site-packages/airflow/example_dags/tutorial_dag.py took 0.043 seconds
[2026-02-13T22:28:37.831+0000] {processor.py:153} INFO - Started process (PID=1369) to work on /home/airflow/.local/lib/python3.7/site-packages/airflow/example_dags/tutorial_dag.py
[2026-02-13T22:28:37.833+0000] {processor.py:743} INFO - Processing file /home/airflow/.local/lib/python3.7/site-packages/airflow/example_dags/tutorial_dag.py for tasks to queue
[2026-02-13T22:28:37.835+0000] {logging_mixin.py:137} INFO - [2026-02-13T22:28:37.835+0000] {dagbag.py:538} INFO - Filling up the DagBag from /home/airflow/.local/lib/python3.7/site-packages/airflow/example_dags/tutorial_dag.py
[2026-02-13T22:28:37.842+0000] {processor.py:753} INFO - DAG(s) dict_keys(['tutorial_dag']) retrieved from /home/airflow/.local/lib/python3.7/site-packages/airflow/example_dags/tutorial_dag.py
[2026-02-13T22:28:37.859+0000] {logging_mixin.py:137} INFO - [2026-02-13T22:28:37.859+0000] {dag.py:2690} INFO - Sync 1 DAGs
[2026-02-13T22:28:37.871+0000] {logging_mixin.py:137} INFO - [2026-02-13T22:28:37.871+0000] {dag.py:3441} INFO - Setting next_dagrun for tutorial_dag to None, run_after=None
[2026-02-13T22:28:37.879+0000] {processor.py:175} INFO - Processing /home/airflow/.local/lib/python3.7/site-packages/airflow/example_dags/tutorial_dag.py took 0.049 seconds
[2026-02-13T22:29:08.473+0000] {processor.py:153} INFO - Started process (PID=1458) to work on /home/airflow/.local/lib/python3.7/site-packages/airflow/example_dags/tutorial_dag.py
[2026-02-13T22:29:08.473+0000] {processor.py:743} INFO - Processing file /home/airflow/.local/lib/python3.7/site-packages/airflow/example_dags/tutorial_dag.py for tasks to queue
[2026-02-13T22:29:08.474+0000] {logging_mixin.py:137} INFO - [2026-02-13T22:29:08.474+0000] {dagbag.py:538} INFO - Filling up the DagBag from /home/airflow/.local/lib/python3.7/site-packages/airflow/example_dags/tutorial_dag.py
[2026-02-13T22:29:08.480+0000] {processor.py:753} INFO - DAG(s) dict_keys(['tutorial_dag']) retrieved from /home/airflow/.local/lib/python3.7/site-packages/airflow/example_dags/tutorial_dag.py
[2026-02-13T22:29:08.492+0000] {logging_mixin.py:137} INFO - [2026-02-13T22:29:08.491+0000] {dag.py:2690} INFO - Sync 1 DAGs
[2026-02-13T22:29:08.501+0000] {logging_mixin.py:137} INFO - [2026-02-13T22:29:08.501+0000] {dag.py:3441} INFO - Setting next_dagrun for tutorial_dag to None, run_after=None
[2026-02-13T22:29:08.509+0000] {processor.py:175} INFO - Processing /home/airflow/.local/lib/python3.7/site-packages/airflow/example_dags/tutorial_dag.py took 0.039 seconds
[2026-02-13T22:29:39.081+0000] {processor.py:153} INFO - Started process (PID=1547) to work on /home/airflow/.local/lib/python3.7/site-packages/airflow/example_dags/tutorial_dag.py
[2026-02-13T22:29:39.081+0000] {processor.py:743} INFO - Processing file /home/airflow/.local/lib/python3.7/site-packages/airflow/example_dags/tutorial_dag.py for tasks to queue
[2026-02-13T22:29:39.082+0000] {logging_mixin.py:137} INFO - [2026-02-13T22:29:39.081+0000] {dagbag.py:538} INFO - Filling up the DagBag from /home/airflow/.local/lib/python3.7/site-packages/airflow/example_dags/tutorial_dag.py
[2026-02-13T22:29:39.088+0000] {processor.py:753} INFO - DAG(s) dict_keys(['tutorial_dag']) retrieved from /home/airflow/.local/lib/python3.7/site-packages/airflow/example_dags/tutorial_dag.py
[2026-02-13T22:29:39.104+0000] {logging_mixin.py:137} INFO - [2026-02-13T22:29:39.104+0000] {dag.py:2690} INFO - Sync 1 DAGs
[2026-02-13T22:29:39.117+0000] {logging_mixin.py:137} INFO - [2026-02-13T22:29:39.117+0000] {dag.py:3441} INFO - Setting next_dagrun for tutorial_dag to None, run_after=None
[2026-02-13T22:29:39.128+0000] {processor.py:175} INFO - Processing /home/airflow/.local/lib/python3.7/site-packages/airflow/example_dags/tutorial_dag.py took 0.049 seconds
[2026-02-13T22:30:09.760+0000] {processor.py:153} INFO - Started process (PID=1626) to work on /home/airflow/.local/lib/python3.7/site-packages/airflow/example_dags/tutorial_dag.py
[2026-02-13T22:30:09.761+0000] {processor.py:743} INFO - Processing file /home/airflow/.local/lib/python3.7/site-packages/airflow/example_dags/tutorial_dag.py for tasks to queue
[2026-02-13T22:30:09.762+0000] {logging_mixin.py:137} INFO - [2026-02-13T22:30:09.762+0000] {dagbag.py:538} INFO - Filling up the DagBag from /home/airflow/.local/lib/python3.7/site-packages/airflow/example_dags/tutorial_dag.py
[2026-02-13T22:30:09.769+0000] {processor.py:753} INFO - DAG(s) dict_keys(['tutorial_dag']) retrieved from /home/airflow/.local/lib/python3.7/site-packages/airflow/example_dags/tutorial_dag.py
[2026-02-13T22:30:09.786+0000] {logging_mixin.py:137} INFO - [2026-02-13T22:30:09.786+0000] {dag.py:2690} INFO - Sync 1 DAGs
[2026-02-13T22:30:09.800+0000] {logging_mixin.py:137} INFO - [2026-02-13T22:30:09.800+0000] {dag.py:3441} INFO - Setting next_dagrun for tutorial_dag to None, run_after=None
[2026-02-13T22:30:09.812+0000] {processor.py:175} INFO - Processing /home/airflow/.local/lib/python3.7/site-packages/airflow/example_dags/tutorial_dag.py took 0.053 seconds
[2026-02-13T22:30:40.548+0000] {processor.py:153} INFO - Started process (PID=1709) to work on /home/airflow/.local/lib/python3.7/site-packages/airflow/example_dags/tutorial_dag.py
[2026-02-13T22:30:40.549+0000] {processor.py:743} INFO - Processing file /home/airflow/.local/lib/python3.7/site-packages/airflow/example_dags/tutorial_dag.py for tasks to queue
[2026-02-13T22:30:40.550+0000] {logging_mixin.py:137} INFO - [2026-02-13T22:30:40.550+0000] {dagbag.py:538} INFO - Filling up the DagBag from /home/airflow/.local/lib/python3.7/site-packages/airflow/example_dags/tutorial_dag.py
[2026-02-13T22:30:40.558+0000] {processor.py:753} INFO - DAG(s) dict_keys(['tutorial_dag']) retrieved from /home/airflow/.local/lib/python3.7/site-packages/airflow/example_dags/tutorial_dag.py
[2026-02-13T22:30:40.571+0000] {logging_mixin.py:137} INFO - [2026-02-13T22:30:40.571+0000] {dag.py:2690} INFO - Sync 1 DAGs
[2026-02-13T22:30:40.582+0000] {logging_mixin.py:137} INFO - [2026-02-13T22:30:40.582+0000] {dag.py:3441} INFO - Setting next_dagrun for tutorial_dag to None, run_after=None
[2026-02-13T22:30:40.590+0000] {processor.py:175} INFO - Processing /home/airflow/.local/lib/python3.7/site-packages/airflow/example_dags/tutorial_dag.py took 0.043 seconds
[2026-02-13T22:31:11.126+0000] {processor.py:153} INFO - Started process (PID=1798) to work on /home/airflow/.local/lib/python3.7/site-packages/airflow/example_dags/tutorial_dag.py
[2026-02-13T22:31:11.127+0000] {processor.py:743} INFO - Processing file /home/airflow/.local/lib/python3.7/site-packages/airflow/example_dags/tutorial_dag.py for tasks to queue
[2026-02-13T22:31:11.127+0000] {logging_mixin.py:137} INFO - [2026-02-13T22:31:11.127+0000] {dagbag.py:538} INFO - Filling up the DagBag from /home/airflow/.local/lib/python3.7/site-packages/airflow/example_dags/tutorial_dag.py
[2026-02-13T22:31:11.133+0000] {processor.py:753} INFO - DAG(s) dict_keys(['tutorial_dag']) retrieved from /home/airflow/.local/lib/python3.7/site-packages/airflow/example_dags/tutorial_dag.py
[2026-02-13T22:31:11.144+0000] {logging_mixin.py:137} INFO - [2026-02-13T22:31:11.144+0000] {dag.py:2690} INFO - Sync 1 DAGs
[2026-02-13T22:31:11.154+0000] {logging_mixin.py:137} INFO - [2026-02-13T22:31:11.154+0000] {dag.py:3441} INFO - Setting next_dagrun for tutorial_dag to None, run_after=None
[2026-02-13T22:31:11.162+0000] {processor.py:175} INFO - Processing /home/airflow/.local/lib/python3.7/site-packages/airflow/example_dags/tutorial_dag.py took 0.038 seconds
[2026-02-13T22:31:41.849+0000] {processor.py:153} INFO - Started process (PID=1887) to work on /home/airflow/.local/lib/python3.7/site-packages/airflow/example_dags/tutorial_dag.py
[2026-02-13T22:31:41.850+0000] {processor.py:743} INFO - Processing file /home/airflow/.local/lib/python3.7/site-packages/airflow/example_dags/tutorial_dag.py for tasks to queue
[2026-02-13T22:31:41.851+0000] {logging_mixin.py:137} INFO - [2026-02-13T22:31:41.850+0000] {dagbag.py:538} INFO - Filling up the DagBag from /home/airflow/.local/lib/python3.7/site-packages/airflow/example_dags/tutorial_dag.py
[2026-02-13T22:31:41.857+0000] {processor.py:753} INFO - DAG(s) dict_keys(['tutorial_dag']) retrieved from /home/airflow/.local/lib/python3.7/site-packages/airflow/example_dags/tutorial_dag.py
[2026-02-13T22:31:41.874+0000] {logging_mixin.py:137} INFO - [2026-02-13T22:31:41.874+0000] {dag.py:2690} INFO - Sync 1 DAGs
[2026-02-13T22:31:41.886+0000] {logging_mixin.py:137} INFO - [2026-02-13T22:31:41.886+0000] {dag.py:3441} INFO - Setting next_dagrun for tutorial_dag to None, run_after=None
[2026-02-13T22:31:41.894+0000] {processor.py:175} INFO - Processing /home/airflow/.local/lib/python3.7/site-packages/airflow/example_dags/tutorial_dag.py took 0.047 seconds
[2026-02-13T22:32:12.731+0000] {processor.py:153} INFO - Started process (PID=1968) to work on /home/airflow/.local/lib/python3.7/site-packages/airflow/example_dags/tutorial_dag.py
[2026-02-13T22:32:12.732+0000] {processor.py:743} INFO - Processing file /home/airflow/.local/lib/python3.7/site-packages/airflow/example_dags/tutorial_dag.py for tasks to queue
[2026-02-13T22:32:12.733+0000] {logging_mixin.py:137} INFO - [2026-02-13T22:32:12.733+0000] {dagbag.py:538} INFO - Filling up the DagBag from /home/airflow/.local/lib/python3.7/site-packages/airflow/example_dags/tutorial_dag.py
[2026-02-13T22:32:12.742+0000] {processor.py:753} INFO - DAG(s) dict_keys(['tutorial_dag']) retrieved from /home/airflow/.local/lib/python3.7/site-packages/airflow/example_dags/tutorial_dag.py
[2026-02-13T22:32:12.771+0000] {logging_mixin.py:137} INFO - [2026-02-13T22:32:12.771+0000] {dag.py:2690} INFO - Sync 1 DAGs
[2026-02-13T22:32:12.797+0000] {logging_mixin.py:137} INFO - [2026-02-13T22:32:12.797+0000] {dag.py:3441} INFO - Setting next_dagrun for tutorial_dag to None, run_after=None
[2026-02-13T22:32:12.825+0000] {processor.py:175} INFO - Processing /home/airflow/.local/lib/python3.7/site-packages/airflow/example_dags/tutorial_dag.py took 0.097 seconds
[2026-02-13T22:32:43.059+0000] {processor.py:153} INFO - Started process (PID=2048) to work on /home/airflow/.local/lib/python3.7/site-packages/airflow/example_dags/tutorial_dag.py
[2026-02-13T22:32:43.060+0000] {processor.py:743} INFO - Processing file /home/airflow/.local/lib/python3.7/site-packages/airflow/example_dags/tutorial_dag.py for tasks to queue
[2026-02-13T22:32:43.060+0000] {logging_mixin.py:137} INFO - [2026-02-13T22:32:43.060+0000] {dagbag.py:538} INFO - Filling up the DagBag from /home/airflow/.local/lib/python3.7/site-packages/airflow/example_dags/tutorial_dag.py
[2026-02-13T22:32:43.068+0000] {processor.py:753} INFO - DAG(s) dict_keys(['tutorial_dag']) retrieved from /home/airflow/.local/lib/python3.7/site-packages/airflow/example_dags/tutorial_dag.py
[2026-02-13T22:32:43.081+0000] {logging_mixin.py:137} INFO - [2026-02-13T22:32:43.081+0000] {dag.py:2690} INFO - Sync 1 DAGs
[2026-02-13T22:32:43.091+0000] {logging_mixin.py:137} INFO - [2026-02-13T22:32:43.091+0000] {dag.py:3441} INFO - Setting next_dagrun for tutorial_dag to None, run_after=None
[2026-02-13T22:32:43.098+0000] {processor.py:175} INFO - Processing /home/airflow/.local/lib/python3.7/site-packages/airflow/example_dags/tutorial_dag.py took 0.041 seconds
[2026-02-13T22:34:04.489+0000] {processor.py:153} INFO - Started process (PID=99) to work on /home/airflow/.local/lib/python3.7/site-packages/airflow/example_dags/tutorial_dag.py
[2026-02-13T22:34:04.491+0000] {processor.py:743} INFO - Processing file /home/airflow/.local/lib/python3.7/site-packages/airflow/example_dags/tutorial_dag.py for tasks to queue
[2026-02-13T22:34:04.493+0000] {logging_mixin.py:137} INFO - [2026-02-13T22:34:04.492+0000] {dagbag.py:538} INFO - Filling up the DagBag from /home/airflow/.local/lib/python3.7/site-packages/airflow/example_dags/tutorial_dag.py
[2026-02-13T22:34:04.500+0000] {processor.py:753} INFO - DAG(s) dict_keys(['tutorial_dag']) retrieved from /home/airflow/.local/lib/python3.7/site-packages/airflow/example_dags/tutorial_dag.py
[2026-02-13T22:34:04.526+0000] {logging_mixin.py:137} INFO - [2026-02-13T22:34:04.526+0000] {dag.py:2690} INFO - Sync 1 DAGs
[2026-02-13T22:34:04.547+0000] {logging_mixin.py:137} INFO - [2026-02-13T22:34:04.547+0000] {dag.py:3441} INFO - Setting next_dagrun for tutorial_dag to None, run_after=None
[2026-02-13T22:34:04.560+0000] {processor.py:175} INFO - Processing /home/airflow/.local/lib/python3.7/site-packages/airflow/example_dags/tutorial_dag.py took 0.074 seconds
[2026-02-13T22:34:35.461+0000] {processor.py:153} INFO - Started process (PID=190) to work on /home/airflow/.local/lib/python3.7/site-packages/airflow/example_dags/tutorial_dag.py
[2026-02-13T22:34:35.463+0000] {processor.py:743} INFO - Processing file /home/airflow/.local/lib/python3.7/site-packages/airflow/example_dags/tutorial_dag.py for tasks to queue
[2026-02-13T22:34:35.464+0000] {logging_mixin.py:137} INFO - [2026-02-13T22:34:35.464+0000] {dagbag.py:538} INFO - Filling up the DagBag from /home/airflow/.local/lib/python3.7/site-packages/airflow/example_dags/tutorial_dag.py
[2026-02-13T22:34:35.472+0000] {processor.py:753} INFO - DAG(s) dict_keys(['tutorial_dag']) retrieved from /home/airflow/.local/lib/python3.7/site-packages/airflow/example_dags/tutorial_dag.py
[2026-02-13T22:34:35.490+0000] {logging_mixin.py:137} INFO - [2026-02-13T22:34:35.489+0000] {dag.py:2690} INFO - Sync 1 DAGs
[2026-02-13T22:34:35.503+0000] {logging_mixin.py:137} INFO - [2026-02-13T22:34:35.503+0000] {dag.py:3441} INFO - Setting next_dagrun for tutorial_dag to None, run_after=None
[2026-02-13T22:34:35.517+0000] {processor.py:175} INFO - Processing /home/airflow/.local/lib/python3.7/site-packages/airflow/example_dags/tutorial_dag.py took 0.058 seconds
[2026-02-13T22:35:06.460+0000] {processor.py:153} INFO - Started process (PID=265) to work on /home/airflow/.local/lib/python3.7/site-packages/airflow/example_dags/tutorial_dag.py
[2026-02-13T22:35:06.461+0000] {processor.py:743} INFO - Processing file /home/airflow/.local/lib/python3.7/site-packages/airflow/example_dags/tutorial_dag.py for tasks to queue
[2026-02-13T22:35:06.461+0000] {logging_mixin.py:137} INFO - [2026-02-13T22:35:06.461+0000] {dagbag.py:538} INFO - Filling up the DagBag from /home/airflow/.local/lib/python3.7/site-packages/airflow/example_dags/tutorial_dag.py
[2026-02-13T22:35:06.467+0000] {processor.py:753} INFO - DAG(s) dict_keys(['tutorial_dag']) retrieved from /home/airflow/.local/lib/python3.7/site-packages/airflow/example_dags/tutorial_dag.py
[2026-02-13T22:35:06.483+0000] {logging_mixin.py:137} INFO - [2026-02-13T22:35:06.483+0000] {dag.py:2690} INFO - Sync 1 DAGs
[2026-02-13T22:35:06.497+0000] {logging_mixin.py:137} INFO - [2026-02-13T22:35:06.497+0000] {dag.py:3441} INFO - Setting next_dagrun for tutorial_dag to None, run_after=None
[2026-02-13T22:35:06.508+0000] {processor.py:175} INFO - Processing /home/airflow/.local/lib/python3.7/site-packages/airflow/example_dags/tutorial_dag.py took 0.050 seconds
[2026-02-13T22:35:37.273+0000] {processor.py:153} INFO - Started process (PID=357) to work on /home/airflow/.local/lib/python3.7/site-packages/airflow/example_dags/tutorial_dag.py
[2026-02-13T22:35:37.274+0000] {processor.py:743} INFO - Processing file /home/airflow/.local/lib/python3.7/site-packages/airflow/example_dags/tutorial_dag.py for tasks to queue
[2026-02-13T22:35:37.274+0000] {logging_mixin.py:137} INFO - [2026-02-13T22:35:37.274+0000] {dagbag.py:538} INFO - Filling up the DagBag from /home/airflow/.local/lib/python3.7/site-packages/airflow/example_dags/tutorial_dag.py
[2026-02-13T22:35:37.279+0000] {processor.py:753} INFO - DAG(s) dict_keys(['tutorial_dag']) retrieved from /home/airflow/.local/lib/python3.7/site-packages/airflow/example_dags/tutorial_dag.py
[2026-02-13T22:35:37.289+0000] {logging_mixin.py:137} INFO - [2026-02-13T22:35:37.289+0000] {dag.py:2690} INFO - Sync 1 DAGs
[2026-02-13T22:35:37.298+0000] {logging_mixin.py:137} INFO - [2026-02-13T22:35:37.298+0000] {dag.py:3441} INFO - Setting next_dagrun for tutorial_dag to None, run_after=None
[2026-02-13T22:35:37.304+0000] {processor.py:175} INFO - Processing /home/airflow/.local/lib/python3.7/site-packages/airflow/example_dags/tutorial_dag.py took 0.033 seconds
[2026-02-13T22:36:08.216+0000] {processor.py:153} INFO - Started process (PID=448) to work on /home/airflow/.local/lib/python3.7/site-packages/airflow/example_dags/tutorial_dag.py
[2026-02-13T22:36:08.216+0000] {processor.py:743} INFO - Processing file /home/airflow/.local/lib/python3.7/site-packages/airflow/example_dags/tutorial_dag.py for tasks to queue
[2026-02-13T22:36:08.217+0000] {logging_mixin.py:137} INFO - [2026-02-13T22:36:08.217+0000] {dagbag.py:538} INFO - Filling up the DagBag from /home/airflow/.local/lib/python3.7/site-packages/airflow/example_dags/tutorial_dag.py
[2026-02-13T22:36:08.223+0000] {processor.py:753} INFO - DAG(s) dict_keys(['tutorial_dag']) retrieved from /home/airflow/.local/lib/python3.7/site-packages/airflow/example_dags/tutorial_dag.py
[2026-02-13T22:36:08.240+0000] {logging_mixin.py:137} INFO - [2026-02-13T22:36:08.239+0000] {dag.py:2690} INFO - Sync 1 DAGs
[2026-02-13T22:36:08.253+0000] {logging_mixin.py:137} INFO - [2026-02-13T22:36:08.253+0000] {dag.py:3441} INFO - Setting next_dagrun for tutorial_dag to None, run_after=None
[2026-02-13T22:36:08.267+0000] {processor.py:175} INFO - Processing /home/airflow/.local/lib/python3.7/site-packages/airflow/example_dags/tutorial_dag.py took 0.054 seconds
[2026-02-13T22:36:38.997+0000] {processor.py:153} INFO - Started process (PID=540) to work on /home/airflow/.local/lib/python3.7/site-packages/airflow/example_dags/tutorial_dag.py
[2026-02-13T22:36:38.998+0000] {processor.py:743} INFO - Processing file /home/airflow/.local/lib/python3.7/site-packages/airflow/example_dags/tutorial_dag.py for tasks to queue
[2026-02-13T22:36:38.998+0000] {logging_mixin.py:137} INFO - [2026-02-13T22:36:38.998+0000] {dagbag.py:538} INFO - Filling up the DagBag from /home/airflow/.local/lib/python3.7/site-packages/airflow/example_dags/tutorial_dag.py
[2026-02-13T22:36:39.003+0000] {processor.py:753} INFO - DAG(s) dict_keys(['tutorial_dag']) retrieved from /home/airflow/.local/lib/python3.7/site-packages/airflow/example_dags/tutorial_dag.py
[2026-02-13T22:36:39.017+0000] {logging_mixin.py:137} INFO - [2026-02-13T22:36:39.017+0000] {dag.py:2690} INFO - Sync 1 DAGs
[2026-02-13T22:36:39.032+0000] {logging_mixin.py:137} INFO - [2026-02-13T22:36:39.032+0000] {dag.py:3441} INFO - Setting next_dagrun for tutorial_dag to None, run_after=None
[2026-02-13T22:36:39.045+0000] {processor.py:175} INFO - Processing /home/airflow/.local/lib/python3.7/site-packages/airflow/example_dags/tutorial_dag.py took 0.050 seconds
