[2026-02-13T21:49:31.482+0000] {processor.py:153} INFO - Started process (PID=49) to work on /home/airflow/.local/lib/python3.7/site-packages/airflow/example_dags/tutorial_taskflow_api_virtualenv.py
[2026-02-13T21:49:31.483+0000] {processor.py:743} INFO - Processing file /home/airflow/.local/lib/python3.7/site-packages/airflow/example_dags/tutorial_taskflow_api_virtualenv.py for tasks to queue
[2026-02-13T21:49:31.485+0000] {logging_mixin.py:137} INFO - [2026-02-13T21:49:31.485+0000] {dagbag.py:538} INFO - Filling up the DagBag from /home/airflow/.local/lib/python3.7/site-packages/airflow/example_dags/tutorial_taskflow_api_virtualenv.py
[2026-02-13T21:49:31.501+0000] {processor.py:753} INFO - DAG(s) dict_keys(['tutorial_taskflow_api_virtualenv']) retrieved from /home/airflow/.local/lib/python3.7/site-packages/airflow/example_dags/tutorial_taskflow_api_virtualenv.py
[2026-02-13T21:49:31.507+0000] {logging_mixin.py:137} INFO - [2026-02-13T21:49:31.507+0000] {dag.py:2690} INFO - Sync 1 DAGs
[2026-02-13T21:49:31.521+0000] {logging_mixin.py:137} INFO - [2026-02-13T21:49:31.521+0000] {dag.py:3441} INFO - Setting next_dagrun for tutorial_taskflow_api_virtualenv to None, run_after=None
[2026-02-13T21:49:31.530+0000] {processor.py:175} INFO - Processing /home/airflow/.local/lib/python3.7/site-packages/airflow/example_dags/tutorial_taskflow_api_virtualenv.py took 0.049 seconds
[2026-02-13T21:50:02.243+0000] {processor.py:153} INFO - Started process (PID=137) to work on /home/airflow/.local/lib/python3.7/site-packages/airflow/example_dags/tutorial_taskflow_api_virtualenv.py
[2026-02-13T21:50:02.244+0000] {processor.py:743} INFO - Processing file /home/airflow/.local/lib/python3.7/site-packages/airflow/example_dags/tutorial_taskflow_api_virtualenv.py for tasks to queue
[2026-02-13T21:50:02.244+0000] {logging_mixin.py:137} INFO - [2026-02-13T21:50:02.244+0000] {dagbag.py:538} INFO - Filling up the DagBag from /home/airflow/.local/lib/python3.7/site-packages/airflow/example_dags/tutorial_taskflow_api_virtualenv.py
[2026-02-13T21:50:02.254+0000] {processor.py:753} INFO - DAG(s) dict_keys(['tutorial_taskflow_api_virtualenv']) retrieved from /home/airflow/.local/lib/python3.7/site-packages/airflow/example_dags/tutorial_taskflow_api_virtualenv.py
[2026-02-13T21:50:02.268+0000] {logging_mixin.py:137} INFO - [2026-02-13T21:50:02.268+0000] {dag.py:2690} INFO - Sync 1 DAGs
[2026-02-13T21:50:02.279+0000] {logging_mixin.py:137} INFO - [2026-02-13T21:50:02.278+0000] {dag.py:3441} INFO - Setting next_dagrun for tutorial_taskflow_api_virtualenv to None, run_after=None
[2026-02-13T21:50:02.288+0000] {processor.py:175} INFO - Processing /home/airflow/.local/lib/python3.7/site-packages/airflow/example_dags/tutorial_taskflow_api_virtualenv.py took 0.047 seconds
[2026-02-13T21:50:32.746+0000] {processor.py:153} INFO - Started process (PID=219) to work on /home/airflow/.local/lib/python3.7/site-packages/airflow/example_dags/tutorial_taskflow_api_virtualenv.py
[2026-02-13T21:50:32.747+0000] {processor.py:743} INFO - Processing file /home/airflow/.local/lib/python3.7/site-packages/airflow/example_dags/tutorial_taskflow_api_virtualenv.py for tasks to queue
[2026-02-13T21:50:32.747+0000] {logging_mixin.py:137} INFO - [2026-02-13T21:50:32.747+0000] {dagbag.py:538} INFO - Filling up the DagBag from /home/airflow/.local/lib/python3.7/site-packages/airflow/example_dags/tutorial_taskflow_api_virtualenv.py
[2026-02-13T21:50:32.756+0000] {processor.py:753} INFO - DAG(s) dict_keys(['tutorial_taskflow_api_virtualenv']) retrieved from /home/airflow/.local/lib/python3.7/site-packages/airflow/example_dags/tutorial_taskflow_api_virtualenv.py
[2026-02-13T21:50:32.777+0000] {logging_mixin.py:137} INFO - [2026-02-13T21:50:32.777+0000] {dag.py:2690} INFO - Sync 1 DAGs
[2026-02-13T21:50:32.790+0000] {logging_mixin.py:137} INFO - [2026-02-13T21:50:32.790+0000] {dag.py:3441} INFO - Setting next_dagrun for tutorial_taskflow_api_virtualenv to None, run_after=None
[2026-02-13T21:50:32.799+0000] {processor.py:175} INFO - Processing /home/airflow/.local/lib/python3.7/site-packages/airflow/example_dags/tutorial_taskflow_api_virtualenv.py took 0.055 seconds
[2026-02-13T21:51:03.411+0000] {processor.py:153} INFO - Started process (PID=298) to work on /home/airflow/.local/lib/python3.7/site-packages/airflow/example_dags/tutorial_taskflow_api_virtualenv.py
[2026-02-13T21:51:03.412+0000] {processor.py:743} INFO - Processing file /home/airflow/.local/lib/python3.7/site-packages/airflow/example_dags/tutorial_taskflow_api_virtualenv.py for tasks to queue
[2026-02-13T21:51:03.412+0000] {logging_mixin.py:137} INFO - [2026-02-13T21:51:03.412+0000] {dagbag.py:538} INFO - Filling up the DagBag from /home/airflow/.local/lib/python3.7/site-packages/airflow/example_dags/tutorial_taskflow_api_virtualenv.py
[2026-02-13T21:51:03.420+0000] {processor.py:753} INFO - DAG(s) dict_keys(['tutorial_taskflow_api_virtualenv']) retrieved from /home/airflow/.local/lib/python3.7/site-packages/airflow/example_dags/tutorial_taskflow_api_virtualenv.py
[2026-02-13T21:51:03.429+0000] {logging_mixin.py:137} INFO - [2026-02-13T21:51:03.429+0000] {dag.py:2690} INFO - Sync 1 DAGs
[2026-02-13T21:51:03.437+0000] {logging_mixin.py:137} INFO - [2026-02-13T21:51:03.437+0000] {dag.py:3441} INFO - Setting next_dagrun for tutorial_taskflow_api_virtualenv to None, run_after=None
[2026-02-13T21:51:03.443+0000] {processor.py:175} INFO - Processing /home/airflow/.local/lib/python3.7/site-packages/airflow/example_dags/tutorial_taskflow_api_virtualenv.py took 0.033 seconds
[2026-02-13T21:51:33.822+0000] {processor.py:153} INFO - Started process (PID=386) to work on /home/airflow/.local/lib/python3.7/site-packages/airflow/example_dags/tutorial_taskflow_api_virtualenv.py
[2026-02-13T21:51:33.823+0000] {processor.py:743} INFO - Processing file /home/airflow/.local/lib/python3.7/site-packages/airflow/example_dags/tutorial_taskflow_api_virtualenv.py for tasks to queue
[2026-02-13T21:51:33.824+0000] {logging_mixin.py:137} INFO - [2026-02-13T21:51:33.824+0000] {dagbag.py:538} INFO - Filling up the DagBag from /home/airflow/.local/lib/python3.7/site-packages/airflow/example_dags/tutorial_taskflow_api_virtualenv.py
[2026-02-13T21:51:33.833+0000] {processor.py:753} INFO - DAG(s) dict_keys(['tutorial_taskflow_api_virtualenv']) retrieved from /home/airflow/.local/lib/python3.7/site-packages/airflow/example_dags/tutorial_taskflow_api_virtualenv.py
[2026-02-13T21:51:33.847+0000] {logging_mixin.py:137} INFO - [2026-02-13T21:51:33.847+0000] {dag.py:2690} INFO - Sync 1 DAGs
[2026-02-13T21:51:33.857+0000] {logging_mixin.py:137} INFO - [2026-02-13T21:51:33.857+0000] {dag.py:3441} INFO - Setting next_dagrun for tutorial_taskflow_api_virtualenv to None, run_after=None
[2026-02-13T21:51:33.866+0000] {processor.py:175} INFO - Processing /home/airflow/.local/lib/python3.7/site-packages/airflow/example_dags/tutorial_taskflow_api_virtualenv.py took 0.046 seconds
[2026-02-13T21:52:04.261+0000] {processor.py:153} INFO - Started process (PID=474) to work on /home/airflow/.local/lib/python3.7/site-packages/airflow/example_dags/tutorial_taskflow_api_virtualenv.py
[2026-02-13T21:52:04.262+0000] {processor.py:743} INFO - Processing file /home/airflow/.local/lib/python3.7/site-packages/airflow/example_dags/tutorial_taskflow_api_virtualenv.py for tasks to queue
[2026-02-13T21:52:04.262+0000] {logging_mixin.py:137} INFO - [2026-02-13T21:52:04.262+0000] {dagbag.py:538} INFO - Filling up the DagBag from /home/airflow/.local/lib/python3.7/site-packages/airflow/example_dags/tutorial_taskflow_api_virtualenv.py
[2026-02-13T21:52:04.271+0000] {processor.py:753} INFO - DAG(s) dict_keys(['tutorial_taskflow_api_virtualenv']) retrieved from /home/airflow/.local/lib/python3.7/site-packages/airflow/example_dags/tutorial_taskflow_api_virtualenv.py
[2026-02-13T21:52:04.280+0000] {logging_mixin.py:137} INFO - [2026-02-13T21:52:04.280+0000] {dag.py:2690} INFO - Sync 1 DAGs
[2026-02-13T21:52:04.294+0000] {logging_mixin.py:137} INFO - [2026-02-13T21:52:04.294+0000] {dag.py:3441} INFO - Setting next_dagrun for tutorial_taskflow_api_virtualenv to None, run_after=None
[2026-02-13T21:52:04.303+0000] {processor.py:175} INFO - Processing /home/airflow/.local/lib/python3.7/site-packages/airflow/example_dags/tutorial_taskflow_api_virtualenv.py took 0.043 seconds
[2026-02-13T21:52:34.733+0000] {processor.py:153} INFO - Started process (PID=562) to work on /home/airflow/.local/lib/python3.7/site-packages/airflow/example_dags/tutorial_taskflow_api_virtualenv.py
[2026-02-13T21:52:34.733+0000] {processor.py:743} INFO - Processing file /home/airflow/.local/lib/python3.7/site-packages/airflow/example_dags/tutorial_taskflow_api_virtualenv.py for tasks to queue
[2026-02-13T21:52:34.734+0000] {logging_mixin.py:137} INFO - [2026-02-13T21:52:34.734+0000] {dagbag.py:538} INFO - Filling up the DagBag from /home/airflow/.local/lib/python3.7/site-packages/airflow/example_dags/tutorial_taskflow_api_virtualenv.py
[2026-02-13T21:52:34.751+0000] {processor.py:753} INFO - DAG(s) dict_keys(['tutorial_taskflow_api_virtualenv']) retrieved from /home/airflow/.local/lib/python3.7/site-packages/airflow/example_dags/tutorial_taskflow_api_virtualenv.py
[2026-02-13T21:52:34.767+0000] {logging_mixin.py:137} INFO - [2026-02-13T21:52:34.767+0000] {dag.py:2690} INFO - Sync 1 DAGs
[2026-02-13T21:52:34.783+0000] {logging_mixin.py:137} INFO - [2026-02-13T21:52:34.783+0000] {dag.py:3441} INFO - Setting next_dagrun for tutorial_taskflow_api_virtualenv to None, run_after=None
[2026-02-13T21:52:34.793+0000] {processor.py:175} INFO - Processing /home/airflow/.local/lib/python3.7/site-packages/airflow/example_dags/tutorial_taskflow_api_virtualenv.py took 0.062 seconds
[2026-02-13T21:53:05.288+0000] {processor.py:153} INFO - Started process (PID=633) to work on /home/airflow/.local/lib/python3.7/site-packages/airflow/example_dags/tutorial_taskflow_api_virtualenv.py
[2026-02-13T21:53:05.290+0000] {processor.py:743} INFO - Processing file /home/airflow/.local/lib/python3.7/site-packages/airflow/example_dags/tutorial_taskflow_api_virtualenv.py for tasks to queue
[2026-02-13T21:53:05.290+0000] {logging_mixin.py:137} INFO - [2026-02-13T21:53:05.290+0000] {dagbag.py:538} INFO - Filling up the DagBag from /home/airflow/.local/lib/python3.7/site-packages/airflow/example_dags/tutorial_taskflow_api_virtualenv.py
[2026-02-13T21:53:05.300+0000] {processor.py:753} INFO - DAG(s) dict_keys(['tutorial_taskflow_api_virtualenv']) retrieved from /home/airflow/.local/lib/python3.7/site-packages/airflow/example_dags/tutorial_taskflow_api_virtualenv.py
[2026-02-13T21:53:05.312+0000] {logging_mixin.py:137} INFO - [2026-02-13T21:53:05.312+0000] {dag.py:2690} INFO - Sync 1 DAGs
[2026-02-13T21:53:05.322+0000] {logging_mixin.py:137} INFO - [2026-02-13T21:53:05.322+0000] {dag.py:3441} INFO - Setting next_dagrun for tutorial_taskflow_api_virtualenv to None, run_after=None
[2026-02-13T21:53:05.334+0000] {processor.py:175} INFO - Processing /home/airflow/.local/lib/python3.7/site-packages/airflow/example_dags/tutorial_taskflow_api_virtualenv.py took 0.047 seconds
[2026-02-13T21:53:35.818+0000] {processor.py:153} INFO - Started process (PID=721) to work on /home/airflow/.local/lib/python3.7/site-packages/airflow/example_dags/tutorial_taskflow_api_virtualenv.py
[2026-02-13T21:53:35.818+0000] {processor.py:743} INFO - Processing file /home/airflow/.local/lib/python3.7/site-packages/airflow/example_dags/tutorial_taskflow_api_virtualenv.py for tasks to queue
[2026-02-13T21:53:35.818+0000] {logging_mixin.py:137} INFO - [2026-02-13T21:53:35.818+0000] {dagbag.py:538} INFO - Filling up the DagBag from /home/airflow/.local/lib/python3.7/site-packages/airflow/example_dags/tutorial_taskflow_api_virtualenv.py
[2026-02-13T21:53:35.827+0000] {processor.py:753} INFO - DAG(s) dict_keys(['tutorial_taskflow_api_virtualenv']) retrieved from /home/airflow/.local/lib/python3.7/site-packages/airflow/example_dags/tutorial_taskflow_api_virtualenv.py
[2026-02-13T21:53:35.837+0000] {logging_mixin.py:137} INFO - [2026-02-13T21:53:35.837+0000] {dag.py:2690} INFO - Sync 1 DAGs
[2026-02-13T21:53:35.848+0000] {logging_mixin.py:137} INFO - [2026-02-13T21:53:35.848+0000] {dag.py:3441} INFO - Setting next_dagrun for tutorial_taskflow_api_virtualenv to None, run_after=None
[2026-02-13T21:53:35.854+0000] {processor.py:175} INFO - Processing /home/airflow/.local/lib/python3.7/site-packages/airflow/example_dags/tutorial_taskflow_api_virtualenv.py took 0.038 seconds
[2026-02-13T21:54:06.209+0000] {processor.py:153} INFO - Started process (PID=809) to work on /home/airflow/.local/lib/python3.7/site-packages/airflow/example_dags/tutorial_taskflow_api_virtualenv.py
[2026-02-13T21:54:06.210+0000] {processor.py:743} INFO - Processing file /home/airflow/.local/lib/python3.7/site-packages/airflow/example_dags/tutorial_taskflow_api_virtualenv.py for tasks to queue
[2026-02-13T21:54:06.211+0000] {logging_mixin.py:137} INFO - [2026-02-13T21:54:06.211+0000] {dagbag.py:538} INFO - Filling up the DagBag from /home/airflow/.local/lib/python3.7/site-packages/airflow/example_dags/tutorial_taskflow_api_virtualenv.py
[2026-02-13T21:54:06.222+0000] {processor.py:753} INFO - DAG(s) dict_keys(['tutorial_taskflow_api_virtualenv']) retrieved from /home/airflow/.local/lib/python3.7/site-packages/airflow/example_dags/tutorial_taskflow_api_virtualenv.py
[2026-02-13T21:54:06.240+0000] {logging_mixin.py:137} INFO - [2026-02-13T21:54:06.240+0000] {dag.py:2690} INFO - Sync 1 DAGs
[2026-02-13T21:54:06.253+0000] {logging_mixin.py:137} INFO - [2026-02-13T21:54:06.252+0000] {dag.py:3441} INFO - Setting next_dagrun for tutorial_taskflow_api_virtualenv to None, run_after=None
[2026-02-13T21:54:06.261+0000] {processor.py:175} INFO - Processing /home/airflow/.local/lib/python3.7/site-packages/airflow/example_dags/tutorial_taskflow_api_virtualenv.py took 0.053 seconds
[2026-02-13T21:54:36.731+0000] {processor.py:153} INFO - Started process (PID=897) to work on /home/airflow/.local/lib/python3.7/site-packages/airflow/example_dags/tutorial_taskflow_api_virtualenv.py
[2026-02-13T21:54:36.732+0000] {processor.py:743} INFO - Processing file /home/airflow/.local/lib/python3.7/site-packages/airflow/example_dags/tutorial_taskflow_api_virtualenv.py for tasks to queue
[2026-02-13T21:54:36.733+0000] {logging_mixin.py:137} INFO - [2026-02-13T21:54:36.733+0000] {dagbag.py:538} INFO - Filling up the DagBag from /home/airflow/.local/lib/python3.7/site-packages/airflow/example_dags/tutorial_taskflow_api_virtualenv.py
[2026-02-13T21:54:36.745+0000] {processor.py:753} INFO - DAG(s) dict_keys(['tutorial_taskflow_api_virtualenv']) retrieved from /home/airflow/.local/lib/python3.7/site-packages/airflow/example_dags/tutorial_taskflow_api_virtualenv.py
[2026-02-13T21:54:36.762+0000] {logging_mixin.py:137} INFO - [2026-02-13T21:54:36.762+0000] {dag.py:2690} INFO - Sync 1 DAGs
[2026-02-13T21:54:36.774+0000] {logging_mixin.py:137} INFO - [2026-02-13T21:54:36.774+0000] {dag.py:3441} INFO - Setting next_dagrun for tutorial_taskflow_api_virtualenv to None, run_after=None
[2026-02-13T21:54:36.785+0000] {processor.py:175} INFO - Processing /home/airflow/.local/lib/python3.7/site-packages/airflow/example_dags/tutorial_taskflow_api_virtualenv.py took 0.055 seconds
[2026-02-13T21:55:07.383+0000] {processor.py:153} INFO - Started process (PID=969) to work on /home/airflow/.local/lib/python3.7/site-packages/airflow/example_dags/tutorial_taskflow_api_virtualenv.py
[2026-02-13T21:55:07.384+0000] {processor.py:743} INFO - Processing file /home/airflow/.local/lib/python3.7/site-packages/airflow/example_dags/tutorial_taskflow_api_virtualenv.py for tasks to queue
[2026-02-13T21:55:07.384+0000] {logging_mixin.py:137} INFO - [2026-02-13T21:55:07.384+0000] {dagbag.py:538} INFO - Filling up the DagBag from /home/airflow/.local/lib/python3.7/site-packages/airflow/example_dags/tutorial_taskflow_api_virtualenv.py
[2026-02-13T21:55:07.392+0000] {processor.py:753} INFO - DAG(s) dict_keys(['tutorial_taskflow_api_virtualenv']) retrieved from /home/airflow/.local/lib/python3.7/site-packages/airflow/example_dags/tutorial_taskflow_api_virtualenv.py
[2026-02-13T21:55:07.402+0000] {logging_mixin.py:137} INFO - [2026-02-13T21:55:07.402+0000] {dag.py:2690} INFO - Sync 1 DAGs
[2026-02-13T21:55:07.413+0000] {logging_mixin.py:137} INFO - [2026-02-13T21:55:07.413+0000] {dag.py:3441} INFO - Setting next_dagrun for tutorial_taskflow_api_virtualenv to None, run_after=None
[2026-02-13T21:55:07.436+0000] {processor.py:175} INFO - Processing /home/airflow/.local/lib/python3.7/site-packages/airflow/example_dags/tutorial_taskflow_api_virtualenv.py took 0.054 seconds
[2026-02-13T21:55:37.903+0000] {processor.py:153} INFO - Started process (PID=1057) to work on /home/airflow/.local/lib/python3.7/site-packages/airflow/example_dags/tutorial_taskflow_api_virtualenv.py
[2026-02-13T21:55:37.904+0000] {processor.py:743} INFO - Processing file /home/airflow/.local/lib/python3.7/site-packages/airflow/example_dags/tutorial_taskflow_api_virtualenv.py for tasks to queue
[2026-02-13T21:55:37.904+0000] {logging_mixin.py:137} INFO - [2026-02-13T21:55:37.904+0000] {dagbag.py:538} INFO - Filling up the DagBag from /home/airflow/.local/lib/python3.7/site-packages/airflow/example_dags/tutorial_taskflow_api_virtualenv.py
[2026-02-13T21:55:37.912+0000] {processor.py:753} INFO - DAG(s) dict_keys(['tutorial_taskflow_api_virtualenv']) retrieved from /home/airflow/.local/lib/python3.7/site-packages/airflow/example_dags/tutorial_taskflow_api_virtualenv.py
[2026-02-13T21:55:37.922+0000] {logging_mixin.py:137} INFO - [2026-02-13T21:55:37.922+0000] {dag.py:2690} INFO - Sync 1 DAGs
[2026-02-13T21:55:37.931+0000] {logging_mixin.py:137} INFO - [2026-02-13T21:55:37.931+0000] {dag.py:3441} INFO - Setting next_dagrun for tutorial_taskflow_api_virtualenv to None, run_after=None
[2026-02-13T21:55:37.938+0000] {processor.py:175} INFO - Processing /home/airflow/.local/lib/python3.7/site-packages/airflow/example_dags/tutorial_taskflow_api_virtualenv.py took 0.036 seconds
[2026-02-13T21:56:08.388+0000] {processor.py:153} INFO - Started process (PID=1145) to work on /home/airflow/.local/lib/python3.7/site-packages/airflow/example_dags/tutorial_taskflow_api_virtualenv.py
[2026-02-13T21:56:08.389+0000] {processor.py:743} INFO - Processing file /home/airflow/.local/lib/python3.7/site-packages/airflow/example_dags/tutorial_taskflow_api_virtualenv.py for tasks to queue
[2026-02-13T21:56:08.389+0000] {logging_mixin.py:137} INFO - [2026-02-13T21:56:08.389+0000] {dagbag.py:538} INFO - Filling up the DagBag from /home/airflow/.local/lib/python3.7/site-packages/airflow/example_dags/tutorial_taskflow_api_virtualenv.py
[2026-02-13T21:56:08.401+0000] {processor.py:753} INFO - DAG(s) dict_keys(['tutorial_taskflow_api_virtualenv']) retrieved from /home/airflow/.local/lib/python3.7/site-packages/airflow/example_dags/tutorial_taskflow_api_virtualenv.py
[2026-02-13T21:56:08.417+0000] {logging_mixin.py:137} INFO - [2026-02-13T21:56:08.417+0000] {dag.py:2690} INFO - Sync 1 DAGs
[2026-02-13T21:56:08.433+0000] {logging_mixin.py:137} INFO - [2026-02-13T21:56:08.433+0000] {dag.py:3441} INFO - Setting next_dagrun for tutorial_taskflow_api_virtualenv to None, run_after=None
[2026-02-13T21:56:08.440+0000] {processor.py:175} INFO - Processing /home/airflow/.local/lib/python3.7/site-packages/airflow/example_dags/tutorial_taskflow_api_virtualenv.py took 0.053 seconds
[2026-02-13T21:56:39.212+0000] {processor.py:153} INFO - Started process (PID=1233) to work on /home/airflow/.local/lib/python3.7/site-packages/airflow/example_dags/tutorial_taskflow_api_virtualenv.py
[2026-02-13T21:56:39.214+0000] {processor.py:743} INFO - Processing file /home/airflow/.local/lib/python3.7/site-packages/airflow/example_dags/tutorial_taskflow_api_virtualenv.py for tasks to queue
[2026-02-13T21:56:39.214+0000] {logging_mixin.py:137} INFO - [2026-02-13T21:56:39.214+0000] {dagbag.py:538} INFO - Filling up the DagBag from /home/airflow/.local/lib/python3.7/site-packages/airflow/example_dags/tutorial_taskflow_api_virtualenv.py
[2026-02-13T21:56:39.238+0000] {processor.py:753} INFO - DAG(s) dict_keys(['tutorial_taskflow_api_virtualenv']) retrieved from /home/airflow/.local/lib/python3.7/site-packages/airflow/example_dags/tutorial_taskflow_api_virtualenv.py
[2026-02-13T21:56:39.272+0000] {logging_mixin.py:137} INFO - [2026-02-13T21:56:39.272+0000] {dag.py:2690} INFO - Sync 1 DAGs
[2026-02-13T21:56:39.290+0000] {logging_mixin.py:137} INFO - [2026-02-13T21:56:39.290+0000] {dag.py:3441} INFO - Setting next_dagrun for tutorial_taskflow_api_virtualenv to None, run_after=None
[2026-02-13T21:56:39.305+0000] {processor.py:175} INFO - Processing /home/airflow/.local/lib/python3.7/site-packages/airflow/example_dags/tutorial_taskflow_api_virtualenv.py took 0.096 seconds
[2026-02-13T22:01:03.552+0000] {processor.py:153} INFO - Started process (PID=47) to work on /home/airflow/.local/lib/python3.7/site-packages/airflow/example_dags/tutorial_taskflow_api_virtualenv.py
[2026-02-13T22:01:03.553+0000] {processor.py:743} INFO - Processing file /home/airflow/.local/lib/python3.7/site-packages/airflow/example_dags/tutorial_taskflow_api_virtualenv.py for tasks to queue
[2026-02-13T22:01:03.553+0000] {logging_mixin.py:137} INFO - [2026-02-13T22:01:03.553+0000] {dagbag.py:538} INFO - Filling up the DagBag from /home/airflow/.local/lib/python3.7/site-packages/airflow/example_dags/tutorial_taskflow_api_virtualenv.py
[2026-02-13T22:01:03.569+0000] {processor.py:753} INFO - DAG(s) dict_keys(['tutorial_taskflow_api_virtualenv']) retrieved from /home/airflow/.local/lib/python3.7/site-packages/airflow/example_dags/tutorial_taskflow_api_virtualenv.py
[2026-02-13T22:01:03.603+0000] {logging_mixin.py:137} INFO - [2026-02-13T22:01:03.603+0000] {dag.py:2690} INFO - Sync 1 DAGs
[2026-02-13T22:01:03.622+0000] {logging_mixin.py:137} INFO - [2026-02-13T22:01:03.622+0000] {dag.py:3441} INFO - Setting next_dagrun for tutorial_taskflow_api_virtualenv to None, run_after=None
[2026-02-13T22:01:03.639+0000] {processor.py:175} INFO - Processing /home/airflow/.local/lib/python3.7/site-packages/airflow/example_dags/tutorial_taskflow_api_virtualenv.py took 0.088 seconds
[2026-02-13T22:01:34.400+0000] {processor.py:153} INFO - Started process (PID=134) to work on /home/airflow/.local/lib/python3.7/site-packages/airflow/example_dags/tutorial_taskflow_api_virtualenv.py
[2026-02-13T22:01:34.401+0000] {processor.py:743} INFO - Processing file /home/airflow/.local/lib/python3.7/site-packages/airflow/example_dags/tutorial_taskflow_api_virtualenv.py for tasks to queue
[2026-02-13T22:01:34.401+0000] {logging_mixin.py:137} INFO - [2026-02-13T22:01:34.401+0000] {dagbag.py:538} INFO - Filling up the DagBag from /home/airflow/.local/lib/python3.7/site-packages/airflow/example_dags/tutorial_taskflow_api_virtualenv.py
[2026-02-13T22:01:34.413+0000] {processor.py:753} INFO - DAG(s) dict_keys(['tutorial_taskflow_api_virtualenv']) retrieved from /home/airflow/.local/lib/python3.7/site-packages/airflow/example_dags/tutorial_taskflow_api_virtualenv.py
[2026-02-13T22:01:34.432+0000] {logging_mixin.py:137} INFO - [2026-02-13T22:01:34.432+0000] {dag.py:2690} INFO - Sync 1 DAGs
[2026-02-13T22:01:34.446+0000] {logging_mixin.py:137} INFO - [2026-02-13T22:01:34.446+0000] {dag.py:3441} INFO - Setting next_dagrun for tutorial_taskflow_api_virtualenv to None, run_after=None
[2026-02-13T22:01:34.457+0000] {processor.py:175} INFO - Processing /home/airflow/.local/lib/python3.7/site-packages/airflow/example_dags/tutorial_taskflow_api_virtualenv.py took 0.059 seconds
[2026-02-13T22:02:04.970+0000] {processor.py:153} INFO - Started process (PID=224) to work on /home/airflow/.local/lib/python3.7/site-packages/airflow/example_dags/tutorial_taskflow_api_virtualenv.py
[2026-02-13T22:02:04.971+0000] {processor.py:743} INFO - Processing file /home/airflow/.local/lib/python3.7/site-packages/airflow/example_dags/tutorial_taskflow_api_virtualenv.py for tasks to queue
[2026-02-13T22:02:04.971+0000] {logging_mixin.py:137} INFO - [2026-02-13T22:02:04.971+0000] {dagbag.py:538} INFO - Filling up the DagBag from /home/airflow/.local/lib/python3.7/site-packages/airflow/example_dags/tutorial_taskflow_api_virtualenv.py
[2026-02-13T22:02:04.979+0000] {processor.py:753} INFO - DAG(s) dict_keys(['tutorial_taskflow_api_virtualenv']) retrieved from /home/airflow/.local/lib/python3.7/site-packages/airflow/example_dags/tutorial_taskflow_api_virtualenv.py
[2026-02-13T22:02:04.989+0000] {logging_mixin.py:137} INFO - [2026-02-13T22:02:04.989+0000] {dag.py:2690} INFO - Sync 1 DAGs
[2026-02-13T22:02:04.999+0000] {logging_mixin.py:137} INFO - [2026-02-13T22:02:04.999+0000] {dag.py:3441} INFO - Setting next_dagrun for tutorial_taskflow_api_virtualenv to None, run_after=None
[2026-02-13T22:02:05.005+0000] {processor.py:175} INFO - Processing /home/airflow/.local/lib/python3.7/site-packages/airflow/example_dags/tutorial_taskflow_api_virtualenv.py took 0.036 seconds
[2026-02-13T22:02:35.520+0000] {processor.py:153} INFO - Started process (PID=296) to work on /home/airflow/.local/lib/python3.7/site-packages/airflow/example_dags/tutorial_taskflow_api_virtualenv.py
[2026-02-13T22:02:35.521+0000] {processor.py:743} INFO - Processing file /home/airflow/.local/lib/python3.7/site-packages/airflow/example_dags/tutorial_taskflow_api_virtualenv.py for tasks to queue
[2026-02-13T22:02:35.522+0000] {logging_mixin.py:137} INFO - [2026-02-13T22:02:35.522+0000] {dagbag.py:538} INFO - Filling up the DagBag from /home/airflow/.local/lib/python3.7/site-packages/airflow/example_dags/tutorial_taskflow_api_virtualenv.py
[2026-02-13T22:02:35.534+0000] {processor.py:753} INFO - DAG(s) dict_keys(['tutorial_taskflow_api_virtualenv']) retrieved from /home/airflow/.local/lib/python3.7/site-packages/airflow/example_dags/tutorial_taskflow_api_virtualenv.py
[2026-02-13T22:02:35.554+0000] {logging_mixin.py:137} INFO - [2026-02-13T22:02:35.554+0000] {dag.py:2690} INFO - Sync 1 DAGs
[2026-02-13T22:02:35.566+0000] {logging_mixin.py:137} INFO - [2026-02-13T22:02:35.565+0000] {dag.py:3441} INFO - Setting next_dagrun for tutorial_taskflow_api_virtualenv to None, run_after=None
[2026-02-13T22:02:35.574+0000] {processor.py:175} INFO - Processing /home/airflow/.local/lib/python3.7/site-packages/airflow/example_dags/tutorial_taskflow_api_virtualenv.py took 0.055 seconds
[2026-02-13T22:03:29.808+0000] {processor.py:153} INFO - Started process (PID=47) to work on /home/airflow/.local/lib/python3.7/site-packages/airflow/example_dags/tutorial_taskflow_api_virtualenv.py
[2026-02-13T22:03:29.810+0000] {processor.py:743} INFO - Processing file /home/airflow/.local/lib/python3.7/site-packages/airflow/example_dags/tutorial_taskflow_api_virtualenv.py for tasks to queue
[2026-02-13T22:03:29.811+0000] {logging_mixin.py:137} INFO - [2026-02-13T22:03:29.811+0000] {dagbag.py:538} INFO - Filling up the DagBag from /home/airflow/.local/lib/python3.7/site-packages/airflow/example_dags/tutorial_taskflow_api_virtualenv.py
[2026-02-13T22:03:29.829+0000] {processor.py:753} INFO - DAG(s) dict_keys(['tutorial_taskflow_api_virtualenv']) retrieved from /home/airflow/.local/lib/python3.7/site-packages/airflow/example_dags/tutorial_taskflow_api_virtualenv.py
[2026-02-13T22:03:29.842+0000] {logging_mixin.py:137} INFO - [2026-02-13T22:03:29.842+0000] {dag.py:2690} INFO - Sync 1 DAGs
[2026-02-13T22:03:29.858+0000] {logging_mixin.py:137} INFO - [2026-02-13T22:03:29.858+0000] {dag.py:3441} INFO - Setting next_dagrun for tutorial_taskflow_api_virtualenv to None, run_after=None
[2026-02-13T22:03:29.878+0000] {processor.py:175} INFO - Processing /home/airflow/.local/lib/python3.7/site-packages/airflow/example_dags/tutorial_taskflow_api_virtualenv.py took 0.071 seconds
[2026-02-13T22:04:00.589+0000] {processor.py:153} INFO - Started process (PID=134) to work on /home/airflow/.local/lib/python3.7/site-packages/airflow/example_dags/tutorial_taskflow_api_virtualenv.py
[2026-02-13T22:04:00.590+0000] {processor.py:743} INFO - Processing file /home/airflow/.local/lib/python3.7/site-packages/airflow/example_dags/tutorial_taskflow_api_virtualenv.py for tasks to queue
[2026-02-13T22:04:00.591+0000] {logging_mixin.py:137} INFO - [2026-02-13T22:04:00.591+0000] {dagbag.py:538} INFO - Filling up the DagBag from /home/airflow/.local/lib/python3.7/site-packages/airflow/example_dags/tutorial_taskflow_api_virtualenv.py
[2026-02-13T22:04:00.606+0000] {processor.py:753} INFO - DAG(s) dict_keys(['tutorial_taskflow_api_virtualenv']) retrieved from /home/airflow/.local/lib/python3.7/site-packages/airflow/example_dags/tutorial_taskflow_api_virtualenv.py
[2026-02-13T22:04:00.622+0000] {logging_mixin.py:137} INFO - [2026-02-13T22:04:00.622+0000] {dag.py:2690} INFO - Sync 1 DAGs
[2026-02-13T22:04:00.636+0000] {logging_mixin.py:137} INFO - [2026-02-13T22:04:00.636+0000] {dag.py:3441} INFO - Setting next_dagrun for tutorial_taskflow_api_virtualenv to None, run_after=None
[2026-02-13T22:04:00.646+0000] {processor.py:175} INFO - Processing /home/airflow/.local/lib/python3.7/site-packages/airflow/example_dags/tutorial_taskflow_api_virtualenv.py took 0.058 seconds
[2026-02-13T22:04:31.628+0000] {processor.py:153} INFO - Started process (PID=212) to work on /home/airflow/.local/lib/python3.7/site-packages/airflow/example_dags/tutorial_taskflow_api_virtualenv.py
[2026-02-13T22:04:31.630+0000] {processor.py:743} INFO - Processing file /home/airflow/.local/lib/python3.7/site-packages/airflow/example_dags/tutorial_taskflow_api_virtualenv.py for tasks to queue
[2026-02-13T22:04:31.630+0000] {logging_mixin.py:137} INFO - [2026-02-13T22:04:31.630+0000] {dagbag.py:538} INFO - Filling up the DagBag from /home/airflow/.local/lib/python3.7/site-packages/airflow/example_dags/tutorial_taskflow_api_virtualenv.py
[2026-02-13T22:04:31.646+0000] {processor.py:753} INFO - DAG(s) dict_keys(['tutorial_taskflow_api_virtualenv']) retrieved from /home/airflow/.local/lib/python3.7/site-packages/airflow/example_dags/tutorial_taskflow_api_virtualenv.py
[2026-02-13T22:04:31.671+0000] {logging_mixin.py:137} INFO - [2026-02-13T22:04:31.671+0000] {dag.py:2690} INFO - Sync 1 DAGs
[2026-02-13T22:04:31.687+0000] {logging_mixin.py:137} INFO - [2026-02-13T22:04:31.687+0000] {dag.py:3441} INFO - Setting next_dagrun for tutorial_taskflow_api_virtualenv to None, run_after=None
[2026-02-13T22:04:31.702+0000] {processor.py:175} INFO - Processing /home/airflow/.local/lib/python3.7/site-packages/airflow/example_dags/tutorial_taskflow_api_virtualenv.py took 0.076 seconds
[2026-02-13T22:05:02.523+0000] {processor.py:153} INFO - Started process (PID=294) to work on /home/airflow/.local/lib/python3.7/site-packages/airflow/example_dags/tutorial_taskflow_api_virtualenv.py
[2026-02-13T22:05:02.523+0000] {processor.py:743} INFO - Processing file /home/airflow/.local/lib/python3.7/site-packages/airflow/example_dags/tutorial_taskflow_api_virtualenv.py for tasks to queue
[2026-02-13T22:05:02.523+0000] {logging_mixin.py:137} INFO - [2026-02-13T22:05:02.523+0000] {dagbag.py:538} INFO - Filling up the DagBag from /home/airflow/.local/lib/python3.7/site-packages/airflow/example_dags/tutorial_taskflow_api_virtualenv.py
[2026-02-13T22:05:02.534+0000] {processor.py:753} INFO - DAG(s) dict_keys(['tutorial_taskflow_api_virtualenv']) retrieved from /home/airflow/.local/lib/python3.7/site-packages/airflow/example_dags/tutorial_taskflow_api_virtualenv.py
[2026-02-13T22:05:02.549+0000] {logging_mixin.py:137} INFO - [2026-02-13T22:05:02.549+0000] {dag.py:2690} INFO - Sync 1 DAGs
[2026-02-13T22:05:02.561+0000] {logging_mixin.py:137} INFO - [2026-02-13T22:05:02.561+0000] {dag.py:3441} INFO - Setting next_dagrun for tutorial_taskflow_api_virtualenv to None, run_after=None
[2026-02-13T22:05:02.573+0000] {processor.py:175} INFO - Processing /home/airflow/.local/lib/python3.7/site-packages/airflow/example_dags/tutorial_taskflow_api_virtualenv.py took 0.052 seconds
[2026-02-13T22:05:33.096+0000] {processor.py:153} INFO - Started process (PID=382) to work on /home/airflow/.local/lib/python3.7/site-packages/airflow/example_dags/tutorial_taskflow_api_virtualenv.py
[2026-02-13T22:05:33.096+0000] {processor.py:743} INFO - Processing file /home/airflow/.local/lib/python3.7/site-packages/airflow/example_dags/tutorial_taskflow_api_virtualenv.py for tasks to queue
[2026-02-13T22:05:33.097+0000] {logging_mixin.py:137} INFO - [2026-02-13T22:05:33.097+0000] {dagbag.py:538} INFO - Filling up the DagBag from /home/airflow/.local/lib/python3.7/site-packages/airflow/example_dags/tutorial_taskflow_api_virtualenv.py
[2026-02-13T22:05:33.106+0000] {processor.py:753} INFO - DAG(s) dict_keys(['tutorial_taskflow_api_virtualenv']) retrieved from /home/airflow/.local/lib/python3.7/site-packages/airflow/example_dags/tutorial_taskflow_api_virtualenv.py
[2026-02-13T22:05:33.118+0000] {logging_mixin.py:137} INFO - [2026-02-13T22:05:33.118+0000] {dag.py:2690} INFO - Sync 1 DAGs
[2026-02-13T22:05:33.131+0000] {logging_mixin.py:137} INFO - [2026-02-13T22:05:33.131+0000] {dag.py:3441} INFO - Setting next_dagrun for tutorial_taskflow_api_virtualenv to None, run_after=None
[2026-02-13T22:05:33.143+0000] {processor.py:175} INFO - Processing /home/airflow/.local/lib/python3.7/site-packages/airflow/example_dags/tutorial_taskflow_api_virtualenv.py took 0.048 seconds
[2026-02-13T22:06:33.039+0000] {processor.py:153} INFO - Started process (PID=49) to work on /home/airflow/.local/lib/python3.7/site-packages/airflow/example_dags/tutorial_taskflow_api_virtualenv.py
[2026-02-13T22:06:33.040+0000] {processor.py:743} INFO - Processing file /home/airflow/.local/lib/python3.7/site-packages/airflow/example_dags/tutorial_taskflow_api_virtualenv.py for tasks to queue
[2026-02-13T22:06:33.040+0000] {logging_mixin.py:137} INFO - [2026-02-13T22:06:33.040+0000] {dagbag.py:538} INFO - Filling up the DagBag from /home/airflow/.local/lib/python3.7/site-packages/airflow/example_dags/tutorial_taskflow_api_virtualenv.py
[2026-02-13T22:06:33.054+0000] {processor.py:753} INFO - DAG(s) dict_keys(['tutorial_taskflow_api_virtualenv']) retrieved from /home/airflow/.local/lib/python3.7/site-packages/airflow/example_dags/tutorial_taskflow_api_virtualenv.py
[2026-02-13T22:06:33.062+0000] {logging_mixin.py:137} INFO - [2026-02-13T22:06:33.062+0000] {dag.py:2690} INFO - Sync 1 DAGs
[2026-02-13T22:06:33.075+0000] {logging_mixin.py:137} INFO - [2026-02-13T22:06:33.075+0000] {dag.py:3441} INFO - Setting next_dagrun for tutorial_taskflow_api_virtualenv to None, run_after=None
[2026-02-13T22:06:33.084+0000] {processor.py:175} INFO - Processing /home/airflow/.local/lib/python3.7/site-packages/airflow/example_dags/tutorial_taskflow_api_virtualenv.py took 0.048 seconds
[2026-02-13T22:07:04.144+0000] {processor.py:153} INFO - Started process (PID=138) to work on /home/airflow/.local/lib/python3.7/site-packages/airflow/example_dags/tutorial_taskflow_api_virtualenv.py
[2026-02-13T22:07:04.145+0000] {processor.py:743} INFO - Processing file /home/airflow/.local/lib/python3.7/site-packages/airflow/example_dags/tutorial_taskflow_api_virtualenv.py for tasks to queue
[2026-02-13T22:07:04.145+0000] {logging_mixin.py:137} INFO - [2026-02-13T22:07:04.145+0000] {dagbag.py:538} INFO - Filling up the DagBag from /home/airflow/.local/lib/python3.7/site-packages/airflow/example_dags/tutorial_taskflow_api_virtualenv.py
[2026-02-13T22:07:04.158+0000] {processor.py:753} INFO - DAG(s) dict_keys(['tutorial_taskflow_api_virtualenv']) retrieved from /home/airflow/.local/lib/python3.7/site-packages/airflow/example_dags/tutorial_taskflow_api_virtualenv.py
[2026-02-13T22:07:04.174+0000] {logging_mixin.py:137} INFO - [2026-02-13T22:07:04.174+0000] {dag.py:2690} INFO - Sync 1 DAGs
[2026-02-13T22:07:04.198+0000] {logging_mixin.py:137} INFO - [2026-02-13T22:07:04.198+0000] {dag.py:3441} INFO - Setting next_dagrun for tutorial_taskflow_api_virtualenv to None, run_after=None
[2026-02-13T22:07:04.221+0000] {processor.py:175} INFO - Processing /home/airflow/.local/lib/python3.7/site-packages/airflow/example_dags/tutorial_taskflow_api_virtualenv.py took 0.079 seconds
[2026-02-13T22:07:34.330+0000] {processor.py:153} INFO - Started process (PID=227) to work on /home/airflow/.local/lib/python3.7/site-packages/airflow/example_dags/tutorial_taskflow_api_virtualenv.py
[2026-02-13T22:07:34.330+0000] {processor.py:743} INFO - Processing file /home/airflow/.local/lib/python3.7/site-packages/airflow/example_dags/tutorial_taskflow_api_virtualenv.py for tasks to queue
[2026-02-13T22:07:34.331+0000] {logging_mixin.py:137} INFO - [2026-02-13T22:07:34.331+0000] {dagbag.py:538} INFO - Filling up the DagBag from /home/airflow/.local/lib/python3.7/site-packages/airflow/example_dags/tutorial_taskflow_api_virtualenv.py
[2026-02-13T22:07:34.345+0000] {processor.py:753} INFO - DAG(s) dict_keys(['tutorial_taskflow_api_virtualenv']) retrieved from /home/airflow/.local/lib/python3.7/site-packages/airflow/example_dags/tutorial_taskflow_api_virtualenv.py
[2026-02-13T22:07:34.364+0000] {logging_mixin.py:137} INFO - [2026-02-13T22:07:34.364+0000] {dag.py:2690} INFO - Sync 1 DAGs
[2026-02-13T22:07:34.380+0000] {logging_mixin.py:137} INFO - [2026-02-13T22:07:34.380+0000] {dag.py:3441} INFO - Setting next_dagrun for tutorial_taskflow_api_virtualenv to None, run_after=None
[2026-02-13T22:07:34.395+0000] {processor.py:175} INFO - Processing /home/airflow/.local/lib/python3.7/site-packages/airflow/example_dags/tutorial_taskflow_api_virtualenv.py took 0.068 seconds
[2026-02-13T22:08:05.085+0000] {processor.py:153} INFO - Started process (PID=300) to work on /home/airflow/.local/lib/python3.7/site-packages/airflow/example_dags/tutorial_taskflow_api_virtualenv.py
[2026-02-13T22:08:05.086+0000] {processor.py:743} INFO - Processing file /home/airflow/.local/lib/python3.7/site-packages/airflow/example_dags/tutorial_taskflow_api_virtualenv.py for tasks to queue
[2026-02-13T22:08:05.087+0000] {logging_mixin.py:137} INFO - [2026-02-13T22:08:05.086+0000] {dagbag.py:538} INFO - Filling up the DagBag from /home/airflow/.local/lib/python3.7/site-packages/airflow/example_dags/tutorial_taskflow_api_virtualenv.py
[2026-02-13T22:08:05.096+0000] {processor.py:753} INFO - DAG(s) dict_keys(['tutorial_taskflow_api_virtualenv']) retrieved from /home/airflow/.local/lib/python3.7/site-packages/airflow/example_dags/tutorial_taskflow_api_virtualenv.py
[2026-02-13T22:08:05.110+0000] {logging_mixin.py:137} INFO - [2026-02-13T22:08:05.110+0000] {dag.py:2690} INFO - Sync 1 DAGs
[2026-02-13T22:08:05.123+0000] {logging_mixin.py:137} INFO - [2026-02-13T22:08:05.123+0000] {dag.py:3441} INFO - Setting next_dagrun for tutorial_taskflow_api_virtualenv to None, run_after=None
[2026-02-13T22:08:05.135+0000] {processor.py:175} INFO - Processing /home/airflow/.local/lib/python3.7/site-packages/airflow/example_dags/tutorial_taskflow_api_virtualenv.py took 0.051 seconds
[2026-02-13T22:08:35.814+0000] {processor.py:153} INFO - Started process (PID=389) to work on /home/airflow/.local/lib/python3.7/site-packages/airflow/example_dags/tutorial_taskflow_api_virtualenv.py
[2026-02-13T22:08:35.815+0000] {processor.py:743} INFO - Processing file /home/airflow/.local/lib/python3.7/site-packages/airflow/example_dags/tutorial_taskflow_api_virtualenv.py for tasks to queue
[2026-02-13T22:08:35.816+0000] {logging_mixin.py:137} INFO - [2026-02-13T22:08:35.816+0000] {dagbag.py:538} INFO - Filling up the DagBag from /home/airflow/.local/lib/python3.7/site-packages/airflow/example_dags/tutorial_taskflow_api_virtualenv.py
[2026-02-13T22:08:35.826+0000] {processor.py:753} INFO - DAG(s) dict_keys(['tutorial_taskflow_api_virtualenv']) retrieved from /home/airflow/.local/lib/python3.7/site-packages/airflow/example_dags/tutorial_taskflow_api_virtualenv.py
[2026-02-13T22:08:35.842+0000] {logging_mixin.py:137} INFO - [2026-02-13T22:08:35.842+0000] {dag.py:2690} INFO - Sync 1 DAGs
[2026-02-13T22:08:35.855+0000] {logging_mixin.py:137} INFO - [2026-02-13T22:08:35.855+0000] {dag.py:3441} INFO - Setting next_dagrun for tutorial_taskflow_api_virtualenv to None, run_after=None
[2026-02-13T22:08:35.865+0000] {processor.py:175} INFO - Processing /home/airflow/.local/lib/python3.7/site-packages/airflow/example_dags/tutorial_taskflow_api_virtualenv.py took 0.053 seconds
[2026-02-13T22:09:06.509+0000] {processor.py:153} INFO - Started process (PID=478) to work on /home/airflow/.local/lib/python3.7/site-packages/airflow/example_dags/tutorial_taskflow_api_virtualenv.py
[2026-02-13T22:09:06.510+0000] {processor.py:743} INFO - Processing file /home/airflow/.local/lib/python3.7/site-packages/airflow/example_dags/tutorial_taskflow_api_virtualenv.py for tasks to queue
[2026-02-13T22:09:06.510+0000] {logging_mixin.py:137} INFO - [2026-02-13T22:09:06.510+0000] {dagbag.py:538} INFO - Filling up the DagBag from /home/airflow/.local/lib/python3.7/site-packages/airflow/example_dags/tutorial_taskflow_api_virtualenv.py
[2026-02-13T22:09:06.520+0000] {processor.py:753} INFO - DAG(s) dict_keys(['tutorial_taskflow_api_virtualenv']) retrieved from /home/airflow/.local/lib/python3.7/site-packages/airflow/example_dags/tutorial_taskflow_api_virtualenv.py
[2026-02-13T22:09:06.534+0000] {logging_mixin.py:137} INFO - [2026-02-13T22:09:06.534+0000] {dag.py:2690} INFO - Sync 1 DAGs
[2026-02-13T22:09:06.545+0000] {logging_mixin.py:137} INFO - [2026-02-13T22:09:06.544+0000] {dag.py:3441} INFO - Setting next_dagrun for tutorial_taskflow_api_virtualenv to None, run_after=None
[2026-02-13T22:09:06.551+0000] {processor.py:175} INFO - Processing /home/airflow/.local/lib/python3.7/site-packages/airflow/example_dags/tutorial_taskflow_api_virtualenv.py took 0.044 seconds
[2026-02-13T22:09:37.102+0000] {processor.py:153} INFO - Started process (PID=566) to work on /home/airflow/.local/lib/python3.7/site-packages/airflow/example_dags/tutorial_taskflow_api_virtualenv.py
[2026-02-13T22:09:37.103+0000] {processor.py:743} INFO - Processing file /home/airflow/.local/lib/python3.7/site-packages/airflow/example_dags/tutorial_taskflow_api_virtualenv.py for tasks to queue
[2026-02-13T22:09:37.103+0000] {logging_mixin.py:137} INFO - [2026-02-13T22:09:37.103+0000] {dagbag.py:538} INFO - Filling up the DagBag from /home/airflow/.local/lib/python3.7/site-packages/airflow/example_dags/tutorial_taskflow_api_virtualenv.py
[2026-02-13T22:09:37.113+0000] {processor.py:753} INFO - DAG(s) dict_keys(['tutorial_taskflow_api_virtualenv']) retrieved from /home/airflow/.local/lib/python3.7/site-packages/airflow/example_dags/tutorial_taskflow_api_virtualenv.py
[2026-02-13T22:09:37.125+0000] {logging_mixin.py:137} INFO - [2026-02-13T22:09:37.125+0000] {dag.py:2690} INFO - Sync 1 DAGs
[2026-02-13T22:09:37.135+0000] {logging_mixin.py:137} INFO - [2026-02-13T22:09:37.135+0000] {dag.py:3441} INFO - Setting next_dagrun for tutorial_taskflow_api_virtualenv to None, run_after=None
[2026-02-13T22:09:37.148+0000] {processor.py:175} INFO - Processing /home/airflow/.local/lib/python3.7/site-packages/airflow/example_dags/tutorial_taskflow_api_virtualenv.py took 0.047 seconds
[2026-02-13T22:10:07.730+0000] {processor.py:153} INFO - Started process (PID=639) to work on /home/airflow/.local/lib/python3.7/site-packages/airflow/example_dags/tutorial_taskflow_api_virtualenv.py
[2026-02-13T22:10:07.731+0000] {processor.py:743} INFO - Processing file /home/airflow/.local/lib/python3.7/site-packages/airflow/example_dags/tutorial_taskflow_api_virtualenv.py for tasks to queue
[2026-02-13T22:10:07.731+0000] {logging_mixin.py:137} INFO - [2026-02-13T22:10:07.731+0000] {dagbag.py:538} INFO - Filling up the DagBag from /home/airflow/.local/lib/python3.7/site-packages/airflow/example_dags/tutorial_taskflow_api_virtualenv.py
[2026-02-13T22:10:07.741+0000] {processor.py:753} INFO - DAG(s) dict_keys(['tutorial_taskflow_api_virtualenv']) retrieved from /home/airflow/.local/lib/python3.7/site-packages/airflow/example_dags/tutorial_taskflow_api_virtualenv.py
[2026-02-13T22:10:07.753+0000] {logging_mixin.py:137} INFO - [2026-02-13T22:10:07.753+0000] {dag.py:2690} INFO - Sync 1 DAGs
[2026-02-13T22:10:07.764+0000] {logging_mixin.py:137} INFO - [2026-02-13T22:10:07.764+0000] {dag.py:3441} INFO - Setting next_dagrun for tutorial_taskflow_api_virtualenv to None, run_after=None
[2026-02-13T22:10:07.776+0000] {processor.py:175} INFO - Processing /home/airflow/.local/lib/python3.7/site-packages/airflow/example_dags/tutorial_taskflow_api_virtualenv.py took 0.047 seconds
[2026-02-13T22:10:38.343+0000] {processor.py:153} INFO - Started process (PID=727) to work on /home/airflow/.local/lib/python3.7/site-packages/airflow/example_dags/tutorial_taskflow_api_virtualenv.py
[2026-02-13T22:10:38.344+0000] {processor.py:743} INFO - Processing file /home/airflow/.local/lib/python3.7/site-packages/airflow/example_dags/tutorial_taskflow_api_virtualenv.py for tasks to queue
[2026-02-13T22:10:38.344+0000] {logging_mixin.py:137} INFO - [2026-02-13T22:10:38.344+0000] {dagbag.py:538} INFO - Filling up the DagBag from /home/airflow/.local/lib/python3.7/site-packages/airflow/example_dags/tutorial_taskflow_api_virtualenv.py
[2026-02-13T22:10:38.356+0000] {processor.py:753} INFO - DAG(s) dict_keys(['tutorial_taskflow_api_virtualenv']) retrieved from /home/airflow/.local/lib/python3.7/site-packages/airflow/example_dags/tutorial_taskflow_api_virtualenv.py
[2026-02-13T22:10:38.374+0000] {logging_mixin.py:137} INFO - [2026-02-13T22:10:38.374+0000] {dag.py:2690} INFO - Sync 1 DAGs
[2026-02-13T22:10:38.387+0000] {logging_mixin.py:137} INFO - [2026-02-13T22:10:38.387+0000] {dag.py:3441} INFO - Setting next_dagrun for tutorial_taskflow_api_virtualenv to None, run_after=None
[2026-02-13T22:10:38.395+0000] {processor.py:175} INFO - Processing /home/airflow/.local/lib/python3.7/site-packages/airflow/example_dags/tutorial_taskflow_api_virtualenv.py took 0.054 seconds
[2026-02-13T22:11:08.857+0000] {processor.py:153} INFO - Started process (PID=816) to work on /home/airflow/.local/lib/python3.7/site-packages/airflow/example_dags/tutorial_taskflow_api_virtualenv.py
[2026-02-13T22:11:08.858+0000] {processor.py:743} INFO - Processing file /home/airflow/.local/lib/python3.7/site-packages/airflow/example_dags/tutorial_taskflow_api_virtualenv.py for tasks to queue
[2026-02-13T22:11:08.859+0000] {logging_mixin.py:137} INFO - [2026-02-13T22:11:08.859+0000] {dagbag.py:538} INFO - Filling up the DagBag from /home/airflow/.local/lib/python3.7/site-packages/airflow/example_dags/tutorial_taskflow_api_virtualenv.py
[2026-02-13T22:11:08.869+0000] {processor.py:753} INFO - DAG(s) dict_keys(['tutorial_taskflow_api_virtualenv']) retrieved from /home/airflow/.local/lib/python3.7/site-packages/airflow/example_dags/tutorial_taskflow_api_virtualenv.py
[2026-02-13T22:11:08.885+0000] {logging_mixin.py:137} INFO - [2026-02-13T22:11:08.885+0000] {dag.py:2690} INFO - Sync 1 DAGs
[2026-02-13T22:11:08.898+0000] {logging_mixin.py:137} INFO - [2026-02-13T22:11:08.898+0000] {dag.py:3441} INFO - Setting next_dagrun for tutorial_taskflow_api_virtualenv to None, run_after=None
[2026-02-13T22:11:08.906+0000] {processor.py:175} INFO - Processing /home/airflow/.local/lib/python3.7/site-packages/airflow/example_dags/tutorial_taskflow_api_virtualenv.py took 0.051 seconds
[2026-02-13T22:11:39.514+0000] {processor.py:153} INFO - Started process (PID=904) to work on /home/airflow/.local/lib/python3.7/site-packages/airflow/example_dags/tutorial_taskflow_api_virtualenv.py
[2026-02-13T22:11:39.515+0000] {processor.py:743} INFO - Processing file /home/airflow/.local/lib/python3.7/site-packages/airflow/example_dags/tutorial_taskflow_api_virtualenv.py for tasks to queue
[2026-02-13T22:11:39.515+0000] {logging_mixin.py:137} INFO - [2026-02-13T22:11:39.515+0000] {dagbag.py:538} INFO - Filling up the DagBag from /home/airflow/.local/lib/python3.7/site-packages/airflow/example_dags/tutorial_taskflow_api_virtualenv.py
[2026-02-13T22:11:39.525+0000] {processor.py:753} INFO - DAG(s) dict_keys(['tutorial_taskflow_api_virtualenv']) retrieved from /home/airflow/.local/lib/python3.7/site-packages/airflow/example_dags/tutorial_taskflow_api_virtualenv.py
[2026-02-13T22:11:39.541+0000] {logging_mixin.py:137} INFO - [2026-02-13T22:11:39.541+0000] {dag.py:2690} INFO - Sync 1 DAGs
[2026-02-13T22:11:39.553+0000] {logging_mixin.py:137} INFO - [2026-02-13T22:11:39.553+0000] {dag.py:3441} INFO - Setting next_dagrun for tutorial_taskflow_api_virtualenv to None, run_after=None
[2026-02-13T22:11:39.564+0000] {processor.py:175} INFO - Processing /home/airflow/.local/lib/python3.7/site-packages/airflow/example_dags/tutorial_taskflow_api_virtualenv.py took 0.052 seconds
[2026-02-13T22:12:10.082+0000] {processor.py:153} INFO - Started process (PID=977) to work on /home/airflow/.local/lib/python3.7/site-packages/airflow/example_dags/tutorial_taskflow_api_virtualenv.py
[2026-02-13T22:12:10.085+0000] {processor.py:743} INFO - Processing file /home/airflow/.local/lib/python3.7/site-packages/airflow/example_dags/tutorial_taskflow_api_virtualenv.py for tasks to queue
[2026-02-13T22:12:10.085+0000] {logging_mixin.py:137} INFO - [2026-02-13T22:12:10.085+0000] {dagbag.py:538} INFO - Filling up the DagBag from /home/airflow/.local/lib/python3.7/site-packages/airflow/example_dags/tutorial_taskflow_api_virtualenv.py
[2026-02-13T22:12:10.098+0000] {processor.py:753} INFO - DAG(s) dict_keys(['tutorial_taskflow_api_virtualenv']) retrieved from /home/airflow/.local/lib/python3.7/site-packages/airflow/example_dags/tutorial_taskflow_api_virtualenv.py
[2026-02-13T22:12:10.111+0000] {logging_mixin.py:137} INFO - [2026-02-13T22:12:10.111+0000] {dag.py:2690} INFO - Sync 1 DAGs
[2026-02-13T22:12:10.122+0000] {logging_mixin.py:137} INFO - [2026-02-13T22:12:10.122+0000] {dag.py:3441} INFO - Setting next_dagrun for tutorial_taskflow_api_virtualenv to None, run_after=None
[2026-02-13T22:12:10.130+0000] {processor.py:175} INFO - Processing /home/airflow/.local/lib/python3.7/site-packages/airflow/example_dags/tutorial_taskflow_api_virtualenv.py took 0.049 seconds
[2026-02-13T22:12:40.731+0000] {processor.py:153} INFO - Started process (PID=1066) to work on /home/airflow/.local/lib/python3.7/site-packages/airflow/example_dags/tutorial_taskflow_api_virtualenv.py
[2026-02-13T22:12:40.732+0000] {processor.py:743} INFO - Processing file /home/airflow/.local/lib/python3.7/site-packages/airflow/example_dags/tutorial_taskflow_api_virtualenv.py for tasks to queue
[2026-02-13T22:12:40.733+0000] {logging_mixin.py:137} INFO - [2026-02-13T22:12:40.732+0000] {dagbag.py:538} INFO - Filling up the DagBag from /home/airflow/.local/lib/python3.7/site-packages/airflow/example_dags/tutorial_taskflow_api_virtualenv.py
[2026-02-13T22:12:40.741+0000] {processor.py:753} INFO - DAG(s) dict_keys(['tutorial_taskflow_api_virtualenv']) retrieved from /home/airflow/.local/lib/python3.7/site-packages/airflow/example_dags/tutorial_taskflow_api_virtualenv.py
[2026-02-13T22:12:40.757+0000] {logging_mixin.py:137} INFO - [2026-02-13T22:12:40.757+0000] {dag.py:2690} INFO - Sync 1 DAGs
[2026-02-13T22:12:40.769+0000] {logging_mixin.py:137} INFO - [2026-02-13T22:12:40.769+0000] {dag.py:3441} INFO - Setting next_dagrun for tutorial_taskflow_api_virtualenv to None, run_after=None
[2026-02-13T22:12:40.779+0000] {processor.py:175} INFO - Processing /home/airflow/.local/lib/python3.7/site-packages/airflow/example_dags/tutorial_taskflow_api_virtualenv.py took 0.049 seconds
[2026-02-13T22:20:56.898+0000] {processor.py:153} INFO - Started process (PID=88) to work on /home/airflow/.local/lib/python3.7/site-packages/airflow/example_dags/tutorial_taskflow_api_virtualenv.py
[2026-02-13T22:20:56.901+0000] {processor.py:743} INFO - Processing file /home/airflow/.local/lib/python3.7/site-packages/airflow/example_dags/tutorial_taskflow_api_virtualenv.py for tasks to queue
[2026-02-13T22:20:56.902+0000] {logging_mixin.py:137} INFO - [2026-02-13T22:20:56.902+0000] {dagbag.py:538} INFO - Filling up the DagBag from /home/airflow/.local/lib/python3.7/site-packages/airflow/example_dags/tutorial_taskflow_api_virtualenv.py
[2026-02-13T22:20:56.917+0000] {processor.py:753} INFO - DAG(s) dict_keys(['tutorial_taskflow_api_virtualenv']) retrieved from /home/airflow/.local/lib/python3.7/site-packages/airflow/example_dags/tutorial_taskflow_api_virtualenv.py
[2026-02-13T22:20:56.926+0000] {logging_mixin.py:137} INFO - [2026-02-13T22:20:56.926+0000] {dag.py:2690} INFO - Sync 1 DAGs
[2026-02-13T22:20:56.950+0000] {logging_mixin.py:137} INFO - [2026-02-13T22:20:56.950+0000] {dag.py:3441} INFO - Setting next_dagrun for tutorial_taskflow_api_virtualenv to None, run_after=None
[2026-02-13T22:20:56.970+0000] {processor.py:175} INFO - Processing /home/airflow/.local/lib/python3.7/site-packages/airflow/example_dags/tutorial_taskflow_api_virtualenv.py took 0.074 seconds
[2026-02-13T22:21:27.806+0000] {processor.py:153} INFO - Started process (PID=161) to work on /home/airflow/.local/lib/python3.7/site-packages/airflow/example_dags/tutorial_taskflow_api_virtualenv.py
[2026-02-13T22:21:27.808+0000] {processor.py:743} INFO - Processing file /home/airflow/.local/lib/python3.7/site-packages/airflow/example_dags/tutorial_taskflow_api_virtualenv.py for tasks to queue
[2026-02-13T22:21:27.808+0000] {logging_mixin.py:137} INFO - [2026-02-13T22:21:27.808+0000] {dagbag.py:538} INFO - Filling up the DagBag from /home/airflow/.local/lib/python3.7/site-packages/airflow/example_dags/tutorial_taskflow_api_virtualenv.py
[2026-02-13T22:21:27.820+0000] {processor.py:753} INFO - DAG(s) dict_keys(['tutorial_taskflow_api_virtualenv']) retrieved from /home/airflow/.local/lib/python3.7/site-packages/airflow/example_dags/tutorial_taskflow_api_virtualenv.py
[2026-02-13T22:21:27.834+0000] {logging_mixin.py:137} INFO - [2026-02-13T22:21:27.834+0000] {dag.py:2690} INFO - Sync 1 DAGs
[2026-02-13T22:21:27.847+0000] {logging_mixin.py:137} INFO - [2026-02-13T22:21:27.847+0000] {dag.py:3441} INFO - Setting next_dagrun for tutorial_taskflow_api_virtualenv to None, run_after=None
[2026-02-13T22:21:27.857+0000] {processor.py:175} INFO - Processing /home/airflow/.local/lib/python3.7/site-packages/airflow/example_dags/tutorial_taskflow_api_virtualenv.py took 0.053 seconds
[2026-02-13T22:21:58.750+0000] {processor.py:153} INFO - Started process (PID=251) to work on /home/airflow/.local/lib/python3.7/site-packages/airflow/example_dags/tutorial_taskflow_api_virtualenv.py
[2026-02-13T22:21:58.754+0000] {processor.py:743} INFO - Processing file /home/airflow/.local/lib/python3.7/site-packages/airflow/example_dags/tutorial_taskflow_api_virtualenv.py for tasks to queue
[2026-02-13T22:21:58.754+0000] {logging_mixin.py:137} INFO - [2026-02-13T22:21:58.754+0000] {dagbag.py:538} INFO - Filling up the DagBag from /home/airflow/.local/lib/python3.7/site-packages/airflow/example_dags/tutorial_taskflow_api_virtualenv.py
[2026-02-13T22:21:58.765+0000] {processor.py:753} INFO - DAG(s) dict_keys(['tutorial_taskflow_api_virtualenv']) retrieved from /home/airflow/.local/lib/python3.7/site-packages/airflow/example_dags/tutorial_taskflow_api_virtualenv.py
[2026-02-13T22:21:58.784+0000] {logging_mixin.py:137} INFO - [2026-02-13T22:21:58.784+0000] {dag.py:2690} INFO - Sync 1 DAGs
[2026-02-13T22:21:58.798+0000] {logging_mixin.py:137} INFO - [2026-02-13T22:21:58.798+0000] {dag.py:3441} INFO - Setting next_dagrun for tutorial_taskflow_api_virtualenv to None, run_after=None
[2026-02-13T22:21:58.810+0000] {processor.py:175} INFO - Processing /home/airflow/.local/lib/python3.7/site-packages/airflow/example_dags/tutorial_taskflow_api_virtualenv.py took 0.062 seconds
[2026-02-13T22:22:29.466+0000] {processor.py:153} INFO - Started process (PID=341) to work on /home/airflow/.local/lib/python3.7/site-packages/airflow/example_dags/tutorial_taskflow_api_virtualenv.py
[2026-02-13T22:22:29.466+0000] {processor.py:743} INFO - Processing file /home/airflow/.local/lib/python3.7/site-packages/airflow/example_dags/tutorial_taskflow_api_virtualenv.py for tasks to queue
[2026-02-13T22:22:29.466+0000] {logging_mixin.py:137} INFO - [2026-02-13T22:22:29.466+0000] {dagbag.py:538} INFO - Filling up the DagBag from /home/airflow/.local/lib/python3.7/site-packages/airflow/example_dags/tutorial_taskflow_api_virtualenv.py
[2026-02-13T22:22:29.476+0000] {processor.py:753} INFO - DAG(s) dict_keys(['tutorial_taskflow_api_virtualenv']) retrieved from /home/airflow/.local/lib/python3.7/site-packages/airflow/example_dags/tutorial_taskflow_api_virtualenv.py
[2026-02-13T22:22:29.488+0000] {logging_mixin.py:137} INFO - [2026-02-13T22:22:29.488+0000] {dag.py:2690} INFO - Sync 1 DAGs
[2026-02-13T22:22:29.500+0000] {logging_mixin.py:137} INFO - [2026-02-13T22:22:29.500+0000] {dag.py:3441} INFO - Setting next_dagrun for tutorial_taskflow_api_virtualenv to None, run_after=None
[2026-02-13T22:22:29.509+0000] {processor.py:175} INFO - Processing /home/airflow/.local/lib/python3.7/site-packages/airflow/example_dags/tutorial_taskflow_api_virtualenv.py took 0.045 seconds
[2026-02-13T22:23:00.162+0000] {processor.py:153} INFO - Started process (PID=430) to work on /home/airflow/.local/lib/python3.7/site-packages/airflow/example_dags/tutorial_taskflow_api_virtualenv.py
[2026-02-13T22:23:00.163+0000] {processor.py:743} INFO - Processing file /home/airflow/.local/lib/python3.7/site-packages/airflow/example_dags/tutorial_taskflow_api_virtualenv.py for tasks to queue
[2026-02-13T22:23:00.163+0000] {logging_mixin.py:137} INFO - [2026-02-13T22:23:00.163+0000] {dagbag.py:538} INFO - Filling up the DagBag from /home/airflow/.local/lib/python3.7/site-packages/airflow/example_dags/tutorial_taskflow_api_virtualenv.py
[2026-02-13T22:23:00.173+0000] {processor.py:753} INFO - DAG(s) dict_keys(['tutorial_taskflow_api_virtualenv']) retrieved from /home/airflow/.local/lib/python3.7/site-packages/airflow/example_dags/tutorial_taskflow_api_virtualenv.py
[2026-02-13T22:23:00.187+0000] {logging_mixin.py:137} INFO - [2026-02-13T22:23:00.187+0000] {dag.py:2690} INFO - Sync 1 DAGs
[2026-02-13T22:23:00.202+0000] {logging_mixin.py:137} INFO - [2026-02-13T22:23:00.202+0000] {dag.py:3441} INFO - Setting next_dagrun for tutorial_taskflow_api_virtualenv to None, run_after=None
[2026-02-13T22:23:00.214+0000] {processor.py:175} INFO - Processing /home/airflow/.local/lib/python3.7/site-packages/airflow/example_dags/tutorial_taskflow_api_virtualenv.py took 0.054 seconds
[2026-02-13T22:23:30.858+0000] {processor.py:153} INFO - Started process (PID=503) to work on /home/airflow/.local/lib/python3.7/site-packages/airflow/example_dags/tutorial_taskflow_api_virtualenv.py
[2026-02-13T22:23:30.859+0000] {processor.py:743} INFO - Processing file /home/airflow/.local/lib/python3.7/site-packages/airflow/example_dags/tutorial_taskflow_api_virtualenv.py for tasks to queue
[2026-02-13T22:23:30.859+0000] {logging_mixin.py:137} INFO - [2026-02-13T22:23:30.859+0000] {dagbag.py:538} INFO - Filling up the DagBag from /home/airflow/.local/lib/python3.7/site-packages/airflow/example_dags/tutorial_taskflow_api_virtualenv.py
[2026-02-13T22:23:30.872+0000] {processor.py:753} INFO - DAG(s) dict_keys(['tutorial_taskflow_api_virtualenv']) retrieved from /home/airflow/.local/lib/python3.7/site-packages/airflow/example_dags/tutorial_taskflow_api_virtualenv.py
[2026-02-13T22:23:30.883+0000] {logging_mixin.py:137} INFO - [2026-02-13T22:23:30.883+0000] {dag.py:2690} INFO - Sync 1 DAGs
[2026-02-13T22:23:30.893+0000] {logging_mixin.py:137} INFO - [2026-02-13T22:23:30.893+0000] {dag.py:3441} INFO - Setting next_dagrun for tutorial_taskflow_api_virtualenv to None, run_after=None
[2026-02-13T22:23:30.903+0000] {processor.py:175} INFO - Processing /home/airflow/.local/lib/python3.7/site-packages/airflow/example_dags/tutorial_taskflow_api_virtualenv.py took 0.046 seconds
[2026-02-13T22:24:01.517+0000] {processor.py:153} INFO - Started process (PID=591) to work on /home/airflow/.local/lib/python3.7/site-packages/airflow/example_dags/tutorial_taskflow_api_virtualenv.py
[2026-02-13T22:24:01.519+0000] {processor.py:743} INFO - Processing file /home/airflow/.local/lib/python3.7/site-packages/airflow/example_dags/tutorial_taskflow_api_virtualenv.py for tasks to queue
[2026-02-13T22:24:01.519+0000] {logging_mixin.py:137} INFO - [2026-02-13T22:24:01.519+0000] {dagbag.py:538} INFO - Filling up the DagBag from /home/airflow/.local/lib/python3.7/site-packages/airflow/example_dags/tutorial_taskflow_api_virtualenv.py
[2026-02-13T22:24:01.528+0000] {processor.py:753} INFO - DAG(s) dict_keys(['tutorial_taskflow_api_virtualenv']) retrieved from /home/airflow/.local/lib/python3.7/site-packages/airflow/example_dags/tutorial_taskflow_api_virtualenv.py
[2026-02-13T22:24:01.547+0000] {logging_mixin.py:137} INFO - [2026-02-13T22:24:01.547+0000] {dag.py:2690} INFO - Sync 1 DAGs
[2026-02-13T22:24:01.558+0000] {logging_mixin.py:137} INFO - [2026-02-13T22:24:01.558+0000] {dag.py:3441} INFO - Setting next_dagrun for tutorial_taskflow_api_virtualenv to None, run_after=None
[2026-02-13T22:24:01.569+0000] {processor.py:175} INFO - Processing /home/airflow/.local/lib/python3.7/site-packages/airflow/example_dags/tutorial_taskflow_api_virtualenv.py took 0.053 seconds
[2026-02-13T22:24:32.268+0000] {processor.py:153} INFO - Started process (PID=680) to work on /home/airflow/.local/lib/python3.7/site-packages/airflow/example_dags/tutorial_taskflow_api_virtualenv.py
[2026-02-13T22:24:32.269+0000] {processor.py:743} INFO - Processing file /home/airflow/.local/lib/python3.7/site-packages/airflow/example_dags/tutorial_taskflow_api_virtualenv.py for tasks to queue
[2026-02-13T22:24:32.270+0000] {logging_mixin.py:137} INFO - [2026-02-13T22:24:32.270+0000] {dagbag.py:538} INFO - Filling up the DagBag from /home/airflow/.local/lib/python3.7/site-packages/airflow/example_dags/tutorial_taskflow_api_virtualenv.py
[2026-02-13T22:24:32.285+0000] {processor.py:753} INFO - DAG(s) dict_keys(['tutorial_taskflow_api_virtualenv']) retrieved from /home/airflow/.local/lib/python3.7/site-packages/airflow/example_dags/tutorial_taskflow_api_virtualenv.py
[2026-02-13T22:24:32.301+0000] {logging_mixin.py:137} INFO - [2026-02-13T22:24:32.300+0000] {dag.py:2690} INFO - Sync 1 DAGs
[2026-02-13T22:24:32.316+0000] {logging_mixin.py:137} INFO - [2026-02-13T22:24:32.315+0000] {dag.py:3441} INFO - Setting next_dagrun for tutorial_taskflow_api_virtualenv to None, run_after=None
[2026-02-13T22:24:32.333+0000] {processor.py:175} INFO - Processing /home/airflow/.local/lib/python3.7/site-packages/airflow/example_dags/tutorial_taskflow_api_virtualenv.py took 0.068 seconds
[2026-02-13T22:25:02.910+0000] {processor.py:153} INFO - Started process (PID=769) to work on /home/airflow/.local/lib/python3.7/site-packages/airflow/example_dags/tutorial_taskflow_api_virtualenv.py
[2026-02-13T22:25:02.911+0000] {processor.py:743} INFO - Processing file /home/airflow/.local/lib/python3.7/site-packages/airflow/example_dags/tutorial_taskflow_api_virtualenv.py for tasks to queue
[2026-02-13T22:25:02.911+0000] {logging_mixin.py:137} INFO - [2026-02-13T22:25:02.911+0000] {dagbag.py:538} INFO - Filling up the DagBag from /home/airflow/.local/lib/python3.7/site-packages/airflow/example_dags/tutorial_taskflow_api_virtualenv.py
[2026-02-13T22:25:02.919+0000] {processor.py:753} INFO - DAG(s) dict_keys(['tutorial_taskflow_api_virtualenv']) retrieved from /home/airflow/.local/lib/python3.7/site-packages/airflow/example_dags/tutorial_taskflow_api_virtualenv.py
[2026-02-13T22:25:02.930+0000] {logging_mixin.py:137} INFO - [2026-02-13T22:25:02.930+0000] {dag.py:2690} INFO - Sync 1 DAGs
[2026-02-13T22:25:02.943+0000] {logging_mixin.py:137} INFO - [2026-02-13T22:25:02.943+0000] {dag.py:3441} INFO - Setting next_dagrun for tutorial_taskflow_api_virtualenv to None, run_after=None
[2026-02-13T22:25:02.953+0000] {processor.py:175} INFO - Processing /home/airflow/.local/lib/python3.7/site-packages/airflow/example_dags/tutorial_taskflow_api_virtualenv.py took 0.045 seconds
[2026-02-13T22:25:33.564+0000] {processor.py:153} INFO - Started process (PID=858) to work on /home/airflow/.local/lib/python3.7/site-packages/airflow/example_dags/tutorial_taskflow_api_virtualenv.py
[2026-02-13T22:25:33.565+0000] {processor.py:743} INFO - Processing file /home/airflow/.local/lib/python3.7/site-packages/airflow/example_dags/tutorial_taskflow_api_virtualenv.py for tasks to queue
[2026-02-13T22:25:33.565+0000] {logging_mixin.py:137} INFO - [2026-02-13T22:25:33.565+0000] {dagbag.py:538} INFO - Filling up the DagBag from /home/airflow/.local/lib/python3.7/site-packages/airflow/example_dags/tutorial_taskflow_api_virtualenv.py
[2026-02-13T22:25:33.579+0000] {processor.py:753} INFO - DAG(s) dict_keys(['tutorial_taskflow_api_virtualenv']) retrieved from /home/airflow/.local/lib/python3.7/site-packages/airflow/example_dags/tutorial_taskflow_api_virtualenv.py
[2026-02-13T22:25:33.599+0000] {logging_mixin.py:137} INFO - [2026-02-13T22:25:33.599+0000] {dag.py:2690} INFO - Sync 1 DAGs
[2026-02-13T22:25:33.614+0000] {logging_mixin.py:137} INFO - [2026-02-13T22:25:33.614+0000] {dag.py:3441} INFO - Setting next_dagrun for tutorial_taskflow_api_virtualenv to None, run_after=None
[2026-02-13T22:25:33.623+0000] {processor.py:175} INFO - Processing /home/airflow/.local/lib/python3.7/site-packages/airflow/example_dags/tutorial_taskflow_api_virtualenv.py took 0.060 seconds
[2026-02-13T22:26:04.259+0000] {processor.py:153} INFO - Started process (PID=931) to work on /home/airflow/.local/lib/python3.7/site-packages/airflow/example_dags/tutorial_taskflow_api_virtualenv.py
[2026-02-13T22:26:04.259+0000] {processor.py:743} INFO - Processing file /home/airflow/.local/lib/python3.7/site-packages/airflow/example_dags/tutorial_taskflow_api_virtualenv.py for tasks to queue
[2026-02-13T22:26:04.259+0000] {logging_mixin.py:137} INFO - [2026-02-13T22:26:04.259+0000] {dagbag.py:538} INFO - Filling up the DagBag from /home/airflow/.local/lib/python3.7/site-packages/airflow/example_dags/tutorial_taskflow_api_virtualenv.py
[2026-02-13T22:26:04.267+0000] {processor.py:753} INFO - DAG(s) dict_keys(['tutorial_taskflow_api_virtualenv']) retrieved from /home/airflow/.local/lib/python3.7/site-packages/airflow/example_dags/tutorial_taskflow_api_virtualenv.py
[2026-02-13T22:26:04.276+0000] {logging_mixin.py:137} INFO - [2026-02-13T22:26:04.276+0000] {dag.py:2690} INFO - Sync 1 DAGs
[2026-02-13T22:26:04.285+0000] {logging_mixin.py:137} INFO - [2026-02-13T22:26:04.285+0000] {dag.py:3441} INFO - Setting next_dagrun for tutorial_taskflow_api_virtualenv to None, run_after=None
[2026-02-13T22:26:04.291+0000] {processor.py:175} INFO - Processing /home/airflow/.local/lib/python3.7/site-packages/airflow/example_dags/tutorial_taskflow_api_virtualenv.py took 0.034 seconds
[2026-02-13T22:26:34.767+0000] {processor.py:153} INFO - Started process (PID=1020) to work on /home/airflow/.local/lib/python3.7/site-packages/airflow/example_dags/tutorial_taskflow_api_virtualenv.py
[2026-02-13T22:26:34.767+0000] {processor.py:743} INFO - Processing file /home/airflow/.local/lib/python3.7/site-packages/airflow/example_dags/tutorial_taskflow_api_virtualenv.py for tasks to queue
[2026-02-13T22:26:34.768+0000] {logging_mixin.py:137} INFO - [2026-02-13T22:26:34.768+0000] {dagbag.py:538} INFO - Filling up the DagBag from /home/airflow/.local/lib/python3.7/site-packages/airflow/example_dags/tutorial_taskflow_api_virtualenv.py
[2026-02-13T22:26:34.777+0000] {processor.py:753} INFO - DAG(s) dict_keys(['tutorial_taskflow_api_virtualenv']) retrieved from /home/airflow/.local/lib/python3.7/site-packages/airflow/example_dags/tutorial_taskflow_api_virtualenv.py
[2026-02-13T22:26:34.790+0000] {logging_mixin.py:137} INFO - [2026-02-13T22:26:34.790+0000] {dag.py:2690} INFO - Sync 1 DAGs
[2026-02-13T22:26:34.801+0000] {logging_mixin.py:137} INFO - [2026-02-13T22:26:34.801+0000] {dag.py:3441} INFO - Setting next_dagrun for tutorial_taskflow_api_virtualenv to None, run_after=None
[2026-02-13T22:26:34.815+0000] {processor.py:175} INFO - Processing /home/airflow/.local/lib/python3.7/site-packages/airflow/example_dags/tutorial_taskflow_api_virtualenv.py took 0.050 seconds
[2026-02-13T22:27:05.577+0000] {processor.py:153} INFO - Started process (PID=1109) to work on /home/airflow/.local/lib/python3.7/site-packages/airflow/example_dags/tutorial_taskflow_api_virtualenv.py
[2026-02-13T22:27:05.578+0000] {processor.py:743} INFO - Processing file /home/airflow/.local/lib/python3.7/site-packages/airflow/example_dags/tutorial_taskflow_api_virtualenv.py for tasks to queue
[2026-02-13T22:27:05.578+0000] {logging_mixin.py:137} INFO - [2026-02-13T22:27:05.578+0000] {dagbag.py:538} INFO - Filling up the DagBag from /home/airflow/.local/lib/python3.7/site-packages/airflow/example_dags/tutorial_taskflow_api_virtualenv.py
[2026-02-13T22:27:05.589+0000] {processor.py:753} INFO - DAG(s) dict_keys(['tutorial_taskflow_api_virtualenv']) retrieved from /home/airflow/.local/lib/python3.7/site-packages/airflow/example_dags/tutorial_taskflow_api_virtualenv.py
[2026-02-13T22:27:05.602+0000] {logging_mixin.py:137} INFO - [2026-02-13T22:27:05.602+0000] {dag.py:2690} INFO - Sync 1 DAGs
[2026-02-13T22:27:05.615+0000] {logging_mixin.py:137} INFO - [2026-02-13T22:27:05.615+0000] {dag.py:3441} INFO - Setting next_dagrun for tutorial_taskflow_api_virtualenv to None, run_after=None
[2026-02-13T22:27:05.628+0000] {processor.py:175} INFO - Processing /home/airflow/.local/lib/python3.7/site-packages/airflow/example_dags/tutorial_taskflow_api_virtualenv.py took 0.054 seconds
[2026-02-13T22:27:36.196+0000] {processor.py:153} INFO - Started process (PID=1198) to work on /home/airflow/.local/lib/python3.7/site-packages/airflow/example_dags/tutorial_taskflow_api_virtualenv.py
[2026-02-13T22:27:36.198+0000] {processor.py:743} INFO - Processing file /home/airflow/.local/lib/python3.7/site-packages/airflow/example_dags/tutorial_taskflow_api_virtualenv.py for tasks to queue
[2026-02-13T22:27:36.198+0000] {logging_mixin.py:137} INFO - [2026-02-13T22:27:36.198+0000] {dagbag.py:538} INFO - Filling up the DagBag from /home/airflow/.local/lib/python3.7/site-packages/airflow/example_dags/tutorial_taskflow_api_virtualenv.py
[2026-02-13T22:27:36.207+0000] {processor.py:753} INFO - DAG(s) dict_keys(['tutorial_taskflow_api_virtualenv']) retrieved from /home/airflow/.local/lib/python3.7/site-packages/airflow/example_dags/tutorial_taskflow_api_virtualenv.py
[2026-02-13T22:27:36.223+0000] {logging_mixin.py:137} INFO - [2026-02-13T22:27:36.223+0000] {dag.py:2690} INFO - Sync 1 DAGs
[2026-02-13T22:27:36.238+0000] {logging_mixin.py:137} INFO - [2026-02-13T22:27:36.238+0000] {dag.py:3441} INFO - Setting next_dagrun for tutorial_taskflow_api_virtualenv to None, run_after=None
[2026-02-13T22:27:36.251+0000] {processor.py:175} INFO - Processing /home/airflow/.local/lib/python3.7/site-packages/airflow/example_dags/tutorial_taskflow_api_virtualenv.py took 0.056 seconds
[2026-02-13T22:28:06.950+0000] {processor.py:153} INFO - Started process (PID=1271) to work on /home/airflow/.local/lib/python3.7/site-packages/airflow/example_dags/tutorial_taskflow_api_virtualenv.py
[2026-02-13T22:28:06.951+0000] {processor.py:743} INFO - Processing file /home/airflow/.local/lib/python3.7/site-packages/airflow/example_dags/tutorial_taskflow_api_virtualenv.py for tasks to queue
[2026-02-13T22:28:06.952+0000] {logging_mixin.py:137} INFO - [2026-02-13T22:28:06.952+0000] {dagbag.py:538} INFO - Filling up the DagBag from /home/airflow/.local/lib/python3.7/site-packages/airflow/example_dags/tutorial_taskflow_api_virtualenv.py
[2026-02-13T22:28:06.964+0000] {processor.py:753} INFO - DAG(s) dict_keys(['tutorial_taskflow_api_virtualenv']) retrieved from /home/airflow/.local/lib/python3.7/site-packages/airflow/example_dags/tutorial_taskflow_api_virtualenv.py
[2026-02-13T22:28:06.976+0000] {logging_mixin.py:137} INFO - [2026-02-13T22:28:06.976+0000] {dag.py:2690} INFO - Sync 1 DAGs
[2026-02-13T22:28:06.987+0000] {logging_mixin.py:137} INFO - [2026-02-13T22:28:06.987+0000] {dag.py:3441} INFO - Setting next_dagrun for tutorial_taskflow_api_virtualenv to None, run_after=None
[2026-02-13T22:28:06.996+0000] {processor.py:175} INFO - Processing /home/airflow/.local/lib/python3.7/site-packages/airflow/example_dags/tutorial_taskflow_api_virtualenv.py took 0.047 seconds
[2026-02-13T22:28:37.546+0000] {processor.py:153} INFO - Started process (PID=1360) to work on /home/airflow/.local/lib/python3.7/site-packages/airflow/example_dags/tutorial_taskflow_api_virtualenv.py
[2026-02-13T22:28:37.546+0000] {processor.py:743} INFO - Processing file /home/airflow/.local/lib/python3.7/site-packages/airflow/example_dags/tutorial_taskflow_api_virtualenv.py for tasks to queue
[2026-02-13T22:28:37.547+0000] {logging_mixin.py:137} INFO - [2026-02-13T22:28:37.547+0000] {dagbag.py:538} INFO - Filling up the DagBag from /home/airflow/.local/lib/python3.7/site-packages/airflow/example_dags/tutorial_taskflow_api_virtualenv.py
[2026-02-13T22:28:37.558+0000] {processor.py:753} INFO - DAG(s) dict_keys(['tutorial_taskflow_api_virtualenv']) retrieved from /home/airflow/.local/lib/python3.7/site-packages/airflow/example_dags/tutorial_taskflow_api_virtualenv.py
[2026-02-13T22:28:37.569+0000] {logging_mixin.py:137} INFO - [2026-02-13T22:28:37.569+0000] {dag.py:2690} INFO - Sync 1 DAGs
[2026-02-13T22:28:37.578+0000] {logging_mixin.py:137} INFO - [2026-02-13T22:28:37.578+0000] {dag.py:3441} INFO - Setting next_dagrun for tutorial_taskflow_api_virtualenv to None, run_after=None
[2026-02-13T22:28:37.592+0000] {processor.py:175} INFO - Processing /home/airflow/.local/lib/python3.7/site-packages/airflow/example_dags/tutorial_taskflow_api_virtualenv.py took 0.047 seconds
[2026-02-13T22:29:08.155+0000] {processor.py:153} INFO - Started process (PID=1449) to work on /home/airflow/.local/lib/python3.7/site-packages/airflow/example_dags/tutorial_taskflow_api_virtualenv.py
[2026-02-13T22:29:08.156+0000] {processor.py:743} INFO - Processing file /home/airflow/.local/lib/python3.7/site-packages/airflow/example_dags/tutorial_taskflow_api_virtualenv.py for tasks to queue
[2026-02-13T22:29:08.156+0000] {logging_mixin.py:137} INFO - [2026-02-13T22:29:08.156+0000] {dagbag.py:538} INFO - Filling up the DagBag from /home/airflow/.local/lib/python3.7/site-packages/airflow/example_dags/tutorial_taskflow_api_virtualenv.py
[2026-02-13T22:29:08.166+0000] {processor.py:753} INFO - DAG(s) dict_keys(['tutorial_taskflow_api_virtualenv']) retrieved from /home/airflow/.local/lib/python3.7/site-packages/airflow/example_dags/tutorial_taskflow_api_virtualenv.py
[2026-02-13T22:29:08.184+0000] {logging_mixin.py:137} INFO - [2026-02-13T22:29:08.183+0000] {dag.py:2690} INFO - Sync 1 DAGs
[2026-02-13T22:29:08.194+0000] {logging_mixin.py:137} INFO - [2026-02-13T22:29:08.194+0000] {dag.py:3441} INFO - Setting next_dagrun for tutorial_taskflow_api_virtualenv to None, run_after=None
[2026-02-13T22:29:08.205+0000] {processor.py:175} INFO - Processing /home/airflow/.local/lib/python3.7/site-packages/airflow/example_dags/tutorial_taskflow_api_virtualenv.py took 0.052 seconds
[2026-02-13T22:29:38.833+0000] {processor.py:153} INFO - Started process (PID=1538) to work on /home/airflow/.local/lib/python3.7/site-packages/airflow/example_dags/tutorial_taskflow_api_virtualenv.py
[2026-02-13T22:29:38.834+0000] {processor.py:743} INFO - Processing file /home/airflow/.local/lib/python3.7/site-packages/airflow/example_dags/tutorial_taskflow_api_virtualenv.py for tasks to queue
[2026-02-13T22:29:38.834+0000] {logging_mixin.py:137} INFO - [2026-02-13T22:29:38.834+0000] {dagbag.py:538} INFO - Filling up the DagBag from /home/airflow/.local/lib/python3.7/site-packages/airflow/example_dags/tutorial_taskflow_api_virtualenv.py
[2026-02-13T22:29:38.843+0000] {processor.py:753} INFO - DAG(s) dict_keys(['tutorial_taskflow_api_virtualenv']) retrieved from /home/airflow/.local/lib/python3.7/site-packages/airflow/example_dags/tutorial_taskflow_api_virtualenv.py
[2026-02-13T22:29:38.857+0000] {logging_mixin.py:137} INFO - [2026-02-13T22:29:38.857+0000] {dag.py:2690} INFO - Sync 1 DAGs
[2026-02-13T22:29:38.869+0000] {logging_mixin.py:137} INFO - [2026-02-13T22:29:38.869+0000] {dag.py:3441} INFO - Setting next_dagrun for tutorial_taskflow_api_virtualenv to None, run_after=None
[2026-02-13T22:29:38.881+0000] {processor.py:175} INFO - Processing /home/airflow/.local/lib/python3.7/site-packages/airflow/example_dags/tutorial_taskflow_api_virtualenv.py took 0.049 seconds
[2026-02-13T22:30:09.471+0000] {processor.py:153} INFO - Started process (PID=1611) to work on /home/airflow/.local/lib/python3.7/site-packages/airflow/example_dags/tutorial_taskflow_api_virtualenv.py
[2026-02-13T22:30:09.472+0000] {processor.py:743} INFO - Processing file /home/airflow/.local/lib/python3.7/site-packages/airflow/example_dags/tutorial_taskflow_api_virtualenv.py for tasks to queue
[2026-02-13T22:30:09.472+0000] {logging_mixin.py:137} INFO - [2026-02-13T22:30:09.472+0000] {dagbag.py:538} INFO - Filling up the DagBag from /home/airflow/.local/lib/python3.7/site-packages/airflow/example_dags/tutorial_taskflow_api_virtualenv.py
[2026-02-13T22:30:09.483+0000] {processor.py:753} INFO - DAG(s) dict_keys(['tutorial_taskflow_api_virtualenv']) retrieved from /home/airflow/.local/lib/python3.7/site-packages/airflow/example_dags/tutorial_taskflow_api_virtualenv.py
[2026-02-13T22:30:09.499+0000] {logging_mixin.py:137} INFO - [2026-02-13T22:30:09.499+0000] {dag.py:2690} INFO - Sync 1 DAGs
[2026-02-13T22:30:09.509+0000] {logging_mixin.py:137} INFO - [2026-02-13T22:30:09.509+0000] {dag.py:3441} INFO - Setting next_dagrun for tutorial_taskflow_api_virtualenv to None, run_after=None
[2026-02-13T22:30:09.517+0000] {processor.py:175} INFO - Processing /home/airflow/.local/lib/python3.7/site-packages/airflow/example_dags/tutorial_taskflow_api_virtualenv.py took 0.048 seconds
[2026-02-13T22:30:40.257+0000] {processor.py:153} INFO - Started process (PID=1700) to work on /home/airflow/.local/lib/python3.7/site-packages/airflow/example_dags/tutorial_taskflow_api_virtualenv.py
[2026-02-13T22:30:40.258+0000] {processor.py:743} INFO - Processing file /home/airflow/.local/lib/python3.7/site-packages/airflow/example_dags/tutorial_taskflow_api_virtualenv.py for tasks to queue
[2026-02-13T22:30:40.259+0000] {logging_mixin.py:137} INFO - [2026-02-13T22:30:40.259+0000] {dagbag.py:538} INFO - Filling up the DagBag from /home/airflow/.local/lib/python3.7/site-packages/airflow/example_dags/tutorial_taskflow_api_virtualenv.py
[2026-02-13T22:30:40.269+0000] {processor.py:753} INFO - DAG(s) dict_keys(['tutorial_taskflow_api_virtualenv']) retrieved from /home/airflow/.local/lib/python3.7/site-packages/airflow/example_dags/tutorial_taskflow_api_virtualenv.py
[2026-02-13T22:30:40.280+0000] {logging_mixin.py:137} INFO - [2026-02-13T22:30:40.280+0000] {dag.py:2690} INFO - Sync 1 DAGs
[2026-02-13T22:30:40.294+0000] {logging_mixin.py:137} INFO - [2026-02-13T22:30:40.294+0000] {dag.py:3441} INFO - Setting next_dagrun for tutorial_taskflow_api_virtualenv to None, run_after=None
[2026-02-13T22:30:40.308+0000] {processor.py:175} INFO - Processing /home/airflow/.local/lib/python3.7/site-packages/airflow/example_dags/tutorial_taskflow_api_virtualenv.py took 0.053 seconds
[2026-02-13T22:31:10.889+0000] {processor.py:153} INFO - Started process (PID=1789) to work on /home/airflow/.local/lib/python3.7/site-packages/airflow/example_dags/tutorial_taskflow_api_virtualenv.py
[2026-02-13T22:31:10.890+0000] {processor.py:743} INFO - Processing file /home/airflow/.local/lib/python3.7/site-packages/airflow/example_dags/tutorial_taskflow_api_virtualenv.py for tasks to queue
[2026-02-13T22:31:10.890+0000] {logging_mixin.py:137} INFO - [2026-02-13T22:31:10.890+0000] {dagbag.py:538} INFO - Filling up the DagBag from /home/airflow/.local/lib/python3.7/site-packages/airflow/example_dags/tutorial_taskflow_api_virtualenv.py
[2026-02-13T22:31:10.898+0000] {processor.py:753} INFO - DAG(s) dict_keys(['tutorial_taskflow_api_virtualenv']) retrieved from /home/airflow/.local/lib/python3.7/site-packages/airflow/example_dags/tutorial_taskflow_api_virtualenv.py
[2026-02-13T22:31:10.908+0000] {logging_mixin.py:137} INFO - [2026-02-13T22:31:10.908+0000] {dag.py:2690} INFO - Sync 1 DAGs
[2026-02-13T22:31:10.917+0000] {logging_mixin.py:137} INFO - [2026-02-13T22:31:10.917+0000] {dag.py:3441} INFO - Setting next_dagrun for tutorial_taskflow_api_virtualenv to None, run_after=None
[2026-02-13T22:31:10.923+0000] {processor.py:175} INFO - Processing /home/airflow/.local/lib/python3.7/site-packages/airflow/example_dags/tutorial_taskflow_api_virtualenv.py took 0.035 seconds
[2026-02-13T22:31:41.520+0000] {processor.py:153} INFO - Started process (PID=1878) to work on /home/airflow/.local/lib/python3.7/site-packages/airflow/example_dags/tutorial_taskflow_api_virtualenv.py
[2026-02-13T22:31:41.522+0000] {processor.py:743} INFO - Processing file /home/airflow/.local/lib/python3.7/site-packages/airflow/example_dags/tutorial_taskflow_api_virtualenv.py for tasks to queue
[2026-02-13T22:31:41.522+0000] {logging_mixin.py:137} INFO - [2026-02-13T22:31:41.522+0000] {dagbag.py:538} INFO - Filling up the DagBag from /home/airflow/.local/lib/python3.7/site-packages/airflow/example_dags/tutorial_taskflow_api_virtualenv.py
[2026-02-13T22:31:41.538+0000] {processor.py:753} INFO - DAG(s) dict_keys(['tutorial_taskflow_api_virtualenv']) retrieved from /home/airflow/.local/lib/python3.7/site-packages/airflow/example_dags/tutorial_taskflow_api_virtualenv.py
[2026-02-13T22:31:41.557+0000] {logging_mixin.py:137} INFO - [2026-02-13T22:31:41.557+0000] {dag.py:2690} INFO - Sync 1 DAGs
[2026-02-13T22:31:41.572+0000] {logging_mixin.py:137} INFO - [2026-02-13T22:31:41.572+0000] {dag.py:3441} INFO - Setting next_dagrun for tutorial_taskflow_api_virtualenv to None, run_after=None
[2026-02-13T22:31:41.585+0000] {processor.py:175} INFO - Processing /home/airflow/.local/lib/python3.7/site-packages/airflow/example_dags/tutorial_taskflow_api_virtualenv.py took 0.068 seconds
[2026-02-13T22:32:12.328+0000] {processor.py:153} INFO - Started process (PID=1957) to work on /home/airflow/.local/lib/python3.7/site-packages/airflow/example_dags/tutorial_taskflow_api_virtualenv.py
[2026-02-13T22:32:12.329+0000] {processor.py:743} INFO - Processing file /home/airflow/.local/lib/python3.7/site-packages/airflow/example_dags/tutorial_taskflow_api_virtualenv.py for tasks to queue
[2026-02-13T22:32:12.330+0000] {logging_mixin.py:137} INFO - [2026-02-13T22:32:12.330+0000] {dagbag.py:538} INFO - Filling up the DagBag from /home/airflow/.local/lib/python3.7/site-packages/airflow/example_dags/tutorial_taskflow_api_virtualenv.py
[2026-02-13T22:32:12.342+0000] {processor.py:753} INFO - DAG(s) dict_keys(['tutorial_taskflow_api_virtualenv']) retrieved from /home/airflow/.local/lib/python3.7/site-packages/airflow/example_dags/tutorial_taskflow_api_virtualenv.py
[2026-02-13T22:32:12.360+0000] {logging_mixin.py:137} INFO - [2026-02-13T22:32:12.360+0000] {dag.py:2690} INFO - Sync 1 DAGs
[2026-02-13T22:32:12.375+0000] {logging_mixin.py:137} INFO - [2026-02-13T22:32:12.375+0000] {dag.py:3441} INFO - Setting next_dagrun for tutorial_taskflow_api_virtualenv to None, run_after=None
[2026-02-13T22:32:12.396+0000] {processor.py:175} INFO - Processing /home/airflow/.local/lib/python3.7/site-packages/airflow/example_dags/tutorial_taskflow_api_virtualenv.py took 0.069 seconds
[2026-02-13T22:32:42.675+0000] {processor.py:153} INFO - Started process (PID=2039) to work on /home/airflow/.local/lib/python3.7/site-packages/airflow/example_dags/tutorial_taskflow_api_virtualenv.py
[2026-02-13T22:32:42.676+0000] {processor.py:743} INFO - Processing file /home/airflow/.local/lib/python3.7/site-packages/airflow/example_dags/tutorial_taskflow_api_virtualenv.py for tasks to queue
[2026-02-13T22:32:42.676+0000] {logging_mixin.py:137} INFO - [2026-02-13T22:32:42.676+0000] {dagbag.py:538} INFO - Filling up the DagBag from /home/airflow/.local/lib/python3.7/site-packages/airflow/example_dags/tutorial_taskflow_api_virtualenv.py
[2026-02-13T22:32:42.684+0000] {processor.py:753} INFO - DAG(s) dict_keys(['tutorial_taskflow_api_virtualenv']) retrieved from /home/airflow/.local/lib/python3.7/site-packages/airflow/example_dags/tutorial_taskflow_api_virtualenv.py
[2026-02-13T22:32:42.694+0000] {logging_mixin.py:137} INFO - [2026-02-13T22:32:42.694+0000] {dag.py:2690} INFO - Sync 1 DAGs
[2026-02-13T22:32:42.703+0000] {logging_mixin.py:137} INFO - [2026-02-13T22:32:42.703+0000] {dag.py:3441} INFO - Setting next_dagrun for tutorial_taskflow_api_virtualenv to None, run_after=None
[2026-02-13T22:32:42.710+0000] {processor.py:175} INFO - Processing /home/airflow/.local/lib/python3.7/site-packages/airflow/example_dags/tutorial_taskflow_api_virtualenv.py took 0.036 seconds
[2026-02-13T22:34:03.928+0000] {processor.py:153} INFO - Started process (PID=90) to work on /home/airflow/.local/lib/python3.7/site-packages/airflow/example_dags/tutorial_taskflow_api_virtualenv.py
[2026-02-13T22:34:03.932+0000] {processor.py:743} INFO - Processing file /home/airflow/.local/lib/python3.7/site-packages/airflow/example_dags/tutorial_taskflow_api_virtualenv.py for tasks to queue
[2026-02-13T22:34:03.933+0000] {logging_mixin.py:137} INFO - [2026-02-13T22:34:03.933+0000] {dagbag.py:538} INFO - Filling up the DagBag from /home/airflow/.local/lib/python3.7/site-packages/airflow/example_dags/tutorial_taskflow_api_virtualenv.py
[2026-02-13T22:34:03.959+0000] {processor.py:753} INFO - DAG(s) dict_keys(['tutorial_taskflow_api_virtualenv']) retrieved from /home/airflow/.local/lib/python3.7/site-packages/airflow/example_dags/tutorial_taskflow_api_virtualenv.py
[2026-02-13T22:34:03.981+0000] {logging_mixin.py:137} INFO - [2026-02-13T22:34:03.981+0000] {dag.py:2690} INFO - Sync 1 DAGs
[2026-02-13T22:34:04.003+0000] {logging_mixin.py:137} INFO - [2026-02-13T22:34:04.003+0000] {dag.py:3441} INFO - Setting next_dagrun for tutorial_taskflow_api_virtualenv to None, run_after=None
[2026-02-13T22:34:04.021+0000] {processor.py:175} INFO - Processing /home/airflow/.local/lib/python3.7/site-packages/airflow/example_dags/tutorial_taskflow_api_virtualenv.py took 0.105 seconds
[2026-02-13T22:34:35.093+0000] {processor.py:153} INFO - Started process (PID=181) to work on /home/airflow/.local/lib/python3.7/site-packages/airflow/example_dags/tutorial_taskflow_api_virtualenv.py
[2026-02-13T22:34:35.094+0000] {processor.py:743} INFO - Processing file /home/airflow/.local/lib/python3.7/site-packages/airflow/example_dags/tutorial_taskflow_api_virtualenv.py for tasks to queue
[2026-02-13T22:34:35.094+0000] {logging_mixin.py:137} INFO - [2026-02-13T22:34:35.094+0000] {dagbag.py:538} INFO - Filling up the DagBag from /home/airflow/.local/lib/python3.7/site-packages/airflow/example_dags/tutorial_taskflow_api_virtualenv.py
[2026-02-13T22:34:35.105+0000] {processor.py:753} INFO - DAG(s) dict_keys(['tutorial_taskflow_api_virtualenv']) retrieved from /home/airflow/.local/lib/python3.7/site-packages/airflow/example_dags/tutorial_taskflow_api_virtualenv.py
[2026-02-13T22:34:35.117+0000] {logging_mixin.py:137} INFO - [2026-02-13T22:34:35.117+0000] {dag.py:2690} INFO - Sync 1 DAGs
[2026-02-13T22:34:35.130+0000] {logging_mixin.py:137} INFO - [2026-02-13T22:34:35.130+0000] {dag.py:3441} INFO - Setting next_dagrun for tutorial_taskflow_api_virtualenv to None, run_after=None
[2026-02-13T22:34:35.147+0000] {processor.py:175} INFO - Processing /home/airflow/.local/lib/python3.7/site-packages/airflow/example_dags/tutorial_taskflow_api_virtualenv.py took 0.055 seconds
[2026-02-13T22:35:06.141+0000] {processor.py:153} INFO - Started process (PID=256) to work on /home/airflow/.local/lib/python3.7/site-packages/airflow/example_dags/tutorial_taskflow_api_virtualenv.py
[2026-02-13T22:35:06.142+0000] {processor.py:743} INFO - Processing file /home/airflow/.local/lib/python3.7/site-packages/airflow/example_dags/tutorial_taskflow_api_virtualenv.py for tasks to queue
[2026-02-13T22:35:06.142+0000] {logging_mixin.py:137} INFO - [2026-02-13T22:35:06.142+0000] {dagbag.py:538} INFO - Filling up the DagBag from /home/airflow/.local/lib/python3.7/site-packages/airflow/example_dags/tutorial_taskflow_api_virtualenv.py
[2026-02-13T22:35:06.154+0000] {processor.py:753} INFO - DAG(s) dict_keys(['tutorial_taskflow_api_virtualenv']) retrieved from /home/airflow/.local/lib/python3.7/site-packages/airflow/example_dags/tutorial_taskflow_api_virtualenv.py
[2026-02-13T22:35:06.167+0000] {logging_mixin.py:137} INFO - [2026-02-13T22:35:06.167+0000] {dag.py:2690} INFO - Sync 1 DAGs
[2026-02-13T22:35:06.178+0000] {logging_mixin.py:137} INFO - [2026-02-13T22:35:06.178+0000] {dag.py:3441} INFO - Setting next_dagrun for tutorial_taskflow_api_virtualenv to None, run_after=None
[2026-02-13T22:35:06.190+0000] {processor.py:175} INFO - Processing /home/airflow/.local/lib/python3.7/site-packages/airflow/example_dags/tutorial_taskflow_api_virtualenv.py took 0.050 seconds
[2026-02-13T22:35:36.978+0000] {processor.py:153} INFO - Started process (PID=348) to work on /home/airflow/.local/lib/python3.7/site-packages/airflow/example_dags/tutorial_taskflow_api_virtualenv.py
[2026-02-13T22:35:36.979+0000] {processor.py:743} INFO - Processing file /home/airflow/.local/lib/python3.7/site-packages/airflow/example_dags/tutorial_taskflow_api_virtualenv.py for tasks to queue
[2026-02-13T22:35:36.979+0000] {logging_mixin.py:137} INFO - [2026-02-13T22:35:36.979+0000] {dagbag.py:538} INFO - Filling up the DagBag from /home/airflow/.local/lib/python3.7/site-packages/airflow/example_dags/tutorial_taskflow_api_virtualenv.py
[2026-02-13T22:35:36.994+0000] {processor.py:753} INFO - DAG(s) dict_keys(['tutorial_taskflow_api_virtualenv']) retrieved from /home/airflow/.local/lib/python3.7/site-packages/airflow/example_dags/tutorial_taskflow_api_virtualenv.py
[2026-02-13T22:35:37.009+0000] {logging_mixin.py:137} INFO - [2026-02-13T22:35:37.009+0000] {dag.py:2690} INFO - Sync 1 DAGs
[2026-02-13T22:35:37.022+0000] {logging_mixin.py:137} INFO - [2026-02-13T22:35:37.021+0000] {dag.py:3441} INFO - Setting next_dagrun for tutorial_taskflow_api_virtualenv to None, run_after=None
[2026-02-13T22:35:37.029+0000] {processor.py:175} INFO - Processing /home/airflow/.local/lib/python3.7/site-packages/airflow/example_dags/tutorial_taskflow_api_virtualenv.py took 0.052 seconds
[2026-02-13T22:36:07.904+0000] {processor.py:153} INFO - Started process (PID=439) to work on /home/airflow/.local/lib/python3.7/site-packages/airflow/example_dags/tutorial_taskflow_api_virtualenv.py
[2026-02-13T22:36:07.905+0000] {processor.py:743} INFO - Processing file /home/airflow/.local/lib/python3.7/site-packages/airflow/example_dags/tutorial_taskflow_api_virtualenv.py for tasks to queue
[2026-02-13T22:36:07.905+0000] {logging_mixin.py:137} INFO - [2026-02-13T22:36:07.905+0000] {dagbag.py:538} INFO - Filling up the DagBag from /home/airflow/.local/lib/python3.7/site-packages/airflow/example_dags/tutorial_taskflow_api_virtualenv.py
[2026-02-13T22:36:07.915+0000] {processor.py:753} INFO - DAG(s) dict_keys(['tutorial_taskflow_api_virtualenv']) retrieved from /home/airflow/.local/lib/python3.7/site-packages/airflow/example_dags/tutorial_taskflow_api_virtualenv.py
[2026-02-13T22:36:07.938+0000] {logging_mixin.py:137} INFO - [2026-02-13T22:36:07.938+0000] {dag.py:2690} INFO - Sync 1 DAGs
[2026-02-13T22:36:07.950+0000] {logging_mixin.py:137} INFO - [2026-02-13T22:36:07.950+0000] {dag.py:3441} INFO - Setting next_dagrun for tutorial_taskflow_api_virtualenv to None, run_after=None
[2026-02-13T22:36:07.962+0000] {processor.py:175} INFO - Processing /home/airflow/.local/lib/python3.7/site-packages/airflow/example_dags/tutorial_taskflow_api_virtualenv.py took 0.059 seconds
[2026-02-13T22:36:38.719+0000] {processor.py:153} INFO - Started process (PID=531) to work on /home/airflow/.local/lib/python3.7/site-packages/airflow/example_dags/tutorial_taskflow_api_virtualenv.py
[2026-02-13T22:36:38.719+0000] {processor.py:743} INFO - Processing file /home/airflow/.local/lib/python3.7/site-packages/airflow/example_dags/tutorial_taskflow_api_virtualenv.py for tasks to queue
[2026-02-13T22:36:38.720+0000] {logging_mixin.py:137} INFO - [2026-02-13T22:36:38.720+0000] {dagbag.py:538} INFO - Filling up the DagBag from /home/airflow/.local/lib/python3.7/site-packages/airflow/example_dags/tutorial_taskflow_api_virtualenv.py
[2026-02-13T22:36:38.730+0000] {processor.py:753} INFO - DAG(s) dict_keys(['tutorial_taskflow_api_virtualenv']) retrieved from /home/airflow/.local/lib/python3.7/site-packages/airflow/example_dags/tutorial_taskflow_api_virtualenv.py
[2026-02-13T22:36:38.745+0000] {logging_mixin.py:137} INFO - [2026-02-13T22:36:38.745+0000] {dag.py:2690} INFO - Sync 1 DAGs
[2026-02-13T22:36:38.757+0000] {logging_mixin.py:137} INFO - [2026-02-13T22:36:38.757+0000] {dag.py:3441} INFO - Setting next_dagrun for tutorial_taskflow_api_virtualenv to None, run_after=None
[2026-02-13T22:36:38.766+0000] {processor.py:175} INFO - Processing /home/airflow/.local/lib/python3.7/site-packages/airflow/example_dags/tutorial_taskflow_api_virtualenv.py took 0.048 seconds
