[2026-02-13T21:49:31.810+0000] {processor.py:153} INFO - Started process (PID=57) to work on /home/airflow/.local/lib/python3.7/site-packages/airflow/example_dags/example_time_delta_sensor_async.py
[2026-02-13T21:49:31.811+0000] {processor.py:743} INFO - Processing file /home/airflow/.local/lib/python3.7/site-packages/airflow/example_dags/example_time_delta_sensor_async.py for tasks to queue
[2026-02-13T21:49:31.812+0000] {logging_mixin.py:137} INFO - [2026-02-13T21:49:31.812+0000] {dagbag.py:538} INFO - Filling up the DagBag from /home/airflow/.local/lib/python3.7/site-packages/airflow/example_dags/example_time_delta_sensor_async.py
[2026-02-13T21:49:31.825+0000] {processor.py:753} INFO - DAG(s) dict_keys(['example_time_delta_sensor_async']) retrieved from /home/airflow/.local/lib/python3.7/site-packages/airflow/example_dags/example_time_delta_sensor_async.py
[2026-02-13T21:49:31.836+0000] {logging_mixin.py:137} INFO - [2026-02-13T21:49:31.836+0000] {dag.py:2690} INFO - Sync 1 DAGs
[2026-02-13T21:49:31.872+0000] {logging_mixin.py:137} INFO - [2026-02-13T21:49:31.872+0000] {dag.py:3441} INFO - Setting next_dagrun for example_time_delta_sensor_async to None, run_after=None
[2026-02-13T21:49:31.901+0000] {processor.py:175} INFO - Processing /home/airflow/.local/lib/python3.7/site-packages/airflow/example_dags/example_time_delta_sensor_async.py took 0.093 seconds
[2026-02-13T21:50:02.529+0000] {processor.py:153} INFO - Started process (PID=145) to work on /home/airflow/.local/lib/python3.7/site-packages/airflow/example_dags/example_time_delta_sensor_async.py
[2026-02-13T21:50:02.529+0000] {processor.py:743} INFO - Processing file /home/airflow/.local/lib/python3.7/site-packages/airflow/example_dags/example_time_delta_sensor_async.py for tasks to queue
[2026-02-13T21:50:02.530+0000] {logging_mixin.py:137} INFO - [2026-02-13T21:50:02.530+0000] {dagbag.py:538} INFO - Filling up the DagBag from /home/airflow/.local/lib/python3.7/site-packages/airflow/example_dags/example_time_delta_sensor_async.py
[2026-02-13T21:50:02.535+0000] {processor.py:753} INFO - DAG(s) dict_keys(['example_time_delta_sensor_async']) retrieved from /home/airflow/.local/lib/python3.7/site-packages/airflow/example_dags/example_time_delta_sensor_async.py
[2026-02-13T21:50:02.547+0000] {logging_mixin.py:137} INFO - [2026-02-13T21:50:02.547+0000] {dag.py:2690} INFO - Sync 1 DAGs
[2026-02-13T21:50:02.559+0000] {logging_mixin.py:137} INFO - [2026-02-13T21:50:02.559+0000] {dag.py:3441} INFO - Setting next_dagrun for example_time_delta_sensor_async to None, run_after=None
[2026-02-13T21:50:02.572+0000] {processor.py:175} INFO - Processing /home/airflow/.local/lib/python3.7/site-packages/airflow/example_dags/example_time_delta_sensor_async.py took 0.045 seconds
[2026-02-13T21:50:33.141+0000] {processor.py:153} INFO - Started process (PID=234) to work on /home/airflow/.local/lib/python3.7/site-packages/airflow/example_dags/example_time_delta_sensor_async.py
[2026-02-13T21:50:33.142+0000] {processor.py:743} INFO - Processing file /home/airflow/.local/lib/python3.7/site-packages/airflow/example_dags/example_time_delta_sensor_async.py for tasks to queue
[2026-02-13T21:50:33.143+0000] {logging_mixin.py:137} INFO - [2026-02-13T21:50:33.143+0000] {dagbag.py:538} INFO - Filling up the DagBag from /home/airflow/.local/lib/python3.7/site-packages/airflow/example_dags/example_time_delta_sensor_async.py
[2026-02-13T21:50:33.149+0000] {processor.py:753} INFO - DAG(s) dict_keys(['example_time_delta_sensor_async']) retrieved from /home/airflow/.local/lib/python3.7/site-packages/airflow/example_dags/example_time_delta_sensor_async.py
[2026-02-13T21:50:33.162+0000] {logging_mixin.py:137} INFO - [2026-02-13T21:50:33.162+0000] {dag.py:2690} INFO - Sync 1 DAGs
[2026-02-13T21:50:33.175+0000] {logging_mixin.py:137} INFO - [2026-02-13T21:50:33.175+0000] {dag.py:3441} INFO - Setting next_dagrun for example_time_delta_sensor_async to None, run_after=None
[2026-02-13T21:50:33.190+0000] {processor.py:175} INFO - Processing /home/airflow/.local/lib/python3.7/site-packages/airflow/example_dags/example_time_delta_sensor_async.py took 0.051 seconds
[2026-02-13T21:51:03.625+0000] {processor.py:153} INFO - Started process (PID=306) to work on /home/airflow/.local/lib/python3.7/site-packages/airflow/example_dags/example_time_delta_sensor_async.py
[2026-02-13T21:51:03.626+0000] {processor.py:743} INFO - Processing file /home/airflow/.local/lib/python3.7/site-packages/airflow/example_dags/example_time_delta_sensor_async.py for tasks to queue
[2026-02-13T21:51:03.627+0000] {logging_mixin.py:137} INFO - [2026-02-13T21:51:03.627+0000] {dagbag.py:538} INFO - Filling up the DagBag from /home/airflow/.local/lib/python3.7/site-packages/airflow/example_dags/example_time_delta_sensor_async.py
[2026-02-13T21:51:03.633+0000] {processor.py:753} INFO - DAG(s) dict_keys(['example_time_delta_sensor_async']) retrieved from /home/airflow/.local/lib/python3.7/site-packages/airflow/example_dags/example_time_delta_sensor_async.py
[2026-02-13T21:51:03.651+0000] {logging_mixin.py:137} INFO - [2026-02-13T21:51:03.651+0000] {dag.py:2690} INFO - Sync 1 DAGs
[2026-02-13T21:51:03.662+0000] {logging_mixin.py:137} INFO - [2026-02-13T21:51:03.662+0000] {dag.py:3441} INFO - Setting next_dagrun for example_time_delta_sensor_async to None, run_after=None
[2026-02-13T21:51:03.672+0000] {processor.py:175} INFO - Processing /home/airflow/.local/lib/python3.7/site-packages/airflow/example_dags/example_time_delta_sensor_async.py took 0.048 seconds
[2026-02-13T21:51:34.044+0000] {processor.py:153} INFO - Started process (PID=394) to work on /home/airflow/.local/lib/python3.7/site-packages/airflow/example_dags/example_time_delta_sensor_async.py
[2026-02-13T21:51:34.046+0000] {processor.py:743} INFO - Processing file /home/airflow/.local/lib/python3.7/site-packages/airflow/example_dags/example_time_delta_sensor_async.py for tasks to queue
[2026-02-13T21:51:34.047+0000] {logging_mixin.py:137} INFO - [2026-02-13T21:51:34.047+0000] {dagbag.py:538} INFO - Filling up the DagBag from /home/airflow/.local/lib/python3.7/site-packages/airflow/example_dags/example_time_delta_sensor_async.py
[2026-02-13T21:51:34.053+0000] {processor.py:753} INFO - DAG(s) dict_keys(['example_time_delta_sensor_async']) retrieved from /home/airflow/.local/lib/python3.7/site-packages/airflow/example_dags/example_time_delta_sensor_async.py
[2026-02-13T21:51:34.066+0000] {logging_mixin.py:137} INFO - [2026-02-13T21:51:34.066+0000] {dag.py:2690} INFO - Sync 1 DAGs
[2026-02-13T21:51:34.080+0000] {logging_mixin.py:137} INFO - [2026-02-13T21:51:34.080+0000] {dag.py:3441} INFO - Setting next_dagrun for example_time_delta_sensor_async to None, run_after=None
[2026-02-13T21:51:34.089+0000] {processor.py:175} INFO - Processing /home/airflow/.local/lib/python3.7/site-packages/airflow/example_dags/example_time_delta_sensor_async.py took 0.046 seconds
[2026-02-13T21:52:04.486+0000] {processor.py:153} INFO - Started process (PID=482) to work on /home/airflow/.local/lib/python3.7/site-packages/airflow/example_dags/example_time_delta_sensor_async.py
[2026-02-13T21:52:04.487+0000] {processor.py:743} INFO - Processing file /home/airflow/.local/lib/python3.7/site-packages/airflow/example_dags/example_time_delta_sensor_async.py for tasks to queue
[2026-02-13T21:52:04.487+0000] {logging_mixin.py:137} INFO - [2026-02-13T21:52:04.487+0000] {dagbag.py:538} INFO - Filling up the DagBag from /home/airflow/.local/lib/python3.7/site-packages/airflow/example_dags/example_time_delta_sensor_async.py
[2026-02-13T21:52:04.493+0000] {processor.py:753} INFO - DAG(s) dict_keys(['example_time_delta_sensor_async']) retrieved from /home/airflow/.local/lib/python3.7/site-packages/airflow/example_dags/example_time_delta_sensor_async.py
[2026-02-13T21:52:04.508+0000] {logging_mixin.py:137} INFO - [2026-02-13T21:52:04.508+0000] {dag.py:2690} INFO - Sync 1 DAGs
[2026-02-13T21:52:04.519+0000] {logging_mixin.py:137} INFO - [2026-02-13T21:52:04.519+0000] {dag.py:3441} INFO - Setting next_dagrun for example_time_delta_sensor_async to None, run_after=None
[2026-02-13T21:52:04.529+0000] {processor.py:175} INFO - Processing /home/airflow/.local/lib/python3.7/site-packages/airflow/example_dags/example_time_delta_sensor_async.py took 0.044 seconds
[2026-02-13T21:52:35.057+0000] {processor.py:153} INFO - Started process (PID=570) to work on /home/airflow/.local/lib/python3.7/site-packages/airflow/example_dags/example_time_delta_sensor_async.py
[2026-02-13T21:52:35.058+0000] {processor.py:743} INFO - Processing file /home/airflow/.local/lib/python3.7/site-packages/airflow/example_dags/example_time_delta_sensor_async.py for tasks to queue
[2026-02-13T21:52:35.058+0000] {logging_mixin.py:137} INFO - [2026-02-13T21:52:35.058+0000] {dagbag.py:538} INFO - Filling up the DagBag from /home/airflow/.local/lib/python3.7/site-packages/airflow/example_dags/example_time_delta_sensor_async.py
[2026-02-13T21:52:35.064+0000] {processor.py:753} INFO - DAG(s) dict_keys(['example_time_delta_sensor_async']) retrieved from /home/airflow/.local/lib/python3.7/site-packages/airflow/example_dags/example_time_delta_sensor_async.py
[2026-02-13T21:52:35.078+0000] {logging_mixin.py:137} INFO - [2026-02-13T21:52:35.077+0000] {dag.py:2690} INFO - Sync 1 DAGs
[2026-02-13T21:52:35.090+0000] {logging_mixin.py:137} INFO - [2026-02-13T21:52:35.090+0000] {dag.py:3441} INFO - Setting next_dagrun for example_time_delta_sensor_async to None, run_after=None
[2026-02-13T21:52:35.098+0000] {processor.py:175} INFO - Processing /home/airflow/.local/lib/python3.7/site-packages/airflow/example_dags/example_time_delta_sensor_async.py took 0.043 seconds
[2026-02-13T21:53:05.518+0000] {processor.py:153} INFO - Started process (PID=641) to work on /home/airflow/.local/lib/python3.7/site-packages/airflow/example_dags/example_time_delta_sensor_async.py
[2026-02-13T21:53:05.520+0000] {processor.py:743} INFO - Processing file /home/airflow/.local/lib/python3.7/site-packages/airflow/example_dags/example_time_delta_sensor_async.py for tasks to queue
[2026-02-13T21:53:05.520+0000] {logging_mixin.py:137} INFO - [2026-02-13T21:53:05.520+0000] {dagbag.py:538} INFO - Filling up the DagBag from /home/airflow/.local/lib/python3.7/site-packages/airflow/example_dags/example_time_delta_sensor_async.py
[2026-02-13T21:53:05.525+0000] {processor.py:753} INFO - DAG(s) dict_keys(['example_time_delta_sensor_async']) retrieved from /home/airflow/.local/lib/python3.7/site-packages/airflow/example_dags/example_time_delta_sensor_async.py
[2026-02-13T21:53:05.539+0000] {logging_mixin.py:137} INFO - [2026-02-13T21:53:05.539+0000] {dag.py:2690} INFO - Sync 1 DAGs
[2026-02-13T21:53:05.551+0000] {logging_mixin.py:137} INFO - [2026-02-13T21:53:05.551+0000] {dag.py:3441} INFO - Setting next_dagrun for example_time_delta_sensor_async to None, run_after=None
[2026-02-13T21:53:05.564+0000] {processor.py:175} INFO - Processing /home/airflow/.local/lib/python3.7/site-packages/airflow/example_dags/example_time_delta_sensor_async.py took 0.047 seconds
[2026-02-13T21:53:36.060+0000] {processor.py:153} INFO - Started process (PID=729) to work on /home/airflow/.local/lib/python3.7/site-packages/airflow/example_dags/example_time_delta_sensor_async.py
[2026-02-13T21:53:36.061+0000] {processor.py:743} INFO - Processing file /home/airflow/.local/lib/python3.7/site-packages/airflow/example_dags/example_time_delta_sensor_async.py for tasks to queue
[2026-02-13T21:53:36.061+0000] {logging_mixin.py:137} INFO - [2026-02-13T21:53:36.061+0000] {dagbag.py:538} INFO - Filling up the DagBag from /home/airflow/.local/lib/python3.7/site-packages/airflow/example_dags/example_time_delta_sensor_async.py
[2026-02-13T21:53:36.067+0000] {processor.py:753} INFO - DAG(s) dict_keys(['example_time_delta_sensor_async']) retrieved from /home/airflow/.local/lib/python3.7/site-packages/airflow/example_dags/example_time_delta_sensor_async.py
[2026-02-13T21:53:36.078+0000] {logging_mixin.py:137} INFO - [2026-02-13T21:53:36.078+0000] {dag.py:2690} INFO - Sync 1 DAGs
[2026-02-13T21:53:36.089+0000] {logging_mixin.py:137} INFO - [2026-02-13T21:53:36.089+0000] {dag.py:3441} INFO - Setting next_dagrun for example_time_delta_sensor_async to None, run_after=None
[2026-02-13T21:53:36.099+0000] {processor.py:175} INFO - Processing /home/airflow/.local/lib/python3.7/site-packages/airflow/example_dags/example_time_delta_sensor_async.py took 0.041 seconds
[2026-02-13T21:54:06.476+0000] {processor.py:153} INFO - Started process (PID=817) to work on /home/airflow/.local/lib/python3.7/site-packages/airflow/example_dags/example_time_delta_sensor_async.py
[2026-02-13T21:54:06.477+0000] {processor.py:743} INFO - Processing file /home/airflow/.local/lib/python3.7/site-packages/airflow/example_dags/example_time_delta_sensor_async.py for tasks to queue
[2026-02-13T21:54:06.479+0000] {logging_mixin.py:137} INFO - [2026-02-13T21:54:06.479+0000] {dagbag.py:538} INFO - Filling up the DagBag from /home/airflow/.local/lib/python3.7/site-packages/airflow/example_dags/example_time_delta_sensor_async.py
[2026-02-13T21:54:06.484+0000] {processor.py:753} INFO - DAG(s) dict_keys(['example_time_delta_sensor_async']) retrieved from /home/airflow/.local/lib/python3.7/site-packages/airflow/example_dags/example_time_delta_sensor_async.py
[2026-02-13T21:54:06.497+0000] {logging_mixin.py:137} INFO - [2026-02-13T21:54:06.497+0000] {dag.py:2690} INFO - Sync 1 DAGs
[2026-02-13T21:54:06.511+0000] {logging_mixin.py:137} INFO - [2026-02-13T21:54:06.511+0000] {dag.py:3441} INFO - Setting next_dagrun for example_time_delta_sensor_async to None, run_after=None
[2026-02-13T21:54:06.523+0000] {processor.py:175} INFO - Processing /home/airflow/.local/lib/python3.7/site-packages/airflow/example_dags/example_time_delta_sensor_async.py took 0.049 seconds
[2026-02-13T21:54:37.071+0000] {processor.py:153} INFO - Started process (PID=905) to work on /home/airflow/.local/lib/python3.7/site-packages/airflow/example_dags/example_time_delta_sensor_async.py
[2026-02-13T21:54:37.074+0000] {processor.py:743} INFO - Processing file /home/airflow/.local/lib/python3.7/site-packages/airflow/example_dags/example_time_delta_sensor_async.py for tasks to queue
[2026-02-13T21:54:37.075+0000] {logging_mixin.py:137} INFO - [2026-02-13T21:54:37.075+0000] {dagbag.py:538} INFO - Filling up the DagBag from /home/airflow/.local/lib/python3.7/site-packages/airflow/example_dags/example_time_delta_sensor_async.py
[2026-02-13T21:54:37.082+0000] {processor.py:753} INFO - DAG(s) dict_keys(['example_time_delta_sensor_async']) retrieved from /home/airflow/.local/lib/python3.7/site-packages/airflow/example_dags/example_time_delta_sensor_async.py
[2026-02-13T21:54:37.102+0000] {logging_mixin.py:137} INFO - [2026-02-13T21:54:37.101+0000] {dag.py:2690} INFO - Sync 1 DAGs
[2026-02-13T21:54:37.121+0000] {logging_mixin.py:137} INFO - [2026-02-13T21:54:37.121+0000] {dag.py:3441} INFO - Setting next_dagrun for example_time_delta_sensor_async to None, run_after=None
[2026-02-13T21:54:37.134+0000] {processor.py:175} INFO - Processing /home/airflow/.local/lib/python3.7/site-packages/airflow/example_dags/example_time_delta_sensor_async.py took 0.065 seconds
[2026-02-13T21:55:07.652+0000] {processor.py:153} INFO - Started process (PID=977) to work on /home/airflow/.local/lib/python3.7/site-packages/airflow/example_dags/example_time_delta_sensor_async.py
[2026-02-13T21:55:07.653+0000] {processor.py:743} INFO - Processing file /home/airflow/.local/lib/python3.7/site-packages/airflow/example_dags/example_time_delta_sensor_async.py for tasks to queue
[2026-02-13T21:55:07.655+0000] {logging_mixin.py:137} INFO - [2026-02-13T21:55:07.655+0000] {dagbag.py:538} INFO - Filling up the DagBag from /home/airflow/.local/lib/python3.7/site-packages/airflow/example_dags/example_time_delta_sensor_async.py
[2026-02-13T21:55:07.661+0000] {processor.py:753} INFO - DAG(s) dict_keys(['example_time_delta_sensor_async']) retrieved from /home/airflow/.local/lib/python3.7/site-packages/airflow/example_dags/example_time_delta_sensor_async.py
[2026-02-13T21:55:07.676+0000] {logging_mixin.py:137} INFO - [2026-02-13T21:55:07.676+0000] {dag.py:2690} INFO - Sync 1 DAGs
[2026-02-13T21:55:07.687+0000] {logging_mixin.py:137} INFO - [2026-02-13T21:55:07.687+0000] {dag.py:3441} INFO - Setting next_dagrun for example_time_delta_sensor_async to None, run_after=None
[2026-02-13T21:55:07.694+0000] {processor.py:175} INFO - Processing /home/airflow/.local/lib/python3.7/site-packages/airflow/example_dags/example_time_delta_sensor_async.py took 0.043 seconds
[2026-02-13T21:55:38.152+0000] {processor.py:153} INFO - Started process (PID=1065) to work on /home/airflow/.local/lib/python3.7/site-packages/airflow/example_dags/example_time_delta_sensor_async.py
[2026-02-13T21:55:38.153+0000] {processor.py:743} INFO - Processing file /home/airflow/.local/lib/python3.7/site-packages/airflow/example_dags/example_time_delta_sensor_async.py for tasks to queue
[2026-02-13T21:55:38.154+0000] {logging_mixin.py:137} INFO - [2026-02-13T21:55:38.153+0000] {dagbag.py:538} INFO - Filling up the DagBag from /home/airflow/.local/lib/python3.7/site-packages/airflow/example_dags/example_time_delta_sensor_async.py
[2026-02-13T21:55:38.158+0000] {processor.py:753} INFO - DAG(s) dict_keys(['example_time_delta_sensor_async']) retrieved from /home/airflow/.local/lib/python3.7/site-packages/airflow/example_dags/example_time_delta_sensor_async.py
[2026-02-13T21:55:38.174+0000] {logging_mixin.py:137} INFO - [2026-02-13T21:55:38.174+0000] {dag.py:2690} INFO - Sync 1 DAGs
[2026-02-13T21:55:38.186+0000] {logging_mixin.py:137} INFO - [2026-02-13T21:55:38.186+0000] {dag.py:3441} INFO - Setting next_dagrun for example_time_delta_sensor_async to None, run_after=None
[2026-02-13T21:55:38.193+0000] {processor.py:175} INFO - Processing /home/airflow/.local/lib/python3.7/site-packages/airflow/example_dags/example_time_delta_sensor_async.py took 0.043 seconds
[2026-02-13T21:56:08.664+0000] {processor.py:153} INFO - Started process (PID=1153) to work on /home/airflow/.local/lib/python3.7/site-packages/airflow/example_dags/example_time_delta_sensor_async.py
[2026-02-13T21:56:08.664+0000] {processor.py:743} INFO - Processing file /home/airflow/.local/lib/python3.7/site-packages/airflow/example_dags/example_time_delta_sensor_async.py for tasks to queue
[2026-02-13T21:56:08.665+0000] {logging_mixin.py:137} INFO - [2026-02-13T21:56:08.664+0000] {dagbag.py:538} INFO - Filling up the DagBag from /home/airflow/.local/lib/python3.7/site-packages/airflow/example_dags/example_time_delta_sensor_async.py
[2026-02-13T21:56:08.669+0000] {processor.py:753} INFO - DAG(s) dict_keys(['example_time_delta_sensor_async']) retrieved from /home/airflow/.local/lib/python3.7/site-packages/airflow/example_dags/example_time_delta_sensor_async.py
[2026-02-13T21:56:08.684+0000] {logging_mixin.py:137} INFO - [2026-02-13T21:56:08.683+0000] {dag.py:2690} INFO - Sync 1 DAGs
[2026-02-13T21:56:08.697+0000] {logging_mixin.py:137} INFO - [2026-02-13T21:56:08.697+0000] {dag.py:3441} INFO - Setting next_dagrun for example_time_delta_sensor_async to None, run_after=None
[2026-02-13T21:56:08.708+0000] {processor.py:175} INFO - Processing /home/airflow/.local/lib/python3.7/site-packages/airflow/example_dags/example_time_delta_sensor_async.py took 0.046 seconds
[2026-02-13T21:56:39.555+0000] {processor.py:153} INFO - Started process (PID=1241) to work on /home/airflow/.local/lib/python3.7/site-packages/airflow/example_dags/example_time_delta_sensor_async.py
[2026-02-13T21:56:39.556+0000] {processor.py:743} INFO - Processing file /home/airflow/.local/lib/python3.7/site-packages/airflow/example_dags/example_time_delta_sensor_async.py for tasks to queue
[2026-02-13T21:56:39.558+0000] {logging_mixin.py:137} INFO - [2026-02-13T21:56:39.558+0000] {dagbag.py:538} INFO - Filling up the DagBag from /home/airflow/.local/lib/python3.7/site-packages/airflow/example_dags/example_time_delta_sensor_async.py
[2026-02-13T21:56:39.564+0000] {processor.py:753} INFO - DAG(s) dict_keys(['example_time_delta_sensor_async']) retrieved from /home/airflow/.local/lib/python3.7/site-packages/airflow/example_dags/example_time_delta_sensor_async.py
[2026-02-13T21:56:39.577+0000] {logging_mixin.py:137} INFO - [2026-02-13T21:56:39.577+0000] {dag.py:2690} INFO - Sync 1 DAGs
[2026-02-13T21:56:39.591+0000] {logging_mixin.py:137} INFO - [2026-02-13T21:56:39.591+0000] {dag.py:3441} INFO - Setting next_dagrun for example_time_delta_sensor_async to None, run_after=None
[2026-02-13T21:56:39.608+0000] {processor.py:175} INFO - Processing /home/airflow/.local/lib/python3.7/site-packages/airflow/example_dags/example_time_delta_sensor_async.py took 0.055 seconds
[2026-02-13T22:01:03.971+0000] {processor.py:153} INFO - Started process (PID=55) to work on /home/airflow/.local/lib/python3.7/site-packages/airflow/example_dags/example_time_delta_sensor_async.py
[2026-02-13T22:01:03.972+0000] {processor.py:743} INFO - Processing file /home/airflow/.local/lib/python3.7/site-packages/airflow/example_dags/example_time_delta_sensor_async.py for tasks to queue
[2026-02-13T22:01:03.976+0000] {logging_mixin.py:137} INFO - [2026-02-13T22:01:03.975+0000] {dagbag.py:538} INFO - Filling up the DagBag from /home/airflow/.local/lib/python3.7/site-packages/airflow/example_dags/example_time_delta_sensor_async.py
[2026-02-13T22:01:03.986+0000] {processor.py:753} INFO - DAG(s) dict_keys(['example_time_delta_sensor_async']) retrieved from /home/airflow/.local/lib/python3.7/site-packages/airflow/example_dags/example_time_delta_sensor_async.py
[2026-02-13T22:01:03.993+0000] {logging_mixin.py:137} INFO - [2026-02-13T22:01:03.993+0000] {dag.py:2690} INFO - Sync 1 DAGs
[2026-02-13T22:01:04.008+0000] {logging_mixin.py:137} INFO - [2026-02-13T22:01:04.008+0000] {dag.py:3441} INFO - Setting next_dagrun for example_time_delta_sensor_async to None, run_after=None
[2026-02-13T22:01:04.017+0000] {processor.py:175} INFO - Processing /home/airflow/.local/lib/python3.7/site-packages/airflow/example_dags/example_time_delta_sensor_async.py took 0.048 seconds
[2026-02-13T22:01:34.692+0000] {processor.py:153} INFO - Started process (PID=142) to work on /home/airflow/.local/lib/python3.7/site-packages/airflow/example_dags/example_time_delta_sensor_async.py
[2026-02-13T22:01:34.694+0000] {processor.py:743} INFO - Processing file /home/airflow/.local/lib/python3.7/site-packages/airflow/example_dags/example_time_delta_sensor_async.py for tasks to queue
[2026-02-13T22:01:34.695+0000] {logging_mixin.py:137} INFO - [2026-02-13T22:01:34.695+0000] {dagbag.py:538} INFO - Filling up the DagBag from /home/airflow/.local/lib/python3.7/site-packages/airflow/example_dags/example_time_delta_sensor_async.py
[2026-02-13T22:01:34.703+0000] {processor.py:753} INFO - DAG(s) dict_keys(['example_time_delta_sensor_async']) retrieved from /home/airflow/.local/lib/python3.7/site-packages/airflow/example_dags/example_time_delta_sensor_async.py
[2026-02-13T22:01:34.718+0000] {logging_mixin.py:137} INFO - [2026-02-13T22:01:34.718+0000] {dag.py:2690} INFO - Sync 1 DAGs
[2026-02-13T22:01:34.732+0000] {logging_mixin.py:137} INFO - [2026-02-13T22:01:34.732+0000] {dag.py:3441} INFO - Setting next_dagrun for example_time_delta_sensor_async to None, run_after=None
[2026-02-13T22:01:34.745+0000] {processor.py:175} INFO - Processing /home/airflow/.local/lib/python3.7/site-packages/airflow/example_dags/example_time_delta_sensor_async.py took 0.055 seconds
[2026-02-13T22:02:05.212+0000] {processor.py:153} INFO - Started process (PID=232) to work on /home/airflow/.local/lib/python3.7/site-packages/airflow/example_dags/example_time_delta_sensor_async.py
[2026-02-13T22:02:05.213+0000] {processor.py:743} INFO - Processing file /home/airflow/.local/lib/python3.7/site-packages/airflow/example_dags/example_time_delta_sensor_async.py for tasks to queue
[2026-02-13T22:02:05.213+0000] {logging_mixin.py:137} INFO - [2026-02-13T22:02:05.213+0000] {dagbag.py:538} INFO - Filling up the DagBag from /home/airflow/.local/lib/python3.7/site-packages/airflow/example_dags/example_time_delta_sensor_async.py
[2026-02-13T22:02:05.219+0000] {processor.py:753} INFO - DAG(s) dict_keys(['example_time_delta_sensor_async']) retrieved from /home/airflow/.local/lib/python3.7/site-packages/airflow/example_dags/example_time_delta_sensor_async.py
[2026-02-13T22:02:05.236+0000] {logging_mixin.py:137} INFO - [2026-02-13T22:02:05.236+0000] {dag.py:2690} INFO - Sync 1 DAGs
[2026-02-13T22:02:05.248+0000] {logging_mixin.py:137} INFO - [2026-02-13T22:02:05.248+0000] {dag.py:3441} INFO - Setting next_dagrun for example_time_delta_sensor_async to None, run_after=None
[2026-02-13T22:02:05.258+0000] {processor.py:175} INFO - Processing /home/airflow/.local/lib/python3.7/site-packages/airflow/example_dags/example_time_delta_sensor_async.py took 0.047 seconds
[2026-02-13T22:02:35.798+0000] {processor.py:153} INFO - Started process (PID=304) to work on /home/airflow/.local/lib/python3.7/site-packages/airflow/example_dags/example_time_delta_sensor_async.py
[2026-02-13T22:02:35.799+0000] {processor.py:743} INFO - Processing file /home/airflow/.local/lib/python3.7/site-packages/airflow/example_dags/example_time_delta_sensor_async.py for tasks to queue
[2026-02-13T22:02:35.800+0000] {logging_mixin.py:137} INFO - [2026-02-13T22:02:35.800+0000] {dagbag.py:538} INFO - Filling up the DagBag from /home/airflow/.local/lib/python3.7/site-packages/airflow/example_dags/example_time_delta_sensor_async.py
[2026-02-13T22:02:35.806+0000] {processor.py:753} INFO - DAG(s) dict_keys(['example_time_delta_sensor_async']) retrieved from /home/airflow/.local/lib/python3.7/site-packages/airflow/example_dags/example_time_delta_sensor_async.py
[2026-02-13T22:02:35.820+0000] {logging_mixin.py:137} INFO - [2026-02-13T22:02:35.820+0000] {dag.py:2690} INFO - Sync 1 DAGs
[2026-02-13T22:02:35.831+0000] {logging_mixin.py:137} INFO - [2026-02-13T22:02:35.831+0000] {dag.py:3441} INFO - Setting next_dagrun for example_time_delta_sensor_async to None, run_after=None
[2026-02-13T22:02:35.843+0000] {processor.py:175} INFO - Processing /home/airflow/.local/lib/python3.7/site-packages/airflow/example_dags/example_time_delta_sensor_async.py took 0.047 seconds
[2026-02-13T22:03:30.160+0000] {processor.py:153} INFO - Started process (PID=55) to work on /home/airflow/.local/lib/python3.7/site-packages/airflow/example_dags/example_time_delta_sensor_async.py
[2026-02-13T22:03:30.160+0000] {processor.py:743} INFO - Processing file /home/airflow/.local/lib/python3.7/site-packages/airflow/example_dags/example_time_delta_sensor_async.py for tasks to queue
[2026-02-13T22:03:30.161+0000] {logging_mixin.py:137} INFO - [2026-02-13T22:03:30.161+0000] {dagbag.py:538} INFO - Filling up the DagBag from /home/airflow/.local/lib/python3.7/site-packages/airflow/example_dags/example_time_delta_sensor_async.py
[2026-02-13T22:03:30.172+0000] {processor.py:753} INFO - DAG(s) dict_keys(['example_time_delta_sensor_async']) retrieved from /home/airflow/.local/lib/python3.7/site-packages/airflow/example_dags/example_time_delta_sensor_async.py
[2026-02-13T22:03:30.182+0000] {logging_mixin.py:137} INFO - [2026-02-13T22:03:30.182+0000] {dag.py:2690} INFO - Sync 1 DAGs
[2026-02-13T22:03:30.198+0000] {logging_mixin.py:137} INFO - [2026-02-13T22:03:30.198+0000] {dag.py:3441} INFO - Setting next_dagrun for example_time_delta_sensor_async to None, run_after=None
[2026-02-13T22:03:30.215+0000] {processor.py:175} INFO - Processing /home/airflow/.local/lib/python3.7/site-packages/airflow/example_dags/example_time_delta_sensor_async.py took 0.057 seconds
[2026-02-13T22:04:00.987+0000] {processor.py:153} INFO - Started process (PID=142) to work on /home/airflow/.local/lib/python3.7/site-packages/airflow/example_dags/example_time_delta_sensor_async.py
[2026-02-13T22:04:00.989+0000] {processor.py:743} INFO - Processing file /home/airflow/.local/lib/python3.7/site-packages/airflow/example_dags/example_time_delta_sensor_async.py for tasks to queue
[2026-02-13T22:04:00.992+0000] {logging_mixin.py:137} INFO - [2026-02-13T22:04:00.991+0000] {dagbag.py:538} INFO - Filling up the DagBag from /home/airflow/.local/lib/python3.7/site-packages/airflow/example_dags/example_time_delta_sensor_async.py
[2026-02-13T22:04:01.001+0000] {processor.py:753} INFO - DAG(s) dict_keys(['example_time_delta_sensor_async']) retrieved from /home/airflow/.local/lib/python3.7/site-packages/airflow/example_dags/example_time_delta_sensor_async.py
[2026-02-13T22:04:01.018+0000] {logging_mixin.py:137} INFO - [2026-02-13T22:04:01.018+0000] {dag.py:2690} INFO - Sync 1 DAGs
[2026-02-13T22:04:01.037+0000] {logging_mixin.py:137} INFO - [2026-02-13T22:04:01.037+0000] {dag.py:3441} INFO - Setting next_dagrun for example_time_delta_sensor_async to None, run_after=None
[2026-02-13T22:04:01.054+0000] {processor.py:175} INFO - Processing /home/airflow/.local/lib/python3.7/site-packages/airflow/example_dags/example_time_delta_sensor_async.py took 0.069 seconds
[2026-02-13T22:04:32.008+0000] {processor.py:153} INFO - Started process (PID=223) to work on /home/airflow/.local/lib/python3.7/site-packages/airflow/example_dags/example_time_delta_sensor_async.py
[2026-02-13T22:04:32.009+0000] {processor.py:743} INFO - Processing file /home/airflow/.local/lib/python3.7/site-packages/airflow/example_dags/example_time_delta_sensor_async.py for tasks to queue
[2026-02-13T22:04:32.010+0000] {logging_mixin.py:137} INFO - [2026-02-13T22:04:32.010+0000] {dagbag.py:538} INFO - Filling up the DagBag from /home/airflow/.local/lib/python3.7/site-packages/airflow/example_dags/example_time_delta_sensor_async.py
[2026-02-13T22:04:32.015+0000] {processor.py:753} INFO - DAG(s) dict_keys(['example_time_delta_sensor_async']) retrieved from /home/airflow/.local/lib/python3.7/site-packages/airflow/example_dags/example_time_delta_sensor_async.py
[2026-02-13T22:04:32.031+0000] {logging_mixin.py:137} INFO - [2026-02-13T22:04:32.031+0000] {dag.py:2690} INFO - Sync 1 DAGs
[2026-02-13T22:04:32.044+0000] {logging_mixin.py:137} INFO - [2026-02-13T22:04:32.044+0000] {dag.py:3441} INFO - Setting next_dagrun for example_time_delta_sensor_async to None, run_after=None
[2026-02-13T22:04:32.055+0000] {processor.py:175} INFO - Processing /home/airflow/.local/lib/python3.7/site-packages/airflow/example_dags/example_time_delta_sensor_async.py took 0.048 seconds
[2026-02-13T22:05:02.753+0000] {processor.py:153} INFO - Started process (PID=302) to work on /home/airflow/.local/lib/python3.7/site-packages/airflow/example_dags/example_time_delta_sensor_async.py
[2026-02-13T22:05:02.753+0000] {processor.py:743} INFO - Processing file /home/airflow/.local/lib/python3.7/site-packages/airflow/example_dags/example_time_delta_sensor_async.py for tasks to queue
[2026-02-13T22:05:02.754+0000] {logging_mixin.py:137} INFO - [2026-02-13T22:05:02.754+0000] {dagbag.py:538} INFO - Filling up the DagBag from /home/airflow/.local/lib/python3.7/site-packages/airflow/example_dags/example_time_delta_sensor_async.py
[2026-02-13T22:05:02.759+0000] {processor.py:753} INFO - DAG(s) dict_keys(['example_time_delta_sensor_async']) retrieved from /home/airflow/.local/lib/python3.7/site-packages/airflow/example_dags/example_time_delta_sensor_async.py
[2026-02-13T22:05:02.776+0000] {logging_mixin.py:137} INFO - [2026-02-13T22:05:02.776+0000] {dag.py:2690} INFO - Sync 1 DAGs
[2026-02-13T22:05:02.789+0000] {logging_mixin.py:137} INFO - [2026-02-13T22:05:02.789+0000] {dag.py:3441} INFO - Setting next_dagrun for example_time_delta_sensor_async to None, run_after=None
[2026-02-13T22:05:02.799+0000] {processor.py:175} INFO - Processing /home/airflow/.local/lib/python3.7/site-packages/airflow/example_dags/example_time_delta_sensor_async.py took 0.048 seconds
[2026-02-13T22:05:33.356+0000] {processor.py:153} INFO - Started process (PID=390) to work on /home/airflow/.local/lib/python3.7/site-packages/airflow/example_dags/example_time_delta_sensor_async.py
[2026-02-13T22:05:33.356+0000] {processor.py:743} INFO - Processing file /home/airflow/.local/lib/python3.7/site-packages/airflow/example_dags/example_time_delta_sensor_async.py for tasks to queue
[2026-02-13T22:05:33.356+0000] {logging_mixin.py:137} INFO - [2026-02-13T22:05:33.356+0000] {dagbag.py:538} INFO - Filling up the DagBag from /home/airflow/.local/lib/python3.7/site-packages/airflow/example_dags/example_time_delta_sensor_async.py
[2026-02-13T22:05:33.362+0000] {processor.py:753} INFO - DAG(s) dict_keys(['example_time_delta_sensor_async']) retrieved from /home/airflow/.local/lib/python3.7/site-packages/airflow/example_dags/example_time_delta_sensor_async.py
[2026-02-13T22:05:33.372+0000] {logging_mixin.py:137} INFO - [2026-02-13T22:05:33.372+0000] {dag.py:2690} INFO - Sync 1 DAGs
[2026-02-13T22:05:33.381+0000] {logging_mixin.py:137} INFO - [2026-02-13T22:05:33.381+0000] {dag.py:3441} INFO - Setting next_dagrun for example_time_delta_sensor_async to None, run_after=None
[2026-02-13T22:05:33.387+0000] {processor.py:175} INFO - Processing /home/airflow/.local/lib/python3.7/site-packages/airflow/example_dags/example_time_delta_sensor_async.py took 0.033 seconds
[2026-02-13T22:06:33.360+0000] {processor.py:153} INFO - Started process (PID=57) to work on /home/airflow/.local/lib/python3.7/site-packages/airflow/example_dags/example_time_delta_sensor_async.py
[2026-02-13T22:06:33.361+0000] {processor.py:743} INFO - Processing file /home/airflow/.local/lib/python3.7/site-packages/airflow/example_dags/example_time_delta_sensor_async.py for tasks to queue
[2026-02-13T22:06:33.362+0000] {logging_mixin.py:137} INFO - [2026-02-13T22:06:33.362+0000] {dagbag.py:538} INFO - Filling up the DagBag from /home/airflow/.local/lib/python3.7/site-packages/airflow/example_dags/example_time_delta_sensor_async.py
[2026-02-13T22:06:33.374+0000] {processor.py:753} INFO - DAG(s) dict_keys(['example_time_delta_sensor_async']) retrieved from /home/airflow/.local/lib/python3.7/site-packages/airflow/example_dags/example_time_delta_sensor_async.py
[2026-02-13T22:06:33.383+0000] {logging_mixin.py:137} INFO - [2026-02-13T22:06:33.383+0000] {dag.py:2690} INFO - Sync 1 DAGs
[2026-02-13T22:06:33.402+0000] {logging_mixin.py:137} INFO - [2026-02-13T22:06:33.402+0000] {dag.py:3441} INFO - Setting next_dagrun for example_time_delta_sensor_async to None, run_after=None
[2026-02-13T22:06:33.419+0000] {processor.py:175} INFO - Processing /home/airflow/.local/lib/python3.7/site-packages/airflow/example_dags/example_time_delta_sensor_async.py took 0.061 seconds
[2026-02-13T22:07:04.531+0000] {processor.py:153} INFO - Started process (PID=146) to work on /home/airflow/.local/lib/python3.7/site-packages/airflow/example_dags/example_time_delta_sensor_async.py
[2026-02-13T22:07:04.533+0000] {processor.py:743} INFO - Processing file /home/airflow/.local/lib/python3.7/site-packages/airflow/example_dags/example_time_delta_sensor_async.py for tasks to queue
[2026-02-13T22:07:04.536+0000] {logging_mixin.py:137} INFO - [2026-02-13T22:07:04.536+0000] {dagbag.py:538} INFO - Filling up the DagBag from /home/airflow/.local/lib/python3.7/site-packages/airflow/example_dags/example_time_delta_sensor_async.py
[2026-02-13T22:07:04.541+0000] {processor.py:753} INFO - DAG(s) dict_keys(['example_time_delta_sensor_async']) retrieved from /home/airflow/.local/lib/python3.7/site-packages/airflow/example_dags/example_time_delta_sensor_async.py
[2026-02-13T22:07:04.561+0000] {logging_mixin.py:137} INFO - [2026-02-13T22:07:04.561+0000] {dag.py:2690} INFO - Sync 1 DAGs
[2026-02-13T22:07:04.574+0000] {logging_mixin.py:137} INFO - [2026-02-13T22:07:04.574+0000] {dag.py:3441} INFO - Setting next_dagrun for example_time_delta_sensor_async to None, run_after=None
[2026-02-13T22:07:04.599+0000] {processor.py:175} INFO - Processing /home/airflow/.local/lib/python3.7/site-packages/airflow/example_dags/example_time_delta_sensor_async.py took 0.070 seconds
[2026-02-13T22:07:34.668+0000] {processor.py:153} INFO - Started process (PID=235) to work on /home/airflow/.local/lib/python3.7/site-packages/airflow/example_dags/example_time_delta_sensor_async.py
[2026-02-13T22:07:34.668+0000] {processor.py:743} INFO - Processing file /home/airflow/.local/lib/python3.7/site-packages/airflow/example_dags/example_time_delta_sensor_async.py for tasks to queue
[2026-02-13T22:07:34.668+0000] {logging_mixin.py:137} INFO - [2026-02-13T22:07:34.668+0000] {dagbag.py:538} INFO - Filling up the DagBag from /home/airflow/.local/lib/python3.7/site-packages/airflow/example_dags/example_time_delta_sensor_async.py
[2026-02-13T22:07:34.673+0000] {processor.py:753} INFO - DAG(s) dict_keys(['example_time_delta_sensor_async']) retrieved from /home/airflow/.local/lib/python3.7/site-packages/airflow/example_dags/example_time_delta_sensor_async.py
[2026-02-13T22:07:34.683+0000] {logging_mixin.py:137} INFO - [2026-02-13T22:07:34.683+0000] {dag.py:2690} INFO - Sync 1 DAGs
[2026-02-13T22:07:34.693+0000] {logging_mixin.py:137} INFO - [2026-02-13T22:07:34.693+0000] {dag.py:3441} INFO - Setting next_dagrun for example_time_delta_sensor_async to None, run_after=None
[2026-02-13T22:07:34.699+0000] {processor.py:175} INFO - Processing /home/airflow/.local/lib/python3.7/site-packages/airflow/example_dags/example_time_delta_sensor_async.py took 0.032 seconds
[2026-02-13T22:08:05.328+0000] {processor.py:153} INFO - Started process (PID=308) to work on /home/airflow/.local/lib/python3.7/site-packages/airflow/example_dags/example_time_delta_sensor_async.py
[2026-02-13T22:08:05.329+0000] {processor.py:743} INFO - Processing file /home/airflow/.local/lib/python3.7/site-packages/airflow/example_dags/example_time_delta_sensor_async.py for tasks to queue
[2026-02-13T22:08:05.329+0000] {logging_mixin.py:137} INFO - [2026-02-13T22:08:05.329+0000] {dagbag.py:538} INFO - Filling up the DagBag from /home/airflow/.local/lib/python3.7/site-packages/airflow/example_dags/example_time_delta_sensor_async.py
[2026-02-13T22:08:05.336+0000] {processor.py:753} INFO - DAG(s) dict_keys(['example_time_delta_sensor_async']) retrieved from /home/airflow/.local/lib/python3.7/site-packages/airflow/example_dags/example_time_delta_sensor_async.py
[2026-02-13T22:08:05.350+0000] {logging_mixin.py:137} INFO - [2026-02-13T22:08:05.350+0000] {dag.py:2690} INFO - Sync 1 DAGs
[2026-02-13T22:08:05.362+0000] {logging_mixin.py:137} INFO - [2026-02-13T22:08:05.362+0000] {dag.py:3441} INFO - Setting next_dagrun for example_time_delta_sensor_async to None, run_after=None
[2026-02-13T22:08:05.374+0000] {processor.py:175} INFO - Processing /home/airflow/.local/lib/python3.7/site-packages/airflow/example_dags/example_time_delta_sensor_async.py took 0.048 seconds
[2026-02-13T22:08:36.089+0000] {processor.py:153} INFO - Started process (PID=397) to work on /home/airflow/.local/lib/python3.7/site-packages/airflow/example_dags/example_time_delta_sensor_async.py
[2026-02-13T22:08:36.089+0000] {processor.py:743} INFO - Processing file /home/airflow/.local/lib/python3.7/site-packages/airflow/example_dags/example_time_delta_sensor_async.py for tasks to queue
[2026-02-13T22:08:36.090+0000] {logging_mixin.py:137} INFO - [2026-02-13T22:08:36.090+0000] {dagbag.py:538} INFO - Filling up the DagBag from /home/airflow/.local/lib/python3.7/site-packages/airflow/example_dags/example_time_delta_sensor_async.py
[2026-02-13T22:08:36.096+0000] {processor.py:753} INFO - DAG(s) dict_keys(['example_time_delta_sensor_async']) retrieved from /home/airflow/.local/lib/python3.7/site-packages/airflow/example_dags/example_time_delta_sensor_async.py
[2026-02-13T22:08:36.108+0000] {logging_mixin.py:137} INFO - [2026-02-13T22:08:36.108+0000] {dag.py:2690} INFO - Sync 1 DAGs
[2026-02-13T22:08:36.122+0000] {logging_mixin.py:137} INFO - [2026-02-13T22:08:36.122+0000] {dag.py:3441} INFO - Setting next_dagrun for example_time_delta_sensor_async to None, run_after=None
[2026-02-13T22:08:36.134+0000] {processor.py:175} INFO - Processing /home/airflow/.local/lib/python3.7/site-packages/airflow/example_dags/example_time_delta_sensor_async.py took 0.046 seconds
[2026-02-13T22:09:06.789+0000] {processor.py:153} INFO - Started process (PID=486) to work on /home/airflow/.local/lib/python3.7/site-packages/airflow/example_dags/example_time_delta_sensor_async.py
[2026-02-13T22:09:06.789+0000] {processor.py:743} INFO - Processing file /home/airflow/.local/lib/python3.7/site-packages/airflow/example_dags/example_time_delta_sensor_async.py for tasks to queue
[2026-02-13T22:09:06.789+0000] {logging_mixin.py:137} INFO - [2026-02-13T22:09:06.789+0000] {dagbag.py:538} INFO - Filling up the DagBag from /home/airflow/.local/lib/python3.7/site-packages/airflow/example_dags/example_time_delta_sensor_async.py
[2026-02-13T22:09:06.796+0000] {processor.py:753} INFO - DAG(s) dict_keys(['example_time_delta_sensor_async']) retrieved from /home/airflow/.local/lib/python3.7/site-packages/airflow/example_dags/example_time_delta_sensor_async.py
[2026-02-13T22:09:06.809+0000] {logging_mixin.py:137} INFO - [2026-02-13T22:09:06.809+0000] {dag.py:2690} INFO - Sync 1 DAGs
[2026-02-13T22:09:06.824+0000] {logging_mixin.py:137} INFO - [2026-02-13T22:09:06.824+0000] {dag.py:3441} INFO - Setting next_dagrun for example_time_delta_sensor_async to None, run_after=None
[2026-02-13T22:09:06.835+0000] {processor.py:175} INFO - Processing /home/airflow/.local/lib/python3.7/site-packages/airflow/example_dags/example_time_delta_sensor_async.py took 0.048 seconds
[2026-02-13T22:09:37.378+0000] {processor.py:153} INFO - Started process (PID=574) to work on /home/airflow/.local/lib/python3.7/site-packages/airflow/example_dags/example_time_delta_sensor_async.py
[2026-02-13T22:09:37.379+0000] {processor.py:743} INFO - Processing file /home/airflow/.local/lib/python3.7/site-packages/airflow/example_dags/example_time_delta_sensor_async.py for tasks to queue
[2026-02-13T22:09:37.380+0000] {logging_mixin.py:137} INFO - [2026-02-13T22:09:37.380+0000] {dagbag.py:538} INFO - Filling up the DagBag from /home/airflow/.local/lib/python3.7/site-packages/airflow/example_dags/example_time_delta_sensor_async.py
[2026-02-13T22:09:37.388+0000] {processor.py:753} INFO - DAG(s) dict_keys(['example_time_delta_sensor_async']) retrieved from /home/airflow/.local/lib/python3.7/site-packages/airflow/example_dags/example_time_delta_sensor_async.py
[2026-02-13T22:09:37.404+0000] {logging_mixin.py:137} INFO - [2026-02-13T22:09:37.404+0000] {dag.py:2690} INFO - Sync 1 DAGs
[2026-02-13T22:09:37.417+0000] {logging_mixin.py:137} INFO - [2026-02-13T22:09:37.417+0000] {dag.py:3441} INFO - Setting next_dagrun for example_time_delta_sensor_async to None, run_after=None
[2026-02-13T22:09:37.429+0000] {processor.py:175} INFO - Processing /home/airflow/.local/lib/python3.7/site-packages/airflow/example_dags/example_time_delta_sensor_async.py took 0.052 seconds
[2026-02-13T22:10:07.969+0000] {processor.py:153} INFO - Started process (PID=647) to work on /home/airflow/.local/lib/python3.7/site-packages/airflow/example_dags/example_time_delta_sensor_async.py
[2026-02-13T22:10:07.969+0000] {processor.py:743} INFO - Processing file /home/airflow/.local/lib/python3.7/site-packages/airflow/example_dags/example_time_delta_sensor_async.py for tasks to queue
[2026-02-13T22:10:07.970+0000] {logging_mixin.py:137} INFO - [2026-02-13T22:10:07.970+0000] {dagbag.py:538} INFO - Filling up the DagBag from /home/airflow/.local/lib/python3.7/site-packages/airflow/example_dags/example_time_delta_sensor_async.py
[2026-02-13T22:10:07.980+0000] {processor.py:753} INFO - DAG(s) dict_keys(['example_time_delta_sensor_async']) retrieved from /home/airflow/.local/lib/python3.7/site-packages/airflow/example_dags/example_time_delta_sensor_async.py
[2026-02-13T22:10:07.996+0000] {logging_mixin.py:137} INFO - [2026-02-13T22:10:07.996+0000] {dag.py:2690} INFO - Sync 1 DAGs
[2026-02-13T22:10:08.012+0000] {logging_mixin.py:137} INFO - [2026-02-13T22:10:08.012+0000] {dag.py:3441} INFO - Setting next_dagrun for example_time_delta_sensor_async to None, run_after=None
[2026-02-13T22:10:08.022+0000] {processor.py:175} INFO - Processing /home/airflow/.local/lib/python3.7/site-packages/airflow/example_dags/example_time_delta_sensor_async.py took 0.055 seconds
[2026-02-13T22:10:38.582+0000] {processor.py:153} INFO - Started process (PID=735) to work on /home/airflow/.local/lib/python3.7/site-packages/airflow/example_dags/example_time_delta_sensor_async.py
[2026-02-13T22:10:38.584+0000] {processor.py:743} INFO - Processing file /home/airflow/.local/lib/python3.7/site-packages/airflow/example_dags/example_time_delta_sensor_async.py for tasks to queue
[2026-02-13T22:10:38.584+0000] {logging_mixin.py:137} INFO - [2026-02-13T22:10:38.584+0000] {dagbag.py:538} INFO - Filling up the DagBag from /home/airflow/.local/lib/python3.7/site-packages/airflow/example_dags/example_time_delta_sensor_async.py
[2026-02-13T22:10:38.589+0000] {processor.py:753} INFO - DAG(s) dict_keys(['example_time_delta_sensor_async']) retrieved from /home/airflow/.local/lib/python3.7/site-packages/airflow/example_dags/example_time_delta_sensor_async.py
[2026-02-13T22:10:38.601+0000] {logging_mixin.py:137} INFO - [2026-02-13T22:10:38.601+0000] {dag.py:2690} INFO - Sync 1 DAGs
[2026-02-13T22:10:38.613+0000] {logging_mixin.py:137} INFO - [2026-02-13T22:10:38.613+0000] {dag.py:3441} INFO - Setting next_dagrun for example_time_delta_sensor_async to None, run_after=None
[2026-02-13T22:10:38.625+0000] {processor.py:175} INFO - Processing /home/airflow/.local/lib/python3.7/site-packages/airflow/example_dags/example_time_delta_sensor_async.py took 0.044 seconds
[2026-02-13T22:11:09.188+0000] {processor.py:153} INFO - Started process (PID=824) to work on /home/airflow/.local/lib/python3.7/site-packages/airflow/example_dags/example_time_delta_sensor_async.py
[2026-02-13T22:11:09.189+0000] {processor.py:743} INFO - Processing file /home/airflow/.local/lib/python3.7/site-packages/airflow/example_dags/example_time_delta_sensor_async.py for tasks to queue
[2026-02-13T22:11:09.189+0000] {logging_mixin.py:137} INFO - [2026-02-13T22:11:09.189+0000] {dagbag.py:538} INFO - Filling up the DagBag from /home/airflow/.local/lib/python3.7/site-packages/airflow/example_dags/example_time_delta_sensor_async.py
[2026-02-13T22:11:09.197+0000] {processor.py:753} INFO - DAG(s) dict_keys(['example_time_delta_sensor_async']) retrieved from /home/airflow/.local/lib/python3.7/site-packages/airflow/example_dags/example_time_delta_sensor_async.py
[2026-02-13T22:11:09.210+0000] {logging_mixin.py:137} INFO - [2026-02-13T22:11:09.210+0000] {dag.py:2690} INFO - Sync 1 DAGs
[2026-02-13T22:11:09.224+0000] {logging_mixin.py:137} INFO - [2026-02-13T22:11:09.223+0000] {dag.py:3441} INFO - Setting next_dagrun for example_time_delta_sensor_async to None, run_after=None
[2026-02-13T22:11:09.235+0000] {processor.py:175} INFO - Processing /home/airflow/.local/lib/python3.7/site-packages/airflow/example_dags/example_time_delta_sensor_async.py took 0.048 seconds
[2026-02-13T22:11:39.766+0000] {processor.py:153} INFO - Started process (PID=912) to work on /home/airflow/.local/lib/python3.7/site-packages/airflow/example_dags/example_time_delta_sensor_async.py
[2026-02-13T22:11:39.768+0000] {processor.py:743} INFO - Processing file /home/airflow/.local/lib/python3.7/site-packages/airflow/example_dags/example_time_delta_sensor_async.py for tasks to queue
[2026-02-13T22:11:39.768+0000] {logging_mixin.py:137} INFO - [2026-02-13T22:11:39.768+0000] {dagbag.py:538} INFO - Filling up the DagBag from /home/airflow/.local/lib/python3.7/site-packages/airflow/example_dags/example_time_delta_sensor_async.py
[2026-02-13T22:11:39.774+0000] {processor.py:753} INFO - DAG(s) dict_keys(['example_time_delta_sensor_async']) retrieved from /home/airflow/.local/lib/python3.7/site-packages/airflow/example_dags/example_time_delta_sensor_async.py
[2026-02-13T22:11:39.786+0000] {logging_mixin.py:137} INFO - [2026-02-13T22:11:39.786+0000] {dag.py:2690} INFO - Sync 1 DAGs
[2026-02-13T22:11:39.798+0000] {logging_mixin.py:137} INFO - [2026-02-13T22:11:39.798+0000] {dag.py:3441} INFO - Setting next_dagrun for example_time_delta_sensor_async to None, run_after=None
[2026-02-13T22:11:39.806+0000] {processor.py:175} INFO - Processing /home/airflow/.local/lib/python3.7/site-packages/airflow/example_dags/example_time_delta_sensor_async.py took 0.041 seconds
[2026-02-13T22:12:10.322+0000] {processor.py:153} INFO - Started process (PID=985) to work on /home/airflow/.local/lib/python3.7/site-packages/airflow/example_dags/example_time_delta_sensor_async.py
[2026-02-13T22:12:10.325+0000] {processor.py:743} INFO - Processing file /home/airflow/.local/lib/python3.7/site-packages/airflow/example_dags/example_time_delta_sensor_async.py for tasks to queue
[2026-02-13T22:12:10.325+0000] {logging_mixin.py:137} INFO - [2026-02-13T22:12:10.325+0000] {dagbag.py:538} INFO - Filling up the DagBag from /home/airflow/.local/lib/python3.7/site-packages/airflow/example_dags/example_time_delta_sensor_async.py
[2026-02-13T22:12:10.334+0000] {processor.py:753} INFO - DAG(s) dict_keys(['example_time_delta_sensor_async']) retrieved from /home/airflow/.local/lib/python3.7/site-packages/airflow/example_dags/example_time_delta_sensor_async.py
[2026-02-13T22:12:10.347+0000] {logging_mixin.py:137} INFO - [2026-02-13T22:12:10.347+0000] {dag.py:2690} INFO - Sync 1 DAGs
[2026-02-13T22:12:10.357+0000] {logging_mixin.py:137} INFO - [2026-02-13T22:12:10.357+0000] {dag.py:3441} INFO - Setting next_dagrun for example_time_delta_sensor_async to None, run_after=None
[2026-02-13T22:12:10.371+0000] {processor.py:175} INFO - Processing /home/airflow/.local/lib/python3.7/site-packages/airflow/example_dags/example_time_delta_sensor_async.py took 0.051 seconds
[2026-02-13T22:12:40.982+0000] {processor.py:153} INFO - Started process (PID=1074) to work on /home/airflow/.local/lib/python3.7/site-packages/airflow/example_dags/example_time_delta_sensor_async.py
[2026-02-13T22:12:40.982+0000] {processor.py:743} INFO - Processing file /home/airflow/.local/lib/python3.7/site-packages/airflow/example_dags/example_time_delta_sensor_async.py for tasks to queue
[2026-02-13T22:12:40.982+0000] {logging_mixin.py:137} INFO - [2026-02-13T22:12:40.982+0000] {dagbag.py:538} INFO - Filling up the DagBag from /home/airflow/.local/lib/python3.7/site-packages/airflow/example_dags/example_time_delta_sensor_async.py
[2026-02-13T22:12:40.987+0000] {processor.py:753} INFO - DAG(s) dict_keys(['example_time_delta_sensor_async']) retrieved from /home/airflow/.local/lib/python3.7/site-packages/airflow/example_dags/example_time_delta_sensor_async.py
[2026-02-13T22:12:40.997+0000] {logging_mixin.py:137} INFO - [2026-02-13T22:12:40.997+0000] {dag.py:2690} INFO - Sync 1 DAGs
[2026-02-13T22:12:41.005+0000] {logging_mixin.py:137} INFO - [2026-02-13T22:12:41.005+0000] {dag.py:3441} INFO - Setting next_dagrun for example_time_delta_sensor_async to None, run_after=None
[2026-02-13T22:12:41.012+0000] {processor.py:175} INFO - Processing /home/airflow/.local/lib/python3.7/site-packages/airflow/example_dags/example_time_delta_sensor_async.py took 0.031 seconds
[2026-02-13T22:20:57.370+0000] {processor.py:153} INFO - Started process (PID=96) to work on /home/airflow/.local/lib/python3.7/site-packages/airflow/example_dags/example_time_delta_sensor_async.py
[2026-02-13T22:20:57.371+0000] {processor.py:743} INFO - Processing file /home/airflow/.local/lib/python3.7/site-packages/airflow/example_dags/example_time_delta_sensor_async.py for tasks to queue
[2026-02-13T22:20:57.371+0000] {logging_mixin.py:137} INFO - [2026-02-13T22:20:57.371+0000] {dagbag.py:538} INFO - Filling up the DagBag from /home/airflow/.local/lib/python3.7/site-packages/airflow/example_dags/example_time_delta_sensor_async.py
[2026-02-13T22:20:57.381+0000] {processor.py:753} INFO - DAG(s) dict_keys(['example_time_delta_sensor_async']) retrieved from /home/airflow/.local/lib/python3.7/site-packages/airflow/example_dags/example_time_delta_sensor_async.py
[2026-02-13T22:20:57.388+0000] {logging_mixin.py:137} INFO - [2026-02-13T22:20:57.388+0000] {dag.py:2690} INFO - Sync 1 DAGs
[2026-02-13T22:20:57.399+0000] {logging_mixin.py:137} INFO - [2026-02-13T22:20:57.399+0000] {dag.py:3441} INFO - Setting next_dagrun for example_time_delta_sensor_async to None, run_after=None
[2026-02-13T22:20:57.407+0000] {processor.py:175} INFO - Processing /home/airflow/.local/lib/python3.7/site-packages/airflow/example_dags/example_time_delta_sensor_async.py took 0.039 seconds
[2026-02-13T22:21:28.100+0000] {processor.py:153} INFO - Started process (PID=169) to work on /home/airflow/.local/lib/python3.7/site-packages/airflow/example_dags/example_time_delta_sensor_async.py
[2026-02-13T22:21:28.103+0000] {processor.py:743} INFO - Processing file /home/airflow/.local/lib/python3.7/site-packages/airflow/example_dags/example_time_delta_sensor_async.py for tasks to queue
[2026-02-13T22:21:28.104+0000] {logging_mixin.py:137} INFO - [2026-02-13T22:21:28.103+0000] {dagbag.py:538} INFO - Filling up the DagBag from /home/airflow/.local/lib/python3.7/site-packages/airflow/example_dags/example_time_delta_sensor_async.py
[2026-02-13T22:21:28.110+0000] {processor.py:753} INFO - DAG(s) dict_keys(['example_time_delta_sensor_async']) retrieved from /home/airflow/.local/lib/python3.7/site-packages/airflow/example_dags/example_time_delta_sensor_async.py
[2026-02-13T22:21:28.121+0000] {logging_mixin.py:137} INFO - [2026-02-13T22:21:28.121+0000] {dag.py:2690} INFO - Sync 1 DAGs
[2026-02-13T22:21:28.132+0000] {logging_mixin.py:137} INFO - [2026-02-13T22:21:28.132+0000] {dag.py:3441} INFO - Setting next_dagrun for example_time_delta_sensor_async to None, run_after=None
[2026-02-13T22:21:28.145+0000] {processor.py:175} INFO - Processing /home/airflow/.local/lib/python3.7/site-packages/airflow/example_dags/example_time_delta_sensor_async.py took 0.046 seconds
[2026-02-13T22:21:59.110+0000] {processor.py:153} INFO - Started process (PID=259) to work on /home/airflow/.local/lib/python3.7/site-packages/airflow/example_dags/example_time_delta_sensor_async.py
[2026-02-13T22:21:59.111+0000] {processor.py:743} INFO - Processing file /home/airflow/.local/lib/python3.7/site-packages/airflow/example_dags/example_time_delta_sensor_async.py for tasks to queue
[2026-02-13T22:21:59.111+0000] {logging_mixin.py:137} INFO - [2026-02-13T22:21:59.111+0000] {dagbag.py:538} INFO - Filling up the DagBag from /home/airflow/.local/lib/python3.7/site-packages/airflow/example_dags/example_time_delta_sensor_async.py
[2026-02-13T22:21:59.117+0000] {processor.py:753} INFO - DAG(s) dict_keys(['example_time_delta_sensor_async']) retrieved from /home/airflow/.local/lib/python3.7/site-packages/airflow/example_dags/example_time_delta_sensor_async.py
[2026-02-13T22:21:59.127+0000] {logging_mixin.py:137} INFO - [2026-02-13T22:21:59.127+0000] {dag.py:2690} INFO - Sync 1 DAGs
[2026-02-13T22:21:59.137+0000] {logging_mixin.py:137} INFO - [2026-02-13T22:21:59.136+0000] {dag.py:3441} INFO - Setting next_dagrun for example_time_delta_sensor_async to None, run_after=None
[2026-02-13T22:21:59.143+0000] {processor.py:175} INFO - Processing /home/airflow/.local/lib/python3.7/site-packages/airflow/example_dags/example_time_delta_sensor_async.py took 0.034 seconds
[2026-02-13T22:22:29.738+0000] {processor.py:153} INFO - Started process (PID=349) to work on /home/airflow/.local/lib/python3.7/site-packages/airflow/example_dags/example_time_delta_sensor_async.py
[2026-02-13T22:22:29.739+0000] {processor.py:743} INFO - Processing file /home/airflow/.local/lib/python3.7/site-packages/airflow/example_dags/example_time_delta_sensor_async.py for tasks to queue
[2026-02-13T22:22:29.739+0000] {logging_mixin.py:137} INFO - [2026-02-13T22:22:29.739+0000] {dagbag.py:538} INFO - Filling up the DagBag from /home/airflow/.local/lib/python3.7/site-packages/airflow/example_dags/example_time_delta_sensor_async.py
[2026-02-13T22:22:29.743+0000] {processor.py:753} INFO - DAG(s) dict_keys(['example_time_delta_sensor_async']) retrieved from /home/airflow/.local/lib/python3.7/site-packages/airflow/example_dags/example_time_delta_sensor_async.py
[2026-02-13T22:22:29.752+0000] {logging_mixin.py:137} INFO - [2026-02-13T22:22:29.752+0000] {dag.py:2690} INFO - Sync 1 DAGs
[2026-02-13T22:22:29.761+0000] {logging_mixin.py:137} INFO - [2026-02-13T22:22:29.761+0000] {dag.py:3441} INFO - Setting next_dagrun for example_time_delta_sensor_async to None, run_after=None
[2026-02-13T22:22:29.767+0000] {processor.py:175} INFO - Processing /home/airflow/.local/lib/python3.7/site-packages/airflow/example_dags/example_time_delta_sensor_async.py took 0.030 seconds
[2026-02-13T22:23:00.402+0000] {processor.py:153} INFO - Started process (PID=438) to work on /home/airflow/.local/lib/python3.7/site-packages/airflow/example_dags/example_time_delta_sensor_async.py
[2026-02-13T22:23:00.402+0000] {processor.py:743} INFO - Processing file /home/airflow/.local/lib/python3.7/site-packages/airflow/example_dags/example_time_delta_sensor_async.py for tasks to queue
[2026-02-13T22:23:00.402+0000] {logging_mixin.py:137} INFO - [2026-02-13T22:23:00.402+0000] {dagbag.py:538} INFO - Filling up the DagBag from /home/airflow/.local/lib/python3.7/site-packages/airflow/example_dags/example_time_delta_sensor_async.py
[2026-02-13T22:23:00.407+0000] {processor.py:753} INFO - DAG(s) dict_keys(['example_time_delta_sensor_async']) retrieved from /home/airflow/.local/lib/python3.7/site-packages/airflow/example_dags/example_time_delta_sensor_async.py
[2026-02-13T22:23:00.417+0000] {logging_mixin.py:137} INFO - [2026-02-13T22:23:00.417+0000] {dag.py:2690} INFO - Sync 1 DAGs
[2026-02-13T22:23:00.427+0000] {logging_mixin.py:137} INFO - [2026-02-13T22:23:00.427+0000] {dag.py:3441} INFO - Setting next_dagrun for example_time_delta_sensor_async to None, run_after=None
[2026-02-13T22:23:00.434+0000] {processor.py:175} INFO - Processing /home/airflow/.local/lib/python3.7/site-packages/airflow/example_dags/example_time_delta_sensor_async.py took 0.033 seconds
[2026-02-13T22:23:31.110+0000] {processor.py:153} INFO - Started process (PID=511) to work on /home/airflow/.local/lib/python3.7/site-packages/airflow/example_dags/example_time_delta_sensor_async.py
[2026-02-13T22:23:31.111+0000] {processor.py:743} INFO - Processing file /home/airflow/.local/lib/python3.7/site-packages/airflow/example_dags/example_time_delta_sensor_async.py for tasks to queue
[2026-02-13T22:23:31.112+0000] {logging_mixin.py:137} INFO - [2026-02-13T22:23:31.112+0000] {dagbag.py:538} INFO - Filling up the DagBag from /home/airflow/.local/lib/python3.7/site-packages/airflow/example_dags/example_time_delta_sensor_async.py
[2026-02-13T22:23:31.117+0000] {processor.py:753} INFO - DAG(s) dict_keys(['example_time_delta_sensor_async']) retrieved from /home/airflow/.local/lib/python3.7/site-packages/airflow/example_dags/example_time_delta_sensor_async.py
[2026-02-13T22:23:31.128+0000] {logging_mixin.py:137} INFO - [2026-02-13T22:23:31.127+0000] {dag.py:2690} INFO - Sync 1 DAGs
[2026-02-13T22:23:31.139+0000] {logging_mixin.py:137} INFO - [2026-02-13T22:23:31.138+0000] {dag.py:3441} INFO - Setting next_dagrun for example_time_delta_sensor_async to None, run_after=None
[2026-02-13T22:23:31.150+0000] {processor.py:175} INFO - Processing /home/airflow/.local/lib/python3.7/site-packages/airflow/example_dags/example_time_delta_sensor_async.py took 0.041 seconds
[2026-02-13T22:24:01.770+0000] {processor.py:153} INFO - Started process (PID=599) to work on /home/airflow/.local/lib/python3.7/site-packages/airflow/example_dags/example_time_delta_sensor_async.py
[2026-02-13T22:24:01.770+0000] {processor.py:743} INFO - Processing file /home/airflow/.local/lib/python3.7/site-packages/airflow/example_dags/example_time_delta_sensor_async.py for tasks to queue
[2026-02-13T22:24:01.771+0000] {logging_mixin.py:137} INFO - [2026-02-13T22:24:01.770+0000] {dagbag.py:538} INFO - Filling up the DagBag from /home/airflow/.local/lib/python3.7/site-packages/airflow/example_dags/example_time_delta_sensor_async.py
[2026-02-13T22:24:01.780+0000] {processor.py:753} INFO - DAG(s) dict_keys(['example_time_delta_sensor_async']) retrieved from /home/airflow/.local/lib/python3.7/site-packages/airflow/example_dags/example_time_delta_sensor_async.py
[2026-02-13T22:24:01.793+0000] {logging_mixin.py:137} INFO - [2026-02-13T22:24:01.792+0000] {dag.py:2690} INFO - Sync 1 DAGs
[2026-02-13T22:24:01.803+0000] {logging_mixin.py:137} INFO - [2026-02-13T22:24:01.803+0000] {dag.py:3441} INFO - Setting next_dagrun for example_time_delta_sensor_async to None, run_after=None
[2026-02-13T22:24:01.810+0000] {processor.py:175} INFO - Processing /home/airflow/.local/lib/python3.7/site-packages/airflow/example_dags/example_time_delta_sensor_async.py took 0.042 seconds
[2026-02-13T22:24:32.569+0000] {processor.py:153} INFO - Started process (PID=688) to work on /home/airflow/.local/lib/python3.7/site-packages/airflow/example_dags/example_time_delta_sensor_async.py
[2026-02-13T22:24:32.569+0000] {processor.py:743} INFO - Processing file /home/airflow/.local/lib/python3.7/site-packages/airflow/example_dags/example_time_delta_sensor_async.py for tasks to queue
[2026-02-13T22:24:32.570+0000] {logging_mixin.py:137} INFO - [2026-02-13T22:24:32.570+0000] {dagbag.py:538} INFO - Filling up the DagBag from /home/airflow/.local/lib/python3.7/site-packages/airflow/example_dags/example_time_delta_sensor_async.py
[2026-02-13T22:24:32.575+0000] {processor.py:753} INFO - DAG(s) dict_keys(['example_time_delta_sensor_async']) retrieved from /home/airflow/.local/lib/python3.7/site-packages/airflow/example_dags/example_time_delta_sensor_async.py
[2026-02-13T22:24:32.587+0000] {logging_mixin.py:137} INFO - [2026-02-13T22:24:32.587+0000] {dag.py:2690} INFO - Sync 1 DAGs
[2026-02-13T22:24:32.602+0000] {logging_mixin.py:137} INFO - [2026-02-13T22:24:32.602+0000] {dag.py:3441} INFO - Setting next_dagrun for example_time_delta_sensor_async to None, run_after=None
[2026-02-13T22:24:32.613+0000] {processor.py:175} INFO - Processing /home/airflow/.local/lib/python3.7/site-packages/airflow/example_dags/example_time_delta_sensor_async.py took 0.045 seconds
[2026-02-13T22:25:03.172+0000] {processor.py:153} INFO - Started process (PID=777) to work on /home/airflow/.local/lib/python3.7/site-packages/airflow/example_dags/example_time_delta_sensor_async.py
[2026-02-13T22:25:03.173+0000] {processor.py:743} INFO - Processing file /home/airflow/.local/lib/python3.7/site-packages/airflow/example_dags/example_time_delta_sensor_async.py for tasks to queue
[2026-02-13T22:25:03.173+0000] {logging_mixin.py:137} INFO - [2026-02-13T22:25:03.173+0000] {dagbag.py:538} INFO - Filling up the DagBag from /home/airflow/.local/lib/python3.7/site-packages/airflow/example_dags/example_time_delta_sensor_async.py
[2026-02-13T22:25:03.179+0000] {processor.py:753} INFO - DAG(s) dict_keys(['example_time_delta_sensor_async']) retrieved from /home/airflow/.local/lib/python3.7/site-packages/airflow/example_dags/example_time_delta_sensor_async.py
[2026-02-13T22:25:03.191+0000] {logging_mixin.py:137} INFO - [2026-02-13T22:25:03.191+0000] {dag.py:2690} INFO - Sync 1 DAGs
[2026-02-13T22:25:03.206+0000] {logging_mixin.py:137} INFO - [2026-02-13T22:25:03.206+0000] {dag.py:3441} INFO - Setting next_dagrun for example_time_delta_sensor_async to None, run_after=None
[2026-02-13T22:25:03.216+0000] {processor.py:175} INFO - Processing /home/airflow/.local/lib/python3.7/site-packages/airflow/example_dags/example_time_delta_sensor_async.py took 0.045 seconds
[2026-02-13T22:25:33.839+0000] {processor.py:153} INFO - Started process (PID=866) to work on /home/airflow/.local/lib/python3.7/site-packages/airflow/example_dags/example_time_delta_sensor_async.py
[2026-02-13T22:25:33.840+0000] {processor.py:743} INFO - Processing file /home/airflow/.local/lib/python3.7/site-packages/airflow/example_dags/example_time_delta_sensor_async.py for tasks to queue
[2026-02-13T22:25:33.842+0000] {logging_mixin.py:137} INFO - [2026-02-13T22:25:33.842+0000] {dagbag.py:538} INFO - Filling up the DagBag from /home/airflow/.local/lib/python3.7/site-packages/airflow/example_dags/example_time_delta_sensor_async.py
[2026-02-13T22:25:33.851+0000] {processor.py:753} INFO - DAG(s) dict_keys(['example_time_delta_sensor_async']) retrieved from /home/airflow/.local/lib/python3.7/site-packages/airflow/example_dags/example_time_delta_sensor_async.py
[2026-02-13T22:25:33.864+0000] {logging_mixin.py:137} INFO - [2026-02-13T22:25:33.864+0000] {dag.py:2690} INFO - Sync 1 DAGs
[2026-02-13T22:25:33.880+0000] {logging_mixin.py:137} INFO - [2026-02-13T22:25:33.879+0000] {dag.py:3441} INFO - Setting next_dagrun for example_time_delta_sensor_async to None, run_after=None
[2026-02-13T22:25:33.891+0000] {processor.py:175} INFO - Processing /home/airflow/.local/lib/python3.7/site-packages/airflow/example_dags/example_time_delta_sensor_async.py took 0.055 seconds
[2026-02-13T22:26:04.466+0000] {processor.py:153} INFO - Started process (PID=939) to work on /home/airflow/.local/lib/python3.7/site-packages/airflow/example_dags/example_time_delta_sensor_async.py
[2026-02-13T22:26:04.466+0000] {processor.py:743} INFO - Processing file /home/airflow/.local/lib/python3.7/site-packages/airflow/example_dags/example_time_delta_sensor_async.py for tasks to queue
[2026-02-13T22:26:04.466+0000] {logging_mixin.py:137} INFO - [2026-02-13T22:26:04.466+0000] {dagbag.py:538} INFO - Filling up the DagBag from /home/airflow/.local/lib/python3.7/site-packages/airflow/example_dags/example_time_delta_sensor_async.py
[2026-02-13T22:26:04.471+0000] {processor.py:753} INFO - DAG(s) dict_keys(['example_time_delta_sensor_async']) retrieved from /home/airflow/.local/lib/python3.7/site-packages/airflow/example_dags/example_time_delta_sensor_async.py
[2026-02-13T22:26:04.482+0000] {logging_mixin.py:137} INFO - [2026-02-13T22:26:04.482+0000] {dag.py:2690} INFO - Sync 1 DAGs
[2026-02-13T22:26:04.493+0000] {logging_mixin.py:137} INFO - [2026-02-13T22:26:04.493+0000] {dag.py:3441} INFO - Setting next_dagrun for example_time_delta_sensor_async to None, run_after=None
[2026-02-13T22:26:04.504+0000] {processor.py:175} INFO - Processing /home/airflow/.local/lib/python3.7/site-packages/airflow/example_dags/example_time_delta_sensor_async.py took 0.040 seconds
[2026-02-13T22:26:35.025+0000] {processor.py:153} INFO - Started process (PID=1028) to work on /home/airflow/.local/lib/python3.7/site-packages/airflow/example_dags/example_time_delta_sensor_async.py
[2026-02-13T22:26:35.026+0000] {processor.py:743} INFO - Processing file /home/airflow/.local/lib/python3.7/site-packages/airflow/example_dags/example_time_delta_sensor_async.py for tasks to queue
[2026-02-13T22:26:35.026+0000] {logging_mixin.py:137} INFO - [2026-02-13T22:26:35.026+0000] {dagbag.py:538} INFO - Filling up the DagBag from /home/airflow/.local/lib/python3.7/site-packages/airflow/example_dags/example_time_delta_sensor_async.py
[2026-02-13T22:26:35.033+0000] {processor.py:753} INFO - DAG(s) dict_keys(['example_time_delta_sensor_async']) retrieved from /home/airflow/.local/lib/python3.7/site-packages/airflow/example_dags/example_time_delta_sensor_async.py
[2026-02-13T22:26:35.052+0000] {logging_mixin.py:137} INFO - [2026-02-13T22:26:35.051+0000] {dag.py:2690} INFO - Sync 1 DAGs
[2026-02-13T22:26:35.067+0000] {logging_mixin.py:137} INFO - [2026-02-13T22:26:35.067+0000] {dag.py:3441} INFO - Setting next_dagrun for example_time_delta_sensor_async to None, run_after=None
[2026-02-13T22:26:35.075+0000] {processor.py:175} INFO - Processing /home/airflow/.local/lib/python3.7/site-packages/airflow/example_dags/example_time_delta_sensor_async.py took 0.051 seconds
[2026-02-13T22:27:05.828+0000] {processor.py:153} INFO - Started process (PID=1117) to work on /home/airflow/.local/lib/python3.7/site-packages/airflow/example_dags/example_time_delta_sensor_async.py
[2026-02-13T22:27:05.828+0000] {processor.py:743} INFO - Processing file /home/airflow/.local/lib/python3.7/site-packages/airflow/example_dags/example_time_delta_sensor_async.py for tasks to queue
[2026-02-13T22:27:05.829+0000] {logging_mixin.py:137} INFO - [2026-02-13T22:27:05.829+0000] {dagbag.py:538} INFO - Filling up the DagBag from /home/airflow/.local/lib/python3.7/site-packages/airflow/example_dags/example_time_delta_sensor_async.py
[2026-02-13T22:27:05.834+0000] {processor.py:753} INFO - DAG(s) dict_keys(['example_time_delta_sensor_async']) retrieved from /home/airflow/.local/lib/python3.7/site-packages/airflow/example_dags/example_time_delta_sensor_async.py
[2026-02-13T22:27:05.849+0000] {logging_mixin.py:137} INFO - [2026-02-13T22:27:05.849+0000] {dag.py:2690} INFO - Sync 1 DAGs
[2026-02-13T22:27:05.865+0000] {logging_mixin.py:137} INFO - [2026-02-13T22:27:05.865+0000] {dag.py:3441} INFO - Setting next_dagrun for example_time_delta_sensor_async to None, run_after=None
[2026-02-13T22:27:05.877+0000] {processor.py:175} INFO - Processing /home/airflow/.local/lib/python3.7/site-packages/airflow/example_dags/example_time_delta_sensor_async.py took 0.050 seconds
[2026-02-13T22:27:36.447+0000] {processor.py:153} INFO - Started process (PID=1206) to work on /home/airflow/.local/lib/python3.7/site-packages/airflow/example_dags/example_time_delta_sensor_async.py
[2026-02-13T22:27:36.448+0000] {processor.py:743} INFO - Processing file /home/airflow/.local/lib/python3.7/site-packages/airflow/example_dags/example_time_delta_sensor_async.py for tasks to queue
[2026-02-13T22:27:36.448+0000] {logging_mixin.py:137} INFO - [2026-02-13T22:27:36.448+0000] {dagbag.py:538} INFO - Filling up the DagBag from /home/airflow/.local/lib/python3.7/site-packages/airflow/example_dags/example_time_delta_sensor_async.py
[2026-02-13T22:27:36.453+0000] {processor.py:753} INFO - DAG(s) dict_keys(['example_time_delta_sensor_async']) retrieved from /home/airflow/.local/lib/python3.7/site-packages/airflow/example_dags/example_time_delta_sensor_async.py
[2026-02-13T22:27:36.465+0000] {logging_mixin.py:137} INFO - [2026-02-13T22:27:36.464+0000] {dag.py:2690} INFO - Sync 1 DAGs
[2026-02-13T22:27:36.476+0000] {logging_mixin.py:137} INFO - [2026-02-13T22:27:36.476+0000] {dag.py:3441} INFO - Setting next_dagrun for example_time_delta_sensor_async to None, run_after=None
[2026-02-13T22:27:36.492+0000] {processor.py:175} INFO - Processing /home/airflow/.local/lib/python3.7/site-packages/airflow/example_dags/example_time_delta_sensor_async.py took 0.047 seconds
[2026-02-13T22:28:07.217+0000] {processor.py:153} INFO - Started process (PID=1279) to work on /home/airflow/.local/lib/python3.7/site-packages/airflow/example_dags/example_time_delta_sensor_async.py
[2026-02-13T22:28:07.218+0000] {processor.py:743} INFO - Processing file /home/airflow/.local/lib/python3.7/site-packages/airflow/example_dags/example_time_delta_sensor_async.py for tasks to queue
[2026-02-13T22:28:07.218+0000] {logging_mixin.py:137} INFO - [2026-02-13T22:28:07.218+0000] {dagbag.py:538} INFO - Filling up the DagBag from /home/airflow/.local/lib/python3.7/site-packages/airflow/example_dags/example_time_delta_sensor_async.py
[2026-02-13T22:28:07.227+0000] {processor.py:753} INFO - DAG(s) dict_keys(['example_time_delta_sensor_async']) retrieved from /home/airflow/.local/lib/python3.7/site-packages/airflow/example_dags/example_time_delta_sensor_async.py
[2026-02-13T22:28:07.241+0000] {logging_mixin.py:137} INFO - [2026-02-13T22:28:07.241+0000] {dag.py:2690} INFO - Sync 1 DAGs
[2026-02-13T22:28:07.258+0000] {logging_mixin.py:137} INFO - [2026-02-13T22:28:07.258+0000] {dag.py:3441} INFO - Setting next_dagrun for example_time_delta_sensor_async to None, run_after=None
[2026-02-13T22:28:07.272+0000] {processor.py:175} INFO - Processing /home/airflow/.local/lib/python3.7/site-packages/airflow/example_dags/example_time_delta_sensor_async.py took 0.058 seconds
[2026-02-13T22:28:37.816+0000] {processor.py:153} INFO - Started process (PID=1368) to work on /home/airflow/.local/lib/python3.7/site-packages/airflow/example_dags/example_time_delta_sensor_async.py
[2026-02-13T22:28:37.817+0000] {processor.py:743} INFO - Processing file /home/airflow/.local/lib/python3.7/site-packages/airflow/example_dags/example_time_delta_sensor_async.py for tasks to queue
[2026-02-13T22:28:37.818+0000] {logging_mixin.py:137} INFO - [2026-02-13T22:28:37.818+0000] {dagbag.py:538} INFO - Filling up the DagBag from /home/airflow/.local/lib/python3.7/site-packages/airflow/example_dags/example_time_delta_sensor_async.py
[2026-02-13T22:28:37.826+0000] {processor.py:753} INFO - DAG(s) dict_keys(['example_time_delta_sensor_async']) retrieved from /home/airflow/.local/lib/python3.7/site-packages/airflow/example_dags/example_time_delta_sensor_async.py
[2026-02-13T22:28:37.841+0000] {logging_mixin.py:137} INFO - [2026-02-13T22:28:37.841+0000] {dag.py:2690} INFO - Sync 1 DAGs
[2026-02-13T22:28:37.851+0000] {logging_mixin.py:137} INFO - [2026-02-13T22:28:37.851+0000] {dag.py:3441} INFO - Setting next_dagrun for example_time_delta_sensor_async to None, run_after=None
[2026-02-13T22:28:37.865+0000] {processor.py:175} INFO - Processing /home/airflow/.local/lib/python3.7/site-packages/airflow/example_dags/example_time_delta_sensor_async.py took 0.051 seconds
[2026-02-13T22:29:08.394+0000] {processor.py:153} INFO - Started process (PID=1457) to work on /home/airflow/.local/lib/python3.7/site-packages/airflow/example_dags/example_time_delta_sensor_async.py
[2026-02-13T22:29:08.394+0000] {processor.py:743} INFO - Processing file /home/airflow/.local/lib/python3.7/site-packages/airflow/example_dags/example_time_delta_sensor_async.py for tasks to queue
[2026-02-13T22:29:08.395+0000] {logging_mixin.py:137} INFO - [2026-02-13T22:29:08.395+0000] {dagbag.py:538} INFO - Filling up the DagBag from /home/airflow/.local/lib/python3.7/site-packages/airflow/example_dags/example_time_delta_sensor_async.py
[2026-02-13T22:29:08.401+0000] {processor.py:753} INFO - DAG(s) dict_keys(['example_time_delta_sensor_async']) retrieved from /home/airflow/.local/lib/python3.7/site-packages/airflow/example_dags/example_time_delta_sensor_async.py
[2026-02-13T22:29:08.414+0000] {logging_mixin.py:137} INFO - [2026-02-13T22:29:08.414+0000] {dag.py:2690} INFO - Sync 1 DAGs
[2026-02-13T22:29:08.445+0000] {logging_mixin.py:137} INFO - [2026-02-13T22:29:08.445+0000] {dag.py:3441} INFO - Setting next_dagrun for example_time_delta_sensor_async to None, run_after=None
[2026-02-13T22:29:08.459+0000] {processor.py:175} INFO - Processing /home/airflow/.local/lib/python3.7/site-packages/airflow/example_dags/example_time_delta_sensor_async.py took 0.067 seconds
[2026-02-13T22:29:39.076+0000] {processor.py:153} INFO - Started process (PID=1546) to work on /home/airflow/.local/lib/python3.7/site-packages/airflow/example_dags/example_time_delta_sensor_async.py
[2026-02-13T22:29:39.076+0000] {processor.py:743} INFO - Processing file /home/airflow/.local/lib/python3.7/site-packages/airflow/example_dags/example_time_delta_sensor_async.py for tasks to queue
[2026-02-13T22:29:39.077+0000] {logging_mixin.py:137} INFO - [2026-02-13T22:29:39.077+0000] {dagbag.py:538} INFO - Filling up the DagBag from /home/airflow/.local/lib/python3.7/site-packages/airflow/example_dags/example_time_delta_sensor_async.py
[2026-02-13T22:29:39.083+0000] {processor.py:753} INFO - DAG(s) dict_keys(['example_time_delta_sensor_async']) retrieved from /home/airflow/.local/lib/python3.7/site-packages/airflow/example_dags/example_time_delta_sensor_async.py
[2026-02-13T22:29:39.096+0000] {logging_mixin.py:137} INFO - [2026-02-13T22:29:39.096+0000] {dag.py:2690} INFO - Sync 1 DAGs
[2026-02-13T22:29:39.110+0000] {logging_mixin.py:137} INFO - [2026-02-13T22:29:39.110+0000] {dag.py:3441} INFO - Setting next_dagrun for example_time_delta_sensor_async to None, run_after=None
[2026-02-13T22:29:39.123+0000] {processor.py:175} INFO - Processing /home/airflow/.local/lib/python3.7/site-packages/airflow/example_dags/example_time_delta_sensor_async.py took 0.048 seconds
[2026-02-13T22:30:09.717+0000] {processor.py:153} INFO - Started process (PID=1619) to work on /home/airflow/.local/lib/python3.7/site-packages/airflow/example_dags/example_time_delta_sensor_async.py
[2026-02-13T22:30:09.717+0000] {processor.py:743} INFO - Processing file /home/airflow/.local/lib/python3.7/site-packages/airflow/example_dags/example_time_delta_sensor_async.py for tasks to queue
[2026-02-13T22:30:09.718+0000] {logging_mixin.py:137} INFO - [2026-02-13T22:30:09.718+0000] {dagbag.py:538} INFO - Filling up the DagBag from /home/airflow/.local/lib/python3.7/site-packages/airflow/example_dags/example_time_delta_sensor_async.py
[2026-02-13T22:30:09.722+0000] {processor.py:753} INFO - DAG(s) dict_keys(['example_time_delta_sensor_async']) retrieved from /home/airflow/.local/lib/python3.7/site-packages/airflow/example_dags/example_time_delta_sensor_async.py
[2026-02-13T22:30:09.732+0000] {logging_mixin.py:137} INFO - [2026-02-13T22:30:09.732+0000] {dag.py:2690} INFO - Sync 1 DAGs
[2026-02-13T22:30:09.743+0000] {logging_mixin.py:137} INFO - [2026-02-13T22:30:09.743+0000] {dag.py:3441} INFO - Setting next_dagrun for example_time_delta_sensor_async to None, run_after=None
[2026-02-13T22:30:09.751+0000] {processor.py:175} INFO - Processing /home/airflow/.local/lib/python3.7/site-packages/airflow/example_dags/example_time_delta_sensor_async.py took 0.036 seconds
[2026-02-13T22:30:40.507+0000] {processor.py:153} INFO - Started process (PID=1708) to work on /home/airflow/.local/lib/python3.7/site-packages/airflow/example_dags/example_time_delta_sensor_async.py
[2026-02-13T22:30:40.508+0000] {processor.py:743} INFO - Processing file /home/airflow/.local/lib/python3.7/site-packages/airflow/example_dags/example_time_delta_sensor_async.py for tasks to queue
[2026-02-13T22:30:40.509+0000] {logging_mixin.py:137} INFO - [2026-02-13T22:30:40.509+0000] {dagbag.py:538} INFO - Filling up the DagBag from /home/airflow/.local/lib/python3.7/site-packages/airflow/example_dags/example_time_delta_sensor_async.py
[2026-02-13T22:30:40.514+0000] {processor.py:753} INFO - DAG(s) dict_keys(['example_time_delta_sensor_async']) retrieved from /home/airflow/.local/lib/python3.7/site-packages/airflow/example_dags/example_time_delta_sensor_async.py
[2026-02-13T22:30:40.528+0000] {logging_mixin.py:137} INFO - [2026-02-13T22:30:40.528+0000] {dag.py:2690} INFO - Sync 1 DAGs
[2026-02-13T22:30:40.538+0000] {logging_mixin.py:137} INFO - [2026-02-13T22:30:40.538+0000] {dag.py:3441} INFO - Setting next_dagrun for example_time_delta_sensor_async to None, run_after=None
[2026-02-13T22:30:40.547+0000] {processor.py:175} INFO - Processing /home/airflow/.local/lib/python3.7/site-packages/airflow/example_dags/example_time_delta_sensor_async.py took 0.041 seconds
[2026-02-13T22:31:11.092+0000] {processor.py:153} INFO - Started process (PID=1797) to work on /home/airflow/.local/lib/python3.7/site-packages/airflow/example_dags/example_time_delta_sensor_async.py
[2026-02-13T22:31:11.093+0000] {processor.py:743} INFO - Processing file /home/airflow/.local/lib/python3.7/site-packages/airflow/example_dags/example_time_delta_sensor_async.py for tasks to queue
[2026-02-13T22:31:11.093+0000] {logging_mixin.py:137} INFO - [2026-02-13T22:31:11.093+0000] {dagbag.py:538} INFO - Filling up the DagBag from /home/airflow/.local/lib/python3.7/site-packages/airflow/example_dags/example_time_delta_sensor_async.py
[2026-02-13T22:31:11.098+0000] {processor.py:753} INFO - DAG(s) dict_keys(['example_time_delta_sensor_async']) retrieved from /home/airflow/.local/lib/python3.7/site-packages/airflow/example_dags/example_time_delta_sensor_async.py
[2026-02-13T22:31:11.108+0000] {logging_mixin.py:137} INFO - [2026-02-13T22:31:11.108+0000] {dag.py:2690} INFO - Sync 1 DAGs
[2026-02-13T22:31:11.118+0000] {logging_mixin.py:137} INFO - [2026-02-13T22:31:11.118+0000] {dag.py:3441} INFO - Setting next_dagrun for example_time_delta_sensor_async to None, run_after=None
[2026-02-13T22:31:11.128+0000] {processor.py:175} INFO - Processing /home/airflow/.local/lib/python3.7/site-packages/airflow/example_dags/example_time_delta_sensor_async.py took 0.037 seconds
[2026-02-13T22:31:41.830+0000] {processor.py:153} INFO - Started process (PID=1886) to work on /home/airflow/.local/lib/python3.7/site-packages/airflow/example_dags/example_time_delta_sensor_async.py
[2026-02-13T22:31:41.832+0000] {processor.py:743} INFO - Processing file /home/airflow/.local/lib/python3.7/site-packages/airflow/example_dags/example_time_delta_sensor_async.py for tasks to queue
[2026-02-13T22:31:41.833+0000] {logging_mixin.py:137} INFO - [2026-02-13T22:31:41.832+0000] {dagbag.py:538} INFO - Filling up the DagBag from /home/airflow/.local/lib/python3.7/site-packages/airflow/example_dags/example_time_delta_sensor_async.py
[2026-02-13T22:31:41.839+0000] {processor.py:753} INFO - DAG(s) dict_keys(['example_time_delta_sensor_async']) retrieved from /home/airflow/.local/lib/python3.7/site-packages/airflow/example_dags/example_time_delta_sensor_async.py
[2026-02-13T22:31:41.851+0000] {logging_mixin.py:137} INFO - [2026-02-13T22:31:41.851+0000] {dag.py:2690} INFO - Sync 1 DAGs
[2026-02-13T22:31:41.864+0000] {logging_mixin.py:137} INFO - [2026-02-13T22:31:41.864+0000] {dag.py:3441} INFO - Setting next_dagrun for example_time_delta_sensor_async to None, run_after=None
[2026-02-13T22:31:41.882+0000] {processor.py:175} INFO - Processing /home/airflow/.local/lib/python3.7/site-packages/airflow/example_dags/example_time_delta_sensor_async.py took 0.055 seconds
[2026-02-13T22:32:12.685+0000] {processor.py:153} INFO - Started process (PID=1967) to work on /home/airflow/.local/lib/python3.7/site-packages/airflow/example_dags/example_time_delta_sensor_async.py
[2026-02-13T22:32:12.686+0000] {processor.py:743} INFO - Processing file /home/airflow/.local/lib/python3.7/site-packages/airflow/example_dags/example_time_delta_sensor_async.py for tasks to queue
[2026-02-13T22:32:12.686+0000] {logging_mixin.py:137} INFO - [2026-02-13T22:32:12.686+0000] {dagbag.py:538} INFO - Filling up the DagBag from /home/airflow/.local/lib/python3.7/site-packages/airflow/example_dags/example_time_delta_sensor_async.py
[2026-02-13T22:32:12.698+0000] {processor.py:753} INFO - DAG(s) dict_keys(['example_time_delta_sensor_async']) retrieved from /home/airflow/.local/lib/python3.7/site-packages/airflow/example_dags/example_time_delta_sensor_async.py
[2026-02-13T22:32:12.717+0000] {logging_mixin.py:137} INFO - [2026-02-13T22:32:12.717+0000] {dag.py:2690} INFO - Sync 1 DAGs
[2026-02-13T22:32:12.731+0000] {logging_mixin.py:137} INFO - [2026-02-13T22:32:12.731+0000] {dag.py:3441} INFO - Setting next_dagrun for example_time_delta_sensor_async to None, run_after=None
[2026-02-13T22:32:12.748+0000] {processor.py:175} INFO - Processing /home/airflow/.local/lib/python3.7/site-packages/airflow/example_dags/example_time_delta_sensor_async.py took 0.066 seconds
[2026-02-13T22:32:42.915+0000] {processor.py:153} INFO - Started process (PID=2047) to work on /home/airflow/.local/lib/python3.7/site-packages/airflow/example_dags/example_time_delta_sensor_async.py
[2026-02-13T22:32:42.917+0000] {processor.py:743} INFO - Processing file /home/airflow/.local/lib/python3.7/site-packages/airflow/example_dags/example_time_delta_sensor_async.py for tasks to queue
[2026-02-13T22:32:42.917+0000] {logging_mixin.py:137} INFO - [2026-02-13T22:32:42.917+0000] {dagbag.py:538} INFO - Filling up the DagBag from /home/airflow/.local/lib/python3.7/site-packages/airflow/example_dags/example_time_delta_sensor_async.py
[2026-02-13T22:32:42.933+0000] {processor.py:753} INFO - DAG(s) dict_keys(['example_time_delta_sensor_async']) retrieved from /home/airflow/.local/lib/python3.7/site-packages/airflow/example_dags/example_time_delta_sensor_async.py
[2026-02-13T22:32:42.965+0000] {logging_mixin.py:137} INFO - [2026-02-13T22:32:42.965+0000] {dag.py:2690} INFO - Sync 1 DAGs
[2026-02-13T22:32:43.026+0000] {logging_mixin.py:137} INFO - [2026-02-13T22:32:43.026+0000] {dag.py:3441} INFO - Setting next_dagrun for example_time_delta_sensor_async to None, run_after=None
[2026-02-13T22:32:43.045+0000] {processor.py:175} INFO - Processing /home/airflow/.local/lib/python3.7/site-packages/airflow/example_dags/example_time_delta_sensor_async.py took 0.132 seconds
[2026-02-13T22:34:04.457+0000] {processor.py:153} INFO - Started process (PID=98) to work on /home/airflow/.local/lib/python3.7/site-packages/airflow/example_dags/example_time_delta_sensor_async.py
[2026-02-13T22:34:04.458+0000] {processor.py:743} INFO - Processing file /home/airflow/.local/lib/python3.7/site-packages/airflow/example_dags/example_time_delta_sensor_async.py for tasks to queue
[2026-02-13T22:34:04.459+0000] {logging_mixin.py:137} INFO - [2026-02-13T22:34:04.459+0000] {dagbag.py:538} INFO - Filling up the DagBag from /home/airflow/.local/lib/python3.7/site-packages/airflow/example_dags/example_time_delta_sensor_async.py
[2026-02-13T22:34:04.467+0000] {processor.py:753} INFO - DAG(s) dict_keys(['example_time_delta_sensor_async']) retrieved from /home/airflow/.local/lib/python3.7/site-packages/airflow/example_dags/example_time_delta_sensor_async.py
[2026-02-13T22:34:04.490+0000] {logging_mixin.py:137} INFO - [2026-02-13T22:34:04.490+0000] {dag.py:2690} INFO - Sync 1 DAGs
[2026-02-13T22:34:04.512+0000] {logging_mixin.py:137} INFO - [2026-02-13T22:34:04.511+0000] {dag.py:3441} INFO - Setting next_dagrun for example_time_delta_sensor_async to None, run_after=None
[2026-02-13T22:34:04.540+0000] {processor.py:175} INFO - Processing /home/airflow/.local/lib/python3.7/site-packages/airflow/example_dags/example_time_delta_sensor_async.py took 0.087 seconds
[2026-02-13T22:34:35.430+0000] {processor.py:153} INFO - Started process (PID=189) to work on /home/airflow/.local/lib/python3.7/site-packages/airflow/example_dags/example_time_delta_sensor_async.py
[2026-02-13T22:34:35.431+0000] {processor.py:743} INFO - Processing file /home/airflow/.local/lib/python3.7/site-packages/airflow/example_dags/example_time_delta_sensor_async.py for tasks to queue
[2026-02-13T22:34:35.433+0000] {logging_mixin.py:137} INFO - [2026-02-13T22:34:35.433+0000] {dagbag.py:538} INFO - Filling up the DagBag from /home/airflow/.local/lib/python3.7/site-packages/airflow/example_dags/example_time_delta_sensor_async.py
[2026-02-13T22:34:35.439+0000] {processor.py:753} INFO - DAG(s) dict_keys(['example_time_delta_sensor_async']) retrieved from /home/airflow/.local/lib/python3.7/site-packages/airflow/example_dags/example_time_delta_sensor_async.py
[2026-02-13T22:34:35.455+0000] {logging_mixin.py:137} INFO - [2026-02-13T22:34:35.455+0000] {dag.py:2690} INFO - Sync 1 DAGs
[2026-02-13T22:34:35.468+0000] {logging_mixin.py:137} INFO - [2026-02-13T22:34:35.468+0000] {dag.py:3441} INFO - Setting next_dagrun for example_time_delta_sensor_async to None, run_after=None
[2026-02-13T22:34:35.483+0000] {processor.py:175} INFO - Processing /home/airflow/.local/lib/python3.7/site-packages/airflow/example_dags/example_time_delta_sensor_async.py took 0.055 seconds
[2026-02-13T22:35:06.422+0000] {processor.py:153} INFO - Started process (PID=264) to work on /home/airflow/.local/lib/python3.7/site-packages/airflow/example_dags/example_time_delta_sensor_async.py
[2026-02-13T22:35:06.422+0000] {processor.py:743} INFO - Processing file /home/airflow/.local/lib/python3.7/site-packages/airflow/example_dags/example_time_delta_sensor_async.py for tasks to queue
[2026-02-13T22:35:06.423+0000] {logging_mixin.py:137} INFO - [2026-02-13T22:35:06.423+0000] {dagbag.py:538} INFO - Filling up the DagBag from /home/airflow/.local/lib/python3.7/site-packages/airflow/example_dags/example_time_delta_sensor_async.py
[2026-02-13T22:35:06.427+0000] {processor.py:753} INFO - DAG(s) dict_keys(['example_time_delta_sensor_async']) retrieved from /home/airflow/.local/lib/python3.7/site-packages/airflow/example_dags/example_time_delta_sensor_async.py
[2026-02-13T22:35:06.436+0000] {logging_mixin.py:137} INFO - [2026-02-13T22:35:06.436+0000] {dag.py:2690} INFO - Sync 1 DAGs
[2026-02-13T22:35:06.445+0000] {logging_mixin.py:137} INFO - [2026-02-13T22:35:06.445+0000] {dag.py:3441} INFO - Setting next_dagrun for example_time_delta_sensor_async to None, run_after=None
[2026-02-13T22:35:06.451+0000] {processor.py:175} INFO - Processing /home/airflow/.local/lib/python3.7/site-packages/airflow/example_dags/example_time_delta_sensor_async.py took 0.031 seconds
[2026-02-13T22:35:37.222+0000] {processor.py:153} INFO - Started process (PID=356) to work on /home/airflow/.local/lib/python3.7/site-packages/airflow/example_dags/example_time_delta_sensor_async.py
[2026-02-13T22:35:37.222+0000] {processor.py:743} INFO - Processing file /home/airflow/.local/lib/python3.7/site-packages/airflow/example_dags/example_time_delta_sensor_async.py for tasks to queue
[2026-02-13T22:35:37.223+0000] {logging_mixin.py:137} INFO - [2026-02-13T22:35:37.223+0000] {dagbag.py:538} INFO - Filling up the DagBag from /home/airflow/.local/lib/python3.7/site-packages/airflow/example_dags/example_time_delta_sensor_async.py
[2026-02-13T22:35:37.228+0000] {processor.py:753} INFO - DAG(s) dict_keys(['example_time_delta_sensor_async']) retrieved from /home/airflow/.local/lib/python3.7/site-packages/airflow/example_dags/example_time_delta_sensor_async.py
[2026-02-13T22:35:37.243+0000] {logging_mixin.py:137} INFO - [2026-02-13T22:35:37.243+0000] {dag.py:2690} INFO - Sync 1 DAGs
[2026-02-13T22:35:37.255+0000] {logging_mixin.py:137} INFO - [2026-02-13T22:35:37.255+0000] {dag.py:3441} INFO - Setting next_dagrun for example_time_delta_sensor_async to None, run_after=None
[2026-02-13T22:35:37.267+0000] {processor.py:175} INFO - Processing /home/airflow/.local/lib/python3.7/site-packages/airflow/example_dags/example_time_delta_sensor_async.py took 0.047 seconds
[2026-02-13T22:36:08.167+0000] {processor.py:153} INFO - Started process (PID=447) to work on /home/airflow/.local/lib/python3.7/site-packages/airflow/example_dags/example_time_delta_sensor_async.py
[2026-02-13T22:36:08.168+0000] {processor.py:743} INFO - Processing file /home/airflow/.local/lib/python3.7/site-packages/airflow/example_dags/example_time_delta_sensor_async.py for tasks to queue
[2026-02-13T22:36:08.168+0000] {logging_mixin.py:137} INFO - [2026-02-13T22:36:08.168+0000] {dagbag.py:538} INFO - Filling up the DagBag from /home/airflow/.local/lib/python3.7/site-packages/airflow/example_dags/example_time_delta_sensor_async.py
[2026-02-13T22:36:08.174+0000] {processor.py:753} INFO - DAG(s) dict_keys(['example_time_delta_sensor_async']) retrieved from /home/airflow/.local/lib/python3.7/site-packages/airflow/example_dags/example_time_delta_sensor_async.py
[2026-02-13T22:36:08.186+0000] {logging_mixin.py:137} INFO - [2026-02-13T22:36:08.186+0000] {dag.py:2690} INFO - Sync 1 DAGs
[2026-02-13T22:36:08.201+0000] {logging_mixin.py:137} INFO - [2026-02-13T22:36:08.201+0000] {dag.py:3441} INFO - Setting next_dagrun for example_time_delta_sensor_async to None, run_after=None
[2026-02-13T22:36:08.211+0000] {processor.py:175} INFO - Processing /home/airflow/.local/lib/python3.7/site-packages/airflow/example_dags/example_time_delta_sensor_async.py took 0.047 seconds
[2026-02-13T22:36:38.955+0000] {processor.py:153} INFO - Started process (PID=539) to work on /home/airflow/.local/lib/python3.7/site-packages/airflow/example_dags/example_time_delta_sensor_async.py
[2026-02-13T22:36:38.956+0000] {processor.py:743} INFO - Processing file /home/airflow/.local/lib/python3.7/site-packages/airflow/example_dags/example_time_delta_sensor_async.py for tasks to queue
[2026-02-13T22:36:38.956+0000] {logging_mixin.py:137} INFO - [2026-02-13T22:36:38.956+0000] {dagbag.py:538} INFO - Filling up the DagBag from /home/airflow/.local/lib/python3.7/site-packages/airflow/example_dags/example_time_delta_sensor_async.py
[2026-02-13T22:36:38.961+0000] {processor.py:753} INFO - DAG(s) dict_keys(['example_time_delta_sensor_async']) retrieved from /home/airflow/.local/lib/python3.7/site-packages/airflow/example_dags/example_time_delta_sensor_async.py
[2026-02-13T22:36:38.971+0000] {logging_mixin.py:137} INFO - [2026-02-13T22:36:38.971+0000] {dag.py:2690} INFO - Sync 1 DAGs
[2026-02-13T22:36:38.980+0000] {logging_mixin.py:137} INFO - [2026-02-13T22:36:38.980+0000] {dag.py:3441} INFO - Setting next_dagrun for example_time_delta_sensor_async to None, run_after=None
[2026-02-13T22:36:38.986+0000] {processor.py:175} INFO - Processing /home/airflow/.local/lib/python3.7/site-packages/airflow/example_dags/example_time_delta_sensor_async.py took 0.033 seconds
