[2026-02-13T21:49:32.382+0000] {processor.py:153} INFO - Started process (PID=71) to work on /home/airflow/.local/lib/python3.7/site-packages/airflow/example_dags/example_trigger_controller_dag.py
[2026-02-13T21:49:32.382+0000] {processor.py:743} INFO - Processing file /home/airflow/.local/lib/python3.7/site-packages/airflow/example_dags/example_trigger_controller_dag.py for tasks to queue
[2026-02-13T21:49:32.384+0000] {logging_mixin.py:137} INFO - [2026-02-13T21:49:32.384+0000] {dagbag.py:538} INFO - Filling up the DagBag from /home/airflow/.local/lib/python3.7/site-packages/airflow/example_dags/example_trigger_controller_dag.py
[2026-02-13T21:49:32.395+0000] {processor.py:753} INFO - DAG(s) dict_keys(['example_trigger_controller_dag']) retrieved from /home/airflow/.local/lib/python3.7/site-packages/airflow/example_dags/example_trigger_controller_dag.py
[2026-02-13T21:49:32.405+0000] {logging_mixin.py:137} INFO - [2026-02-13T21:49:32.405+0000] {dag.py:2690} INFO - Sync 1 DAGs
[2026-02-13T21:49:32.425+0000] {logging_mixin.py:137} INFO - [2026-02-13T21:49:32.425+0000] {dag.py:3441} INFO - Setting next_dagrun for example_trigger_controller_dag to 2021-01-01T00:00:00+00:00, run_after=2021-01-01T00:00:00+00:00
[2026-02-13T21:49:32.436+0000] {processor.py:175} INFO - Processing /home/airflow/.local/lib/python3.7/site-packages/airflow/example_dags/example_trigger_controller_dag.py took 0.056 seconds
[2026-02-13T21:50:02.922+0000] {processor.py:153} INFO - Started process (PID=159) to work on /home/airflow/.local/lib/python3.7/site-packages/airflow/example_dags/example_trigger_controller_dag.py
[2026-02-13T21:50:02.922+0000] {processor.py:743} INFO - Processing file /home/airflow/.local/lib/python3.7/site-packages/airflow/example_dags/example_trigger_controller_dag.py for tasks to queue
[2026-02-13T21:50:02.923+0000] {logging_mixin.py:137} INFO - [2026-02-13T21:50:02.923+0000] {dagbag.py:538} INFO - Filling up the DagBag from /home/airflow/.local/lib/python3.7/site-packages/airflow/example_dags/example_trigger_controller_dag.py
[2026-02-13T21:50:02.929+0000] {processor.py:753} INFO - DAG(s) dict_keys(['example_trigger_controller_dag']) retrieved from /home/airflow/.local/lib/python3.7/site-packages/airflow/example_dags/example_trigger_controller_dag.py
[2026-02-13T21:50:02.940+0000] {logging_mixin.py:137} INFO - [2026-02-13T21:50:02.940+0000] {dag.py:2690} INFO - Sync 1 DAGs
[2026-02-13T21:50:02.953+0000] {logging_mixin.py:137} INFO - [2026-02-13T21:50:02.953+0000] {dag.py:3441} INFO - Setting next_dagrun for example_trigger_controller_dag to 2021-01-01T00:00:00+00:00, run_after=2021-01-01T00:00:00+00:00
[2026-02-13T21:50:02.966+0000] {processor.py:175} INFO - Processing /home/airflow/.local/lib/python3.7/site-packages/airflow/example_dags/example_trigger_controller_dag.py took 0.046 seconds
[2026-02-13T21:50:33.630+0000] {processor.py:153} INFO - Started process (PID=248) to work on /home/airflow/.local/lib/python3.7/site-packages/airflow/example_dags/example_trigger_controller_dag.py
[2026-02-13T21:50:33.631+0000] {processor.py:743} INFO - Processing file /home/airflow/.local/lib/python3.7/site-packages/airflow/example_dags/example_trigger_controller_dag.py for tasks to queue
[2026-02-13T21:50:33.631+0000] {logging_mixin.py:137} INFO - [2026-02-13T21:50:33.631+0000] {dagbag.py:538} INFO - Filling up the DagBag from /home/airflow/.local/lib/python3.7/site-packages/airflow/example_dags/example_trigger_controller_dag.py
[2026-02-13T21:50:33.640+0000] {processor.py:753} INFO - DAG(s) dict_keys(['example_trigger_controller_dag']) retrieved from /home/airflow/.local/lib/python3.7/site-packages/airflow/example_dags/example_trigger_controller_dag.py
[2026-02-13T21:50:33.654+0000] {logging_mixin.py:137} INFO - [2026-02-13T21:50:33.654+0000] {dag.py:2690} INFO - Sync 1 DAGs
[2026-02-13T21:50:33.665+0000] {logging_mixin.py:137} INFO - [2026-02-13T21:50:33.665+0000] {dag.py:3441} INFO - Setting next_dagrun for example_trigger_controller_dag to 2021-01-01T00:00:00+00:00, run_after=2021-01-01T00:00:00+00:00
[2026-02-13T21:50:33.675+0000] {processor.py:175} INFO - Processing /home/airflow/.local/lib/python3.7/site-packages/airflow/example_dags/example_trigger_controller_dag.py took 0.047 seconds
[2026-02-13T21:51:04.055+0000] {processor.py:153} INFO - Started process (PID=320) to work on /home/airflow/.local/lib/python3.7/site-packages/airflow/example_dags/example_trigger_controller_dag.py
[2026-02-13T21:51:04.056+0000] {processor.py:743} INFO - Processing file /home/airflow/.local/lib/python3.7/site-packages/airflow/example_dags/example_trigger_controller_dag.py for tasks to queue
[2026-02-13T21:51:04.056+0000] {logging_mixin.py:137} INFO - [2026-02-13T21:51:04.056+0000] {dagbag.py:538} INFO - Filling up the DagBag from /home/airflow/.local/lib/python3.7/site-packages/airflow/example_dags/example_trigger_controller_dag.py
[2026-02-13T21:51:04.061+0000] {processor.py:753} INFO - DAG(s) dict_keys(['example_trigger_controller_dag']) retrieved from /home/airflow/.local/lib/python3.7/site-packages/airflow/example_dags/example_trigger_controller_dag.py
[2026-02-13T21:51:04.073+0000] {logging_mixin.py:137} INFO - [2026-02-13T21:51:04.073+0000] {dag.py:2690} INFO - Sync 1 DAGs
[2026-02-13T21:51:04.086+0000] {logging_mixin.py:137} INFO - [2026-02-13T21:51:04.086+0000] {dag.py:3441} INFO - Setting next_dagrun for example_trigger_controller_dag to 2021-01-01T00:00:00+00:00, run_after=2021-01-01T00:00:00+00:00
[2026-02-13T21:51:04.099+0000] {processor.py:175} INFO - Processing /home/airflow/.local/lib/python3.7/site-packages/airflow/example_dags/example_trigger_controller_dag.py took 0.045 seconds
[2026-02-13T21:51:34.489+0000] {processor.py:153} INFO - Started process (PID=408) to work on /home/airflow/.local/lib/python3.7/site-packages/airflow/example_dags/example_trigger_controller_dag.py
[2026-02-13T21:51:34.490+0000] {processor.py:743} INFO - Processing file /home/airflow/.local/lib/python3.7/site-packages/airflow/example_dags/example_trigger_controller_dag.py for tasks to queue
[2026-02-13T21:51:34.490+0000] {logging_mixin.py:137} INFO - [2026-02-13T21:51:34.490+0000] {dagbag.py:538} INFO - Filling up the DagBag from /home/airflow/.local/lib/python3.7/site-packages/airflow/example_dags/example_trigger_controller_dag.py
[2026-02-13T21:51:34.495+0000] {processor.py:753} INFO - DAG(s) dict_keys(['example_trigger_controller_dag']) retrieved from /home/airflow/.local/lib/python3.7/site-packages/airflow/example_dags/example_trigger_controller_dag.py
[2026-02-13T21:51:34.505+0000] {logging_mixin.py:137} INFO - [2026-02-13T21:51:34.505+0000] {dag.py:2690} INFO - Sync 1 DAGs
[2026-02-13T21:51:34.515+0000] {logging_mixin.py:137} INFO - [2026-02-13T21:51:34.515+0000] {dag.py:3441} INFO - Setting next_dagrun for example_trigger_controller_dag to 2021-01-01T00:00:00+00:00, run_after=2021-01-01T00:00:00+00:00
[2026-02-13T21:51:34.525+0000] {processor.py:175} INFO - Processing /home/airflow/.local/lib/python3.7/site-packages/airflow/example_dags/example_trigger_controller_dag.py took 0.037 seconds
[2026-02-13T21:52:04.927+0000] {processor.py:153} INFO - Started process (PID=496) to work on /home/airflow/.local/lib/python3.7/site-packages/airflow/example_dags/example_trigger_controller_dag.py
[2026-02-13T21:52:04.927+0000] {processor.py:743} INFO - Processing file /home/airflow/.local/lib/python3.7/site-packages/airflow/example_dags/example_trigger_controller_dag.py for tasks to queue
[2026-02-13T21:52:04.928+0000] {logging_mixin.py:137} INFO - [2026-02-13T21:52:04.928+0000] {dagbag.py:538} INFO - Filling up the DagBag from /home/airflow/.local/lib/python3.7/site-packages/airflow/example_dags/example_trigger_controller_dag.py
[2026-02-13T21:52:04.932+0000] {processor.py:753} INFO - DAG(s) dict_keys(['example_trigger_controller_dag']) retrieved from /home/airflow/.local/lib/python3.7/site-packages/airflow/example_dags/example_trigger_controller_dag.py
[2026-02-13T21:52:04.941+0000] {logging_mixin.py:137} INFO - [2026-02-13T21:52:04.941+0000] {dag.py:2690} INFO - Sync 1 DAGs
[2026-02-13T21:52:04.950+0000] {logging_mixin.py:137} INFO - [2026-02-13T21:52:04.950+0000] {dag.py:3441} INFO - Setting next_dagrun for example_trigger_controller_dag to 2021-01-01T00:00:00+00:00, run_after=2021-01-01T00:00:00+00:00
[2026-02-13T21:52:04.956+0000] {processor.py:175} INFO - Processing /home/airflow/.local/lib/python3.7/site-packages/airflow/example_dags/example_trigger_controller_dag.py took 0.030 seconds
[2026-02-13T21:52:35.495+0000] {processor.py:153} INFO - Started process (PID=584) to work on /home/airflow/.local/lib/python3.7/site-packages/airflow/example_dags/example_trigger_controller_dag.py
[2026-02-13T21:52:35.496+0000] {processor.py:743} INFO - Processing file /home/airflow/.local/lib/python3.7/site-packages/airflow/example_dags/example_trigger_controller_dag.py for tasks to queue
[2026-02-13T21:52:35.497+0000] {logging_mixin.py:137} INFO - [2026-02-13T21:52:35.497+0000] {dagbag.py:538} INFO - Filling up the DagBag from /home/airflow/.local/lib/python3.7/site-packages/airflow/example_dags/example_trigger_controller_dag.py
[2026-02-13T21:52:35.501+0000] {processor.py:753} INFO - DAG(s) dict_keys(['example_trigger_controller_dag']) retrieved from /home/airflow/.local/lib/python3.7/site-packages/airflow/example_dags/example_trigger_controller_dag.py
[2026-02-13T21:52:35.514+0000] {logging_mixin.py:137} INFO - [2026-02-13T21:52:35.514+0000] {dag.py:2690} INFO - Sync 1 DAGs
[2026-02-13T21:52:35.524+0000] {logging_mixin.py:137} INFO - [2026-02-13T21:52:35.524+0000] {dag.py:3441} INFO - Setting next_dagrun for example_trigger_controller_dag to 2021-01-01T00:00:00+00:00, run_after=2021-01-01T00:00:00+00:00
[2026-02-13T21:52:35.533+0000] {processor.py:175} INFO - Processing /home/airflow/.local/lib/python3.7/site-packages/airflow/example_dags/example_trigger_controller_dag.py took 0.040 seconds
[2026-02-13T21:53:05.979+0000] {processor.py:153} INFO - Started process (PID=655) to work on /home/airflow/.local/lib/python3.7/site-packages/airflow/example_dags/example_trigger_controller_dag.py
[2026-02-13T21:53:05.980+0000] {processor.py:743} INFO - Processing file /home/airflow/.local/lib/python3.7/site-packages/airflow/example_dags/example_trigger_controller_dag.py for tasks to queue
[2026-02-13T21:53:05.980+0000] {logging_mixin.py:137} INFO - [2026-02-13T21:53:05.980+0000] {dagbag.py:538} INFO - Filling up the DagBag from /home/airflow/.local/lib/python3.7/site-packages/airflow/example_dags/example_trigger_controller_dag.py
[2026-02-13T21:53:05.984+0000] {processor.py:753} INFO - DAG(s) dict_keys(['example_trigger_controller_dag']) retrieved from /home/airflow/.local/lib/python3.7/site-packages/airflow/example_dags/example_trigger_controller_dag.py
[2026-02-13T21:53:05.993+0000] {logging_mixin.py:137} INFO - [2026-02-13T21:53:05.993+0000] {dag.py:2690} INFO - Sync 1 DAGs
[2026-02-13T21:53:06.002+0000] {logging_mixin.py:137} INFO - [2026-02-13T21:53:06.002+0000] {dag.py:3441} INFO - Setting next_dagrun for example_trigger_controller_dag to 2021-01-01T00:00:00+00:00, run_after=2021-01-01T00:00:00+00:00
[2026-02-13T21:53:06.008+0000] {processor.py:175} INFO - Processing /home/airflow/.local/lib/python3.7/site-packages/airflow/example_dags/example_trigger_controller_dag.py took 0.030 seconds
[2026-02-13T21:53:36.482+0000] {processor.py:153} INFO - Started process (PID=743) to work on /home/airflow/.local/lib/python3.7/site-packages/airflow/example_dags/example_trigger_controller_dag.py
[2026-02-13T21:53:36.485+0000] {processor.py:743} INFO - Processing file /home/airflow/.local/lib/python3.7/site-packages/airflow/example_dags/example_trigger_controller_dag.py for tasks to queue
[2026-02-13T21:53:36.486+0000] {logging_mixin.py:137} INFO - [2026-02-13T21:53:36.485+0000] {dagbag.py:538} INFO - Filling up the DagBag from /home/airflow/.local/lib/python3.7/site-packages/airflow/example_dags/example_trigger_controller_dag.py
[2026-02-13T21:53:36.489+0000] {processor.py:753} INFO - DAG(s) dict_keys(['example_trigger_controller_dag']) retrieved from /home/airflow/.local/lib/python3.7/site-packages/airflow/example_dags/example_trigger_controller_dag.py
[2026-02-13T21:53:36.505+0000] {logging_mixin.py:137} INFO - [2026-02-13T21:53:36.505+0000] {dag.py:2690} INFO - Sync 1 DAGs
[2026-02-13T21:53:36.515+0000] {logging_mixin.py:137} INFO - [2026-02-13T21:53:36.515+0000] {dag.py:3441} INFO - Setting next_dagrun for example_trigger_controller_dag to 2021-01-01T00:00:00+00:00, run_after=2021-01-01T00:00:00+00:00
[2026-02-13T21:53:36.525+0000] {processor.py:175} INFO - Processing /home/airflow/.local/lib/python3.7/site-packages/airflow/example_dags/example_trigger_controller_dag.py took 0.044 seconds
[2026-02-13T21:54:06.914+0000] {processor.py:153} INFO - Started process (PID=831) to work on /home/airflow/.local/lib/python3.7/site-packages/airflow/example_dags/example_trigger_controller_dag.py
[2026-02-13T21:54:06.915+0000] {processor.py:743} INFO - Processing file /home/airflow/.local/lib/python3.7/site-packages/airflow/example_dags/example_trigger_controller_dag.py for tasks to queue
[2026-02-13T21:54:06.916+0000] {logging_mixin.py:137} INFO - [2026-02-13T21:54:06.916+0000] {dagbag.py:538} INFO - Filling up the DagBag from /home/airflow/.local/lib/python3.7/site-packages/airflow/example_dags/example_trigger_controller_dag.py
[2026-02-13T21:54:06.921+0000] {processor.py:753} INFO - DAG(s) dict_keys(['example_trigger_controller_dag']) retrieved from /home/airflow/.local/lib/python3.7/site-packages/airflow/example_dags/example_trigger_controller_dag.py
[2026-02-13T21:54:06.935+0000] {logging_mixin.py:137} INFO - [2026-02-13T21:54:06.935+0000] {dag.py:2690} INFO - Sync 1 DAGs
[2026-02-13T21:54:06.946+0000] {logging_mixin.py:137} INFO - [2026-02-13T21:54:06.946+0000] {dag.py:3441} INFO - Setting next_dagrun for example_trigger_controller_dag to 2021-01-01T00:00:00+00:00, run_after=2021-01-01T00:00:00+00:00
[2026-02-13T21:54:06.954+0000] {processor.py:175} INFO - Processing /home/airflow/.local/lib/python3.7/site-packages/airflow/example_dags/example_trigger_controller_dag.py took 0.041 seconds
[2026-02-13T21:54:37.545+0000] {processor.py:153} INFO - Started process (PID=919) to work on /home/airflow/.local/lib/python3.7/site-packages/airflow/example_dags/example_trigger_controller_dag.py
[2026-02-13T21:54:37.548+0000] {processor.py:743} INFO - Processing file /home/airflow/.local/lib/python3.7/site-packages/airflow/example_dags/example_trigger_controller_dag.py for tasks to queue
[2026-02-13T21:54:37.549+0000] {logging_mixin.py:137} INFO - [2026-02-13T21:54:37.549+0000] {dagbag.py:538} INFO - Filling up the DagBag from /home/airflow/.local/lib/python3.7/site-packages/airflow/example_dags/example_trigger_controller_dag.py
[2026-02-13T21:54:37.558+0000] {processor.py:753} INFO - DAG(s) dict_keys(['example_trigger_controller_dag']) retrieved from /home/airflow/.local/lib/python3.7/site-packages/airflow/example_dags/example_trigger_controller_dag.py
[2026-02-13T21:54:37.575+0000] {logging_mixin.py:137} INFO - [2026-02-13T21:54:37.575+0000] {dag.py:2690} INFO - Sync 1 DAGs
[2026-02-13T21:54:37.588+0000] {logging_mixin.py:137} INFO - [2026-02-13T21:54:37.587+0000] {dag.py:3441} INFO - Setting next_dagrun for example_trigger_controller_dag to 2021-01-01T00:00:00+00:00, run_after=2021-01-01T00:00:00+00:00
[2026-02-13T21:54:37.596+0000] {processor.py:175} INFO - Processing /home/airflow/.local/lib/python3.7/site-packages/airflow/example_dags/example_trigger_controller_dag.py took 0.053 seconds
[2026-02-13T21:55:08.099+0000] {processor.py:153} INFO - Started process (PID=991) to work on /home/airflow/.local/lib/python3.7/site-packages/airflow/example_dags/example_trigger_controller_dag.py
[2026-02-13T21:55:08.101+0000] {processor.py:743} INFO - Processing file /home/airflow/.local/lib/python3.7/site-packages/airflow/example_dags/example_trigger_controller_dag.py for tasks to queue
[2026-02-13T21:55:08.101+0000] {logging_mixin.py:137} INFO - [2026-02-13T21:55:08.101+0000] {dagbag.py:538} INFO - Filling up the DagBag from /home/airflow/.local/lib/python3.7/site-packages/airflow/example_dags/example_trigger_controller_dag.py
[2026-02-13T21:55:08.106+0000] {processor.py:753} INFO - DAG(s) dict_keys(['example_trigger_controller_dag']) retrieved from /home/airflow/.local/lib/python3.7/site-packages/airflow/example_dags/example_trigger_controller_dag.py
[2026-02-13T21:55:08.118+0000] {logging_mixin.py:137} INFO - [2026-02-13T21:55:08.118+0000] {dag.py:2690} INFO - Sync 1 DAGs
[2026-02-13T21:55:08.131+0000] {logging_mixin.py:137} INFO - [2026-02-13T21:55:08.131+0000] {dag.py:3441} INFO - Setting next_dagrun for example_trigger_controller_dag to 2021-01-01T00:00:00+00:00, run_after=2021-01-01T00:00:00+00:00
[2026-02-13T21:55:08.141+0000] {processor.py:175} INFO - Processing /home/airflow/.local/lib/python3.7/site-packages/airflow/example_dags/example_trigger_controller_dag.py took 0.044 seconds
[2026-02-13T21:55:38.602+0000] {processor.py:153} INFO - Started process (PID=1079) to work on /home/airflow/.local/lib/python3.7/site-packages/airflow/example_dags/example_trigger_controller_dag.py
[2026-02-13T21:55:38.603+0000] {processor.py:743} INFO - Processing file /home/airflow/.local/lib/python3.7/site-packages/airflow/example_dags/example_trigger_controller_dag.py for tasks to queue
[2026-02-13T21:55:38.603+0000] {logging_mixin.py:137} INFO - [2026-02-13T21:55:38.603+0000] {dagbag.py:538} INFO - Filling up the DagBag from /home/airflow/.local/lib/python3.7/site-packages/airflow/example_dags/example_trigger_controller_dag.py
[2026-02-13T21:55:38.611+0000] {processor.py:753} INFO - DAG(s) dict_keys(['example_trigger_controller_dag']) retrieved from /home/airflow/.local/lib/python3.7/site-packages/airflow/example_dags/example_trigger_controller_dag.py
[2026-02-13T21:55:38.622+0000] {logging_mixin.py:137} INFO - [2026-02-13T21:55:38.622+0000] {dag.py:2690} INFO - Sync 1 DAGs
[2026-02-13T21:55:38.633+0000] {logging_mixin.py:137} INFO - [2026-02-13T21:55:38.633+0000] {dag.py:3441} INFO - Setting next_dagrun for example_trigger_controller_dag to 2021-01-01T00:00:00+00:00, run_after=2021-01-01T00:00:00+00:00
[2026-02-13T21:55:38.650+0000] {processor.py:175} INFO - Processing /home/airflow/.local/lib/python3.7/site-packages/airflow/example_dags/example_trigger_controller_dag.py took 0.049 seconds
[2026-02-13T21:56:09.059+0000] {processor.py:153} INFO - Started process (PID=1167) to work on /home/airflow/.local/lib/python3.7/site-packages/airflow/example_dags/example_trigger_controller_dag.py
[2026-02-13T21:56:09.060+0000] {processor.py:743} INFO - Processing file /home/airflow/.local/lib/python3.7/site-packages/airflow/example_dags/example_trigger_controller_dag.py for tasks to queue
[2026-02-13T21:56:09.061+0000] {logging_mixin.py:137} INFO - [2026-02-13T21:56:09.060+0000] {dagbag.py:538} INFO - Filling up the DagBag from /home/airflow/.local/lib/python3.7/site-packages/airflow/example_dags/example_trigger_controller_dag.py
[2026-02-13T21:56:09.066+0000] {processor.py:753} INFO - DAG(s) dict_keys(['example_trigger_controller_dag']) retrieved from /home/airflow/.local/lib/python3.7/site-packages/airflow/example_dags/example_trigger_controller_dag.py
[2026-02-13T21:56:09.079+0000] {logging_mixin.py:137} INFO - [2026-02-13T21:56:09.079+0000] {dag.py:2690} INFO - Sync 1 DAGs
[2026-02-13T21:56:09.093+0000] {logging_mixin.py:137} INFO - [2026-02-13T21:56:09.092+0000] {dag.py:3441} INFO - Setting next_dagrun for example_trigger_controller_dag to 2021-01-01T00:00:00+00:00, run_after=2021-01-01T00:00:00+00:00
[2026-02-13T21:56:09.103+0000] {processor.py:175} INFO - Processing /home/airflow/.local/lib/python3.7/site-packages/airflow/example_dags/example_trigger_controller_dag.py took 0.046 seconds
[2026-02-13T21:56:40.105+0000] {processor.py:153} INFO - Started process (PID=1255) to work on /home/airflow/.local/lib/python3.7/site-packages/airflow/example_dags/example_trigger_controller_dag.py
[2026-02-13T21:56:40.106+0000] {processor.py:743} INFO - Processing file /home/airflow/.local/lib/python3.7/site-packages/airflow/example_dags/example_trigger_controller_dag.py for tasks to queue
[2026-02-13T21:56:40.107+0000] {logging_mixin.py:137} INFO - [2026-02-13T21:56:40.107+0000] {dagbag.py:538} INFO - Filling up the DagBag from /home/airflow/.local/lib/python3.7/site-packages/airflow/example_dags/example_trigger_controller_dag.py
[2026-02-13T21:56:40.114+0000] {processor.py:753} INFO - DAG(s) dict_keys(['example_trigger_controller_dag']) retrieved from /home/airflow/.local/lib/python3.7/site-packages/airflow/example_dags/example_trigger_controller_dag.py
[2026-02-13T21:56:40.134+0000] {logging_mixin.py:137} INFO - [2026-02-13T21:56:40.134+0000] {dag.py:2690} INFO - Sync 1 DAGs
[2026-02-13T21:56:40.149+0000] {logging_mixin.py:137} INFO - [2026-02-13T21:56:40.149+0000] {dag.py:3441} INFO - Setting next_dagrun for example_trigger_controller_dag to 2021-01-01T00:00:00+00:00, run_after=2021-01-01T00:00:00+00:00
[2026-02-13T21:56:40.171+0000] {processor.py:175} INFO - Processing /home/airflow/.local/lib/python3.7/site-packages/airflow/example_dags/example_trigger_controller_dag.py took 0.068 seconds
[2026-02-13T22:01:04.499+0000] {processor.py:153} INFO - Started process (PID=69) to work on /home/airflow/.local/lib/python3.7/site-packages/airflow/example_dags/example_trigger_controller_dag.py
[2026-02-13T22:01:04.501+0000] {processor.py:743} INFO - Processing file /home/airflow/.local/lib/python3.7/site-packages/airflow/example_dags/example_trigger_controller_dag.py for tasks to queue
[2026-02-13T22:01:04.502+0000] {logging_mixin.py:137} INFO - [2026-02-13T22:01:04.502+0000] {dagbag.py:538} INFO - Filling up the DagBag from /home/airflow/.local/lib/python3.7/site-packages/airflow/example_dags/example_trigger_controller_dag.py
[2026-02-13T22:01:04.511+0000] {processor.py:753} INFO - DAG(s) dict_keys(['example_trigger_controller_dag']) retrieved from /home/airflow/.local/lib/python3.7/site-packages/airflow/example_dags/example_trigger_controller_dag.py
[2026-02-13T22:01:04.521+0000] {logging_mixin.py:137} INFO - [2026-02-13T22:01:04.520+0000] {dag.py:2690} INFO - Sync 1 DAGs
[2026-02-13T22:01:04.538+0000] {logging_mixin.py:137} INFO - [2026-02-13T22:01:04.538+0000] {dag.py:3441} INFO - Setting next_dagrun for example_trigger_controller_dag to 2021-01-01T00:00:00+00:00, run_after=2021-01-01T00:00:00+00:00
[2026-02-13T22:01:04.550+0000] {processor.py:175} INFO - Processing /home/airflow/.local/lib/python3.7/site-packages/airflow/example_dags/example_trigger_controller_dag.py took 0.053 seconds
[2026-02-13T22:01:35.147+0000] {processor.py:153} INFO - Started process (PID=156) to work on /home/airflow/.local/lib/python3.7/site-packages/airflow/example_dags/example_trigger_controller_dag.py
[2026-02-13T22:01:35.148+0000] {processor.py:743} INFO - Processing file /home/airflow/.local/lib/python3.7/site-packages/airflow/example_dags/example_trigger_controller_dag.py for tasks to queue
[2026-02-13T22:01:35.149+0000] {logging_mixin.py:137} INFO - [2026-02-13T22:01:35.149+0000] {dagbag.py:538} INFO - Filling up the DagBag from /home/airflow/.local/lib/python3.7/site-packages/airflow/example_dags/example_trigger_controller_dag.py
[2026-02-13T22:01:35.154+0000] {processor.py:753} INFO - DAG(s) dict_keys(['example_trigger_controller_dag']) retrieved from /home/airflow/.local/lib/python3.7/site-packages/airflow/example_dags/example_trigger_controller_dag.py
[2026-02-13T22:01:35.169+0000] {logging_mixin.py:137} INFO - [2026-02-13T22:01:35.168+0000] {dag.py:2690} INFO - Sync 1 DAGs
[2026-02-13T22:01:35.180+0000] {logging_mixin.py:137} INFO - [2026-02-13T22:01:35.180+0000] {dag.py:3441} INFO - Setting next_dagrun for example_trigger_controller_dag to 2021-01-01T00:00:00+00:00, run_after=2021-01-01T00:00:00+00:00
[2026-02-13T22:01:35.195+0000] {processor.py:175} INFO - Processing /home/airflow/.local/lib/python3.7/site-packages/airflow/example_dags/example_trigger_controller_dag.py took 0.049 seconds
[2026-02-13T22:02:05.670+0000] {processor.py:153} INFO - Started process (PID=246) to work on /home/airflow/.local/lib/python3.7/site-packages/airflow/example_dags/example_trigger_controller_dag.py
[2026-02-13T22:02:05.671+0000] {processor.py:743} INFO - Processing file /home/airflow/.local/lib/python3.7/site-packages/airflow/example_dags/example_trigger_controller_dag.py for tasks to queue
[2026-02-13T22:02:05.672+0000] {logging_mixin.py:137} INFO - [2026-02-13T22:02:05.671+0000] {dagbag.py:538} INFO - Filling up the DagBag from /home/airflow/.local/lib/python3.7/site-packages/airflow/example_dags/example_trigger_controller_dag.py
[2026-02-13T22:02:05.676+0000] {processor.py:753} INFO - DAG(s) dict_keys(['example_trigger_controller_dag']) retrieved from /home/airflow/.local/lib/python3.7/site-packages/airflow/example_dags/example_trigger_controller_dag.py
[2026-02-13T22:02:05.693+0000] {logging_mixin.py:137} INFO - [2026-02-13T22:02:05.693+0000] {dag.py:2690} INFO - Sync 1 DAGs
[2026-02-13T22:02:05.709+0000] {logging_mixin.py:137} INFO - [2026-02-13T22:02:05.709+0000] {dag.py:3441} INFO - Setting next_dagrun for example_trigger_controller_dag to 2021-01-01T00:00:00+00:00, run_after=2021-01-01T00:00:00+00:00
[2026-02-13T22:02:05.721+0000] {processor.py:175} INFO - Processing /home/airflow/.local/lib/python3.7/site-packages/airflow/example_dags/example_trigger_controller_dag.py took 0.053 seconds
[2026-02-13T22:02:36.292+0000] {processor.py:153} INFO - Started process (PID=318) to work on /home/airflow/.local/lib/python3.7/site-packages/airflow/example_dags/example_trigger_controller_dag.py
[2026-02-13T22:02:36.293+0000] {processor.py:743} INFO - Processing file /home/airflow/.local/lib/python3.7/site-packages/airflow/example_dags/example_trigger_controller_dag.py for tasks to queue
[2026-02-13T22:02:36.293+0000] {logging_mixin.py:137} INFO - [2026-02-13T22:02:36.293+0000] {dagbag.py:538} INFO - Filling up the DagBag from /home/airflow/.local/lib/python3.7/site-packages/airflow/example_dags/example_trigger_controller_dag.py
[2026-02-13T22:02:36.298+0000] {processor.py:753} INFO - DAG(s) dict_keys(['example_trigger_controller_dag']) retrieved from /home/airflow/.local/lib/python3.7/site-packages/airflow/example_dags/example_trigger_controller_dag.py
[2026-02-13T22:02:36.327+0000] {logging_mixin.py:137} INFO - [2026-02-13T22:02:36.327+0000] {dag.py:2690} INFO - Sync 1 DAGs
[2026-02-13T22:02:36.338+0000] {logging_mixin.py:137} INFO - [2026-02-13T22:02:36.337+0000] {dag.py:3441} INFO - Setting next_dagrun for example_trigger_controller_dag to 2021-01-01T00:00:00+00:00, run_after=2021-01-01T00:00:00+00:00
[2026-02-13T22:02:36.376+0000] {processor.py:175} INFO - Processing /home/airflow/.local/lib/python3.7/site-packages/airflow/example_dags/example_trigger_controller_dag.py took 0.086 seconds
[2026-02-13T22:03:30.703+0000] {processor.py:153} INFO - Started process (PID=69) to work on /home/airflow/.local/lib/python3.7/site-packages/airflow/example_dags/example_trigger_controller_dag.py
[2026-02-13T22:03:30.705+0000] {processor.py:743} INFO - Processing file /home/airflow/.local/lib/python3.7/site-packages/airflow/example_dags/example_trigger_controller_dag.py for tasks to queue
[2026-02-13T22:03:30.705+0000] {logging_mixin.py:137} INFO - [2026-02-13T22:03:30.705+0000] {dagbag.py:538} INFO - Filling up the DagBag from /home/airflow/.local/lib/python3.7/site-packages/airflow/example_dags/example_trigger_controller_dag.py
[2026-02-13T22:03:30.716+0000] {processor.py:753} INFO - DAG(s) dict_keys(['example_trigger_controller_dag']) retrieved from /home/airflow/.local/lib/python3.7/site-packages/airflow/example_dags/example_trigger_controller_dag.py
[2026-02-13T22:03:30.731+0000] {logging_mixin.py:137} INFO - [2026-02-13T22:03:30.731+0000] {dag.py:2690} INFO - Sync 1 DAGs
[2026-02-13T22:03:30.753+0000] {logging_mixin.py:137} INFO - [2026-02-13T22:03:30.753+0000] {dag.py:3441} INFO - Setting next_dagrun for example_trigger_controller_dag to 2021-01-01T00:00:00+00:00, run_after=2021-01-01T00:00:00+00:00
[2026-02-13T22:03:30.772+0000] {processor.py:175} INFO - Processing /home/airflow/.local/lib/python3.7/site-packages/airflow/example_dags/example_trigger_controller_dag.py took 0.077 seconds
[2026-02-13T22:04:01.661+0000] {processor.py:153} INFO - Started process (PID=156) to work on /home/airflow/.local/lib/python3.7/site-packages/airflow/example_dags/example_trigger_controller_dag.py
[2026-02-13T22:04:01.662+0000] {processor.py:743} INFO - Processing file /home/airflow/.local/lib/python3.7/site-packages/airflow/example_dags/example_trigger_controller_dag.py for tasks to queue
[2026-02-13T22:04:01.662+0000] {logging_mixin.py:137} INFO - [2026-02-13T22:04:01.662+0000] {dagbag.py:538} INFO - Filling up the DagBag from /home/airflow/.local/lib/python3.7/site-packages/airflow/example_dags/example_trigger_controller_dag.py
[2026-02-13T22:04:01.668+0000] {processor.py:753} INFO - DAG(s) dict_keys(['example_trigger_controller_dag']) retrieved from /home/airflow/.local/lib/python3.7/site-packages/airflow/example_dags/example_trigger_controller_dag.py
[2026-02-13T22:04:01.695+0000] {logging_mixin.py:137} INFO - [2026-02-13T22:04:01.695+0000] {dag.py:2690} INFO - Sync 1 DAGs
[2026-02-13T22:04:01.717+0000] {logging_mixin.py:137} INFO - [2026-02-13T22:04:01.717+0000] {dag.py:3441} INFO - Setting next_dagrun for example_trigger_controller_dag to 2021-01-01T00:00:00+00:00, run_after=2021-01-01T00:00:00+00:00
[2026-02-13T22:04:01.735+0000] {processor.py:175} INFO - Processing /home/airflow/.local/lib/python3.7/site-packages/airflow/example_dags/example_trigger_controller_dag.py took 0.077 seconds
[2026-02-13T22:04:32.717+0000] {processor.py:153} INFO - Started process (PID=244) to work on /home/airflow/.local/lib/python3.7/site-packages/airflow/example_dags/example_trigger_controller_dag.py
[2026-02-13T22:04:32.718+0000] {processor.py:743} INFO - Processing file /home/airflow/.local/lib/python3.7/site-packages/airflow/example_dags/example_trigger_controller_dag.py for tasks to queue
[2026-02-13T22:04:32.720+0000] {logging_mixin.py:137} INFO - [2026-02-13T22:04:32.720+0000] {dagbag.py:538} INFO - Filling up the DagBag from /home/airflow/.local/lib/python3.7/site-packages/airflow/example_dags/example_trigger_controller_dag.py
[2026-02-13T22:04:32.726+0000] {processor.py:753} INFO - DAG(s) dict_keys(['example_trigger_controller_dag']) retrieved from /home/airflow/.local/lib/python3.7/site-packages/airflow/example_dags/example_trigger_controller_dag.py
[2026-02-13T22:04:32.745+0000] {logging_mixin.py:137} INFO - [2026-02-13T22:04:32.745+0000] {dag.py:2690} INFO - Sync 1 DAGs
[2026-02-13T22:04:32.765+0000] {logging_mixin.py:137} INFO - [2026-02-13T22:04:32.765+0000] {dag.py:3441} INFO - Setting next_dagrun for example_trigger_controller_dag to 2021-01-01T00:00:00+00:00, run_after=2021-01-01T00:00:00+00:00
[2026-02-13T22:04:32.780+0000] {processor.py:175} INFO - Processing /home/airflow/.local/lib/python3.7/site-packages/airflow/example_dags/example_trigger_controller_dag.py took 0.066 seconds
[2026-02-13T22:05:03.241+0000] {processor.py:153} INFO - Started process (PID=316) to work on /home/airflow/.local/lib/python3.7/site-packages/airflow/example_dags/example_trigger_controller_dag.py
[2026-02-13T22:05:03.241+0000] {processor.py:743} INFO - Processing file /home/airflow/.local/lib/python3.7/site-packages/airflow/example_dags/example_trigger_controller_dag.py for tasks to queue
[2026-02-13T22:05:03.241+0000] {logging_mixin.py:137} INFO - [2026-02-13T22:05:03.241+0000] {dagbag.py:538} INFO - Filling up the DagBag from /home/airflow/.local/lib/python3.7/site-packages/airflow/example_dags/example_trigger_controller_dag.py
[2026-02-13T22:05:03.246+0000] {processor.py:753} INFO - DAG(s) dict_keys(['example_trigger_controller_dag']) retrieved from /home/airflow/.local/lib/python3.7/site-packages/airflow/example_dags/example_trigger_controller_dag.py
[2026-02-13T22:05:03.256+0000] {logging_mixin.py:137} INFO - [2026-02-13T22:05:03.256+0000] {dag.py:2690} INFO - Sync 1 DAGs
[2026-02-13T22:05:03.265+0000] {logging_mixin.py:137} INFO - [2026-02-13T22:05:03.265+0000] {dag.py:3441} INFO - Setting next_dagrun for example_trigger_controller_dag to 2021-01-01T00:00:00+00:00, run_after=2021-01-01T00:00:00+00:00
[2026-02-13T22:05:03.271+0000] {processor.py:175} INFO - Processing /home/airflow/.local/lib/python3.7/site-packages/airflow/example_dags/example_trigger_controller_dag.py took 0.031 seconds
[2026-02-13T22:05:33.806+0000] {processor.py:153} INFO - Started process (PID=404) to work on /home/airflow/.local/lib/python3.7/site-packages/airflow/example_dags/example_trigger_controller_dag.py
[2026-02-13T22:05:33.807+0000] {processor.py:743} INFO - Processing file /home/airflow/.local/lib/python3.7/site-packages/airflow/example_dags/example_trigger_controller_dag.py for tasks to queue
[2026-02-13T22:05:33.807+0000] {logging_mixin.py:137} INFO - [2026-02-13T22:05:33.807+0000] {dagbag.py:538} INFO - Filling up the DagBag from /home/airflow/.local/lib/python3.7/site-packages/airflow/example_dags/example_trigger_controller_dag.py
[2026-02-13T22:05:33.813+0000] {processor.py:753} INFO - DAG(s) dict_keys(['example_trigger_controller_dag']) retrieved from /home/airflow/.local/lib/python3.7/site-packages/airflow/example_dags/example_trigger_controller_dag.py
[2026-02-13T22:05:33.827+0000] {logging_mixin.py:137} INFO - [2026-02-13T22:05:33.827+0000] {dag.py:2690} INFO - Sync 1 DAGs
[2026-02-13T22:05:33.837+0000] {logging_mixin.py:137} INFO - [2026-02-13T22:05:33.837+0000] {dag.py:3441} INFO - Setting next_dagrun for example_trigger_controller_dag to 2021-01-01T00:00:00+00:00, run_after=2021-01-01T00:00:00+00:00
[2026-02-13T22:05:33.852+0000] {processor.py:175} INFO - Processing /home/airflow/.local/lib/python3.7/site-packages/airflow/example_dags/example_trigger_controller_dag.py took 0.047 seconds
[2026-02-13T22:06:33.944+0000] {processor.py:153} INFO - Started process (PID=71) to work on /home/airflow/.local/lib/python3.7/site-packages/airflow/example_dags/example_trigger_controller_dag.py
[2026-02-13T22:06:33.945+0000] {processor.py:743} INFO - Processing file /home/airflow/.local/lib/python3.7/site-packages/airflow/example_dags/example_trigger_controller_dag.py for tasks to queue
[2026-02-13T22:06:33.945+0000] {logging_mixin.py:137} INFO - [2026-02-13T22:06:33.945+0000] {dagbag.py:538} INFO - Filling up the DagBag from /home/airflow/.local/lib/python3.7/site-packages/airflow/example_dags/example_trigger_controller_dag.py
[2026-02-13T22:06:33.955+0000] {processor.py:753} INFO - DAG(s) dict_keys(['example_trigger_controller_dag']) retrieved from /home/airflow/.local/lib/python3.7/site-packages/airflow/example_dags/example_trigger_controller_dag.py
[2026-02-13T22:06:33.963+0000] {logging_mixin.py:137} INFO - [2026-02-13T22:06:33.963+0000] {dag.py:2690} INFO - Sync 1 DAGs
[2026-02-13T22:06:33.984+0000] {logging_mixin.py:137} INFO - [2026-02-13T22:06:33.984+0000] {dag.py:3441} INFO - Setting next_dagrun for example_trigger_controller_dag to 2021-01-01T00:00:00+00:00, run_after=2021-01-01T00:00:00+00:00
[2026-02-13T22:06:34.014+0000] {processor.py:175} INFO - Processing /home/airflow/.local/lib/python3.7/site-packages/airflow/example_dags/example_trigger_controller_dag.py took 0.073 seconds
[2026-02-13T22:07:05.163+0000] {processor.py:153} INFO - Started process (PID=160) to work on /home/airflow/.local/lib/python3.7/site-packages/airflow/example_dags/example_trigger_controller_dag.py
[2026-02-13T22:07:05.163+0000] {processor.py:743} INFO - Processing file /home/airflow/.local/lib/python3.7/site-packages/airflow/example_dags/example_trigger_controller_dag.py for tasks to queue
[2026-02-13T22:07:05.164+0000] {logging_mixin.py:137} INFO - [2026-02-13T22:07:05.164+0000] {dagbag.py:538} INFO - Filling up the DagBag from /home/airflow/.local/lib/python3.7/site-packages/airflow/example_dags/example_trigger_controller_dag.py
[2026-02-13T22:07:05.176+0000] {processor.py:753} INFO - DAG(s) dict_keys(['example_trigger_controller_dag']) retrieved from /home/airflow/.local/lib/python3.7/site-packages/airflow/example_dags/example_trigger_controller_dag.py
[2026-02-13T22:07:05.195+0000] {logging_mixin.py:137} INFO - [2026-02-13T22:07:05.195+0000] {dag.py:2690} INFO - Sync 1 DAGs
[2026-02-13T22:07:05.216+0000] {logging_mixin.py:137} INFO - [2026-02-13T22:07:05.216+0000] {dag.py:3441} INFO - Setting next_dagrun for example_trigger_controller_dag to 2021-01-01T00:00:00+00:00, run_after=2021-01-01T00:00:00+00:00
[2026-02-13T22:07:05.231+0000] {processor.py:175} INFO - Processing /home/airflow/.local/lib/python3.7/site-packages/airflow/example_dags/example_trigger_controller_dag.py took 0.071 seconds
[2026-02-13T22:07:36.235+0000] {processor.py:153} INFO - Started process (PID=249) to work on /home/airflow/.local/lib/python3.7/site-packages/airflow/example_dags/example_trigger_controller_dag.py
[2026-02-13T22:07:36.235+0000] {processor.py:743} INFO - Processing file /home/airflow/.local/lib/python3.7/site-packages/airflow/example_dags/example_trigger_controller_dag.py for tasks to queue
[2026-02-13T22:07:36.235+0000] {logging_mixin.py:137} INFO - [2026-02-13T22:07:36.235+0000] {dagbag.py:538} INFO - Filling up the DagBag from /home/airflow/.local/lib/python3.7/site-packages/airflow/example_dags/example_trigger_controller_dag.py
[2026-02-13T22:07:36.240+0000] {processor.py:753} INFO - DAG(s) dict_keys(['example_trigger_controller_dag']) retrieved from /home/airflow/.local/lib/python3.7/site-packages/airflow/example_dags/example_trigger_controller_dag.py
[2026-02-13T22:07:36.259+0000] {logging_mixin.py:137} INFO - [2026-02-13T22:07:36.259+0000] {dag.py:2690} INFO - Sync 1 DAGs
[2026-02-13T22:07:36.274+0000] {logging_mixin.py:137} INFO - [2026-02-13T22:07:36.274+0000] {dag.py:3441} INFO - Setting next_dagrun for example_trigger_controller_dag to 2021-01-01T00:00:00+00:00, run_after=2021-01-01T00:00:00+00:00
[2026-02-13T22:07:36.291+0000] {processor.py:175} INFO - Processing /home/airflow/.local/lib/python3.7/site-packages/airflow/example_dags/example_trigger_controller_dag.py took 0.058 seconds
[2026-02-13T22:08:06.848+0000] {processor.py:153} INFO - Started process (PID=322) to work on /home/airflow/.local/lib/python3.7/site-packages/airflow/example_dags/example_trigger_controller_dag.py
[2026-02-13T22:08:06.848+0000] {processor.py:743} INFO - Processing file /home/airflow/.local/lib/python3.7/site-packages/airflow/example_dags/example_trigger_controller_dag.py for tasks to queue
[2026-02-13T22:08:06.848+0000] {logging_mixin.py:137} INFO - [2026-02-13T22:08:06.848+0000] {dagbag.py:538} INFO - Filling up the DagBag from /home/airflow/.local/lib/python3.7/site-packages/airflow/example_dags/example_trigger_controller_dag.py
[2026-02-13T22:08:06.855+0000] {processor.py:753} INFO - DAG(s) dict_keys(['example_trigger_controller_dag']) retrieved from /home/airflow/.local/lib/python3.7/site-packages/airflow/example_dags/example_trigger_controller_dag.py
[2026-02-13T22:08:06.874+0000] {logging_mixin.py:137} INFO - [2026-02-13T22:08:06.873+0000] {dag.py:2690} INFO - Sync 1 DAGs
[2026-02-13T22:08:06.892+0000] {logging_mixin.py:137} INFO - [2026-02-13T22:08:06.892+0000] {dag.py:3441} INFO - Setting next_dagrun for example_trigger_controller_dag to 2021-01-01T00:00:00+00:00, run_after=2021-01-01T00:00:00+00:00
[2026-02-13T22:08:06.913+0000] {processor.py:175} INFO - Processing /home/airflow/.local/lib/python3.7/site-packages/airflow/example_dags/example_trigger_controller_dag.py took 0.067 seconds
[2026-02-13T22:08:37.643+0000] {processor.py:153} INFO - Started process (PID=411) to work on /home/airflow/.local/lib/python3.7/site-packages/airflow/example_dags/example_trigger_controller_dag.py
[2026-02-13T22:08:37.644+0000] {processor.py:743} INFO - Processing file /home/airflow/.local/lib/python3.7/site-packages/airflow/example_dags/example_trigger_controller_dag.py for tasks to queue
[2026-02-13T22:08:37.644+0000] {logging_mixin.py:137} INFO - [2026-02-13T22:08:37.644+0000] {dagbag.py:538} INFO - Filling up the DagBag from /home/airflow/.local/lib/python3.7/site-packages/airflow/example_dags/example_trigger_controller_dag.py
[2026-02-13T22:08:37.650+0000] {processor.py:753} INFO - DAG(s) dict_keys(['example_trigger_controller_dag']) retrieved from /home/airflow/.local/lib/python3.7/site-packages/airflow/example_dags/example_trigger_controller_dag.py
[2026-02-13T22:08:37.664+0000] {logging_mixin.py:137} INFO - [2026-02-13T22:08:37.664+0000] {dag.py:2690} INFO - Sync 1 DAGs
[2026-02-13T22:08:37.677+0000] {logging_mixin.py:137} INFO - [2026-02-13T22:08:37.677+0000] {dag.py:3441} INFO - Setting next_dagrun for example_trigger_controller_dag to 2021-01-01T00:00:00+00:00, run_after=2021-01-01T00:00:00+00:00
[2026-02-13T22:08:37.689+0000] {processor.py:175} INFO - Processing /home/airflow/.local/lib/python3.7/site-packages/airflow/example_dags/example_trigger_controller_dag.py took 0.047 seconds
[2026-02-13T22:09:08.260+0000] {processor.py:153} INFO - Started process (PID=500) to work on /home/airflow/.local/lib/python3.7/site-packages/airflow/example_dags/example_trigger_controller_dag.py
[2026-02-13T22:09:08.260+0000] {processor.py:743} INFO - Processing file /home/airflow/.local/lib/python3.7/site-packages/airflow/example_dags/example_trigger_controller_dag.py for tasks to queue
[2026-02-13T22:09:08.261+0000] {logging_mixin.py:137} INFO - [2026-02-13T22:09:08.261+0000] {dagbag.py:538} INFO - Filling up the DagBag from /home/airflow/.local/lib/python3.7/site-packages/airflow/example_dags/example_trigger_controller_dag.py
[2026-02-13T22:09:08.265+0000] {processor.py:753} INFO - DAG(s) dict_keys(['example_trigger_controller_dag']) retrieved from /home/airflow/.local/lib/python3.7/site-packages/airflow/example_dags/example_trigger_controller_dag.py
[2026-02-13T22:09:08.277+0000] {logging_mixin.py:137} INFO - [2026-02-13T22:09:08.277+0000] {dag.py:2690} INFO - Sync 1 DAGs
[2026-02-13T22:09:08.292+0000] {logging_mixin.py:137} INFO - [2026-02-13T22:09:08.291+0000] {dag.py:3441} INFO - Setting next_dagrun for example_trigger_controller_dag to 2021-01-01T00:00:00+00:00, run_after=2021-01-01T00:00:00+00:00
[2026-02-13T22:09:08.306+0000] {processor.py:175} INFO - Processing /home/airflow/.local/lib/python3.7/site-packages/airflow/example_dags/example_trigger_controller_dag.py took 0.048 seconds
[2026-02-13T22:09:38.835+0000] {processor.py:153} INFO - Started process (PID=588) to work on /home/airflow/.local/lib/python3.7/site-packages/airflow/example_dags/example_trigger_controller_dag.py
[2026-02-13T22:09:38.836+0000] {processor.py:743} INFO - Processing file /home/airflow/.local/lib/python3.7/site-packages/airflow/example_dags/example_trigger_controller_dag.py for tasks to queue
[2026-02-13T22:09:38.836+0000] {logging_mixin.py:137} INFO - [2026-02-13T22:09:38.836+0000] {dagbag.py:538} INFO - Filling up the DagBag from /home/airflow/.local/lib/python3.7/site-packages/airflow/example_dags/example_trigger_controller_dag.py
[2026-02-13T22:09:38.840+0000] {processor.py:753} INFO - DAG(s) dict_keys(['example_trigger_controller_dag']) retrieved from /home/airflow/.local/lib/python3.7/site-packages/airflow/example_dags/example_trigger_controller_dag.py
[2026-02-13T22:09:38.850+0000] {logging_mixin.py:137} INFO - [2026-02-13T22:09:38.850+0000] {dag.py:2690} INFO - Sync 1 DAGs
[2026-02-13T22:09:38.859+0000] {logging_mixin.py:137} INFO - [2026-02-13T22:09:38.859+0000] {dag.py:3441} INFO - Setting next_dagrun for example_trigger_controller_dag to 2021-01-01T00:00:00+00:00, run_after=2021-01-01T00:00:00+00:00
[2026-02-13T22:09:38.865+0000] {processor.py:175} INFO - Processing /home/airflow/.local/lib/python3.7/site-packages/airflow/example_dags/example_trigger_controller_dag.py took 0.031 seconds
[2026-02-13T22:10:09.483+0000] {processor.py:153} INFO - Started process (PID=677) to work on /home/airflow/.local/lib/python3.7/site-packages/airflow/example_dags/example_trigger_controller_dag.py
[2026-02-13T22:10:09.484+0000] {processor.py:743} INFO - Processing file /home/airflow/.local/lib/python3.7/site-packages/airflow/example_dags/example_trigger_controller_dag.py for tasks to queue
[2026-02-13T22:10:09.484+0000] {logging_mixin.py:137} INFO - [2026-02-13T22:10:09.484+0000] {dagbag.py:538} INFO - Filling up the DagBag from /home/airflow/.local/lib/python3.7/site-packages/airflow/example_dags/example_trigger_controller_dag.py
[2026-02-13T22:10:09.490+0000] {processor.py:753} INFO - DAG(s) dict_keys(['example_trigger_controller_dag']) retrieved from /home/airflow/.local/lib/python3.7/site-packages/airflow/example_dags/example_trigger_controller_dag.py
[2026-02-13T22:10:09.504+0000] {logging_mixin.py:137} INFO - [2026-02-13T22:10:09.504+0000] {dag.py:2690} INFO - Sync 1 DAGs
[2026-02-13T22:10:09.518+0000] {logging_mixin.py:137} INFO - [2026-02-13T22:10:09.518+0000] {dag.py:3441} INFO - Setting next_dagrun for example_trigger_controller_dag to 2021-01-01T00:00:00+00:00, run_after=2021-01-01T00:00:00+00:00
[2026-02-13T22:10:09.534+0000] {processor.py:175} INFO - Processing /home/airflow/.local/lib/python3.7/site-packages/airflow/example_dags/example_trigger_controller_dag.py took 0.053 seconds
[2026-02-13T22:10:40.084+0000] {processor.py:153} INFO - Started process (PID=749) to work on /home/airflow/.local/lib/python3.7/site-packages/airflow/example_dags/example_trigger_controller_dag.py
[2026-02-13T22:10:40.084+0000] {processor.py:743} INFO - Processing file /home/airflow/.local/lib/python3.7/site-packages/airflow/example_dags/example_trigger_controller_dag.py for tasks to queue
[2026-02-13T22:10:40.084+0000] {logging_mixin.py:137} INFO - [2026-02-13T22:10:40.084+0000] {dagbag.py:538} INFO - Filling up the DagBag from /home/airflow/.local/lib/python3.7/site-packages/airflow/example_dags/example_trigger_controller_dag.py
[2026-02-13T22:10:40.088+0000] {processor.py:753} INFO - DAG(s) dict_keys(['example_trigger_controller_dag']) retrieved from /home/airflow/.local/lib/python3.7/site-packages/airflow/example_dags/example_trigger_controller_dag.py
[2026-02-13T22:10:40.098+0000] {logging_mixin.py:137} INFO - [2026-02-13T22:10:40.098+0000] {dag.py:2690} INFO - Sync 1 DAGs
[2026-02-13T22:10:40.107+0000] {logging_mixin.py:137} INFO - [2026-02-13T22:10:40.107+0000] {dag.py:3441} INFO - Setting next_dagrun for example_trigger_controller_dag to 2021-01-01T00:00:00+00:00, run_after=2021-01-01T00:00:00+00:00
[2026-02-13T22:10:40.113+0000] {processor.py:175} INFO - Processing /home/airflow/.local/lib/python3.7/site-packages/airflow/example_dags/example_trigger_controller_dag.py took 0.031 seconds
[2026-02-13T22:11:10.618+0000] {processor.py:153} INFO - Started process (PID=838) to work on /home/airflow/.local/lib/python3.7/site-packages/airflow/example_dags/example_trigger_controller_dag.py
[2026-02-13T22:11:10.618+0000] {processor.py:743} INFO - Processing file /home/airflow/.local/lib/python3.7/site-packages/airflow/example_dags/example_trigger_controller_dag.py for tasks to queue
[2026-02-13T22:11:10.619+0000] {logging_mixin.py:137} INFO - [2026-02-13T22:11:10.619+0000] {dagbag.py:538} INFO - Filling up the DagBag from /home/airflow/.local/lib/python3.7/site-packages/airflow/example_dags/example_trigger_controller_dag.py
[2026-02-13T22:11:10.625+0000] {processor.py:753} INFO - DAG(s) dict_keys(['example_trigger_controller_dag']) retrieved from /home/airflow/.local/lib/python3.7/site-packages/airflow/example_dags/example_trigger_controller_dag.py
[2026-02-13T22:11:10.638+0000] {logging_mixin.py:137} INFO - [2026-02-13T22:11:10.638+0000] {dag.py:2690} INFO - Sync 1 DAGs
[2026-02-13T22:11:10.653+0000] {logging_mixin.py:137} INFO - [2026-02-13T22:11:10.651+0000] {dag.py:3441} INFO - Setting next_dagrun for example_trigger_controller_dag to 2021-01-01T00:00:00+00:00, run_after=2021-01-01T00:00:00+00:00
[2026-02-13T22:11:10.665+0000] {processor.py:175} INFO - Processing /home/airflow/.local/lib/python3.7/site-packages/airflow/example_dags/example_trigger_controller_dag.py took 0.048 seconds
[2026-02-13T22:11:41.224+0000] {processor.py:153} INFO - Started process (PID=926) to work on /home/airflow/.local/lib/python3.7/site-packages/airflow/example_dags/example_trigger_controller_dag.py
[2026-02-13T22:11:41.226+0000] {processor.py:743} INFO - Processing file /home/airflow/.local/lib/python3.7/site-packages/airflow/example_dags/example_trigger_controller_dag.py for tasks to queue
[2026-02-13T22:11:41.227+0000] {logging_mixin.py:137} INFO - [2026-02-13T22:11:41.227+0000] {dagbag.py:538} INFO - Filling up the DagBag from /home/airflow/.local/lib/python3.7/site-packages/airflow/example_dags/example_trigger_controller_dag.py
[2026-02-13T22:11:41.233+0000] {processor.py:753} INFO - DAG(s) dict_keys(['example_trigger_controller_dag']) retrieved from /home/airflow/.local/lib/python3.7/site-packages/airflow/example_dags/example_trigger_controller_dag.py
[2026-02-13T22:11:41.247+0000] {logging_mixin.py:137} INFO - [2026-02-13T22:11:41.247+0000] {dag.py:2690} INFO - Sync 1 DAGs
[2026-02-13T22:11:41.257+0000] {logging_mixin.py:137} INFO - [2026-02-13T22:11:41.257+0000] {dag.py:3441} INFO - Setting next_dagrun for example_trigger_controller_dag to 2021-01-01T00:00:00+00:00, run_after=2021-01-01T00:00:00+00:00
[2026-02-13T22:11:41.266+0000] {processor.py:175} INFO - Processing /home/airflow/.local/lib/python3.7/site-packages/airflow/example_dags/example_trigger_controller_dag.py took 0.043 seconds
[2026-02-13T22:12:11.767+0000] {processor.py:153} INFO - Started process (PID=1015) to work on /home/airflow/.local/lib/python3.7/site-packages/airflow/example_dags/example_trigger_controller_dag.py
[2026-02-13T22:12:11.768+0000] {processor.py:743} INFO - Processing file /home/airflow/.local/lib/python3.7/site-packages/airflow/example_dags/example_trigger_controller_dag.py for tasks to queue
[2026-02-13T22:12:11.768+0000] {logging_mixin.py:137} INFO - [2026-02-13T22:12:11.768+0000] {dagbag.py:538} INFO - Filling up the DagBag from /home/airflow/.local/lib/python3.7/site-packages/airflow/example_dags/example_trigger_controller_dag.py
[2026-02-13T22:12:11.774+0000] {processor.py:753} INFO - DAG(s) dict_keys(['example_trigger_controller_dag']) retrieved from /home/airflow/.local/lib/python3.7/site-packages/airflow/example_dags/example_trigger_controller_dag.py
[2026-02-13T22:12:11.787+0000] {logging_mixin.py:137} INFO - [2026-02-13T22:12:11.787+0000] {dag.py:2690} INFO - Sync 1 DAGs
[2026-02-13T22:12:11.800+0000] {logging_mixin.py:137} INFO - [2026-02-13T22:12:11.800+0000] {dag.py:3441} INFO - Setting next_dagrun for example_trigger_controller_dag to 2021-01-01T00:00:00+00:00, run_after=2021-01-01T00:00:00+00:00
[2026-02-13T22:12:11.809+0000] {processor.py:175} INFO - Processing /home/airflow/.local/lib/python3.7/site-packages/airflow/example_dags/example_trigger_controller_dag.py took 0.043 seconds
[2026-02-13T22:20:57.808+0000] {processor.py:153} INFO - Started process (PID=110) to work on /home/airflow/.local/lib/python3.7/site-packages/airflow/example_dags/example_trigger_controller_dag.py
[2026-02-13T22:20:57.808+0000] {processor.py:743} INFO - Processing file /home/airflow/.local/lib/python3.7/site-packages/airflow/example_dags/example_trigger_controller_dag.py for tasks to queue
[2026-02-13T22:20:57.808+0000] {logging_mixin.py:137} INFO - [2026-02-13T22:20:57.808+0000] {dagbag.py:538} INFO - Filling up the DagBag from /home/airflow/.local/lib/python3.7/site-packages/airflow/example_dags/example_trigger_controller_dag.py
[2026-02-13T22:20:57.813+0000] {processor.py:753} INFO - DAG(s) dict_keys(['example_trigger_controller_dag']) retrieved from /home/airflow/.local/lib/python3.7/site-packages/airflow/example_dags/example_trigger_controller_dag.py
[2026-02-13T22:20:57.818+0000] {logging_mixin.py:137} INFO - [2026-02-13T22:20:57.818+0000] {dag.py:2690} INFO - Sync 1 DAGs
[2026-02-13T22:20:57.829+0000] {logging_mixin.py:137} INFO - [2026-02-13T22:20:57.829+0000] {dag.py:3441} INFO - Setting next_dagrun for example_trigger_controller_dag to 2021-01-01T00:00:00+00:00, run_after=2021-01-01T00:00:00+00:00
[2026-02-13T22:20:57.836+0000] {processor.py:175} INFO - Processing /home/airflow/.local/lib/python3.7/site-packages/airflow/example_dags/example_trigger_controller_dag.py took 0.030 seconds
[2026-02-13T22:21:28.517+0000] {processor.py:153} INFO - Started process (PID=190) to work on /home/airflow/.local/lib/python3.7/site-packages/airflow/example_dags/example_trigger_controller_dag.py
[2026-02-13T22:21:28.519+0000] {processor.py:743} INFO - Processing file /home/airflow/.local/lib/python3.7/site-packages/airflow/example_dags/example_trigger_controller_dag.py for tasks to queue
[2026-02-13T22:21:28.519+0000] {logging_mixin.py:137} INFO - [2026-02-13T22:21:28.519+0000] {dagbag.py:538} INFO - Filling up the DagBag from /home/airflow/.local/lib/python3.7/site-packages/airflow/example_dags/example_trigger_controller_dag.py
[2026-02-13T22:21:28.526+0000] {processor.py:753} INFO - DAG(s) dict_keys(['example_trigger_controller_dag']) retrieved from /home/airflow/.local/lib/python3.7/site-packages/airflow/example_dags/example_trigger_controller_dag.py
[2026-02-13T22:21:28.537+0000] {logging_mixin.py:137} INFO - [2026-02-13T22:21:28.537+0000] {dag.py:2690} INFO - Sync 1 DAGs
[2026-02-13T22:21:28.550+0000] {logging_mixin.py:137} INFO - [2026-02-13T22:21:28.550+0000] {dag.py:3441} INFO - Setting next_dagrun for example_trigger_controller_dag to 2021-01-01T00:00:00+00:00, run_after=2021-01-01T00:00:00+00:00
[2026-02-13T22:21:28.562+0000] {processor.py:175} INFO - Processing /home/airflow/.local/lib/python3.7/site-packages/airflow/example_dags/example_trigger_controller_dag.py took 0.046 seconds
[2026-02-13T22:21:59.604+0000] {processor.py:153} INFO - Started process (PID=273) to work on /home/airflow/.local/lib/python3.7/site-packages/airflow/example_dags/example_trigger_controller_dag.py
[2026-02-13T22:21:59.606+0000] {processor.py:743} INFO - Processing file /home/airflow/.local/lib/python3.7/site-packages/airflow/example_dags/example_trigger_controller_dag.py for tasks to queue
[2026-02-13T22:21:59.607+0000] {logging_mixin.py:137} INFO - [2026-02-13T22:21:59.607+0000] {dagbag.py:538} INFO - Filling up the DagBag from /home/airflow/.local/lib/python3.7/site-packages/airflow/example_dags/example_trigger_controller_dag.py
[2026-02-13T22:21:59.612+0000] {processor.py:753} INFO - DAG(s) dict_keys(['example_trigger_controller_dag']) retrieved from /home/airflow/.local/lib/python3.7/site-packages/airflow/example_dags/example_trigger_controller_dag.py
[2026-02-13T22:21:59.623+0000] {logging_mixin.py:137} INFO - [2026-02-13T22:21:59.623+0000] {dag.py:2690} INFO - Sync 1 DAGs
[2026-02-13T22:21:59.634+0000] {logging_mixin.py:137} INFO - [2026-02-13T22:21:59.634+0000] {dag.py:3441} INFO - Setting next_dagrun for example_trigger_controller_dag to 2021-01-01T00:00:00+00:00, run_after=2021-01-01T00:00:00+00:00
[2026-02-13T22:21:59.648+0000] {processor.py:175} INFO - Processing /home/airflow/.local/lib/python3.7/site-packages/airflow/example_dags/example_trigger_controller_dag.py took 0.046 seconds
[2026-02-13T22:22:30.165+0000] {processor.py:153} INFO - Started process (PID=363) to work on /home/airflow/.local/lib/python3.7/site-packages/airflow/example_dags/example_trigger_controller_dag.py
[2026-02-13T22:22:30.165+0000] {processor.py:743} INFO - Processing file /home/airflow/.local/lib/python3.7/site-packages/airflow/example_dags/example_trigger_controller_dag.py for tasks to queue
[2026-02-13T22:22:30.166+0000] {logging_mixin.py:137} INFO - [2026-02-13T22:22:30.166+0000] {dagbag.py:538} INFO - Filling up the DagBag from /home/airflow/.local/lib/python3.7/site-packages/airflow/example_dags/example_trigger_controller_dag.py
[2026-02-13T22:22:30.171+0000] {processor.py:753} INFO - DAG(s) dict_keys(['example_trigger_controller_dag']) retrieved from /home/airflow/.local/lib/python3.7/site-packages/airflow/example_dags/example_trigger_controller_dag.py
[2026-02-13T22:22:30.183+0000] {logging_mixin.py:137} INFO - [2026-02-13T22:22:30.183+0000] {dag.py:2690} INFO - Sync 1 DAGs
[2026-02-13T22:22:30.195+0000] {logging_mixin.py:137} INFO - [2026-02-13T22:22:30.195+0000] {dag.py:3441} INFO - Setting next_dagrun for example_trigger_controller_dag to 2021-01-01T00:00:00+00:00, run_after=2021-01-01T00:00:00+00:00
[2026-02-13T22:22:30.206+0000] {processor.py:175} INFO - Processing /home/airflow/.local/lib/python3.7/site-packages/airflow/example_dags/example_trigger_controller_dag.py took 0.042 seconds
[2026-02-13T22:23:00.877+0000] {processor.py:153} INFO - Started process (PID=452) to work on /home/airflow/.local/lib/python3.7/site-packages/airflow/example_dags/example_trigger_controller_dag.py
[2026-02-13T22:23:00.878+0000] {processor.py:743} INFO - Processing file /home/airflow/.local/lib/python3.7/site-packages/airflow/example_dags/example_trigger_controller_dag.py for tasks to queue
[2026-02-13T22:23:00.878+0000] {logging_mixin.py:137} INFO - [2026-02-13T22:23:00.878+0000] {dagbag.py:538} INFO - Filling up the DagBag from /home/airflow/.local/lib/python3.7/site-packages/airflow/example_dags/example_trigger_controller_dag.py
[2026-02-13T22:23:00.884+0000] {processor.py:753} INFO - DAG(s) dict_keys(['example_trigger_controller_dag']) retrieved from /home/airflow/.local/lib/python3.7/site-packages/airflow/example_dags/example_trigger_controller_dag.py
[2026-02-13T22:23:00.898+0000] {logging_mixin.py:137} INFO - [2026-02-13T22:23:00.898+0000] {dag.py:2690} INFO - Sync 1 DAGs
[2026-02-13T22:23:00.909+0000] {logging_mixin.py:137} INFO - [2026-02-13T22:23:00.909+0000] {dag.py:3441} INFO - Setting next_dagrun for example_trigger_controller_dag to 2021-01-01T00:00:00+00:00, run_after=2021-01-01T00:00:00+00:00
[2026-02-13T22:23:00.920+0000] {processor.py:175} INFO - Processing /home/airflow/.local/lib/python3.7/site-packages/airflow/example_dags/example_trigger_controller_dag.py took 0.044 seconds
[2026-02-13T22:23:31.531+0000] {processor.py:153} INFO - Started process (PID=533) to work on /home/airflow/.local/lib/python3.7/site-packages/airflow/example_dags/example_trigger_controller_dag.py
[2026-02-13T22:23:31.534+0000] {processor.py:743} INFO - Processing file /home/airflow/.local/lib/python3.7/site-packages/airflow/example_dags/example_trigger_controller_dag.py for tasks to queue
[2026-02-13T22:23:31.534+0000] {logging_mixin.py:137} INFO - [2026-02-13T22:23:31.534+0000] {dagbag.py:538} INFO - Filling up the DagBag from /home/airflow/.local/lib/python3.7/site-packages/airflow/example_dags/example_trigger_controller_dag.py
[2026-02-13T22:23:31.540+0000] {processor.py:753} INFO - DAG(s) dict_keys(['example_trigger_controller_dag']) retrieved from /home/airflow/.local/lib/python3.7/site-packages/airflow/example_dags/example_trigger_controller_dag.py
[2026-02-13T22:23:31.560+0000] {logging_mixin.py:137} INFO - [2026-02-13T22:23:31.560+0000] {dag.py:2690} INFO - Sync 1 DAGs
[2026-02-13T22:23:31.572+0000] {logging_mixin.py:137} INFO - [2026-02-13T22:23:31.572+0000] {dag.py:3441} INFO - Setting next_dagrun for example_trigger_controller_dag to 2021-01-01T00:00:00+00:00, run_after=2021-01-01T00:00:00+00:00
[2026-02-13T22:23:31.581+0000] {processor.py:175} INFO - Processing /home/airflow/.local/lib/python3.7/site-packages/airflow/example_dags/example_trigger_controller_dag.py took 0.052 seconds
[2026-02-13T22:24:02.200+0000] {processor.py:153} INFO - Started process (PID=613) to work on /home/airflow/.local/lib/python3.7/site-packages/airflow/example_dags/example_trigger_controller_dag.py
[2026-02-13T22:24:02.201+0000] {processor.py:743} INFO - Processing file /home/airflow/.local/lib/python3.7/site-packages/airflow/example_dags/example_trigger_controller_dag.py for tasks to queue
[2026-02-13T22:24:02.203+0000] {logging_mixin.py:137} INFO - [2026-02-13T22:24:02.203+0000] {dagbag.py:538} INFO - Filling up the DagBag from /home/airflow/.local/lib/python3.7/site-packages/airflow/example_dags/example_trigger_controller_dag.py
[2026-02-13T22:24:02.207+0000] {processor.py:753} INFO - DAG(s) dict_keys(['example_trigger_controller_dag']) retrieved from /home/airflow/.local/lib/python3.7/site-packages/airflow/example_dags/example_trigger_controller_dag.py
[2026-02-13T22:24:02.218+0000] {logging_mixin.py:137} INFO - [2026-02-13T22:24:02.217+0000] {dag.py:2690} INFO - Sync 1 DAGs
[2026-02-13T22:24:02.228+0000] {logging_mixin.py:137} INFO - [2026-02-13T22:24:02.228+0000] {dag.py:3441} INFO - Setting next_dagrun for example_trigger_controller_dag to 2021-01-01T00:00:00+00:00, run_after=2021-01-01T00:00:00+00:00
[2026-02-13T22:24:02.240+0000] {processor.py:175} INFO - Processing /home/airflow/.local/lib/python3.7/site-packages/airflow/example_dags/example_trigger_controller_dag.py took 0.041 seconds
[2026-02-13T22:24:32.981+0000] {processor.py:153} INFO - Started process (PID=702) to work on /home/airflow/.local/lib/python3.7/site-packages/airflow/example_dags/example_trigger_controller_dag.py
[2026-02-13T22:24:32.983+0000] {processor.py:743} INFO - Processing file /home/airflow/.local/lib/python3.7/site-packages/airflow/example_dags/example_trigger_controller_dag.py for tasks to queue
[2026-02-13T22:24:32.984+0000] {logging_mixin.py:137} INFO - [2026-02-13T22:24:32.984+0000] {dagbag.py:538} INFO - Filling up the DagBag from /home/airflow/.local/lib/python3.7/site-packages/airflow/example_dags/example_trigger_controller_dag.py
[2026-02-13T22:24:32.988+0000] {processor.py:753} INFO - DAG(s) dict_keys(['example_trigger_controller_dag']) retrieved from /home/airflow/.local/lib/python3.7/site-packages/airflow/example_dags/example_trigger_controller_dag.py
[2026-02-13T22:24:33.003+0000] {logging_mixin.py:137} INFO - [2026-02-13T22:24:33.003+0000] {dag.py:2690} INFO - Sync 1 DAGs
[2026-02-13T22:24:33.018+0000] {logging_mixin.py:137} INFO - [2026-02-13T22:24:33.018+0000] {dag.py:3441} INFO - Setting next_dagrun for example_trigger_controller_dag to 2021-01-01T00:00:00+00:00, run_after=2021-01-01T00:00:00+00:00
[2026-02-13T22:24:33.031+0000] {processor.py:175} INFO - Processing /home/airflow/.local/lib/python3.7/site-packages/airflow/example_dags/example_trigger_controller_dag.py took 0.051 seconds
[2026-02-13T22:25:03.615+0000] {processor.py:153} INFO - Started process (PID=791) to work on /home/airflow/.local/lib/python3.7/site-packages/airflow/example_dags/example_trigger_controller_dag.py
[2026-02-13T22:25:03.616+0000] {processor.py:743} INFO - Processing file /home/airflow/.local/lib/python3.7/site-packages/airflow/example_dags/example_trigger_controller_dag.py for tasks to queue
[2026-02-13T22:25:03.616+0000] {logging_mixin.py:137} INFO - [2026-02-13T22:25:03.616+0000] {dagbag.py:538} INFO - Filling up the DagBag from /home/airflow/.local/lib/python3.7/site-packages/airflow/example_dags/example_trigger_controller_dag.py
[2026-02-13T22:25:03.620+0000] {processor.py:753} INFO - DAG(s) dict_keys(['example_trigger_controller_dag']) retrieved from /home/airflow/.local/lib/python3.7/site-packages/airflow/example_dags/example_trigger_controller_dag.py
[2026-02-13T22:25:03.629+0000] {logging_mixin.py:137} INFO - [2026-02-13T22:25:03.629+0000] {dag.py:2690} INFO - Sync 1 DAGs
[2026-02-13T22:25:03.638+0000] {logging_mixin.py:137} INFO - [2026-02-13T22:25:03.638+0000] {dag.py:3441} INFO - Setting next_dagrun for example_trigger_controller_dag to 2021-01-01T00:00:00+00:00, run_after=2021-01-01T00:00:00+00:00
[2026-02-13T22:25:03.644+0000] {processor.py:175} INFO - Processing /home/airflow/.local/lib/python3.7/site-packages/airflow/example_dags/example_trigger_controller_dag.py took 0.030 seconds
[2026-02-13T22:25:34.304+0000] {processor.py:153} INFO - Started process (PID=880) to work on /home/airflow/.local/lib/python3.7/site-packages/airflow/example_dags/example_trigger_controller_dag.py
[2026-02-13T22:25:34.305+0000] {processor.py:743} INFO - Processing file /home/airflow/.local/lib/python3.7/site-packages/airflow/example_dags/example_trigger_controller_dag.py for tasks to queue
[2026-02-13T22:25:34.306+0000] {logging_mixin.py:137} INFO - [2026-02-13T22:25:34.306+0000] {dagbag.py:538} INFO - Filling up the DagBag from /home/airflow/.local/lib/python3.7/site-packages/airflow/example_dags/example_trigger_controller_dag.py
[2026-02-13T22:25:34.312+0000] {processor.py:753} INFO - DAG(s) dict_keys(['example_trigger_controller_dag']) retrieved from /home/airflow/.local/lib/python3.7/site-packages/airflow/example_dags/example_trigger_controller_dag.py
[2026-02-13T22:25:34.325+0000] {logging_mixin.py:137} INFO - [2026-02-13T22:25:34.325+0000] {dag.py:2690} INFO - Sync 1 DAGs
[2026-02-13T22:25:34.334+0000] {logging_mixin.py:137} INFO - [2026-02-13T22:25:34.334+0000] {dag.py:3441} INFO - Setting next_dagrun for example_trigger_controller_dag to 2021-01-01T00:00:00+00:00, run_after=2021-01-01T00:00:00+00:00
[2026-02-13T22:25:34.344+0000] {processor.py:175} INFO - Processing /home/airflow/.local/lib/python3.7/site-packages/airflow/example_dags/example_trigger_controller_dag.py took 0.042 seconds
[2026-02-13T22:26:04.854+0000] {processor.py:153} INFO - Started process (PID=953) to work on /home/airflow/.local/lib/python3.7/site-packages/airflow/example_dags/example_trigger_controller_dag.py
[2026-02-13T22:26:04.857+0000] {processor.py:743} INFO - Processing file /home/airflow/.local/lib/python3.7/site-packages/airflow/example_dags/example_trigger_controller_dag.py for tasks to queue
[2026-02-13T22:26:04.857+0000] {logging_mixin.py:137} INFO - [2026-02-13T22:26:04.857+0000] {dagbag.py:538} INFO - Filling up the DagBag from /home/airflow/.local/lib/python3.7/site-packages/airflow/example_dags/example_trigger_controller_dag.py
[2026-02-13T22:26:04.861+0000] {processor.py:753} INFO - DAG(s) dict_keys(['example_trigger_controller_dag']) retrieved from /home/airflow/.local/lib/python3.7/site-packages/airflow/example_dags/example_trigger_controller_dag.py
[2026-02-13T22:26:04.873+0000] {logging_mixin.py:137} INFO - [2026-02-13T22:26:04.873+0000] {dag.py:2690} INFO - Sync 1 DAGs
[2026-02-13T22:26:04.887+0000] {logging_mixin.py:137} INFO - [2026-02-13T22:26:04.886+0000] {dag.py:3441} INFO - Setting next_dagrun for example_trigger_controller_dag to 2021-01-01T00:00:00+00:00, run_after=2021-01-01T00:00:00+00:00
[2026-02-13T22:26:04.897+0000] {processor.py:175} INFO - Processing /home/airflow/.local/lib/python3.7/site-packages/airflow/example_dags/example_trigger_controller_dag.py took 0.044 seconds
[2026-02-13T22:26:35.457+0000] {processor.py:153} INFO - Started process (PID=1042) to work on /home/airflow/.local/lib/python3.7/site-packages/airflow/example_dags/example_trigger_controller_dag.py
[2026-02-13T22:26:35.458+0000] {processor.py:743} INFO - Processing file /home/airflow/.local/lib/python3.7/site-packages/airflow/example_dags/example_trigger_controller_dag.py for tasks to queue
[2026-02-13T22:26:35.459+0000] {logging_mixin.py:137} INFO - [2026-02-13T22:26:35.458+0000] {dagbag.py:538} INFO - Filling up the DagBag from /home/airflow/.local/lib/python3.7/site-packages/airflow/example_dags/example_trigger_controller_dag.py
[2026-02-13T22:26:35.463+0000] {processor.py:753} INFO - DAG(s) dict_keys(['example_trigger_controller_dag']) retrieved from /home/airflow/.local/lib/python3.7/site-packages/airflow/example_dags/example_trigger_controller_dag.py
[2026-02-13T22:26:35.492+0000] {logging_mixin.py:137} INFO - [2026-02-13T22:26:35.492+0000] {dag.py:2690} INFO - Sync 1 DAGs
[2026-02-13T22:26:35.515+0000] {logging_mixin.py:137} INFO - [2026-02-13T22:26:35.515+0000] {dag.py:3441} INFO - Setting next_dagrun for example_trigger_controller_dag to 2021-01-01T00:00:00+00:00, run_after=2021-01-01T00:00:00+00:00
[2026-02-13T22:26:35.530+0000] {processor.py:175} INFO - Processing /home/airflow/.local/lib/python3.7/site-packages/airflow/example_dags/example_trigger_controller_dag.py took 0.075 seconds
[2026-02-13T22:27:06.237+0000] {processor.py:153} INFO - Started process (PID=1131) to work on /home/airflow/.local/lib/python3.7/site-packages/airflow/example_dags/example_trigger_controller_dag.py
[2026-02-13T22:27:06.237+0000] {processor.py:743} INFO - Processing file /home/airflow/.local/lib/python3.7/site-packages/airflow/example_dags/example_trigger_controller_dag.py for tasks to queue
[2026-02-13T22:27:06.238+0000] {logging_mixin.py:137} INFO - [2026-02-13T22:27:06.237+0000] {dagbag.py:538} INFO - Filling up the DagBag from /home/airflow/.local/lib/python3.7/site-packages/airflow/example_dags/example_trigger_controller_dag.py
[2026-02-13T22:27:06.242+0000] {processor.py:753} INFO - DAG(s) dict_keys(['example_trigger_controller_dag']) retrieved from /home/airflow/.local/lib/python3.7/site-packages/airflow/example_dags/example_trigger_controller_dag.py
[2026-02-13T22:27:06.252+0000] {logging_mixin.py:137} INFO - [2026-02-13T22:27:06.252+0000] {dag.py:2690} INFO - Sync 1 DAGs
[2026-02-13T22:27:06.265+0000] {logging_mixin.py:137} INFO - [2026-02-13T22:27:06.265+0000] {dag.py:3441} INFO - Setting next_dagrun for example_trigger_controller_dag to 2021-01-01T00:00:00+00:00, run_after=2021-01-01T00:00:00+00:00
[2026-02-13T22:27:06.277+0000] {processor.py:175} INFO - Processing /home/airflow/.local/lib/python3.7/site-packages/airflow/example_dags/example_trigger_controller_dag.py took 0.042 seconds
[2026-02-13T22:27:36.847+0000] {processor.py:153} INFO - Started process (PID=1220) to work on /home/airflow/.local/lib/python3.7/site-packages/airflow/example_dags/example_trigger_controller_dag.py
[2026-02-13T22:27:36.849+0000] {processor.py:743} INFO - Processing file /home/airflow/.local/lib/python3.7/site-packages/airflow/example_dags/example_trigger_controller_dag.py for tasks to queue
[2026-02-13T22:27:36.849+0000] {logging_mixin.py:137} INFO - [2026-02-13T22:27:36.849+0000] {dagbag.py:538} INFO - Filling up the DagBag from /home/airflow/.local/lib/python3.7/site-packages/airflow/example_dags/example_trigger_controller_dag.py
[2026-02-13T22:27:36.853+0000] {processor.py:753} INFO - DAG(s) dict_keys(['example_trigger_controller_dag']) retrieved from /home/airflow/.local/lib/python3.7/site-packages/airflow/example_dags/example_trigger_controller_dag.py
[2026-02-13T22:27:36.863+0000] {logging_mixin.py:137} INFO - [2026-02-13T22:27:36.863+0000] {dag.py:2690} INFO - Sync 1 DAGs
[2026-02-13T22:27:36.875+0000] {logging_mixin.py:137} INFO - [2026-02-13T22:27:36.875+0000] {dag.py:3441} INFO - Setting next_dagrun for example_trigger_controller_dag to 2021-01-01T00:00:00+00:00, run_after=2021-01-01T00:00:00+00:00
[2026-02-13T22:27:36.884+0000] {processor.py:175} INFO - Processing /home/airflow/.local/lib/python3.7/site-packages/airflow/example_dags/example_trigger_controller_dag.py took 0.039 seconds
[2026-02-13T22:28:07.652+0000] {processor.py:153} INFO - Started process (PID=1293) to work on /home/airflow/.local/lib/python3.7/site-packages/airflow/example_dags/example_trigger_controller_dag.py
[2026-02-13T22:28:07.653+0000] {processor.py:743} INFO - Processing file /home/airflow/.local/lib/python3.7/site-packages/airflow/example_dags/example_trigger_controller_dag.py for tasks to queue
[2026-02-13T22:28:07.653+0000] {logging_mixin.py:137} INFO - [2026-02-13T22:28:07.653+0000] {dagbag.py:538} INFO - Filling up the DagBag from /home/airflow/.local/lib/python3.7/site-packages/airflow/example_dags/example_trigger_controller_dag.py
[2026-02-13T22:28:07.658+0000] {processor.py:753} INFO - DAG(s) dict_keys(['example_trigger_controller_dag']) retrieved from /home/airflow/.local/lib/python3.7/site-packages/airflow/example_dags/example_trigger_controller_dag.py
[2026-02-13T22:28:07.671+0000] {logging_mixin.py:137} INFO - [2026-02-13T22:28:07.671+0000] {dag.py:2690} INFO - Sync 1 DAGs
[2026-02-13T22:28:07.683+0000] {logging_mixin.py:137} INFO - [2026-02-13T22:28:07.683+0000] {dag.py:3441} INFO - Setting next_dagrun for example_trigger_controller_dag to 2021-01-01T00:00:00+00:00, run_after=2021-01-01T00:00:00+00:00
[2026-02-13T22:28:07.694+0000] {processor.py:175} INFO - Processing /home/airflow/.local/lib/python3.7/site-packages/airflow/example_dags/example_trigger_controller_dag.py took 0.043 seconds
[2026-02-13T22:28:38.226+0000] {processor.py:153} INFO - Started process (PID=1382) to work on /home/airflow/.local/lib/python3.7/site-packages/airflow/example_dags/example_trigger_controller_dag.py
[2026-02-13T22:28:38.227+0000] {processor.py:743} INFO - Processing file /home/airflow/.local/lib/python3.7/site-packages/airflow/example_dags/example_trigger_controller_dag.py for tasks to queue
[2026-02-13T22:28:38.227+0000] {logging_mixin.py:137} INFO - [2026-02-13T22:28:38.227+0000] {dagbag.py:538} INFO - Filling up the DagBag from /home/airflow/.local/lib/python3.7/site-packages/airflow/example_dags/example_trigger_controller_dag.py
[2026-02-13T22:28:38.232+0000] {processor.py:753} INFO - DAG(s) dict_keys(['example_trigger_controller_dag']) retrieved from /home/airflow/.local/lib/python3.7/site-packages/airflow/example_dags/example_trigger_controller_dag.py
[2026-02-13T22:28:38.247+0000] {logging_mixin.py:137} INFO - [2026-02-13T22:28:38.247+0000] {dag.py:2690} INFO - Sync 1 DAGs
[2026-02-13T22:28:38.258+0000] {logging_mixin.py:137} INFO - [2026-02-13T22:28:38.258+0000] {dag.py:3441} INFO - Setting next_dagrun for example_trigger_controller_dag to 2021-01-01T00:00:00+00:00, run_after=2021-01-01T00:00:00+00:00
[2026-02-13T22:28:38.272+0000] {processor.py:175} INFO - Processing /home/airflow/.local/lib/python3.7/site-packages/airflow/example_dags/example_trigger_controller_dag.py took 0.048 seconds
[2026-02-13T22:29:08.905+0000] {processor.py:153} INFO - Started process (PID=1471) to work on /home/airflow/.local/lib/python3.7/site-packages/airflow/example_dags/example_trigger_controller_dag.py
[2026-02-13T22:29:08.906+0000] {processor.py:743} INFO - Processing file /home/airflow/.local/lib/python3.7/site-packages/airflow/example_dags/example_trigger_controller_dag.py for tasks to queue
[2026-02-13T22:29:08.907+0000] {logging_mixin.py:137} INFO - [2026-02-13T22:29:08.907+0000] {dagbag.py:538} INFO - Filling up the DagBag from /home/airflow/.local/lib/python3.7/site-packages/airflow/example_dags/example_trigger_controller_dag.py
[2026-02-13T22:29:08.913+0000] {processor.py:753} INFO - DAG(s) dict_keys(['example_trigger_controller_dag']) retrieved from /home/airflow/.local/lib/python3.7/site-packages/airflow/example_dags/example_trigger_controller_dag.py
[2026-02-13T22:29:08.926+0000] {logging_mixin.py:137} INFO - [2026-02-13T22:29:08.926+0000] {dag.py:2690} INFO - Sync 1 DAGs
[2026-02-13T22:29:08.937+0000] {logging_mixin.py:137} INFO - [2026-02-13T22:29:08.937+0000] {dag.py:3441} INFO - Setting next_dagrun for example_trigger_controller_dag to 2021-01-01T00:00:00+00:00, run_after=2021-01-01T00:00:00+00:00
[2026-02-13T22:29:08.952+0000] {processor.py:175} INFO - Processing /home/airflow/.local/lib/python3.7/site-packages/airflow/example_dags/example_trigger_controller_dag.py took 0.049 seconds
[2026-02-13T22:29:39.476+0000] {processor.py:153} INFO - Started process (PID=1560) to work on /home/airflow/.local/lib/python3.7/site-packages/airflow/example_dags/example_trigger_controller_dag.py
[2026-02-13T22:29:39.477+0000] {processor.py:743} INFO - Processing file /home/airflow/.local/lib/python3.7/site-packages/airflow/example_dags/example_trigger_controller_dag.py for tasks to queue
[2026-02-13T22:29:39.478+0000] {logging_mixin.py:137} INFO - [2026-02-13T22:29:39.478+0000] {dagbag.py:538} INFO - Filling up the DagBag from /home/airflow/.local/lib/python3.7/site-packages/airflow/example_dags/example_trigger_controller_dag.py
[2026-02-13T22:29:39.483+0000] {processor.py:753} INFO - DAG(s) dict_keys(['example_trigger_controller_dag']) retrieved from /home/airflow/.local/lib/python3.7/site-packages/airflow/example_dags/example_trigger_controller_dag.py
[2026-02-13T22:29:39.497+0000] {logging_mixin.py:137} INFO - [2026-02-13T22:29:39.497+0000] {dag.py:2690} INFO - Sync 1 DAGs
[2026-02-13T22:29:39.508+0000] {logging_mixin.py:137} INFO - [2026-02-13T22:29:39.508+0000] {dag.py:3441} INFO - Setting next_dagrun for example_trigger_controller_dag to 2021-01-01T00:00:00+00:00, run_after=2021-01-01T00:00:00+00:00
[2026-02-13T22:29:39.514+0000] {processor.py:175} INFO - Processing /home/airflow/.local/lib/python3.7/site-packages/airflow/example_dags/example_trigger_controller_dag.py took 0.040 seconds
[2026-02-13T22:30:10.336+0000] {processor.py:153} INFO - Started process (PID=1649) to work on /home/airflow/.local/lib/python3.7/site-packages/airflow/example_dags/example_trigger_controller_dag.py
[2026-02-13T22:30:10.337+0000] {processor.py:743} INFO - Processing file /home/airflow/.local/lib/python3.7/site-packages/airflow/example_dags/example_trigger_controller_dag.py for tasks to queue
[2026-02-13T22:30:10.338+0000] {logging_mixin.py:137} INFO - [2026-02-13T22:30:10.338+0000] {dagbag.py:538} INFO - Filling up the DagBag from /home/airflow/.local/lib/python3.7/site-packages/airflow/example_dags/example_trigger_controller_dag.py
[2026-02-13T22:30:10.347+0000] {processor.py:753} INFO - DAG(s) dict_keys(['example_trigger_controller_dag']) retrieved from /home/airflow/.local/lib/python3.7/site-packages/airflow/example_dags/example_trigger_controller_dag.py
[2026-02-13T22:30:10.361+0000] {logging_mixin.py:137} INFO - [2026-02-13T22:30:10.361+0000] {dag.py:2690} INFO - Sync 1 DAGs
[2026-02-13T22:30:10.383+0000] {logging_mixin.py:137} INFO - [2026-02-13T22:30:10.383+0000] {dag.py:3441} INFO - Setting next_dagrun for example_trigger_controller_dag to 2021-01-01T00:00:00+00:00, run_after=2021-01-01T00:00:00+00:00
[2026-02-13T22:30:10.400+0000] {processor.py:175} INFO - Processing /home/airflow/.local/lib/python3.7/site-packages/airflow/example_dags/example_trigger_controller_dag.py took 0.067 seconds
[2026-02-13T22:30:40.959+0000] {processor.py:153} INFO - Started process (PID=1722) to work on /home/airflow/.local/lib/python3.7/site-packages/airflow/example_dags/example_trigger_controller_dag.py
[2026-02-13T22:30:40.960+0000] {processor.py:743} INFO - Processing file /home/airflow/.local/lib/python3.7/site-packages/airflow/example_dags/example_trigger_controller_dag.py for tasks to queue
[2026-02-13T22:30:40.961+0000] {logging_mixin.py:137} INFO - [2026-02-13T22:30:40.961+0000] {dagbag.py:538} INFO - Filling up the DagBag from /home/airflow/.local/lib/python3.7/site-packages/airflow/example_dags/example_trigger_controller_dag.py
[2026-02-13T22:30:40.966+0000] {processor.py:753} INFO - DAG(s) dict_keys(['example_trigger_controller_dag']) retrieved from /home/airflow/.local/lib/python3.7/site-packages/airflow/example_dags/example_trigger_controller_dag.py
[2026-02-13T22:30:40.976+0000] {logging_mixin.py:137} INFO - [2026-02-13T22:30:40.976+0000] {dag.py:2690} INFO - Sync 1 DAGs
[2026-02-13T22:30:40.988+0000] {logging_mixin.py:137} INFO - [2026-02-13T22:30:40.988+0000] {dag.py:3441} INFO - Setting next_dagrun for example_trigger_controller_dag to 2021-01-01T00:00:00+00:00, run_after=2021-01-01T00:00:00+00:00
[2026-02-13T22:30:41.004+0000] {processor.py:175} INFO - Processing /home/airflow/.local/lib/python3.7/site-packages/airflow/example_dags/example_trigger_controller_dag.py took 0.046 seconds
[2026-02-13T22:31:11.444+0000] {processor.py:153} INFO - Started process (PID=1811) to work on /home/airflow/.local/lib/python3.7/site-packages/airflow/example_dags/example_trigger_controller_dag.py
[2026-02-13T22:31:11.444+0000] {processor.py:743} INFO - Processing file /home/airflow/.local/lib/python3.7/site-packages/airflow/example_dags/example_trigger_controller_dag.py for tasks to queue
[2026-02-13T22:31:11.444+0000] {logging_mixin.py:137} INFO - [2026-02-13T22:31:11.444+0000] {dagbag.py:538} INFO - Filling up the DagBag from /home/airflow/.local/lib/python3.7/site-packages/airflow/example_dags/example_trigger_controller_dag.py
[2026-02-13T22:31:11.449+0000] {processor.py:753} INFO - DAG(s) dict_keys(['example_trigger_controller_dag']) retrieved from /home/airflow/.local/lib/python3.7/site-packages/airflow/example_dags/example_trigger_controller_dag.py
[2026-02-13T22:31:11.459+0000] {logging_mixin.py:137} INFO - [2026-02-13T22:31:11.459+0000] {dag.py:2690} INFO - Sync 1 DAGs
[2026-02-13T22:31:11.469+0000] {logging_mixin.py:137} INFO - [2026-02-13T22:31:11.469+0000] {dag.py:3441} INFO - Setting next_dagrun for example_trigger_controller_dag to 2021-01-01T00:00:00+00:00, run_after=2021-01-01T00:00:00+00:00
[2026-02-13T22:31:11.477+0000] {processor.py:175} INFO - Processing /home/airflow/.local/lib/python3.7/site-packages/airflow/example_dags/example_trigger_controller_dag.py took 0.035 seconds
[2026-02-13T22:31:42.294+0000] {processor.py:153} INFO - Started process (PID=1900) to work on /home/airflow/.local/lib/python3.7/site-packages/airflow/example_dags/example_trigger_controller_dag.py
[2026-02-13T22:31:42.295+0000] {processor.py:743} INFO - Processing file /home/airflow/.local/lib/python3.7/site-packages/airflow/example_dags/example_trigger_controller_dag.py for tasks to queue
[2026-02-13T22:31:42.296+0000] {logging_mixin.py:137} INFO - [2026-02-13T22:31:42.295+0000] {dagbag.py:538} INFO - Filling up the DagBag from /home/airflow/.local/lib/python3.7/site-packages/airflow/example_dags/example_trigger_controller_dag.py
[2026-02-13T22:31:42.300+0000] {processor.py:753} INFO - DAG(s) dict_keys(['example_trigger_controller_dag']) retrieved from /home/airflow/.local/lib/python3.7/site-packages/airflow/example_dags/example_trigger_controller_dag.py
[2026-02-13T22:31:42.312+0000] {logging_mixin.py:137} INFO - [2026-02-13T22:31:42.312+0000] {dag.py:2690} INFO - Sync 1 DAGs
[2026-02-13T22:31:42.327+0000] {logging_mixin.py:137} INFO - [2026-02-13T22:31:42.327+0000] {dag.py:3441} INFO - Setting next_dagrun for example_trigger_controller_dag to 2021-01-01T00:00:00+00:00, run_after=2021-01-01T00:00:00+00:00
[2026-02-13T22:31:42.347+0000] {processor.py:175} INFO - Processing /home/airflow/.local/lib/python3.7/site-packages/airflow/example_dags/example_trigger_controller_dag.py took 0.054 seconds
[2026-02-13T22:32:13.594+0000] {processor.py:153} INFO - Started process (PID=1988) to work on /home/airflow/.local/lib/python3.7/site-packages/airflow/example_dags/example_trigger_controller_dag.py
[2026-02-13T22:32:13.596+0000] {processor.py:743} INFO - Processing file /home/airflow/.local/lib/python3.7/site-packages/airflow/example_dags/example_trigger_controller_dag.py for tasks to queue
[2026-02-13T22:32:13.596+0000] {logging_mixin.py:137} INFO - [2026-02-13T22:32:13.596+0000] {dagbag.py:538} INFO - Filling up the DagBag from /home/airflow/.local/lib/python3.7/site-packages/airflow/example_dags/example_trigger_controller_dag.py
[2026-02-13T22:32:13.604+0000] {processor.py:753} INFO - DAG(s) dict_keys(['example_trigger_controller_dag']) retrieved from /home/airflow/.local/lib/python3.7/site-packages/airflow/example_dags/example_trigger_controller_dag.py
[2026-02-13T22:32:13.631+0000] {logging_mixin.py:137} INFO - [2026-02-13T22:32:13.631+0000] {dag.py:2690} INFO - Sync 1 DAGs
[2026-02-13T22:32:13.645+0000] {logging_mixin.py:137} INFO - [2026-02-13T22:32:13.644+0000] {dag.py:3441} INFO - Setting next_dagrun for example_trigger_controller_dag to 2021-01-01T00:00:00+00:00, run_after=2021-01-01T00:00:00+00:00
[2026-02-13T22:32:13.660+0000] {processor.py:175} INFO - Processing /home/airflow/.local/lib/python3.7/site-packages/airflow/example_dags/example_trigger_controller_dag.py took 0.070 seconds
[2026-02-13T22:32:44.496+0000] {processor.py:153} INFO - Started process (PID=2061) to work on /home/airflow/.local/lib/python3.7/site-packages/airflow/example_dags/example_trigger_controller_dag.py
[2026-02-13T22:32:44.497+0000] {processor.py:743} INFO - Processing file /home/airflow/.local/lib/python3.7/site-packages/airflow/example_dags/example_trigger_controller_dag.py for tasks to queue
[2026-02-13T22:32:44.497+0000] {logging_mixin.py:137} INFO - [2026-02-13T22:32:44.497+0000] {dagbag.py:538} INFO - Filling up the DagBag from /home/airflow/.local/lib/python3.7/site-packages/airflow/example_dags/example_trigger_controller_dag.py
[2026-02-13T22:32:44.502+0000] {processor.py:753} INFO - DAG(s) dict_keys(['example_trigger_controller_dag']) retrieved from /home/airflow/.local/lib/python3.7/site-packages/airflow/example_dags/example_trigger_controller_dag.py
[2026-02-13T22:32:44.511+0000] {logging_mixin.py:137} INFO - [2026-02-13T22:32:44.511+0000] {dag.py:2690} INFO - Sync 1 DAGs
[2026-02-13T22:32:44.520+0000] {logging_mixin.py:137} INFO - [2026-02-13T22:32:44.520+0000] {dag.py:3441} INFO - Setting next_dagrun for example_trigger_controller_dag to 2021-01-01T00:00:00+00:00, run_after=2021-01-01T00:00:00+00:00
[2026-02-13T22:32:44.526+0000] {processor.py:175} INFO - Processing /home/airflow/.local/lib/python3.7/site-packages/airflow/example_dags/example_trigger_controller_dag.py took 0.031 seconds
[2026-02-13T22:34:05.051+0000] {processor.py:153} INFO - Started process (PID=112) to work on /home/airflow/.local/lib/python3.7/site-packages/airflow/example_dags/example_trigger_controller_dag.py
[2026-02-13T22:34:05.052+0000] {processor.py:743} INFO - Processing file /home/airflow/.local/lib/python3.7/site-packages/airflow/example_dags/example_trigger_controller_dag.py for tasks to queue
[2026-02-13T22:34:05.053+0000] {logging_mixin.py:137} INFO - [2026-02-13T22:34:05.052+0000] {dagbag.py:538} INFO - Filling up the DagBag from /home/airflow/.local/lib/python3.7/site-packages/airflow/example_dags/example_trigger_controller_dag.py
[2026-02-13T22:34:05.061+0000] {processor.py:753} INFO - DAG(s) dict_keys(['example_trigger_controller_dag']) retrieved from /home/airflow/.local/lib/python3.7/site-packages/airflow/example_dags/example_trigger_controller_dag.py
[2026-02-13T22:34:05.073+0000] {logging_mixin.py:137} INFO - [2026-02-13T22:34:05.073+0000] {dag.py:2690} INFO - Sync 1 DAGs
[2026-02-13T22:34:05.089+0000] {logging_mixin.py:137} INFO - [2026-02-13T22:34:05.089+0000] {dag.py:3441} INFO - Setting next_dagrun for example_trigger_controller_dag to 2021-01-01T00:00:00+00:00, run_after=2021-01-01T00:00:00+00:00
[2026-02-13T22:34:05.109+0000] {processor.py:175} INFO - Processing /home/airflow/.local/lib/python3.7/site-packages/airflow/example_dags/example_trigger_controller_dag.py took 0.059 seconds
[2026-02-13T22:34:35.887+0000] {processor.py:153} INFO - Started process (PID=203) to work on /home/airflow/.local/lib/python3.7/site-packages/airflow/example_dags/example_trigger_controller_dag.py
[2026-02-13T22:34:35.889+0000] {processor.py:743} INFO - Processing file /home/airflow/.local/lib/python3.7/site-packages/airflow/example_dags/example_trigger_controller_dag.py for tasks to queue
[2026-02-13T22:34:35.890+0000] {logging_mixin.py:137} INFO - [2026-02-13T22:34:35.890+0000] {dagbag.py:538} INFO - Filling up the DagBag from /home/airflow/.local/lib/python3.7/site-packages/airflow/example_dags/example_trigger_controller_dag.py
[2026-02-13T22:34:35.895+0000] {processor.py:753} INFO - DAG(s) dict_keys(['example_trigger_controller_dag']) retrieved from /home/airflow/.local/lib/python3.7/site-packages/airflow/example_dags/example_trigger_controller_dag.py
[2026-02-13T22:34:35.908+0000] {logging_mixin.py:137} INFO - [2026-02-13T22:34:35.908+0000] {dag.py:2690} INFO - Sync 1 DAGs
[2026-02-13T22:34:35.921+0000] {logging_mixin.py:137} INFO - [2026-02-13T22:34:35.921+0000] {dag.py:3441} INFO - Setting next_dagrun for example_trigger_controller_dag to 2021-01-01T00:00:00+00:00, run_after=2021-01-01T00:00:00+00:00
[2026-02-13T22:34:35.931+0000] {processor.py:175} INFO - Processing /home/airflow/.local/lib/python3.7/site-packages/airflow/example_dags/example_trigger_controller_dag.py took 0.046 seconds
[2026-02-13T22:35:06.879+0000] {processor.py:153} INFO - Started process (PID=278) to work on /home/airflow/.local/lib/python3.7/site-packages/airflow/example_dags/example_trigger_controller_dag.py
[2026-02-13T22:35:06.880+0000] {processor.py:743} INFO - Processing file /home/airflow/.local/lib/python3.7/site-packages/airflow/example_dags/example_trigger_controller_dag.py for tasks to queue
[2026-02-13T22:35:06.880+0000] {logging_mixin.py:137} INFO - [2026-02-13T22:35:06.880+0000] {dagbag.py:538} INFO - Filling up the DagBag from /home/airflow/.local/lib/python3.7/site-packages/airflow/example_dags/example_trigger_controller_dag.py
[2026-02-13T22:35:06.887+0000] {processor.py:753} INFO - DAG(s) dict_keys(['example_trigger_controller_dag']) retrieved from /home/airflow/.local/lib/python3.7/site-packages/airflow/example_dags/example_trigger_controller_dag.py
[2026-02-13T22:35:06.902+0000] {logging_mixin.py:137} INFO - [2026-02-13T22:35:06.901+0000] {dag.py:2690} INFO - Sync 1 DAGs
[2026-02-13T22:35:06.914+0000] {logging_mixin.py:137} INFO - [2026-02-13T22:35:06.914+0000] {dag.py:3441} INFO - Setting next_dagrun for example_trigger_controller_dag to 2021-01-01T00:00:00+00:00, run_after=2021-01-01T00:00:00+00:00
[2026-02-13T22:35:06.928+0000] {processor.py:175} INFO - Processing /home/airflow/.local/lib/python3.7/site-packages/airflow/example_dags/example_trigger_controller_dag.py took 0.050 seconds
[2026-02-13T22:35:37.697+0000] {processor.py:153} INFO - Started process (PID=370) to work on /home/airflow/.local/lib/python3.7/site-packages/airflow/example_dags/example_trigger_controller_dag.py
[2026-02-13T22:35:37.697+0000] {processor.py:743} INFO - Processing file /home/airflow/.local/lib/python3.7/site-packages/airflow/example_dags/example_trigger_controller_dag.py for tasks to queue
[2026-02-13T22:35:37.698+0000] {logging_mixin.py:137} INFO - [2026-02-13T22:35:37.698+0000] {dagbag.py:538} INFO - Filling up the DagBag from /home/airflow/.local/lib/python3.7/site-packages/airflow/example_dags/example_trigger_controller_dag.py
[2026-02-13T22:35:37.706+0000] {processor.py:753} INFO - DAG(s) dict_keys(['example_trigger_controller_dag']) retrieved from /home/airflow/.local/lib/python3.7/site-packages/airflow/example_dags/example_trigger_controller_dag.py
[2026-02-13T22:35:37.719+0000] {logging_mixin.py:137} INFO - [2026-02-13T22:35:37.718+0000] {dag.py:2690} INFO - Sync 1 DAGs
[2026-02-13T22:35:37.733+0000] {logging_mixin.py:137} INFO - [2026-02-13T22:35:37.733+0000] {dag.py:3441} INFO - Setting next_dagrun for example_trigger_controller_dag to 2021-01-01T00:00:00+00:00, run_after=2021-01-01T00:00:00+00:00
[2026-02-13T22:35:37.745+0000] {processor.py:175} INFO - Processing /home/airflow/.local/lib/python3.7/site-packages/airflow/example_dags/example_trigger_controller_dag.py took 0.049 seconds
[2026-02-13T22:36:08.599+0000] {processor.py:153} INFO - Started process (PID=461) to work on /home/airflow/.local/lib/python3.7/site-packages/airflow/example_dags/example_trigger_controller_dag.py
[2026-02-13T22:36:08.600+0000] {processor.py:743} INFO - Processing file /home/airflow/.local/lib/python3.7/site-packages/airflow/example_dags/example_trigger_controller_dag.py for tasks to queue
[2026-02-13T22:36:08.601+0000] {logging_mixin.py:137} INFO - [2026-02-13T22:36:08.600+0000] {dagbag.py:538} INFO - Filling up the DagBag from /home/airflow/.local/lib/python3.7/site-packages/airflow/example_dags/example_trigger_controller_dag.py
[2026-02-13T22:36:08.605+0000] {processor.py:753} INFO - DAG(s) dict_keys(['example_trigger_controller_dag']) retrieved from /home/airflow/.local/lib/python3.7/site-packages/airflow/example_dags/example_trigger_controller_dag.py
[2026-02-13T22:36:08.615+0000] {logging_mixin.py:137} INFO - [2026-02-13T22:36:08.615+0000] {dag.py:2690} INFO - Sync 1 DAGs
[2026-02-13T22:36:08.626+0000] {logging_mixin.py:137} INFO - [2026-02-13T22:36:08.626+0000] {dag.py:3441} INFO - Setting next_dagrun for example_trigger_controller_dag to 2021-01-01T00:00:00+00:00, run_after=2021-01-01T00:00:00+00:00
[2026-02-13T22:36:08.637+0000] {processor.py:175} INFO - Processing /home/airflow/.local/lib/python3.7/site-packages/airflow/example_dags/example_trigger_controller_dag.py took 0.039 seconds
[2026-02-13T22:36:39.402+0000] {processor.py:153} INFO - Started process (PID=553) to work on /home/airflow/.local/lib/python3.7/site-packages/airflow/example_dags/example_trigger_controller_dag.py
[2026-02-13T22:36:39.402+0000] {processor.py:743} INFO - Processing file /home/airflow/.local/lib/python3.7/site-packages/airflow/example_dags/example_trigger_controller_dag.py for tasks to queue
[2026-02-13T22:36:39.403+0000] {logging_mixin.py:137} INFO - [2026-02-13T22:36:39.403+0000] {dagbag.py:538} INFO - Filling up the DagBag from /home/airflow/.local/lib/python3.7/site-packages/airflow/example_dags/example_trigger_controller_dag.py
[2026-02-13T22:36:39.407+0000] {processor.py:753} INFO - DAG(s) dict_keys(['example_trigger_controller_dag']) retrieved from /home/airflow/.local/lib/python3.7/site-packages/airflow/example_dags/example_trigger_controller_dag.py
[2026-02-13T22:36:39.423+0000] {logging_mixin.py:137} INFO - [2026-02-13T22:36:39.423+0000] {dag.py:2690} INFO - Sync 1 DAGs
[2026-02-13T22:36:39.436+0000] {logging_mixin.py:137} INFO - [2026-02-13T22:36:39.436+0000] {dag.py:3441} INFO - Setting next_dagrun for example_trigger_controller_dag to 2021-01-01T00:00:00+00:00, run_after=2021-01-01T00:00:00+00:00
[2026-02-13T22:36:39.451+0000] {processor.py:175} INFO - Processing /home/airflow/.local/lib/python3.7/site-packages/airflow/example_dags/example_trigger_controller_dag.py took 0.050 seconds
