[2026-02-13T21:49:32.357+0000] {processor.py:153} INFO - Started process (PID=70) to work on /home/airflow/.local/lib/python3.7/site-packages/airflow/example_dags/example_skip_dag.py
[2026-02-13T21:49:32.358+0000] {processor.py:743} INFO - Processing file /home/airflow/.local/lib/python3.7/site-packages/airflow/example_dags/example_skip_dag.py for tasks to queue
[2026-02-13T21:49:32.359+0000] {logging_mixin.py:137} INFO - [2026-02-13T21:49:32.358+0000] {dagbag.py:538} INFO - Filling up the DagBag from /home/airflow/.local/lib/python3.7/site-packages/airflow/example_dags/example_skip_dag.py
[2026-02-13T21:49:32.371+0000] {processor.py:753} INFO - DAG(s) dict_keys(['example_skip_dag']) retrieved from /home/airflow/.local/lib/python3.7/site-packages/airflow/example_dags/example_skip_dag.py
[2026-02-13T21:49:32.379+0000] {logging_mixin.py:137} INFO - [2026-02-13T21:49:32.379+0000] {dag.py:2690} INFO - Sync 1 DAGs
[2026-02-13T21:49:32.396+0000] {logging_mixin.py:137} INFO - [2026-02-13T21:49:32.396+0000] {dag.py:3441} INFO - Setting next_dagrun for example_skip_dag to 2026-02-12T21:49:32.395992+00:00, run_after=2026-02-13T21:49:32.395992+00:00
[2026-02-13T21:49:32.413+0000] {processor.py:175} INFO - Processing /home/airflow/.local/lib/python3.7/site-packages/airflow/example_dags/example_skip_dag.py took 0.058 seconds
[2026-02-13T21:50:02.893+0000] {processor.py:153} INFO - Started process (PID=158) to work on /home/airflow/.local/lib/python3.7/site-packages/airflow/example_dags/example_skip_dag.py
[2026-02-13T21:50:02.894+0000] {processor.py:743} INFO - Processing file /home/airflow/.local/lib/python3.7/site-packages/airflow/example_dags/example_skip_dag.py for tasks to queue
[2026-02-13T21:50:02.895+0000] {logging_mixin.py:137} INFO - [2026-02-13T21:50:02.895+0000] {dagbag.py:538} INFO - Filling up the DagBag from /home/airflow/.local/lib/python3.7/site-packages/airflow/example_dags/example_skip_dag.py
[2026-02-13T21:50:02.900+0000] {processor.py:753} INFO - DAG(s) dict_keys(['example_skip_dag']) retrieved from /home/airflow/.local/lib/python3.7/site-packages/airflow/example_dags/example_skip_dag.py
[2026-02-13T21:50:02.912+0000] {logging_mixin.py:137} INFO - [2026-02-13T21:50:02.912+0000] {dag.py:2690} INFO - Sync 1 DAGs
[2026-02-13T21:50:02.927+0000] {logging_mixin.py:137} INFO - [2026-02-13T21:50:02.927+0000] {dag.py:3441} INFO - Setting next_dagrun for example_skip_dag to 2026-02-12T21:50:02.927781+00:00, run_after=2026-02-13T21:50:02.927781+00:00
[2026-02-13T21:50:02.940+0000] {processor.py:175} INFO - Processing /home/airflow/.local/lib/python3.7/site-packages/airflow/example_dags/example_skip_dag.py took 0.048 seconds
[2026-02-13T21:50:33.592+0000] {processor.py:153} INFO - Started process (PID=247) to work on /home/airflow/.local/lib/python3.7/site-packages/airflow/example_dags/example_skip_dag.py
[2026-02-13T21:50:33.593+0000] {processor.py:743} INFO - Processing file /home/airflow/.local/lib/python3.7/site-packages/airflow/example_dags/example_skip_dag.py for tasks to queue
[2026-02-13T21:50:33.594+0000] {logging_mixin.py:137} INFO - [2026-02-13T21:50:33.594+0000] {dagbag.py:538} INFO - Filling up the DagBag from /home/airflow/.local/lib/python3.7/site-packages/airflow/example_dags/example_skip_dag.py
[2026-02-13T21:50:33.605+0000] {processor.py:753} INFO - DAG(s) dict_keys(['example_skip_dag']) retrieved from /home/airflow/.local/lib/python3.7/site-packages/airflow/example_dags/example_skip_dag.py
[2026-02-13T21:50:33.620+0000] {logging_mixin.py:137} INFO - [2026-02-13T21:50:33.620+0000] {dag.py:2690} INFO - Sync 1 DAGs
[2026-02-13T21:50:33.636+0000] {logging_mixin.py:137} INFO - [2026-02-13T21:50:33.636+0000] {dag.py:3441} INFO - Setting next_dagrun for example_skip_dag to 2026-02-12T21:50:33.634442+00:00, run_after=2026-02-13T21:50:33.634442+00:00
[2026-02-13T21:50:33.647+0000] {processor.py:175} INFO - Processing /home/airflow/.local/lib/python3.7/site-packages/airflow/example_dags/example_skip_dag.py took 0.057 seconds
[2026-02-13T21:51:04.019+0000] {processor.py:153} INFO - Started process (PID=319) to work on /home/airflow/.local/lib/python3.7/site-packages/airflow/example_dags/example_skip_dag.py
[2026-02-13T21:51:04.019+0000] {processor.py:743} INFO - Processing file /home/airflow/.local/lib/python3.7/site-packages/airflow/example_dags/example_skip_dag.py for tasks to queue
[2026-02-13T21:51:04.020+0000] {logging_mixin.py:137} INFO - [2026-02-13T21:51:04.020+0000] {dagbag.py:538} INFO - Filling up the DagBag from /home/airflow/.local/lib/python3.7/site-packages/airflow/example_dags/example_skip_dag.py
[2026-02-13T21:51:04.025+0000] {processor.py:753} INFO - DAG(s) dict_keys(['example_skip_dag']) retrieved from /home/airflow/.local/lib/python3.7/site-packages/airflow/example_dags/example_skip_dag.py
[2026-02-13T21:51:04.033+0000] {logging_mixin.py:137} INFO - [2026-02-13T21:51:04.033+0000] {dag.py:2690} INFO - Sync 1 DAGs
[2026-02-13T21:51:04.042+0000] {logging_mixin.py:137} INFO - [2026-02-13T21:51:04.042+0000] {dag.py:3441} INFO - Setting next_dagrun for example_skip_dag to 2026-02-12T21:51:04.042267+00:00, run_after=2026-02-13T21:51:04.042267+00:00
[2026-02-13T21:51:04.048+0000] {processor.py:175} INFO - Processing /home/airflow/.local/lib/python3.7/site-packages/airflow/example_dags/example_skip_dag.py took 0.030 seconds
[2026-02-13T21:51:34.471+0000] {processor.py:153} INFO - Started process (PID=407) to work on /home/airflow/.local/lib/python3.7/site-packages/airflow/example_dags/example_skip_dag.py
[2026-02-13T21:51:34.472+0000] {processor.py:743} INFO - Processing file /home/airflow/.local/lib/python3.7/site-packages/airflow/example_dags/example_skip_dag.py for tasks to queue
[2026-02-13T21:51:34.472+0000] {logging_mixin.py:137} INFO - [2026-02-13T21:51:34.472+0000] {dagbag.py:538} INFO - Filling up the DagBag from /home/airflow/.local/lib/python3.7/site-packages/airflow/example_dags/example_skip_dag.py
[2026-02-13T21:51:34.479+0000] {processor.py:753} INFO - DAG(s) dict_keys(['example_skip_dag']) retrieved from /home/airflow/.local/lib/python3.7/site-packages/airflow/example_dags/example_skip_dag.py
[2026-02-13T21:51:34.488+0000] {logging_mixin.py:137} INFO - [2026-02-13T21:51:34.488+0000] {dag.py:2690} INFO - Sync 1 DAGs
[2026-02-13T21:51:34.500+0000] {logging_mixin.py:137} INFO - [2026-02-13T21:51:34.500+0000] {dag.py:3441} INFO - Setting next_dagrun for example_skip_dag to 2026-02-12T21:51:34.500381+00:00, run_after=2026-02-13T21:51:34.500381+00:00
[2026-02-13T21:51:34.511+0000] {processor.py:175} INFO - Processing /home/airflow/.local/lib/python3.7/site-packages/airflow/example_dags/example_skip_dag.py took 0.041 seconds
[2026-02-13T21:52:04.872+0000] {processor.py:153} INFO - Started process (PID=495) to work on /home/airflow/.local/lib/python3.7/site-packages/airflow/example_dags/example_skip_dag.py
[2026-02-13T21:52:04.873+0000] {processor.py:743} INFO - Processing file /home/airflow/.local/lib/python3.7/site-packages/airflow/example_dags/example_skip_dag.py for tasks to queue
[2026-02-13T21:52:04.874+0000] {logging_mixin.py:137} INFO - [2026-02-13T21:52:04.873+0000] {dagbag.py:538} INFO - Filling up the DagBag from /home/airflow/.local/lib/python3.7/site-packages/airflow/example_dags/example_skip_dag.py
[2026-02-13T21:52:04.882+0000] {processor.py:753} INFO - DAG(s) dict_keys(['example_skip_dag']) retrieved from /home/airflow/.local/lib/python3.7/site-packages/airflow/example_dags/example_skip_dag.py
[2026-02-13T21:52:04.896+0000] {logging_mixin.py:137} INFO - [2026-02-13T21:52:04.896+0000] {dag.py:2690} INFO - Sync 1 DAGs
[2026-02-13T21:52:04.906+0000] {logging_mixin.py:137} INFO - [2026-02-13T21:52:04.906+0000] {dag.py:3441} INFO - Setting next_dagrun for example_skip_dag to 2026-02-12T21:52:04.906333+00:00, run_after=2026-02-13T21:52:04.906333+00:00
[2026-02-13T21:52:04.920+0000] {processor.py:175} INFO - Processing /home/airflow/.local/lib/python3.7/site-packages/airflow/example_dags/example_skip_dag.py took 0.049 seconds
[2026-02-13T21:52:35.491+0000] {processor.py:153} INFO - Started process (PID=583) to work on /home/airflow/.local/lib/python3.7/site-packages/airflow/example_dags/example_skip_dag.py
[2026-02-13T21:52:35.493+0000] {processor.py:743} INFO - Processing file /home/airflow/.local/lib/python3.7/site-packages/airflow/example_dags/example_skip_dag.py for tasks to queue
[2026-02-13T21:52:35.493+0000] {logging_mixin.py:137} INFO - [2026-02-13T21:52:35.493+0000] {dagbag.py:538} INFO - Filling up the DagBag from /home/airflow/.local/lib/python3.7/site-packages/airflow/example_dags/example_skip_dag.py
[2026-02-13T21:52:35.502+0000] {processor.py:753} INFO - DAG(s) dict_keys(['example_skip_dag']) retrieved from /home/airflow/.local/lib/python3.7/site-packages/airflow/example_dags/example_skip_dag.py
[2026-02-13T21:52:35.516+0000] {logging_mixin.py:137} INFO - [2026-02-13T21:52:35.515+0000] {dag.py:2690} INFO - Sync 1 DAGs
[2026-02-13T21:52:35.526+0000] {logging_mixin.py:137} INFO - [2026-02-13T21:52:35.526+0000] {dag.py:3441} INFO - Setting next_dagrun for example_skip_dag to 2026-02-12T21:52:35.526832+00:00, run_after=2026-02-13T21:52:35.526832+00:00
[2026-02-13T21:52:35.536+0000] {processor.py:175} INFO - Processing /home/airflow/.local/lib/python3.7/site-packages/airflow/example_dags/example_skip_dag.py took 0.047 seconds
[2026-02-13T21:53:05.931+0000] {processor.py:153} INFO - Started process (PID=654) to work on /home/airflow/.local/lib/python3.7/site-packages/airflow/example_dags/example_skip_dag.py
[2026-02-13T21:53:05.932+0000] {processor.py:743} INFO - Processing file /home/airflow/.local/lib/python3.7/site-packages/airflow/example_dags/example_skip_dag.py for tasks to queue
[2026-02-13T21:53:05.933+0000] {logging_mixin.py:137} INFO - [2026-02-13T21:53:05.933+0000] {dagbag.py:538} INFO - Filling up the DagBag from /home/airflow/.local/lib/python3.7/site-packages/airflow/example_dags/example_skip_dag.py
[2026-02-13T21:53:05.940+0000] {processor.py:753} INFO - DAG(s) dict_keys(['example_skip_dag']) retrieved from /home/airflow/.local/lib/python3.7/site-packages/airflow/example_dags/example_skip_dag.py
[2026-02-13T21:53:05.952+0000] {logging_mixin.py:137} INFO - [2026-02-13T21:53:05.952+0000] {dag.py:2690} INFO - Sync 1 DAGs
[2026-02-13T21:53:05.963+0000] {logging_mixin.py:137} INFO - [2026-02-13T21:53:05.963+0000] {dag.py:3441} INFO - Setting next_dagrun for example_skip_dag to 2026-02-12T21:53:05.963537+00:00, run_after=2026-02-13T21:53:05.963537+00:00
[2026-02-13T21:53:05.972+0000] {processor.py:175} INFO - Processing /home/airflow/.local/lib/python3.7/site-packages/airflow/example_dags/example_skip_dag.py took 0.042 seconds
[2026-02-13T21:53:36.480+0000] {processor.py:153} INFO - Started process (PID=742) to work on /home/airflow/.local/lib/python3.7/site-packages/airflow/example_dags/example_skip_dag.py
[2026-02-13T21:53:36.480+0000] {processor.py:743} INFO - Processing file /home/airflow/.local/lib/python3.7/site-packages/airflow/example_dags/example_skip_dag.py for tasks to queue
[2026-02-13T21:53:36.481+0000] {logging_mixin.py:137} INFO - [2026-02-13T21:53:36.481+0000] {dagbag.py:538} INFO - Filling up the DagBag from /home/airflow/.local/lib/python3.7/site-packages/airflow/example_dags/example_skip_dag.py
[2026-02-13T21:53:36.489+0000] {processor.py:753} INFO - DAG(s) dict_keys(['example_skip_dag']) retrieved from /home/airflow/.local/lib/python3.7/site-packages/airflow/example_dags/example_skip_dag.py
[2026-02-13T21:53:36.501+0000] {logging_mixin.py:137} INFO - [2026-02-13T21:53:36.501+0000] {dag.py:2690} INFO - Sync 1 DAGs
[2026-02-13T21:53:36.514+0000] {logging_mixin.py:137} INFO - [2026-02-13T21:53:36.514+0000] {dag.py:3441} INFO - Setting next_dagrun for example_skip_dag to 2026-02-12T21:53:36.514619+00:00, run_after=2026-02-13T21:53:36.514619+00:00
[2026-02-13T21:53:36.525+0000] {processor.py:175} INFO - Processing /home/airflow/.local/lib/python3.7/site-packages/airflow/example_dags/example_skip_dag.py took 0.046 seconds
[2026-02-13T21:54:06.910+0000] {processor.py:153} INFO - Started process (PID=830) to work on /home/airflow/.local/lib/python3.7/site-packages/airflow/example_dags/example_skip_dag.py
[2026-02-13T21:54:06.911+0000] {processor.py:743} INFO - Processing file /home/airflow/.local/lib/python3.7/site-packages/airflow/example_dags/example_skip_dag.py for tasks to queue
[2026-02-13T21:54:06.911+0000] {logging_mixin.py:137} INFO - [2026-02-13T21:54:06.911+0000] {dagbag.py:538} INFO - Filling up the DagBag from /home/airflow/.local/lib/python3.7/site-packages/airflow/example_dags/example_skip_dag.py
[2026-02-13T21:54:06.917+0000] {processor.py:753} INFO - DAG(s) dict_keys(['example_skip_dag']) retrieved from /home/airflow/.local/lib/python3.7/site-packages/airflow/example_dags/example_skip_dag.py
[2026-02-13T21:54:06.931+0000] {logging_mixin.py:137} INFO - [2026-02-13T21:54:06.931+0000] {dag.py:2690} INFO - Sync 1 DAGs
[2026-02-13T21:54:06.944+0000] {logging_mixin.py:137} INFO - [2026-02-13T21:54:06.944+0000] {dag.py:3441} INFO - Setting next_dagrun for example_skip_dag to 2026-02-12T21:54:06.944653+00:00, run_after=2026-02-13T21:54:06.944653+00:00
[2026-02-13T21:54:06.953+0000] {processor.py:175} INFO - Processing /home/airflow/.local/lib/python3.7/site-packages/airflow/example_dags/example_skip_dag.py took 0.044 seconds
[2026-02-13T21:54:37.528+0000] {processor.py:153} INFO - Started process (PID=918) to work on /home/airflow/.local/lib/python3.7/site-packages/airflow/example_dags/example_skip_dag.py
[2026-02-13T21:54:37.529+0000] {processor.py:743} INFO - Processing file /home/airflow/.local/lib/python3.7/site-packages/airflow/example_dags/example_skip_dag.py for tasks to queue
[2026-02-13T21:54:37.529+0000] {logging_mixin.py:137} INFO - [2026-02-13T21:54:37.529+0000] {dagbag.py:538} INFO - Filling up the DagBag from /home/airflow/.local/lib/python3.7/site-packages/airflow/example_dags/example_skip_dag.py
[2026-02-13T21:54:37.536+0000] {processor.py:753} INFO - DAG(s) dict_keys(['example_skip_dag']) retrieved from /home/airflow/.local/lib/python3.7/site-packages/airflow/example_dags/example_skip_dag.py
[2026-02-13T21:54:37.553+0000] {logging_mixin.py:137} INFO - [2026-02-13T21:54:37.552+0000] {dag.py:2690} INFO - Sync 1 DAGs
[2026-02-13T21:54:37.566+0000] {logging_mixin.py:137} INFO - [2026-02-13T21:54:37.566+0000] {dag.py:3441} INFO - Setting next_dagrun for example_skip_dag to 2026-02-12T21:54:37.566726+00:00, run_after=2026-02-13T21:54:37.566726+00:00
[2026-02-13T21:54:37.580+0000] {processor.py:175} INFO - Processing /home/airflow/.local/lib/python3.7/site-packages/airflow/example_dags/example_skip_dag.py took 0.054 seconds
[2026-02-13T21:55:08.099+0000] {processor.py:153} INFO - Started process (PID=990) to work on /home/airflow/.local/lib/python3.7/site-packages/airflow/example_dags/example_skip_dag.py
[2026-02-13T21:55:08.100+0000] {processor.py:743} INFO - Processing file /home/airflow/.local/lib/python3.7/site-packages/airflow/example_dags/example_skip_dag.py for tasks to queue
[2026-02-13T21:55:08.101+0000] {logging_mixin.py:137} INFO - [2026-02-13T21:55:08.101+0000] {dagbag.py:538} INFO - Filling up the DagBag from /home/airflow/.local/lib/python3.7/site-packages/airflow/example_dags/example_skip_dag.py
[2026-02-13T21:55:08.106+0000] {processor.py:753} INFO - DAG(s) dict_keys(['example_skip_dag']) retrieved from /home/airflow/.local/lib/python3.7/site-packages/airflow/example_dags/example_skip_dag.py
[2026-02-13T21:55:08.119+0000] {logging_mixin.py:137} INFO - [2026-02-13T21:55:08.119+0000] {dag.py:2690} INFO - Sync 1 DAGs
[2026-02-13T21:55:08.130+0000] {logging_mixin.py:137} INFO - [2026-02-13T21:55:08.130+0000] {dag.py:3441} INFO - Setting next_dagrun for example_skip_dag to 2026-02-12T21:55:08.130687+00:00, run_after=2026-02-13T21:55:08.130687+00:00
[2026-02-13T21:55:08.144+0000] {processor.py:175} INFO - Processing /home/airflow/.local/lib/python3.7/site-packages/airflow/example_dags/example_skip_dag.py took 0.046 seconds
[2026-02-13T21:55:38.564+0000] {processor.py:153} INFO - Started process (PID=1078) to work on /home/airflow/.local/lib/python3.7/site-packages/airflow/example_dags/example_skip_dag.py
[2026-02-13T21:55:38.565+0000] {processor.py:743} INFO - Processing file /home/airflow/.local/lib/python3.7/site-packages/airflow/example_dags/example_skip_dag.py for tasks to queue
[2026-02-13T21:55:38.565+0000] {logging_mixin.py:137} INFO - [2026-02-13T21:55:38.565+0000] {dagbag.py:538} INFO - Filling up the DagBag from /home/airflow/.local/lib/python3.7/site-packages/airflow/example_dags/example_skip_dag.py
[2026-02-13T21:55:38.570+0000] {processor.py:753} INFO - DAG(s) dict_keys(['example_skip_dag']) retrieved from /home/airflow/.local/lib/python3.7/site-packages/airflow/example_dags/example_skip_dag.py
[2026-02-13T21:55:38.579+0000] {logging_mixin.py:137} INFO - [2026-02-13T21:55:38.579+0000] {dag.py:2690} INFO - Sync 1 DAGs
[2026-02-13T21:55:38.589+0000] {logging_mixin.py:137} INFO - [2026-02-13T21:55:38.589+0000] {dag.py:3441} INFO - Setting next_dagrun for example_skip_dag to 2026-02-12T21:55:38.589154+00:00, run_after=2026-02-13T21:55:38.589154+00:00
[2026-02-13T21:55:38.595+0000] {processor.py:175} INFO - Processing /home/airflow/.local/lib/python3.7/site-packages/airflow/example_dags/example_skip_dag.py took 0.032 seconds
[2026-02-13T21:56:09.053+0000] {processor.py:153} INFO - Started process (PID=1166) to work on /home/airflow/.local/lib/python3.7/site-packages/airflow/example_dags/example_skip_dag.py
[2026-02-13T21:56:09.053+0000] {processor.py:743} INFO - Processing file /home/airflow/.local/lib/python3.7/site-packages/airflow/example_dags/example_skip_dag.py for tasks to queue
[2026-02-13T21:56:09.054+0000] {logging_mixin.py:137} INFO - [2026-02-13T21:56:09.054+0000] {dagbag.py:538} INFO - Filling up the DagBag from /home/airflow/.local/lib/python3.7/site-packages/airflow/example_dags/example_skip_dag.py
[2026-02-13T21:56:09.060+0000] {processor.py:753} INFO - DAG(s) dict_keys(['example_skip_dag']) retrieved from /home/airflow/.local/lib/python3.7/site-packages/airflow/example_dags/example_skip_dag.py
[2026-02-13T21:56:09.080+0000] {logging_mixin.py:137} INFO - [2026-02-13T21:56:09.080+0000] {dag.py:2690} INFO - Sync 1 DAGs
[2026-02-13T21:56:09.093+0000] {logging_mixin.py:137} INFO - [2026-02-13T21:56:09.093+0000] {dag.py:3441} INFO - Setting next_dagrun for example_skip_dag to 2026-02-12T21:56:09.093303+00:00, run_after=2026-02-13T21:56:09.093303+00:00
[2026-02-13T21:56:09.103+0000] {processor.py:175} INFO - Processing /home/airflow/.local/lib/python3.7/site-packages/airflow/example_dags/example_skip_dag.py took 0.052 seconds
[2026-02-13T21:56:40.081+0000] {processor.py:153} INFO - Started process (PID=1254) to work on /home/airflow/.local/lib/python3.7/site-packages/airflow/example_dags/example_skip_dag.py
[2026-02-13T21:56:40.082+0000] {processor.py:743} INFO - Processing file /home/airflow/.local/lib/python3.7/site-packages/airflow/example_dags/example_skip_dag.py for tasks to queue
[2026-02-13T21:56:40.083+0000] {logging_mixin.py:137} INFO - [2026-02-13T21:56:40.083+0000] {dagbag.py:538} INFO - Filling up the DagBag from /home/airflow/.local/lib/python3.7/site-packages/airflow/example_dags/example_skip_dag.py
[2026-02-13T21:56:40.091+0000] {processor.py:753} INFO - DAG(s) dict_keys(['example_skip_dag']) retrieved from /home/airflow/.local/lib/python3.7/site-packages/airflow/example_dags/example_skip_dag.py
[2026-02-13T21:56:40.108+0000] {logging_mixin.py:137} INFO - [2026-02-13T21:56:40.108+0000] {dag.py:2690} INFO - Sync 1 DAGs
[2026-02-13T21:56:40.128+0000] {logging_mixin.py:137} INFO - [2026-02-13T21:56:40.128+0000] {dag.py:3441} INFO - Setting next_dagrun for example_skip_dag to 2026-02-12T21:56:40.128250+00:00, run_after=2026-02-13T21:56:40.128250+00:00
[2026-02-13T21:56:40.152+0000] {processor.py:175} INFO - Processing /home/airflow/.local/lib/python3.7/site-packages/airflow/example_dags/example_skip_dag.py took 0.072 seconds
[2026-02-13T22:01:04.474+0000] {processor.py:153} INFO - Started process (PID=68) to work on /home/airflow/.local/lib/python3.7/site-packages/airflow/example_dags/example_skip_dag.py
[2026-02-13T22:01:04.475+0000] {processor.py:743} INFO - Processing file /home/airflow/.local/lib/python3.7/site-packages/airflow/example_dags/example_skip_dag.py for tasks to queue
[2026-02-13T22:01:04.476+0000] {logging_mixin.py:137} INFO - [2026-02-13T22:01:04.476+0000] {dagbag.py:538} INFO - Filling up the DagBag from /home/airflow/.local/lib/python3.7/site-packages/airflow/example_dags/example_skip_dag.py
[2026-02-13T22:01:04.487+0000] {processor.py:753} INFO - DAG(s) dict_keys(['example_skip_dag']) retrieved from /home/airflow/.local/lib/python3.7/site-packages/airflow/example_dags/example_skip_dag.py
[2026-02-13T22:01:04.499+0000] {logging_mixin.py:137} INFO - [2026-02-13T22:01:04.498+0000] {dag.py:2690} INFO - Sync 1 DAGs
[2026-02-13T22:01:04.519+0000] {logging_mixin.py:137} INFO - [2026-02-13T22:01:04.519+0000] {dag.py:3441} INFO - Setting next_dagrun for example_skip_dag to 2026-02-12T22:01:04.517344+00:00, run_after=2026-02-13T22:01:04.517344+00:00
[2026-02-13T22:01:04.533+0000] {processor.py:175} INFO - Processing /home/airflow/.local/lib/python3.7/site-packages/airflow/example_dags/example_skip_dag.py took 0.061 seconds
[2026-02-13T22:01:35.104+0000] {processor.py:153} INFO - Started process (PID=155) to work on /home/airflow/.local/lib/python3.7/site-packages/airflow/example_dags/example_skip_dag.py
[2026-02-13T22:01:35.105+0000] {processor.py:743} INFO - Processing file /home/airflow/.local/lib/python3.7/site-packages/airflow/example_dags/example_skip_dag.py for tasks to queue
[2026-02-13T22:01:35.105+0000] {logging_mixin.py:137} INFO - [2026-02-13T22:01:35.105+0000] {dagbag.py:538} INFO - Filling up the DagBag from /home/airflow/.local/lib/python3.7/site-packages/airflow/example_dags/example_skip_dag.py
[2026-02-13T22:01:35.110+0000] {processor.py:753} INFO - DAG(s) dict_keys(['example_skip_dag']) retrieved from /home/airflow/.local/lib/python3.7/site-packages/airflow/example_dags/example_skip_dag.py
[2026-02-13T22:01:35.120+0000] {logging_mixin.py:137} INFO - [2026-02-13T22:01:35.120+0000] {dag.py:2690} INFO - Sync 1 DAGs
[2026-02-13T22:01:35.129+0000] {logging_mixin.py:137} INFO - [2026-02-13T22:01:35.129+0000] {dag.py:3441} INFO - Setting next_dagrun for example_skip_dag to 2026-02-12T22:01:35.129625+00:00, run_after=2026-02-13T22:01:35.129625+00:00
[2026-02-13T22:01:35.137+0000] {processor.py:175} INFO - Processing /home/airflow/.local/lib/python3.7/site-packages/airflow/example_dags/example_skip_dag.py took 0.034 seconds
[2026-02-13T22:02:05.665+0000] {processor.py:153} INFO - Started process (PID=245) to work on /home/airflow/.local/lib/python3.7/site-packages/airflow/example_dags/example_skip_dag.py
[2026-02-13T22:02:05.665+0000] {processor.py:743} INFO - Processing file /home/airflow/.local/lib/python3.7/site-packages/airflow/example_dags/example_skip_dag.py for tasks to queue
[2026-02-13T22:02:05.665+0000] {logging_mixin.py:137} INFO - [2026-02-13T22:02:05.665+0000] {dagbag.py:538} INFO - Filling up the DagBag from /home/airflow/.local/lib/python3.7/site-packages/airflow/example_dags/example_skip_dag.py
[2026-02-13T22:02:05.673+0000] {processor.py:753} INFO - DAG(s) dict_keys(['example_skip_dag']) retrieved from /home/airflow/.local/lib/python3.7/site-packages/airflow/example_dags/example_skip_dag.py
[2026-02-13T22:02:05.691+0000] {logging_mixin.py:137} INFO - [2026-02-13T22:02:05.691+0000] {dag.py:2690} INFO - Sync 1 DAGs
[2026-02-13T22:02:05.705+0000] {logging_mixin.py:137} INFO - [2026-02-13T22:02:05.705+0000] {dag.py:3441} INFO - Setting next_dagrun for example_skip_dag to 2026-02-12T22:02:05.705689+00:00, run_after=2026-02-13T22:02:05.705689+00:00
[2026-02-13T22:02:05.717+0000] {processor.py:175} INFO - Processing /home/airflow/.local/lib/python3.7/site-packages/airflow/example_dags/example_skip_dag.py took 0.054 seconds
[2026-02-13T22:02:36.236+0000] {processor.py:153} INFO - Started process (PID=317) to work on /home/airflow/.local/lib/python3.7/site-packages/airflow/example_dags/example_skip_dag.py
[2026-02-13T22:02:36.237+0000] {processor.py:743} INFO - Processing file /home/airflow/.local/lib/python3.7/site-packages/airflow/example_dags/example_skip_dag.py for tasks to queue
[2026-02-13T22:02:36.238+0000] {logging_mixin.py:137} INFO - [2026-02-13T22:02:36.238+0000] {dagbag.py:538} INFO - Filling up the DagBag from /home/airflow/.local/lib/python3.7/site-packages/airflow/example_dags/example_skip_dag.py
[2026-02-13T22:02:36.244+0000] {processor.py:753} INFO - DAG(s) dict_keys(['example_skip_dag']) retrieved from /home/airflow/.local/lib/python3.7/site-packages/airflow/example_dags/example_skip_dag.py
[2026-02-13T22:02:36.257+0000] {logging_mixin.py:137} INFO - [2026-02-13T22:02:36.257+0000] {dag.py:2690} INFO - Sync 1 DAGs
[2026-02-13T22:02:36.270+0000] {logging_mixin.py:137} INFO - [2026-02-13T22:02:36.270+0000] {dag.py:3441} INFO - Setting next_dagrun for example_skip_dag to 2026-02-12T22:02:36.270423+00:00, run_after=2026-02-13T22:02:36.270423+00:00
[2026-02-13T22:02:36.281+0000] {processor.py:175} INFO - Processing /home/airflow/.local/lib/python3.7/site-packages/airflow/example_dags/example_skip_dag.py took 0.046 seconds
[2026-02-13T22:03:30.638+0000] {processor.py:153} INFO - Started process (PID=68) to work on /home/airflow/.local/lib/python3.7/site-packages/airflow/example_dags/example_skip_dag.py
[2026-02-13T22:03:30.639+0000] {processor.py:743} INFO - Processing file /home/airflow/.local/lib/python3.7/site-packages/airflow/example_dags/example_skip_dag.py for tasks to queue
[2026-02-13T22:03:30.641+0000] {logging_mixin.py:137} INFO - [2026-02-13T22:03:30.641+0000] {dagbag.py:538} INFO - Filling up the DagBag from /home/airflow/.local/lib/python3.7/site-packages/airflow/example_dags/example_skip_dag.py
[2026-02-13T22:03:30.655+0000] {processor.py:753} INFO - DAG(s) dict_keys(['example_skip_dag']) retrieved from /home/airflow/.local/lib/python3.7/site-packages/airflow/example_dags/example_skip_dag.py
[2026-02-13T22:03:30.669+0000] {logging_mixin.py:137} INFO - [2026-02-13T22:03:30.669+0000] {dag.py:2690} INFO - Sync 1 DAGs
[2026-02-13T22:03:30.685+0000] {logging_mixin.py:137} INFO - [2026-02-13T22:03:30.685+0000] {dag.py:3441} INFO - Setting next_dagrun for example_skip_dag to 2026-02-12T22:03:30.685360+00:00, run_after=2026-02-13T22:03:30.685360+00:00
[2026-02-13T22:03:30.701+0000] {processor.py:175} INFO - Processing /home/airflow/.local/lib/python3.7/site-packages/airflow/example_dags/example_skip_dag.py took 0.067 seconds
[2026-02-13T22:04:01.596+0000] {processor.py:153} INFO - Started process (PID=155) to work on /home/airflow/.local/lib/python3.7/site-packages/airflow/example_dags/example_skip_dag.py
[2026-02-13T22:04:01.597+0000] {processor.py:743} INFO - Processing file /home/airflow/.local/lib/python3.7/site-packages/airflow/example_dags/example_skip_dag.py for tasks to queue
[2026-02-13T22:04:01.597+0000] {logging_mixin.py:137} INFO - [2026-02-13T22:04:01.597+0000] {dagbag.py:538} INFO - Filling up the DagBag from /home/airflow/.local/lib/python3.7/site-packages/airflow/example_dags/example_skip_dag.py
[2026-02-13T22:04:01.604+0000] {processor.py:753} INFO - DAG(s) dict_keys(['example_skip_dag']) retrieved from /home/airflow/.local/lib/python3.7/site-packages/airflow/example_dags/example_skip_dag.py
[2026-02-13T22:04:01.622+0000] {logging_mixin.py:137} INFO - [2026-02-13T22:04:01.622+0000] {dag.py:2690} INFO - Sync 1 DAGs
[2026-02-13T22:04:01.635+0000] {logging_mixin.py:137} INFO - [2026-02-13T22:04:01.635+0000] {dag.py:3441} INFO - Setting next_dagrun for example_skip_dag to 2026-02-12T22:04:01.635106+00:00, run_after=2026-02-13T22:04:01.635106+00:00
[2026-02-13T22:04:01.649+0000] {processor.py:175} INFO - Processing /home/airflow/.local/lib/python3.7/site-packages/airflow/example_dags/example_skip_dag.py took 0.055 seconds
[2026-02-13T22:04:32.699+0000] {processor.py:153} INFO - Started process (PID=243) to work on /home/airflow/.local/lib/python3.7/site-packages/airflow/example_dags/example_skip_dag.py
[2026-02-13T22:04:32.699+0000] {processor.py:743} INFO - Processing file /home/airflow/.local/lib/python3.7/site-packages/airflow/example_dags/example_skip_dag.py for tasks to queue
[2026-02-13T22:04:32.700+0000] {logging_mixin.py:137} INFO - [2026-02-13T22:04:32.700+0000] {dagbag.py:538} INFO - Filling up the DagBag from /home/airflow/.local/lib/python3.7/site-packages/airflow/example_dags/example_skip_dag.py
[2026-02-13T22:04:32.709+0000] {processor.py:753} INFO - DAG(s) dict_keys(['example_skip_dag']) retrieved from /home/airflow/.local/lib/python3.7/site-packages/airflow/example_dags/example_skip_dag.py
[2026-02-13T22:04:32.729+0000] {logging_mixin.py:137} INFO - [2026-02-13T22:04:32.729+0000] {dag.py:2690} INFO - Sync 1 DAGs
[2026-02-13T22:04:32.752+0000] {logging_mixin.py:137} INFO - [2026-02-13T22:04:32.752+0000] {dag.py:3441} INFO - Setting next_dagrun for example_skip_dag to 2026-02-12T22:04:32.752726+00:00, run_after=2026-02-13T22:04:32.752726+00:00
[2026-02-13T22:04:32.772+0000] {processor.py:175} INFO - Processing /home/airflow/.local/lib/python3.7/site-packages/airflow/example_dags/example_skip_dag.py took 0.075 seconds
[2026-02-13T22:05:03.188+0000] {processor.py:153} INFO - Started process (PID=315) to work on /home/airflow/.local/lib/python3.7/site-packages/airflow/example_dags/example_skip_dag.py
[2026-02-13T22:05:03.189+0000] {processor.py:743} INFO - Processing file /home/airflow/.local/lib/python3.7/site-packages/airflow/example_dags/example_skip_dag.py for tasks to queue
[2026-02-13T22:05:03.191+0000] {logging_mixin.py:137} INFO - [2026-02-13T22:05:03.191+0000] {dagbag.py:538} INFO - Filling up the DagBag from /home/airflow/.local/lib/python3.7/site-packages/airflow/example_dags/example_skip_dag.py
[2026-02-13T22:05:03.197+0000] {processor.py:753} INFO - DAG(s) dict_keys(['example_skip_dag']) retrieved from /home/airflow/.local/lib/python3.7/site-packages/airflow/example_dags/example_skip_dag.py
[2026-02-13T22:05:03.212+0000] {logging_mixin.py:137} INFO - [2026-02-13T22:05:03.212+0000] {dag.py:2690} INFO - Sync 1 DAGs
[2026-02-13T22:05:03.221+0000] {logging_mixin.py:137} INFO - [2026-02-13T22:05:03.221+0000] {dag.py:3441} INFO - Setting next_dagrun for example_skip_dag to 2026-02-12T22:05:03.221468+00:00, run_after=2026-02-13T22:05:03.221468+00:00
[2026-02-13T22:05:03.232+0000] {processor.py:175} INFO - Processing /home/airflow/.local/lib/python3.7/site-packages/airflow/example_dags/example_skip_dag.py took 0.045 seconds
[2026-02-13T22:05:33.765+0000] {processor.py:153} INFO - Started process (PID=403) to work on /home/airflow/.local/lib/python3.7/site-packages/airflow/example_dags/example_skip_dag.py
[2026-02-13T22:05:33.765+0000] {processor.py:743} INFO - Processing file /home/airflow/.local/lib/python3.7/site-packages/airflow/example_dags/example_skip_dag.py for tasks to queue
[2026-02-13T22:05:33.766+0000] {logging_mixin.py:137} INFO - [2026-02-13T22:05:33.766+0000] {dagbag.py:538} INFO - Filling up the DagBag from /home/airflow/.local/lib/python3.7/site-packages/airflow/example_dags/example_skip_dag.py
[2026-02-13T22:05:33.773+0000] {processor.py:753} INFO - DAG(s) dict_keys(['example_skip_dag']) retrieved from /home/airflow/.local/lib/python3.7/site-packages/airflow/example_dags/example_skip_dag.py
[2026-02-13T22:05:33.789+0000] {logging_mixin.py:137} INFO - [2026-02-13T22:05:33.789+0000] {dag.py:2690} INFO - Sync 1 DAGs
[2026-02-13T22:05:33.800+0000] {logging_mixin.py:137} INFO - [2026-02-13T22:05:33.800+0000] {dag.py:3441} INFO - Setting next_dagrun for example_skip_dag to 2026-02-12T22:05:33.800732+00:00, run_after=2026-02-13T22:05:33.800732+00:00
[2026-02-13T22:05:33.810+0000] {processor.py:175} INFO - Processing /home/airflow/.local/lib/python3.7/site-packages/airflow/example_dags/example_skip_dag.py took 0.046 seconds
[2026-02-13T22:06:33.874+0000] {processor.py:153} INFO - Started process (PID=70) to work on /home/airflow/.local/lib/python3.7/site-packages/airflow/example_dags/example_skip_dag.py
[2026-02-13T22:06:33.875+0000] {processor.py:743} INFO - Processing file /home/airflow/.local/lib/python3.7/site-packages/airflow/example_dags/example_skip_dag.py for tasks to queue
[2026-02-13T22:06:33.876+0000] {logging_mixin.py:137} INFO - [2026-02-13T22:06:33.875+0000] {dagbag.py:538} INFO - Filling up the DagBag from /home/airflow/.local/lib/python3.7/site-packages/airflow/example_dags/example_skip_dag.py
[2026-02-13T22:06:33.888+0000] {processor.py:753} INFO - DAG(s) dict_keys(['example_skip_dag']) retrieved from /home/airflow/.local/lib/python3.7/site-packages/airflow/example_dags/example_skip_dag.py
[2026-02-13T22:06:33.905+0000] {logging_mixin.py:137} INFO - [2026-02-13T22:06:33.905+0000] {dag.py:2690} INFO - Sync 1 DAGs
[2026-02-13T22:06:33.929+0000] {logging_mixin.py:137} INFO - [2026-02-13T22:06:33.929+0000] {dag.py:3441} INFO - Setting next_dagrun for example_skip_dag to 2026-02-12T22:06:33.928907+00:00, run_after=2026-02-13T22:06:33.928907+00:00
[2026-02-13T22:06:33.945+0000] {processor.py:175} INFO - Processing /home/airflow/.local/lib/python3.7/site-packages/airflow/example_dags/example_skip_dag.py took 0.074 seconds
[2026-02-13T22:07:05.153+0000] {processor.py:153} INFO - Started process (PID=159) to work on /home/airflow/.local/lib/python3.7/site-packages/airflow/example_dags/example_skip_dag.py
[2026-02-13T22:07:05.154+0000] {processor.py:743} INFO - Processing file /home/airflow/.local/lib/python3.7/site-packages/airflow/example_dags/example_skip_dag.py for tasks to queue
[2026-02-13T22:07:05.154+0000] {logging_mixin.py:137} INFO - [2026-02-13T22:07:05.154+0000] {dagbag.py:538} INFO - Filling up the DagBag from /home/airflow/.local/lib/python3.7/site-packages/airflow/example_dags/example_skip_dag.py
[2026-02-13T22:07:05.162+0000] {processor.py:753} INFO - DAG(s) dict_keys(['example_skip_dag']) retrieved from /home/airflow/.local/lib/python3.7/site-packages/airflow/example_dags/example_skip_dag.py
[2026-02-13T22:07:05.184+0000] {logging_mixin.py:137} INFO - [2026-02-13T22:07:05.184+0000] {dag.py:2690} INFO - Sync 1 DAGs
[2026-02-13T22:07:05.202+0000] {logging_mixin.py:137} INFO - [2026-02-13T22:07:05.202+0000] {dag.py:3441} INFO - Setting next_dagrun for example_skip_dag to 2026-02-12T22:07:05.202232+00:00, run_after=2026-02-13T22:07:05.202232+00:00
[2026-02-13T22:07:05.223+0000] {processor.py:175} INFO - Processing /home/airflow/.local/lib/python3.7/site-packages/airflow/example_dags/example_skip_dag.py took 0.072 seconds
[2026-02-13T22:07:36.181+0000] {processor.py:153} INFO - Started process (PID=248) to work on /home/airflow/.local/lib/python3.7/site-packages/airflow/example_dags/example_skip_dag.py
[2026-02-13T22:07:36.182+0000] {processor.py:743} INFO - Processing file /home/airflow/.local/lib/python3.7/site-packages/airflow/example_dags/example_skip_dag.py for tasks to queue
[2026-02-13T22:07:36.183+0000] {logging_mixin.py:137} INFO - [2026-02-13T22:07:36.183+0000] {dagbag.py:538} INFO - Filling up the DagBag from /home/airflow/.local/lib/python3.7/site-packages/airflow/example_dags/example_skip_dag.py
[2026-02-13T22:07:36.190+0000] {processor.py:753} INFO - DAG(s) dict_keys(['example_skip_dag']) retrieved from /home/airflow/.local/lib/python3.7/site-packages/airflow/example_dags/example_skip_dag.py
[2026-02-13T22:07:36.202+0000] {logging_mixin.py:137} INFO - [2026-02-13T22:07:36.202+0000] {dag.py:2690} INFO - Sync 1 DAGs
[2026-02-13T22:07:36.213+0000] {logging_mixin.py:137} INFO - [2026-02-13T22:07:36.213+0000] {dag.py:3441} INFO - Setting next_dagrun for example_skip_dag to 2026-02-12T22:07:36.213603+00:00, run_after=2026-02-13T22:07:36.213603+00:00
[2026-02-13T22:07:36.224+0000] {processor.py:175} INFO - Processing /home/airflow/.local/lib/python3.7/site-packages/airflow/example_dags/example_skip_dag.py took 0.045 seconds
[2026-02-13T22:08:06.800+0000] {processor.py:153} INFO - Started process (PID=321) to work on /home/airflow/.local/lib/python3.7/site-packages/airflow/example_dags/example_skip_dag.py
[2026-02-13T22:08:06.801+0000] {processor.py:743} INFO - Processing file /home/airflow/.local/lib/python3.7/site-packages/airflow/example_dags/example_skip_dag.py for tasks to queue
[2026-02-13T22:08:06.801+0000] {logging_mixin.py:137} INFO - [2026-02-13T22:08:06.801+0000] {dagbag.py:538} INFO - Filling up the DagBag from /home/airflow/.local/lib/python3.7/site-packages/airflow/example_dags/example_skip_dag.py
[2026-02-13T22:08:06.808+0000] {processor.py:753} INFO - DAG(s) dict_keys(['example_skip_dag']) retrieved from /home/airflow/.local/lib/python3.7/site-packages/airflow/example_dags/example_skip_dag.py
[2026-02-13T22:08:06.819+0000] {logging_mixin.py:137} INFO - [2026-02-13T22:08:06.819+0000] {dag.py:2690} INFO - Sync 1 DAGs
[2026-02-13T22:08:06.830+0000] {logging_mixin.py:137} INFO - [2026-02-13T22:08:06.830+0000] {dag.py:3441} INFO - Setting next_dagrun for example_skip_dag to 2026-02-12T22:08:06.829921+00:00, run_after=2026-02-13T22:08:06.829921+00:00
[2026-02-13T22:08:06.837+0000] {processor.py:175} INFO - Processing /home/airflow/.local/lib/python3.7/site-packages/airflow/example_dags/example_skip_dag.py took 0.039 seconds
[2026-02-13T22:08:37.601+0000] {processor.py:153} INFO - Started process (PID=410) to work on /home/airflow/.local/lib/python3.7/site-packages/airflow/example_dags/example_skip_dag.py
[2026-02-13T22:08:37.602+0000] {processor.py:743} INFO - Processing file /home/airflow/.local/lib/python3.7/site-packages/airflow/example_dags/example_skip_dag.py for tasks to queue
[2026-02-13T22:08:37.602+0000] {logging_mixin.py:137} INFO - [2026-02-13T22:08:37.602+0000] {dagbag.py:538} INFO - Filling up the DagBag from /home/airflow/.local/lib/python3.7/site-packages/airflow/example_dags/example_skip_dag.py
[2026-02-13T22:08:37.608+0000] {processor.py:753} INFO - DAG(s) dict_keys(['example_skip_dag']) retrieved from /home/airflow/.local/lib/python3.7/site-packages/airflow/example_dags/example_skip_dag.py
[2026-02-13T22:08:37.618+0000] {logging_mixin.py:137} INFO - [2026-02-13T22:08:37.618+0000] {dag.py:2690} INFO - Sync 1 DAGs
[2026-02-13T22:08:37.627+0000] {logging_mixin.py:137} INFO - [2026-02-13T22:08:37.627+0000] {dag.py:3441} INFO - Setting next_dagrun for example_skip_dag to 2026-02-12T22:08:37.627354+00:00, run_after=2026-02-13T22:08:37.627354+00:00
[2026-02-13T22:08:37.633+0000] {processor.py:175} INFO - Processing /home/airflow/.local/lib/python3.7/site-packages/airflow/example_dags/example_skip_dag.py took 0.033 seconds
[2026-02-13T22:09:08.218+0000] {processor.py:153} INFO - Started process (PID=499) to work on /home/airflow/.local/lib/python3.7/site-packages/airflow/example_dags/example_skip_dag.py
[2026-02-13T22:09:08.218+0000] {processor.py:743} INFO - Processing file /home/airflow/.local/lib/python3.7/site-packages/airflow/example_dags/example_skip_dag.py for tasks to queue
[2026-02-13T22:09:08.218+0000] {logging_mixin.py:137} INFO - [2026-02-13T22:09:08.218+0000] {dagbag.py:538} INFO - Filling up the DagBag from /home/airflow/.local/lib/python3.7/site-packages/airflow/example_dags/example_skip_dag.py
[2026-02-13T22:09:08.224+0000] {processor.py:753} INFO - DAG(s) dict_keys(['example_skip_dag']) retrieved from /home/airflow/.local/lib/python3.7/site-packages/airflow/example_dags/example_skip_dag.py
[2026-02-13T22:09:08.235+0000] {logging_mixin.py:137} INFO - [2026-02-13T22:09:08.235+0000] {dag.py:2690} INFO - Sync 1 DAGs
[2026-02-13T22:09:08.245+0000] {logging_mixin.py:137} INFO - [2026-02-13T22:09:08.245+0000] {dag.py:3441} INFO - Setting next_dagrun for example_skip_dag to 2026-02-12T22:09:08.245107+00:00, run_after=2026-02-13T22:09:08.245107+00:00
[2026-02-13T22:09:08.251+0000] {processor.py:175} INFO - Processing /home/airflow/.local/lib/python3.7/site-packages/airflow/example_dags/example_skip_dag.py took 0.035 seconds
[2026-02-13T22:09:38.782+0000] {processor.py:153} INFO - Started process (PID=587) to work on /home/airflow/.local/lib/python3.7/site-packages/airflow/example_dags/example_skip_dag.py
[2026-02-13T22:09:38.783+0000] {processor.py:743} INFO - Processing file /home/airflow/.local/lib/python3.7/site-packages/airflow/example_dags/example_skip_dag.py for tasks to queue
[2026-02-13T22:09:38.784+0000] {logging_mixin.py:137} INFO - [2026-02-13T22:09:38.784+0000] {dagbag.py:538} INFO - Filling up the DagBag from /home/airflow/.local/lib/python3.7/site-packages/airflow/example_dags/example_skip_dag.py
[2026-02-13T22:09:38.792+0000] {processor.py:753} INFO - DAG(s) dict_keys(['example_skip_dag']) retrieved from /home/airflow/.local/lib/python3.7/site-packages/airflow/example_dags/example_skip_dag.py
[2026-02-13T22:09:38.805+0000] {logging_mixin.py:137} INFO - [2026-02-13T22:09:38.805+0000] {dag.py:2690} INFO - Sync 1 DAGs
[2026-02-13T22:09:38.817+0000] {logging_mixin.py:137} INFO - [2026-02-13T22:09:38.817+0000] {dag.py:3441} INFO - Setting next_dagrun for example_skip_dag to 2026-02-12T22:09:38.817541+00:00, run_after=2026-02-13T22:09:38.817541+00:00
[2026-02-13T22:09:38.829+0000] {processor.py:175} INFO - Processing /home/airflow/.local/lib/python3.7/site-packages/airflow/example_dags/example_skip_dag.py took 0.049 seconds
[2026-02-13T22:10:09.416+0000] {processor.py:153} INFO - Started process (PID=676) to work on /home/airflow/.local/lib/python3.7/site-packages/airflow/example_dags/example_skip_dag.py
[2026-02-13T22:10:09.419+0000] {processor.py:743} INFO - Processing file /home/airflow/.local/lib/python3.7/site-packages/airflow/example_dags/example_skip_dag.py for tasks to queue
[2026-02-13T22:10:09.419+0000] {logging_mixin.py:137} INFO - [2026-02-13T22:10:09.419+0000] {dagbag.py:538} INFO - Filling up the DagBag from /home/airflow/.local/lib/python3.7/site-packages/airflow/example_dags/example_skip_dag.py
[2026-02-13T22:10:09.427+0000] {processor.py:753} INFO - DAG(s) dict_keys(['example_skip_dag']) retrieved from /home/airflow/.local/lib/python3.7/site-packages/airflow/example_dags/example_skip_dag.py
[2026-02-13T22:10:09.446+0000] {logging_mixin.py:137} INFO - [2026-02-13T22:10:09.446+0000] {dag.py:2690} INFO - Sync 1 DAGs
[2026-02-13T22:10:09.461+0000] {logging_mixin.py:137} INFO - [2026-02-13T22:10:09.461+0000] {dag.py:3441} INFO - Setting next_dagrun for example_skip_dag to 2026-02-12T22:10:09.461347+00:00, run_after=2026-02-13T22:10:09.461347+00:00
[2026-02-13T22:10:09.472+0000] {processor.py:175} INFO - Processing /home/airflow/.local/lib/python3.7/site-packages/airflow/example_dags/example_skip_dag.py took 0.058 seconds
[2026-02-13T22:10:40.034+0000] {processor.py:153} INFO - Started process (PID=748) to work on /home/airflow/.local/lib/python3.7/site-packages/airflow/example_dags/example_skip_dag.py
[2026-02-13T22:10:40.035+0000] {processor.py:743} INFO - Processing file /home/airflow/.local/lib/python3.7/site-packages/airflow/example_dags/example_skip_dag.py for tasks to queue
[2026-02-13T22:10:40.035+0000] {logging_mixin.py:137} INFO - [2026-02-13T22:10:40.035+0000] {dagbag.py:538} INFO - Filling up the DagBag from /home/airflow/.local/lib/python3.7/site-packages/airflow/example_dags/example_skip_dag.py
[2026-02-13T22:10:40.041+0000] {processor.py:753} INFO - DAG(s) dict_keys(['example_skip_dag']) retrieved from /home/airflow/.local/lib/python3.7/site-packages/airflow/example_dags/example_skip_dag.py
[2026-02-13T22:10:40.052+0000] {logging_mixin.py:137} INFO - [2026-02-13T22:10:40.052+0000] {dag.py:2690} INFO - Sync 1 DAGs
[2026-02-13T22:10:40.063+0000] {logging_mixin.py:137} INFO - [2026-02-13T22:10:40.063+0000] {dag.py:3441} INFO - Setting next_dagrun for example_skip_dag to 2026-02-12T22:10:40.063703+00:00, run_after=2026-02-13T22:10:40.063703+00:00
[2026-02-13T22:10:40.074+0000] {processor.py:175} INFO - Processing /home/airflow/.local/lib/python3.7/site-packages/airflow/example_dags/example_skip_dag.py took 0.042 seconds
[2026-02-13T22:11:10.576+0000] {processor.py:153} INFO - Started process (PID=837) to work on /home/airflow/.local/lib/python3.7/site-packages/airflow/example_dags/example_skip_dag.py
[2026-02-13T22:11:10.577+0000] {processor.py:743} INFO - Processing file /home/airflow/.local/lib/python3.7/site-packages/airflow/example_dags/example_skip_dag.py for tasks to queue
[2026-02-13T22:11:10.577+0000] {logging_mixin.py:137} INFO - [2026-02-13T22:11:10.577+0000] {dagbag.py:538} INFO - Filling up the DagBag from /home/airflow/.local/lib/python3.7/site-packages/airflow/example_dags/example_skip_dag.py
[2026-02-13T22:11:10.582+0000] {processor.py:753} INFO - DAG(s) dict_keys(['example_skip_dag']) retrieved from /home/airflow/.local/lib/python3.7/site-packages/airflow/example_dags/example_skip_dag.py
[2026-02-13T22:11:10.592+0000] {logging_mixin.py:137} INFO - [2026-02-13T22:11:10.592+0000] {dag.py:2690} INFO - Sync 1 DAGs
[2026-02-13T22:11:10.602+0000] {logging_mixin.py:137} INFO - [2026-02-13T22:11:10.602+0000] {dag.py:3441} INFO - Setting next_dagrun for example_skip_dag to 2026-02-12T22:11:10.602603+00:00, run_after=2026-02-13T22:11:10.602603+00:00
[2026-02-13T22:11:10.609+0000] {processor.py:175} INFO - Processing /home/airflow/.local/lib/python3.7/site-packages/airflow/example_dags/example_skip_dag.py took 0.034 seconds
[2026-02-13T22:11:41.221+0000] {processor.py:153} INFO - Started process (PID=925) to work on /home/airflow/.local/lib/python3.7/site-packages/airflow/example_dags/example_skip_dag.py
[2026-02-13T22:11:41.221+0000] {processor.py:743} INFO - Processing file /home/airflow/.local/lib/python3.7/site-packages/airflow/example_dags/example_skip_dag.py for tasks to queue
[2026-02-13T22:11:41.221+0000] {logging_mixin.py:137} INFO - [2026-02-13T22:11:41.221+0000] {dagbag.py:538} INFO - Filling up the DagBag from /home/airflow/.local/lib/python3.7/site-packages/airflow/example_dags/example_skip_dag.py
[2026-02-13T22:11:41.229+0000] {processor.py:753} INFO - DAG(s) dict_keys(['example_skip_dag']) retrieved from /home/airflow/.local/lib/python3.7/site-packages/airflow/example_dags/example_skip_dag.py
[2026-02-13T22:11:41.245+0000] {logging_mixin.py:137} INFO - [2026-02-13T22:11:41.245+0000] {dag.py:2690} INFO - Sync 1 DAGs
[2026-02-13T22:11:41.255+0000] {logging_mixin.py:137} INFO - [2026-02-13T22:11:41.255+0000] {dag.py:3441} INFO - Setting next_dagrun for example_skip_dag to 2026-02-12T22:11:41.255719+00:00, run_after=2026-02-13T22:11:41.255719+00:00
[2026-02-13T22:11:41.266+0000] {processor.py:175} INFO - Processing /home/airflow/.local/lib/python3.7/site-packages/airflow/example_dags/example_skip_dag.py took 0.047 seconds
[2026-02-13T22:12:11.767+0000] {processor.py:153} INFO - Started process (PID=1014) to work on /home/airflow/.local/lib/python3.7/site-packages/airflow/example_dags/example_skip_dag.py
[2026-02-13T22:12:11.768+0000] {processor.py:743} INFO - Processing file /home/airflow/.local/lib/python3.7/site-packages/airflow/example_dags/example_skip_dag.py for tasks to queue
[2026-02-13T22:12:11.768+0000] {logging_mixin.py:137} INFO - [2026-02-13T22:12:11.768+0000] {dagbag.py:538} INFO - Filling up the DagBag from /home/airflow/.local/lib/python3.7/site-packages/airflow/example_dags/example_skip_dag.py
[2026-02-13T22:12:11.774+0000] {processor.py:753} INFO - DAG(s) dict_keys(['example_skip_dag']) retrieved from /home/airflow/.local/lib/python3.7/site-packages/airflow/example_dags/example_skip_dag.py
[2026-02-13T22:12:11.788+0000] {logging_mixin.py:137} INFO - [2026-02-13T22:12:11.788+0000] {dag.py:2690} INFO - Sync 1 DAGs
[2026-02-13T22:12:11.799+0000] {logging_mixin.py:137} INFO - [2026-02-13T22:12:11.799+0000] {dag.py:3441} INFO - Setting next_dagrun for example_skip_dag to 2026-02-12T22:12:11.799184+00:00, run_after=2026-02-13T22:12:11.799184+00:00
[2026-02-13T22:12:11.809+0000] {processor.py:175} INFO - Processing /home/airflow/.local/lib/python3.7/site-packages/airflow/example_dags/example_skip_dag.py took 0.043 seconds
[2026-02-13T22:20:57.759+0000] {processor.py:153} INFO - Started process (PID=109) to work on /home/airflow/.local/lib/python3.7/site-packages/airflow/example_dags/example_skip_dag.py
[2026-02-13T22:20:57.761+0000] {processor.py:743} INFO - Processing file /home/airflow/.local/lib/python3.7/site-packages/airflow/example_dags/example_skip_dag.py for tasks to queue
[2026-02-13T22:20:57.761+0000] {logging_mixin.py:137} INFO - [2026-02-13T22:20:57.761+0000] {dagbag.py:538} INFO - Filling up the DagBag from /home/airflow/.local/lib/python3.7/site-packages/airflow/example_dags/example_skip_dag.py
[2026-02-13T22:20:57.767+0000] {processor.py:753} INFO - DAG(s) dict_keys(['example_skip_dag']) retrieved from /home/airflow/.local/lib/python3.7/site-packages/airflow/example_dags/example_skip_dag.py
[2026-02-13T22:20:57.774+0000] {logging_mixin.py:137} INFO - [2026-02-13T22:20:57.773+0000] {dag.py:2690} INFO - Sync 1 DAGs
[2026-02-13T22:20:57.788+0000] {logging_mixin.py:137} INFO - [2026-02-13T22:20:57.788+0000] {dag.py:3441} INFO - Setting next_dagrun for example_skip_dag to 2026-02-12T22:20:57.788034+00:00, run_after=2026-02-13T22:20:57.788034+00:00
[2026-02-13T22:20:57.801+0000] {processor.py:175} INFO - Processing /home/airflow/.local/lib/python3.7/site-packages/airflow/example_dags/example_skip_dag.py took 0.043 seconds
[2026-02-13T22:21:28.507+0000] {processor.py:153} INFO - Started process (PID=189) to work on /home/airflow/.local/lib/python3.7/site-packages/airflow/example_dags/example_skip_dag.py
[2026-02-13T22:21:28.508+0000] {processor.py:743} INFO - Processing file /home/airflow/.local/lib/python3.7/site-packages/airflow/example_dags/example_skip_dag.py for tasks to queue
[2026-02-13T22:21:28.510+0000] {logging_mixin.py:137} INFO - [2026-02-13T22:21:28.510+0000] {dagbag.py:538} INFO - Filling up the DagBag from /home/airflow/.local/lib/python3.7/site-packages/airflow/example_dags/example_skip_dag.py
[2026-02-13T22:21:28.516+0000] {processor.py:753} INFO - DAG(s) dict_keys(['example_skip_dag']) retrieved from /home/airflow/.local/lib/python3.7/site-packages/airflow/example_dags/example_skip_dag.py
[2026-02-13T22:21:28.530+0000] {logging_mixin.py:137} INFO - [2026-02-13T22:21:28.530+0000] {dag.py:2690} INFO - Sync 1 DAGs
[2026-02-13T22:21:28.542+0000] {logging_mixin.py:137} INFO - [2026-02-13T22:21:28.541+0000] {dag.py:3441} INFO - Setting next_dagrun for example_skip_dag to 2026-02-12T22:21:28.541743+00:00, run_after=2026-02-13T22:21:28.541743+00:00
[2026-02-13T22:21:28.554+0000] {processor.py:175} INFO - Processing /home/airflow/.local/lib/python3.7/site-packages/airflow/example_dags/example_skip_dag.py took 0.049 seconds
[2026-02-13T22:21:59.564+0000] {processor.py:153} INFO - Started process (PID=272) to work on /home/airflow/.local/lib/python3.7/site-packages/airflow/example_dags/example_skip_dag.py
[2026-02-13T22:21:59.564+0000] {processor.py:743} INFO - Processing file /home/airflow/.local/lib/python3.7/site-packages/airflow/example_dags/example_skip_dag.py for tasks to queue
[2026-02-13T22:21:59.564+0000] {logging_mixin.py:137} INFO - [2026-02-13T22:21:59.564+0000] {dagbag.py:538} INFO - Filling up the DagBag from /home/airflow/.local/lib/python3.7/site-packages/airflow/example_dags/example_skip_dag.py
[2026-02-13T22:21:59.570+0000] {processor.py:753} INFO - DAG(s) dict_keys(['example_skip_dag']) retrieved from /home/airflow/.local/lib/python3.7/site-packages/airflow/example_dags/example_skip_dag.py
[2026-02-13T22:21:59.580+0000] {logging_mixin.py:137} INFO - [2026-02-13T22:21:59.580+0000] {dag.py:2690} INFO - Sync 1 DAGs
[2026-02-13T22:21:59.589+0000] {logging_mixin.py:137} INFO - [2026-02-13T22:21:59.589+0000] {dag.py:3441} INFO - Setting next_dagrun for example_skip_dag to 2026-02-12T22:21:59.589715+00:00, run_after=2026-02-13T22:21:59.589715+00:00
[2026-02-13T22:21:59.596+0000] {processor.py:175} INFO - Processing /home/airflow/.local/lib/python3.7/site-packages/airflow/example_dags/example_skip_dag.py took 0.033 seconds
[2026-02-13T22:22:30.115+0000] {processor.py:153} INFO - Started process (PID=362) to work on /home/airflow/.local/lib/python3.7/site-packages/airflow/example_dags/example_skip_dag.py
[2026-02-13T22:22:30.116+0000] {processor.py:743} INFO - Processing file /home/airflow/.local/lib/python3.7/site-packages/airflow/example_dags/example_skip_dag.py for tasks to queue
[2026-02-13T22:22:30.116+0000] {logging_mixin.py:137} INFO - [2026-02-13T22:22:30.116+0000] {dagbag.py:538} INFO - Filling up the DagBag from /home/airflow/.local/lib/python3.7/site-packages/airflow/example_dags/example_skip_dag.py
[2026-02-13T22:22:30.121+0000] {processor.py:753} INFO - DAG(s) dict_keys(['example_skip_dag']) retrieved from /home/airflow/.local/lib/python3.7/site-packages/airflow/example_dags/example_skip_dag.py
[2026-02-13T22:22:30.138+0000] {logging_mixin.py:137} INFO - [2026-02-13T22:22:30.138+0000] {dag.py:2690} INFO - Sync 1 DAGs
[2026-02-13T22:22:30.149+0000] {logging_mixin.py:137} INFO - [2026-02-13T22:22:30.149+0000] {dag.py:3441} INFO - Setting next_dagrun for example_skip_dag to 2026-02-12T22:22:30.149093+00:00, run_after=2026-02-13T22:22:30.149093+00:00
[2026-02-13T22:22:30.160+0000] {processor.py:175} INFO - Processing /home/airflow/.local/lib/python3.7/site-packages/airflow/example_dags/example_skip_dag.py took 0.047 seconds
[2026-02-13T22:23:00.821+0000] {processor.py:153} INFO - Started process (PID=451) to work on /home/airflow/.local/lib/python3.7/site-packages/airflow/example_dags/example_skip_dag.py
[2026-02-13T22:23:00.822+0000] {processor.py:743} INFO - Processing file /home/airflow/.local/lib/python3.7/site-packages/airflow/example_dags/example_skip_dag.py for tasks to queue
[2026-02-13T22:23:00.824+0000] {logging_mixin.py:137} INFO - [2026-02-13T22:23:00.824+0000] {dagbag.py:538} INFO - Filling up the DagBag from /home/airflow/.local/lib/python3.7/site-packages/airflow/example_dags/example_skip_dag.py
[2026-02-13T22:23:00.832+0000] {processor.py:753} INFO - DAG(s) dict_keys(['example_skip_dag']) retrieved from /home/airflow/.local/lib/python3.7/site-packages/airflow/example_dags/example_skip_dag.py
[2026-02-13T22:23:00.848+0000] {logging_mixin.py:137} INFO - [2026-02-13T22:23:00.848+0000] {dag.py:2690} INFO - Sync 1 DAGs
[2026-02-13T22:23:00.861+0000] {logging_mixin.py:137} INFO - [2026-02-13T22:23:00.861+0000] {dag.py:3441} INFO - Setting next_dagrun for example_skip_dag to 2026-02-12T22:23:00.861030+00:00, run_after=2026-02-13T22:23:00.861030+00:00
[2026-02-13T22:23:00.872+0000] {processor.py:175} INFO - Processing /home/airflow/.local/lib/python3.7/site-packages/airflow/example_dags/example_skip_dag.py took 0.052 seconds
[2026-02-13T22:23:31.517+0000] {processor.py:153} INFO - Started process (PID=532) to work on /home/airflow/.local/lib/python3.7/site-packages/airflow/example_dags/example_skip_dag.py
[2026-02-13T22:23:31.517+0000] {processor.py:743} INFO - Processing file /home/airflow/.local/lib/python3.7/site-packages/airflow/example_dags/example_skip_dag.py for tasks to queue
[2026-02-13T22:23:31.518+0000] {logging_mixin.py:137} INFO - [2026-02-13T22:23:31.518+0000] {dagbag.py:538} INFO - Filling up the DagBag from /home/airflow/.local/lib/python3.7/site-packages/airflow/example_dags/example_skip_dag.py
[2026-02-13T22:23:31.524+0000] {processor.py:753} INFO - DAG(s) dict_keys(['example_skip_dag']) retrieved from /home/airflow/.local/lib/python3.7/site-packages/airflow/example_dags/example_skip_dag.py
[2026-02-13T22:23:31.541+0000] {logging_mixin.py:137} INFO - [2026-02-13T22:23:31.541+0000] {dag.py:2690} INFO - Sync 1 DAGs
[2026-02-13T22:23:31.554+0000] {logging_mixin.py:137} INFO - [2026-02-13T22:23:31.554+0000] {dag.py:3441} INFO - Setting next_dagrun for example_skip_dag to 2026-02-12T22:23:31.554291+00:00, run_after=2026-02-13T22:23:31.554291+00:00
[2026-02-13T22:23:31.572+0000] {processor.py:175} INFO - Processing /home/airflow/.local/lib/python3.7/site-packages/airflow/example_dags/example_skip_dag.py took 0.057 seconds
[2026-02-13T22:24:02.199+0000] {processor.py:153} INFO - Started process (PID=612) to work on /home/airflow/.local/lib/python3.7/site-packages/airflow/example_dags/example_skip_dag.py
[2026-02-13T22:24:02.200+0000] {processor.py:743} INFO - Processing file /home/airflow/.local/lib/python3.7/site-packages/airflow/example_dags/example_skip_dag.py for tasks to queue
[2026-02-13T22:24:02.200+0000] {logging_mixin.py:137} INFO - [2026-02-13T22:24:02.200+0000] {dagbag.py:538} INFO - Filling up the DagBag from /home/airflow/.local/lib/python3.7/site-packages/airflow/example_dags/example_skip_dag.py
[2026-02-13T22:24:02.208+0000] {processor.py:753} INFO - DAG(s) dict_keys(['example_skip_dag']) retrieved from /home/airflow/.local/lib/python3.7/site-packages/airflow/example_dags/example_skip_dag.py
[2026-02-13T22:24:02.218+0000] {logging_mixin.py:137} INFO - [2026-02-13T22:24:02.217+0000] {dag.py:2690} INFO - Sync 1 DAGs
[2026-02-13T22:24:02.228+0000] {logging_mixin.py:137} INFO - [2026-02-13T22:24:02.228+0000] {dag.py:3441} INFO - Setting next_dagrun for example_skip_dag to 2026-02-12T22:24:02.227974+00:00, run_after=2026-02-13T22:24:02.227974+00:00
[2026-02-13T22:24:02.239+0000] {processor.py:175} INFO - Processing /home/airflow/.local/lib/python3.7/site-packages/airflow/example_dags/example_skip_dag.py took 0.041 seconds
[2026-02-13T22:24:32.953+0000] {processor.py:153} INFO - Started process (PID=701) to work on /home/airflow/.local/lib/python3.7/site-packages/airflow/example_dags/example_skip_dag.py
[2026-02-13T22:24:32.956+0000] {processor.py:743} INFO - Processing file /home/airflow/.local/lib/python3.7/site-packages/airflow/example_dags/example_skip_dag.py for tasks to queue
[2026-02-13T22:24:32.956+0000] {logging_mixin.py:137} INFO - [2026-02-13T22:24:32.956+0000] {dagbag.py:538} INFO - Filling up the DagBag from /home/airflow/.local/lib/python3.7/site-packages/airflow/example_dags/example_skip_dag.py
[2026-02-13T22:24:32.962+0000] {processor.py:753} INFO - DAG(s) dict_keys(['example_skip_dag']) retrieved from /home/airflow/.local/lib/python3.7/site-packages/airflow/example_dags/example_skip_dag.py
[2026-02-13T22:24:32.975+0000] {logging_mixin.py:137} INFO - [2026-02-13T22:24:32.975+0000] {dag.py:2690} INFO - Sync 1 DAGs
[2026-02-13T22:24:32.987+0000] {logging_mixin.py:137} INFO - [2026-02-13T22:24:32.987+0000] {dag.py:3441} INFO - Setting next_dagrun for example_skip_dag to 2026-02-12T22:24:32.987500+00:00, run_after=2026-02-13T22:24:32.987500+00:00
[2026-02-13T22:24:33.000+0000] {processor.py:175} INFO - Processing /home/airflow/.local/lib/python3.7/site-packages/airflow/example_dags/example_skip_dag.py took 0.048 seconds
[2026-02-13T22:25:03.565+0000] {processor.py:153} INFO - Started process (PID=790) to work on /home/airflow/.local/lib/python3.7/site-packages/airflow/example_dags/example_skip_dag.py
[2026-02-13T22:25:03.566+0000] {processor.py:743} INFO - Processing file /home/airflow/.local/lib/python3.7/site-packages/airflow/example_dags/example_skip_dag.py for tasks to queue
[2026-02-13T22:25:03.566+0000] {logging_mixin.py:137} INFO - [2026-02-13T22:25:03.566+0000] {dagbag.py:538} INFO - Filling up the DagBag from /home/airflow/.local/lib/python3.7/site-packages/airflow/example_dags/example_skip_dag.py
[2026-02-13T22:25:03.573+0000] {processor.py:753} INFO - DAG(s) dict_keys(['example_skip_dag']) retrieved from /home/airflow/.local/lib/python3.7/site-packages/airflow/example_dags/example_skip_dag.py
[2026-02-13T22:25:03.588+0000] {logging_mixin.py:137} INFO - [2026-02-13T22:25:03.588+0000] {dag.py:2690} INFO - Sync 1 DAGs
[2026-02-13T22:25:03.598+0000] {logging_mixin.py:137} INFO - [2026-02-13T22:25:03.598+0000] {dag.py:3441} INFO - Setting next_dagrun for example_skip_dag to 2026-02-12T22:25:03.598007+00:00, run_after=2026-02-13T22:25:03.598007+00:00
[2026-02-13T22:25:03.609+0000] {processor.py:175} INFO - Processing /home/airflow/.local/lib/python3.7/site-packages/airflow/example_dags/example_skip_dag.py took 0.046 seconds
[2026-02-13T22:25:34.300+0000] {processor.py:153} INFO - Started process (PID=879) to work on /home/airflow/.local/lib/python3.7/site-packages/airflow/example_dags/example_skip_dag.py
[2026-02-13T22:25:34.300+0000] {processor.py:743} INFO - Processing file /home/airflow/.local/lib/python3.7/site-packages/airflow/example_dags/example_skip_dag.py for tasks to queue
[2026-02-13T22:25:34.300+0000] {logging_mixin.py:137} INFO - [2026-02-13T22:25:34.300+0000] {dagbag.py:538} INFO - Filling up the DagBag from /home/airflow/.local/lib/python3.7/site-packages/airflow/example_dags/example_skip_dag.py
[2026-02-13T22:25:34.306+0000] {processor.py:753} INFO - DAG(s) dict_keys(['example_skip_dag']) retrieved from /home/airflow/.local/lib/python3.7/site-packages/airflow/example_dags/example_skip_dag.py
[2026-02-13T22:25:34.320+0000] {logging_mixin.py:137} INFO - [2026-02-13T22:25:34.320+0000] {dag.py:2690} INFO - Sync 1 DAGs
[2026-02-13T22:25:34.334+0000] {logging_mixin.py:137} INFO - [2026-02-13T22:25:34.334+0000] {dag.py:3441} INFO - Setting next_dagrun for example_skip_dag to 2026-02-12T22:25:34.334420+00:00, run_after=2026-02-13T22:25:34.334420+00:00
[2026-02-13T22:25:34.344+0000] {processor.py:175} INFO - Processing /home/airflow/.local/lib/python3.7/site-packages/airflow/example_dags/example_skip_dag.py took 0.045 seconds
[2026-02-13T22:26:04.851+0000] {processor.py:153} INFO - Started process (PID=952) to work on /home/airflow/.local/lib/python3.7/site-packages/airflow/example_dags/example_skip_dag.py
[2026-02-13T22:26:04.851+0000] {processor.py:743} INFO - Processing file /home/airflow/.local/lib/python3.7/site-packages/airflow/example_dags/example_skip_dag.py for tasks to queue
[2026-02-13T22:26:04.851+0000] {logging_mixin.py:137} INFO - [2026-02-13T22:26:04.851+0000] {dagbag.py:538} INFO - Filling up the DagBag from /home/airflow/.local/lib/python3.7/site-packages/airflow/example_dags/example_skip_dag.py
[2026-02-13T22:26:04.858+0000] {processor.py:753} INFO - DAG(s) dict_keys(['example_skip_dag']) retrieved from /home/airflow/.local/lib/python3.7/site-packages/airflow/example_dags/example_skip_dag.py
[2026-02-13T22:26:04.871+0000] {logging_mixin.py:137} INFO - [2026-02-13T22:26:04.871+0000] {dag.py:2690} INFO - Sync 1 DAGs
[2026-02-13T22:26:04.883+0000] {logging_mixin.py:137} INFO - [2026-02-13T22:26:04.883+0000] {dag.py:3441} INFO - Setting next_dagrun for example_skip_dag to 2026-02-12T22:26:04.883174+00:00, run_after=2026-02-13T22:26:04.883174+00:00
[2026-02-13T22:26:04.893+0000] {processor.py:175} INFO - Processing /home/airflow/.local/lib/python3.7/site-packages/airflow/example_dags/example_skip_dag.py took 0.044 seconds
[2026-02-13T22:26:35.448+0000] {processor.py:153} INFO - Started process (PID=1041) to work on /home/airflow/.local/lib/python3.7/site-packages/airflow/example_dags/example_skip_dag.py
[2026-02-13T22:26:35.449+0000] {processor.py:743} INFO - Processing file /home/airflow/.local/lib/python3.7/site-packages/airflow/example_dags/example_skip_dag.py for tasks to queue
[2026-02-13T22:26:35.450+0000] {logging_mixin.py:137} INFO - [2026-02-13T22:26:35.450+0000] {dagbag.py:538} INFO - Filling up the DagBag from /home/airflow/.local/lib/python3.7/site-packages/airflow/example_dags/example_skip_dag.py
[2026-02-13T22:26:35.457+0000] {processor.py:753} INFO - DAG(s) dict_keys(['example_skip_dag']) retrieved from /home/airflow/.local/lib/python3.7/site-packages/airflow/example_dags/example_skip_dag.py
[2026-02-13T22:26:35.468+0000] {logging_mixin.py:137} INFO - [2026-02-13T22:26:35.468+0000] {dag.py:2690} INFO - Sync 1 DAGs
[2026-02-13T22:26:35.512+0000] {logging_mixin.py:137} INFO - [2026-02-13T22:26:35.512+0000] {dag.py:3441} INFO - Setting next_dagrun for example_skip_dag to 2026-02-12T22:26:35.512388+00:00, run_after=2026-02-13T22:26:35.512388+00:00
[2026-02-13T22:26:35.526+0000] {processor.py:175} INFO - Processing /home/airflow/.local/lib/python3.7/site-packages/airflow/example_dags/example_skip_dag.py took 0.080 seconds
[2026-02-13T22:27:06.195+0000] {processor.py:153} INFO - Started process (PID=1130) to work on /home/airflow/.local/lib/python3.7/site-packages/airflow/example_dags/example_skip_dag.py
[2026-02-13T22:27:06.196+0000] {processor.py:743} INFO - Processing file /home/airflow/.local/lib/python3.7/site-packages/airflow/example_dags/example_skip_dag.py for tasks to queue
[2026-02-13T22:27:06.198+0000] {logging_mixin.py:137} INFO - [2026-02-13T22:27:06.198+0000] {dagbag.py:538} INFO - Filling up the DagBag from /home/airflow/.local/lib/python3.7/site-packages/airflow/example_dags/example_skip_dag.py
[2026-02-13T22:27:06.204+0000] {processor.py:753} INFO - DAG(s) dict_keys(['example_skip_dag']) retrieved from /home/airflow/.local/lib/python3.7/site-packages/airflow/example_dags/example_skip_dag.py
[2026-02-13T22:27:06.218+0000] {logging_mixin.py:137} INFO - [2026-02-13T22:27:06.218+0000] {dag.py:2690} INFO - Sync 1 DAGs
[2026-02-13T22:27:06.231+0000] {logging_mixin.py:137} INFO - [2026-02-13T22:27:06.231+0000] {dag.py:3441} INFO - Setting next_dagrun for example_skip_dag to 2026-02-12T22:27:06.231226+00:00, run_after=2026-02-13T22:27:06.231226+00:00
[2026-02-13T22:27:06.238+0000] {processor.py:175} INFO - Processing /home/airflow/.local/lib/python3.7/site-packages/airflow/example_dags/example_skip_dag.py took 0.044 seconds
[2026-02-13T22:27:36.839+0000] {processor.py:153} INFO - Started process (PID=1219) to work on /home/airflow/.local/lib/python3.7/site-packages/airflow/example_dags/example_skip_dag.py
[2026-02-13T22:27:36.840+0000] {processor.py:743} INFO - Processing file /home/airflow/.local/lib/python3.7/site-packages/airflow/example_dags/example_skip_dag.py for tasks to queue
[2026-02-13T22:27:36.841+0000] {logging_mixin.py:137} INFO - [2026-02-13T22:27:36.841+0000] {dagbag.py:538} INFO - Filling up the DagBag from /home/airflow/.local/lib/python3.7/site-packages/airflow/example_dags/example_skip_dag.py
[2026-02-13T22:27:36.847+0000] {processor.py:753} INFO - DAG(s) dict_keys(['example_skip_dag']) retrieved from /home/airflow/.local/lib/python3.7/site-packages/airflow/example_dags/example_skip_dag.py
[2026-02-13T22:27:36.857+0000] {logging_mixin.py:137} INFO - [2026-02-13T22:27:36.857+0000] {dag.py:2690} INFO - Sync 1 DAGs
[2026-02-13T22:27:36.868+0000] {logging_mixin.py:137} INFO - [2026-02-13T22:27:36.868+0000] {dag.py:3441} INFO - Setting next_dagrun for example_skip_dag to 2026-02-12T22:27:36.867960+00:00, run_after=2026-02-13T22:27:36.867960+00:00
[2026-02-13T22:27:36.879+0000] {processor.py:175} INFO - Processing /home/airflow/.local/lib/python3.7/site-packages/airflow/example_dags/example_skip_dag.py took 0.042 seconds
[2026-02-13T22:28:07.603+0000] {processor.py:153} INFO - Started process (PID=1292) to work on /home/airflow/.local/lib/python3.7/site-packages/airflow/example_dags/example_skip_dag.py
[2026-02-13T22:28:07.604+0000] {processor.py:743} INFO - Processing file /home/airflow/.local/lib/python3.7/site-packages/airflow/example_dags/example_skip_dag.py for tasks to queue
[2026-02-13T22:28:07.604+0000] {logging_mixin.py:137} INFO - [2026-02-13T22:28:07.604+0000] {dagbag.py:538} INFO - Filling up the DagBag from /home/airflow/.local/lib/python3.7/site-packages/airflow/example_dags/example_skip_dag.py
[2026-02-13T22:28:07.613+0000] {processor.py:753} INFO - DAG(s) dict_keys(['example_skip_dag']) retrieved from /home/airflow/.local/lib/python3.7/site-packages/airflow/example_dags/example_skip_dag.py
[2026-02-13T22:28:07.629+0000] {logging_mixin.py:137} INFO - [2026-02-13T22:28:07.629+0000] {dag.py:2690} INFO - Sync 1 DAGs
[2026-02-13T22:28:07.642+0000] {logging_mixin.py:137} INFO - [2026-02-13T22:28:07.642+0000] {dag.py:3441} INFO - Setting next_dagrun for example_skip_dag to 2026-02-12T22:28:07.642315+00:00, run_after=2026-02-13T22:28:07.642315+00:00
[2026-02-13T22:28:07.650+0000] {processor.py:175} INFO - Processing /home/airflow/.local/lib/python3.7/site-packages/airflow/example_dags/example_skip_dag.py took 0.048 seconds
[2026-02-13T22:28:38.175+0000] {processor.py:153} INFO - Started process (PID=1381) to work on /home/airflow/.local/lib/python3.7/site-packages/airflow/example_dags/example_skip_dag.py
[2026-02-13T22:28:38.177+0000] {processor.py:743} INFO - Processing file /home/airflow/.local/lib/python3.7/site-packages/airflow/example_dags/example_skip_dag.py for tasks to queue
[2026-02-13T22:28:38.179+0000] {logging_mixin.py:137} INFO - [2026-02-13T22:28:38.179+0000] {dagbag.py:538} INFO - Filling up the DagBag from /home/airflow/.local/lib/python3.7/site-packages/airflow/example_dags/example_skip_dag.py
[2026-02-13T22:28:38.185+0000] {processor.py:753} INFO - DAG(s) dict_keys(['example_skip_dag']) retrieved from /home/airflow/.local/lib/python3.7/site-packages/airflow/example_dags/example_skip_dag.py
[2026-02-13T22:28:38.200+0000] {logging_mixin.py:137} INFO - [2026-02-13T22:28:38.200+0000] {dag.py:2690} INFO - Sync 1 DAGs
[2026-02-13T22:28:38.211+0000] {logging_mixin.py:137} INFO - [2026-02-13T22:28:38.211+0000] {dag.py:3441} INFO - Setting next_dagrun for example_skip_dag to 2026-02-12T22:28:38.211687+00:00, run_after=2026-02-13T22:28:38.211687+00:00
[2026-02-13T22:28:38.221+0000] {processor.py:175} INFO - Processing /home/airflow/.local/lib/python3.7/site-packages/airflow/example_dags/example_skip_dag.py took 0.048 seconds
[2026-02-13T22:29:08.872+0000] {processor.py:153} INFO - Started process (PID=1470) to work on /home/airflow/.local/lib/python3.7/site-packages/airflow/example_dags/example_skip_dag.py
[2026-02-13T22:29:08.873+0000] {processor.py:743} INFO - Processing file /home/airflow/.local/lib/python3.7/site-packages/airflow/example_dags/example_skip_dag.py for tasks to queue
[2026-02-13T22:29:08.873+0000] {logging_mixin.py:137} INFO - [2026-02-13T22:29:08.873+0000] {dagbag.py:538} INFO - Filling up the DagBag from /home/airflow/.local/lib/python3.7/site-packages/airflow/example_dags/example_skip_dag.py
[2026-02-13T22:29:08.883+0000] {processor.py:753} INFO - DAG(s) dict_keys(['example_skip_dag']) retrieved from /home/airflow/.local/lib/python3.7/site-packages/airflow/example_dags/example_skip_dag.py
[2026-02-13T22:29:08.898+0000] {logging_mixin.py:137} INFO - [2026-02-13T22:29:08.898+0000] {dag.py:2690} INFO - Sync 1 DAGs
[2026-02-13T22:29:08.909+0000] {logging_mixin.py:137} INFO - [2026-02-13T22:29:08.909+0000] {dag.py:3441} INFO - Setting next_dagrun for example_skip_dag to 2026-02-12T22:29:08.909419+00:00, run_after=2026-02-13T22:29:08.909419+00:00
[2026-02-13T22:29:08.923+0000] {processor.py:175} INFO - Processing /home/airflow/.local/lib/python3.7/site-packages/airflow/example_dags/example_skip_dag.py took 0.053 seconds
[2026-02-13T22:29:39.443+0000] {processor.py:153} INFO - Started process (PID=1559) to work on /home/airflow/.local/lib/python3.7/site-packages/airflow/example_dags/example_skip_dag.py
[2026-02-13T22:29:39.444+0000] {processor.py:743} INFO - Processing file /home/airflow/.local/lib/python3.7/site-packages/airflow/example_dags/example_skip_dag.py for tasks to queue
[2026-02-13T22:29:39.445+0000] {logging_mixin.py:137} INFO - [2026-02-13T22:29:39.445+0000] {dagbag.py:538} INFO - Filling up the DagBag from /home/airflow/.local/lib/python3.7/site-packages/airflow/example_dags/example_skip_dag.py
[2026-02-13T22:29:39.455+0000] {processor.py:753} INFO - DAG(s) dict_keys(['example_skip_dag']) retrieved from /home/airflow/.local/lib/python3.7/site-packages/airflow/example_dags/example_skip_dag.py
[2026-02-13T22:29:39.469+0000] {logging_mixin.py:137} INFO - [2026-02-13T22:29:39.469+0000] {dag.py:2690} INFO - Sync 1 DAGs
[2026-02-13T22:29:39.480+0000] {logging_mixin.py:137} INFO - [2026-02-13T22:29:39.480+0000] {dag.py:3441} INFO - Setting next_dagrun for example_skip_dag to 2026-02-12T22:29:39.480345+00:00, run_after=2026-02-13T22:29:39.480345+00:00
[2026-02-13T22:29:39.492+0000] {processor.py:175} INFO - Processing /home/airflow/.local/lib/python3.7/site-packages/airflow/example_dags/example_skip_dag.py took 0.051 seconds
[2026-02-13T22:30:10.218+0000] {processor.py:153} INFO - Started process (PID=1641) to work on /home/airflow/.local/lib/python3.7/site-packages/airflow/example_dags/example_skip_dag.py
[2026-02-13T22:30:10.231+0000] {processor.py:743} INFO - Processing file /home/airflow/.local/lib/python3.7/site-packages/airflow/example_dags/example_skip_dag.py for tasks to queue
[2026-02-13T22:30:10.231+0000] {logging_mixin.py:137} INFO - [2026-02-13T22:30:10.231+0000] {dagbag.py:538} INFO - Filling up the DagBag from /home/airflow/.local/lib/python3.7/site-packages/airflow/example_dags/example_skip_dag.py
[2026-02-13T22:30:10.264+0000] {processor.py:753} INFO - DAG(s) dict_keys(['example_skip_dag']) retrieved from /home/airflow/.local/lib/python3.7/site-packages/airflow/example_dags/example_skip_dag.py
[2026-02-13T22:30:10.302+0000] {logging_mixin.py:137} INFO - [2026-02-13T22:30:10.302+0000] {dag.py:2690} INFO - Sync 1 DAGs
[2026-02-13T22:30:10.314+0000] {logging_mixin.py:137} INFO - [2026-02-13T22:30:10.314+0000] {dag.py:3441} INFO - Setting next_dagrun for example_skip_dag to 2026-02-12T22:30:10.313957+00:00, run_after=2026-02-13T22:30:10.313957+00:00
[2026-02-13T22:30:10.323+0000] {processor.py:175} INFO - Processing /home/airflow/.local/lib/python3.7/site-packages/airflow/example_dags/example_skip_dag.py took 0.107 seconds
[2026-02-13T22:30:40.913+0000] {processor.py:153} INFO - Started process (PID=1721) to work on /home/airflow/.local/lib/python3.7/site-packages/airflow/example_dags/example_skip_dag.py
[2026-02-13T22:30:40.914+0000] {processor.py:743} INFO - Processing file /home/airflow/.local/lib/python3.7/site-packages/airflow/example_dags/example_skip_dag.py for tasks to queue
[2026-02-13T22:30:40.916+0000] {logging_mixin.py:137} INFO - [2026-02-13T22:30:40.916+0000] {dagbag.py:538} INFO - Filling up the DagBag from /home/airflow/.local/lib/python3.7/site-packages/airflow/example_dags/example_skip_dag.py
[2026-02-13T22:30:40.923+0000] {processor.py:753} INFO - DAG(s) dict_keys(['example_skip_dag']) retrieved from /home/airflow/.local/lib/python3.7/site-packages/airflow/example_dags/example_skip_dag.py
[2026-02-13T22:30:40.938+0000] {logging_mixin.py:137} INFO - [2026-02-13T22:30:40.938+0000] {dag.py:2690} INFO - Sync 1 DAGs
[2026-02-13T22:30:40.949+0000] {logging_mixin.py:137} INFO - [2026-02-13T22:30:40.949+0000] {dag.py:3441} INFO - Setting next_dagrun for example_skip_dag to 2026-02-12T22:30:40.949505+00:00, run_after=2026-02-13T22:30:40.949505+00:00
[2026-02-13T22:30:40.958+0000] {processor.py:175} INFO - Processing /home/airflow/.local/lib/python3.7/site-packages/airflow/example_dags/example_skip_dag.py took 0.046 seconds
[2026-02-13T22:31:11.434+0000] {processor.py:153} INFO - Started process (PID=1810) to work on /home/airflow/.local/lib/python3.7/site-packages/airflow/example_dags/example_skip_dag.py
[2026-02-13T22:31:11.434+0000] {processor.py:743} INFO - Processing file /home/airflow/.local/lib/python3.7/site-packages/airflow/example_dags/example_skip_dag.py for tasks to queue
[2026-02-13T22:31:11.435+0000] {logging_mixin.py:137} INFO - [2026-02-13T22:31:11.435+0000] {dagbag.py:538} INFO - Filling up the DagBag from /home/airflow/.local/lib/python3.7/site-packages/airflow/example_dags/example_skip_dag.py
[2026-02-13T22:31:11.442+0000] {processor.py:753} INFO - DAG(s) dict_keys(['example_skip_dag']) retrieved from /home/airflow/.local/lib/python3.7/site-packages/airflow/example_dags/example_skip_dag.py
[2026-02-13T22:31:11.452+0000] {logging_mixin.py:137} INFO - [2026-02-13T22:31:11.452+0000] {dag.py:2690} INFO - Sync 1 DAGs
[2026-02-13T22:31:11.462+0000] {logging_mixin.py:137} INFO - [2026-02-13T22:31:11.462+0000] {dag.py:3441} INFO - Setting next_dagrun for example_skip_dag to 2026-02-12T22:31:11.462633+00:00, run_after=2026-02-13T22:31:11.462633+00:00
[2026-02-13T22:31:11.470+0000] {processor.py:175} INFO - Processing /home/airflow/.local/lib/python3.7/site-packages/airflow/example_dags/example_skip_dag.py took 0.037 seconds
[2026-02-13T22:31:42.264+0000] {processor.py:153} INFO - Started process (PID=1899) to work on /home/airflow/.local/lib/python3.7/site-packages/airflow/example_dags/example_skip_dag.py
[2026-02-13T22:31:42.266+0000] {processor.py:743} INFO - Processing file /home/airflow/.local/lib/python3.7/site-packages/airflow/example_dags/example_skip_dag.py for tasks to queue
[2026-02-13T22:31:42.267+0000] {logging_mixin.py:137} INFO - [2026-02-13T22:31:42.267+0000] {dagbag.py:538} INFO - Filling up the DagBag from /home/airflow/.local/lib/python3.7/site-packages/airflow/example_dags/example_skip_dag.py
[2026-02-13T22:31:42.276+0000] {processor.py:753} INFO - DAG(s) dict_keys(['example_skip_dag']) retrieved from /home/airflow/.local/lib/python3.7/site-packages/airflow/example_dags/example_skip_dag.py
[2026-02-13T22:31:42.289+0000] {logging_mixin.py:137} INFO - [2026-02-13T22:31:42.289+0000] {dag.py:2690} INFO - Sync 1 DAGs
[2026-02-13T22:31:42.301+0000] {logging_mixin.py:137} INFO - [2026-02-13T22:31:42.301+0000] {dag.py:3441} INFO - Setting next_dagrun for example_skip_dag to 2026-02-12T22:31:42.301448+00:00, run_after=2026-02-13T22:31:42.301448+00:00
[2026-02-13T22:31:42.310+0000] {processor.py:175} INFO - Processing /home/airflow/.local/lib/python3.7/site-packages/airflow/example_dags/example_skip_dag.py took 0.049 seconds
[2026-02-13T22:32:13.467+0000] {processor.py:153} INFO - Started process (PID=1987) to work on /home/airflow/.local/lib/python3.7/site-packages/airflow/example_dags/example_skip_dag.py
[2026-02-13T22:32:13.474+0000] {processor.py:743} INFO - Processing file /home/airflow/.local/lib/python3.7/site-packages/airflow/example_dags/example_skip_dag.py for tasks to queue
[2026-02-13T22:32:13.476+0000] {logging_mixin.py:137} INFO - [2026-02-13T22:32:13.476+0000] {dagbag.py:538} INFO - Filling up the DagBag from /home/airflow/.local/lib/python3.7/site-packages/airflow/example_dags/example_skip_dag.py
[2026-02-13T22:32:13.501+0000] {processor.py:753} INFO - DAG(s) dict_keys(['example_skip_dag']) retrieved from /home/airflow/.local/lib/python3.7/site-packages/airflow/example_dags/example_skip_dag.py
[2026-02-13T22:32:13.553+0000] {logging_mixin.py:137} INFO - [2026-02-13T22:32:13.553+0000] {dag.py:2690} INFO - Sync 1 DAGs
[2026-02-13T22:32:13.577+0000] {logging_mixin.py:137} INFO - [2026-02-13T22:32:13.577+0000] {dag.py:3441} INFO - Setting next_dagrun for example_skip_dag to 2026-02-12T22:32:13.576846+00:00, run_after=2026-02-13T22:32:13.576846+00:00
[2026-02-13T22:32:13.598+0000] {processor.py:175} INFO - Processing /home/airflow/.local/lib/python3.7/site-packages/airflow/example_dags/example_skip_dag.py took 0.134 seconds
[2026-02-13T22:32:44.446+0000] {processor.py:153} INFO - Started process (PID=2060) to work on /home/airflow/.local/lib/python3.7/site-packages/airflow/example_dags/example_skip_dag.py
[2026-02-13T22:32:44.448+0000] {processor.py:743} INFO - Processing file /home/airflow/.local/lib/python3.7/site-packages/airflow/example_dags/example_skip_dag.py for tasks to queue
[2026-02-13T22:32:44.448+0000] {logging_mixin.py:137} INFO - [2026-02-13T22:32:44.448+0000] {dagbag.py:538} INFO - Filling up the DagBag from /home/airflow/.local/lib/python3.7/site-packages/airflow/example_dags/example_skip_dag.py
[2026-02-13T22:32:44.454+0000] {processor.py:753} INFO - DAG(s) dict_keys(['example_skip_dag']) retrieved from /home/airflow/.local/lib/python3.7/site-packages/airflow/example_dags/example_skip_dag.py
[2026-02-13T22:32:44.467+0000] {logging_mixin.py:137} INFO - [2026-02-13T22:32:44.467+0000] {dag.py:2690} INFO - Sync 1 DAGs
[2026-02-13T22:32:44.479+0000] {logging_mixin.py:137} INFO - [2026-02-13T22:32:44.479+0000] {dag.py:3441} INFO - Setting next_dagrun for example_skip_dag to 2026-02-12T22:32:44.478943+00:00, run_after=2026-02-13T22:32:44.478943+00:00
[2026-02-13T22:32:44.490+0000] {processor.py:175} INFO - Processing /home/airflow/.local/lib/python3.7/site-packages/airflow/example_dags/example_skip_dag.py took 0.046 seconds
[2026-02-13T22:34:04.998+0000] {processor.py:153} INFO - Started process (PID=111) to work on /home/airflow/.local/lib/python3.7/site-packages/airflow/example_dags/example_skip_dag.py
[2026-02-13T22:34:05.000+0000] {processor.py:743} INFO - Processing file /home/airflow/.local/lib/python3.7/site-packages/airflow/example_dags/example_skip_dag.py for tasks to queue
[2026-02-13T22:34:05.000+0000] {logging_mixin.py:137} INFO - [2026-02-13T22:34:05.000+0000] {dagbag.py:538} INFO - Filling up the DagBag from /home/airflow/.local/lib/python3.7/site-packages/airflow/example_dags/example_skip_dag.py
[2026-02-13T22:34:05.006+0000] {processor.py:753} INFO - DAG(s) dict_keys(['example_skip_dag']) retrieved from /home/airflow/.local/lib/python3.7/site-packages/airflow/example_dags/example_skip_dag.py
[2026-02-13T22:34:05.019+0000] {logging_mixin.py:137} INFO - [2026-02-13T22:34:05.019+0000] {dag.py:2690} INFO - Sync 1 DAGs
[2026-02-13T22:34:05.034+0000] {logging_mixin.py:137} INFO - [2026-02-13T22:34:05.034+0000] {dag.py:3441} INFO - Setting next_dagrun for example_skip_dag to 2026-02-12T22:34:05.034481+00:00, run_after=2026-02-13T22:34:05.034481+00:00
[2026-02-13T22:34:05.046+0000] {processor.py:175} INFO - Processing /home/airflow/.local/lib/python3.7/site-packages/airflow/example_dags/example_skip_dag.py took 0.050 seconds
[2026-02-13T22:34:35.881+0000] {processor.py:153} INFO - Started process (PID=202) to work on /home/airflow/.local/lib/python3.7/site-packages/airflow/example_dags/example_skip_dag.py
[2026-02-13T22:34:35.883+0000] {processor.py:743} INFO - Processing file /home/airflow/.local/lib/python3.7/site-packages/airflow/example_dags/example_skip_dag.py for tasks to queue
[2026-02-13T22:34:35.883+0000] {logging_mixin.py:137} INFO - [2026-02-13T22:34:35.883+0000] {dagbag.py:538} INFO - Filling up the DagBag from /home/airflow/.local/lib/python3.7/site-packages/airflow/example_dags/example_skip_dag.py
[2026-02-13T22:34:35.891+0000] {processor.py:753} INFO - DAG(s) dict_keys(['example_skip_dag']) retrieved from /home/airflow/.local/lib/python3.7/site-packages/airflow/example_dags/example_skip_dag.py
[2026-02-13T22:34:35.906+0000] {logging_mixin.py:137} INFO - [2026-02-13T22:34:35.906+0000] {dag.py:2690} INFO - Sync 1 DAGs
[2026-02-13T22:34:35.921+0000] {logging_mixin.py:137} INFO - [2026-02-13T22:34:35.921+0000] {dag.py:3441} INFO - Setting next_dagrun for example_skip_dag to 2026-02-12T22:34:35.920932+00:00, run_after=2026-02-13T22:34:35.920932+00:00
[2026-02-13T22:34:35.932+0000] {processor.py:175} INFO - Processing /home/airflow/.local/lib/python3.7/site-packages/airflow/example_dags/example_skip_dag.py took 0.052 seconds
[2026-02-13T22:35:06.839+0000] {processor.py:153} INFO - Started process (PID=277) to work on /home/airflow/.local/lib/python3.7/site-packages/airflow/example_dags/example_skip_dag.py
[2026-02-13T22:35:06.840+0000] {processor.py:743} INFO - Processing file /home/airflow/.local/lib/python3.7/site-packages/airflow/example_dags/example_skip_dag.py for tasks to queue
[2026-02-13T22:35:06.840+0000] {logging_mixin.py:137} INFO - [2026-02-13T22:35:06.840+0000] {dagbag.py:538} INFO - Filling up the DagBag from /home/airflow/.local/lib/python3.7/site-packages/airflow/example_dags/example_skip_dag.py
[2026-02-13T22:35:06.845+0000] {processor.py:753} INFO - DAG(s) dict_keys(['example_skip_dag']) retrieved from /home/airflow/.local/lib/python3.7/site-packages/airflow/example_dags/example_skip_dag.py
[2026-02-13T22:35:06.855+0000] {logging_mixin.py:137} INFO - [2026-02-13T22:35:06.855+0000] {dag.py:2690} INFO - Sync 1 DAGs
[2026-02-13T22:35:06.865+0000] {logging_mixin.py:137} INFO - [2026-02-13T22:35:06.865+0000] {dag.py:3441} INFO - Setting next_dagrun for example_skip_dag to 2026-02-12T22:35:06.865015+00:00, run_after=2026-02-13T22:35:06.865015+00:00
[2026-02-13T22:35:06.871+0000] {processor.py:175} INFO - Processing /home/airflow/.local/lib/python3.7/site-packages/airflow/example_dags/example_skip_dag.py took 0.033 seconds
[2026-02-13T22:35:37.656+0000] {processor.py:153} INFO - Started process (PID=369) to work on /home/airflow/.local/lib/python3.7/site-packages/airflow/example_dags/example_skip_dag.py
[2026-02-13T22:35:37.657+0000] {processor.py:743} INFO - Processing file /home/airflow/.local/lib/python3.7/site-packages/airflow/example_dags/example_skip_dag.py for tasks to queue
[2026-02-13T22:35:37.657+0000] {logging_mixin.py:137} INFO - [2026-02-13T22:35:37.657+0000] {dagbag.py:538} INFO - Filling up the DagBag from /home/airflow/.local/lib/python3.7/site-packages/airflow/example_dags/example_skip_dag.py
[2026-02-13T22:35:37.662+0000] {processor.py:753} INFO - DAG(s) dict_keys(['example_skip_dag']) retrieved from /home/airflow/.local/lib/python3.7/site-packages/airflow/example_dags/example_skip_dag.py
[2026-02-13T22:35:37.672+0000] {logging_mixin.py:137} INFO - [2026-02-13T22:35:37.672+0000] {dag.py:2690} INFO - Sync 1 DAGs
[2026-02-13T22:35:37.682+0000] {logging_mixin.py:137} INFO - [2026-02-13T22:35:37.682+0000] {dag.py:3441} INFO - Setting next_dagrun for example_skip_dag to 2026-02-12T22:35:37.682066+00:00, run_after=2026-02-13T22:35:37.682066+00:00
[2026-02-13T22:35:37.688+0000] {processor.py:175} INFO - Processing /home/airflow/.local/lib/python3.7/site-packages/airflow/example_dags/example_skip_dag.py took 0.033 seconds
[2026-02-13T22:36:08.595+0000] {processor.py:153} INFO - Started process (PID=460) to work on /home/airflow/.local/lib/python3.7/site-packages/airflow/example_dags/example_skip_dag.py
[2026-02-13T22:36:08.596+0000] {processor.py:743} INFO - Processing file /home/airflow/.local/lib/python3.7/site-packages/airflow/example_dags/example_skip_dag.py for tasks to queue
[2026-02-13T22:36:08.596+0000] {logging_mixin.py:137} INFO - [2026-02-13T22:36:08.596+0000] {dagbag.py:538} INFO - Filling up the DagBag from /home/airflow/.local/lib/python3.7/site-packages/airflow/example_dags/example_skip_dag.py
[2026-02-13T22:36:08.603+0000] {processor.py:753} INFO - DAG(s) dict_keys(['example_skip_dag']) retrieved from /home/airflow/.local/lib/python3.7/site-packages/airflow/example_dags/example_skip_dag.py
[2026-02-13T22:36:08.617+0000] {logging_mixin.py:137} INFO - [2026-02-13T22:36:08.617+0000] {dag.py:2690} INFO - Sync 1 DAGs
[2026-02-13T22:36:08.629+0000] {logging_mixin.py:137} INFO - [2026-02-13T22:36:08.629+0000] {dag.py:3441} INFO - Setting next_dagrun for example_skip_dag to 2026-02-12T22:36:08.629336+00:00, run_after=2026-02-13T22:36:08.629336+00:00
[2026-02-13T22:36:08.637+0000] {processor.py:175} INFO - Processing /home/airflow/.local/lib/python3.7/site-packages/airflow/example_dags/example_skip_dag.py took 0.043 seconds
[2026-02-13T22:36:39.355+0000] {processor.py:153} INFO - Started process (PID=552) to work on /home/airflow/.local/lib/python3.7/site-packages/airflow/example_dags/example_skip_dag.py
[2026-02-13T22:36:39.356+0000] {processor.py:743} INFO - Processing file /home/airflow/.local/lib/python3.7/site-packages/airflow/example_dags/example_skip_dag.py for tasks to queue
[2026-02-13T22:36:39.356+0000] {logging_mixin.py:137} INFO - [2026-02-13T22:36:39.356+0000] {dagbag.py:538} INFO - Filling up the DagBag from /home/airflow/.local/lib/python3.7/site-packages/airflow/example_dags/example_skip_dag.py
[2026-02-13T22:36:39.363+0000] {processor.py:753} INFO - DAG(s) dict_keys(['example_skip_dag']) retrieved from /home/airflow/.local/lib/python3.7/site-packages/airflow/example_dags/example_skip_dag.py
[2026-02-13T22:36:39.379+0000] {logging_mixin.py:137} INFO - [2026-02-13T22:36:39.378+0000] {dag.py:2690} INFO - Sync 1 DAGs
[2026-02-13T22:36:39.391+0000] {logging_mixin.py:137} INFO - [2026-02-13T22:36:39.391+0000] {dag.py:3441} INFO - Setting next_dagrun for example_skip_dag to 2026-02-12T22:36:39.391666+00:00, run_after=2026-02-13T22:36:39.391666+00:00
[2026-02-13T22:36:39.400+0000] {processor.py:175} INFO - Processing /home/airflow/.local/lib/python3.7/site-packages/airflow/example_dags/example_skip_dag.py took 0.046 seconds
