[2026-02-13T21:49:32.253+0000] {processor.py:153} INFO - Started process (PID=68) to work on /home/airflow/.local/lib/python3.7/site-packages/airflow/example_dags/example_bash_operator.py
[2026-02-13T21:49:32.254+0000] {processor.py:743} INFO - Processing file /home/airflow/.local/lib/python3.7/site-packages/airflow/example_dags/example_bash_operator.py for tasks to queue
[2026-02-13T21:49:32.255+0000] {logging_mixin.py:137} INFO - [2026-02-13T21:49:32.255+0000] {dagbag.py:538} INFO - Filling up the DagBag from /home/airflow/.local/lib/python3.7/site-packages/airflow/example_dags/example_bash_operator.py
[2026-02-13T21:49:32.272+0000] {processor.py:753} INFO - DAG(s) dict_keys(['example_bash_operator']) retrieved from /home/airflow/.local/lib/python3.7/site-packages/airflow/example_dags/example_bash_operator.py
[2026-02-13T21:49:32.282+0000] {logging_mixin.py:137} INFO - [2026-02-13T21:49:32.282+0000] {dag.py:2690} INFO - Sync 1 DAGs
[2026-02-13T21:49:32.308+0000] {logging_mixin.py:137} INFO - [2026-02-13T21:49:32.307+0000] {dag.py:3441} INFO - Setting next_dagrun for example_bash_operator to 2026-02-12T00:00:00+00:00, run_after=2026-02-13T00:00:00+00:00
[2026-02-13T21:49:32.331+0000] {processor.py:175} INFO - Processing /home/airflow/.local/lib/python3.7/site-packages/airflow/example_dags/example_bash_operator.py took 0.081 seconds
[2026-02-13T21:50:02.828+0000] {processor.py:153} INFO - Started process (PID=156) to work on /home/airflow/.local/lib/python3.7/site-packages/airflow/example_dags/example_bash_operator.py
[2026-02-13T21:50:02.831+0000] {processor.py:743} INFO - Processing file /home/airflow/.local/lib/python3.7/site-packages/airflow/example_dags/example_bash_operator.py for tasks to queue
[2026-02-13T21:50:02.831+0000] {logging_mixin.py:137} INFO - [2026-02-13T21:50:02.831+0000] {dagbag.py:538} INFO - Filling up the DagBag from /home/airflow/.local/lib/python3.7/site-packages/airflow/example_dags/example_bash_operator.py
[2026-02-13T21:50:02.842+0000] {processor.py:753} INFO - DAG(s) dict_keys(['example_bash_operator']) retrieved from /home/airflow/.local/lib/python3.7/site-packages/airflow/example_dags/example_bash_operator.py
[2026-02-13T21:50:02.859+0000] {logging_mixin.py:137} INFO - [2026-02-13T21:50:02.859+0000] {dag.py:2690} INFO - Sync 1 DAGs
[2026-02-13T21:50:02.873+0000] {logging_mixin.py:137} INFO - [2026-02-13T21:50:02.873+0000] {dag.py:3441} INFO - Setting next_dagrun for example_bash_operator to 2026-02-12T00:00:00+00:00, run_after=2026-02-13T00:00:00+00:00
[2026-02-13T21:50:02.886+0000] {processor.py:175} INFO - Processing /home/airflow/.local/lib/python3.7/site-packages/airflow/example_dags/example_bash_operator.py took 0.059 seconds
[2026-02-13T21:50:33.503+0000] {processor.py:153} INFO - Started process (PID=245) to work on /home/airflow/.local/lib/python3.7/site-packages/airflow/example_dags/example_bash_operator.py
[2026-02-13T21:50:33.504+0000] {processor.py:743} INFO - Processing file /home/airflow/.local/lib/python3.7/site-packages/airflow/example_dags/example_bash_operator.py for tasks to queue
[2026-02-13T21:50:33.505+0000] {logging_mixin.py:137} INFO - [2026-02-13T21:50:33.505+0000] {dagbag.py:538} INFO - Filling up the DagBag from /home/airflow/.local/lib/python3.7/site-packages/airflow/example_dags/example_bash_operator.py
[2026-02-13T21:50:33.516+0000] {processor.py:753} INFO - DAG(s) dict_keys(['example_bash_operator']) retrieved from /home/airflow/.local/lib/python3.7/site-packages/airflow/example_dags/example_bash_operator.py
[2026-02-13T21:50:33.546+0000] {logging_mixin.py:137} INFO - [2026-02-13T21:50:33.546+0000] {dag.py:2690} INFO - Sync 1 DAGs
[2026-02-13T21:50:33.560+0000] {logging_mixin.py:137} INFO - [2026-02-13T21:50:33.560+0000] {dag.py:3441} INFO - Setting next_dagrun for example_bash_operator to 2026-02-12T00:00:00+00:00, run_after=2026-02-13T00:00:00+00:00
[2026-02-13T21:50:33.581+0000] {processor.py:175} INFO - Processing /home/airflow/.local/lib/python3.7/site-packages/airflow/example_dags/example_bash_operator.py took 0.079 seconds
[2026-02-13T21:51:03.955+0000] {processor.py:153} INFO - Started process (PID=317) to work on /home/airflow/.local/lib/python3.7/site-packages/airflow/example_dags/example_bash_operator.py
[2026-02-13T21:51:03.955+0000] {processor.py:743} INFO - Processing file /home/airflow/.local/lib/python3.7/site-packages/airflow/example_dags/example_bash_operator.py for tasks to queue
[2026-02-13T21:51:03.956+0000] {logging_mixin.py:137} INFO - [2026-02-13T21:51:03.956+0000] {dagbag.py:538} INFO - Filling up the DagBag from /home/airflow/.local/lib/python3.7/site-packages/airflow/example_dags/example_bash_operator.py
[2026-02-13T21:51:03.966+0000] {processor.py:753} INFO - DAG(s) dict_keys(['example_bash_operator']) retrieved from /home/airflow/.local/lib/python3.7/site-packages/airflow/example_dags/example_bash_operator.py
[2026-02-13T21:51:03.987+0000] {logging_mixin.py:137} INFO - [2026-02-13T21:51:03.985+0000] {dag.py:2690} INFO - Sync 1 DAGs
[2026-02-13T21:51:04.002+0000] {logging_mixin.py:137} INFO - [2026-02-13T21:51:04.002+0000] {dag.py:3441} INFO - Setting next_dagrun for example_bash_operator to 2026-02-12T00:00:00+00:00, run_after=2026-02-13T00:00:00+00:00
[2026-02-13T21:51:04.012+0000] {processor.py:175} INFO - Processing /home/airflow/.local/lib/python3.7/site-packages/airflow/example_dags/example_bash_operator.py took 0.059 seconds
[2026-02-13T21:51:34.412+0000] {processor.py:153} INFO - Started process (PID=405) to work on /home/airflow/.local/lib/python3.7/site-packages/airflow/example_dags/example_bash_operator.py
[2026-02-13T21:51:34.413+0000] {processor.py:743} INFO - Processing file /home/airflow/.local/lib/python3.7/site-packages/airflow/example_dags/example_bash_operator.py for tasks to queue
[2026-02-13T21:51:34.413+0000] {logging_mixin.py:137} INFO - [2026-02-13T21:51:34.413+0000] {dagbag.py:538} INFO - Filling up the DagBag from /home/airflow/.local/lib/python3.7/site-packages/airflow/example_dags/example_bash_operator.py
[2026-02-13T21:51:34.423+0000] {processor.py:753} INFO - DAG(s) dict_keys(['example_bash_operator']) retrieved from /home/airflow/.local/lib/python3.7/site-packages/airflow/example_dags/example_bash_operator.py
[2026-02-13T21:51:34.439+0000] {logging_mixin.py:137} INFO - [2026-02-13T21:51:34.438+0000] {dag.py:2690} INFO - Sync 1 DAGs
[2026-02-13T21:51:34.450+0000] {logging_mixin.py:137} INFO - [2026-02-13T21:51:34.450+0000] {dag.py:3441} INFO - Setting next_dagrun for example_bash_operator to 2026-02-12T00:00:00+00:00, run_after=2026-02-13T00:00:00+00:00
[2026-02-13T21:51:34.463+0000] {processor.py:175} INFO - Processing /home/airflow/.local/lib/python3.7/site-packages/airflow/example_dags/example_bash_operator.py took 0.052 seconds
[2026-02-13T21:52:04.812+0000] {processor.py:153} INFO - Started process (PID=493) to work on /home/airflow/.local/lib/python3.7/site-packages/airflow/example_dags/example_bash_operator.py
[2026-02-13T21:52:04.814+0000] {processor.py:743} INFO - Processing file /home/airflow/.local/lib/python3.7/site-packages/airflow/example_dags/example_bash_operator.py for tasks to queue
[2026-02-13T21:52:04.815+0000] {logging_mixin.py:137} INFO - [2026-02-13T21:52:04.815+0000] {dagbag.py:538} INFO - Filling up the DagBag from /home/airflow/.local/lib/python3.7/site-packages/airflow/example_dags/example_bash_operator.py
[2026-02-13T21:52:04.823+0000] {processor.py:753} INFO - DAG(s) dict_keys(['example_bash_operator']) retrieved from /home/airflow/.local/lib/python3.7/site-packages/airflow/example_dags/example_bash_operator.py
[2026-02-13T21:52:04.841+0000] {logging_mixin.py:137} INFO - [2026-02-13T21:52:04.841+0000] {dag.py:2690} INFO - Sync 1 DAGs
[2026-02-13T21:52:04.855+0000] {logging_mixin.py:137} INFO - [2026-02-13T21:52:04.855+0000] {dag.py:3441} INFO - Setting next_dagrun for example_bash_operator to 2026-02-12T00:00:00+00:00, run_after=2026-02-13T00:00:00+00:00
[2026-02-13T21:52:04.865+0000] {processor.py:175} INFO - Processing /home/airflow/.local/lib/python3.7/site-packages/airflow/example_dags/example_bash_operator.py took 0.054 seconds
[2026-02-13T21:52:35.436+0000] {processor.py:153} INFO - Started process (PID=581) to work on /home/airflow/.local/lib/python3.7/site-packages/airflow/example_dags/example_bash_operator.py
[2026-02-13T21:52:35.436+0000] {processor.py:743} INFO - Processing file /home/airflow/.local/lib/python3.7/site-packages/airflow/example_dags/example_bash_operator.py for tasks to queue
[2026-02-13T21:52:35.437+0000] {logging_mixin.py:137} INFO - [2026-02-13T21:52:35.437+0000] {dagbag.py:538} INFO - Filling up the DagBag from /home/airflow/.local/lib/python3.7/site-packages/airflow/example_dags/example_bash_operator.py
[2026-02-13T21:52:35.447+0000] {processor.py:753} INFO - DAG(s) dict_keys(['example_bash_operator']) retrieved from /home/airflow/.local/lib/python3.7/site-packages/airflow/example_dags/example_bash_operator.py
[2026-02-13T21:52:35.464+0000] {logging_mixin.py:137} INFO - [2026-02-13T21:52:35.464+0000] {dag.py:2690} INFO - Sync 1 DAGs
[2026-02-13T21:52:35.477+0000] {logging_mixin.py:137} INFO - [2026-02-13T21:52:35.477+0000] {dag.py:3441} INFO - Setting next_dagrun for example_bash_operator to 2026-02-12T00:00:00+00:00, run_after=2026-02-13T00:00:00+00:00
[2026-02-13T21:52:35.487+0000] {processor.py:175} INFO - Processing /home/airflow/.local/lib/python3.7/site-packages/airflow/example_dags/example_bash_operator.py took 0.052 seconds
[2026-02-13T21:53:05.872+0000] {processor.py:153} INFO - Started process (PID=652) to work on /home/airflow/.local/lib/python3.7/site-packages/airflow/example_dags/example_bash_operator.py
[2026-02-13T21:53:05.873+0000] {processor.py:743} INFO - Processing file /home/airflow/.local/lib/python3.7/site-packages/airflow/example_dags/example_bash_operator.py for tasks to queue
[2026-02-13T21:53:05.874+0000] {logging_mixin.py:137} INFO - [2026-02-13T21:53:05.874+0000] {dagbag.py:538} INFO - Filling up the DagBag from /home/airflow/.local/lib/python3.7/site-packages/airflow/example_dags/example_bash_operator.py
[2026-02-13T21:53:05.882+0000] {processor.py:753} INFO - DAG(s) dict_keys(['example_bash_operator']) retrieved from /home/airflow/.local/lib/python3.7/site-packages/airflow/example_dags/example_bash_operator.py
[2026-02-13T21:53:05.900+0000] {logging_mixin.py:137} INFO - [2026-02-13T21:53:05.900+0000] {dag.py:2690} INFO - Sync 1 DAGs
[2026-02-13T21:53:05.913+0000] {logging_mixin.py:137} INFO - [2026-02-13T21:53:05.913+0000] {dag.py:3441} INFO - Setting next_dagrun for example_bash_operator to 2026-02-12T00:00:00+00:00, run_after=2026-02-13T00:00:00+00:00
[2026-02-13T21:53:05.923+0000] {processor.py:175} INFO - Processing /home/airflow/.local/lib/python3.7/site-packages/airflow/example_dags/example_bash_operator.py took 0.052 seconds
[2026-02-13T21:53:36.378+0000] {processor.py:153} INFO - Started process (PID=740) to work on /home/airflow/.local/lib/python3.7/site-packages/airflow/example_dags/example_bash_operator.py
[2026-02-13T21:53:36.378+0000] {processor.py:743} INFO - Processing file /home/airflow/.local/lib/python3.7/site-packages/airflow/example_dags/example_bash_operator.py for tasks to queue
[2026-02-13T21:53:36.379+0000] {logging_mixin.py:137} INFO - [2026-02-13T21:53:36.379+0000] {dagbag.py:538} INFO - Filling up the DagBag from /home/airflow/.local/lib/python3.7/site-packages/airflow/example_dags/example_bash_operator.py
[2026-02-13T21:53:36.389+0000] {processor.py:753} INFO - DAG(s) dict_keys(['example_bash_operator']) retrieved from /home/airflow/.local/lib/python3.7/site-packages/airflow/example_dags/example_bash_operator.py
[2026-02-13T21:53:36.409+0000] {logging_mixin.py:137} INFO - [2026-02-13T21:53:36.409+0000] {dag.py:2690} INFO - Sync 1 DAGs
[2026-02-13T21:53:36.420+0000] {logging_mixin.py:137} INFO - [2026-02-13T21:53:36.420+0000] {dag.py:3441} INFO - Setting next_dagrun for example_bash_operator to 2026-02-12T00:00:00+00:00, run_after=2026-02-13T00:00:00+00:00
[2026-02-13T21:53:36.431+0000] {processor.py:175} INFO - Processing /home/airflow/.local/lib/python3.7/site-packages/airflow/example_dags/example_bash_operator.py took 0.055 seconds
[2026-02-13T21:54:06.854+0000] {processor.py:153} INFO - Started process (PID=828) to work on /home/airflow/.local/lib/python3.7/site-packages/airflow/example_dags/example_bash_operator.py
[2026-02-13T21:54:06.855+0000] {processor.py:743} INFO - Processing file /home/airflow/.local/lib/python3.7/site-packages/airflow/example_dags/example_bash_operator.py for tasks to queue
[2026-02-13T21:54:06.855+0000] {logging_mixin.py:137} INFO - [2026-02-13T21:54:06.855+0000] {dagbag.py:538} INFO - Filling up the DagBag from /home/airflow/.local/lib/python3.7/site-packages/airflow/example_dags/example_bash_operator.py
[2026-02-13T21:54:06.865+0000] {processor.py:753} INFO - DAG(s) dict_keys(['example_bash_operator']) retrieved from /home/airflow/.local/lib/python3.7/site-packages/airflow/example_dags/example_bash_operator.py
[2026-02-13T21:54:06.882+0000] {logging_mixin.py:137} INFO - [2026-02-13T21:54:06.882+0000] {dag.py:2690} INFO - Sync 1 DAGs
[2026-02-13T21:54:06.896+0000] {logging_mixin.py:137} INFO - [2026-02-13T21:54:06.896+0000] {dag.py:3441} INFO - Setting next_dagrun for example_bash_operator to 2026-02-12T00:00:00+00:00, run_after=2026-02-13T00:00:00+00:00
[2026-02-13T21:54:06.906+0000] {processor.py:175} INFO - Processing /home/airflow/.local/lib/python3.7/site-packages/airflow/example_dags/example_bash_operator.py took 0.054 seconds
[2026-02-13T21:54:37.456+0000] {processor.py:153} INFO - Started process (PID=916) to work on /home/airflow/.local/lib/python3.7/site-packages/airflow/example_dags/example_bash_operator.py
[2026-02-13T21:54:37.456+0000] {processor.py:743} INFO - Processing file /home/airflow/.local/lib/python3.7/site-packages/airflow/example_dags/example_bash_operator.py for tasks to queue
[2026-02-13T21:54:37.458+0000] {logging_mixin.py:137} INFO - [2026-02-13T21:54:37.458+0000] {dagbag.py:538} INFO - Filling up the DagBag from /home/airflow/.local/lib/python3.7/site-packages/airflow/example_dags/example_bash_operator.py
[2026-02-13T21:54:37.468+0000] {processor.py:753} INFO - DAG(s) dict_keys(['example_bash_operator']) retrieved from /home/airflow/.local/lib/python3.7/site-packages/airflow/example_dags/example_bash_operator.py
[2026-02-13T21:54:37.487+0000] {logging_mixin.py:137} INFO - [2026-02-13T21:54:37.487+0000] {dag.py:2690} INFO - Sync 1 DAGs
[2026-02-13T21:54:37.499+0000] {logging_mixin.py:137} INFO - [2026-02-13T21:54:37.499+0000] {dag.py:3441} INFO - Setting next_dagrun for example_bash_operator to 2026-02-12T00:00:00+00:00, run_after=2026-02-13T00:00:00+00:00
[2026-02-13T21:54:37.516+0000] {processor.py:175} INFO - Processing /home/airflow/.local/lib/python3.7/site-packages/airflow/example_dags/example_bash_operator.py took 0.062 seconds
[2026-02-13T21:55:07.993+0000] {processor.py:153} INFO - Started process (PID=988) to work on /home/airflow/.local/lib/python3.7/site-packages/airflow/example_dags/example_bash_operator.py
[2026-02-13T21:55:07.993+0000] {processor.py:743} INFO - Processing file /home/airflow/.local/lib/python3.7/site-packages/airflow/example_dags/example_bash_operator.py for tasks to queue
[2026-02-13T21:55:07.996+0000] {logging_mixin.py:137} INFO - [2026-02-13T21:55:07.996+0000] {dagbag.py:538} INFO - Filling up the DagBag from /home/airflow/.local/lib/python3.7/site-packages/airflow/example_dags/example_bash_operator.py
[2026-02-13T21:55:08.005+0000] {processor.py:753} INFO - DAG(s) dict_keys(['example_bash_operator']) retrieved from /home/airflow/.local/lib/python3.7/site-packages/airflow/example_dags/example_bash_operator.py
[2026-02-13T21:55:08.026+0000] {logging_mixin.py:137} INFO - [2026-02-13T21:55:08.025+0000] {dag.py:2690} INFO - Sync 1 DAGs
[2026-02-13T21:55:08.038+0000] {logging_mixin.py:137} INFO - [2026-02-13T21:55:08.037+0000] {dag.py:3441} INFO - Setting next_dagrun for example_bash_operator to 2026-02-12T00:00:00+00:00, run_after=2026-02-13T00:00:00+00:00
[2026-02-13T21:55:08.050+0000] {processor.py:175} INFO - Processing /home/airflow/.local/lib/python3.7/site-packages/airflow/example_dags/example_bash_operator.py took 0.058 seconds
[2026-02-13T21:55:38.501+0000] {processor.py:153} INFO - Started process (PID=1076) to work on /home/airflow/.local/lib/python3.7/site-packages/airflow/example_dags/example_bash_operator.py
[2026-02-13T21:55:38.502+0000] {processor.py:743} INFO - Processing file /home/airflow/.local/lib/python3.7/site-packages/airflow/example_dags/example_bash_operator.py for tasks to queue
[2026-02-13T21:55:38.502+0000] {logging_mixin.py:137} INFO - [2026-02-13T21:55:38.502+0000] {dagbag.py:538} INFO - Filling up the DagBag from /home/airflow/.local/lib/python3.7/site-packages/airflow/example_dags/example_bash_operator.py
[2026-02-13T21:55:38.512+0000] {processor.py:753} INFO - DAG(s) dict_keys(['example_bash_operator']) retrieved from /home/airflow/.local/lib/python3.7/site-packages/airflow/example_dags/example_bash_operator.py
[2026-02-13T21:55:38.532+0000] {logging_mixin.py:137} INFO - [2026-02-13T21:55:38.532+0000] {dag.py:2690} INFO - Sync 1 DAGs
[2026-02-13T21:55:38.547+0000] {logging_mixin.py:137} INFO - [2026-02-13T21:55:38.547+0000] {dag.py:3441} INFO - Setting next_dagrun for example_bash_operator to 2026-02-12T00:00:00+00:00, run_after=2026-02-13T00:00:00+00:00
[2026-02-13T21:55:38.559+0000] {processor.py:175} INFO - Processing /home/airflow/.local/lib/python3.7/site-packages/airflow/example_dags/example_bash_operator.py took 0.059 seconds
[2026-02-13T21:56:08.980+0000] {processor.py:153} INFO - Started process (PID=1164) to work on /home/airflow/.local/lib/python3.7/site-packages/airflow/example_dags/example_bash_operator.py
[2026-02-13T21:56:08.981+0000] {processor.py:743} INFO - Processing file /home/airflow/.local/lib/python3.7/site-packages/airflow/example_dags/example_bash_operator.py for tasks to queue
[2026-02-13T21:56:08.981+0000] {logging_mixin.py:137} INFO - [2026-02-13T21:56:08.981+0000] {dagbag.py:538} INFO - Filling up the DagBag from /home/airflow/.local/lib/python3.7/site-packages/airflow/example_dags/example_bash_operator.py
[2026-02-13T21:56:08.992+0000] {processor.py:753} INFO - DAG(s) dict_keys(['example_bash_operator']) retrieved from /home/airflow/.local/lib/python3.7/site-packages/airflow/example_dags/example_bash_operator.py
[2026-02-13T21:56:09.014+0000] {logging_mixin.py:137} INFO - [2026-02-13T21:56:09.014+0000] {dag.py:2690} INFO - Sync 1 DAGs
[2026-02-13T21:56:09.031+0000] {logging_mixin.py:137} INFO - [2026-02-13T21:56:09.031+0000] {dag.py:3441} INFO - Setting next_dagrun for example_bash_operator to 2026-02-12T00:00:00+00:00, run_after=2026-02-13T00:00:00+00:00
[2026-02-13T21:56:09.044+0000] {processor.py:175} INFO - Processing /home/airflow/.local/lib/python3.7/site-packages/airflow/example_dags/example_bash_operator.py took 0.065 seconds
[2026-02-13T21:56:39.996+0000] {processor.py:153} INFO - Started process (PID=1252) to work on /home/airflow/.local/lib/python3.7/site-packages/airflow/example_dags/example_bash_operator.py
[2026-02-13T21:56:39.997+0000] {processor.py:743} INFO - Processing file /home/airflow/.local/lib/python3.7/site-packages/airflow/example_dags/example_bash_operator.py for tasks to queue
[2026-02-13T21:56:39.998+0000] {logging_mixin.py:137} INFO - [2026-02-13T21:56:39.998+0000] {dagbag.py:538} INFO - Filling up the DagBag from /home/airflow/.local/lib/python3.7/site-packages/airflow/example_dags/example_bash_operator.py
[2026-02-13T21:56:40.013+0000] {processor.py:753} INFO - DAG(s) dict_keys(['example_bash_operator']) retrieved from /home/airflow/.local/lib/python3.7/site-packages/airflow/example_dags/example_bash_operator.py
[2026-02-13T21:56:40.034+0000] {logging_mixin.py:137} INFO - [2026-02-13T21:56:40.034+0000] {dag.py:2690} INFO - Sync 1 DAGs
[2026-02-13T21:56:40.052+0000] {logging_mixin.py:137} INFO - [2026-02-13T21:56:40.052+0000] {dag.py:3441} INFO - Setting next_dagrun for example_bash_operator to 2026-02-12T00:00:00+00:00, run_after=2026-02-13T00:00:00+00:00
[2026-02-13T21:56:40.066+0000] {processor.py:175} INFO - Processing /home/airflow/.local/lib/python3.7/site-packages/airflow/example_dags/example_bash_operator.py took 0.071 seconds
[2026-02-13T22:01:04.387+0000] {processor.py:153} INFO - Started process (PID=66) to work on /home/airflow/.local/lib/python3.7/site-packages/airflow/example_dags/example_bash_operator.py
[2026-02-13T22:01:04.389+0000] {processor.py:743} INFO - Processing file /home/airflow/.local/lib/python3.7/site-packages/airflow/example_dags/example_bash_operator.py for tasks to queue
[2026-02-13T22:01:04.389+0000] {logging_mixin.py:137} INFO - [2026-02-13T22:01:04.389+0000] {dagbag.py:538} INFO - Filling up the DagBag from /home/airflow/.local/lib/python3.7/site-packages/airflow/example_dags/example_bash_operator.py
[2026-02-13T22:01:04.405+0000] {processor.py:753} INFO - DAG(s) dict_keys(['example_bash_operator']) retrieved from /home/airflow/.local/lib/python3.7/site-packages/airflow/example_dags/example_bash_operator.py
[2026-02-13T22:01:04.421+0000] {logging_mixin.py:137} INFO - [2026-02-13T22:01:04.421+0000] {dag.py:2690} INFO - Sync 1 DAGs
[2026-02-13T22:01:04.441+0000] {logging_mixin.py:137} INFO - [2026-02-13T22:01:04.441+0000] {dag.py:3441} INFO - Setting next_dagrun for example_bash_operator to 2026-02-12T00:00:00+00:00, run_after=2026-02-13T00:00:00+00:00
[2026-02-13T22:01:04.453+0000] {processor.py:175} INFO - Processing /home/airflow/.local/lib/python3.7/site-packages/airflow/example_dags/example_bash_operator.py took 0.069 seconds
[2026-02-13T22:01:35.040+0000] {processor.py:153} INFO - Started process (PID=153) to work on /home/airflow/.local/lib/python3.7/site-packages/airflow/example_dags/example_bash_operator.py
[2026-02-13T22:01:35.041+0000] {processor.py:743} INFO - Processing file /home/airflow/.local/lib/python3.7/site-packages/airflow/example_dags/example_bash_operator.py for tasks to queue
[2026-02-13T22:01:35.043+0000] {logging_mixin.py:137} INFO - [2026-02-13T22:01:35.043+0000] {dagbag.py:538} INFO - Filling up the DagBag from /home/airflow/.local/lib/python3.7/site-packages/airflow/example_dags/example_bash_operator.py
[2026-02-13T22:01:35.054+0000] {processor.py:753} INFO - DAG(s) dict_keys(['example_bash_operator']) retrieved from /home/airflow/.local/lib/python3.7/site-packages/airflow/example_dags/example_bash_operator.py
[2026-02-13T22:01:35.073+0000] {logging_mixin.py:137} INFO - [2026-02-13T22:01:35.073+0000] {dag.py:2690} INFO - Sync 1 DAGs
[2026-02-13T22:01:35.088+0000] {logging_mixin.py:137} INFO - [2026-02-13T22:01:35.088+0000] {dag.py:3441} INFO - Setting next_dagrun for example_bash_operator to 2026-02-12T00:00:00+00:00, run_after=2026-02-13T00:00:00+00:00
[2026-02-13T22:01:35.098+0000] {processor.py:175} INFO - Processing /home/airflow/.local/lib/python3.7/site-packages/airflow/example_dags/example_bash_operator.py took 0.059 seconds
[2026-02-13T22:02:05.602+0000] {processor.py:153} INFO - Started process (PID=243) to work on /home/airflow/.local/lib/python3.7/site-packages/airflow/example_dags/example_bash_operator.py
[2026-02-13T22:02:05.603+0000] {processor.py:743} INFO - Processing file /home/airflow/.local/lib/python3.7/site-packages/airflow/example_dags/example_bash_operator.py for tasks to queue
[2026-02-13T22:02:05.603+0000] {logging_mixin.py:137} INFO - [2026-02-13T22:02:05.603+0000] {dagbag.py:538} INFO - Filling up the DagBag from /home/airflow/.local/lib/python3.7/site-packages/airflow/example_dags/example_bash_operator.py
[2026-02-13T22:02:05.615+0000] {processor.py:753} INFO - DAG(s) dict_keys(['example_bash_operator']) retrieved from /home/airflow/.local/lib/python3.7/site-packages/airflow/example_dags/example_bash_operator.py
[2026-02-13T22:02:05.634+0000] {logging_mixin.py:137} INFO - [2026-02-13T22:02:05.634+0000] {dag.py:2690} INFO - Sync 1 DAGs
[2026-02-13T22:02:05.647+0000] {logging_mixin.py:137} INFO - [2026-02-13T22:02:05.646+0000] {dag.py:3441} INFO - Setting next_dagrun for example_bash_operator to 2026-02-12T00:00:00+00:00, run_after=2026-02-13T00:00:00+00:00
[2026-02-13T22:02:05.660+0000] {processor.py:175} INFO - Processing /home/airflow/.local/lib/python3.7/site-packages/airflow/example_dags/example_bash_operator.py took 0.059 seconds
[2026-02-13T22:02:36.171+0000] {processor.py:153} INFO - Started process (PID=315) to work on /home/airflow/.local/lib/python3.7/site-packages/airflow/example_dags/example_bash_operator.py
[2026-02-13T22:02:36.172+0000] {processor.py:743} INFO - Processing file /home/airflow/.local/lib/python3.7/site-packages/airflow/example_dags/example_bash_operator.py for tasks to queue
[2026-02-13T22:02:36.172+0000] {logging_mixin.py:137} INFO - [2026-02-13T22:02:36.172+0000] {dagbag.py:538} INFO - Filling up the DagBag from /home/airflow/.local/lib/python3.7/site-packages/airflow/example_dags/example_bash_operator.py
[2026-02-13T22:02:36.183+0000] {processor.py:753} INFO - DAG(s) dict_keys(['example_bash_operator']) retrieved from /home/airflow/.local/lib/python3.7/site-packages/airflow/example_dags/example_bash_operator.py
[2026-02-13T22:02:36.200+0000] {logging_mixin.py:137} INFO - [2026-02-13T22:02:36.200+0000] {dag.py:2690} INFO - Sync 1 DAGs
[2026-02-13T22:02:36.215+0000] {logging_mixin.py:137} INFO - [2026-02-13T22:02:36.215+0000] {dag.py:3441} INFO - Setting next_dagrun for example_bash_operator to 2026-02-12T00:00:00+00:00, run_after=2026-02-13T00:00:00+00:00
[2026-02-13T22:02:36.224+0000] {processor.py:175} INFO - Processing /home/airflow/.local/lib/python3.7/site-packages/airflow/example_dags/example_bash_operator.py took 0.054 seconds
[2026-02-13T22:03:30.555+0000] {processor.py:153} INFO - Started process (PID=66) to work on /home/airflow/.local/lib/python3.7/site-packages/airflow/example_dags/example_bash_operator.py
[2026-02-13T22:03:30.555+0000] {processor.py:743} INFO - Processing file /home/airflow/.local/lib/python3.7/site-packages/airflow/example_dags/example_bash_operator.py for tasks to queue
[2026-02-13T22:03:30.556+0000] {logging_mixin.py:137} INFO - [2026-02-13T22:03:30.556+0000] {dagbag.py:538} INFO - Filling up the DagBag from /home/airflow/.local/lib/python3.7/site-packages/airflow/example_dags/example_bash_operator.py
[2026-02-13T22:03:30.569+0000] {processor.py:753} INFO - DAG(s) dict_keys(['example_bash_operator']) retrieved from /home/airflow/.local/lib/python3.7/site-packages/airflow/example_dags/example_bash_operator.py
[2026-02-13T22:03:30.581+0000] {logging_mixin.py:137} INFO - [2026-02-13T22:03:30.581+0000] {dag.py:2690} INFO - Sync 1 DAGs
[2026-02-13T22:03:30.603+0000] {logging_mixin.py:137} INFO - [2026-02-13T22:03:30.603+0000] {dag.py:3441} INFO - Setting next_dagrun for example_bash_operator to 2026-02-12T00:00:00+00:00, run_after=2026-02-13T00:00:00+00:00
[2026-02-13T22:03:30.621+0000] {processor.py:175} INFO - Processing /home/airflow/.local/lib/python3.7/site-packages/airflow/example_dags/example_bash_operator.py took 0.068 seconds
[2026-02-13T22:04:01.499+0000] {processor.py:153} INFO - Started process (PID=153) to work on /home/airflow/.local/lib/python3.7/site-packages/airflow/example_dags/example_bash_operator.py
[2026-02-13T22:04:01.499+0000] {processor.py:743} INFO - Processing file /home/airflow/.local/lib/python3.7/site-packages/airflow/example_dags/example_bash_operator.py for tasks to queue
[2026-02-13T22:04:01.500+0000] {logging_mixin.py:137} INFO - [2026-02-13T22:04:01.500+0000] {dagbag.py:538} INFO - Filling up the DagBag from /home/airflow/.local/lib/python3.7/site-packages/airflow/example_dags/example_bash_operator.py
[2026-02-13T22:04:01.515+0000] {processor.py:753} INFO - DAG(s) dict_keys(['example_bash_operator']) retrieved from /home/airflow/.local/lib/python3.7/site-packages/airflow/example_dags/example_bash_operator.py
[2026-02-13T22:04:01.538+0000] {logging_mixin.py:137} INFO - [2026-02-13T22:04:01.538+0000] {dag.py:2690} INFO - Sync 1 DAGs
[2026-02-13T22:04:01.560+0000] {logging_mixin.py:137} INFO - [2026-02-13T22:04:01.560+0000] {dag.py:3441} INFO - Setting next_dagrun for example_bash_operator to 2026-02-12T00:00:00+00:00, run_after=2026-02-13T00:00:00+00:00
[2026-02-13T22:04:01.579+0000] {processor.py:175} INFO - Processing /home/airflow/.local/lib/python3.7/site-packages/airflow/example_dags/example_bash_operator.py took 0.083 seconds
[2026-02-13T22:04:32.546+0000] {processor.py:153} INFO - Started process (PID=241) to work on /home/airflow/.local/lib/python3.7/site-packages/airflow/example_dags/example_bash_operator.py
[2026-02-13T22:04:32.548+0000] {processor.py:743} INFO - Processing file /home/airflow/.local/lib/python3.7/site-packages/airflow/example_dags/example_bash_operator.py for tasks to queue
[2026-02-13T22:04:32.551+0000] {logging_mixin.py:137} INFO - [2026-02-13T22:04:32.551+0000] {dagbag.py:538} INFO - Filling up the DagBag from /home/airflow/.local/lib/python3.7/site-packages/airflow/example_dags/example_bash_operator.py
[2026-02-13T22:04:32.576+0000] {processor.py:753} INFO - DAG(s) dict_keys(['example_bash_operator']) retrieved from /home/airflow/.local/lib/python3.7/site-packages/airflow/example_dags/example_bash_operator.py
[2026-02-13T22:04:32.639+0000] {logging_mixin.py:137} INFO - [2026-02-13T22:04:32.638+0000] {dag.py:2690} INFO - Sync 1 DAGs
[2026-02-13T22:04:32.669+0000] {logging_mixin.py:137} INFO - [2026-02-13T22:04:32.669+0000] {dag.py:3441} INFO - Setting next_dagrun for example_bash_operator to 2026-02-12T00:00:00+00:00, run_after=2026-02-13T00:00:00+00:00
[2026-02-13T22:04:32.683+0000] {processor.py:175} INFO - Processing /home/airflow/.local/lib/python3.7/site-packages/airflow/example_dags/example_bash_operator.py took 0.142 seconds
[2026-02-13T22:05:03.124+0000] {processor.py:153} INFO - Started process (PID=313) to work on /home/airflow/.local/lib/python3.7/site-packages/airflow/example_dags/example_bash_operator.py
[2026-02-13T22:05:03.125+0000] {processor.py:743} INFO - Processing file /home/airflow/.local/lib/python3.7/site-packages/airflow/example_dags/example_bash_operator.py for tasks to queue
[2026-02-13T22:05:03.125+0000] {logging_mixin.py:137} INFO - [2026-02-13T22:05:03.125+0000] {dagbag.py:538} INFO - Filling up the DagBag from /home/airflow/.local/lib/python3.7/site-packages/airflow/example_dags/example_bash_operator.py
[2026-02-13T22:05:03.137+0000] {processor.py:753} INFO - DAG(s) dict_keys(['example_bash_operator']) retrieved from /home/airflow/.local/lib/python3.7/site-packages/airflow/example_dags/example_bash_operator.py
[2026-02-13T22:05:03.155+0000] {logging_mixin.py:137} INFO - [2026-02-13T22:05:03.155+0000] {dag.py:2690} INFO - Sync 1 DAGs
[2026-02-13T22:05:03.168+0000] {logging_mixin.py:137} INFO - [2026-02-13T22:05:03.168+0000] {dag.py:3441} INFO - Setting next_dagrun for example_bash_operator to 2026-02-12T00:00:00+00:00, run_after=2026-02-13T00:00:00+00:00
[2026-02-13T22:05:03.178+0000] {processor.py:175} INFO - Processing /home/airflow/.local/lib/python3.7/site-packages/airflow/example_dags/example_bash_operator.py took 0.056 seconds
[2026-02-13T22:05:33.696+0000] {processor.py:153} INFO - Started process (PID=401) to work on /home/airflow/.local/lib/python3.7/site-packages/airflow/example_dags/example_bash_operator.py
[2026-02-13T22:05:33.697+0000] {processor.py:743} INFO - Processing file /home/airflow/.local/lib/python3.7/site-packages/airflow/example_dags/example_bash_operator.py for tasks to queue
[2026-02-13T22:05:33.697+0000] {logging_mixin.py:137} INFO - [2026-02-13T22:05:33.697+0000] {dagbag.py:538} INFO - Filling up the DagBag from /home/airflow/.local/lib/python3.7/site-packages/airflow/example_dags/example_bash_operator.py
[2026-02-13T22:05:33.706+0000] {processor.py:753} INFO - DAG(s) dict_keys(['example_bash_operator']) retrieved from /home/airflow/.local/lib/python3.7/site-packages/airflow/example_dags/example_bash_operator.py
[2026-02-13T22:05:33.728+0000] {logging_mixin.py:137} INFO - [2026-02-13T22:05:33.728+0000] {dag.py:2690} INFO - Sync 1 DAGs
[2026-02-13T22:05:33.743+0000] {logging_mixin.py:137} INFO - [2026-02-13T22:05:33.743+0000] {dag.py:3441} INFO - Setting next_dagrun for example_bash_operator to 2026-02-12T00:00:00+00:00, run_after=2026-02-13T00:00:00+00:00
[2026-02-13T22:05:33.751+0000] {processor.py:175} INFO - Processing /home/airflow/.local/lib/python3.7/site-packages/airflow/example_dags/example_bash_operator.py took 0.057 seconds
[2026-02-13T22:06:33.783+0000] {processor.py:153} INFO - Started process (PID=68) to work on /home/airflow/.local/lib/python3.7/site-packages/airflow/example_dags/example_bash_operator.py
[2026-02-13T22:06:33.785+0000] {processor.py:743} INFO - Processing file /home/airflow/.local/lib/python3.7/site-packages/airflow/example_dags/example_bash_operator.py for tasks to queue
[2026-02-13T22:06:33.788+0000] {logging_mixin.py:137} INFO - [2026-02-13T22:06:33.788+0000] {dagbag.py:538} INFO - Filling up the DagBag from /home/airflow/.local/lib/python3.7/site-packages/airflow/example_dags/example_bash_operator.py
[2026-02-13T22:06:33.804+0000] {processor.py:753} INFO - DAG(s) dict_keys(['example_bash_operator']) retrieved from /home/airflow/.local/lib/python3.7/site-packages/airflow/example_dags/example_bash_operator.py
[2026-02-13T22:06:33.817+0000] {logging_mixin.py:137} INFO - [2026-02-13T22:06:33.817+0000] {dag.py:2690} INFO - Sync 1 DAGs
[2026-02-13T22:06:33.839+0000] {logging_mixin.py:137} INFO - [2026-02-13T22:06:33.839+0000] {dag.py:3441} INFO - Setting next_dagrun for example_bash_operator to 2026-02-12T00:00:00+00:00, run_after=2026-02-13T00:00:00+00:00
[2026-02-13T22:06:33.855+0000] {processor.py:175} INFO - Processing /home/airflow/.local/lib/python3.7/site-packages/airflow/example_dags/example_bash_operator.py took 0.075 seconds
[2026-02-13T22:07:05.062+0000] {processor.py:153} INFO - Started process (PID=157) to work on /home/airflow/.local/lib/python3.7/site-packages/airflow/example_dags/example_bash_operator.py
[2026-02-13T22:07:05.065+0000] {processor.py:743} INFO - Processing file /home/airflow/.local/lib/python3.7/site-packages/airflow/example_dags/example_bash_operator.py for tasks to queue
[2026-02-13T22:07:05.065+0000] {logging_mixin.py:137} INFO - [2026-02-13T22:07:05.065+0000] {dagbag.py:538} INFO - Filling up the DagBag from /home/airflow/.local/lib/python3.7/site-packages/airflow/example_dags/example_bash_operator.py
[2026-02-13T22:07:05.079+0000] {processor.py:753} INFO - DAG(s) dict_keys(['example_bash_operator']) retrieved from /home/airflow/.local/lib/python3.7/site-packages/airflow/example_dags/example_bash_operator.py
[2026-02-13T22:07:05.104+0000] {logging_mixin.py:137} INFO - [2026-02-13T22:07:05.104+0000] {dag.py:2690} INFO - Sync 1 DAGs
[2026-02-13T22:07:05.119+0000] {logging_mixin.py:137} INFO - [2026-02-13T22:07:05.119+0000] {dag.py:3441} INFO - Setting next_dagrun for example_bash_operator to 2026-02-12T00:00:00+00:00, run_after=2026-02-13T00:00:00+00:00
[2026-02-13T22:07:05.138+0000] {processor.py:175} INFO - Processing /home/airflow/.local/lib/python3.7/site-packages/airflow/example_dags/example_bash_operator.py took 0.078 seconds
[2026-02-13T22:07:36.093+0000] {processor.py:153} INFO - Started process (PID=246) to work on /home/airflow/.local/lib/python3.7/site-packages/airflow/example_dags/example_bash_operator.py
[2026-02-13T22:07:36.095+0000] {processor.py:743} INFO - Processing file /home/airflow/.local/lib/python3.7/site-packages/airflow/example_dags/example_bash_operator.py for tasks to queue
[2026-02-13T22:07:36.095+0000] {logging_mixin.py:137} INFO - [2026-02-13T22:07:36.095+0000] {dagbag.py:538} INFO - Filling up the DagBag from /home/airflow/.local/lib/python3.7/site-packages/airflow/example_dags/example_bash_operator.py
[2026-02-13T22:07:36.111+0000] {processor.py:753} INFO - DAG(s) dict_keys(['example_bash_operator']) retrieved from /home/airflow/.local/lib/python3.7/site-packages/airflow/example_dags/example_bash_operator.py
[2026-02-13T22:07:36.134+0000] {logging_mixin.py:137} INFO - [2026-02-13T22:07:36.134+0000] {dag.py:2690} INFO - Sync 1 DAGs
[2026-02-13T22:07:36.151+0000] {logging_mixin.py:137} INFO - [2026-02-13T22:07:36.151+0000] {dag.py:3441} INFO - Setting next_dagrun for example_bash_operator to 2026-02-12T00:00:00+00:00, run_after=2026-02-13T00:00:00+00:00
[2026-02-13T22:07:36.164+0000] {processor.py:175} INFO - Processing /home/airflow/.local/lib/python3.7/site-packages/airflow/example_dags/example_bash_operator.py took 0.073 seconds
[2026-02-13T22:08:06.704+0000] {processor.py:153} INFO - Started process (PID=319) to work on /home/airflow/.local/lib/python3.7/site-packages/airflow/example_dags/example_bash_operator.py
[2026-02-13T22:08:06.704+0000] {processor.py:743} INFO - Processing file /home/airflow/.local/lib/python3.7/site-packages/airflow/example_dags/example_bash_operator.py for tasks to queue
[2026-02-13T22:08:06.705+0000] {logging_mixin.py:137} INFO - [2026-02-13T22:08:06.705+0000] {dagbag.py:538} INFO - Filling up the DagBag from /home/airflow/.local/lib/python3.7/site-packages/airflow/example_dags/example_bash_operator.py
[2026-02-13T22:08:06.717+0000] {processor.py:753} INFO - DAG(s) dict_keys(['example_bash_operator']) retrieved from /home/airflow/.local/lib/python3.7/site-packages/airflow/example_dags/example_bash_operator.py
[2026-02-13T22:08:06.738+0000] {logging_mixin.py:137} INFO - [2026-02-13T22:08:06.738+0000] {dag.py:2690} INFO - Sync 1 DAGs
[2026-02-13T22:08:06.765+0000] {logging_mixin.py:137} INFO - [2026-02-13T22:08:06.765+0000] {dag.py:3441} INFO - Setting next_dagrun for example_bash_operator to 2026-02-12T00:00:00+00:00, run_after=2026-02-13T00:00:00+00:00
[2026-02-13T22:08:06.786+0000] {processor.py:175} INFO - Processing /home/airflow/.local/lib/python3.7/site-packages/airflow/example_dags/example_bash_operator.py took 0.084 seconds
[2026-02-13T22:08:37.534+0000] {processor.py:153} INFO - Started process (PID=408) to work on /home/airflow/.local/lib/python3.7/site-packages/airflow/example_dags/example_bash_operator.py
[2026-02-13T22:08:37.534+0000] {processor.py:743} INFO - Processing file /home/airflow/.local/lib/python3.7/site-packages/airflow/example_dags/example_bash_operator.py for tasks to queue
[2026-02-13T22:08:37.535+0000] {logging_mixin.py:137} INFO - [2026-02-13T22:08:37.535+0000] {dagbag.py:538} INFO - Filling up the DagBag from /home/airflow/.local/lib/python3.7/site-packages/airflow/example_dags/example_bash_operator.py
[2026-02-13T22:08:37.549+0000] {processor.py:753} INFO - DAG(s) dict_keys(['example_bash_operator']) retrieved from /home/airflow/.local/lib/python3.7/site-packages/airflow/example_dags/example_bash_operator.py
[2026-02-13T22:08:37.566+0000] {logging_mixin.py:137} INFO - [2026-02-13T22:08:37.566+0000] {dag.py:2690} INFO - Sync 1 DAGs
[2026-02-13T22:08:37.579+0000] {logging_mixin.py:137} INFO - [2026-02-13T22:08:37.579+0000] {dag.py:3441} INFO - Setting next_dagrun for example_bash_operator to 2026-02-12T00:00:00+00:00, run_after=2026-02-13T00:00:00+00:00
[2026-02-13T22:08:37.591+0000] {processor.py:175} INFO - Processing /home/airflow/.local/lib/python3.7/site-packages/airflow/example_dags/example_bash_operator.py took 0.059 seconds
[2026-02-13T22:09:08.151+0000] {processor.py:153} INFO - Started process (PID=497) to work on /home/airflow/.local/lib/python3.7/site-packages/airflow/example_dags/example_bash_operator.py
[2026-02-13T22:09:08.154+0000] {processor.py:743} INFO - Processing file /home/airflow/.local/lib/python3.7/site-packages/airflow/example_dags/example_bash_operator.py for tasks to queue
[2026-02-13T22:09:08.154+0000] {logging_mixin.py:137} INFO - [2026-02-13T22:09:08.154+0000] {dagbag.py:538} INFO - Filling up the DagBag from /home/airflow/.local/lib/python3.7/site-packages/airflow/example_dags/example_bash_operator.py
[2026-02-13T22:09:08.164+0000] {processor.py:753} INFO - DAG(s) dict_keys(['example_bash_operator']) retrieved from /home/airflow/.local/lib/python3.7/site-packages/airflow/example_dags/example_bash_operator.py
[2026-02-13T22:09:08.180+0000] {logging_mixin.py:137} INFO - [2026-02-13T22:09:08.180+0000] {dag.py:2690} INFO - Sync 1 DAGs
[2026-02-13T22:09:08.196+0000] {logging_mixin.py:137} INFO - [2026-02-13T22:09:08.196+0000] {dag.py:3441} INFO - Setting next_dagrun for example_bash_operator to 2026-02-12T00:00:00+00:00, run_after=2026-02-13T00:00:00+00:00
[2026-02-13T22:09:08.207+0000] {processor.py:175} INFO - Processing /home/airflow/.local/lib/python3.7/site-packages/airflow/example_dags/example_bash_operator.py took 0.058 seconds
[2026-02-13T22:09:38.713+0000] {processor.py:153} INFO - Started process (PID=585) to work on /home/airflow/.local/lib/python3.7/site-packages/airflow/example_dags/example_bash_operator.py
[2026-02-13T22:09:38.714+0000] {processor.py:743} INFO - Processing file /home/airflow/.local/lib/python3.7/site-packages/airflow/example_dags/example_bash_operator.py for tasks to queue
[2026-02-13T22:09:38.715+0000] {logging_mixin.py:137} INFO - [2026-02-13T22:09:38.715+0000] {dagbag.py:538} INFO - Filling up the DagBag from /home/airflow/.local/lib/python3.7/site-packages/airflow/example_dags/example_bash_operator.py
[2026-02-13T22:09:38.726+0000] {processor.py:753} INFO - DAG(s) dict_keys(['example_bash_operator']) retrieved from /home/airflow/.local/lib/python3.7/site-packages/airflow/example_dags/example_bash_operator.py
[2026-02-13T22:09:38.747+0000] {logging_mixin.py:137} INFO - [2026-02-13T22:09:38.747+0000] {dag.py:2690} INFO - Sync 1 DAGs
[2026-02-13T22:09:38.759+0000] {logging_mixin.py:137} INFO - [2026-02-13T22:09:38.759+0000] {dag.py:3441} INFO - Setting next_dagrun for example_bash_operator to 2026-02-12T00:00:00+00:00, run_after=2026-02-13T00:00:00+00:00
[2026-02-13T22:09:38.770+0000] {processor.py:175} INFO - Processing /home/airflow/.local/lib/python3.7/site-packages/airflow/example_dags/example_bash_operator.py took 0.059 seconds
[2026-02-13T22:10:09.348+0000] {processor.py:153} INFO - Started process (PID=674) to work on /home/airflow/.local/lib/python3.7/site-packages/airflow/example_dags/example_bash_operator.py
[2026-02-13T22:10:09.349+0000] {processor.py:743} INFO - Processing file /home/airflow/.local/lib/python3.7/site-packages/airflow/example_dags/example_bash_operator.py for tasks to queue
[2026-02-13T22:10:09.349+0000] {logging_mixin.py:137} INFO - [2026-02-13T22:10:09.349+0000] {dagbag.py:538} INFO - Filling up the DagBag from /home/airflow/.local/lib/python3.7/site-packages/airflow/example_dags/example_bash_operator.py
[2026-02-13T22:10:09.365+0000] {processor.py:753} INFO - DAG(s) dict_keys(['example_bash_operator']) retrieved from /home/airflow/.local/lib/python3.7/site-packages/airflow/example_dags/example_bash_operator.py
[2026-02-13T22:10:09.384+0000] {logging_mixin.py:137} INFO - [2026-02-13T22:10:09.384+0000] {dag.py:2690} INFO - Sync 1 DAGs
[2026-02-13T22:10:09.395+0000] {logging_mixin.py:137} INFO - [2026-02-13T22:10:09.395+0000] {dag.py:3441} INFO - Setting next_dagrun for example_bash_operator to 2026-02-12T00:00:00+00:00, run_after=2026-02-13T00:00:00+00:00
[2026-02-13T22:10:09.403+0000] {processor.py:175} INFO - Processing /home/airflow/.local/lib/python3.7/site-packages/airflow/example_dags/example_bash_operator.py took 0.058 seconds
[2026-02-13T22:10:39.966+0000] {processor.py:153} INFO - Started process (PID=746) to work on /home/airflow/.local/lib/python3.7/site-packages/airflow/example_dags/example_bash_operator.py
[2026-02-13T22:10:39.968+0000] {processor.py:743} INFO - Processing file /home/airflow/.local/lib/python3.7/site-packages/airflow/example_dags/example_bash_operator.py for tasks to queue
[2026-02-13T22:10:39.970+0000] {logging_mixin.py:137} INFO - [2026-02-13T22:10:39.970+0000] {dagbag.py:538} INFO - Filling up the DagBag from /home/airflow/.local/lib/python3.7/site-packages/airflow/example_dags/example_bash_operator.py
[2026-02-13T22:10:39.978+0000] {processor.py:753} INFO - DAG(s) dict_keys(['example_bash_operator']) retrieved from /home/airflow/.local/lib/python3.7/site-packages/airflow/example_dags/example_bash_operator.py
[2026-02-13T22:10:40.002+0000] {logging_mixin.py:137} INFO - [2026-02-13T22:10:40.002+0000] {dag.py:2690} INFO - Sync 1 DAGs
[2026-02-13T22:10:40.017+0000] {logging_mixin.py:137} INFO - [2026-02-13T22:10:40.017+0000] {dag.py:3441} INFO - Setting next_dagrun for example_bash_operator to 2026-02-12T00:00:00+00:00, run_after=2026-02-13T00:00:00+00:00
[2026-02-13T22:10:40.026+0000] {processor.py:175} INFO - Processing /home/airflow/.local/lib/python3.7/site-packages/airflow/example_dags/example_bash_operator.py took 0.061 seconds
[2026-02-13T22:11:10.501+0000] {processor.py:153} INFO - Started process (PID=835) to work on /home/airflow/.local/lib/python3.7/site-packages/airflow/example_dags/example_bash_operator.py
[2026-02-13T22:11:10.501+0000] {processor.py:743} INFO - Processing file /home/airflow/.local/lib/python3.7/site-packages/airflow/example_dags/example_bash_operator.py for tasks to queue
[2026-02-13T22:11:10.502+0000] {logging_mixin.py:137} INFO - [2026-02-13T22:11:10.502+0000] {dagbag.py:538} INFO - Filling up the DagBag from /home/airflow/.local/lib/python3.7/site-packages/airflow/example_dags/example_bash_operator.py
[2026-02-13T22:11:10.512+0000] {processor.py:753} INFO - DAG(s) dict_keys(['example_bash_operator']) retrieved from /home/airflow/.local/lib/python3.7/site-packages/airflow/example_dags/example_bash_operator.py
[2026-02-13T22:11:10.536+0000] {logging_mixin.py:137} INFO - [2026-02-13T22:11:10.535+0000] {dag.py:2690} INFO - Sync 1 DAGs
[2026-02-13T22:11:10.554+0000] {logging_mixin.py:137} INFO - [2026-02-13T22:11:10.554+0000] {dag.py:3441} INFO - Setting next_dagrun for example_bash_operator to 2026-02-12T00:00:00+00:00, run_after=2026-02-13T00:00:00+00:00
[2026-02-13T22:11:10.566+0000] {processor.py:175} INFO - Processing /home/airflow/.local/lib/python3.7/site-packages/airflow/example_dags/example_bash_operator.py took 0.067 seconds
[2026-02-13T22:11:41.155+0000] {processor.py:153} INFO - Started process (PID=923) to work on /home/airflow/.local/lib/python3.7/site-packages/airflow/example_dags/example_bash_operator.py
[2026-02-13T22:11:41.156+0000] {processor.py:743} INFO - Processing file /home/airflow/.local/lib/python3.7/site-packages/airflow/example_dags/example_bash_operator.py for tasks to queue
[2026-02-13T22:11:41.156+0000] {logging_mixin.py:137} INFO - [2026-02-13T22:11:41.156+0000] {dagbag.py:538} INFO - Filling up the DagBag from /home/airflow/.local/lib/python3.7/site-packages/airflow/example_dags/example_bash_operator.py
[2026-02-13T22:11:41.165+0000] {processor.py:753} INFO - DAG(s) dict_keys(['example_bash_operator']) retrieved from /home/airflow/.local/lib/python3.7/site-packages/airflow/example_dags/example_bash_operator.py
[2026-02-13T22:11:41.185+0000] {logging_mixin.py:137} INFO - [2026-02-13T22:11:41.185+0000] {dag.py:2690} INFO - Sync 1 DAGs
[2026-02-13T22:11:41.201+0000] {logging_mixin.py:137} INFO - [2026-02-13T22:11:41.200+0000] {dag.py:3441} INFO - Setting next_dagrun for example_bash_operator to 2026-02-12T00:00:00+00:00, run_after=2026-02-13T00:00:00+00:00
[2026-02-13T22:11:41.212+0000] {processor.py:175} INFO - Processing /home/airflow/.local/lib/python3.7/site-packages/airflow/example_dags/example_bash_operator.py took 0.058 seconds
[2026-02-13T22:12:11.663+0000] {processor.py:153} INFO - Started process (PID=1012) to work on /home/airflow/.local/lib/python3.7/site-packages/airflow/example_dags/example_bash_operator.py
[2026-02-13T22:12:11.664+0000] {processor.py:743} INFO - Processing file /home/airflow/.local/lib/python3.7/site-packages/airflow/example_dags/example_bash_operator.py for tasks to queue
[2026-02-13T22:12:11.665+0000] {logging_mixin.py:137} INFO - [2026-02-13T22:12:11.665+0000] {dagbag.py:538} INFO - Filling up the DagBag from /home/airflow/.local/lib/python3.7/site-packages/airflow/example_dags/example_bash_operator.py
[2026-02-13T22:12:11.674+0000] {processor.py:753} INFO - DAG(s) dict_keys(['example_bash_operator']) retrieved from /home/airflow/.local/lib/python3.7/site-packages/airflow/example_dags/example_bash_operator.py
[2026-02-13T22:12:11.692+0000] {logging_mixin.py:137} INFO - [2026-02-13T22:12:11.692+0000] {dag.py:2690} INFO - Sync 1 DAGs
[2026-02-13T22:12:11.703+0000] {logging_mixin.py:137} INFO - [2026-02-13T22:12:11.703+0000] {dag.py:3441} INFO - Setting next_dagrun for example_bash_operator to 2026-02-12T00:00:00+00:00, run_after=2026-02-13T00:00:00+00:00
[2026-02-13T22:12:11.715+0000] {processor.py:175} INFO - Processing /home/airflow/.local/lib/python3.7/site-packages/airflow/example_dags/example_bash_operator.py took 0.053 seconds
[2026-02-13T22:20:57.697+0000] {processor.py:153} INFO - Started process (PID=107) to work on /home/airflow/.local/lib/python3.7/site-packages/airflow/example_dags/example_bash_operator.py
[2026-02-13T22:20:57.698+0000] {processor.py:743} INFO - Processing file /home/airflow/.local/lib/python3.7/site-packages/airflow/example_dags/example_bash_operator.py for tasks to queue
[2026-02-13T22:20:57.700+0000] {logging_mixin.py:137} INFO - [2026-02-13T22:20:57.700+0000] {dagbag.py:538} INFO - Filling up the DagBag from /home/airflow/.local/lib/python3.7/site-packages/airflow/example_dags/example_bash_operator.py
[2026-02-13T22:20:57.710+0000] {processor.py:753} INFO - DAG(s) dict_keys(['example_bash_operator']) retrieved from /home/airflow/.local/lib/python3.7/site-packages/airflow/example_dags/example_bash_operator.py
[2026-02-13T22:20:57.716+0000] {logging_mixin.py:137} INFO - [2026-02-13T22:20:57.716+0000] {dag.py:2690} INFO - Sync 1 DAGs
[2026-02-13T22:20:57.730+0000] {logging_mixin.py:137} INFO - [2026-02-13T22:20:57.730+0000] {dag.py:3441} INFO - Setting next_dagrun for example_bash_operator to 2026-02-12T00:00:00+00:00, run_after=2026-02-13T00:00:00+00:00
[2026-02-13T22:20:57.742+0000] {processor.py:175} INFO - Processing /home/airflow/.local/lib/python3.7/site-packages/airflow/example_dags/example_bash_operator.py took 0.046 seconds
[2026-02-13T22:21:28.428+0000] {processor.py:153} INFO - Started process (PID=180) to work on /home/airflow/.local/lib/python3.7/site-packages/airflow/example_dags/example_bash_operator.py
[2026-02-13T22:21:28.429+0000] {processor.py:743} INFO - Processing file /home/airflow/.local/lib/python3.7/site-packages/airflow/example_dags/example_bash_operator.py for tasks to queue
[2026-02-13T22:21:28.430+0000] {logging_mixin.py:137} INFO - [2026-02-13T22:21:28.429+0000] {dagbag.py:538} INFO - Filling up the DagBag from /home/airflow/.local/lib/python3.7/site-packages/airflow/example_dags/example_bash_operator.py
[2026-02-13T22:21:28.446+0000] {processor.py:753} INFO - DAG(s) dict_keys(['example_bash_operator']) retrieved from /home/airflow/.local/lib/python3.7/site-packages/airflow/example_dags/example_bash_operator.py
[2026-02-13T22:21:28.465+0000] {logging_mixin.py:137} INFO - [2026-02-13T22:21:28.465+0000] {dag.py:2690} INFO - Sync 1 DAGs
[2026-02-13T22:21:28.478+0000] {logging_mixin.py:137} INFO - [2026-02-13T22:21:28.478+0000] {dag.py:3441} INFO - Setting next_dagrun for example_bash_operator to 2026-02-12T00:00:00+00:00, run_after=2026-02-13T00:00:00+00:00
[2026-02-13T22:21:28.497+0000] {processor.py:175} INFO - Processing /home/airflow/.local/lib/python3.7/site-packages/airflow/example_dags/example_bash_operator.py took 0.072 seconds
[2026-02-13T22:21:59.481+0000] {processor.py:153} INFO - Started process (PID=270) to work on /home/airflow/.local/lib/python3.7/site-packages/airflow/example_dags/example_bash_operator.py
[2026-02-13T22:21:59.482+0000] {processor.py:743} INFO - Processing file /home/airflow/.local/lib/python3.7/site-packages/airflow/example_dags/example_bash_operator.py for tasks to queue
[2026-02-13T22:21:59.482+0000] {logging_mixin.py:137} INFO - [2026-02-13T22:21:59.482+0000] {dagbag.py:538} INFO - Filling up the DagBag from /home/airflow/.local/lib/python3.7/site-packages/airflow/example_dags/example_bash_operator.py
[2026-02-13T22:21:59.493+0000] {processor.py:753} INFO - DAG(s) dict_keys(['example_bash_operator']) retrieved from /home/airflow/.local/lib/python3.7/site-packages/airflow/example_dags/example_bash_operator.py
[2026-02-13T22:21:59.511+0000] {logging_mixin.py:137} INFO - [2026-02-13T22:21:59.511+0000] {dag.py:2690} INFO - Sync 1 DAGs
[2026-02-13T22:21:59.525+0000] {logging_mixin.py:137} INFO - [2026-02-13T22:21:59.525+0000] {dag.py:3441} INFO - Setting next_dagrun for example_bash_operator to 2026-02-12T00:00:00+00:00, run_after=2026-02-13T00:00:00+00:00
[2026-02-13T22:21:59.557+0000] {processor.py:175} INFO - Processing /home/airflow/.local/lib/python3.7/site-packages/airflow/example_dags/example_bash_operator.py took 0.077 seconds
[2026-02-13T22:22:30.052+0000] {processor.py:153} INFO - Started process (PID=360) to work on /home/airflow/.local/lib/python3.7/site-packages/airflow/example_dags/example_bash_operator.py
[2026-02-13T22:22:30.052+0000] {processor.py:743} INFO - Processing file /home/airflow/.local/lib/python3.7/site-packages/airflow/example_dags/example_bash_operator.py for tasks to queue
[2026-02-13T22:22:30.053+0000] {logging_mixin.py:137} INFO - [2026-02-13T22:22:30.053+0000] {dagbag.py:538} INFO - Filling up the DagBag from /home/airflow/.local/lib/python3.7/site-packages/airflow/example_dags/example_bash_operator.py
[2026-02-13T22:22:30.063+0000] {processor.py:753} INFO - DAG(s) dict_keys(['example_bash_operator']) retrieved from /home/airflow/.local/lib/python3.7/site-packages/airflow/example_dags/example_bash_operator.py
[2026-02-13T22:22:30.082+0000] {logging_mixin.py:137} INFO - [2026-02-13T22:22:30.082+0000] {dag.py:2690} INFO - Sync 1 DAGs
[2026-02-13T22:22:30.095+0000] {logging_mixin.py:137} INFO - [2026-02-13T22:22:30.095+0000] {dag.py:3441} INFO - Setting next_dagrun for example_bash_operator to 2026-02-12T00:00:00+00:00, run_after=2026-02-13T00:00:00+00:00
[2026-02-13T22:22:30.105+0000] {processor.py:175} INFO - Processing /home/airflow/.local/lib/python3.7/site-packages/airflow/example_dags/example_bash_operator.py took 0.055 seconds
[2026-02-13T22:23:00.750+0000] {processor.py:153} INFO - Started process (PID=449) to work on /home/airflow/.local/lib/python3.7/site-packages/airflow/example_dags/example_bash_operator.py
[2026-02-13T22:23:00.751+0000] {processor.py:743} INFO - Processing file /home/airflow/.local/lib/python3.7/site-packages/airflow/example_dags/example_bash_operator.py for tasks to queue
[2026-02-13T22:23:00.752+0000] {logging_mixin.py:137} INFO - [2026-02-13T22:23:00.752+0000] {dagbag.py:538} INFO - Filling up the DagBag from /home/airflow/.local/lib/python3.7/site-packages/airflow/example_dags/example_bash_operator.py
[2026-02-13T22:23:00.764+0000] {processor.py:753} INFO - DAG(s) dict_keys(['example_bash_operator']) retrieved from /home/airflow/.local/lib/python3.7/site-packages/airflow/example_dags/example_bash_operator.py
[2026-02-13T22:23:00.785+0000] {logging_mixin.py:137} INFO - [2026-02-13T22:23:00.785+0000] {dag.py:2690} INFO - Sync 1 DAGs
[2026-02-13T22:23:00.800+0000] {logging_mixin.py:137} INFO - [2026-02-13T22:23:00.800+0000] {dag.py:3441} INFO - Setting next_dagrun for example_bash_operator to 2026-02-12T00:00:00+00:00, run_after=2026-02-13T00:00:00+00:00
[2026-02-13T22:23:00.812+0000] {processor.py:175} INFO - Processing /home/airflow/.local/lib/python3.7/site-packages/airflow/example_dags/example_bash_operator.py took 0.063 seconds
[2026-02-13T22:23:31.432+0000] {processor.py:153} INFO - Started process (PID=528) to work on /home/airflow/.local/lib/python3.7/site-packages/airflow/example_dags/example_bash_operator.py
[2026-02-13T22:23:31.435+0000] {processor.py:743} INFO - Processing file /home/airflow/.local/lib/python3.7/site-packages/airflow/example_dags/example_bash_operator.py for tasks to queue
[2026-02-13T22:23:31.437+0000] {logging_mixin.py:137} INFO - [2026-02-13T22:23:31.437+0000] {dagbag.py:538} INFO - Filling up the DagBag from /home/airflow/.local/lib/python3.7/site-packages/airflow/example_dags/example_bash_operator.py
[2026-02-13T22:23:31.447+0000] {processor.py:753} INFO - DAG(s) dict_keys(['example_bash_operator']) retrieved from /home/airflow/.local/lib/python3.7/site-packages/airflow/example_dags/example_bash_operator.py
[2026-02-13T22:23:31.468+0000] {logging_mixin.py:137} INFO - [2026-02-13T22:23:31.468+0000] {dag.py:2690} INFO - Sync 1 DAGs
[2026-02-13T22:23:31.485+0000] {logging_mixin.py:137} INFO - [2026-02-13T22:23:31.484+0000] {dag.py:3441} INFO - Setting next_dagrun for example_bash_operator to 2026-02-12T00:00:00+00:00, run_after=2026-02-13T00:00:00+00:00
[2026-02-13T22:23:31.504+0000] {processor.py:175} INFO - Processing /home/airflow/.local/lib/python3.7/site-packages/airflow/example_dags/example_bash_operator.py took 0.073 seconds
[2026-02-13T22:24:02.093+0000] {processor.py:153} INFO - Started process (PID=610) to work on /home/airflow/.local/lib/python3.7/site-packages/airflow/example_dags/example_bash_operator.py
[2026-02-13T22:24:02.095+0000] {processor.py:743} INFO - Processing file /home/airflow/.local/lib/python3.7/site-packages/airflow/example_dags/example_bash_operator.py for tasks to queue
[2026-02-13T22:24:02.097+0000] {logging_mixin.py:137} INFO - [2026-02-13T22:24:02.097+0000] {dagbag.py:538} INFO - Filling up the DagBag from /home/airflow/.local/lib/python3.7/site-packages/airflow/example_dags/example_bash_operator.py
[2026-02-13T22:24:02.106+0000] {processor.py:753} INFO - DAG(s) dict_keys(['example_bash_operator']) retrieved from /home/airflow/.local/lib/python3.7/site-packages/airflow/example_dags/example_bash_operator.py
[2026-02-13T22:24:02.126+0000] {logging_mixin.py:137} INFO - [2026-02-13T22:24:02.126+0000] {dag.py:2690} INFO - Sync 1 DAGs
[2026-02-13T22:24:02.141+0000] {logging_mixin.py:137} INFO - [2026-02-13T22:24:02.141+0000] {dag.py:3441} INFO - Setting next_dagrun for example_bash_operator to 2026-02-12T00:00:00+00:00, run_after=2026-02-13T00:00:00+00:00
[2026-02-13T22:24:02.150+0000] {processor.py:175} INFO - Processing /home/airflow/.local/lib/python3.7/site-packages/airflow/example_dags/example_bash_operator.py took 0.058 seconds
[2026-02-13T22:24:32.887+0000] {processor.py:153} INFO - Started process (PID=699) to work on /home/airflow/.local/lib/python3.7/site-packages/airflow/example_dags/example_bash_operator.py
[2026-02-13T22:24:32.889+0000] {processor.py:743} INFO - Processing file /home/airflow/.local/lib/python3.7/site-packages/airflow/example_dags/example_bash_operator.py for tasks to queue
[2026-02-13T22:24:32.889+0000] {logging_mixin.py:137} INFO - [2026-02-13T22:24:32.889+0000] {dagbag.py:538} INFO - Filling up the DagBag from /home/airflow/.local/lib/python3.7/site-packages/airflow/example_dags/example_bash_operator.py
[2026-02-13T22:24:32.898+0000] {processor.py:753} INFO - DAG(s) dict_keys(['example_bash_operator']) retrieved from /home/airflow/.local/lib/python3.7/site-packages/airflow/example_dags/example_bash_operator.py
[2026-02-13T22:24:32.917+0000] {logging_mixin.py:137} INFO - [2026-02-13T22:24:32.917+0000] {dag.py:2690} INFO - Sync 1 DAGs
[2026-02-13T22:24:32.929+0000] {logging_mixin.py:137} INFO - [2026-02-13T22:24:32.929+0000] {dag.py:3441} INFO - Setting next_dagrun for example_bash_operator to 2026-02-12T00:00:00+00:00, run_after=2026-02-13T00:00:00+00:00
[2026-02-13T22:24:32.943+0000] {processor.py:175} INFO - Processing /home/airflow/.local/lib/python3.7/site-packages/airflow/example_dags/example_bash_operator.py took 0.057 seconds
[2026-02-13T22:25:03.502+0000] {processor.py:153} INFO - Started process (PID=788) to work on /home/airflow/.local/lib/python3.7/site-packages/airflow/example_dags/example_bash_operator.py
[2026-02-13T22:25:03.503+0000] {processor.py:743} INFO - Processing file /home/airflow/.local/lib/python3.7/site-packages/airflow/example_dags/example_bash_operator.py for tasks to queue
[2026-02-13T22:25:03.503+0000] {logging_mixin.py:137} INFO - [2026-02-13T22:25:03.503+0000] {dagbag.py:538} INFO - Filling up the DagBag from /home/airflow/.local/lib/python3.7/site-packages/airflow/example_dags/example_bash_operator.py
[2026-02-13T22:25:03.513+0000] {processor.py:753} INFO - DAG(s) dict_keys(['example_bash_operator']) retrieved from /home/airflow/.local/lib/python3.7/site-packages/airflow/example_dags/example_bash_operator.py
[2026-02-13T22:25:03.530+0000] {logging_mixin.py:137} INFO - [2026-02-13T22:25:03.530+0000] {dag.py:2690} INFO - Sync 1 DAGs
[2026-02-13T22:25:03.546+0000] {logging_mixin.py:137} INFO - [2026-02-13T22:25:03.546+0000] {dag.py:3441} INFO - Setting next_dagrun for example_bash_operator to 2026-02-12T00:00:00+00:00, run_after=2026-02-13T00:00:00+00:00
[2026-02-13T22:25:03.556+0000] {processor.py:175} INFO - Processing /home/airflow/.local/lib/python3.7/site-packages/airflow/example_dags/example_bash_operator.py took 0.055 seconds
[2026-02-13T22:25:34.241+0000] {processor.py:153} INFO - Started process (PID=877) to work on /home/airflow/.local/lib/python3.7/site-packages/airflow/example_dags/example_bash_operator.py
[2026-02-13T22:25:34.241+0000] {processor.py:743} INFO - Processing file /home/airflow/.local/lib/python3.7/site-packages/airflow/example_dags/example_bash_operator.py for tasks to queue
[2026-02-13T22:25:34.241+0000] {logging_mixin.py:137} INFO - [2026-02-13T22:25:34.241+0000] {dagbag.py:538} INFO - Filling up the DagBag from /home/airflow/.local/lib/python3.7/site-packages/airflow/example_dags/example_bash_operator.py
[2026-02-13T22:25:34.253+0000] {processor.py:753} INFO - DAG(s) dict_keys(['example_bash_operator']) retrieved from /home/airflow/.local/lib/python3.7/site-packages/airflow/example_dags/example_bash_operator.py
[2026-02-13T22:25:34.271+0000] {logging_mixin.py:137} INFO - [2026-02-13T22:25:34.271+0000] {dag.py:2690} INFO - Sync 1 DAGs
[2026-02-13T22:25:34.282+0000] {logging_mixin.py:137} INFO - [2026-02-13T22:25:34.282+0000] {dag.py:3441} INFO - Setting next_dagrun for example_bash_operator to 2026-02-12T00:00:00+00:00, run_after=2026-02-13T00:00:00+00:00
[2026-02-13T22:25:34.294+0000] {processor.py:175} INFO - Processing /home/airflow/.local/lib/python3.7/site-packages/airflow/example_dags/example_bash_operator.py took 0.055 seconds
[2026-02-13T22:26:04.794+0000] {processor.py:153} INFO - Started process (PID=950) to work on /home/airflow/.local/lib/python3.7/site-packages/airflow/example_dags/example_bash_operator.py
[2026-02-13T22:26:04.794+0000] {processor.py:743} INFO - Processing file /home/airflow/.local/lib/python3.7/site-packages/airflow/example_dags/example_bash_operator.py for tasks to queue
[2026-02-13T22:26:04.795+0000] {logging_mixin.py:137} INFO - [2026-02-13T22:26:04.794+0000] {dagbag.py:538} INFO - Filling up the DagBag from /home/airflow/.local/lib/python3.7/site-packages/airflow/example_dags/example_bash_operator.py
[2026-02-13T22:26:04.803+0000] {processor.py:753} INFO - DAG(s) dict_keys(['example_bash_operator']) retrieved from /home/airflow/.local/lib/python3.7/site-packages/airflow/example_dags/example_bash_operator.py
[2026-02-13T22:26:04.823+0000] {logging_mixin.py:137} INFO - [2026-02-13T22:26:04.823+0000] {dag.py:2690} INFO - Sync 1 DAGs
[2026-02-13T22:26:04.833+0000] {logging_mixin.py:137} INFO - [2026-02-13T22:26:04.833+0000] {dag.py:3441} INFO - Setting next_dagrun for example_bash_operator to 2026-02-12T00:00:00+00:00, run_after=2026-02-13T00:00:00+00:00
[2026-02-13T22:26:04.843+0000] {processor.py:175} INFO - Processing /home/airflow/.local/lib/python3.7/site-packages/airflow/example_dags/example_bash_operator.py took 0.050 seconds
[2026-02-13T22:26:35.382+0000] {processor.py:153} INFO - Started process (PID=1039) to work on /home/airflow/.local/lib/python3.7/site-packages/airflow/example_dags/example_bash_operator.py
[2026-02-13T22:26:35.383+0000] {processor.py:743} INFO - Processing file /home/airflow/.local/lib/python3.7/site-packages/airflow/example_dags/example_bash_operator.py for tasks to queue
[2026-02-13T22:26:35.383+0000] {logging_mixin.py:137} INFO - [2026-02-13T22:26:35.383+0000] {dagbag.py:538} INFO - Filling up the DagBag from /home/airflow/.local/lib/python3.7/site-packages/airflow/example_dags/example_bash_operator.py
[2026-02-13T22:26:35.393+0000] {processor.py:753} INFO - DAG(s) dict_keys(['example_bash_operator']) retrieved from /home/airflow/.local/lib/python3.7/site-packages/airflow/example_dags/example_bash_operator.py
[2026-02-13T22:26:35.415+0000] {logging_mixin.py:137} INFO - [2026-02-13T22:26:35.415+0000] {dag.py:2690} INFO - Sync 1 DAGs
[2026-02-13T22:26:35.427+0000] {logging_mixin.py:137} INFO - [2026-02-13T22:26:35.427+0000] {dag.py:3441} INFO - Setting next_dagrun for example_bash_operator to 2026-02-12T00:00:00+00:00, run_after=2026-02-13T00:00:00+00:00
[2026-02-13T22:26:35.438+0000] {processor.py:175} INFO - Processing /home/airflow/.local/lib/python3.7/site-packages/airflow/example_dags/example_bash_operator.py took 0.057 seconds
[2026-02-13T22:27:06.136+0000] {processor.py:153} INFO - Started process (PID=1128) to work on /home/airflow/.local/lib/python3.7/site-packages/airflow/example_dags/example_bash_operator.py
[2026-02-13T22:27:06.137+0000] {processor.py:743} INFO - Processing file /home/airflow/.local/lib/python3.7/site-packages/airflow/example_dags/example_bash_operator.py for tasks to queue
[2026-02-13T22:27:06.137+0000] {logging_mixin.py:137} INFO - [2026-02-13T22:27:06.137+0000] {dagbag.py:538} INFO - Filling up the DagBag from /home/airflow/.local/lib/python3.7/site-packages/airflow/example_dags/example_bash_operator.py
[2026-02-13T22:27:06.149+0000] {processor.py:753} INFO - DAG(s) dict_keys(['example_bash_operator']) retrieved from /home/airflow/.local/lib/python3.7/site-packages/airflow/example_dags/example_bash_operator.py
[2026-02-13T22:27:06.169+0000] {logging_mixin.py:137} INFO - [2026-02-13T22:27:06.169+0000] {dag.py:2690} INFO - Sync 1 DAGs
[2026-02-13T22:27:06.180+0000] {logging_mixin.py:137} INFO - [2026-02-13T22:27:06.180+0000] {dag.py:3441} INFO - Setting next_dagrun for example_bash_operator to 2026-02-12T00:00:00+00:00, run_after=2026-02-13T00:00:00+00:00
[2026-02-13T22:27:06.186+0000] {processor.py:175} INFO - Processing /home/airflow/.local/lib/python3.7/site-packages/airflow/example_dags/example_bash_operator.py took 0.052 seconds
[2026-02-13T22:27:36.772+0000] {processor.py:153} INFO - Started process (PID=1217) to work on /home/airflow/.local/lib/python3.7/site-packages/airflow/example_dags/example_bash_operator.py
[2026-02-13T22:27:36.773+0000] {processor.py:743} INFO - Processing file /home/airflow/.local/lib/python3.7/site-packages/airflow/example_dags/example_bash_operator.py for tasks to queue
[2026-02-13T22:27:36.773+0000] {logging_mixin.py:137} INFO - [2026-02-13T22:27:36.773+0000] {dagbag.py:538} INFO - Filling up the DagBag from /home/airflow/.local/lib/python3.7/site-packages/airflow/example_dags/example_bash_operator.py
[2026-02-13T22:27:36.782+0000] {processor.py:753} INFO - DAG(s) dict_keys(['example_bash_operator']) retrieved from /home/airflow/.local/lib/python3.7/site-packages/airflow/example_dags/example_bash_operator.py
[2026-02-13T22:27:36.803+0000] {logging_mixin.py:137} INFO - [2026-02-13T22:27:36.803+0000] {dag.py:2690} INFO - Sync 1 DAGs
[2026-02-13T22:27:36.816+0000] {logging_mixin.py:137} INFO - [2026-02-13T22:27:36.816+0000] {dag.py:3441} INFO - Setting next_dagrun for example_bash_operator to 2026-02-12T00:00:00+00:00, run_after=2026-02-13T00:00:00+00:00
[2026-02-13T22:27:36.829+0000] {processor.py:175} INFO - Processing /home/airflow/.local/lib/python3.7/site-packages/airflow/example_dags/example_bash_operator.py took 0.059 seconds
[2026-02-13T22:28:07.537+0000] {processor.py:153} INFO - Started process (PID=1290) to work on /home/airflow/.local/lib/python3.7/site-packages/airflow/example_dags/example_bash_operator.py
[2026-02-13T22:28:07.539+0000] {processor.py:743} INFO - Processing file /home/airflow/.local/lib/python3.7/site-packages/airflow/example_dags/example_bash_operator.py for tasks to queue
[2026-02-13T22:28:07.539+0000] {logging_mixin.py:137} INFO - [2026-02-13T22:28:07.539+0000] {dagbag.py:538} INFO - Filling up the DagBag from /home/airflow/.local/lib/python3.7/site-packages/airflow/example_dags/example_bash_operator.py
[2026-02-13T22:28:07.551+0000] {processor.py:753} INFO - DAG(s) dict_keys(['example_bash_operator']) retrieved from /home/airflow/.local/lib/python3.7/site-packages/airflow/example_dags/example_bash_operator.py
[2026-02-13T22:28:07.571+0000] {logging_mixin.py:137} INFO - [2026-02-13T22:28:07.571+0000] {dag.py:2690} INFO - Sync 1 DAGs
[2026-02-13T22:28:07.583+0000] {logging_mixin.py:137} INFO - [2026-02-13T22:28:07.583+0000] {dag.py:3441} INFO - Setting next_dagrun for example_bash_operator to 2026-02-12T00:00:00+00:00, run_after=2026-02-13T00:00:00+00:00
[2026-02-13T22:28:07.593+0000] {processor.py:175} INFO - Processing /home/airflow/.local/lib/python3.7/site-packages/airflow/example_dags/example_bash_operator.py took 0.058 seconds
[2026-02-13T22:28:38.117+0000] {processor.py:153} INFO - Started process (PID=1379) to work on /home/airflow/.local/lib/python3.7/site-packages/airflow/example_dags/example_bash_operator.py
[2026-02-13T22:28:38.119+0000] {processor.py:743} INFO - Processing file /home/airflow/.local/lib/python3.7/site-packages/airflow/example_dags/example_bash_operator.py for tasks to queue
[2026-02-13T22:28:38.119+0000] {logging_mixin.py:137} INFO - [2026-02-13T22:28:38.119+0000] {dagbag.py:538} INFO - Filling up the DagBag from /home/airflow/.local/lib/python3.7/site-packages/airflow/example_dags/example_bash_operator.py
[2026-02-13T22:28:38.129+0000] {processor.py:753} INFO - DAG(s) dict_keys(['example_bash_operator']) retrieved from /home/airflow/.local/lib/python3.7/site-packages/airflow/example_dags/example_bash_operator.py
[2026-02-13T22:28:38.150+0000] {logging_mixin.py:137} INFO - [2026-02-13T22:28:38.150+0000] {dag.py:2690} INFO - Sync 1 DAGs
[2026-02-13T22:28:38.160+0000] {logging_mixin.py:137} INFO - [2026-02-13T22:28:38.160+0000] {dag.py:3441} INFO - Setting next_dagrun for example_bash_operator to 2026-02-12T00:00:00+00:00, run_after=2026-02-13T00:00:00+00:00
[2026-02-13T22:28:38.167+0000] {processor.py:175} INFO - Processing /home/airflow/.local/lib/python3.7/site-packages/airflow/example_dags/example_bash_operator.py took 0.051 seconds
[2026-02-13T22:29:08.795+0000] {processor.py:153} INFO - Started process (PID=1468) to work on /home/airflow/.local/lib/python3.7/site-packages/airflow/example_dags/example_bash_operator.py
[2026-02-13T22:29:08.796+0000] {processor.py:743} INFO - Processing file /home/airflow/.local/lib/python3.7/site-packages/airflow/example_dags/example_bash_operator.py for tasks to queue
[2026-02-13T22:29:08.797+0000] {logging_mixin.py:137} INFO - [2026-02-13T22:29:08.796+0000] {dagbag.py:538} INFO - Filling up the DagBag from /home/airflow/.local/lib/python3.7/site-packages/airflow/example_dags/example_bash_operator.py
[2026-02-13T22:29:08.805+0000] {processor.py:753} INFO - DAG(s) dict_keys(['example_bash_operator']) retrieved from /home/airflow/.local/lib/python3.7/site-packages/airflow/example_dags/example_bash_operator.py
[2026-02-13T22:29:08.826+0000] {logging_mixin.py:137} INFO - [2026-02-13T22:29:08.826+0000] {dag.py:2690} INFO - Sync 1 DAGs
[2026-02-13T22:29:08.843+0000] {logging_mixin.py:137} INFO - [2026-02-13T22:29:08.843+0000] {dag.py:3441} INFO - Setting next_dagrun for example_bash_operator to 2026-02-12T00:00:00+00:00, run_after=2026-02-13T00:00:00+00:00
[2026-02-13T22:29:08.860+0000] {processor.py:175} INFO - Processing /home/airflow/.local/lib/python3.7/site-packages/airflow/example_dags/example_bash_operator.py took 0.066 seconds
[2026-02-13T22:29:39.375+0000] {processor.py:153} INFO - Started process (PID=1557) to work on /home/airflow/.local/lib/python3.7/site-packages/airflow/example_dags/example_bash_operator.py
[2026-02-13T22:29:39.376+0000] {processor.py:743} INFO - Processing file /home/airflow/.local/lib/python3.7/site-packages/airflow/example_dags/example_bash_operator.py for tasks to queue
[2026-02-13T22:29:39.376+0000] {logging_mixin.py:137} INFO - [2026-02-13T22:29:39.376+0000] {dagbag.py:538} INFO - Filling up the DagBag from /home/airflow/.local/lib/python3.7/site-packages/airflow/example_dags/example_bash_operator.py
[2026-02-13T22:29:39.386+0000] {processor.py:753} INFO - DAG(s) dict_keys(['example_bash_operator']) retrieved from /home/airflow/.local/lib/python3.7/site-packages/airflow/example_dags/example_bash_operator.py
[2026-02-13T22:29:39.406+0000] {logging_mixin.py:137} INFO - [2026-02-13T22:29:39.405+0000] {dag.py:2690} INFO - Sync 1 DAGs
[2026-02-13T22:29:39.420+0000] {logging_mixin.py:137} INFO - [2026-02-13T22:29:39.420+0000] {dag.py:3441} INFO - Setting next_dagrun for example_bash_operator to 2026-02-12T00:00:00+00:00, run_after=2026-02-13T00:00:00+00:00
[2026-02-13T22:29:39.434+0000] {processor.py:175} INFO - Processing /home/airflow/.local/lib/python3.7/site-packages/airflow/example_dags/example_bash_operator.py took 0.061 seconds
[2026-02-13T22:30:10.119+0000] {processor.py:153} INFO - Started process (PID=1639) to work on /home/airflow/.local/lib/python3.7/site-packages/airflow/example_dags/example_bash_operator.py
[2026-02-13T22:30:10.120+0000] {processor.py:743} INFO - Processing file /home/airflow/.local/lib/python3.7/site-packages/airflow/example_dags/example_bash_operator.py for tasks to queue
[2026-02-13T22:30:10.121+0000] {logging_mixin.py:137} INFO - [2026-02-13T22:30:10.121+0000] {dagbag.py:538} INFO - Filling up the DagBag from /home/airflow/.local/lib/python3.7/site-packages/airflow/example_dags/example_bash_operator.py
[2026-02-13T22:30:10.133+0000] {processor.py:753} INFO - DAG(s) dict_keys(['example_bash_operator']) retrieved from /home/airflow/.local/lib/python3.7/site-packages/airflow/example_dags/example_bash_operator.py
[2026-02-13T22:30:10.160+0000] {logging_mixin.py:137} INFO - [2026-02-13T22:30:10.160+0000] {dag.py:2690} INFO - Sync 1 DAGs
[2026-02-13T22:30:10.179+0000] {logging_mixin.py:137} INFO - [2026-02-13T22:30:10.179+0000] {dag.py:3441} INFO - Setting next_dagrun for example_bash_operator to 2026-02-12T00:00:00+00:00, run_after=2026-02-13T00:00:00+00:00
[2026-02-13T22:30:10.191+0000] {processor.py:175} INFO - Processing /home/airflow/.local/lib/python3.7/site-packages/airflow/example_dags/example_bash_operator.py took 0.073 seconds
[2026-02-13T22:30:40.842+0000] {processor.py:153} INFO - Started process (PID=1719) to work on /home/airflow/.local/lib/python3.7/site-packages/airflow/example_dags/example_bash_operator.py
[2026-02-13T22:30:40.845+0000] {processor.py:743} INFO - Processing file /home/airflow/.local/lib/python3.7/site-packages/airflow/example_dags/example_bash_operator.py for tasks to queue
[2026-02-13T22:30:40.846+0000] {logging_mixin.py:137} INFO - [2026-02-13T22:30:40.846+0000] {dagbag.py:538} INFO - Filling up the DagBag from /home/airflow/.local/lib/python3.7/site-packages/airflow/example_dags/example_bash_operator.py
[2026-02-13T22:30:40.857+0000] {processor.py:753} INFO - DAG(s) dict_keys(['example_bash_operator']) retrieved from /home/airflow/.local/lib/python3.7/site-packages/airflow/example_dags/example_bash_operator.py
[2026-02-13T22:30:40.877+0000] {logging_mixin.py:137} INFO - [2026-02-13T22:30:40.877+0000] {dag.py:2690} INFO - Sync 1 DAGs
[2026-02-13T22:30:40.892+0000] {logging_mixin.py:137} INFO - [2026-02-13T22:30:40.892+0000] {dag.py:3441} INFO - Setting next_dagrun for example_bash_operator to 2026-02-12T00:00:00+00:00, run_after=2026-02-13T00:00:00+00:00
[2026-02-13T22:30:40.902+0000] {processor.py:175} INFO - Processing /home/airflow/.local/lib/python3.7/site-packages/airflow/example_dags/example_bash_operator.py took 0.061 seconds
[2026-02-13T22:31:11.382+0000] {processor.py:153} INFO - Started process (PID=1808) to work on /home/airflow/.local/lib/python3.7/site-packages/airflow/example_dags/example_bash_operator.py
[2026-02-13T22:31:11.382+0000] {processor.py:743} INFO - Processing file /home/airflow/.local/lib/python3.7/site-packages/airflow/example_dags/example_bash_operator.py for tasks to queue
[2026-02-13T22:31:11.383+0000] {logging_mixin.py:137} INFO - [2026-02-13T22:31:11.383+0000] {dagbag.py:538} INFO - Filling up the DagBag from /home/airflow/.local/lib/python3.7/site-packages/airflow/example_dags/example_bash_operator.py
[2026-02-13T22:31:11.392+0000] {processor.py:753} INFO - DAG(s) dict_keys(['example_bash_operator']) retrieved from /home/airflow/.local/lib/python3.7/site-packages/airflow/example_dags/example_bash_operator.py
[2026-02-13T22:31:11.407+0000] {logging_mixin.py:137} INFO - [2026-02-13T22:31:11.407+0000] {dag.py:2690} INFO - Sync 1 DAGs
[2026-02-13T22:31:11.418+0000] {logging_mixin.py:137} INFO - [2026-02-13T22:31:11.418+0000] {dag.py:3441} INFO - Setting next_dagrun for example_bash_operator to 2026-02-12T00:00:00+00:00, run_after=2026-02-13T00:00:00+00:00
[2026-02-13T22:31:11.424+0000] {processor.py:175} INFO - Processing /home/airflow/.local/lib/python3.7/site-packages/airflow/example_dags/example_bash_operator.py took 0.044 seconds
[2026-02-13T22:31:42.182+0000] {processor.py:153} INFO - Started process (PID=1897) to work on /home/airflow/.local/lib/python3.7/site-packages/airflow/example_dags/example_bash_operator.py
[2026-02-13T22:31:42.183+0000] {processor.py:743} INFO - Processing file /home/airflow/.local/lib/python3.7/site-packages/airflow/example_dags/example_bash_operator.py for tasks to queue
[2026-02-13T22:31:42.185+0000] {logging_mixin.py:137} INFO - [2026-02-13T22:31:42.185+0000] {dagbag.py:538} INFO - Filling up the DagBag from /home/airflow/.local/lib/python3.7/site-packages/airflow/example_dags/example_bash_operator.py
[2026-02-13T22:31:42.198+0000] {processor.py:753} INFO - DAG(s) dict_keys(['example_bash_operator']) retrieved from /home/airflow/.local/lib/python3.7/site-packages/airflow/example_dags/example_bash_operator.py
[2026-02-13T22:31:42.222+0000] {logging_mixin.py:137} INFO - [2026-02-13T22:31:42.222+0000] {dag.py:2690} INFO - Sync 1 DAGs
[2026-02-13T22:31:42.238+0000] {logging_mixin.py:137} INFO - [2026-02-13T22:31:42.238+0000] {dag.py:3441} INFO - Setting next_dagrun for example_bash_operator to 2026-02-12T00:00:00+00:00, run_after=2026-02-13T00:00:00+00:00
[2026-02-13T22:31:42.253+0000] {processor.py:175} INFO - Processing /home/airflow/.local/lib/python3.7/site-packages/airflow/example_dags/example_bash_operator.py took 0.073 seconds
[2026-02-13T22:32:13.344+0000] {processor.py:153} INFO - Started process (PID=1985) to work on /home/airflow/.local/lib/python3.7/site-packages/airflow/example_dags/example_bash_operator.py
[2026-02-13T22:32:13.346+0000] {processor.py:743} INFO - Processing file /home/airflow/.local/lib/python3.7/site-packages/airflow/example_dags/example_bash_operator.py for tasks to queue
[2026-02-13T22:32:13.349+0000] {logging_mixin.py:137} INFO - [2026-02-13T22:32:13.349+0000] {dagbag.py:538} INFO - Filling up the DagBag from /home/airflow/.local/lib/python3.7/site-packages/airflow/example_dags/example_bash_operator.py
[2026-02-13T22:32:13.363+0000] {processor.py:753} INFO - DAG(s) dict_keys(['example_bash_operator']) retrieved from /home/airflow/.local/lib/python3.7/site-packages/airflow/example_dags/example_bash_operator.py
[2026-02-13T22:32:13.387+0000] {logging_mixin.py:137} INFO - [2026-02-13T22:32:13.387+0000] {dag.py:2690} INFO - Sync 1 DAGs
[2026-02-13T22:32:13.408+0000] {logging_mixin.py:137} INFO - [2026-02-13T22:32:13.408+0000] {dag.py:3441} INFO - Setting next_dagrun for example_bash_operator to 2026-02-12T00:00:00+00:00, run_after=2026-02-13T00:00:00+00:00
[2026-02-13T22:32:13.434+0000] {processor.py:175} INFO - Processing /home/airflow/.local/lib/python3.7/site-packages/airflow/example_dags/example_bash_operator.py took 0.094 seconds
[2026-02-13T22:32:44.372+0000] {processor.py:153} INFO - Started process (PID=2058) to work on /home/airflow/.local/lib/python3.7/site-packages/airflow/example_dags/example_bash_operator.py
[2026-02-13T22:32:44.375+0000] {processor.py:743} INFO - Processing file /home/airflow/.local/lib/python3.7/site-packages/airflow/example_dags/example_bash_operator.py for tasks to queue
[2026-02-13T22:32:44.375+0000] {logging_mixin.py:137} INFO - [2026-02-13T22:32:44.375+0000] {dagbag.py:538} INFO - Filling up the DagBag from /home/airflow/.local/lib/python3.7/site-packages/airflow/example_dags/example_bash_operator.py
[2026-02-13T22:32:44.387+0000] {processor.py:753} INFO - DAG(s) dict_keys(['example_bash_operator']) retrieved from /home/airflow/.local/lib/python3.7/site-packages/airflow/example_dags/example_bash_operator.py
[2026-02-13T22:32:44.408+0000] {logging_mixin.py:137} INFO - [2026-02-13T22:32:44.408+0000] {dag.py:2690} INFO - Sync 1 DAGs
[2026-02-13T22:32:44.421+0000] {logging_mixin.py:137} INFO - [2026-02-13T22:32:44.421+0000] {dag.py:3441} INFO - Setting next_dagrun for example_bash_operator to 2026-02-12T00:00:00+00:00, run_after=2026-02-13T00:00:00+00:00
[2026-02-13T22:32:44.433+0000] {processor.py:175} INFO - Processing /home/airflow/.local/lib/python3.7/site-packages/airflow/example_dags/example_bash_operator.py took 0.064 seconds
[2026-02-13T22:34:04.926+0000] {processor.py:153} INFO - Started process (PID=109) to work on /home/airflow/.local/lib/python3.7/site-packages/airflow/example_dags/example_bash_operator.py
[2026-02-13T22:34:04.928+0000] {processor.py:743} INFO - Processing file /home/airflow/.local/lib/python3.7/site-packages/airflow/example_dags/example_bash_operator.py for tasks to queue
[2026-02-13T22:34:04.929+0000] {logging_mixin.py:137} INFO - [2026-02-13T22:34:04.929+0000] {dagbag.py:538} INFO - Filling up the DagBag from /home/airflow/.local/lib/python3.7/site-packages/airflow/example_dags/example_bash_operator.py
[2026-02-13T22:34:04.941+0000] {processor.py:753} INFO - DAG(s) dict_keys(['example_bash_operator']) retrieved from /home/airflow/.local/lib/python3.7/site-packages/airflow/example_dags/example_bash_operator.py
[2026-02-13T22:34:04.962+0000] {logging_mixin.py:137} INFO - [2026-02-13T22:34:04.962+0000] {dag.py:2690} INFO - Sync 1 DAGs
[2026-02-13T22:34:04.975+0000] {logging_mixin.py:137} INFO - [2026-02-13T22:34:04.975+0000] {dag.py:3441} INFO - Setting next_dagrun for example_bash_operator to 2026-02-12T00:00:00+00:00, run_after=2026-02-13T00:00:00+00:00
[2026-02-13T22:34:04.987+0000] {processor.py:175} INFO - Processing /home/airflow/.local/lib/python3.7/site-packages/airflow/example_dags/example_bash_operator.py took 0.062 seconds
[2026-02-13T22:34:35.812+0000] {processor.py:153} INFO - Started process (PID=200) to work on /home/airflow/.local/lib/python3.7/site-packages/airflow/example_dags/example_bash_operator.py
[2026-02-13T22:34:35.813+0000] {processor.py:743} INFO - Processing file /home/airflow/.local/lib/python3.7/site-packages/airflow/example_dags/example_bash_operator.py for tasks to queue
[2026-02-13T22:34:35.815+0000] {logging_mixin.py:137} INFO - [2026-02-13T22:34:35.815+0000] {dagbag.py:538} INFO - Filling up the DagBag from /home/airflow/.local/lib/python3.7/site-packages/airflow/example_dags/example_bash_operator.py
[2026-02-13T22:34:35.827+0000] {processor.py:753} INFO - DAG(s) dict_keys(['example_bash_operator']) retrieved from /home/airflow/.local/lib/python3.7/site-packages/airflow/example_dags/example_bash_operator.py
[2026-02-13T22:34:35.844+0000] {logging_mixin.py:137} INFO - [2026-02-13T22:34:35.844+0000] {dag.py:2690} INFO - Sync 1 DAGs
[2026-02-13T22:34:35.860+0000] {logging_mixin.py:137} INFO - [2026-02-13T22:34:35.860+0000] {dag.py:3441} INFO - Setting next_dagrun for example_bash_operator to 2026-02-12T00:00:00+00:00, run_after=2026-02-13T00:00:00+00:00
[2026-02-13T22:34:35.871+0000] {processor.py:175} INFO - Processing /home/airflow/.local/lib/python3.7/site-packages/airflow/example_dags/example_bash_operator.py took 0.060 seconds
[2026-02-13T22:35:06.779+0000] {processor.py:153} INFO - Started process (PID=275) to work on /home/airflow/.local/lib/python3.7/site-packages/airflow/example_dags/example_bash_operator.py
[2026-02-13T22:35:06.780+0000] {processor.py:743} INFO - Processing file /home/airflow/.local/lib/python3.7/site-packages/airflow/example_dags/example_bash_operator.py for tasks to queue
[2026-02-13T22:35:06.780+0000] {logging_mixin.py:137} INFO - [2026-02-13T22:35:06.780+0000] {dagbag.py:538} INFO - Filling up the DagBag from /home/airflow/.local/lib/python3.7/site-packages/airflow/example_dags/example_bash_operator.py
[2026-02-13T22:35:06.790+0000] {processor.py:753} INFO - DAG(s) dict_keys(['example_bash_operator']) retrieved from /home/airflow/.local/lib/python3.7/site-packages/airflow/example_dags/example_bash_operator.py
[2026-02-13T22:35:06.808+0000] {logging_mixin.py:137} INFO - [2026-02-13T22:35:06.808+0000] {dag.py:2690} INFO - Sync 1 DAGs
[2026-02-13T22:35:06.821+0000] {logging_mixin.py:137} INFO - [2026-02-13T22:35:06.821+0000] {dag.py:3441} INFO - Setting next_dagrun for example_bash_operator to 2026-02-12T00:00:00+00:00, run_after=2026-02-13T00:00:00+00:00
[2026-02-13T22:35:06.833+0000] {processor.py:175} INFO - Processing /home/airflow/.local/lib/python3.7/site-packages/airflow/example_dags/example_bash_operator.py took 0.055 seconds
[2026-02-13T22:35:37.589+0000] {processor.py:153} INFO - Started process (PID=367) to work on /home/airflow/.local/lib/python3.7/site-packages/airflow/example_dags/example_bash_operator.py
[2026-02-13T22:35:37.590+0000] {processor.py:743} INFO - Processing file /home/airflow/.local/lib/python3.7/site-packages/airflow/example_dags/example_bash_operator.py for tasks to queue
[2026-02-13T22:35:37.592+0000] {logging_mixin.py:137} INFO - [2026-02-13T22:35:37.592+0000] {dagbag.py:538} INFO - Filling up the DagBag from /home/airflow/.local/lib/python3.7/site-packages/airflow/example_dags/example_bash_operator.py
[2026-02-13T22:35:37.605+0000] {processor.py:753} INFO - DAG(s) dict_keys(['example_bash_operator']) retrieved from /home/airflow/.local/lib/python3.7/site-packages/airflow/example_dags/example_bash_operator.py
[2026-02-13T22:35:37.623+0000] {logging_mixin.py:137} INFO - [2026-02-13T22:35:37.623+0000] {dag.py:2690} INFO - Sync 1 DAGs
[2026-02-13T22:35:37.638+0000] {logging_mixin.py:137} INFO - [2026-02-13T22:35:37.638+0000] {dag.py:3441} INFO - Setting next_dagrun for example_bash_operator to 2026-02-12T00:00:00+00:00, run_after=2026-02-13T00:00:00+00:00
[2026-02-13T22:35:37.648+0000] {processor.py:175} INFO - Processing /home/airflow/.local/lib/python3.7/site-packages/airflow/example_dags/example_bash_operator.py took 0.060 seconds
[2026-02-13T22:36:08.526+0000] {processor.py:153} INFO - Started process (PID=458) to work on /home/airflow/.local/lib/python3.7/site-packages/airflow/example_dags/example_bash_operator.py
[2026-02-13T22:36:08.526+0000] {processor.py:743} INFO - Processing file /home/airflow/.local/lib/python3.7/site-packages/airflow/example_dags/example_bash_operator.py for tasks to queue
[2026-02-13T22:36:08.527+0000] {logging_mixin.py:137} INFO - [2026-02-13T22:36:08.527+0000] {dagbag.py:538} INFO - Filling up the DagBag from /home/airflow/.local/lib/python3.7/site-packages/airflow/example_dags/example_bash_operator.py
[2026-02-13T22:36:08.537+0000] {processor.py:753} INFO - DAG(s) dict_keys(['example_bash_operator']) retrieved from /home/airflow/.local/lib/python3.7/site-packages/airflow/example_dags/example_bash_operator.py
[2026-02-13T22:36:08.556+0000] {logging_mixin.py:137} INFO - [2026-02-13T22:36:08.556+0000] {dag.py:2690} INFO - Sync 1 DAGs
[2026-02-13T22:36:08.572+0000] {logging_mixin.py:137} INFO - [2026-02-13T22:36:08.572+0000] {dag.py:3441} INFO - Setting next_dagrun for example_bash_operator to 2026-02-12T00:00:00+00:00, run_after=2026-02-13T00:00:00+00:00
[2026-02-13T22:36:08.586+0000] {processor.py:175} INFO - Processing /home/airflow/.local/lib/python3.7/site-packages/airflow/example_dags/example_bash_operator.py took 0.062 seconds
[2026-02-13T22:36:39.291+0000] {processor.py:153} INFO - Started process (PID=550) to work on /home/airflow/.local/lib/python3.7/site-packages/airflow/example_dags/example_bash_operator.py
[2026-02-13T22:36:39.292+0000] {processor.py:743} INFO - Processing file /home/airflow/.local/lib/python3.7/site-packages/airflow/example_dags/example_bash_operator.py for tasks to queue
[2026-02-13T22:36:39.292+0000] {logging_mixin.py:137} INFO - [2026-02-13T22:36:39.292+0000] {dagbag.py:538} INFO - Filling up the DagBag from /home/airflow/.local/lib/python3.7/site-packages/airflow/example_dags/example_bash_operator.py
[2026-02-13T22:36:39.304+0000] {processor.py:753} INFO - DAG(s) dict_keys(['example_bash_operator']) retrieved from /home/airflow/.local/lib/python3.7/site-packages/airflow/example_dags/example_bash_operator.py
[2026-02-13T22:36:39.324+0000] {logging_mixin.py:137} INFO - [2026-02-13T22:36:39.324+0000] {dag.py:2690} INFO - Sync 1 DAGs
[2026-02-13T22:36:39.338+0000] {logging_mixin.py:137} INFO - [2026-02-13T22:36:39.338+0000] {dag.py:3441} INFO - Setting next_dagrun for example_bash_operator to 2026-02-12T00:00:00+00:00, run_after=2026-02-13T00:00:00+00:00
[2026-02-13T22:36:39.346+0000] {processor.py:175} INFO - Processing /home/airflow/.local/lib/python3.7/site-packages/airflow/example_dags/example_bash_operator.py took 0.056 seconds
