[2026-02-13T21:49:31.153+0000] {processor.py:153} INFO - Started process (PID=40) to work on /home/airflow/.local/lib/python3.7/site-packages/airflow/example_dags/example_dynamic_task_mapping.py
[2026-02-13T21:49:31.155+0000] {processor.py:743} INFO - Processing file /home/airflow/.local/lib/python3.7/site-packages/airflow/example_dags/example_dynamic_task_mapping.py for tasks to queue
[2026-02-13T21:49:31.155+0000] {logging_mixin.py:137} INFO - [2026-02-13T21:49:31.155+0000] {dagbag.py:538} INFO - Filling up the DagBag from /home/airflow/.local/lib/python3.7/site-packages/airflow/example_dags/example_dynamic_task_mapping.py
[2026-02-13T21:49:31.189+0000] {processor.py:753} INFO - DAG(s) dict_keys(['example_dynamic_task_mapping']) retrieved from /home/airflow/.local/lib/python3.7/site-packages/airflow/example_dags/example_dynamic_task_mapping.py
[2026-02-13T21:49:31.203+0000] {logging_mixin.py:137} INFO - [2026-02-13T21:49:31.203+0000] {dag.py:2690} INFO - Sync 1 DAGs
[2026-02-13T21:49:31.218+0000] {logging_mixin.py:137} INFO - [2026-02-13T21:49:31.218+0000] {dag.py:3441} INFO - Setting next_dagrun for example_dynamic_task_mapping to 2022-03-04T00:00:00+00:00, run_after=2022-03-05T00:00:00+00:00
[2026-02-13T21:49:31.229+0000] {processor.py:175} INFO - Processing /home/airflow/.local/lib/python3.7/site-packages/airflow/example_dags/example_dynamic_task_mapping.py took 0.077 seconds
[2026-02-13T21:50:01.960+0000] {processor.py:153} INFO - Started process (PID=128) to work on /home/airflow/.local/lib/python3.7/site-packages/airflow/example_dags/example_dynamic_task_mapping.py
[2026-02-13T21:50:01.961+0000] {processor.py:743} INFO - Processing file /home/airflow/.local/lib/python3.7/site-packages/airflow/example_dags/example_dynamic_task_mapping.py for tasks to queue
[2026-02-13T21:50:01.962+0000] {logging_mixin.py:137} INFO - [2026-02-13T21:50:01.962+0000] {dagbag.py:538} INFO - Filling up the DagBag from /home/airflow/.local/lib/python3.7/site-packages/airflow/example_dags/example_dynamic_task_mapping.py
[2026-02-13T21:50:01.987+0000] {processor.py:753} INFO - DAG(s) dict_keys(['example_dynamic_task_mapping']) retrieved from /home/airflow/.local/lib/python3.7/site-packages/airflow/example_dags/example_dynamic_task_mapping.py
[2026-02-13T21:50:02.005+0000] {logging_mixin.py:137} INFO - [2026-02-13T21:50:02.004+0000] {dag.py:2690} INFO - Sync 1 DAGs
[2026-02-13T21:50:02.018+0000] {logging_mixin.py:137} INFO - [2026-02-13T21:50:02.018+0000] {dag.py:3441} INFO - Setting next_dagrun for example_dynamic_task_mapping to 2022-03-04T00:00:00+00:00, run_after=2022-03-05T00:00:00+00:00
[2026-02-13T21:50:02.030+0000] {processor.py:175} INFO - Processing /home/airflow/.local/lib/python3.7/site-packages/airflow/example_dags/example_dynamic_task_mapping.py took 0.075 seconds
[2026-02-13T21:50:32.389+0000] {processor.py:153} INFO - Started process (PID=201) to work on /home/airflow/.local/lib/python3.7/site-packages/airflow/example_dags/example_dynamic_task_mapping.py
[2026-02-13T21:50:32.390+0000] {processor.py:743} INFO - Processing file /home/airflow/.local/lib/python3.7/site-packages/airflow/example_dags/example_dynamic_task_mapping.py for tasks to queue
[2026-02-13T21:50:32.392+0000] {logging_mixin.py:137} INFO - [2026-02-13T21:50:32.392+0000] {dagbag.py:538} INFO - Filling up the DagBag from /home/airflow/.local/lib/python3.7/site-packages/airflow/example_dags/example_dynamic_task_mapping.py
[2026-02-13T21:50:32.412+0000] {processor.py:753} INFO - DAG(s) dict_keys(['example_dynamic_task_mapping']) retrieved from /home/airflow/.local/lib/python3.7/site-packages/airflow/example_dags/example_dynamic_task_mapping.py
[2026-02-13T21:50:32.427+0000] {logging_mixin.py:137} INFO - [2026-02-13T21:50:32.427+0000] {dag.py:2690} INFO - Sync 1 DAGs
[2026-02-13T21:50:32.445+0000] {logging_mixin.py:137} INFO - [2026-02-13T21:50:32.444+0000] {dag.py:3441} INFO - Setting next_dagrun for example_dynamic_task_mapping to 2022-03-04T00:00:00+00:00, run_after=2022-03-05T00:00:00+00:00
[2026-02-13T21:50:32.463+0000] {processor.py:175} INFO - Processing /home/airflow/.local/lib/python3.7/site-packages/airflow/example_dags/example_dynamic_task_mapping.py took 0.076 seconds
[2026-02-13T21:51:03.107+0000] {processor.py:153} INFO - Started process (PID=289) to work on /home/airflow/.local/lib/python3.7/site-packages/airflow/example_dags/example_dynamic_task_mapping.py
[2026-02-13T21:51:03.108+0000] {processor.py:743} INFO - Processing file /home/airflow/.local/lib/python3.7/site-packages/airflow/example_dags/example_dynamic_task_mapping.py for tasks to queue
[2026-02-13T21:51:03.109+0000] {logging_mixin.py:137} INFO - [2026-02-13T21:51:03.109+0000] {dagbag.py:538} INFO - Filling up the DagBag from /home/airflow/.local/lib/python3.7/site-packages/airflow/example_dags/example_dynamic_task_mapping.py
[2026-02-13T21:51:03.129+0000] {processor.py:753} INFO - DAG(s) dict_keys(['example_dynamic_task_mapping']) retrieved from /home/airflow/.local/lib/python3.7/site-packages/airflow/example_dags/example_dynamic_task_mapping.py
[2026-02-13T21:51:03.145+0000] {logging_mixin.py:137} INFO - [2026-02-13T21:51:03.145+0000] {dag.py:2690} INFO - Sync 1 DAGs
[2026-02-13T21:51:03.162+0000] {logging_mixin.py:137} INFO - [2026-02-13T21:51:03.162+0000] {dag.py:3441} INFO - Setting next_dagrun for example_dynamic_task_mapping to 2022-03-04T00:00:00+00:00, run_after=2022-03-05T00:00:00+00:00
[2026-02-13T21:51:03.175+0000] {processor.py:175} INFO - Processing /home/airflow/.local/lib/python3.7/site-packages/airflow/example_dags/example_dynamic_task_mapping.py took 0.071 seconds
[2026-02-13T21:51:33.546+0000] {processor.py:153} INFO - Started process (PID=377) to work on /home/airflow/.local/lib/python3.7/site-packages/airflow/example_dags/example_dynamic_task_mapping.py
[2026-02-13T21:51:33.546+0000] {processor.py:743} INFO - Processing file /home/airflow/.local/lib/python3.7/site-packages/airflow/example_dags/example_dynamic_task_mapping.py for tasks to queue
[2026-02-13T21:51:33.548+0000] {logging_mixin.py:137} INFO - [2026-02-13T21:51:33.548+0000] {dagbag.py:538} INFO - Filling up the DagBag from /home/airflow/.local/lib/python3.7/site-packages/airflow/example_dags/example_dynamic_task_mapping.py
[2026-02-13T21:51:33.572+0000] {processor.py:753} INFO - DAG(s) dict_keys(['example_dynamic_task_mapping']) retrieved from /home/airflow/.local/lib/python3.7/site-packages/airflow/example_dags/example_dynamic_task_mapping.py
[2026-02-13T21:51:33.587+0000] {logging_mixin.py:137} INFO - [2026-02-13T21:51:33.587+0000] {dag.py:2690} INFO - Sync 1 DAGs
[2026-02-13T21:51:33.602+0000] {logging_mixin.py:137} INFO - [2026-02-13T21:51:33.602+0000] {dag.py:3441} INFO - Setting next_dagrun for example_dynamic_task_mapping to 2022-03-04T00:00:00+00:00, run_after=2022-03-05T00:00:00+00:00
[2026-02-13T21:51:33.619+0000] {processor.py:175} INFO - Processing /home/airflow/.local/lib/python3.7/site-packages/airflow/example_dags/example_dynamic_task_mapping.py took 0.077 seconds
[2026-02-13T21:52:03.993+0000] {processor.py:153} INFO - Started process (PID=465) to work on /home/airflow/.local/lib/python3.7/site-packages/airflow/example_dags/example_dynamic_task_mapping.py
[2026-02-13T21:52:03.995+0000] {processor.py:743} INFO - Processing file /home/airflow/.local/lib/python3.7/site-packages/airflow/example_dags/example_dynamic_task_mapping.py for tasks to queue
[2026-02-13T21:52:03.996+0000] {logging_mixin.py:137} INFO - [2026-02-13T21:52:03.996+0000] {dagbag.py:538} INFO - Filling up the DagBag from /home/airflow/.local/lib/python3.7/site-packages/airflow/example_dags/example_dynamic_task_mapping.py
[2026-02-13T21:52:04.015+0000] {processor.py:753} INFO - DAG(s) dict_keys(['example_dynamic_task_mapping']) retrieved from /home/airflow/.local/lib/python3.7/site-packages/airflow/example_dags/example_dynamic_task_mapping.py
[2026-02-13T21:52:04.030+0000] {logging_mixin.py:137} INFO - [2026-02-13T21:52:04.030+0000] {dag.py:2690} INFO - Sync 1 DAGs
[2026-02-13T21:52:04.043+0000] {logging_mixin.py:137} INFO - [2026-02-13T21:52:04.043+0000] {dag.py:3441} INFO - Setting next_dagrun for example_dynamic_task_mapping to 2022-03-04T00:00:00+00:00, run_after=2022-03-05T00:00:00+00:00
[2026-02-13T21:52:04.055+0000] {processor.py:175} INFO - Processing /home/airflow/.local/lib/python3.7/site-packages/airflow/example_dags/example_dynamic_task_mapping.py took 0.065 seconds
[2026-02-13T21:52:34.378+0000] {processor.py:153} INFO - Started process (PID=546) to work on /home/airflow/.local/lib/python3.7/site-packages/airflow/example_dags/example_dynamic_task_mapping.py
[2026-02-13T21:52:34.378+0000] {processor.py:743} INFO - Processing file /home/airflow/.local/lib/python3.7/site-packages/airflow/example_dags/example_dynamic_task_mapping.py for tasks to queue
[2026-02-13T21:52:34.379+0000] {logging_mixin.py:137} INFO - [2026-02-13T21:52:34.379+0000] {dagbag.py:538} INFO - Filling up the DagBag from /home/airflow/.local/lib/python3.7/site-packages/airflow/example_dags/example_dynamic_task_mapping.py
[2026-02-13T21:52:34.393+0000] {processor.py:753} INFO - DAG(s) dict_keys(['example_dynamic_task_mapping']) retrieved from /home/airflow/.local/lib/python3.7/site-packages/airflow/example_dags/example_dynamic_task_mapping.py
[2026-02-13T21:52:34.413+0000] {logging_mixin.py:137} INFO - [2026-02-13T21:52:34.413+0000] {dag.py:2690} INFO - Sync 1 DAGs
[2026-02-13T21:52:34.427+0000] {logging_mixin.py:137} INFO - [2026-02-13T21:52:34.427+0000] {dag.py:3441} INFO - Setting next_dagrun for example_dynamic_task_mapping to 2022-03-04T00:00:00+00:00, run_after=2022-03-05T00:00:00+00:00
[2026-02-13T21:52:34.438+0000] {processor.py:175} INFO - Processing /home/airflow/.local/lib/python3.7/site-packages/airflow/example_dags/example_dynamic_task_mapping.py took 0.062 seconds
[2026-02-13T21:53:05.022+0000] {processor.py:153} INFO - Started process (PID=624) to work on /home/airflow/.local/lib/python3.7/site-packages/airflow/example_dags/example_dynamic_task_mapping.py
[2026-02-13T21:53:05.024+0000] {processor.py:743} INFO - Processing file /home/airflow/.local/lib/python3.7/site-packages/airflow/example_dags/example_dynamic_task_mapping.py for tasks to queue
[2026-02-13T21:53:05.024+0000] {logging_mixin.py:137} INFO - [2026-02-13T21:53:05.024+0000] {dagbag.py:538} INFO - Filling up the DagBag from /home/airflow/.local/lib/python3.7/site-packages/airflow/example_dags/example_dynamic_task_mapping.py
[2026-02-13T21:53:05.042+0000] {processor.py:753} INFO - DAG(s) dict_keys(['example_dynamic_task_mapping']) retrieved from /home/airflow/.local/lib/python3.7/site-packages/airflow/example_dags/example_dynamic_task_mapping.py
[2026-02-13T21:53:05.055+0000] {logging_mixin.py:137} INFO - [2026-02-13T21:53:05.055+0000] {dag.py:2690} INFO - Sync 1 DAGs
[2026-02-13T21:53:05.069+0000] {logging_mixin.py:137} INFO - [2026-02-13T21:53:05.069+0000] {dag.py:3441} INFO - Setting next_dagrun for example_dynamic_task_mapping to 2022-03-04T00:00:00+00:00, run_after=2022-03-05T00:00:00+00:00
[2026-02-13T21:53:05.081+0000] {processor.py:175} INFO - Processing /home/airflow/.local/lib/python3.7/site-packages/airflow/example_dags/example_dynamic_task_mapping.py took 0.060 seconds
[2026-02-13T21:53:35.455+0000] {processor.py:153} INFO - Started process (PID=712) to work on /home/airflow/.local/lib/python3.7/site-packages/airflow/example_dags/example_dynamic_task_mapping.py
[2026-02-13T21:53:35.457+0000] {processor.py:743} INFO - Processing file /home/airflow/.local/lib/python3.7/site-packages/airflow/example_dags/example_dynamic_task_mapping.py for tasks to queue
[2026-02-13T21:53:35.458+0000] {logging_mixin.py:137} INFO - [2026-02-13T21:53:35.458+0000] {dagbag.py:538} INFO - Filling up the DagBag from /home/airflow/.local/lib/python3.7/site-packages/airflow/example_dags/example_dynamic_task_mapping.py
[2026-02-13T21:53:35.484+0000] {processor.py:753} INFO - DAG(s) dict_keys(['example_dynamic_task_mapping']) retrieved from /home/airflow/.local/lib/python3.7/site-packages/airflow/example_dags/example_dynamic_task_mapping.py
[2026-02-13T21:53:35.501+0000] {logging_mixin.py:137} INFO - [2026-02-13T21:53:35.501+0000] {dag.py:2690} INFO - Sync 1 DAGs
[2026-02-13T21:53:35.520+0000] {logging_mixin.py:137} INFO - [2026-02-13T21:53:35.520+0000] {dag.py:3441} INFO - Setting next_dagrun for example_dynamic_task_mapping to 2022-03-04T00:00:00+00:00, run_after=2022-03-05T00:00:00+00:00
[2026-02-13T21:53:35.542+0000] {processor.py:175} INFO - Processing /home/airflow/.local/lib/python3.7/site-packages/airflow/example_dags/example_dynamic_task_mapping.py took 0.091 seconds
[2026-02-13T21:54:05.946+0000] {processor.py:153} INFO - Started process (PID=800) to work on /home/airflow/.local/lib/python3.7/site-packages/airflow/example_dags/example_dynamic_task_mapping.py
[2026-02-13T21:54:05.947+0000] {processor.py:743} INFO - Processing file /home/airflow/.local/lib/python3.7/site-packages/airflow/example_dags/example_dynamic_task_mapping.py for tasks to queue
[2026-02-13T21:54:05.948+0000] {logging_mixin.py:137} INFO - [2026-02-13T21:54:05.948+0000] {dagbag.py:538} INFO - Filling up the DagBag from /home/airflow/.local/lib/python3.7/site-packages/airflow/example_dags/example_dynamic_task_mapping.py
[2026-02-13T21:54:05.965+0000] {processor.py:753} INFO - DAG(s) dict_keys(['example_dynamic_task_mapping']) retrieved from /home/airflow/.local/lib/python3.7/site-packages/airflow/example_dags/example_dynamic_task_mapping.py
[2026-02-13T21:54:05.981+0000] {logging_mixin.py:137} INFO - [2026-02-13T21:54:05.981+0000] {dag.py:2690} INFO - Sync 1 DAGs
[2026-02-13T21:54:05.995+0000] {logging_mixin.py:137} INFO - [2026-02-13T21:54:05.995+0000] {dag.py:3441} INFO - Setting next_dagrun for example_dynamic_task_mapping to 2022-03-04T00:00:00+00:00, run_after=2022-03-05T00:00:00+00:00
[2026-02-13T21:54:06.006+0000] {processor.py:175} INFO - Processing /home/airflow/.local/lib/python3.7/site-packages/airflow/example_dags/example_dynamic_task_mapping.py took 0.062 seconds
[2026-02-13T21:54:36.369+0000] {processor.py:153} INFO - Started process (PID=881) to work on /home/airflow/.local/lib/python3.7/site-packages/airflow/example_dags/example_dynamic_task_mapping.py
[2026-02-13T21:54:36.370+0000] {processor.py:743} INFO - Processing file /home/airflow/.local/lib/python3.7/site-packages/airflow/example_dags/example_dynamic_task_mapping.py for tasks to queue
[2026-02-13T21:54:36.370+0000] {logging_mixin.py:137} INFO - [2026-02-13T21:54:36.370+0000] {dagbag.py:538} INFO - Filling up the DagBag from /home/airflow/.local/lib/python3.7/site-packages/airflow/example_dags/example_dynamic_task_mapping.py
[2026-02-13T21:54:36.380+0000] {processor.py:753} INFO - DAG(s) dict_keys(['example_dynamic_task_mapping']) retrieved from /home/airflow/.local/lib/python3.7/site-packages/airflow/example_dags/example_dynamic_task_mapping.py
[2026-02-13T21:54:36.391+0000] {logging_mixin.py:137} INFO - [2026-02-13T21:54:36.391+0000] {dag.py:2690} INFO - Sync 1 DAGs
[2026-02-13T21:54:36.406+0000] {logging_mixin.py:137} INFO - [2026-02-13T21:54:36.406+0000] {dag.py:3441} INFO - Setting next_dagrun for example_dynamic_task_mapping to 2022-03-04T00:00:00+00:00, run_after=2022-03-05T00:00:00+00:00
[2026-02-13T21:54:36.419+0000] {processor.py:175} INFO - Processing /home/airflow/.local/lib/python3.7/site-packages/airflow/example_dags/example_dynamic_task_mapping.py took 0.052 seconds
[2026-02-13T21:55:07.044+0000] {processor.py:153} INFO - Started process (PID=960) to work on /home/airflow/.local/lib/python3.7/site-packages/airflow/example_dags/example_dynamic_task_mapping.py
[2026-02-13T21:55:07.046+0000] {processor.py:743} INFO - Processing file /home/airflow/.local/lib/python3.7/site-packages/airflow/example_dags/example_dynamic_task_mapping.py for tasks to queue
[2026-02-13T21:55:07.047+0000] {logging_mixin.py:137} INFO - [2026-02-13T21:55:07.047+0000] {dagbag.py:538} INFO - Filling up the DagBag from /home/airflow/.local/lib/python3.7/site-packages/airflow/example_dags/example_dynamic_task_mapping.py
[2026-02-13T21:55:07.076+0000] {processor.py:753} INFO - DAG(s) dict_keys(['example_dynamic_task_mapping']) retrieved from /home/airflow/.local/lib/python3.7/site-packages/airflow/example_dags/example_dynamic_task_mapping.py
[2026-02-13T21:55:07.094+0000] {logging_mixin.py:137} INFO - [2026-02-13T21:55:07.094+0000] {dag.py:2690} INFO - Sync 1 DAGs
[2026-02-13T21:55:07.110+0000] {logging_mixin.py:137} INFO - [2026-02-13T21:55:07.110+0000] {dag.py:3441} INFO - Setting next_dagrun for example_dynamic_task_mapping to 2022-03-04T00:00:00+00:00, run_after=2022-03-05T00:00:00+00:00
[2026-02-13T21:55:07.130+0000] {processor.py:175} INFO - Processing /home/airflow/.local/lib/python3.7/site-packages/airflow/example_dags/example_dynamic_task_mapping.py took 0.088 seconds
[2026-02-13T21:55:37.576+0000] {processor.py:153} INFO - Started process (PID=1048) to work on /home/airflow/.local/lib/python3.7/site-packages/airflow/example_dags/example_dynamic_task_mapping.py
[2026-02-13T21:55:37.578+0000] {processor.py:743} INFO - Processing file /home/airflow/.local/lib/python3.7/site-packages/airflow/example_dags/example_dynamic_task_mapping.py for tasks to queue
[2026-02-13T21:55:37.579+0000] {logging_mixin.py:137} INFO - [2026-02-13T21:55:37.579+0000] {dagbag.py:538} INFO - Filling up the DagBag from /home/airflow/.local/lib/python3.7/site-packages/airflow/example_dags/example_dynamic_task_mapping.py
[2026-02-13T21:55:37.604+0000] {processor.py:753} INFO - DAG(s) dict_keys(['example_dynamic_task_mapping']) retrieved from /home/airflow/.local/lib/python3.7/site-packages/airflow/example_dags/example_dynamic_task_mapping.py
[2026-02-13T21:55:37.622+0000] {logging_mixin.py:137} INFO - [2026-02-13T21:55:37.622+0000] {dag.py:2690} INFO - Sync 1 DAGs
[2026-02-13T21:55:37.638+0000] {logging_mixin.py:137} INFO - [2026-02-13T21:55:37.638+0000] {dag.py:3441} INFO - Setting next_dagrun for example_dynamic_task_mapping to 2022-03-04T00:00:00+00:00, run_after=2022-03-05T00:00:00+00:00
[2026-02-13T21:55:37.653+0000] {processor.py:175} INFO - Processing /home/airflow/.local/lib/python3.7/site-packages/airflow/example_dags/example_dynamic_task_mapping.py took 0.080 seconds
[2026-02-13T21:56:08.072+0000] {processor.py:153} INFO - Started process (PID=1136) to work on /home/airflow/.local/lib/python3.7/site-packages/airflow/example_dags/example_dynamic_task_mapping.py
[2026-02-13T21:56:08.073+0000] {processor.py:743} INFO - Processing file /home/airflow/.local/lib/python3.7/site-packages/airflow/example_dags/example_dynamic_task_mapping.py for tasks to queue
[2026-02-13T21:56:08.075+0000] {logging_mixin.py:137} INFO - [2026-02-13T21:56:08.075+0000] {dagbag.py:538} INFO - Filling up the DagBag from /home/airflow/.local/lib/python3.7/site-packages/airflow/example_dags/example_dynamic_task_mapping.py
[2026-02-13T21:56:08.087+0000] {processor.py:753} INFO - DAG(s) dict_keys(['example_dynamic_task_mapping']) retrieved from /home/airflow/.local/lib/python3.7/site-packages/airflow/example_dags/example_dynamic_task_mapping.py
[2026-02-13T21:56:08.105+0000] {logging_mixin.py:137} INFO - [2026-02-13T21:56:08.105+0000] {dag.py:2690} INFO - Sync 1 DAGs
[2026-02-13T21:56:08.123+0000] {logging_mixin.py:137} INFO - [2026-02-13T21:56:08.123+0000] {dag.py:3441} INFO - Setting next_dagrun for example_dynamic_task_mapping to 2022-03-04T00:00:00+00:00, run_after=2022-03-05T00:00:00+00:00
[2026-02-13T21:56:08.142+0000] {processor.py:175} INFO - Processing /home/airflow/.local/lib/python3.7/site-packages/airflow/example_dags/example_dynamic_task_mapping.py took 0.072 seconds
[2026-02-13T21:56:38.574+0000] {processor.py:153} INFO - Started process (PID=1224) to work on /home/airflow/.local/lib/python3.7/site-packages/airflow/example_dags/example_dynamic_task_mapping.py
[2026-02-13T21:56:38.575+0000] {processor.py:743} INFO - Processing file /home/airflow/.local/lib/python3.7/site-packages/airflow/example_dags/example_dynamic_task_mapping.py for tasks to queue
[2026-02-13T21:56:38.580+0000] {logging_mixin.py:137} INFO - [2026-02-13T21:56:38.580+0000] {dagbag.py:538} INFO - Filling up the DagBag from /home/airflow/.local/lib/python3.7/site-packages/airflow/example_dags/example_dynamic_task_mapping.py
[2026-02-13T21:56:38.602+0000] {processor.py:753} INFO - DAG(s) dict_keys(['example_dynamic_task_mapping']) retrieved from /home/airflow/.local/lib/python3.7/site-packages/airflow/example_dags/example_dynamic_task_mapping.py
[2026-02-13T21:56:38.648+0000] {logging_mixin.py:137} INFO - [2026-02-13T21:56:38.647+0000] {dag.py:2690} INFO - Sync 1 DAGs
[2026-02-13T21:56:38.678+0000] {logging_mixin.py:137} INFO - [2026-02-13T21:56:38.678+0000] {dag.py:3441} INFO - Setting next_dagrun for example_dynamic_task_mapping to 2022-03-04T00:00:00+00:00, run_after=2022-03-05T00:00:00+00:00
[2026-02-13T21:56:38.704+0000] {processor.py:175} INFO - Processing /home/airflow/.local/lib/python3.7/site-packages/airflow/example_dags/example_dynamic_task_mapping.py took 0.133 seconds
[2026-02-13T22:01:03.251+0000] {processor.py:153} INFO - Started process (PID=38) to work on /home/airflow/.local/lib/python3.7/site-packages/airflow/example_dags/example_dynamic_task_mapping.py
[2026-02-13T22:01:03.253+0000] {processor.py:743} INFO - Processing file /home/airflow/.local/lib/python3.7/site-packages/airflow/example_dags/example_dynamic_task_mapping.py for tasks to queue
[2026-02-13T22:01:03.257+0000] {logging_mixin.py:137} INFO - [2026-02-13T22:01:03.256+0000] {dagbag.py:538} INFO - Filling up the DagBag from /home/airflow/.local/lib/python3.7/site-packages/airflow/example_dags/example_dynamic_task_mapping.py
[2026-02-13T22:01:03.293+0000] {processor.py:753} INFO - DAG(s) dict_keys(['example_dynamic_task_mapping']) retrieved from /home/airflow/.local/lib/python3.7/site-packages/airflow/example_dags/example_dynamic_task_mapping.py
[2026-02-13T22:01:03.304+0000] {logging_mixin.py:137} INFO - [2026-02-13T22:01:03.304+0000] {dag.py:2690} INFO - Sync 1 DAGs
[2026-02-13T22:01:03.316+0000] {logging_mixin.py:137} INFO - [2026-02-13T22:01:03.316+0000] {dag.py:3441} INFO - Setting next_dagrun for example_dynamic_task_mapping to 2022-03-04T00:00:00+00:00, run_after=2022-03-05T00:00:00+00:00
[2026-02-13T22:01:03.333+0000] {processor.py:175} INFO - Processing /home/airflow/.local/lib/python3.7/site-packages/airflow/example_dags/example_dynamic_task_mapping.py took 0.084 seconds
[2026-02-13T22:01:34.080+0000] {processor.py:153} INFO - Started process (PID=125) to work on /home/airflow/.local/lib/python3.7/site-packages/airflow/example_dags/example_dynamic_task_mapping.py
[2026-02-13T22:01:34.083+0000] {processor.py:743} INFO - Processing file /home/airflow/.local/lib/python3.7/site-packages/airflow/example_dags/example_dynamic_task_mapping.py for tasks to queue
[2026-02-13T22:01:34.084+0000] {logging_mixin.py:137} INFO - [2026-02-13T22:01:34.083+0000] {dagbag.py:538} INFO - Filling up the DagBag from /home/airflow/.local/lib/python3.7/site-packages/airflow/example_dags/example_dynamic_task_mapping.py
[2026-02-13T22:01:34.103+0000] {processor.py:753} INFO - DAG(s) dict_keys(['example_dynamic_task_mapping']) retrieved from /home/airflow/.local/lib/python3.7/site-packages/airflow/example_dags/example_dynamic_task_mapping.py
[2026-02-13T22:01:34.121+0000] {logging_mixin.py:137} INFO - [2026-02-13T22:01:34.121+0000] {dag.py:2690} INFO - Sync 1 DAGs
[2026-02-13T22:01:34.138+0000] {logging_mixin.py:137} INFO - [2026-02-13T22:01:34.138+0000] {dag.py:3441} INFO - Setting next_dagrun for example_dynamic_task_mapping to 2022-03-04T00:00:00+00:00, run_after=2022-03-05T00:00:00+00:00
[2026-02-13T22:01:34.155+0000] {processor.py:175} INFO - Processing /home/airflow/.local/lib/python3.7/site-packages/airflow/example_dags/example_dynamic_task_mapping.py took 0.078 seconds
[2026-02-13T22:02:04.608+0000] {processor.py:153} INFO - Started process (PID=215) to work on /home/airflow/.local/lib/python3.7/site-packages/airflow/example_dags/example_dynamic_task_mapping.py
[2026-02-13T22:02:04.609+0000] {processor.py:743} INFO - Processing file /home/airflow/.local/lib/python3.7/site-packages/airflow/example_dags/example_dynamic_task_mapping.py for tasks to queue
[2026-02-13T22:02:04.610+0000] {logging_mixin.py:137} INFO - [2026-02-13T22:02:04.610+0000] {dagbag.py:538} INFO - Filling up the DagBag from /home/airflow/.local/lib/python3.7/site-packages/airflow/example_dags/example_dynamic_task_mapping.py
[2026-02-13T22:02:04.623+0000] {processor.py:753} INFO - DAG(s) dict_keys(['example_dynamic_task_mapping']) retrieved from /home/airflow/.local/lib/python3.7/site-packages/airflow/example_dags/example_dynamic_task_mapping.py
[2026-02-13T22:02:04.645+0000] {logging_mixin.py:137} INFO - [2026-02-13T22:02:04.645+0000] {dag.py:2690} INFO - Sync 1 DAGs
[2026-02-13T22:02:04.662+0000] {logging_mixin.py:137} INFO - [2026-02-13T22:02:04.662+0000] {dag.py:3441} INFO - Setting next_dagrun for example_dynamic_task_mapping to 2022-03-04T00:00:00+00:00, run_after=2022-03-05T00:00:00+00:00
[2026-02-13T22:02:04.679+0000] {processor.py:175} INFO - Processing /home/airflow/.local/lib/python3.7/site-packages/airflow/example_dags/example_dynamic_task_mapping.py took 0.073 seconds
[2026-02-13T22:02:35.172+0000] {processor.py:153} INFO - Started process (PID=287) to work on /home/airflow/.local/lib/python3.7/site-packages/airflow/example_dags/example_dynamic_task_mapping.py
[2026-02-13T22:02:35.172+0000] {processor.py:743} INFO - Processing file /home/airflow/.local/lib/python3.7/site-packages/airflow/example_dags/example_dynamic_task_mapping.py for tasks to queue
[2026-02-13T22:02:35.173+0000] {logging_mixin.py:137} INFO - [2026-02-13T22:02:35.173+0000] {dagbag.py:538} INFO - Filling up the DagBag from /home/airflow/.local/lib/python3.7/site-packages/airflow/example_dags/example_dynamic_task_mapping.py
[2026-02-13T22:02:35.189+0000] {processor.py:753} INFO - DAG(s) dict_keys(['example_dynamic_task_mapping']) retrieved from /home/airflow/.local/lib/python3.7/site-packages/airflow/example_dags/example_dynamic_task_mapping.py
[2026-02-13T22:02:35.205+0000] {logging_mixin.py:137} INFO - [2026-02-13T22:02:35.205+0000] {dag.py:2690} INFO - Sync 1 DAGs
[2026-02-13T22:02:35.216+0000] {logging_mixin.py:137} INFO - [2026-02-13T22:02:35.216+0000] {dag.py:3441} INFO - Setting next_dagrun for example_dynamic_task_mapping to 2022-03-04T00:00:00+00:00, run_after=2022-03-05T00:00:00+00:00
[2026-02-13T22:02:35.230+0000] {processor.py:175} INFO - Processing /home/airflow/.local/lib/python3.7/site-packages/airflow/example_dags/example_dynamic_task_mapping.py took 0.061 seconds
[2026-02-13T22:03:29.456+0000] {processor.py:153} INFO - Started process (PID=38) to work on /home/airflow/.local/lib/python3.7/site-packages/airflow/example_dags/example_dynamic_task_mapping.py
[2026-02-13T22:03:29.458+0000] {processor.py:743} INFO - Processing file /home/airflow/.local/lib/python3.7/site-packages/airflow/example_dags/example_dynamic_task_mapping.py for tasks to queue
[2026-02-13T22:03:29.459+0000] {logging_mixin.py:137} INFO - [2026-02-13T22:03:29.459+0000] {dagbag.py:538} INFO - Filling up the DagBag from /home/airflow/.local/lib/python3.7/site-packages/airflow/example_dags/example_dynamic_task_mapping.py
[2026-02-13T22:03:29.499+0000] {processor.py:753} INFO - DAG(s) dict_keys(['example_dynamic_task_mapping']) retrieved from /home/airflow/.local/lib/python3.7/site-packages/airflow/example_dags/example_dynamic_task_mapping.py
[2026-02-13T22:03:29.515+0000] {logging_mixin.py:137} INFO - [2026-02-13T22:03:29.515+0000] {dag.py:2690} INFO - Sync 1 DAGs
[2026-02-13T22:03:29.531+0000] {logging_mixin.py:137} INFO - [2026-02-13T22:03:29.531+0000] {dag.py:3441} INFO - Setting next_dagrun for example_dynamic_task_mapping to 2022-03-04T00:00:00+00:00, run_after=2022-03-05T00:00:00+00:00
[2026-02-13T22:03:29.545+0000] {processor.py:175} INFO - Processing /home/airflow/.local/lib/python3.7/site-packages/airflow/example_dags/example_dynamic_task_mapping.py took 0.090 seconds
[2026-02-13T22:04:00.297+0000] {processor.py:153} INFO - Started process (PID=125) to work on /home/airflow/.local/lib/python3.7/site-packages/airflow/example_dags/example_dynamic_task_mapping.py
[2026-02-13T22:04:00.298+0000] {processor.py:743} INFO - Processing file /home/airflow/.local/lib/python3.7/site-packages/airflow/example_dags/example_dynamic_task_mapping.py for tasks to queue
[2026-02-13T22:04:00.300+0000] {logging_mixin.py:137} INFO - [2026-02-13T22:04:00.300+0000] {dagbag.py:538} INFO - Filling up the DagBag from /home/airflow/.local/lib/python3.7/site-packages/airflow/example_dags/example_dynamic_task_mapping.py
[2026-02-13T22:04:00.326+0000] {processor.py:753} INFO - DAG(s) dict_keys(['example_dynamic_task_mapping']) retrieved from /home/airflow/.local/lib/python3.7/site-packages/airflow/example_dags/example_dynamic_task_mapping.py
[2026-02-13T22:04:00.346+0000] {logging_mixin.py:137} INFO - [2026-02-13T22:04:00.346+0000] {dag.py:2690} INFO - Sync 1 DAGs
[2026-02-13T22:04:00.361+0000] {logging_mixin.py:137} INFO - [2026-02-13T22:04:00.360+0000] {dag.py:3441} INFO - Setting next_dagrun for example_dynamic_task_mapping to 2022-03-04T00:00:00+00:00, run_after=2022-03-05T00:00:00+00:00
[2026-02-13T22:04:00.376+0000] {processor.py:175} INFO - Processing /home/airflow/.local/lib/python3.7/site-packages/airflow/example_dags/example_dynamic_task_mapping.py took 0.082 seconds
[2026-02-13T22:04:31.224+0000] {processor.py:153} INFO - Started process (PID=197) to work on /home/airflow/.local/lib/python3.7/site-packages/airflow/example_dags/example_dynamic_task_mapping.py
[2026-02-13T22:04:31.224+0000] {processor.py:743} INFO - Processing file /home/airflow/.local/lib/python3.7/site-packages/airflow/example_dags/example_dynamic_task_mapping.py for tasks to queue
[2026-02-13T22:04:31.225+0000] {logging_mixin.py:137} INFO - [2026-02-13T22:04:31.225+0000] {dagbag.py:538} INFO - Filling up the DagBag from /home/airflow/.local/lib/python3.7/site-packages/airflow/example_dags/example_dynamic_task_mapping.py
[2026-02-13T22:04:31.245+0000] {processor.py:753} INFO - DAG(s) dict_keys(['example_dynamic_task_mapping']) retrieved from /home/airflow/.local/lib/python3.7/site-packages/airflow/example_dags/example_dynamic_task_mapping.py
[2026-02-13T22:04:31.264+0000] {logging_mixin.py:137} INFO - [2026-02-13T22:04:31.264+0000] {dag.py:2690} INFO - Sync 1 DAGs
[2026-02-13T22:04:31.280+0000] {logging_mixin.py:137} INFO - [2026-02-13T22:04:31.279+0000] {dag.py:3441} INFO - Setting next_dagrun for example_dynamic_task_mapping to 2022-03-04T00:00:00+00:00, run_after=2022-03-05T00:00:00+00:00
[2026-02-13T22:04:31.296+0000] {processor.py:175} INFO - Processing /home/airflow/.local/lib/python3.7/site-packages/airflow/example_dags/example_dynamic_task_mapping.py took 0.073 seconds
[2026-02-13T22:05:02.201+0000] {processor.py:153} INFO - Started process (PID=285) to work on /home/airflow/.local/lib/python3.7/site-packages/airflow/example_dags/example_dynamic_task_mapping.py
[2026-02-13T22:05:02.204+0000] {processor.py:743} INFO - Processing file /home/airflow/.local/lib/python3.7/site-packages/airflow/example_dags/example_dynamic_task_mapping.py for tasks to queue
[2026-02-13T22:05:02.206+0000] {logging_mixin.py:137} INFO - [2026-02-13T22:05:02.206+0000] {dagbag.py:538} INFO - Filling up the DagBag from /home/airflow/.local/lib/python3.7/site-packages/airflow/example_dags/example_dynamic_task_mapping.py
[2026-02-13T22:05:02.225+0000] {processor.py:753} INFO - DAG(s) dict_keys(['example_dynamic_task_mapping']) retrieved from /home/airflow/.local/lib/python3.7/site-packages/airflow/example_dags/example_dynamic_task_mapping.py
[2026-02-13T22:05:02.240+0000] {logging_mixin.py:137} INFO - [2026-02-13T22:05:02.240+0000] {dag.py:2690} INFO - Sync 1 DAGs
[2026-02-13T22:05:02.254+0000] {logging_mixin.py:137} INFO - [2026-02-13T22:05:02.254+0000] {dag.py:3441} INFO - Setting next_dagrun for example_dynamic_task_mapping to 2022-03-04T00:00:00+00:00, run_after=2022-03-05T00:00:00+00:00
[2026-02-13T22:05:02.268+0000] {processor.py:175} INFO - Processing /home/airflow/.local/lib/python3.7/site-packages/airflow/example_dags/example_dynamic_task_mapping.py took 0.069 seconds
[2026-02-13T22:05:32.742+0000] {processor.py:153} INFO - Started process (PID=373) to work on /home/airflow/.local/lib/python3.7/site-packages/airflow/example_dags/example_dynamic_task_mapping.py
[2026-02-13T22:05:32.744+0000] {processor.py:743} INFO - Processing file /home/airflow/.local/lib/python3.7/site-packages/airflow/example_dags/example_dynamic_task_mapping.py for tasks to queue
[2026-02-13T22:05:32.745+0000] {logging_mixin.py:137} INFO - [2026-02-13T22:05:32.744+0000] {dagbag.py:538} INFO - Filling up the DagBag from /home/airflow/.local/lib/python3.7/site-packages/airflow/example_dags/example_dynamic_task_mapping.py
[2026-02-13T22:05:32.776+0000] {processor.py:753} INFO - DAG(s) dict_keys(['example_dynamic_task_mapping']) retrieved from /home/airflow/.local/lib/python3.7/site-packages/airflow/example_dags/example_dynamic_task_mapping.py
[2026-02-13T22:05:32.791+0000] {logging_mixin.py:137} INFO - [2026-02-13T22:05:32.791+0000] {dag.py:2690} INFO - Sync 1 DAGs
[2026-02-13T22:05:32.805+0000] {logging_mixin.py:137} INFO - [2026-02-13T22:05:32.804+0000] {dag.py:3441} INFO - Setting next_dagrun for example_dynamic_task_mapping to 2022-03-04T00:00:00+00:00, run_after=2022-03-05T00:00:00+00:00
[2026-02-13T22:05:32.820+0000] {processor.py:175} INFO - Processing /home/airflow/.local/lib/python3.7/site-packages/airflow/example_dags/example_dynamic_task_mapping.py took 0.082 seconds
[2026-02-13T22:06:32.317+0000] {processor.py:153} INFO - Started process (PID=39) to work on /home/airflow/.local/lib/python3.7/site-packages/airflow/example_dags/example_dynamic_task_mapping.py
[2026-02-13T22:06:32.318+0000] {processor.py:743} INFO - Processing file /home/airflow/.local/lib/python3.7/site-packages/airflow/example_dags/example_dynamic_task_mapping.py for tasks to queue
[2026-02-13T22:06:32.321+0000] {logging_mixin.py:137} INFO - [2026-02-13T22:06:32.321+0000] {dagbag.py:538} INFO - Filling up the DagBag from /home/airflow/.local/lib/python3.7/site-packages/airflow/example_dags/example_dynamic_task_mapping.py
[2026-02-13T22:06:32.369+0000] {processor.py:753} INFO - DAG(s) dict_keys(['example_dynamic_task_mapping']) retrieved from /home/airflow/.local/lib/python3.7/site-packages/airflow/example_dags/example_dynamic_task_mapping.py
[2026-02-13T22:06:32.386+0000] {logging_mixin.py:137} INFO - [2026-02-13T22:06:32.385+0000] {dag.py:2690} INFO - Sync 1 DAGs
[2026-02-13T22:06:32.403+0000] {logging_mixin.py:137} INFO - [2026-02-13T22:06:32.402+0000] {dag.py:3441} INFO - Setting next_dagrun for example_dynamic_task_mapping to 2022-03-04T00:00:00+00:00, run_after=2022-03-05T00:00:00+00:00
[2026-02-13T22:06:32.417+0000] {processor.py:175} INFO - Processing /home/airflow/.local/lib/python3.7/site-packages/airflow/example_dags/example_dynamic_task_mapping.py took 0.103 seconds
[2026-02-13T22:07:02.451+0000] {processor.py:153} INFO - Started process (PID=127) to work on /home/airflow/.local/lib/python3.7/site-packages/airflow/example_dags/example_dynamic_task_mapping.py
[2026-02-13T22:07:02.451+0000] {processor.py:743} INFO - Processing file /home/airflow/.local/lib/python3.7/site-packages/airflow/example_dags/example_dynamic_task_mapping.py for tasks to queue
[2026-02-13T22:07:02.452+0000] {logging_mixin.py:137} INFO - [2026-02-13T22:07:02.452+0000] {dagbag.py:538} INFO - Filling up the DagBag from /home/airflow/.local/lib/python3.7/site-packages/airflow/example_dags/example_dynamic_task_mapping.py
[2026-02-13T22:07:02.482+0000] {processor.py:753} INFO - DAG(s) dict_keys(['example_dynamic_task_mapping']) retrieved from /home/airflow/.local/lib/python3.7/site-packages/airflow/example_dags/example_dynamic_task_mapping.py
[2026-02-13T22:07:02.501+0000] {logging_mixin.py:137} INFO - [2026-02-13T22:07:02.501+0000] {dag.py:2690} INFO - Sync 1 DAGs
[2026-02-13T22:07:02.518+0000] {logging_mixin.py:137} INFO - [2026-02-13T22:07:02.518+0000] {dag.py:3441} INFO - Setting next_dagrun for example_dynamic_task_mapping to 2022-03-04T00:00:00+00:00, run_after=2022-03-05T00:00:00+00:00
[2026-02-13T22:07:02.527+0000] {processor.py:175} INFO - Processing /home/airflow/.local/lib/python3.7/site-packages/airflow/example_dags/example_dynamic_task_mapping.py took 0.079 seconds
[2026-02-13T22:07:32.751+0000] {processor.py:153} INFO - Started process (PID=200) to work on /home/airflow/.local/lib/python3.7/site-packages/airflow/example_dags/example_dynamic_task_mapping.py
[2026-02-13T22:07:32.754+0000] {processor.py:743} INFO - Processing file /home/airflow/.local/lib/python3.7/site-packages/airflow/example_dags/example_dynamic_task_mapping.py for tasks to queue
[2026-02-13T22:07:32.754+0000] {logging_mixin.py:137} INFO - [2026-02-13T22:07:32.754+0000] {dagbag.py:538} INFO - Filling up the DagBag from /home/airflow/.local/lib/python3.7/site-packages/airflow/example_dags/example_dynamic_task_mapping.py
[2026-02-13T22:07:32.768+0000] {processor.py:753} INFO - DAG(s) dict_keys(['example_dynamic_task_mapping']) retrieved from /home/airflow/.local/lib/python3.7/site-packages/airflow/example_dags/example_dynamic_task_mapping.py
[2026-02-13T22:07:32.783+0000] {logging_mixin.py:137} INFO - [2026-02-13T22:07:32.783+0000] {dag.py:2690} INFO - Sync 1 DAGs
[2026-02-13T22:07:32.797+0000] {logging_mixin.py:137} INFO - [2026-02-13T22:07:32.797+0000] {dag.py:3441} INFO - Setting next_dagrun for example_dynamic_task_mapping to 2022-03-04T00:00:00+00:00, run_after=2022-03-05T00:00:00+00:00
[2026-02-13T22:07:32.808+0000] {processor.py:175} INFO - Processing /home/airflow/.local/lib/python3.7/site-packages/airflow/example_dags/example_dynamic_task_mapping.py took 0.059 seconds
[2026-02-13T22:08:03.681+0000] {processor.py:153} INFO - Started process (PID=289) to work on /home/airflow/.local/lib/python3.7/site-packages/airflow/example_dags/example_dynamic_task_mapping.py
[2026-02-13T22:08:03.682+0000] {processor.py:743} INFO - Processing file /home/airflow/.local/lib/python3.7/site-packages/airflow/example_dags/example_dynamic_task_mapping.py for tasks to queue
[2026-02-13T22:08:03.682+0000] {logging_mixin.py:137} INFO - [2026-02-13T22:08:03.682+0000] {dagbag.py:538} INFO - Filling up the DagBag from /home/airflow/.local/lib/python3.7/site-packages/airflow/example_dags/example_dynamic_task_mapping.py
[2026-02-13T22:08:03.697+0000] {processor.py:753} INFO - DAG(s) dict_keys(['example_dynamic_task_mapping']) retrieved from /home/airflow/.local/lib/python3.7/site-packages/airflow/example_dags/example_dynamic_task_mapping.py
[2026-02-13T22:08:03.714+0000] {logging_mixin.py:137} INFO - [2026-02-13T22:08:03.714+0000] {dag.py:2690} INFO - Sync 1 DAGs
[2026-02-13T22:08:03.728+0000] {logging_mixin.py:137} INFO - [2026-02-13T22:08:03.727+0000] {dag.py:3441} INFO - Setting next_dagrun for example_dynamic_task_mapping to 2022-03-04T00:00:00+00:00, run_after=2022-03-05T00:00:00+00:00
[2026-02-13T22:08:03.740+0000] {processor.py:175} INFO - Processing /home/airflow/.local/lib/python3.7/site-packages/airflow/example_dags/example_dynamic_task_mapping.py took 0.063 seconds
[2026-02-13T22:08:34.381+0000] {processor.py:153} INFO - Started process (PID=378) to work on /home/airflow/.local/lib/python3.7/site-packages/airflow/example_dags/example_dynamic_task_mapping.py
[2026-02-13T22:08:34.382+0000] {processor.py:743} INFO - Processing file /home/airflow/.local/lib/python3.7/site-packages/airflow/example_dags/example_dynamic_task_mapping.py for tasks to queue
[2026-02-13T22:08:34.382+0000] {logging_mixin.py:137} INFO - [2026-02-13T22:08:34.382+0000] {dagbag.py:538} INFO - Filling up the DagBag from /home/airflow/.local/lib/python3.7/site-packages/airflow/example_dags/example_dynamic_task_mapping.py
[2026-02-13T22:08:34.400+0000] {processor.py:753} INFO - DAG(s) dict_keys(['example_dynamic_task_mapping']) retrieved from /home/airflow/.local/lib/python3.7/site-packages/airflow/example_dags/example_dynamic_task_mapping.py
[2026-02-13T22:08:34.416+0000] {logging_mixin.py:137} INFO - [2026-02-13T22:08:34.416+0000] {dag.py:2690} INFO - Sync 1 DAGs
[2026-02-13T22:08:34.429+0000] {logging_mixin.py:137} INFO - [2026-02-13T22:08:34.429+0000] {dag.py:3441} INFO - Setting next_dagrun for example_dynamic_task_mapping to 2022-03-04T00:00:00+00:00, run_after=2022-03-05T00:00:00+00:00
[2026-02-13T22:08:34.440+0000] {processor.py:175} INFO - Processing /home/airflow/.local/lib/python3.7/site-packages/airflow/example_dags/example_dynamic_task_mapping.py took 0.063 seconds
[2026-02-13T22:09:05.084+0000] {processor.py:153} INFO - Started process (PID=467) to work on /home/airflow/.local/lib/python3.7/site-packages/airflow/example_dags/example_dynamic_task_mapping.py
[2026-02-13T22:09:05.085+0000] {processor.py:743} INFO - Processing file /home/airflow/.local/lib/python3.7/site-packages/airflow/example_dags/example_dynamic_task_mapping.py for tasks to queue
[2026-02-13T22:09:05.086+0000] {logging_mixin.py:137} INFO - [2026-02-13T22:09:05.086+0000] {dagbag.py:538} INFO - Filling up the DagBag from /home/airflow/.local/lib/python3.7/site-packages/airflow/example_dags/example_dynamic_task_mapping.py
[2026-02-13T22:09:05.105+0000] {processor.py:753} INFO - DAG(s) dict_keys(['example_dynamic_task_mapping']) retrieved from /home/airflow/.local/lib/python3.7/site-packages/airflow/example_dags/example_dynamic_task_mapping.py
[2026-02-13T22:09:05.124+0000] {logging_mixin.py:137} INFO - [2026-02-13T22:09:05.124+0000] {dag.py:2690} INFO - Sync 1 DAGs
[2026-02-13T22:09:05.140+0000] {logging_mixin.py:137} INFO - [2026-02-13T22:09:05.140+0000] {dag.py:3441} INFO - Setting next_dagrun for example_dynamic_task_mapping to 2022-03-04T00:00:00+00:00, run_after=2022-03-05T00:00:00+00:00
[2026-02-13T22:09:05.150+0000] {processor.py:175} INFO - Processing /home/airflow/.local/lib/python3.7/site-packages/airflow/example_dags/example_dynamic_task_mapping.py took 0.069 seconds
[2026-02-13T22:09:35.696+0000] {processor.py:153} INFO - Started process (PID=548) to work on /home/airflow/.local/lib/python3.7/site-packages/airflow/example_dags/example_dynamic_task_mapping.py
[2026-02-13T22:09:35.697+0000] {processor.py:743} INFO - Processing file /home/airflow/.local/lib/python3.7/site-packages/airflow/example_dags/example_dynamic_task_mapping.py for tasks to queue
[2026-02-13T22:09:35.697+0000] {logging_mixin.py:137} INFO - [2026-02-13T22:09:35.697+0000] {dagbag.py:538} INFO - Filling up the DagBag from /home/airflow/.local/lib/python3.7/site-packages/airflow/example_dags/example_dynamic_task_mapping.py
[2026-02-13T22:09:35.710+0000] {processor.py:753} INFO - DAG(s) dict_keys(['example_dynamic_task_mapping']) retrieved from /home/airflow/.local/lib/python3.7/site-packages/airflow/example_dags/example_dynamic_task_mapping.py
[2026-02-13T22:09:35.724+0000] {logging_mixin.py:137} INFO - [2026-02-13T22:09:35.724+0000] {dag.py:2690} INFO - Sync 1 DAGs
[2026-02-13T22:09:35.738+0000] {logging_mixin.py:137} INFO - [2026-02-13T22:09:35.738+0000] {dag.py:3441} INFO - Setting next_dagrun for example_dynamic_task_mapping to 2022-03-04T00:00:00+00:00, run_after=2022-03-05T00:00:00+00:00
[2026-02-13T22:09:35.751+0000] {processor.py:175} INFO - Processing /home/airflow/.local/lib/python3.7/site-packages/airflow/example_dags/example_dynamic_task_mapping.py took 0.056 seconds
[2026-02-13T22:10:06.301+0000] {processor.py:153} INFO - Started process (PID=628) to work on /home/airflow/.local/lib/python3.7/site-packages/airflow/example_dags/example_dynamic_task_mapping.py
[2026-02-13T22:10:06.302+0000] {processor.py:743} INFO - Processing file /home/airflow/.local/lib/python3.7/site-packages/airflow/example_dags/example_dynamic_task_mapping.py for tasks to queue
[2026-02-13T22:10:06.304+0000] {logging_mixin.py:137} INFO - [2026-02-13T22:10:06.304+0000] {dagbag.py:538} INFO - Filling up the DagBag from /home/airflow/.local/lib/python3.7/site-packages/airflow/example_dags/example_dynamic_task_mapping.py
[2026-02-13T22:10:06.324+0000] {processor.py:753} INFO - DAG(s) dict_keys(['example_dynamic_task_mapping']) retrieved from /home/airflow/.local/lib/python3.7/site-packages/airflow/example_dags/example_dynamic_task_mapping.py
[2026-02-13T22:10:06.340+0000] {logging_mixin.py:137} INFO - [2026-02-13T22:10:06.340+0000] {dag.py:2690} INFO - Sync 1 DAGs
[2026-02-13T22:10:06.354+0000] {logging_mixin.py:137} INFO - [2026-02-13T22:10:06.354+0000] {dag.py:3441} INFO - Setting next_dagrun for example_dynamic_task_mapping to 2022-03-04T00:00:00+00:00, run_after=2022-03-05T00:00:00+00:00
[2026-02-13T22:10:06.365+0000] {processor.py:175} INFO - Processing /home/airflow/.local/lib/python3.7/site-packages/airflow/example_dags/example_dynamic_task_mapping.py took 0.069 seconds
[2026-02-13T22:10:36.925+0000] {processor.py:153} INFO - Started process (PID=716) to work on /home/airflow/.local/lib/python3.7/site-packages/airflow/example_dags/example_dynamic_task_mapping.py
[2026-02-13T22:10:36.928+0000] {processor.py:743} INFO - Processing file /home/airflow/.local/lib/python3.7/site-packages/airflow/example_dags/example_dynamic_task_mapping.py for tasks to queue
[2026-02-13T22:10:36.929+0000] {logging_mixin.py:137} INFO - [2026-02-13T22:10:36.928+0000] {dagbag.py:538} INFO - Filling up the DagBag from /home/airflow/.local/lib/python3.7/site-packages/airflow/example_dags/example_dynamic_task_mapping.py
[2026-02-13T22:10:36.943+0000] {processor.py:753} INFO - DAG(s) dict_keys(['example_dynamic_task_mapping']) retrieved from /home/airflow/.local/lib/python3.7/site-packages/airflow/example_dags/example_dynamic_task_mapping.py
[2026-02-13T22:10:36.959+0000] {logging_mixin.py:137} INFO - [2026-02-13T22:10:36.959+0000] {dag.py:2690} INFO - Sync 1 DAGs
[2026-02-13T22:10:36.973+0000] {logging_mixin.py:137} INFO - [2026-02-13T22:10:36.973+0000] {dag.py:3441} INFO - Setting next_dagrun for example_dynamic_task_mapping to 2022-03-04T00:00:00+00:00, run_after=2022-03-05T00:00:00+00:00
[2026-02-13T22:10:36.983+0000] {processor.py:175} INFO - Processing /home/airflow/.local/lib/python3.7/site-packages/airflow/example_dags/example_dynamic_task_mapping.py took 0.063 seconds
[2026-02-13T22:11:07.465+0000] {processor.py:153} INFO - Started process (PID=805) to work on /home/airflow/.local/lib/python3.7/site-packages/airflow/example_dags/example_dynamic_task_mapping.py
[2026-02-13T22:11:07.467+0000] {processor.py:743} INFO - Processing file /home/airflow/.local/lib/python3.7/site-packages/airflow/example_dags/example_dynamic_task_mapping.py for tasks to queue
[2026-02-13T22:11:07.467+0000] {logging_mixin.py:137} INFO - [2026-02-13T22:11:07.467+0000] {dagbag.py:538} INFO - Filling up the DagBag from /home/airflow/.local/lib/python3.7/site-packages/airflow/example_dags/example_dynamic_task_mapping.py
[2026-02-13T22:11:07.488+0000] {processor.py:753} INFO - DAG(s) dict_keys(['example_dynamic_task_mapping']) retrieved from /home/airflow/.local/lib/python3.7/site-packages/airflow/example_dags/example_dynamic_task_mapping.py
[2026-02-13T22:11:07.503+0000] {logging_mixin.py:137} INFO - [2026-02-13T22:11:07.503+0000] {dag.py:2690} INFO - Sync 1 DAGs
[2026-02-13T22:11:07.519+0000] {logging_mixin.py:137} INFO - [2026-02-13T22:11:07.518+0000] {dag.py:3441} INFO - Setting next_dagrun for example_dynamic_task_mapping to 2022-03-04T00:00:00+00:00, run_after=2022-03-05T00:00:00+00:00
[2026-02-13T22:11:07.531+0000] {processor.py:175} INFO - Processing /home/airflow/.local/lib/python3.7/site-packages/airflow/example_dags/example_dynamic_task_mapping.py took 0.070 seconds
[2026-02-13T22:11:38.120+0000] {processor.py:153} INFO - Started process (PID=893) to work on /home/airflow/.local/lib/python3.7/site-packages/airflow/example_dags/example_dynamic_task_mapping.py
[2026-02-13T22:11:38.121+0000] {processor.py:743} INFO - Processing file /home/airflow/.local/lib/python3.7/site-packages/airflow/example_dags/example_dynamic_task_mapping.py for tasks to queue
[2026-02-13T22:11:38.122+0000] {logging_mixin.py:137} INFO - [2026-02-13T22:11:38.122+0000] {dagbag.py:538} INFO - Filling up the DagBag from /home/airflow/.local/lib/python3.7/site-packages/airflow/example_dags/example_dynamic_task_mapping.py
[2026-02-13T22:11:38.136+0000] {processor.py:753} INFO - DAG(s) dict_keys(['example_dynamic_task_mapping']) retrieved from /home/airflow/.local/lib/python3.7/site-packages/airflow/example_dags/example_dynamic_task_mapping.py
[2026-02-13T22:11:38.148+0000] {logging_mixin.py:137} INFO - [2026-02-13T22:11:38.148+0000] {dag.py:2690} INFO - Sync 1 DAGs
[2026-02-13T22:11:38.161+0000] {logging_mixin.py:137} INFO - [2026-02-13T22:11:38.161+0000] {dag.py:3441} INFO - Setting next_dagrun for example_dynamic_task_mapping to 2022-03-04T00:00:00+00:00, run_after=2022-03-05T00:00:00+00:00
[2026-02-13T22:11:38.171+0000] {processor.py:175} INFO - Processing /home/airflow/.local/lib/python3.7/site-packages/airflow/example_dags/example_dynamic_task_mapping.py took 0.053 seconds
[2026-02-13T22:12:08.711+0000] {processor.py:153} INFO - Started process (PID=966) to work on /home/airflow/.local/lib/python3.7/site-packages/airflow/example_dags/example_dynamic_task_mapping.py
[2026-02-13T22:12:08.712+0000] {processor.py:743} INFO - Processing file /home/airflow/.local/lib/python3.7/site-packages/airflow/example_dags/example_dynamic_task_mapping.py for tasks to queue
[2026-02-13T22:12:08.713+0000] {logging_mixin.py:137} INFO - [2026-02-13T22:12:08.713+0000] {dagbag.py:538} INFO - Filling up the DagBag from /home/airflow/.local/lib/python3.7/site-packages/airflow/example_dags/example_dynamic_task_mapping.py
[2026-02-13T22:12:08.730+0000] {processor.py:753} INFO - DAG(s) dict_keys(['example_dynamic_task_mapping']) retrieved from /home/airflow/.local/lib/python3.7/site-packages/airflow/example_dags/example_dynamic_task_mapping.py
[2026-02-13T22:12:08.752+0000] {logging_mixin.py:137} INFO - [2026-02-13T22:12:08.752+0000] {dag.py:2690} INFO - Sync 1 DAGs
[2026-02-13T22:12:08.763+0000] {logging_mixin.py:137} INFO - [2026-02-13T22:12:08.763+0000] {dag.py:3441} INFO - Setting next_dagrun for example_dynamic_task_mapping to 2022-03-04T00:00:00+00:00, run_after=2022-03-05T00:00:00+00:00
[2026-02-13T22:12:08.772+0000] {processor.py:175} INFO - Processing /home/airflow/.local/lib/python3.7/site-packages/airflow/example_dags/example_dynamic_task_mapping.py took 0.064 seconds
[2026-02-13T22:12:39.298+0000] {processor.py:153} INFO - Started process (PID=1055) to work on /home/airflow/.local/lib/python3.7/site-packages/airflow/example_dags/example_dynamic_task_mapping.py
[2026-02-13T22:12:39.299+0000] {processor.py:743} INFO - Processing file /home/airflow/.local/lib/python3.7/site-packages/airflow/example_dags/example_dynamic_task_mapping.py for tasks to queue
[2026-02-13T22:12:39.300+0000] {logging_mixin.py:137} INFO - [2026-02-13T22:12:39.300+0000] {dagbag.py:538} INFO - Filling up the DagBag from /home/airflow/.local/lib/python3.7/site-packages/airflow/example_dags/example_dynamic_task_mapping.py
[2026-02-13T22:12:39.315+0000] {processor.py:753} INFO - DAG(s) dict_keys(['example_dynamic_task_mapping']) retrieved from /home/airflow/.local/lib/python3.7/site-packages/airflow/example_dags/example_dynamic_task_mapping.py
[2026-02-13T22:12:39.333+0000] {logging_mixin.py:137} INFO - [2026-02-13T22:12:39.333+0000] {dag.py:2690} INFO - Sync 1 DAGs
[2026-02-13T22:12:39.347+0000] {logging_mixin.py:137} INFO - [2026-02-13T22:12:39.347+0000] {dag.py:3441} INFO - Setting next_dagrun for example_dynamic_task_mapping to 2022-03-04T00:00:00+00:00, run_after=2022-03-05T00:00:00+00:00
[2026-02-13T22:12:39.360+0000] {processor.py:175} INFO - Processing /home/airflow/.local/lib/python3.7/site-packages/airflow/example_dags/example_dynamic_task_mapping.py took 0.065 seconds
[2026-02-13T22:20:56.231+0000] {processor.py:153} INFO - Started process (PID=78) to work on /home/airflow/.local/lib/python3.7/site-packages/airflow/example_dags/example_dynamic_task_mapping.py
[2026-02-13T22:20:56.233+0000] {processor.py:743} INFO - Processing file /home/airflow/.local/lib/python3.7/site-packages/airflow/example_dags/example_dynamic_task_mapping.py for tasks to queue
[2026-02-13T22:20:56.234+0000] {logging_mixin.py:137} INFO - [2026-02-13T22:20:56.234+0000] {dagbag.py:538} INFO - Filling up the DagBag from /home/airflow/.local/lib/python3.7/site-packages/airflow/example_dags/example_dynamic_task_mapping.py
[2026-02-13T22:20:56.276+0000] {processor.py:753} INFO - DAG(s) dict_keys(['example_dynamic_task_mapping']) retrieved from /home/airflow/.local/lib/python3.7/site-packages/airflow/example_dags/example_dynamic_task_mapping.py
[2026-02-13T22:20:56.288+0000] {logging_mixin.py:137} INFO - [2026-02-13T22:20:56.288+0000] {dag.py:2690} INFO - Sync 1 DAGs
[2026-02-13T22:20:56.306+0000] {logging_mixin.py:137} INFO - [2026-02-13T22:20:56.306+0000] {dag.py:3441} INFO - Setting next_dagrun for example_dynamic_task_mapping to 2022-03-04T00:00:00+00:00, run_after=2022-03-05T00:00:00+00:00
[2026-02-13T22:20:56.322+0000] {processor.py:175} INFO - Processing /home/airflow/.local/lib/python3.7/site-packages/airflow/example_dags/example_dynamic_task_mapping.py took 0.093 seconds
[2026-02-13T22:21:27.297+0000] {processor.py:153} INFO - Started process (PID=151) to work on /home/airflow/.local/lib/python3.7/site-packages/airflow/example_dags/example_dynamic_task_mapping.py
[2026-02-13T22:21:27.299+0000] {processor.py:743} INFO - Processing file /home/airflow/.local/lib/python3.7/site-packages/airflow/example_dags/example_dynamic_task_mapping.py for tasks to queue
[2026-02-13T22:21:27.300+0000] {logging_mixin.py:137} INFO - [2026-02-13T22:21:27.300+0000] {dagbag.py:538} INFO - Filling up the DagBag from /home/airflow/.local/lib/python3.7/site-packages/airflow/example_dags/example_dynamic_task_mapping.py
[2026-02-13T22:21:27.325+0000] {processor.py:753} INFO - DAG(s) dict_keys(['example_dynamic_task_mapping']) retrieved from /home/airflow/.local/lib/python3.7/site-packages/airflow/example_dags/example_dynamic_task_mapping.py
[2026-02-13T22:21:27.347+0000] {logging_mixin.py:137} INFO - [2026-02-13T22:21:27.347+0000] {dag.py:2690} INFO - Sync 1 DAGs
[2026-02-13T22:21:27.363+0000] {logging_mixin.py:137} INFO - [2026-02-13T22:21:27.363+0000] {dag.py:3441} INFO - Setting next_dagrun for example_dynamic_task_mapping to 2022-03-04T00:00:00+00:00, run_after=2022-03-05T00:00:00+00:00
[2026-02-13T22:21:27.384+0000] {processor.py:175} INFO - Processing /home/airflow/.local/lib/python3.7/site-packages/airflow/example_dags/example_dynamic_task_mapping.py took 0.089 seconds
[2026-02-13T22:21:58.179+0000] {processor.py:153} INFO - Started process (PID=241) to work on /home/airflow/.local/lib/python3.7/site-packages/airflow/example_dags/example_dynamic_task_mapping.py
[2026-02-13T22:21:58.181+0000] {processor.py:743} INFO - Processing file /home/airflow/.local/lib/python3.7/site-packages/airflow/example_dags/example_dynamic_task_mapping.py for tasks to queue
[2026-02-13T22:21:58.182+0000] {logging_mixin.py:137} INFO - [2026-02-13T22:21:58.181+0000] {dagbag.py:538} INFO - Filling up the DagBag from /home/airflow/.local/lib/python3.7/site-packages/airflow/example_dags/example_dynamic_task_mapping.py
[2026-02-13T22:21:58.213+0000] {processor.py:753} INFO - DAG(s) dict_keys(['example_dynamic_task_mapping']) retrieved from /home/airflow/.local/lib/python3.7/site-packages/airflow/example_dags/example_dynamic_task_mapping.py
[2026-02-13T22:21:58.238+0000] {logging_mixin.py:137} INFO - [2026-02-13T22:21:58.238+0000] {dag.py:2690} INFO - Sync 1 DAGs
[2026-02-13T22:21:58.259+0000] {logging_mixin.py:137} INFO - [2026-02-13T22:21:58.259+0000] {dag.py:3441} INFO - Setting next_dagrun for example_dynamic_task_mapping to 2022-03-04T00:00:00+00:00, run_after=2022-03-05T00:00:00+00:00
[2026-02-13T22:21:58.270+0000] {processor.py:175} INFO - Processing /home/airflow/.local/lib/python3.7/site-packages/airflow/example_dags/example_dynamic_task_mapping.py took 0.094 seconds
[2026-02-13T22:22:29.075+0000] {processor.py:153} INFO - Started process (PID=331) to work on /home/airflow/.local/lib/python3.7/site-packages/airflow/example_dags/example_dynamic_task_mapping.py
[2026-02-13T22:22:29.076+0000] {processor.py:743} INFO - Processing file /home/airflow/.local/lib/python3.7/site-packages/airflow/example_dags/example_dynamic_task_mapping.py for tasks to queue
[2026-02-13T22:22:29.076+0000] {logging_mixin.py:137} INFO - [2026-02-13T22:22:29.076+0000] {dagbag.py:538} INFO - Filling up the DagBag from /home/airflow/.local/lib/python3.7/site-packages/airflow/example_dags/example_dynamic_task_mapping.py
[2026-02-13T22:22:29.090+0000] {processor.py:753} INFO - DAG(s) dict_keys(['example_dynamic_task_mapping']) retrieved from /home/airflow/.local/lib/python3.7/site-packages/airflow/example_dags/example_dynamic_task_mapping.py
[2026-02-13T22:22:29.103+0000] {logging_mixin.py:137} INFO - [2026-02-13T22:22:29.103+0000] {dag.py:2690} INFO - Sync 1 DAGs
[2026-02-13T22:22:29.114+0000] {logging_mixin.py:137} INFO - [2026-02-13T22:22:29.114+0000] {dag.py:3441} INFO - Setting next_dagrun for example_dynamic_task_mapping to 2022-03-04T00:00:00+00:00, run_after=2022-03-05T00:00:00+00:00
[2026-02-13T22:22:29.121+0000] {processor.py:175} INFO - Processing /home/airflow/.local/lib/python3.7/site-packages/airflow/example_dags/example_dynamic_task_mapping.py took 0.048 seconds
[2026-02-13T22:22:59.672+0000] {processor.py:153} INFO - Started process (PID=420) to work on /home/airflow/.local/lib/python3.7/site-packages/airflow/example_dags/example_dynamic_task_mapping.py
[2026-02-13T22:22:59.673+0000] {processor.py:743} INFO - Processing file /home/airflow/.local/lib/python3.7/site-packages/airflow/example_dags/example_dynamic_task_mapping.py for tasks to queue
[2026-02-13T22:22:59.673+0000] {logging_mixin.py:137} INFO - [2026-02-13T22:22:59.673+0000] {dagbag.py:538} INFO - Filling up the DagBag from /home/airflow/.local/lib/python3.7/site-packages/airflow/example_dags/example_dynamic_task_mapping.py
[2026-02-13T22:22:59.692+0000] {processor.py:753} INFO - DAG(s) dict_keys(['example_dynamic_task_mapping']) retrieved from /home/airflow/.local/lib/python3.7/site-packages/airflow/example_dags/example_dynamic_task_mapping.py
[2026-02-13T22:22:59.709+0000] {logging_mixin.py:137} INFO - [2026-02-13T22:22:59.709+0000] {dag.py:2690} INFO - Sync 1 DAGs
[2026-02-13T22:22:59.722+0000] {logging_mixin.py:137} INFO - [2026-02-13T22:22:59.722+0000] {dag.py:3441} INFO - Setting next_dagrun for example_dynamic_task_mapping to 2022-03-04T00:00:00+00:00, run_after=2022-03-05T00:00:00+00:00
[2026-02-13T22:22:59.729+0000] {processor.py:175} INFO - Processing /home/airflow/.local/lib/python3.7/site-packages/airflow/example_dags/example_dynamic_task_mapping.py took 0.060 seconds
[2026-02-13T22:23:30.325+0000] {processor.py:153} INFO - Started process (PID=493) to work on /home/airflow/.local/lib/python3.7/site-packages/airflow/example_dags/example_dynamic_task_mapping.py
[2026-02-13T22:23:30.326+0000] {processor.py:743} INFO - Processing file /home/airflow/.local/lib/python3.7/site-packages/airflow/example_dags/example_dynamic_task_mapping.py for tasks to queue
[2026-02-13T22:23:30.326+0000] {logging_mixin.py:137} INFO - [2026-02-13T22:23:30.326+0000] {dagbag.py:538} INFO - Filling up the DagBag from /home/airflow/.local/lib/python3.7/site-packages/airflow/example_dags/example_dynamic_task_mapping.py
[2026-02-13T22:23:30.339+0000] {processor.py:753} INFO - DAG(s) dict_keys(['example_dynamic_task_mapping']) retrieved from /home/airflow/.local/lib/python3.7/site-packages/airflow/example_dags/example_dynamic_task_mapping.py
[2026-02-13T22:23:30.352+0000] {logging_mixin.py:137} INFO - [2026-02-13T22:23:30.352+0000] {dag.py:2690} INFO - Sync 1 DAGs
[2026-02-13T22:23:30.365+0000] {logging_mixin.py:137} INFO - [2026-02-13T22:23:30.365+0000] {dag.py:3441} INFO - Setting next_dagrun for example_dynamic_task_mapping to 2022-03-04T00:00:00+00:00, run_after=2022-03-05T00:00:00+00:00
[2026-02-13T22:23:30.373+0000] {processor.py:175} INFO - Processing /home/airflow/.local/lib/python3.7/site-packages/airflow/example_dags/example_dynamic_task_mapping.py took 0.049 seconds
[2026-02-13T22:24:01.059+0000] {processor.py:153} INFO - Started process (PID=581) to work on /home/airflow/.local/lib/python3.7/site-packages/airflow/example_dags/example_dynamic_task_mapping.py
[2026-02-13T22:24:01.060+0000] {processor.py:743} INFO - Processing file /home/airflow/.local/lib/python3.7/site-packages/airflow/example_dags/example_dynamic_task_mapping.py for tasks to queue
[2026-02-13T22:24:01.061+0000] {logging_mixin.py:137} INFO - [2026-02-13T22:24:01.061+0000] {dagbag.py:538} INFO - Filling up the DagBag from /home/airflow/.local/lib/python3.7/site-packages/airflow/example_dags/example_dynamic_task_mapping.py
[2026-02-13T22:24:01.082+0000] {processor.py:753} INFO - DAG(s) dict_keys(['example_dynamic_task_mapping']) retrieved from /home/airflow/.local/lib/python3.7/site-packages/airflow/example_dags/example_dynamic_task_mapping.py
[2026-02-13T22:24:01.104+0000] {logging_mixin.py:137} INFO - [2026-02-13T22:24:01.104+0000] {dag.py:2690} INFO - Sync 1 DAGs
[2026-02-13T22:24:01.119+0000] {logging_mixin.py:137} INFO - [2026-02-13T22:24:01.118+0000] {dag.py:3441} INFO - Setting next_dagrun for example_dynamic_task_mapping to 2022-03-04T00:00:00+00:00, run_after=2022-03-05T00:00:00+00:00
[2026-02-13T22:24:01.127+0000] {processor.py:175} INFO - Processing /home/airflow/.local/lib/python3.7/site-packages/airflow/example_dags/example_dynamic_task_mapping.py took 0.070 seconds
[2026-02-13T22:24:31.716+0000] {processor.py:153} INFO - Started process (PID=670) to work on /home/airflow/.local/lib/python3.7/site-packages/airflow/example_dags/example_dynamic_task_mapping.py
[2026-02-13T22:24:31.717+0000] {processor.py:743} INFO - Processing file /home/airflow/.local/lib/python3.7/site-packages/airflow/example_dags/example_dynamic_task_mapping.py for tasks to queue
[2026-02-13T22:24:31.718+0000] {logging_mixin.py:137} INFO - [2026-02-13T22:24:31.718+0000] {dagbag.py:538} INFO - Filling up the DagBag from /home/airflow/.local/lib/python3.7/site-packages/airflow/example_dags/example_dynamic_task_mapping.py
[2026-02-13T22:24:31.733+0000] {processor.py:753} INFO - DAG(s) dict_keys(['example_dynamic_task_mapping']) retrieved from /home/airflow/.local/lib/python3.7/site-packages/airflow/example_dags/example_dynamic_task_mapping.py
[2026-02-13T22:24:31.751+0000] {logging_mixin.py:137} INFO - [2026-02-13T22:24:31.751+0000] {dag.py:2690} INFO - Sync 1 DAGs
[2026-02-13T22:24:31.763+0000] {logging_mixin.py:137} INFO - [2026-02-13T22:24:31.763+0000] {dag.py:3441} INFO - Setting next_dagrun for example_dynamic_task_mapping to 2022-03-04T00:00:00+00:00, run_after=2022-03-05T00:00:00+00:00
[2026-02-13T22:24:31.771+0000] {processor.py:175} INFO - Processing /home/airflow/.local/lib/python3.7/site-packages/airflow/example_dags/example_dynamic_task_mapping.py took 0.058 seconds
[2026-02-13T22:25:02.460+0000] {processor.py:153} INFO - Started process (PID=759) to work on /home/airflow/.local/lib/python3.7/site-packages/airflow/example_dags/example_dynamic_task_mapping.py
[2026-02-13T22:25:02.461+0000] {processor.py:743} INFO - Processing file /home/airflow/.local/lib/python3.7/site-packages/airflow/example_dags/example_dynamic_task_mapping.py for tasks to queue
[2026-02-13T22:25:02.465+0000] {logging_mixin.py:137} INFO - [2026-02-13T22:25:02.464+0000] {dagbag.py:538} INFO - Filling up the DagBag from /home/airflow/.local/lib/python3.7/site-packages/airflow/example_dags/example_dynamic_task_mapping.py
[2026-02-13T22:25:02.484+0000] {processor.py:753} INFO - DAG(s) dict_keys(['example_dynamic_task_mapping']) retrieved from /home/airflow/.local/lib/python3.7/site-packages/airflow/example_dags/example_dynamic_task_mapping.py
[2026-02-13T22:25:02.506+0000] {logging_mixin.py:137} INFO - [2026-02-13T22:25:02.506+0000] {dag.py:2690} INFO - Sync 1 DAGs
[2026-02-13T22:25:02.528+0000] {logging_mixin.py:137} INFO - [2026-02-13T22:25:02.528+0000] {dag.py:3441} INFO - Setting next_dagrun for example_dynamic_task_mapping to 2022-03-04T00:00:00+00:00, run_after=2022-03-05T00:00:00+00:00
[2026-02-13T22:25:02.540+0000] {processor.py:175} INFO - Processing /home/airflow/.local/lib/python3.7/site-packages/airflow/example_dags/example_dynamic_task_mapping.py took 0.085 seconds
[2026-02-13T22:25:33.042+0000] {processor.py:153} INFO - Started process (PID=841) to work on /home/airflow/.local/lib/python3.7/site-packages/airflow/example_dags/example_dynamic_task_mapping.py
[2026-02-13T22:25:33.042+0000] {processor.py:743} INFO - Processing file /home/airflow/.local/lib/python3.7/site-packages/airflow/example_dags/example_dynamic_task_mapping.py for tasks to queue
[2026-02-13T22:25:33.043+0000] {logging_mixin.py:137} INFO - [2026-02-13T22:25:33.043+0000] {dagbag.py:538} INFO - Filling up the DagBag from /home/airflow/.local/lib/python3.7/site-packages/airflow/example_dags/example_dynamic_task_mapping.py
[2026-02-13T22:25:33.053+0000] {processor.py:753} INFO - DAG(s) dict_keys(['example_dynamic_task_mapping']) retrieved from /home/airflow/.local/lib/python3.7/site-packages/airflow/example_dags/example_dynamic_task_mapping.py
[2026-02-13T22:25:33.071+0000] {logging_mixin.py:137} INFO - [2026-02-13T22:25:33.071+0000] {dag.py:2690} INFO - Sync 1 DAGs
[2026-02-13T22:25:33.086+0000] {logging_mixin.py:137} INFO - [2026-02-13T22:25:33.086+0000] {dag.py:3441} INFO - Setting next_dagrun for example_dynamic_task_mapping to 2022-03-04T00:00:00+00:00, run_after=2022-03-05T00:00:00+00:00
[2026-02-13T22:25:33.095+0000] {processor.py:175} INFO - Processing /home/airflow/.local/lib/python3.7/site-packages/airflow/example_dags/example_dynamic_task_mapping.py took 0.054 seconds
[2026-02-13T22:26:03.849+0000] {processor.py:153} INFO - Started process (PID=921) to work on /home/airflow/.local/lib/python3.7/site-packages/airflow/example_dags/example_dynamic_task_mapping.py
[2026-02-13T22:26:03.849+0000] {processor.py:743} INFO - Processing file /home/airflow/.local/lib/python3.7/site-packages/airflow/example_dags/example_dynamic_task_mapping.py for tasks to queue
[2026-02-13T22:26:03.850+0000] {logging_mixin.py:137} INFO - [2026-02-13T22:26:03.850+0000] {dagbag.py:538} INFO - Filling up the DagBag from /home/airflow/.local/lib/python3.7/site-packages/airflow/example_dags/example_dynamic_task_mapping.py
[2026-02-13T22:26:03.868+0000] {processor.py:753} INFO - DAG(s) dict_keys(['example_dynamic_task_mapping']) retrieved from /home/airflow/.local/lib/python3.7/site-packages/airflow/example_dags/example_dynamic_task_mapping.py
[2026-02-13T22:26:03.883+0000] {logging_mixin.py:137} INFO - [2026-02-13T22:26:03.883+0000] {dag.py:2690} INFO - Sync 1 DAGs
[2026-02-13T22:26:03.898+0000] {logging_mixin.py:137} INFO - [2026-02-13T22:26:03.897+0000] {dag.py:3441} INFO - Setting next_dagrun for example_dynamic_task_mapping to 2022-03-04T00:00:00+00:00, run_after=2022-03-05T00:00:00+00:00
[2026-02-13T22:26:03.906+0000] {processor.py:175} INFO - Processing /home/airflow/.local/lib/python3.7/site-packages/airflow/example_dags/example_dynamic_task_mapping.py took 0.060 seconds
[2026-02-13T22:26:34.300+0000] {processor.py:153} INFO - Started process (PID=1010) to work on /home/airflow/.local/lib/python3.7/site-packages/airflow/example_dags/example_dynamic_task_mapping.py
[2026-02-13T22:26:34.301+0000] {processor.py:743} INFO - Processing file /home/airflow/.local/lib/python3.7/site-packages/airflow/example_dags/example_dynamic_task_mapping.py for tasks to queue
[2026-02-13T22:26:34.302+0000] {logging_mixin.py:137} INFO - [2026-02-13T22:26:34.302+0000] {dagbag.py:538} INFO - Filling up the DagBag from /home/airflow/.local/lib/python3.7/site-packages/airflow/example_dags/example_dynamic_task_mapping.py
[2026-02-13T22:26:34.327+0000] {processor.py:753} INFO - DAG(s) dict_keys(['example_dynamic_task_mapping']) retrieved from /home/airflow/.local/lib/python3.7/site-packages/airflow/example_dags/example_dynamic_task_mapping.py
[2026-02-13T22:26:34.345+0000] {logging_mixin.py:137} INFO - [2026-02-13T22:26:34.345+0000] {dag.py:2690} INFO - Sync 1 DAGs
[2026-02-13T22:26:34.360+0000] {logging_mixin.py:137} INFO - [2026-02-13T22:26:34.360+0000] {dag.py:3441} INFO - Setting next_dagrun for example_dynamic_task_mapping to 2022-03-04T00:00:00+00:00, run_after=2022-03-05T00:00:00+00:00
[2026-02-13T22:26:34.369+0000] {processor.py:175} INFO - Processing /home/airflow/.local/lib/python3.7/site-packages/airflow/example_dags/example_dynamic_task_mapping.py took 0.072 seconds
[2026-02-13T22:27:05.109+0000] {processor.py:153} INFO - Started process (PID=1099) to work on /home/airflow/.local/lib/python3.7/site-packages/airflow/example_dags/example_dynamic_task_mapping.py
[2026-02-13T22:27:05.110+0000] {processor.py:743} INFO - Processing file /home/airflow/.local/lib/python3.7/site-packages/airflow/example_dags/example_dynamic_task_mapping.py for tasks to queue
[2026-02-13T22:27:05.111+0000] {logging_mixin.py:137} INFO - [2026-02-13T22:27:05.111+0000] {dagbag.py:538} INFO - Filling up the DagBag from /home/airflow/.local/lib/python3.7/site-packages/airflow/example_dags/example_dynamic_task_mapping.py
[2026-02-13T22:27:05.132+0000] {processor.py:753} INFO - DAG(s) dict_keys(['example_dynamic_task_mapping']) retrieved from /home/airflow/.local/lib/python3.7/site-packages/airflow/example_dags/example_dynamic_task_mapping.py
[2026-02-13T22:27:05.150+0000] {logging_mixin.py:137} INFO - [2026-02-13T22:27:05.150+0000] {dag.py:2690} INFO - Sync 1 DAGs
[2026-02-13T22:27:05.164+0000] {logging_mixin.py:137} INFO - [2026-02-13T22:27:05.164+0000] {dag.py:3441} INFO - Setting next_dagrun for example_dynamic_task_mapping to 2022-03-04T00:00:00+00:00, run_after=2022-03-05T00:00:00+00:00
[2026-02-13T22:27:05.173+0000] {processor.py:175} INFO - Processing /home/airflow/.local/lib/python3.7/site-packages/airflow/example_dags/example_dynamic_task_mapping.py took 0.069 seconds
[2026-02-13T22:27:35.701+0000] {processor.py:153} INFO - Started process (PID=1188) to work on /home/airflow/.local/lib/python3.7/site-packages/airflow/example_dags/example_dynamic_task_mapping.py
[2026-02-13T22:27:35.702+0000] {processor.py:743} INFO - Processing file /home/airflow/.local/lib/python3.7/site-packages/airflow/example_dags/example_dynamic_task_mapping.py for tasks to queue
[2026-02-13T22:27:35.703+0000] {logging_mixin.py:137} INFO - [2026-02-13T22:27:35.702+0000] {dagbag.py:538} INFO - Filling up the DagBag from /home/airflow/.local/lib/python3.7/site-packages/airflow/example_dags/example_dynamic_task_mapping.py
[2026-02-13T22:27:35.723+0000] {processor.py:753} INFO - DAG(s) dict_keys(['example_dynamic_task_mapping']) retrieved from /home/airflow/.local/lib/python3.7/site-packages/airflow/example_dags/example_dynamic_task_mapping.py
[2026-02-13T22:27:35.763+0000] {logging_mixin.py:137} INFO - [2026-02-13T22:27:35.762+0000] {dag.py:2690} INFO - Sync 1 DAGs
[2026-02-13T22:27:35.800+0000] {logging_mixin.py:137} INFO - [2026-02-13T22:27:35.800+0000] {dag.py:3441} INFO - Setting next_dagrun for example_dynamic_task_mapping to 2022-03-04T00:00:00+00:00, run_after=2022-03-05T00:00:00+00:00
[2026-02-13T22:27:35.813+0000] {processor.py:175} INFO - Processing /home/airflow/.local/lib/python3.7/site-packages/airflow/example_dags/example_dynamic_task_mapping.py took 0.113 seconds
[2026-02-13T22:28:06.377+0000] {processor.py:153} INFO - Started process (PID=1261) to work on /home/airflow/.local/lib/python3.7/site-packages/airflow/example_dags/example_dynamic_task_mapping.py
[2026-02-13T22:28:06.380+0000] {processor.py:743} INFO - Processing file /home/airflow/.local/lib/python3.7/site-packages/airflow/example_dags/example_dynamic_task_mapping.py for tasks to queue
[2026-02-13T22:28:06.384+0000] {logging_mixin.py:137} INFO - [2026-02-13T22:28:06.383+0000] {dagbag.py:538} INFO - Filling up the DagBag from /home/airflow/.local/lib/python3.7/site-packages/airflow/example_dags/example_dynamic_task_mapping.py
[2026-02-13T22:28:06.411+0000] {processor.py:753} INFO - DAG(s) dict_keys(['example_dynamic_task_mapping']) retrieved from /home/airflow/.local/lib/python3.7/site-packages/airflow/example_dags/example_dynamic_task_mapping.py
[2026-02-13T22:28:06.502+0000] {logging_mixin.py:137} INFO - [2026-02-13T22:28:06.501+0000] {dag.py:2690} INFO - Sync 1 DAGs
[2026-02-13T22:28:06.522+0000] {logging_mixin.py:137} INFO - [2026-02-13T22:28:06.522+0000] {dag.py:3441} INFO - Setting next_dagrun for example_dynamic_task_mapping to 2022-03-04T00:00:00+00:00, run_after=2022-03-05T00:00:00+00:00
[2026-02-13T22:28:06.532+0000] {processor.py:175} INFO - Processing /home/airflow/.local/lib/python3.7/site-packages/airflow/example_dags/example_dynamic_task_mapping.py took 0.161 seconds
[2026-02-13T22:28:37.100+0000] {processor.py:153} INFO - Started process (PID=1350) to work on /home/airflow/.local/lib/python3.7/site-packages/airflow/example_dags/example_dynamic_task_mapping.py
[2026-02-13T22:28:37.101+0000] {processor.py:743} INFO - Processing file /home/airflow/.local/lib/python3.7/site-packages/airflow/example_dags/example_dynamic_task_mapping.py for tasks to queue
[2026-02-13T22:28:37.103+0000] {logging_mixin.py:137} INFO - [2026-02-13T22:28:37.103+0000] {dagbag.py:538} INFO - Filling up the DagBag from /home/airflow/.local/lib/python3.7/site-packages/airflow/example_dags/example_dynamic_task_mapping.py
[2026-02-13T22:28:37.123+0000] {processor.py:753} INFO - DAG(s) dict_keys(['example_dynamic_task_mapping']) retrieved from /home/airflow/.local/lib/python3.7/site-packages/airflow/example_dags/example_dynamic_task_mapping.py
[2026-02-13T22:28:37.144+0000] {logging_mixin.py:137} INFO - [2026-02-13T22:28:37.143+0000] {dag.py:2690} INFO - Sync 1 DAGs
[2026-02-13T22:28:37.160+0000] {logging_mixin.py:137} INFO - [2026-02-13T22:28:37.160+0000] {dag.py:3441} INFO - Setting next_dagrun for example_dynamic_task_mapping to 2022-03-04T00:00:00+00:00, run_after=2022-03-05T00:00:00+00:00
[2026-02-13T22:28:37.169+0000] {processor.py:175} INFO - Processing /home/airflow/.local/lib/python3.7/site-packages/airflow/example_dags/example_dynamic_task_mapping.py took 0.072 seconds
[2026-02-13T22:29:07.665+0000] {processor.py:153} INFO - Started process (PID=1439) to work on /home/airflow/.local/lib/python3.7/site-packages/airflow/example_dags/example_dynamic_task_mapping.py
[2026-02-13T22:29:07.666+0000] {processor.py:743} INFO - Processing file /home/airflow/.local/lib/python3.7/site-packages/airflow/example_dags/example_dynamic_task_mapping.py for tasks to queue
[2026-02-13T22:29:07.666+0000] {logging_mixin.py:137} INFO - [2026-02-13T22:29:07.666+0000] {dagbag.py:538} INFO - Filling up the DagBag from /home/airflow/.local/lib/python3.7/site-packages/airflow/example_dags/example_dynamic_task_mapping.py
[2026-02-13T22:29:07.686+0000] {processor.py:753} INFO - DAG(s) dict_keys(['example_dynamic_task_mapping']) retrieved from /home/airflow/.local/lib/python3.7/site-packages/airflow/example_dags/example_dynamic_task_mapping.py
[2026-02-13T22:29:07.703+0000] {logging_mixin.py:137} INFO - [2026-02-13T22:29:07.703+0000] {dag.py:2690} INFO - Sync 1 DAGs
[2026-02-13T22:29:07.721+0000] {logging_mixin.py:137} INFO - [2026-02-13T22:29:07.721+0000] {dag.py:3441} INFO - Setting next_dagrun for example_dynamic_task_mapping to 2022-03-04T00:00:00+00:00, run_after=2022-03-05T00:00:00+00:00
[2026-02-13T22:29:07.731+0000] {processor.py:175} INFO - Processing /home/airflow/.local/lib/python3.7/site-packages/airflow/example_dags/example_dynamic_task_mapping.py took 0.067 seconds
[2026-02-13T22:29:38.383+0000] {processor.py:153} INFO - Started process (PID=1528) to work on /home/airflow/.local/lib/python3.7/site-packages/airflow/example_dags/example_dynamic_task_mapping.py
[2026-02-13T22:29:38.385+0000] {processor.py:743} INFO - Processing file /home/airflow/.local/lib/python3.7/site-packages/airflow/example_dags/example_dynamic_task_mapping.py for tasks to queue
[2026-02-13T22:29:38.385+0000] {logging_mixin.py:137} INFO - [2026-02-13T22:29:38.385+0000] {dagbag.py:538} INFO - Filling up the DagBag from /home/airflow/.local/lib/python3.7/site-packages/airflow/example_dags/example_dynamic_task_mapping.py
[2026-02-13T22:29:38.403+0000] {processor.py:753} INFO - DAG(s) dict_keys(['example_dynamic_task_mapping']) retrieved from /home/airflow/.local/lib/python3.7/site-packages/airflow/example_dags/example_dynamic_task_mapping.py
[2026-02-13T22:29:38.418+0000] {logging_mixin.py:137} INFO - [2026-02-13T22:29:38.418+0000] {dag.py:2690} INFO - Sync 1 DAGs
[2026-02-13T22:29:38.431+0000] {logging_mixin.py:137} INFO - [2026-02-13T22:29:38.431+0000] {dag.py:3441} INFO - Setting next_dagrun for example_dynamic_task_mapping to 2022-03-04T00:00:00+00:00, run_after=2022-03-05T00:00:00+00:00
[2026-02-13T22:29:38.438+0000] {processor.py:175} INFO - Processing /home/airflow/.local/lib/python3.7/site-packages/airflow/example_dags/example_dynamic_task_mapping.py took 0.058 seconds
[2026-02-13T22:30:09.004+0000] {processor.py:153} INFO - Started process (PID=1601) to work on /home/airflow/.local/lib/python3.7/site-packages/airflow/example_dags/example_dynamic_task_mapping.py
[2026-02-13T22:30:09.005+0000] {processor.py:743} INFO - Processing file /home/airflow/.local/lib/python3.7/site-packages/airflow/example_dags/example_dynamic_task_mapping.py for tasks to queue
[2026-02-13T22:30:09.006+0000] {logging_mixin.py:137} INFO - [2026-02-13T22:30:09.006+0000] {dagbag.py:538} INFO - Filling up the DagBag from /home/airflow/.local/lib/python3.7/site-packages/airflow/example_dags/example_dynamic_task_mapping.py
[2026-02-13T22:30:09.024+0000] {processor.py:753} INFO - DAG(s) dict_keys(['example_dynamic_task_mapping']) retrieved from /home/airflow/.local/lib/python3.7/site-packages/airflow/example_dags/example_dynamic_task_mapping.py
[2026-02-13T22:30:09.046+0000] {logging_mixin.py:137} INFO - [2026-02-13T22:30:09.045+0000] {dag.py:2690} INFO - Sync 1 DAGs
[2026-02-13T22:30:09.059+0000] {logging_mixin.py:137} INFO - [2026-02-13T22:30:09.059+0000] {dag.py:3441} INFO - Setting next_dagrun for example_dynamic_task_mapping to 2022-03-04T00:00:00+00:00, run_after=2022-03-05T00:00:00+00:00
[2026-02-13T22:30:09.067+0000] {processor.py:175} INFO - Processing /home/airflow/.local/lib/python3.7/site-packages/airflow/example_dags/example_dynamic_task_mapping.py took 0.068 seconds
[2026-02-13T22:30:39.798+0000] {processor.py:153} INFO - Started process (PID=1690) to work on /home/airflow/.local/lib/python3.7/site-packages/airflow/example_dags/example_dynamic_task_mapping.py
[2026-02-13T22:30:39.799+0000] {processor.py:743} INFO - Processing file /home/airflow/.local/lib/python3.7/site-packages/airflow/example_dags/example_dynamic_task_mapping.py for tasks to queue
[2026-02-13T22:30:39.799+0000] {logging_mixin.py:137} INFO - [2026-02-13T22:30:39.799+0000] {dagbag.py:538} INFO - Filling up the DagBag from /home/airflow/.local/lib/python3.7/site-packages/airflow/example_dags/example_dynamic_task_mapping.py
[2026-02-13T22:30:39.823+0000] {processor.py:753} INFO - DAG(s) dict_keys(['example_dynamic_task_mapping']) retrieved from /home/airflow/.local/lib/python3.7/site-packages/airflow/example_dags/example_dynamic_task_mapping.py
[2026-02-13T22:30:39.846+0000] {logging_mixin.py:137} INFO - [2026-02-13T22:30:39.846+0000] {dag.py:2690} INFO - Sync 1 DAGs
[2026-02-13T22:30:39.860+0000] {logging_mixin.py:137} INFO - [2026-02-13T22:30:39.859+0000] {dag.py:3441} INFO - Setting next_dagrun for example_dynamic_task_mapping to 2022-03-04T00:00:00+00:00, run_after=2022-03-05T00:00:00+00:00
[2026-02-13T22:30:39.868+0000] {processor.py:175} INFO - Processing /home/airflow/.local/lib/python3.7/site-packages/airflow/example_dags/example_dynamic_task_mapping.py took 0.072 seconds
[2026-02-13T22:31:10.482+0000] {processor.py:153} INFO - Started process (PID=1779) to work on /home/airflow/.local/lib/python3.7/site-packages/airflow/example_dags/example_dynamic_task_mapping.py
[2026-02-13T22:31:10.483+0000] {processor.py:743} INFO - Processing file /home/airflow/.local/lib/python3.7/site-packages/airflow/example_dags/example_dynamic_task_mapping.py for tasks to queue
[2026-02-13T22:31:10.484+0000] {logging_mixin.py:137} INFO - [2026-02-13T22:31:10.483+0000] {dagbag.py:538} INFO - Filling up the DagBag from /home/airflow/.local/lib/python3.7/site-packages/airflow/example_dags/example_dynamic_task_mapping.py
[2026-02-13T22:31:10.498+0000] {processor.py:753} INFO - DAG(s) dict_keys(['example_dynamic_task_mapping']) retrieved from /home/airflow/.local/lib/python3.7/site-packages/airflow/example_dags/example_dynamic_task_mapping.py
[2026-02-13T22:31:10.512+0000] {logging_mixin.py:137} INFO - [2026-02-13T22:31:10.512+0000] {dag.py:2690} INFO - Sync 1 DAGs
[2026-02-13T22:31:10.525+0000] {logging_mixin.py:137} INFO - [2026-02-13T22:31:10.525+0000] {dag.py:3441} INFO - Setting next_dagrun for example_dynamic_task_mapping to 2022-03-04T00:00:00+00:00, run_after=2022-03-05T00:00:00+00:00
[2026-02-13T22:31:10.533+0000] {processor.py:175} INFO - Processing /home/airflow/.local/lib/python3.7/site-packages/airflow/example_dags/example_dynamic_task_mapping.py took 0.055 seconds
[2026-02-13T22:31:40.862+0000] {processor.py:153} INFO - Started process (PID=1868) to work on /home/airflow/.local/lib/python3.7/site-packages/airflow/example_dags/example_dynamic_task_mapping.py
[2026-02-13T22:31:40.863+0000] {processor.py:743} INFO - Processing file /home/airflow/.local/lib/python3.7/site-packages/airflow/example_dags/example_dynamic_task_mapping.py for tasks to queue
[2026-02-13T22:31:40.863+0000] {logging_mixin.py:137} INFO - [2026-02-13T22:31:40.863+0000] {dagbag.py:538} INFO - Filling up the DagBag from /home/airflow/.local/lib/python3.7/site-packages/airflow/example_dags/example_dynamic_task_mapping.py
[2026-02-13T22:31:40.884+0000] {processor.py:753} INFO - DAG(s) dict_keys(['example_dynamic_task_mapping']) retrieved from /home/airflow/.local/lib/python3.7/site-packages/airflow/example_dags/example_dynamic_task_mapping.py
[2026-02-13T22:31:40.900+0000] {logging_mixin.py:137} INFO - [2026-02-13T22:31:40.900+0000] {dag.py:2690} INFO - Sync 1 DAGs
[2026-02-13T22:31:40.914+0000] {logging_mixin.py:137} INFO - [2026-02-13T22:31:40.914+0000] {dag.py:3441} INFO - Setting next_dagrun for example_dynamic_task_mapping to 2022-03-04T00:00:00+00:00, run_after=2022-03-05T00:00:00+00:00
[2026-02-13T22:31:40.922+0000] {processor.py:175} INFO - Processing /home/airflow/.local/lib/python3.7/site-packages/airflow/example_dags/example_dynamic_task_mapping.py took 0.063 seconds
[2026-02-13T22:32:11.870+0000] {processor.py:153} INFO - Started process (PID=1940) to work on /home/airflow/.local/lib/python3.7/site-packages/airflow/example_dags/example_dynamic_task_mapping.py
[2026-02-13T22:32:11.871+0000] {processor.py:743} INFO - Processing file /home/airflow/.local/lib/python3.7/site-packages/airflow/example_dags/example_dynamic_task_mapping.py for tasks to queue
[2026-02-13T22:32:11.872+0000] {logging_mixin.py:137} INFO - [2026-02-13T22:32:11.872+0000] {dagbag.py:538} INFO - Filling up the DagBag from /home/airflow/.local/lib/python3.7/site-packages/airflow/example_dags/example_dynamic_task_mapping.py
[2026-02-13T22:32:11.894+0000] {processor.py:753} INFO - DAG(s) dict_keys(['example_dynamic_task_mapping']) retrieved from /home/airflow/.local/lib/python3.7/site-packages/airflow/example_dags/example_dynamic_task_mapping.py
[2026-02-13T22:32:11.912+0000] {logging_mixin.py:137} INFO - [2026-02-13T22:32:11.911+0000] {dag.py:2690} INFO - Sync 1 DAGs
[2026-02-13T22:32:11.924+0000] {logging_mixin.py:137} INFO - [2026-02-13T22:32:11.924+0000] {dag.py:3441} INFO - Setting next_dagrun for example_dynamic_task_mapping to 2022-03-04T00:00:00+00:00, run_after=2022-03-05T00:00:00+00:00
[2026-02-13T22:32:11.932+0000] {processor.py:175} INFO - Processing /home/airflow/.local/lib/python3.7/site-packages/airflow/example_dags/example_dynamic_task_mapping.py took 0.064 seconds
[2026-02-13T22:32:42.095+0000] {processor.py:153} INFO - Started process (PID=2028) to work on /home/airflow/.local/lib/python3.7/site-packages/airflow/example_dags/example_dynamic_task_mapping.py
[2026-02-13T22:32:42.095+0000] {processor.py:743} INFO - Processing file /home/airflow/.local/lib/python3.7/site-packages/airflow/example_dags/example_dynamic_task_mapping.py for tasks to queue
[2026-02-13T22:32:42.096+0000] {logging_mixin.py:137} INFO - [2026-02-13T22:32:42.096+0000] {dagbag.py:538} INFO - Filling up the DagBag from /home/airflow/.local/lib/python3.7/site-packages/airflow/example_dags/example_dynamic_task_mapping.py
[2026-02-13T22:32:42.110+0000] {processor.py:753} INFO - DAG(s) dict_keys(['example_dynamic_task_mapping']) retrieved from /home/airflow/.local/lib/python3.7/site-packages/airflow/example_dags/example_dynamic_task_mapping.py
[2026-02-13T22:32:42.122+0000] {logging_mixin.py:137} INFO - [2026-02-13T22:32:42.122+0000] {dag.py:2690} INFO - Sync 1 DAGs
[2026-02-13T22:32:42.135+0000] {logging_mixin.py:137} INFO - [2026-02-13T22:32:42.135+0000] {dag.py:3441} INFO - Setting next_dagrun for example_dynamic_task_mapping to 2022-03-04T00:00:00+00:00, run_after=2022-03-05T00:00:00+00:00
[2026-02-13T22:32:42.146+0000] {processor.py:175} INFO - Processing /home/airflow/.local/lib/python3.7/site-packages/airflow/example_dags/example_dynamic_task_mapping.py took 0.054 seconds
[2026-02-13T22:34:03.318+0000] {processor.py:153} INFO - Started process (PID=81) to work on /home/airflow/.local/lib/python3.7/site-packages/airflow/example_dags/example_dynamic_task_mapping.py
[2026-02-13T22:34:03.320+0000] {processor.py:743} INFO - Processing file /home/airflow/.local/lib/python3.7/site-packages/airflow/example_dags/example_dynamic_task_mapping.py for tasks to queue
[2026-02-13T22:34:03.321+0000] {logging_mixin.py:137} INFO - [2026-02-13T22:34:03.321+0000] {dagbag.py:538} INFO - Filling up the DagBag from /home/airflow/.local/lib/python3.7/site-packages/airflow/example_dags/example_dynamic_task_mapping.py
[2026-02-13T22:34:03.348+0000] {processor.py:753} INFO - DAG(s) dict_keys(['example_dynamic_task_mapping']) retrieved from /home/airflow/.local/lib/python3.7/site-packages/airflow/example_dags/example_dynamic_task_mapping.py
[2026-02-13T22:34:03.368+0000] {logging_mixin.py:137} INFO - [2026-02-13T22:34:03.367+0000] {dag.py:2690} INFO - Sync 1 DAGs
[2026-02-13T22:34:03.394+0000] {logging_mixin.py:137} INFO - [2026-02-13T22:34:03.394+0000] {dag.py:3441} INFO - Setting next_dagrun for example_dynamic_task_mapping to 2022-03-04T00:00:00+00:00, run_after=2022-03-05T00:00:00+00:00
[2026-02-13T22:34:03.416+0000] {processor.py:175} INFO - Processing /home/airflow/.local/lib/python3.7/site-packages/airflow/example_dags/example_dynamic_task_mapping.py took 0.101 seconds
[2026-02-13T22:34:34.613+0000] {processor.py:153} INFO - Started process (PID=172) to work on /home/airflow/.local/lib/python3.7/site-packages/airflow/example_dags/example_dynamic_task_mapping.py
[2026-02-13T22:34:34.615+0000] {processor.py:743} INFO - Processing file /home/airflow/.local/lib/python3.7/site-packages/airflow/example_dags/example_dynamic_task_mapping.py for tasks to queue
[2026-02-13T22:34:34.616+0000] {logging_mixin.py:137} INFO - [2026-02-13T22:34:34.616+0000] {dagbag.py:538} INFO - Filling up the DagBag from /home/airflow/.local/lib/python3.7/site-packages/airflow/example_dags/example_dynamic_task_mapping.py
[2026-02-13T22:34:34.644+0000] {processor.py:753} INFO - DAG(s) dict_keys(['example_dynamic_task_mapping']) retrieved from /home/airflow/.local/lib/python3.7/site-packages/airflow/example_dags/example_dynamic_task_mapping.py
[2026-02-13T22:34:34.679+0000] {logging_mixin.py:137} INFO - [2026-02-13T22:34:34.679+0000] {dag.py:2690} INFO - Sync 1 DAGs
[2026-02-13T22:34:34.702+0000] {logging_mixin.py:137} INFO - [2026-02-13T22:34:34.702+0000] {dag.py:3441} INFO - Setting next_dagrun for example_dynamic_task_mapping to 2022-03-04T00:00:00+00:00, run_after=2022-03-05T00:00:00+00:00
[2026-02-13T22:34:34.721+0000] {processor.py:175} INFO - Processing /home/airflow/.local/lib/python3.7/site-packages/airflow/example_dags/example_dynamic_task_mapping.py took 0.113 seconds
[2026-02-13T22:35:05.869+0000] {processor.py:153} INFO - Started process (PID=247) to work on /home/airflow/.local/lib/python3.7/site-packages/airflow/example_dags/example_dynamic_task_mapping.py
[2026-02-13T22:35:05.871+0000] {processor.py:743} INFO - Processing file /home/airflow/.local/lib/python3.7/site-packages/airflow/example_dags/example_dynamic_task_mapping.py for tasks to queue
[2026-02-13T22:35:05.871+0000] {logging_mixin.py:137} INFO - [2026-02-13T22:35:05.871+0000] {dagbag.py:538} INFO - Filling up the DagBag from /home/airflow/.local/lib/python3.7/site-packages/airflow/example_dags/example_dynamic_task_mapping.py
[2026-02-13T22:35:05.886+0000] {processor.py:753} INFO - DAG(s) dict_keys(['example_dynamic_task_mapping']) retrieved from /home/airflow/.local/lib/python3.7/site-packages/airflow/example_dags/example_dynamic_task_mapping.py
[2026-02-13T22:35:05.897+0000] {logging_mixin.py:137} INFO - [2026-02-13T22:35:05.897+0000] {dag.py:2690} INFO - Sync 1 DAGs
[2026-02-13T22:35:05.908+0000] {logging_mixin.py:137} INFO - [2026-02-13T22:35:05.907+0000] {dag.py:3441} INFO - Setting next_dagrun for example_dynamic_task_mapping to 2022-03-04T00:00:00+00:00, run_after=2022-03-05T00:00:00+00:00
[2026-02-13T22:35:05.918+0000] {processor.py:175} INFO - Processing /home/airflow/.local/lib/python3.7/site-packages/airflow/example_dags/example_dynamic_task_mapping.py took 0.051 seconds
[2026-02-13T22:35:36.716+0000] {processor.py:153} INFO - Started process (PID=339) to work on /home/airflow/.local/lib/python3.7/site-packages/airflow/example_dags/example_dynamic_task_mapping.py
[2026-02-13T22:35:36.717+0000] {processor.py:743} INFO - Processing file /home/airflow/.local/lib/python3.7/site-packages/airflow/example_dags/example_dynamic_task_mapping.py for tasks to queue
[2026-02-13T22:35:36.717+0000] {logging_mixin.py:137} INFO - [2026-02-13T22:35:36.717+0000] {dagbag.py:538} INFO - Filling up the DagBag from /home/airflow/.local/lib/python3.7/site-packages/airflow/example_dags/example_dynamic_task_mapping.py
[2026-02-13T22:35:36.730+0000] {processor.py:753} INFO - DAG(s) dict_keys(['example_dynamic_task_mapping']) retrieved from /home/airflow/.local/lib/python3.7/site-packages/airflow/example_dags/example_dynamic_task_mapping.py
[2026-02-13T22:35:36.741+0000] {logging_mixin.py:137} INFO - [2026-02-13T22:35:36.741+0000] {dag.py:2690} INFO - Sync 1 DAGs
[2026-02-13T22:35:36.754+0000] {logging_mixin.py:137} INFO - [2026-02-13T22:35:36.754+0000] {dag.py:3441} INFO - Setting next_dagrun for example_dynamic_task_mapping to 2022-03-04T00:00:00+00:00, run_after=2022-03-05T00:00:00+00:00
[2026-02-13T22:35:36.765+0000] {processor.py:175} INFO - Processing /home/airflow/.local/lib/python3.7/site-packages/airflow/example_dags/example_dynamic_task_mapping.py took 0.050 seconds
[2026-02-13T22:36:07.638+0000] {processor.py:153} INFO - Started process (PID=430) to work on /home/airflow/.local/lib/python3.7/site-packages/airflow/example_dags/example_dynamic_task_mapping.py
[2026-02-13T22:36:07.640+0000] {processor.py:743} INFO - Processing file /home/airflow/.local/lib/python3.7/site-packages/airflow/example_dags/example_dynamic_task_mapping.py for tasks to queue
[2026-02-13T22:36:07.640+0000] {logging_mixin.py:137} INFO - [2026-02-13T22:36:07.640+0000] {dagbag.py:538} INFO - Filling up the DagBag from /home/airflow/.local/lib/python3.7/site-packages/airflow/example_dags/example_dynamic_task_mapping.py
[2026-02-13T22:36:07.653+0000] {processor.py:753} INFO - DAG(s) dict_keys(['example_dynamic_task_mapping']) retrieved from /home/airflow/.local/lib/python3.7/site-packages/airflow/example_dags/example_dynamic_task_mapping.py
[2026-02-13T22:36:07.667+0000] {logging_mixin.py:137} INFO - [2026-02-13T22:36:07.667+0000] {dag.py:2690} INFO - Sync 1 DAGs
[2026-02-13T22:36:07.681+0000] {logging_mixin.py:137} INFO - [2026-02-13T22:36:07.681+0000] {dag.py:3441} INFO - Setting next_dagrun for example_dynamic_task_mapping to 2022-03-04T00:00:00+00:00, run_after=2022-03-05T00:00:00+00:00
[2026-02-13T22:36:07.696+0000] {processor.py:175} INFO - Processing /home/airflow/.local/lib/python3.7/site-packages/airflow/example_dags/example_dynamic_task_mapping.py took 0.060 seconds
[2026-02-13T22:36:38.436+0000] {processor.py:153} INFO - Started process (PID=522) to work on /home/airflow/.local/lib/python3.7/site-packages/airflow/example_dags/example_dynamic_task_mapping.py
[2026-02-13T22:36:38.437+0000] {processor.py:743} INFO - Processing file /home/airflow/.local/lib/python3.7/site-packages/airflow/example_dags/example_dynamic_task_mapping.py for tasks to queue
[2026-02-13T22:36:38.439+0000] {logging_mixin.py:137} INFO - [2026-02-13T22:36:38.439+0000] {dagbag.py:538} INFO - Filling up the DagBag from /home/airflow/.local/lib/python3.7/site-packages/airflow/example_dags/example_dynamic_task_mapping.py
[2026-02-13T22:36:38.450+0000] {processor.py:753} INFO - DAG(s) dict_keys(['example_dynamic_task_mapping']) retrieved from /home/airflow/.local/lib/python3.7/site-packages/airflow/example_dags/example_dynamic_task_mapping.py
[2026-02-13T22:36:38.460+0000] {logging_mixin.py:137} INFO - [2026-02-13T22:36:38.460+0000] {dag.py:2690} INFO - Sync 1 DAGs
[2026-02-13T22:36:38.471+0000] {logging_mixin.py:137} INFO - [2026-02-13T22:36:38.471+0000] {dag.py:3441} INFO - Setting next_dagrun for example_dynamic_task_mapping to 2022-03-04T00:00:00+00:00, run_after=2022-03-05T00:00:00+00:00
[2026-02-13T22:36:38.483+0000] {processor.py:175} INFO - Processing /home/airflow/.local/lib/python3.7/site-packages/airflow/example_dags/example_dynamic_task_mapping.py took 0.049 seconds
