[2026-02-13T21:49:32.134+0000] {processor.py:153} INFO - Started process (PID=65) to work on /home/airflow/.local/lib/python3.7/site-packages/airflow/example_dags/example_task_group.py
[2026-02-13T21:49:32.136+0000] {processor.py:743} INFO - Processing file /home/airflow/.local/lib/python3.7/site-packages/airflow/example_dags/example_task_group.py for tasks to queue
[2026-02-13T21:49:32.136+0000] {logging_mixin.py:137} INFO - [2026-02-13T21:49:32.136+0000] {dagbag.py:538} INFO - Filling up the DagBag from /home/airflow/.local/lib/python3.7/site-packages/airflow/example_dags/example_task_group.py
[2026-02-13T21:49:32.148+0000] {processor.py:753} INFO - DAG(s) dict_keys(['example_task_group']) retrieved from /home/airflow/.local/lib/python3.7/site-packages/airflow/example_dags/example_task_group.py
[2026-02-13T21:49:32.156+0000] {logging_mixin.py:137} INFO - [2026-02-13T21:49:32.156+0000] {dag.py:2690} INFO - Sync 1 DAGs
[2026-02-13T21:49:32.172+0000] {logging_mixin.py:137} INFO - [2026-02-13T21:49:32.172+0000] {dag.py:3441} INFO - Setting next_dagrun for example_task_group to 2026-02-12T21:49:32.171847+00:00, run_after=2026-02-13T21:49:32.171847+00:00
[2026-02-13T21:49:32.186+0000] {processor.py:175} INFO - Processing /home/airflow/.local/lib/python3.7/site-packages/airflow/example_dags/example_task_group.py took 0.054 seconds
[2026-02-13T21:50:02.739+0000] {processor.py:153} INFO - Started process (PID=153) to work on /home/airflow/.local/lib/python3.7/site-packages/airflow/example_dags/example_task_group.py
[2026-02-13T21:50:02.739+0000] {processor.py:743} INFO - Processing file /home/airflow/.local/lib/python3.7/site-packages/airflow/example_dags/example_task_group.py for tasks to queue
[2026-02-13T21:50:02.740+0000] {logging_mixin.py:137} INFO - [2026-02-13T21:50:02.740+0000] {dagbag.py:538} INFO - Filling up the DagBag from /home/airflow/.local/lib/python3.7/site-packages/airflow/example_dags/example_task_group.py
[2026-02-13T21:50:02.746+0000] {processor.py:753} INFO - DAG(s) dict_keys(['example_task_group']) retrieved from /home/airflow/.local/lib/python3.7/site-packages/airflow/example_dags/example_task_group.py
[2026-02-13T21:50:02.761+0000] {logging_mixin.py:137} INFO - [2026-02-13T21:50:02.761+0000] {dag.py:2690} INFO - Sync 1 DAGs
[2026-02-13T21:50:02.773+0000] {logging_mixin.py:137} INFO - [2026-02-13T21:50:02.773+0000] {dag.py:3441} INFO - Setting next_dagrun for example_task_group to 2026-02-12T21:50:02.773019+00:00, run_after=2026-02-13T21:50:02.773019+00:00
[2026-02-13T21:50:02.786+0000] {processor.py:175} INFO - Processing /home/airflow/.local/lib/python3.7/site-packages/airflow/example_dags/example_task_group.py took 0.048 seconds
[2026-02-13T21:50:33.396+0000] {processor.py:153} INFO - Started process (PID=242) to work on /home/airflow/.local/lib/python3.7/site-packages/airflow/example_dags/example_task_group.py
[2026-02-13T21:50:33.397+0000] {processor.py:743} INFO - Processing file /home/airflow/.local/lib/python3.7/site-packages/airflow/example_dags/example_task_group.py for tasks to queue
[2026-02-13T21:50:33.397+0000] {logging_mixin.py:137} INFO - [2026-02-13T21:50:33.397+0000] {dagbag.py:538} INFO - Filling up the DagBag from /home/airflow/.local/lib/python3.7/site-packages/airflow/example_dags/example_task_group.py
[2026-02-13T21:50:33.407+0000] {processor.py:753} INFO - DAG(s) dict_keys(['example_task_group']) retrieved from /home/airflow/.local/lib/python3.7/site-packages/airflow/example_dags/example_task_group.py
[2026-02-13T21:50:33.422+0000] {logging_mixin.py:137} INFO - [2026-02-13T21:50:33.422+0000] {dag.py:2690} INFO - Sync 1 DAGs
[2026-02-13T21:50:33.440+0000] {logging_mixin.py:137} INFO - [2026-02-13T21:50:33.440+0000] {dag.py:3441} INFO - Setting next_dagrun for example_task_group to 2026-02-12T21:50:33.439869+00:00, run_after=2026-02-13T21:50:33.439869+00:00
[2026-02-13T21:50:33.455+0000] {processor.py:175} INFO - Processing /home/airflow/.local/lib/python3.7/site-packages/airflow/example_dags/example_task_group.py took 0.061 seconds
[2026-02-13T21:51:03.848+0000] {processor.py:153} INFO - Started process (PID=314) to work on /home/airflow/.local/lib/python3.7/site-packages/airflow/example_dags/example_task_group.py
[2026-02-13T21:51:03.849+0000] {processor.py:743} INFO - Processing file /home/airflow/.local/lib/python3.7/site-packages/airflow/example_dags/example_task_group.py for tasks to queue
[2026-02-13T21:51:03.850+0000] {logging_mixin.py:137} INFO - [2026-02-13T21:51:03.850+0000] {dagbag.py:538} INFO - Filling up the DagBag from /home/airflow/.local/lib/python3.7/site-packages/airflow/example_dags/example_task_group.py
[2026-02-13T21:51:03.857+0000] {processor.py:753} INFO - DAG(s) dict_keys(['example_task_group']) retrieved from /home/airflow/.local/lib/python3.7/site-packages/airflow/example_dags/example_task_group.py
[2026-02-13T21:51:03.870+0000] {logging_mixin.py:137} INFO - [2026-02-13T21:51:03.870+0000] {dag.py:2690} INFO - Sync 1 DAGs
[2026-02-13T21:51:03.882+0000] {logging_mixin.py:137} INFO - [2026-02-13T21:51:03.882+0000] {dag.py:3441} INFO - Setting next_dagrun for example_task_group to 2026-02-12T21:51:03.881995+00:00, run_after=2026-02-13T21:51:03.881995+00:00
[2026-02-13T21:51:03.892+0000] {processor.py:175} INFO - Processing /home/airflow/.local/lib/python3.7/site-packages/airflow/example_dags/example_task_group.py took 0.046 seconds
[2026-02-13T21:51:34.303+0000] {processor.py:153} INFO - Started process (PID=402) to work on /home/airflow/.local/lib/python3.7/site-packages/airflow/example_dags/example_task_group.py
[2026-02-13T21:51:34.305+0000] {processor.py:743} INFO - Processing file /home/airflow/.local/lib/python3.7/site-packages/airflow/example_dags/example_task_group.py for tasks to queue
[2026-02-13T21:51:34.306+0000] {logging_mixin.py:137} INFO - [2026-02-13T21:51:34.306+0000] {dagbag.py:538} INFO - Filling up the DagBag from /home/airflow/.local/lib/python3.7/site-packages/airflow/example_dags/example_task_group.py
[2026-02-13T21:51:34.312+0000] {processor.py:753} INFO - DAG(s) dict_keys(['example_task_group']) retrieved from /home/airflow/.local/lib/python3.7/site-packages/airflow/example_dags/example_task_group.py
[2026-02-13T21:51:34.325+0000] {logging_mixin.py:137} INFO - [2026-02-13T21:51:34.323+0000] {dag.py:2690} INFO - Sync 1 DAGs
[2026-02-13T21:51:34.337+0000] {logging_mixin.py:137} INFO - [2026-02-13T21:51:34.337+0000] {dag.py:3441} INFO - Setting next_dagrun for example_task_group to 2026-02-12T21:51:34.337465+00:00, run_after=2026-02-13T21:51:34.337465+00:00
[2026-02-13T21:51:34.348+0000] {processor.py:175} INFO - Processing /home/airflow/.local/lib/python3.7/site-packages/airflow/example_dags/example_task_group.py took 0.046 seconds
[2026-02-13T21:52:04.723+0000] {processor.py:153} INFO - Started process (PID=490) to work on /home/airflow/.local/lib/python3.7/site-packages/airflow/example_dags/example_task_group.py
[2026-02-13T21:52:04.724+0000] {processor.py:743} INFO - Processing file /home/airflow/.local/lib/python3.7/site-packages/airflow/example_dags/example_task_group.py for tasks to queue
[2026-02-13T21:52:04.724+0000] {logging_mixin.py:137} INFO - [2026-02-13T21:52:04.724+0000] {dagbag.py:538} INFO - Filling up the DagBag from /home/airflow/.local/lib/python3.7/site-packages/airflow/example_dags/example_task_group.py
[2026-02-13T21:52:04.732+0000] {processor.py:753} INFO - DAG(s) dict_keys(['example_task_group']) retrieved from /home/airflow/.local/lib/python3.7/site-packages/airflow/example_dags/example_task_group.py
[2026-02-13T21:52:04.744+0000] {logging_mixin.py:137} INFO - [2026-02-13T21:52:04.744+0000] {dag.py:2690} INFO - Sync 1 DAGs
[2026-02-13T21:52:04.756+0000] {logging_mixin.py:137} INFO - [2026-02-13T21:52:04.756+0000] {dag.py:3441} INFO - Setting next_dagrun for example_task_group to 2026-02-12T21:52:04.756032+00:00, run_after=2026-02-13T21:52:04.756032+00:00
[2026-02-13T21:52:04.766+0000] {processor.py:175} INFO - Processing /home/airflow/.local/lib/python3.7/site-packages/airflow/example_dags/example_task_group.py took 0.044 seconds
[2026-02-13T21:52:35.333+0000] {processor.py:153} INFO - Started process (PID=578) to work on /home/airflow/.local/lib/python3.7/site-packages/airflow/example_dags/example_task_group.py
[2026-02-13T21:52:35.334+0000] {processor.py:743} INFO - Processing file /home/airflow/.local/lib/python3.7/site-packages/airflow/example_dags/example_task_group.py for tasks to queue
[2026-02-13T21:52:35.334+0000] {logging_mixin.py:137} INFO - [2026-02-13T21:52:35.334+0000] {dagbag.py:538} INFO - Filling up the DagBag from /home/airflow/.local/lib/python3.7/site-packages/airflow/example_dags/example_task_group.py
[2026-02-13T21:52:35.341+0000] {processor.py:753} INFO - DAG(s) dict_keys(['example_task_group']) retrieved from /home/airflow/.local/lib/python3.7/site-packages/airflow/example_dags/example_task_group.py
[2026-02-13T21:52:35.356+0000] {logging_mixin.py:137} INFO - [2026-02-13T21:52:35.355+0000] {dag.py:2690} INFO - Sync 1 DAGs
[2026-02-13T21:52:35.371+0000] {logging_mixin.py:137} INFO - [2026-02-13T21:52:35.371+0000] {dag.py:3441} INFO - Setting next_dagrun for example_task_group to 2026-02-12T21:52:35.371843+00:00, run_after=2026-02-13T21:52:35.371843+00:00
[2026-02-13T21:52:35.382+0000] {processor.py:175} INFO - Processing /home/airflow/.local/lib/python3.7/site-packages/airflow/example_dags/example_task_group.py took 0.050 seconds
[2026-02-13T21:53:05.816+0000] {processor.py:153} INFO - Started process (PID=649) to work on /home/airflow/.local/lib/python3.7/site-packages/airflow/example_dags/example_task_group.py
[2026-02-13T21:53:05.816+0000] {processor.py:743} INFO - Processing file /home/airflow/.local/lib/python3.7/site-packages/airflow/example_dags/example_task_group.py for tasks to queue
[2026-02-13T21:53:05.817+0000] {logging_mixin.py:137} INFO - [2026-02-13T21:53:05.817+0000] {dagbag.py:538} INFO - Filling up the DagBag from /home/airflow/.local/lib/python3.7/site-packages/airflow/example_dags/example_task_group.py
[2026-02-13T21:53:05.823+0000] {processor.py:753} INFO - DAG(s) dict_keys(['example_task_group']) retrieved from /home/airflow/.local/lib/python3.7/site-packages/airflow/example_dags/example_task_group.py
[2026-02-13T21:53:05.834+0000] {logging_mixin.py:137} INFO - [2026-02-13T21:53:05.834+0000] {dag.py:2690} INFO - Sync 1 DAGs
[2026-02-13T21:53:05.846+0000] {logging_mixin.py:137} INFO - [2026-02-13T21:53:05.846+0000] {dag.py:3441} INFO - Setting next_dagrun for example_task_group to 2026-02-12T21:53:05.846430+00:00, run_after=2026-02-13T21:53:05.846430+00:00
[2026-02-13T21:53:05.858+0000] {processor.py:175} INFO - Processing /home/airflow/.local/lib/python3.7/site-packages/airflow/example_dags/example_task_group.py took 0.044 seconds
[2026-02-13T21:53:36.280+0000] {processor.py:153} INFO - Started process (PID=737) to work on /home/airflow/.local/lib/python3.7/site-packages/airflow/example_dags/example_task_group.py
[2026-02-13T21:53:36.280+0000] {processor.py:743} INFO - Processing file /home/airflow/.local/lib/python3.7/site-packages/airflow/example_dags/example_task_group.py for tasks to queue
[2026-02-13T21:53:36.282+0000] {logging_mixin.py:137} INFO - [2026-02-13T21:53:36.282+0000] {dagbag.py:538} INFO - Filling up the DagBag from /home/airflow/.local/lib/python3.7/site-packages/airflow/example_dags/example_task_group.py
[2026-02-13T21:53:36.288+0000] {processor.py:753} INFO - DAG(s) dict_keys(['example_task_group']) retrieved from /home/airflow/.local/lib/python3.7/site-packages/airflow/example_dags/example_task_group.py
[2026-02-13T21:53:36.302+0000] {logging_mixin.py:137} INFO - [2026-02-13T21:53:36.302+0000] {dag.py:2690} INFO - Sync 1 DAGs
[2026-02-13T21:53:36.313+0000] {logging_mixin.py:137} INFO - [2026-02-13T21:53:36.313+0000] {dag.py:3441} INFO - Setting next_dagrun for example_task_group to 2026-02-12T21:53:36.313452+00:00, run_after=2026-02-13T21:53:36.313452+00:00
[2026-02-13T21:53:36.324+0000] {processor.py:175} INFO - Processing /home/airflow/.local/lib/python3.7/site-packages/airflow/example_dags/example_task_group.py took 0.045 seconds
[2026-02-13T21:54:06.733+0000] {processor.py:153} INFO - Started process (PID=825) to work on /home/airflow/.local/lib/python3.7/site-packages/airflow/example_dags/example_task_group.py
[2026-02-13T21:54:06.734+0000] {processor.py:743} INFO - Processing file /home/airflow/.local/lib/python3.7/site-packages/airflow/example_dags/example_task_group.py for tasks to queue
[2026-02-13T21:54:06.734+0000] {logging_mixin.py:137} INFO - [2026-02-13T21:54:06.734+0000] {dagbag.py:538} INFO - Filling up the DagBag from /home/airflow/.local/lib/python3.7/site-packages/airflow/example_dags/example_task_group.py
[2026-02-13T21:54:06.740+0000] {processor.py:753} INFO - DAG(s) dict_keys(['example_task_group']) retrieved from /home/airflow/.local/lib/python3.7/site-packages/airflow/example_dags/example_task_group.py
[2026-02-13T21:54:06.750+0000] {logging_mixin.py:137} INFO - [2026-02-13T21:54:06.750+0000] {dag.py:2690} INFO - Sync 1 DAGs
[2026-02-13T21:54:06.764+0000] {logging_mixin.py:137} INFO - [2026-02-13T21:54:06.764+0000] {dag.py:3441} INFO - Setting next_dagrun for example_task_group to 2026-02-12T21:54:06.764466+00:00, run_after=2026-02-13T21:54:06.764466+00:00
[2026-02-13T21:54:06.779+0000] {processor.py:175} INFO - Processing /home/airflow/.local/lib/python3.7/site-packages/airflow/example_dags/example_task_group.py took 0.048 seconds
[2026-02-13T21:54:37.367+0000] {processor.py:153} INFO - Started process (PID=913) to work on /home/airflow/.local/lib/python3.7/site-packages/airflow/example_dags/example_task_group.py
[2026-02-13T21:54:37.369+0000] {processor.py:743} INFO - Processing file /home/airflow/.local/lib/python3.7/site-packages/airflow/example_dags/example_task_group.py for tasks to queue
[2026-02-13T21:54:37.370+0000] {logging_mixin.py:137} INFO - [2026-02-13T21:54:37.370+0000] {dagbag.py:538} INFO - Filling up the DagBag from /home/airflow/.local/lib/python3.7/site-packages/airflow/example_dags/example_task_group.py
[2026-02-13T21:54:37.377+0000] {processor.py:753} INFO - DAG(s) dict_keys(['example_task_group']) retrieved from /home/airflow/.local/lib/python3.7/site-packages/airflow/example_dags/example_task_group.py
[2026-02-13T21:54:37.391+0000] {logging_mixin.py:137} INFO - [2026-02-13T21:54:37.391+0000] {dag.py:2690} INFO - Sync 1 DAGs
[2026-02-13T21:54:37.402+0000] {logging_mixin.py:137} INFO - [2026-02-13T21:54:37.402+0000] {dag.py:3441} INFO - Setting next_dagrun for example_task_group to 2026-02-12T21:54:37.402395+00:00, run_after=2026-02-13T21:54:37.402395+00:00
[2026-02-13T21:54:37.413+0000] {processor.py:175} INFO - Processing /home/airflow/.local/lib/python3.7/site-packages/airflow/example_dags/example_task_group.py took 0.048 seconds
[2026-02-13T21:55:07.897+0000] {processor.py:153} INFO - Started process (PID=985) to work on /home/airflow/.local/lib/python3.7/site-packages/airflow/example_dags/example_task_group.py
[2026-02-13T21:55:07.897+0000] {processor.py:743} INFO - Processing file /home/airflow/.local/lib/python3.7/site-packages/airflow/example_dags/example_task_group.py for tasks to queue
[2026-02-13T21:55:07.897+0000] {logging_mixin.py:137} INFO - [2026-02-13T21:55:07.897+0000] {dagbag.py:538} INFO - Filling up the DagBag from /home/airflow/.local/lib/python3.7/site-packages/airflow/example_dags/example_task_group.py
[2026-02-13T21:55:07.906+0000] {processor.py:753} INFO - DAG(s) dict_keys(['example_task_group']) retrieved from /home/airflow/.local/lib/python3.7/site-packages/airflow/example_dags/example_task_group.py
[2026-02-13T21:55:07.921+0000] {logging_mixin.py:137} INFO - [2026-02-13T21:55:07.921+0000] {dag.py:2690} INFO - Sync 1 DAGs
[2026-02-13T21:55:07.933+0000] {logging_mixin.py:137} INFO - [2026-02-13T21:55:07.933+0000] {dag.py:3441} INFO - Setting next_dagrun for example_task_group to 2026-02-12T21:55:07.933675+00:00, run_after=2026-02-13T21:55:07.933675+00:00
[2026-02-13T21:55:07.944+0000] {processor.py:175} INFO - Processing /home/airflow/.local/lib/python3.7/site-packages/airflow/example_dags/example_task_group.py took 0.049 seconds
[2026-02-13T21:55:38.390+0000] {processor.py:153} INFO - Started process (PID=1073) to work on /home/airflow/.local/lib/python3.7/site-packages/airflow/example_dags/example_task_group.py
[2026-02-13T21:55:38.392+0000] {processor.py:743} INFO - Processing file /home/airflow/.local/lib/python3.7/site-packages/airflow/example_dags/example_task_group.py for tasks to queue
[2026-02-13T21:55:38.392+0000] {logging_mixin.py:137} INFO - [2026-02-13T21:55:38.392+0000] {dagbag.py:538} INFO - Filling up the DagBag from /home/airflow/.local/lib/python3.7/site-packages/airflow/example_dags/example_task_group.py
[2026-02-13T21:55:38.400+0000] {processor.py:753} INFO - DAG(s) dict_keys(['example_task_group']) retrieved from /home/airflow/.local/lib/python3.7/site-packages/airflow/example_dags/example_task_group.py
[2026-02-13T21:55:38.415+0000] {logging_mixin.py:137} INFO - [2026-02-13T21:55:38.415+0000] {dag.py:2690} INFO - Sync 1 DAGs
[2026-02-13T21:55:38.427+0000] {logging_mixin.py:137} INFO - [2026-02-13T21:55:38.427+0000] {dag.py:3441} INFO - Setting next_dagrun for example_task_group to 2026-02-12T21:55:38.427461+00:00, run_after=2026-02-13T21:55:38.427461+00:00
[2026-02-13T21:55:38.437+0000] {processor.py:175} INFO - Processing /home/airflow/.local/lib/python3.7/site-packages/airflow/example_dags/example_task_group.py took 0.049 seconds
[2026-02-13T21:56:08.871+0000] {processor.py:153} INFO - Started process (PID=1161) to work on /home/airflow/.local/lib/python3.7/site-packages/airflow/example_dags/example_task_group.py
[2026-02-13T21:56:08.873+0000] {processor.py:743} INFO - Processing file /home/airflow/.local/lib/python3.7/site-packages/airflow/example_dags/example_task_group.py for tasks to queue
[2026-02-13T21:56:08.873+0000] {logging_mixin.py:137} INFO - [2026-02-13T21:56:08.873+0000] {dagbag.py:538} INFO - Filling up the DagBag from /home/airflow/.local/lib/python3.7/site-packages/airflow/example_dags/example_task_group.py
[2026-02-13T21:56:08.881+0000] {processor.py:753} INFO - DAG(s) dict_keys(['example_task_group']) retrieved from /home/airflow/.local/lib/python3.7/site-packages/airflow/example_dags/example_task_group.py
[2026-02-13T21:56:08.894+0000] {logging_mixin.py:137} INFO - [2026-02-13T21:56:08.894+0000] {dag.py:2690} INFO - Sync 1 DAGs
[2026-02-13T21:56:08.903+0000] {logging_mixin.py:137} INFO - [2026-02-13T21:56:08.903+0000] {dag.py:3441} INFO - Setting next_dagrun for example_task_group to 2026-02-12T21:56:08.903718+00:00, run_after=2026-02-13T21:56:08.903718+00:00
[2026-02-13T21:56:08.915+0000] {processor.py:175} INFO - Processing /home/airflow/.local/lib/python3.7/site-packages/airflow/example_dags/example_task_group.py took 0.045 seconds
[2026-02-13T21:56:39.853+0000] {processor.py:153} INFO - Started process (PID=1249) to work on /home/airflow/.local/lib/python3.7/site-packages/airflow/example_dags/example_task_group.py
[2026-02-13T21:56:39.855+0000] {processor.py:743} INFO - Processing file /home/airflow/.local/lib/python3.7/site-packages/airflow/example_dags/example_task_group.py for tasks to queue
[2026-02-13T21:56:39.856+0000] {logging_mixin.py:137} INFO - [2026-02-13T21:56:39.856+0000] {dagbag.py:538} INFO - Filling up the DagBag from /home/airflow/.local/lib/python3.7/site-packages/airflow/example_dags/example_task_group.py
[2026-02-13T21:56:39.871+0000] {processor.py:753} INFO - DAG(s) dict_keys(['example_task_group']) retrieved from /home/airflow/.local/lib/python3.7/site-packages/airflow/example_dags/example_task_group.py
[2026-02-13T21:56:39.893+0000] {logging_mixin.py:137} INFO - [2026-02-13T21:56:39.893+0000] {dag.py:2690} INFO - Sync 1 DAGs
[2026-02-13T21:56:39.909+0000] {logging_mixin.py:137} INFO - [2026-02-13T21:56:39.909+0000] {dag.py:3441} INFO - Setting next_dagrun for example_task_group to 2026-02-12T21:56:39.909337+00:00, run_after=2026-02-13T21:56:39.909337+00:00
[2026-02-13T21:56:39.927+0000] {processor.py:175} INFO - Processing /home/airflow/.local/lib/python3.7/site-packages/airflow/example_dags/example_task_group.py took 0.076 seconds
[2026-02-13T22:01:04.249+0000] {processor.py:153} INFO - Started process (PID=63) to work on /home/airflow/.local/lib/python3.7/site-packages/airflow/example_dags/example_task_group.py
[2026-02-13T22:01:04.250+0000] {processor.py:743} INFO - Processing file /home/airflow/.local/lib/python3.7/site-packages/airflow/example_dags/example_task_group.py for tasks to queue
[2026-02-13T22:01:04.251+0000] {logging_mixin.py:137} INFO - [2026-02-13T22:01:04.250+0000] {dagbag.py:538} INFO - Filling up the DagBag from /home/airflow/.local/lib/python3.7/site-packages/airflow/example_dags/example_task_group.py
[2026-02-13T22:01:04.261+0000] {processor.py:753} INFO - DAG(s) dict_keys(['example_task_group']) retrieved from /home/airflow/.local/lib/python3.7/site-packages/airflow/example_dags/example_task_group.py
[2026-02-13T22:01:04.271+0000] {logging_mixin.py:137} INFO - [2026-02-13T22:01:04.271+0000] {dag.py:2690} INFO - Sync 1 DAGs
[2026-02-13T22:01:04.285+0000] {logging_mixin.py:137} INFO - [2026-02-13T22:01:04.285+0000] {dag.py:3441} INFO - Setting next_dagrun for example_task_group to 2026-02-12T22:01:04.285076+00:00, run_after=2026-02-13T22:01:04.285076+00:00
[2026-02-13T22:01:04.294+0000] {processor.py:175} INFO - Processing /home/airflow/.local/lib/python3.7/site-packages/airflow/example_dags/example_task_group.py took 0.046 seconds
[2026-02-13T22:01:34.934+0000] {processor.py:153} INFO - Started process (PID=150) to work on /home/airflow/.local/lib/python3.7/site-packages/airflow/example_dags/example_task_group.py
[2026-02-13T22:01:34.934+0000] {processor.py:743} INFO - Processing file /home/airflow/.local/lib/python3.7/site-packages/airflow/example_dags/example_task_group.py for tasks to queue
[2026-02-13T22:01:34.935+0000] {logging_mixin.py:137} INFO - [2026-02-13T22:01:34.935+0000] {dagbag.py:538} INFO - Filling up the DagBag from /home/airflow/.local/lib/python3.7/site-packages/airflow/example_dags/example_task_group.py
[2026-02-13T22:01:34.941+0000] {processor.py:753} INFO - DAG(s) dict_keys(['example_task_group']) retrieved from /home/airflow/.local/lib/python3.7/site-packages/airflow/example_dags/example_task_group.py
[2026-02-13T22:01:34.953+0000] {logging_mixin.py:137} INFO - [2026-02-13T22:01:34.953+0000] {dag.py:2690} INFO - Sync 1 DAGs
[2026-02-13T22:01:34.963+0000] {logging_mixin.py:137} INFO - [2026-02-13T22:01:34.963+0000] {dag.py:3441} INFO - Setting next_dagrun for example_task_group to 2026-02-12T22:01:34.963761+00:00, run_after=2026-02-13T22:01:34.963761+00:00
[2026-02-13T22:01:34.975+0000] {processor.py:175} INFO - Processing /home/airflow/.local/lib/python3.7/site-packages/airflow/example_dags/example_task_group.py took 0.043 seconds
[2026-02-13T22:02:05.454+0000] {processor.py:153} INFO - Started process (PID=240) to work on /home/airflow/.local/lib/python3.7/site-packages/airflow/example_dags/example_task_group.py
[2026-02-13T22:02:05.456+0000] {processor.py:743} INFO - Processing file /home/airflow/.local/lib/python3.7/site-packages/airflow/example_dags/example_task_group.py for tasks to queue
[2026-02-13T22:02:05.457+0000] {logging_mixin.py:137} INFO - [2026-02-13T22:02:05.457+0000] {dagbag.py:538} INFO - Filling up the DagBag from /home/airflow/.local/lib/python3.7/site-packages/airflow/example_dags/example_task_group.py
[2026-02-13T22:02:05.464+0000] {processor.py:753} INFO - DAG(s) dict_keys(['example_task_group']) retrieved from /home/airflow/.local/lib/python3.7/site-packages/airflow/example_dags/example_task_group.py
[2026-02-13T22:02:05.474+0000] {logging_mixin.py:137} INFO - [2026-02-13T22:02:05.474+0000] {dag.py:2690} INFO - Sync 1 DAGs
[2026-02-13T22:02:05.486+0000] {logging_mixin.py:137} INFO - [2026-02-13T22:02:05.486+0000] {dag.py:3441} INFO - Setting next_dagrun for example_task_group to 2026-02-12T22:02:05.486717+00:00, run_after=2026-02-13T22:02:05.486717+00:00
[2026-02-13T22:02:05.497+0000] {processor.py:175} INFO - Processing /home/airflow/.local/lib/python3.7/site-packages/airflow/example_dags/example_task_group.py took 0.044 seconds
[2026-02-13T22:02:36.096+0000] {processor.py:153} INFO - Started process (PID=312) to work on /home/airflow/.local/lib/python3.7/site-packages/airflow/example_dags/example_task_group.py
[2026-02-13T22:02:36.097+0000] {processor.py:743} INFO - Processing file /home/airflow/.local/lib/python3.7/site-packages/airflow/example_dags/example_task_group.py for tasks to queue
[2026-02-13T22:02:36.099+0000] {logging_mixin.py:137} INFO - [2026-02-13T22:02:36.099+0000] {dagbag.py:538} INFO - Filling up the DagBag from /home/airflow/.local/lib/python3.7/site-packages/airflow/example_dags/example_task_group.py
[2026-02-13T22:02:36.107+0000] {processor.py:753} INFO - DAG(s) dict_keys(['example_task_group']) retrieved from /home/airflow/.local/lib/python3.7/site-packages/airflow/example_dags/example_task_group.py
[2026-02-13T22:02:36.118+0000] {logging_mixin.py:137} INFO - [2026-02-13T22:02:36.118+0000] {dag.py:2690} INFO - Sync 1 DAGs
[2026-02-13T22:02:36.133+0000] {logging_mixin.py:137} INFO - [2026-02-13T22:02:36.133+0000] {dag.py:3441} INFO - Setting next_dagrun for example_task_group to 2026-02-12T22:02:36.133421+00:00, run_after=2026-02-13T22:02:36.133421+00:00
[2026-02-13T22:02:36.149+0000] {processor.py:175} INFO - Processing /home/airflow/.local/lib/python3.7/site-packages/airflow/example_dags/example_task_group.py took 0.054 seconds
[2026-02-13T22:03:30.458+0000] {processor.py:153} INFO - Started process (PID=63) to work on /home/airflow/.local/lib/python3.7/site-packages/airflow/example_dags/example_task_group.py
[2026-02-13T22:03:30.459+0000] {processor.py:743} INFO - Processing file /home/airflow/.local/lib/python3.7/site-packages/airflow/example_dags/example_task_group.py for tasks to queue
[2026-02-13T22:03:30.461+0000] {logging_mixin.py:137} INFO - [2026-02-13T22:03:30.460+0000] {dagbag.py:538} INFO - Filling up the DagBag from /home/airflow/.local/lib/python3.7/site-packages/airflow/example_dags/example_task_group.py
[2026-02-13T22:03:30.474+0000] {processor.py:753} INFO - DAG(s) dict_keys(['example_task_group']) retrieved from /home/airflow/.local/lib/python3.7/site-packages/airflow/example_dags/example_task_group.py
[2026-02-13T22:03:30.481+0000] {logging_mixin.py:137} INFO - [2026-02-13T22:03:30.481+0000] {dag.py:2690} INFO - Sync 1 DAGs
[2026-02-13T22:03:30.495+0000] {logging_mixin.py:137} INFO - [2026-02-13T22:03:30.495+0000] {dag.py:3441} INFO - Setting next_dagrun for example_task_group to 2026-02-12T22:03:30.495581+00:00, run_after=2026-02-13T22:03:30.495581+00:00
[2026-02-13T22:03:30.518+0000] {processor.py:175} INFO - Processing /home/airflow/.local/lib/python3.7/site-packages/airflow/example_dags/example_task_group.py took 0.062 seconds
[2026-02-13T22:04:01.323+0000] {processor.py:153} INFO - Started process (PID=150) to work on /home/airflow/.local/lib/python3.7/site-packages/airflow/example_dags/example_task_group.py
[2026-02-13T22:04:01.324+0000] {processor.py:743} INFO - Processing file /home/airflow/.local/lib/python3.7/site-packages/airflow/example_dags/example_task_group.py for tasks to queue
[2026-02-13T22:04:01.324+0000] {logging_mixin.py:137} INFO - [2026-02-13T22:04:01.324+0000] {dagbag.py:538} INFO - Filling up the DagBag from /home/airflow/.local/lib/python3.7/site-packages/airflow/example_dags/example_task_group.py
[2026-02-13T22:04:01.334+0000] {processor.py:753} INFO - DAG(s) dict_keys(['example_task_group']) retrieved from /home/airflow/.local/lib/python3.7/site-packages/airflow/example_dags/example_task_group.py
[2026-02-13T22:04:01.353+0000] {logging_mixin.py:137} INFO - [2026-02-13T22:04:01.353+0000] {dag.py:2690} INFO - Sync 1 DAGs
[2026-02-13T22:04:01.376+0000] {logging_mixin.py:137} INFO - [2026-02-13T22:04:01.376+0000] {dag.py:3441} INFO - Setting next_dagrun for example_task_group to 2026-02-12T22:04:01.376055+00:00, run_after=2026-02-13T22:04:01.376055+00:00
[2026-02-13T22:04:01.398+0000] {processor.py:175} INFO - Processing /home/airflow/.local/lib/python3.7/site-packages/airflow/example_dags/example_task_group.py took 0.077 seconds
[2026-02-13T22:04:32.362+0000] {processor.py:153} INFO - Started process (PID=238) to work on /home/airflow/.local/lib/python3.7/site-packages/airflow/example_dags/example_task_group.py
[2026-02-13T22:04:32.364+0000] {processor.py:743} INFO - Processing file /home/airflow/.local/lib/python3.7/site-packages/airflow/example_dags/example_task_group.py for tasks to queue
[2026-02-13T22:04:32.365+0000] {logging_mixin.py:137} INFO - [2026-02-13T22:04:32.365+0000] {dagbag.py:538} INFO - Filling up the DagBag from /home/airflow/.local/lib/python3.7/site-packages/airflow/example_dags/example_task_group.py
[2026-02-13T22:04:32.372+0000] {processor.py:753} INFO - DAG(s) dict_keys(['example_task_group']) retrieved from /home/airflow/.local/lib/python3.7/site-packages/airflow/example_dags/example_task_group.py
[2026-02-13T22:04:32.384+0000] {logging_mixin.py:137} INFO - [2026-02-13T22:04:32.384+0000] {dag.py:2690} INFO - Sync 1 DAGs
[2026-02-13T22:04:32.396+0000] {logging_mixin.py:137} INFO - [2026-02-13T22:04:32.396+0000] {dag.py:3441} INFO - Setting next_dagrun for example_task_group to 2026-02-12T22:04:32.396507+00:00, run_after=2026-02-13T22:04:32.396507+00:00
[2026-02-13T22:04:32.405+0000] {processor.py:175} INFO - Processing /home/airflow/.local/lib/python3.7/site-packages/airflow/example_dags/example_task_group.py took 0.045 seconds
[2026-02-13T22:05:03.053+0000] {processor.py:153} INFO - Started process (PID=310) to work on /home/airflow/.local/lib/python3.7/site-packages/airflow/example_dags/example_task_group.py
[2026-02-13T22:05:03.053+0000] {processor.py:743} INFO - Processing file /home/airflow/.local/lib/python3.7/site-packages/airflow/example_dags/example_task_group.py for tasks to queue
[2026-02-13T22:05:03.054+0000] {logging_mixin.py:137} INFO - [2026-02-13T22:05:03.054+0000] {dagbag.py:538} INFO - Filling up the DagBag from /home/airflow/.local/lib/python3.7/site-packages/airflow/example_dags/example_task_group.py
[2026-02-13T22:05:03.062+0000] {processor.py:753} INFO - DAG(s) dict_keys(['example_task_group']) retrieved from /home/airflow/.local/lib/python3.7/site-packages/airflow/example_dags/example_task_group.py
[2026-02-13T22:05:03.072+0000] {logging_mixin.py:137} INFO - [2026-02-13T22:05:03.072+0000] {dag.py:2690} INFO - Sync 1 DAGs
[2026-02-13T22:05:03.083+0000] {logging_mixin.py:137} INFO - [2026-02-13T22:05:03.083+0000] {dag.py:3441} INFO - Setting next_dagrun for example_task_group to 2026-02-12T22:05:03.083201+00:00, run_after=2026-02-13T22:05:03.083201+00:00
[2026-02-13T22:05:03.096+0000] {processor.py:175} INFO - Processing /home/airflow/.local/lib/python3.7/site-packages/airflow/example_dags/example_task_group.py took 0.045 seconds
[2026-02-13T22:05:33.621+0000] {processor.py:153} INFO - Started process (PID=398) to work on /home/airflow/.local/lib/python3.7/site-packages/airflow/example_dags/example_task_group.py
[2026-02-13T22:05:33.621+0000] {processor.py:743} INFO - Processing file /home/airflow/.local/lib/python3.7/site-packages/airflow/example_dags/example_task_group.py for tasks to queue
[2026-02-13T22:05:33.621+0000] {logging_mixin.py:137} INFO - [2026-02-13T22:05:33.621+0000] {dagbag.py:538} INFO - Filling up the DagBag from /home/airflow/.local/lib/python3.7/site-packages/airflow/example_dags/example_task_group.py
[2026-02-13T22:05:33.629+0000] {processor.py:753} INFO - DAG(s) dict_keys(['example_task_group']) retrieved from /home/airflow/.local/lib/python3.7/site-packages/airflow/example_dags/example_task_group.py
[2026-02-13T22:05:33.648+0000] {logging_mixin.py:137} INFO - [2026-02-13T22:05:33.648+0000] {dag.py:2690} INFO - Sync 1 DAGs
[2026-02-13T22:05:33.658+0000] {logging_mixin.py:137} INFO - [2026-02-13T22:05:33.658+0000] {dag.py:3441} INFO - Setting next_dagrun for example_task_group to 2026-02-12T22:05:33.657897+00:00, run_after=2026-02-13T22:05:33.657897+00:00
[2026-02-13T22:05:33.672+0000] {processor.py:175} INFO - Processing /home/airflow/.local/lib/python3.7/site-packages/airflow/example_dags/example_task_group.py took 0.053 seconds
[2026-02-13T22:06:33.665+0000] {processor.py:153} INFO - Started process (PID=65) to work on /home/airflow/.local/lib/python3.7/site-packages/airflow/example_dags/example_task_group.py
[2026-02-13T22:06:33.665+0000] {processor.py:743} INFO - Processing file /home/airflow/.local/lib/python3.7/site-packages/airflow/example_dags/example_task_group.py for tasks to queue
[2026-02-13T22:06:33.666+0000] {logging_mixin.py:137} INFO - [2026-02-13T22:06:33.666+0000] {dagbag.py:538} INFO - Filling up the DagBag from /home/airflow/.local/lib/python3.7/site-packages/airflow/example_dags/example_task_group.py
[2026-02-13T22:06:33.682+0000] {processor.py:753} INFO - DAG(s) dict_keys(['example_task_group']) retrieved from /home/airflow/.local/lib/python3.7/site-packages/airflow/example_dags/example_task_group.py
[2026-02-13T22:06:33.691+0000] {logging_mixin.py:137} INFO - [2026-02-13T22:06:33.691+0000] {dag.py:2690} INFO - Sync 1 DAGs
[2026-02-13T22:06:33.709+0000] {logging_mixin.py:137} INFO - [2026-02-13T22:06:33.708+0000] {dag.py:3441} INFO - Setting next_dagrun for example_task_group to 2026-02-12T22:06:33.708587+00:00, run_after=2026-02-13T22:06:33.708587+00:00
[2026-02-13T22:06:33.727+0000] {processor.py:175} INFO - Processing /home/airflow/.local/lib/python3.7/site-packages/airflow/example_dags/example_task_group.py took 0.065 seconds
[2026-02-13T22:07:04.880+0000] {processor.py:153} INFO - Started process (PID=154) to work on /home/airflow/.local/lib/python3.7/site-packages/airflow/example_dags/example_task_group.py
[2026-02-13T22:07:04.881+0000] {processor.py:743} INFO - Processing file /home/airflow/.local/lib/python3.7/site-packages/airflow/example_dags/example_task_group.py for tasks to queue
[2026-02-13T22:07:04.882+0000] {logging_mixin.py:137} INFO - [2026-02-13T22:07:04.882+0000] {dagbag.py:538} INFO - Filling up the DagBag from /home/airflow/.local/lib/python3.7/site-packages/airflow/example_dags/example_task_group.py
[2026-02-13T22:07:04.891+0000] {processor.py:753} INFO - DAG(s) dict_keys(['example_task_group']) retrieved from /home/airflow/.local/lib/python3.7/site-packages/airflow/example_dags/example_task_group.py
[2026-02-13T22:07:04.914+0000] {logging_mixin.py:137} INFO - [2026-02-13T22:07:04.914+0000] {dag.py:2690} INFO - Sync 1 DAGs
[2026-02-13T22:07:04.933+0000] {logging_mixin.py:137} INFO - [2026-02-13T22:07:04.933+0000] {dag.py:3441} INFO - Setting next_dagrun for example_task_group to 2026-02-12T22:07:04.933140+00:00, run_after=2026-02-13T22:07:04.933140+00:00
[2026-02-13T22:07:04.953+0000] {processor.py:175} INFO - Processing /home/airflow/.local/lib/python3.7/site-packages/airflow/example_dags/example_task_group.py took 0.076 seconds
[2026-02-13T22:07:35.929+0000] {processor.py:153} INFO - Started process (PID=243) to work on /home/airflow/.local/lib/python3.7/site-packages/airflow/example_dags/example_task_group.py
[2026-02-13T22:07:35.932+0000] {processor.py:743} INFO - Processing file /home/airflow/.local/lib/python3.7/site-packages/airflow/example_dags/example_task_group.py for tasks to queue
[2026-02-13T22:07:35.933+0000] {logging_mixin.py:137} INFO - [2026-02-13T22:07:35.933+0000] {dagbag.py:538} INFO - Filling up the DagBag from /home/airflow/.local/lib/python3.7/site-packages/airflow/example_dags/example_task_group.py
[2026-02-13T22:07:35.950+0000] {processor.py:753} INFO - DAG(s) dict_keys(['example_task_group']) retrieved from /home/airflow/.local/lib/python3.7/site-packages/airflow/example_dags/example_task_group.py
[2026-02-13T22:07:35.977+0000] {logging_mixin.py:137} INFO - [2026-02-13T22:07:35.977+0000] {dag.py:2690} INFO - Sync 1 DAGs
[2026-02-13T22:07:35.997+0000] {logging_mixin.py:137} INFO - [2026-02-13T22:07:35.997+0000] {dag.py:3441} INFO - Setting next_dagrun for example_task_group to 2026-02-12T22:07:35.997409+00:00, run_after=2026-02-13T22:07:35.997409+00:00
[2026-02-13T22:07:36.014+0000] {processor.py:175} INFO - Processing /home/airflow/.local/lib/python3.7/site-packages/airflow/example_dags/example_task_group.py took 0.088 seconds
[2026-02-13T22:08:06.574+0000] {processor.py:153} INFO - Started process (PID=316) to work on /home/airflow/.local/lib/python3.7/site-packages/airflow/example_dags/example_task_group.py
[2026-02-13T22:08:06.575+0000] {processor.py:743} INFO - Processing file /home/airflow/.local/lib/python3.7/site-packages/airflow/example_dags/example_task_group.py for tasks to queue
[2026-02-13T22:08:06.576+0000] {logging_mixin.py:137} INFO - [2026-02-13T22:08:06.576+0000] {dagbag.py:538} INFO - Filling up the DagBag from /home/airflow/.local/lib/python3.7/site-packages/airflow/example_dags/example_task_group.py
[2026-02-13T22:08:06.587+0000] {processor.py:753} INFO - DAG(s) dict_keys(['example_task_group']) retrieved from /home/airflow/.local/lib/python3.7/site-packages/airflow/example_dags/example_task_group.py
[2026-02-13T22:08:06.607+0000] {logging_mixin.py:137} INFO - [2026-02-13T22:08:06.604+0000] {dag.py:2690} INFO - Sync 1 DAGs
[2026-02-13T22:08:06.620+0000] {logging_mixin.py:137} INFO - [2026-02-13T22:08:06.620+0000] {dag.py:3441} INFO - Setting next_dagrun for example_task_group to 2026-02-12T22:08:06.620240+00:00, run_after=2026-02-13T22:08:06.620240+00:00
[2026-02-13T22:08:06.633+0000] {processor.py:175} INFO - Processing /home/airflow/.local/lib/python3.7/site-packages/airflow/example_dags/example_task_group.py took 0.062 seconds
[2026-02-13T22:08:37.393+0000] {processor.py:153} INFO - Started process (PID=405) to work on /home/airflow/.local/lib/python3.7/site-packages/airflow/example_dags/example_task_group.py
[2026-02-13T22:08:37.394+0000] {processor.py:743} INFO - Processing file /home/airflow/.local/lib/python3.7/site-packages/airflow/example_dags/example_task_group.py for tasks to queue
[2026-02-13T22:08:37.395+0000] {logging_mixin.py:137} INFO - [2026-02-13T22:08:37.395+0000] {dagbag.py:538} INFO - Filling up the DagBag from /home/airflow/.local/lib/python3.7/site-packages/airflow/example_dags/example_task_group.py
[2026-02-13T22:08:37.406+0000] {processor.py:753} INFO - DAG(s) dict_keys(['example_task_group']) retrieved from /home/airflow/.local/lib/python3.7/site-packages/airflow/example_dags/example_task_group.py
[2026-02-13T22:08:37.425+0000] {logging_mixin.py:137} INFO - [2026-02-13T22:08:37.425+0000] {dag.py:2690} INFO - Sync 1 DAGs
[2026-02-13T22:08:37.437+0000] {logging_mixin.py:137} INFO - [2026-02-13T22:08:37.437+0000] {dag.py:3441} INFO - Setting next_dagrun for example_task_group to 2026-02-12T22:08:37.437648+00:00, run_after=2026-02-13T22:08:37.437648+00:00
[2026-02-13T22:08:37.451+0000] {processor.py:175} INFO - Processing /home/airflow/.local/lib/python3.7/site-packages/airflow/example_dags/example_task_group.py took 0.060 seconds
[2026-02-13T22:09:08.024+0000] {processor.py:153} INFO - Started process (PID=494) to work on /home/airflow/.local/lib/python3.7/site-packages/airflow/example_dags/example_task_group.py
[2026-02-13T22:09:08.027+0000] {processor.py:743} INFO - Processing file /home/airflow/.local/lib/python3.7/site-packages/airflow/example_dags/example_task_group.py for tasks to queue
[2026-02-13T22:09:08.028+0000] {logging_mixin.py:137} INFO - [2026-02-13T22:09:08.028+0000] {dagbag.py:538} INFO - Filling up the DagBag from /home/airflow/.local/lib/python3.7/site-packages/airflow/example_dags/example_task_group.py
[2026-02-13T22:09:08.038+0000] {processor.py:753} INFO - DAG(s) dict_keys(['example_task_group']) retrieved from /home/airflow/.local/lib/python3.7/site-packages/airflow/example_dags/example_task_group.py
[2026-02-13T22:09:08.054+0000] {logging_mixin.py:137} INFO - [2026-02-13T22:09:08.054+0000] {dag.py:2690} INFO - Sync 1 DAGs
[2026-02-13T22:09:08.071+0000] {logging_mixin.py:137} INFO - [2026-02-13T22:09:08.071+0000] {dag.py:3441} INFO - Setting next_dagrun for example_task_group to 2026-02-12T22:09:08.071048+00:00, run_after=2026-02-13T22:09:08.071048+00:00
[2026-02-13T22:09:08.078+0000] {processor.py:175} INFO - Processing /home/airflow/.local/lib/python3.7/site-packages/airflow/example_dags/example_task_group.py took 0.057 seconds
[2026-02-13T22:09:38.585+0000] {processor.py:153} INFO - Started process (PID=582) to work on /home/airflow/.local/lib/python3.7/site-packages/airflow/example_dags/example_task_group.py
[2026-02-13T22:09:38.587+0000] {processor.py:743} INFO - Processing file /home/airflow/.local/lib/python3.7/site-packages/airflow/example_dags/example_task_group.py for tasks to queue
[2026-02-13T22:09:38.589+0000] {logging_mixin.py:137} INFO - [2026-02-13T22:09:38.589+0000] {dagbag.py:538} INFO - Filling up the DagBag from /home/airflow/.local/lib/python3.7/site-packages/airflow/example_dags/example_task_group.py
[2026-02-13T22:09:38.600+0000] {processor.py:753} INFO - DAG(s) dict_keys(['example_task_group']) retrieved from /home/airflow/.local/lib/python3.7/site-packages/airflow/example_dags/example_task_group.py
[2026-02-13T22:09:38.617+0000] {logging_mixin.py:137} INFO - [2026-02-13T22:09:38.616+0000] {dag.py:2690} INFO - Sync 1 DAGs
[2026-02-13T22:09:38.629+0000] {logging_mixin.py:137} INFO - [2026-02-13T22:09:38.629+0000] {dag.py:3441} INFO - Setting next_dagrun for example_task_group to 2026-02-12T22:09:38.629297+00:00, run_after=2026-02-13T22:09:38.629297+00:00
[2026-02-13T22:09:38.642+0000] {processor.py:175} INFO - Processing /home/airflow/.local/lib/python3.7/site-packages/airflow/example_dags/example_task_group.py took 0.060 seconds
[2026-02-13T22:10:09.170+0000] {processor.py:153} INFO - Started process (PID=664) to work on /home/airflow/.local/lib/python3.7/site-packages/airflow/example_dags/example_task_group.py
[2026-02-13T22:10:09.171+0000] {processor.py:743} INFO - Processing file /home/airflow/.local/lib/python3.7/site-packages/airflow/example_dags/example_task_group.py for tasks to queue
[2026-02-13T22:10:09.171+0000] {logging_mixin.py:137} INFO - [2026-02-13T22:10:09.171+0000] {dagbag.py:538} INFO - Filling up the DagBag from /home/airflow/.local/lib/python3.7/site-packages/airflow/example_dags/example_task_group.py
[2026-02-13T22:10:09.178+0000] {processor.py:753} INFO - DAG(s) dict_keys(['example_task_group']) retrieved from /home/airflow/.local/lib/python3.7/site-packages/airflow/example_dags/example_task_group.py
[2026-02-13T22:10:09.195+0000] {logging_mixin.py:137} INFO - [2026-02-13T22:10:09.195+0000] {dag.py:2690} INFO - Sync 1 DAGs
[2026-02-13T22:10:09.209+0000] {logging_mixin.py:137} INFO - [2026-02-13T22:10:09.209+0000] {dag.py:3441} INFO - Setting next_dagrun for example_task_group to 2026-02-12T22:10:09.209363+00:00, run_after=2026-02-13T22:10:09.209363+00:00
[2026-02-13T22:10:09.225+0000] {processor.py:175} INFO - Processing /home/airflow/.local/lib/python3.7/site-packages/airflow/example_dags/example_task_group.py took 0.056 seconds
[2026-02-13T22:10:39.848+0000] {processor.py:153} INFO - Started process (PID=743) to work on /home/airflow/.local/lib/python3.7/site-packages/airflow/example_dags/example_task_group.py
[2026-02-13T22:10:39.849+0000] {processor.py:743} INFO - Processing file /home/airflow/.local/lib/python3.7/site-packages/airflow/example_dags/example_task_group.py for tasks to queue
[2026-02-13T22:10:39.850+0000] {logging_mixin.py:137} INFO - [2026-02-13T22:10:39.850+0000] {dagbag.py:538} INFO - Filling up the DagBag from /home/airflow/.local/lib/python3.7/site-packages/airflow/example_dags/example_task_group.py
[2026-02-13T22:10:39.862+0000] {processor.py:753} INFO - DAG(s) dict_keys(['example_task_group']) retrieved from /home/airflow/.local/lib/python3.7/site-packages/airflow/example_dags/example_task_group.py
[2026-02-13T22:10:39.882+0000] {logging_mixin.py:137} INFO - [2026-02-13T22:10:39.881+0000] {dag.py:2690} INFO - Sync 1 DAGs
[2026-02-13T22:10:39.894+0000] {logging_mixin.py:137} INFO - [2026-02-13T22:10:39.894+0000] {dag.py:3441} INFO - Setting next_dagrun for example_task_group to 2026-02-12T22:10:39.894716+00:00, run_after=2026-02-13T22:10:39.894716+00:00
[2026-02-13T22:10:39.907+0000] {processor.py:175} INFO - Processing /home/airflow/.local/lib/python3.7/site-packages/airflow/example_dags/example_task_group.py took 0.062 seconds
[2026-02-13T22:11:10.369+0000] {processor.py:153} INFO - Started process (PID=832) to work on /home/airflow/.local/lib/python3.7/site-packages/airflow/example_dags/example_task_group.py
[2026-02-13T22:11:10.371+0000] {processor.py:743} INFO - Processing file /home/airflow/.local/lib/python3.7/site-packages/airflow/example_dags/example_task_group.py for tasks to queue
[2026-02-13T22:11:10.372+0000] {logging_mixin.py:137} INFO - [2026-02-13T22:11:10.372+0000] {dagbag.py:538} INFO - Filling up the DagBag from /home/airflow/.local/lib/python3.7/site-packages/airflow/example_dags/example_task_group.py
[2026-02-13T22:11:10.378+0000] {processor.py:753} INFO - DAG(s) dict_keys(['example_task_group']) retrieved from /home/airflow/.local/lib/python3.7/site-packages/airflow/example_dags/example_task_group.py
[2026-02-13T22:11:10.389+0000] {logging_mixin.py:137} INFO - [2026-02-13T22:11:10.389+0000] {dag.py:2690} INFO - Sync 1 DAGs
[2026-02-13T22:11:10.407+0000] {logging_mixin.py:137} INFO - [2026-02-13T22:11:10.407+0000] {dag.py:3441} INFO - Setting next_dagrun for example_task_group to 2026-02-12T22:11:10.406953+00:00, run_after=2026-02-13T22:11:10.406953+00:00
[2026-02-13T22:11:10.419+0000] {processor.py:175} INFO - Processing /home/airflow/.local/lib/python3.7/site-packages/airflow/example_dags/example_task_group.py took 0.051 seconds
[2026-02-13T22:11:41.024+0000] {processor.py:153} INFO - Started process (PID=920) to work on /home/airflow/.local/lib/python3.7/site-packages/airflow/example_dags/example_task_group.py
[2026-02-13T22:11:41.025+0000] {processor.py:743} INFO - Processing file /home/airflow/.local/lib/python3.7/site-packages/airflow/example_dags/example_task_group.py for tasks to queue
[2026-02-13T22:11:41.028+0000] {logging_mixin.py:137} INFO - [2026-02-13T22:11:41.028+0000] {dagbag.py:538} INFO - Filling up the DagBag from /home/airflow/.local/lib/python3.7/site-packages/airflow/example_dags/example_task_group.py
[2026-02-13T22:11:41.037+0000] {processor.py:753} INFO - DAG(s) dict_keys(['example_task_group']) retrieved from /home/airflow/.local/lib/python3.7/site-packages/airflow/example_dags/example_task_group.py
[2026-02-13T22:11:41.054+0000] {logging_mixin.py:137} INFO - [2026-02-13T22:11:41.054+0000] {dag.py:2690} INFO - Sync 1 DAGs
[2026-02-13T22:11:41.065+0000] {logging_mixin.py:137} INFO - [2026-02-13T22:11:41.065+0000] {dag.py:3441} INFO - Setting next_dagrun for example_task_group to 2026-02-12T22:11:41.065402+00:00, run_after=2026-02-13T22:11:41.065402+00:00
[2026-02-13T22:11:41.079+0000] {processor.py:175} INFO - Processing /home/airflow/.local/lib/python3.7/site-packages/airflow/example_dags/example_task_group.py took 0.057 seconds
[2026-02-13T22:12:11.537+0000] {processor.py:153} INFO - Started process (PID=1009) to work on /home/airflow/.local/lib/python3.7/site-packages/airflow/example_dags/example_task_group.py
[2026-02-13T22:12:11.538+0000] {processor.py:743} INFO - Processing file /home/airflow/.local/lib/python3.7/site-packages/airflow/example_dags/example_task_group.py for tasks to queue
[2026-02-13T22:12:11.538+0000] {logging_mixin.py:137} INFO - [2026-02-13T22:12:11.538+0000] {dagbag.py:538} INFO - Filling up the DagBag from /home/airflow/.local/lib/python3.7/site-packages/airflow/example_dags/example_task_group.py
[2026-02-13T22:12:11.548+0000] {processor.py:753} INFO - DAG(s) dict_keys(['example_task_group']) retrieved from /home/airflow/.local/lib/python3.7/site-packages/airflow/example_dags/example_task_group.py
[2026-02-13T22:12:11.565+0000] {logging_mixin.py:137} INFO - [2026-02-13T22:12:11.565+0000] {dag.py:2690} INFO - Sync 1 DAGs
[2026-02-13T22:12:11.579+0000] {logging_mixin.py:137} INFO - [2026-02-13T22:12:11.579+0000] {dag.py:3441} INFO - Setting next_dagrun for example_task_group to 2026-02-12T22:12:11.579448+00:00, run_after=2026-02-13T22:12:11.579448+00:00
[2026-02-13T22:12:11.594+0000] {processor.py:175} INFO - Processing /home/airflow/.local/lib/python3.7/site-packages/airflow/example_dags/example_task_group.py took 0.059 seconds
[2026-02-13T22:20:57.597+0000] {processor.py:153} INFO - Started process (PID=104) to work on /home/airflow/.local/lib/python3.7/site-packages/airflow/example_dags/example_task_group.py
[2026-02-13T22:20:57.598+0000] {processor.py:743} INFO - Processing file /home/airflow/.local/lib/python3.7/site-packages/airflow/example_dags/example_task_group.py for tasks to queue
[2026-02-13T22:20:57.599+0000] {logging_mixin.py:137} INFO - [2026-02-13T22:20:57.599+0000] {dagbag.py:538} INFO - Filling up the DagBag from /home/airflow/.local/lib/python3.7/site-packages/airflow/example_dags/example_task_group.py
[2026-02-13T22:20:57.609+0000] {processor.py:753} INFO - DAG(s) dict_keys(['example_task_group']) retrieved from /home/airflow/.local/lib/python3.7/site-packages/airflow/example_dags/example_task_group.py
[2026-02-13T22:20:57.616+0000] {logging_mixin.py:137} INFO - [2026-02-13T22:20:57.616+0000] {dag.py:2690} INFO - Sync 1 DAGs
[2026-02-13T22:20:57.629+0000] {logging_mixin.py:137} INFO - [2026-02-13T22:20:57.629+0000] {dag.py:3441} INFO - Setting next_dagrun for example_task_group to 2026-02-12T22:20:57.629577+00:00, run_after=2026-02-13T22:20:57.629577+00:00
[2026-02-13T22:20:57.642+0000] {processor.py:175} INFO - Processing /home/airflow/.local/lib/python3.7/site-packages/airflow/example_dags/example_task_group.py took 0.047 seconds
[2026-02-13T22:21:28.330+0000] {processor.py:153} INFO - Started process (PID=177) to work on /home/airflow/.local/lib/python3.7/site-packages/airflow/example_dags/example_task_group.py
[2026-02-13T22:21:28.331+0000] {processor.py:743} INFO - Processing file /home/airflow/.local/lib/python3.7/site-packages/airflow/example_dags/example_task_group.py for tasks to queue
[2026-02-13T22:21:28.332+0000] {logging_mixin.py:137} INFO - [2026-02-13T22:21:28.332+0000] {dagbag.py:538} INFO - Filling up the DagBag from /home/airflow/.local/lib/python3.7/site-packages/airflow/example_dags/example_task_group.py
[2026-02-13T22:21:28.340+0000] {processor.py:753} INFO - DAG(s) dict_keys(['example_task_group']) retrieved from /home/airflow/.local/lib/python3.7/site-packages/airflow/example_dags/example_task_group.py
[2026-02-13T22:21:28.352+0000] {logging_mixin.py:137} INFO - [2026-02-13T22:21:28.352+0000] {dag.py:2690} INFO - Sync 1 DAGs
[2026-02-13T22:21:28.365+0000] {logging_mixin.py:137} INFO - [2026-02-13T22:21:28.364+0000] {dag.py:3441} INFO - Setting next_dagrun for example_task_group to 2026-02-12T22:21:28.364843+00:00, run_after=2026-02-13T22:21:28.364843+00:00
[2026-02-13T22:21:28.379+0000] {processor.py:175} INFO - Processing /home/airflow/.local/lib/python3.7/site-packages/airflow/example_dags/example_task_group.py took 0.051 seconds
[2026-02-13T22:21:59.379+0000] {processor.py:153} INFO - Started process (PID=267) to work on /home/airflow/.local/lib/python3.7/site-packages/airflow/example_dags/example_task_group.py
[2026-02-13T22:21:59.380+0000] {processor.py:743} INFO - Processing file /home/airflow/.local/lib/python3.7/site-packages/airflow/example_dags/example_task_group.py for tasks to queue
[2026-02-13T22:21:59.381+0000] {logging_mixin.py:137} INFO - [2026-02-13T22:21:59.381+0000] {dagbag.py:538} INFO - Filling up the DagBag from /home/airflow/.local/lib/python3.7/site-packages/airflow/example_dags/example_task_group.py
[2026-02-13T22:21:59.389+0000] {processor.py:753} INFO - DAG(s) dict_keys(['example_task_group']) retrieved from /home/airflow/.local/lib/python3.7/site-packages/airflow/example_dags/example_task_group.py
[2026-02-13T22:21:59.406+0000] {logging_mixin.py:137} INFO - [2026-02-13T22:21:59.406+0000] {dag.py:2690} INFO - Sync 1 DAGs
[2026-02-13T22:21:59.419+0000] {logging_mixin.py:137} INFO - [2026-02-13T22:21:59.419+0000] {dag.py:3441} INFO - Setting next_dagrun for example_task_group to 2026-02-12T22:21:59.419022+00:00, run_after=2026-02-13T22:21:59.419022+00:00
[2026-02-13T22:21:59.429+0000] {processor.py:175} INFO - Processing /home/airflow/.local/lib/python3.7/site-packages/airflow/example_dags/example_task_group.py took 0.051 seconds
[2026-02-13T22:22:29.989+0000] {processor.py:153} INFO - Started process (PID=357) to work on /home/airflow/.local/lib/python3.7/site-packages/airflow/example_dags/example_task_group.py
[2026-02-13T22:22:29.989+0000] {processor.py:743} INFO - Processing file /home/airflow/.local/lib/python3.7/site-packages/airflow/example_dags/example_task_group.py for tasks to queue
[2026-02-13T22:22:29.989+0000] {logging_mixin.py:137} INFO - [2026-02-13T22:22:29.989+0000] {dagbag.py:538} INFO - Filling up the DagBag from /home/airflow/.local/lib/python3.7/site-packages/airflow/example_dags/example_task_group.py
[2026-02-13T22:22:29.997+0000] {processor.py:753} INFO - DAG(s) dict_keys(['example_task_group']) retrieved from /home/airflow/.local/lib/python3.7/site-packages/airflow/example_dags/example_task_group.py
[2026-02-13T22:22:30.010+0000] {logging_mixin.py:137} INFO - [2026-02-13T22:22:30.010+0000] {dag.py:2690} INFO - Sync 1 DAGs
[2026-02-13T22:22:30.024+0000] {logging_mixin.py:137} INFO - [2026-02-13T22:22:30.024+0000] {dag.py:3441} INFO - Setting next_dagrun for example_task_group to 2026-02-12T22:22:30.024449+00:00, run_after=2026-02-13T22:22:30.024449+00:00
[2026-02-13T22:22:30.037+0000] {processor.py:175} INFO - Processing /home/airflow/.local/lib/python3.7/site-packages/airflow/example_dags/example_task_group.py took 0.049 seconds
[2026-02-13T22:23:00.640+0000] {processor.py:153} INFO - Started process (PID=446) to work on /home/airflow/.local/lib/python3.7/site-packages/airflow/example_dags/example_task_group.py
[2026-02-13T22:23:00.641+0000] {processor.py:743} INFO - Processing file /home/airflow/.local/lib/python3.7/site-packages/airflow/example_dags/example_task_group.py for tasks to queue
[2026-02-13T22:23:00.642+0000] {logging_mixin.py:137} INFO - [2026-02-13T22:23:00.642+0000] {dagbag.py:538} INFO - Filling up the DagBag from /home/airflow/.local/lib/python3.7/site-packages/airflow/example_dags/example_task_group.py
[2026-02-13T22:23:00.649+0000] {processor.py:753} INFO - DAG(s) dict_keys(['example_task_group']) retrieved from /home/airflow/.local/lib/python3.7/site-packages/airflow/example_dags/example_task_group.py
[2026-02-13T22:23:00.663+0000] {logging_mixin.py:137} INFO - [2026-02-13T22:23:00.663+0000] {dag.py:2690} INFO - Sync 1 DAGs
[2026-02-13T22:23:00.679+0000] {logging_mixin.py:137} INFO - [2026-02-13T22:23:00.679+0000] {dag.py:3441} INFO - Setting next_dagrun for example_task_group to 2026-02-12T22:23:00.678989+00:00, run_after=2026-02-13T22:23:00.678989+00:00
[2026-02-13T22:23:00.692+0000] {processor.py:175} INFO - Processing /home/airflow/.local/lib/python3.7/site-packages/airflow/example_dags/example_task_group.py took 0.053 seconds
[2026-02-13T22:23:31.335+0000] {processor.py:153} INFO - Started process (PID=519) to work on /home/airflow/.local/lib/python3.7/site-packages/airflow/example_dags/example_task_group.py
[2026-02-13T22:23:31.338+0000] {processor.py:743} INFO - Processing file /home/airflow/.local/lib/python3.7/site-packages/airflow/example_dags/example_task_group.py for tasks to queue
[2026-02-13T22:23:31.338+0000] {logging_mixin.py:137} INFO - [2026-02-13T22:23:31.338+0000] {dagbag.py:538} INFO - Filling up the DagBag from /home/airflow/.local/lib/python3.7/site-packages/airflow/example_dags/example_task_group.py
[2026-02-13T22:23:31.346+0000] {processor.py:753} INFO - DAG(s) dict_keys(['example_task_group']) retrieved from /home/airflow/.local/lib/python3.7/site-packages/airflow/example_dags/example_task_group.py
[2026-02-13T22:23:31.360+0000] {logging_mixin.py:137} INFO - [2026-02-13T22:23:31.360+0000] {dag.py:2690} INFO - Sync 1 DAGs
[2026-02-13T22:23:31.370+0000] {logging_mixin.py:137} INFO - [2026-02-13T22:23:31.370+0000] {dag.py:3441} INFO - Setting next_dagrun for example_task_group to 2026-02-12T22:23:31.370552+00:00, run_after=2026-02-13T22:23:31.370552+00:00
[2026-02-13T22:23:31.382+0000] {processor.py:175} INFO - Processing /home/airflow/.local/lib/python3.7/site-packages/airflow/example_dags/example_task_group.py took 0.048 seconds
[2026-02-13T22:24:01.997+0000] {processor.py:153} INFO - Started process (PID=607) to work on /home/airflow/.local/lib/python3.7/site-packages/airflow/example_dags/example_task_group.py
[2026-02-13T22:24:01.998+0000] {processor.py:743} INFO - Processing file /home/airflow/.local/lib/python3.7/site-packages/airflow/example_dags/example_task_group.py for tasks to queue
[2026-02-13T22:24:02.000+0000] {logging_mixin.py:137} INFO - [2026-02-13T22:24:02.000+0000] {dagbag.py:538} INFO - Filling up the DagBag from /home/airflow/.local/lib/python3.7/site-packages/airflow/example_dags/example_task_group.py
[2026-02-13T22:24:02.006+0000] {processor.py:753} INFO - DAG(s) dict_keys(['example_task_group']) retrieved from /home/airflow/.local/lib/python3.7/site-packages/airflow/example_dags/example_task_group.py
[2026-02-13T22:24:02.021+0000] {logging_mixin.py:137} INFO - [2026-02-13T22:24:02.021+0000] {dag.py:2690} INFO - Sync 1 DAGs
[2026-02-13T22:24:02.032+0000] {logging_mixin.py:137} INFO - [2026-02-13T22:24:02.032+0000] {dag.py:3441} INFO - Setting next_dagrun for example_task_group to 2026-02-12T22:24:02.032623+00:00, run_after=2026-02-13T22:24:02.032623+00:00
[2026-02-13T22:24:02.044+0000] {processor.py:175} INFO - Processing /home/airflow/.local/lib/python3.7/site-packages/airflow/example_dags/example_task_group.py took 0.049 seconds
[2026-02-13T22:24:32.804+0000] {processor.py:153} INFO - Started process (PID=696) to work on /home/airflow/.local/lib/python3.7/site-packages/airflow/example_dags/example_task_group.py
[2026-02-13T22:24:32.805+0000] {processor.py:743} INFO - Processing file /home/airflow/.local/lib/python3.7/site-packages/airflow/example_dags/example_task_group.py for tasks to queue
[2026-02-13T22:24:32.805+0000] {logging_mixin.py:137} INFO - [2026-02-13T22:24:32.805+0000] {dagbag.py:538} INFO - Filling up the DagBag from /home/airflow/.local/lib/python3.7/site-packages/airflow/example_dags/example_task_group.py
[2026-02-13T22:24:32.813+0000] {processor.py:753} INFO - DAG(s) dict_keys(['example_task_group']) retrieved from /home/airflow/.local/lib/python3.7/site-packages/airflow/example_dags/example_task_group.py
[2026-02-13T22:24:32.822+0000] {logging_mixin.py:137} INFO - [2026-02-13T22:24:32.822+0000] {dag.py:2690} INFO - Sync 1 DAGs
[2026-02-13T22:24:32.835+0000] {logging_mixin.py:137} INFO - [2026-02-13T22:24:32.835+0000] {dag.py:3441} INFO - Setting next_dagrun for example_task_group to 2026-02-12T22:24:32.835103+00:00, run_after=2026-02-13T22:24:32.835103+00:00
[2026-02-13T22:24:32.850+0000] {processor.py:175} INFO - Processing /home/airflow/.local/lib/python3.7/site-packages/airflow/example_dags/example_task_group.py took 0.048 seconds
[2026-02-13T22:25:03.442+0000] {processor.py:153} INFO - Started process (PID=785) to work on /home/airflow/.local/lib/python3.7/site-packages/airflow/example_dags/example_task_group.py
[2026-02-13T22:25:03.442+0000] {processor.py:743} INFO - Processing file /home/airflow/.local/lib/python3.7/site-packages/airflow/example_dags/example_task_group.py for tasks to queue
[2026-02-13T22:25:03.443+0000] {logging_mixin.py:137} INFO - [2026-02-13T22:25:03.443+0000] {dagbag.py:538} INFO - Filling up the DagBag from /home/airflow/.local/lib/python3.7/site-packages/airflow/example_dags/example_task_group.py
[2026-02-13T22:25:03.450+0000] {processor.py:753} INFO - DAG(s) dict_keys(['example_task_group']) retrieved from /home/airflow/.local/lib/python3.7/site-packages/airflow/example_dags/example_task_group.py
[2026-02-13T22:25:03.462+0000] {logging_mixin.py:137} INFO - [2026-02-13T22:25:03.462+0000] {dag.py:2690} INFO - Sync 1 DAGs
[2026-02-13T22:25:03.475+0000] {logging_mixin.py:137} INFO - [2026-02-13T22:25:03.475+0000] {dag.py:3441} INFO - Setting next_dagrun for example_task_group to 2026-02-12T22:25:03.475680+00:00, run_after=2026-02-13T22:25:03.475680+00:00
[2026-02-13T22:25:03.488+0000] {processor.py:175} INFO - Processing /home/airflow/.local/lib/python3.7/site-packages/airflow/example_dags/example_task_group.py took 0.047 seconds
[2026-02-13T22:25:34.140+0000] {processor.py:153} INFO - Started process (PID=874) to work on /home/airflow/.local/lib/python3.7/site-packages/airflow/example_dags/example_task_group.py
[2026-02-13T22:25:34.140+0000] {processor.py:743} INFO - Processing file /home/airflow/.local/lib/python3.7/site-packages/airflow/example_dags/example_task_group.py for tasks to queue
[2026-02-13T22:25:34.140+0000] {logging_mixin.py:137} INFO - [2026-02-13T22:25:34.140+0000] {dagbag.py:538} INFO - Filling up the DagBag from /home/airflow/.local/lib/python3.7/site-packages/airflow/example_dags/example_task_group.py
[2026-02-13T22:25:34.148+0000] {processor.py:753} INFO - DAG(s) dict_keys(['example_task_group']) retrieved from /home/airflow/.local/lib/python3.7/site-packages/airflow/example_dags/example_task_group.py
[2026-02-13T22:25:34.161+0000] {logging_mixin.py:137} INFO - [2026-02-13T22:25:34.161+0000] {dag.py:2690} INFO - Sync 1 DAGs
[2026-02-13T22:25:34.176+0000] {logging_mixin.py:137} INFO - [2026-02-13T22:25:34.176+0000] {dag.py:3441} INFO - Setting next_dagrun for example_task_group to 2026-02-12T22:25:34.175926+00:00, run_after=2026-02-13T22:25:34.175926+00:00
[2026-02-13T22:25:34.187+0000] {processor.py:175} INFO - Processing /home/airflow/.local/lib/python3.7/site-packages/airflow/example_dags/example_task_group.py took 0.048 seconds
[2026-02-13T22:26:04.687+0000] {processor.py:153} INFO - Started process (PID=947) to work on /home/airflow/.local/lib/python3.7/site-packages/airflow/example_dags/example_task_group.py
[2026-02-13T22:26:04.687+0000] {processor.py:743} INFO - Processing file /home/airflow/.local/lib/python3.7/site-packages/airflow/example_dags/example_task_group.py for tasks to queue
[2026-02-13T22:26:04.688+0000] {logging_mixin.py:137} INFO - [2026-02-13T22:26:04.688+0000] {dagbag.py:538} INFO - Filling up the DagBag from /home/airflow/.local/lib/python3.7/site-packages/airflow/example_dags/example_task_group.py
[2026-02-13T22:26:04.695+0000] {processor.py:753} INFO - DAG(s) dict_keys(['example_task_group']) retrieved from /home/airflow/.local/lib/python3.7/site-packages/airflow/example_dags/example_task_group.py
[2026-02-13T22:26:04.708+0000] {logging_mixin.py:137} INFO - [2026-02-13T22:26:04.708+0000] {dag.py:2690} INFO - Sync 1 DAGs
[2026-02-13T22:26:04.719+0000] {logging_mixin.py:137} INFO - [2026-02-13T22:26:04.719+0000] {dag.py:3441} INFO - Setting next_dagrun for example_task_group to 2026-02-12T22:26:04.719620+00:00, run_after=2026-02-13T22:26:04.719620+00:00
[2026-02-13T22:26:04.726+0000] {processor.py:175} INFO - Processing /home/airflow/.local/lib/python3.7/site-packages/airflow/example_dags/example_task_group.py took 0.041 seconds
[2026-02-13T22:26:35.262+0000] {processor.py:153} INFO - Started process (PID=1036) to work on /home/airflow/.local/lib/python3.7/site-packages/airflow/example_dags/example_task_group.py
[2026-02-13T22:26:35.264+0000] {processor.py:743} INFO - Processing file /home/airflow/.local/lib/python3.7/site-packages/airflow/example_dags/example_task_group.py for tasks to queue
[2026-02-13T22:26:35.264+0000] {logging_mixin.py:137} INFO - [2026-02-13T22:26:35.264+0000] {dagbag.py:538} INFO - Filling up the DagBag from /home/airflow/.local/lib/python3.7/site-packages/airflow/example_dags/example_task_group.py
[2026-02-13T22:26:35.276+0000] {processor.py:753} INFO - DAG(s) dict_keys(['example_task_group']) retrieved from /home/airflow/.local/lib/python3.7/site-packages/airflow/example_dags/example_task_group.py
[2026-02-13T22:26:35.291+0000] {logging_mixin.py:137} INFO - [2026-02-13T22:26:35.291+0000] {dag.py:2690} INFO - Sync 1 DAGs
[2026-02-13T22:26:35.304+0000] {logging_mixin.py:137} INFO - [2026-02-13T22:26:35.304+0000] {dag.py:3441} INFO - Setting next_dagrun for example_task_group to 2026-02-12T22:26:35.304540+00:00, run_after=2026-02-13T22:26:35.304540+00:00
[2026-02-13T22:26:35.313+0000] {processor.py:175} INFO - Processing /home/airflow/.local/lib/python3.7/site-packages/airflow/example_dags/example_task_group.py took 0.053 seconds
[2026-02-13T22:27:06.059+0000] {processor.py:153} INFO - Started process (PID=1125) to work on /home/airflow/.local/lib/python3.7/site-packages/airflow/example_dags/example_task_group.py
[2026-02-13T22:27:06.059+0000] {processor.py:743} INFO - Processing file /home/airflow/.local/lib/python3.7/site-packages/airflow/example_dags/example_task_group.py for tasks to queue
[2026-02-13T22:27:06.060+0000] {logging_mixin.py:137} INFO - [2026-02-13T22:27:06.060+0000] {dagbag.py:538} INFO - Filling up the DagBag from /home/airflow/.local/lib/python3.7/site-packages/airflow/example_dags/example_task_group.py
[2026-02-13T22:27:06.067+0000] {processor.py:753} INFO - DAG(s) dict_keys(['example_task_group']) retrieved from /home/airflow/.local/lib/python3.7/site-packages/airflow/example_dags/example_task_group.py
[2026-02-13T22:27:06.076+0000] {logging_mixin.py:137} INFO - [2026-02-13T22:27:06.076+0000] {dag.py:2690} INFO - Sync 1 DAGs
[2026-02-13T22:27:06.086+0000] {logging_mixin.py:137} INFO - [2026-02-13T22:27:06.086+0000] {dag.py:3441} INFO - Setting next_dagrun for example_task_group to 2026-02-12T22:27:06.086598+00:00, run_after=2026-02-13T22:27:06.086598+00:00
[2026-02-13T22:27:06.100+0000] {processor.py:175} INFO - Processing /home/airflow/.local/lib/python3.7/site-packages/airflow/example_dags/example_task_group.py took 0.043 seconds
[2026-02-13T22:27:36.682+0000] {processor.py:153} INFO - Started process (PID=1214) to work on /home/airflow/.local/lib/python3.7/site-packages/airflow/example_dags/example_task_group.py
[2026-02-13T22:27:36.682+0000] {processor.py:743} INFO - Processing file /home/airflow/.local/lib/python3.7/site-packages/airflow/example_dags/example_task_group.py for tasks to queue
[2026-02-13T22:27:36.682+0000] {logging_mixin.py:137} INFO - [2026-02-13T22:27:36.682+0000] {dagbag.py:538} INFO - Filling up the DagBag from /home/airflow/.local/lib/python3.7/site-packages/airflow/example_dags/example_task_group.py
[2026-02-13T22:27:36.689+0000] {processor.py:753} INFO - DAG(s) dict_keys(['example_task_group']) retrieved from /home/airflow/.local/lib/python3.7/site-packages/airflow/example_dags/example_task_group.py
[2026-02-13T22:27:36.701+0000] {logging_mixin.py:137} INFO - [2026-02-13T22:27:36.701+0000] {dag.py:2690} INFO - Sync 1 DAGs
[2026-02-13T22:27:36.715+0000] {logging_mixin.py:137} INFO - [2026-02-13T22:27:36.714+0000] {dag.py:3441} INFO - Setting next_dagrun for example_task_group to 2026-02-12T22:27:36.714856+00:00, run_after=2026-02-13T22:27:36.714856+00:00
[2026-02-13T22:27:36.725+0000] {processor.py:175} INFO - Processing /home/airflow/.local/lib/python3.7/site-packages/airflow/example_dags/example_task_group.py took 0.045 seconds
[2026-02-13T22:28:07.459+0000] {processor.py:153} INFO - Started process (PID=1287) to work on /home/airflow/.local/lib/python3.7/site-packages/airflow/example_dags/example_task_group.py
[2026-02-13T22:28:07.460+0000] {processor.py:743} INFO - Processing file /home/airflow/.local/lib/python3.7/site-packages/airflow/example_dags/example_task_group.py for tasks to queue
[2026-02-13T22:28:07.461+0000] {logging_mixin.py:137} INFO - [2026-02-13T22:28:07.461+0000] {dagbag.py:538} INFO - Filling up the DagBag from /home/airflow/.local/lib/python3.7/site-packages/airflow/example_dags/example_task_group.py
[2026-02-13T22:28:07.470+0000] {processor.py:753} INFO - DAG(s) dict_keys(['example_task_group']) retrieved from /home/airflow/.local/lib/python3.7/site-packages/airflow/example_dags/example_task_group.py
[2026-02-13T22:28:07.482+0000] {logging_mixin.py:137} INFO - [2026-02-13T22:28:07.481+0000] {dag.py:2690} INFO - Sync 1 DAGs
[2026-02-13T22:28:07.494+0000] {logging_mixin.py:137} INFO - [2026-02-13T22:28:07.494+0000] {dag.py:3441} INFO - Setting next_dagrun for example_task_group to 2026-02-12T22:28:07.493937+00:00, run_after=2026-02-13T22:28:07.493937+00:00
[2026-02-13T22:28:07.509+0000] {processor.py:175} INFO - Processing /home/airflow/.local/lib/python3.7/site-packages/airflow/example_dags/example_task_group.py took 0.052 seconds
[2026-02-13T22:28:38.052+0000] {processor.py:153} INFO - Started process (PID=1376) to work on /home/airflow/.local/lib/python3.7/site-packages/airflow/example_dags/example_task_group.py
[2026-02-13T22:28:38.052+0000] {processor.py:743} INFO - Processing file /home/airflow/.local/lib/python3.7/site-packages/airflow/example_dags/example_task_group.py for tasks to queue
[2026-02-13T22:28:38.052+0000] {logging_mixin.py:137} INFO - [2026-02-13T22:28:38.052+0000] {dagbag.py:538} INFO - Filling up the DagBag from /home/airflow/.local/lib/python3.7/site-packages/airflow/example_dags/example_task_group.py
[2026-02-13T22:28:38.062+0000] {processor.py:753} INFO - DAG(s) dict_keys(['example_task_group']) retrieved from /home/airflow/.local/lib/python3.7/site-packages/airflow/example_dags/example_task_group.py
[2026-02-13T22:28:38.073+0000] {logging_mixin.py:137} INFO - [2026-02-13T22:28:38.073+0000] {dag.py:2690} INFO - Sync 1 DAGs
[2026-02-13T22:28:38.088+0000] {logging_mixin.py:137} INFO - [2026-02-13T22:28:38.088+0000] {dag.py:3441} INFO - Setting next_dagrun for example_task_group to 2026-02-12T22:28:38.088179+00:00, run_after=2026-02-13T22:28:38.088179+00:00
[2026-02-13T22:28:38.097+0000] {processor.py:175} INFO - Processing /home/airflow/.local/lib/python3.7/site-packages/airflow/example_dags/example_task_group.py took 0.047 seconds
[2026-02-13T22:29:08.708+0000] {processor.py:153} INFO - Started process (PID=1465) to work on /home/airflow/.local/lib/python3.7/site-packages/airflow/example_dags/example_task_group.py
[2026-02-13T22:29:08.709+0000] {processor.py:743} INFO - Processing file /home/airflow/.local/lib/python3.7/site-packages/airflow/example_dags/example_task_group.py for tasks to queue
[2026-02-13T22:29:08.710+0000] {logging_mixin.py:137} INFO - [2026-02-13T22:29:08.710+0000] {dagbag.py:538} INFO - Filling up the DagBag from /home/airflow/.local/lib/python3.7/site-packages/airflow/example_dags/example_task_group.py
[2026-02-13T22:29:08.719+0000] {processor.py:753} INFO - DAG(s) dict_keys(['example_task_group']) retrieved from /home/airflow/.local/lib/python3.7/site-packages/airflow/example_dags/example_task_group.py
[2026-02-13T22:29:08.732+0000] {logging_mixin.py:137} INFO - [2026-02-13T22:29:08.732+0000] {dag.py:2690} INFO - Sync 1 DAGs
[2026-02-13T22:29:08.746+0000] {logging_mixin.py:137} INFO - [2026-02-13T22:29:08.746+0000] {dag.py:3441} INFO - Setting next_dagrun for example_task_group to 2026-02-12T22:29:08.746119+00:00, run_after=2026-02-13T22:29:08.746119+00:00
[2026-02-13T22:29:08.757+0000] {processor.py:175} INFO - Processing /home/airflow/.local/lib/python3.7/site-packages/airflow/example_dags/example_task_group.py took 0.051 seconds
[2026-02-13T22:29:39.304+0000] {processor.py:153} INFO - Started process (PID=1554) to work on /home/airflow/.local/lib/python3.7/site-packages/airflow/example_dags/example_task_group.py
[2026-02-13T22:29:39.307+0000] {processor.py:743} INFO - Processing file /home/airflow/.local/lib/python3.7/site-packages/airflow/example_dags/example_task_group.py for tasks to queue
[2026-02-13T22:29:39.308+0000] {logging_mixin.py:137} INFO - [2026-02-13T22:29:39.307+0000] {dagbag.py:538} INFO - Filling up the DagBag from /home/airflow/.local/lib/python3.7/site-packages/airflow/example_dags/example_task_group.py
[2026-02-13T22:29:39.318+0000] {processor.py:753} INFO - DAG(s) dict_keys(['example_task_group']) retrieved from /home/airflow/.local/lib/python3.7/site-packages/airflow/example_dags/example_task_group.py
[2026-02-13T22:29:39.331+0000] {logging_mixin.py:137} INFO - [2026-02-13T22:29:39.331+0000] {dag.py:2690} INFO - Sync 1 DAGs
[2026-02-13T22:29:39.343+0000] {logging_mixin.py:137} INFO - [2026-02-13T22:29:39.343+0000] {dag.py:3441} INFO - Setting next_dagrun for example_task_group to 2026-02-12T22:29:39.343808+00:00, run_after=2026-02-13T22:29:39.343808+00:00
[2026-02-13T22:29:39.355+0000] {processor.py:175} INFO - Processing /home/airflow/.local/lib/python3.7/site-packages/airflow/example_dags/example_task_group.py took 0.052 seconds
[2026-02-13T22:30:09.981+0000] {processor.py:153} INFO - Started process (PID=1636) to work on /home/airflow/.local/lib/python3.7/site-packages/airflow/example_dags/example_task_group.py
[2026-02-13T22:30:09.983+0000] {processor.py:743} INFO - Processing file /home/airflow/.local/lib/python3.7/site-packages/airflow/example_dags/example_task_group.py for tasks to queue
[2026-02-13T22:30:09.985+0000] {logging_mixin.py:137} INFO - [2026-02-13T22:30:09.985+0000] {dagbag.py:538} INFO - Filling up the DagBag from /home/airflow/.local/lib/python3.7/site-packages/airflow/example_dags/example_task_group.py
[2026-02-13T22:30:09.991+0000] {processor.py:753} INFO - DAG(s) dict_keys(['example_task_group']) retrieved from /home/airflow/.local/lib/python3.7/site-packages/airflow/example_dags/example_task_group.py
[2026-02-13T22:30:10.009+0000] {logging_mixin.py:137} INFO - [2026-02-13T22:30:10.009+0000] {dag.py:2690} INFO - Sync 1 DAGs
[2026-02-13T22:30:10.022+0000] {logging_mixin.py:137} INFO - [2026-02-13T22:30:10.022+0000] {dag.py:3441} INFO - Setting next_dagrun for example_task_group to 2026-02-12T22:30:10.022646+00:00, run_after=2026-02-13T22:30:10.022646+00:00
[2026-02-13T22:30:10.035+0000] {processor.py:175} INFO - Processing /home/airflow/.local/lib/python3.7/site-packages/airflow/example_dags/example_task_group.py took 0.056 seconds
[2026-02-13T22:30:40.736+0000] {processor.py:153} INFO - Started process (PID=1716) to work on /home/airflow/.local/lib/python3.7/site-packages/airflow/example_dags/example_task_group.py
[2026-02-13T22:30:40.738+0000] {processor.py:743} INFO - Processing file /home/airflow/.local/lib/python3.7/site-packages/airflow/example_dags/example_task_group.py for tasks to queue
[2026-02-13T22:30:40.739+0000] {logging_mixin.py:137} INFO - [2026-02-13T22:30:40.739+0000] {dagbag.py:538} INFO - Filling up the DagBag from /home/airflow/.local/lib/python3.7/site-packages/airflow/example_dags/example_task_group.py
[2026-02-13T22:30:40.745+0000] {processor.py:753} INFO - DAG(s) dict_keys(['example_task_group']) retrieved from /home/airflow/.local/lib/python3.7/site-packages/airflow/example_dags/example_task_group.py
[2026-02-13T22:30:40.759+0000] {logging_mixin.py:137} INFO - [2026-02-13T22:30:40.759+0000] {dag.py:2690} INFO - Sync 1 DAGs
[2026-02-13T22:30:40.773+0000] {logging_mixin.py:137} INFO - [2026-02-13T22:30:40.772+0000] {dag.py:3441} INFO - Setting next_dagrun for example_task_group to 2026-02-12T22:30:40.772834+00:00, run_after=2026-02-13T22:30:40.772834+00:00
[2026-02-13T22:30:40.785+0000] {processor.py:175} INFO - Processing /home/airflow/.local/lib/python3.7/site-packages/airflow/example_dags/example_task_group.py took 0.050 seconds
[2026-02-13T22:31:11.292+0000] {processor.py:153} INFO - Started process (PID=1805) to work on /home/airflow/.local/lib/python3.7/site-packages/airflow/example_dags/example_task_group.py
[2026-02-13T22:31:11.293+0000] {processor.py:743} INFO - Processing file /home/airflow/.local/lib/python3.7/site-packages/airflow/example_dags/example_task_group.py for tasks to queue
[2026-02-13T22:31:11.293+0000] {logging_mixin.py:137} INFO - [2026-02-13T22:31:11.293+0000] {dagbag.py:538} INFO - Filling up the DagBag from /home/airflow/.local/lib/python3.7/site-packages/airflow/example_dags/example_task_group.py
[2026-02-13T22:31:11.300+0000] {processor.py:753} INFO - DAG(s) dict_keys(['example_task_group']) retrieved from /home/airflow/.local/lib/python3.7/site-packages/airflow/example_dags/example_task_group.py
[2026-02-13T22:31:11.310+0000] {logging_mixin.py:137} INFO - [2026-02-13T22:31:11.310+0000] {dag.py:2690} INFO - Sync 1 DAGs
[2026-02-13T22:31:11.321+0000] {logging_mixin.py:137} INFO - [2026-02-13T22:31:11.321+0000] {dag.py:3441} INFO - Setting next_dagrun for example_task_group to 2026-02-12T22:31:11.321331+00:00, run_after=2026-02-13T22:31:11.321331+00:00
[2026-02-13T22:31:11.328+0000] {processor.py:175} INFO - Processing /home/airflow/.local/lib/python3.7/site-packages/airflow/example_dags/example_task_group.py took 0.038 seconds
[2026-02-13T22:31:42.093+0000] {processor.py:153} INFO - Started process (PID=1894) to work on /home/airflow/.local/lib/python3.7/site-packages/airflow/example_dags/example_task_group.py
[2026-02-13T22:31:42.094+0000] {processor.py:743} INFO - Processing file /home/airflow/.local/lib/python3.7/site-packages/airflow/example_dags/example_task_group.py for tasks to queue
[2026-02-13T22:31:42.094+0000] {logging_mixin.py:137} INFO - [2026-02-13T22:31:42.094+0000] {dagbag.py:538} INFO - Filling up the DagBag from /home/airflow/.local/lib/python3.7/site-packages/airflow/example_dags/example_task_group.py
[2026-02-13T22:31:42.102+0000] {processor.py:753} INFO - DAG(s) dict_keys(['example_task_group']) retrieved from /home/airflow/.local/lib/python3.7/site-packages/airflow/example_dags/example_task_group.py
[2026-02-13T22:31:42.116+0000] {logging_mixin.py:137} INFO - [2026-02-13T22:31:42.116+0000] {dag.py:2690} INFO - Sync 1 DAGs
[2026-02-13T22:31:42.131+0000] {logging_mixin.py:137} INFO - [2026-02-13T22:31:42.130+0000] {dag.py:3441} INFO - Setting next_dagrun for example_task_group to 2026-02-12T22:31:42.130839+00:00, run_after=2026-02-13T22:31:42.130839+00:00
[2026-02-13T22:31:42.142+0000] {processor.py:175} INFO - Processing /home/airflow/.local/lib/python3.7/site-packages/airflow/example_dags/example_task_group.py took 0.052 seconds
[2026-02-13T22:32:13.180+0000] {processor.py:153} INFO - Started process (PID=1982) to work on /home/airflow/.local/lib/python3.7/site-packages/airflow/example_dags/example_task_group.py
[2026-02-13T22:32:13.182+0000] {processor.py:743} INFO - Processing file /home/airflow/.local/lib/python3.7/site-packages/airflow/example_dags/example_task_group.py for tasks to queue
[2026-02-13T22:32:13.185+0000] {logging_mixin.py:137} INFO - [2026-02-13T22:32:13.183+0000] {dagbag.py:538} INFO - Filling up the DagBag from /home/airflow/.local/lib/python3.7/site-packages/airflow/example_dags/example_task_group.py
[2026-02-13T22:32:13.208+0000] {processor.py:753} INFO - DAG(s) dict_keys(['example_task_group']) retrieved from /home/airflow/.local/lib/python3.7/site-packages/airflow/example_dags/example_task_group.py
[2026-02-13T22:32:13.228+0000] {logging_mixin.py:137} INFO - [2026-02-13T22:32:13.228+0000] {dag.py:2690} INFO - Sync 1 DAGs
[2026-02-13T22:32:13.250+0000] {logging_mixin.py:137} INFO - [2026-02-13T22:32:13.250+0000] {dag.py:3441} INFO - Setting next_dagrun for example_task_group to 2026-02-12T22:32:13.250426+00:00, run_after=2026-02-13T22:32:13.250426+00:00
[2026-02-13T22:32:13.261+0000] {processor.py:175} INFO - Processing /home/airflow/.local/lib/python3.7/site-packages/airflow/example_dags/example_task_group.py took 0.083 seconds
[2026-02-13T22:32:43.301+0000] {processor.py:153} INFO - Started process (PID=2055) to work on /home/airflow/.local/lib/python3.7/site-packages/airflow/example_dags/example_task_group.py
[2026-02-13T22:32:43.302+0000] {processor.py:743} INFO - Processing file /home/airflow/.local/lib/python3.7/site-packages/airflow/example_dags/example_task_group.py for tasks to queue
[2026-02-13T22:32:43.303+0000] {logging_mixin.py:137} INFO - [2026-02-13T22:32:43.303+0000] {dagbag.py:538} INFO - Filling up the DagBag from /home/airflow/.local/lib/python3.7/site-packages/airflow/example_dags/example_task_group.py
[2026-02-13T22:32:43.312+0000] {processor.py:753} INFO - DAG(s) dict_keys(['example_task_group']) retrieved from /home/airflow/.local/lib/python3.7/site-packages/airflow/example_dags/example_task_group.py
[2026-02-13T22:32:43.324+0000] {logging_mixin.py:137} INFO - [2026-02-13T22:32:43.324+0000] {dag.py:2690} INFO - Sync 1 DAGs
[2026-02-13T22:32:43.334+0000] {logging_mixin.py:137} INFO - [2026-02-13T22:32:43.334+0000] {dag.py:3441} INFO - Setting next_dagrun for example_task_group to 2026-02-12T22:32:43.334165+00:00, run_after=2026-02-13T22:32:43.334165+00:00
[2026-02-13T22:32:43.340+0000] {processor.py:175} INFO - Processing /home/airflow/.local/lib/python3.7/site-packages/airflow/example_dags/example_task_group.py took 0.040 seconds
[2026-02-13T22:34:04.845+0000] {processor.py:153} INFO - Started process (PID=106) to work on /home/airflow/.local/lib/python3.7/site-packages/airflow/example_dags/example_task_group.py
[2026-02-13T22:34:04.846+0000] {processor.py:743} INFO - Processing file /home/airflow/.local/lib/python3.7/site-packages/airflow/example_dags/example_task_group.py for tasks to queue
[2026-02-13T22:34:04.848+0000] {logging_mixin.py:137} INFO - [2026-02-13T22:34:04.848+0000] {dagbag.py:538} INFO - Filling up the DagBag from /home/airflow/.local/lib/python3.7/site-packages/airflow/example_dags/example_task_group.py
[2026-02-13T22:34:04.856+0000] {processor.py:753} INFO - DAG(s) dict_keys(['example_task_group']) retrieved from /home/airflow/.local/lib/python3.7/site-packages/airflow/example_dags/example_task_group.py
[2026-02-13T22:34:04.874+0000] {logging_mixin.py:137} INFO - [2026-02-13T22:34:04.874+0000] {dag.py:2690} INFO - Sync 1 DAGs
[2026-02-13T22:34:04.890+0000] {logging_mixin.py:137} INFO - [2026-02-13T22:34:04.890+0000] {dag.py:3441} INFO - Setting next_dagrun for example_task_group to 2026-02-12T22:34:04.890103+00:00, run_after=2026-02-13T22:34:04.890103+00:00
[2026-02-13T22:34:04.909+0000] {processor.py:175} INFO - Processing /home/airflow/.local/lib/python3.7/site-packages/airflow/example_dags/example_task_group.py took 0.066 seconds
[2026-02-13T22:34:35.708+0000] {processor.py:153} INFO - Started process (PID=197) to work on /home/airflow/.local/lib/python3.7/site-packages/airflow/example_dags/example_task_group.py
[2026-02-13T22:34:35.709+0000] {processor.py:743} INFO - Processing file /home/airflow/.local/lib/python3.7/site-packages/airflow/example_dags/example_task_group.py for tasks to queue
[2026-02-13T22:34:35.710+0000] {logging_mixin.py:137} INFO - [2026-02-13T22:34:35.710+0000] {dagbag.py:538} INFO - Filling up the DagBag from /home/airflow/.local/lib/python3.7/site-packages/airflow/example_dags/example_task_group.py
[2026-02-13T22:34:35.719+0000] {processor.py:753} INFO - DAG(s) dict_keys(['example_task_group']) retrieved from /home/airflow/.local/lib/python3.7/site-packages/airflow/example_dags/example_task_group.py
[2026-02-13T22:34:35.734+0000] {logging_mixin.py:137} INFO - [2026-02-13T22:34:35.734+0000] {dag.py:2690} INFO - Sync 1 DAGs
[2026-02-13T22:34:35.744+0000] {logging_mixin.py:137} INFO - [2026-02-13T22:34:35.744+0000] {dag.py:3441} INFO - Setting next_dagrun for example_task_group to 2026-02-12T22:34:35.744757+00:00, run_after=2026-02-13T22:34:35.744757+00:00
[2026-02-13T22:34:35.754+0000] {processor.py:175} INFO - Processing /home/airflow/.local/lib/python3.7/site-packages/airflow/example_dags/example_task_group.py took 0.047 seconds
[2026-02-13T22:35:06.679+0000] {processor.py:153} INFO - Started process (PID=272) to work on /home/airflow/.local/lib/python3.7/site-packages/airflow/example_dags/example_task_group.py
[2026-02-13T22:35:06.680+0000] {processor.py:743} INFO - Processing file /home/airflow/.local/lib/python3.7/site-packages/airflow/example_dags/example_task_group.py for tasks to queue
[2026-02-13T22:35:06.680+0000] {logging_mixin.py:137} INFO - [2026-02-13T22:35:06.680+0000] {dagbag.py:538} INFO - Filling up the DagBag from /home/airflow/.local/lib/python3.7/site-packages/airflow/example_dags/example_task_group.py
[2026-02-13T22:35:06.688+0000] {processor.py:753} INFO - DAG(s) dict_keys(['example_task_group']) retrieved from /home/airflow/.local/lib/python3.7/site-packages/airflow/example_dags/example_task_group.py
[2026-02-13T22:35:06.702+0000] {logging_mixin.py:137} INFO - [2026-02-13T22:35:06.702+0000] {dag.py:2690} INFO - Sync 1 DAGs
[2026-02-13T22:35:06.715+0000] {logging_mixin.py:137} INFO - [2026-02-13T22:35:06.715+0000] {dag.py:3441} INFO - Setting next_dagrun for example_task_group to 2026-02-12T22:35:06.715196+00:00, run_after=2026-02-13T22:35:06.715196+00:00
[2026-02-13T22:35:06.726+0000] {processor.py:175} INFO - Processing /home/airflow/.local/lib/python3.7/site-packages/airflow/example_dags/example_task_group.py took 0.048 seconds
[2026-02-13T22:35:37.476+0000] {processor.py:153} INFO - Started process (PID=364) to work on /home/airflow/.local/lib/python3.7/site-packages/airflow/example_dags/example_task_group.py
[2026-02-13T22:35:37.477+0000] {processor.py:743} INFO - Processing file /home/airflow/.local/lib/python3.7/site-packages/airflow/example_dags/example_task_group.py for tasks to queue
[2026-02-13T22:35:37.477+0000] {logging_mixin.py:137} INFO - [2026-02-13T22:35:37.477+0000] {dagbag.py:538} INFO - Filling up the DagBag from /home/airflow/.local/lib/python3.7/site-packages/airflow/example_dags/example_task_group.py
[2026-02-13T22:35:37.484+0000] {processor.py:753} INFO - DAG(s) dict_keys(['example_task_group']) retrieved from /home/airflow/.local/lib/python3.7/site-packages/airflow/example_dags/example_task_group.py
[2026-02-13T22:35:37.496+0000] {logging_mixin.py:137} INFO - [2026-02-13T22:35:37.496+0000] {dag.py:2690} INFO - Sync 1 DAGs
[2026-02-13T22:35:37.511+0000] {logging_mixin.py:137} INFO - [2026-02-13T22:35:37.511+0000] {dag.py:3441} INFO - Setting next_dagrun for example_task_group to 2026-02-12T22:35:37.511276+00:00, run_after=2026-02-13T22:35:37.511276+00:00
[2026-02-13T22:35:37.521+0000] {processor.py:175} INFO - Processing /home/airflow/.local/lib/python3.7/site-packages/airflow/example_dags/example_task_group.py took 0.047 seconds
[2026-02-13T22:36:08.404+0000] {processor.py:153} INFO - Started process (PID=455) to work on /home/airflow/.local/lib/python3.7/site-packages/airflow/example_dags/example_task_group.py
[2026-02-13T22:36:08.405+0000] {processor.py:743} INFO - Processing file /home/airflow/.local/lib/python3.7/site-packages/airflow/example_dags/example_task_group.py for tasks to queue
[2026-02-13T22:36:08.406+0000] {logging_mixin.py:137} INFO - [2026-02-13T22:36:08.406+0000] {dagbag.py:538} INFO - Filling up the DagBag from /home/airflow/.local/lib/python3.7/site-packages/airflow/example_dags/example_task_group.py
[2026-02-13T22:36:08.413+0000] {processor.py:753} INFO - DAG(s) dict_keys(['example_task_group']) retrieved from /home/airflow/.local/lib/python3.7/site-packages/airflow/example_dags/example_task_group.py
[2026-02-13T22:36:08.425+0000] {logging_mixin.py:137} INFO - [2026-02-13T22:36:08.425+0000] {dag.py:2690} INFO - Sync 1 DAGs
[2026-02-13T22:36:08.436+0000] {logging_mixin.py:137} INFO - [2026-02-13T22:36:08.436+0000] {dag.py:3441} INFO - Setting next_dagrun for example_task_group to 2026-02-12T22:36:08.436602+00:00, run_after=2026-02-13T22:36:08.436602+00:00
[2026-02-13T22:36:08.448+0000] {processor.py:175} INFO - Processing /home/airflow/.local/lib/python3.7/site-packages/airflow/example_dags/example_task_group.py took 0.046 seconds
[2026-02-13T22:36:39.221+0000] {processor.py:153} INFO - Started process (PID=547) to work on /home/airflow/.local/lib/python3.7/site-packages/airflow/example_dags/example_task_group.py
[2026-02-13T22:36:39.222+0000] {processor.py:743} INFO - Processing file /home/airflow/.local/lib/python3.7/site-packages/airflow/example_dags/example_task_group.py for tasks to queue
[2026-02-13T22:36:39.223+0000] {logging_mixin.py:137} INFO - [2026-02-13T22:36:39.223+0000] {dagbag.py:538} INFO - Filling up the DagBag from /home/airflow/.local/lib/python3.7/site-packages/airflow/example_dags/example_task_group.py
[2026-02-13T22:36:39.231+0000] {processor.py:753} INFO - DAG(s) dict_keys(['example_task_group']) retrieved from /home/airflow/.local/lib/python3.7/site-packages/airflow/example_dags/example_task_group.py
[2026-02-13T22:36:39.244+0000] {logging_mixin.py:137} INFO - [2026-02-13T22:36:39.244+0000] {dag.py:2690} INFO - Sync 1 DAGs
[2026-02-13T22:36:39.255+0000] {logging_mixin.py:137} INFO - [2026-02-13T22:36:39.255+0000] {dag.py:3441} INFO - Setting next_dagrun for example_task_group to 2026-02-12T22:36:39.255571+00:00, run_after=2026-02-13T22:36:39.255571+00:00
[2026-02-13T22:36:39.269+0000] {processor.py:175} INFO - Processing /home/airflow/.local/lib/python3.7/site-packages/airflow/example_dags/example_task_group.py took 0.050 seconds
