[2026-02-13T21:49:32.091+0000] {processor.py:153} INFO - Started process (PID=64) to work on /home/airflow/.local/lib/python3.7/site-packages/airflow/example_dags/example_kubernetes_executor.py
[2026-02-13T21:49:32.093+0000] {processor.py:743} INFO - Processing file /home/airflow/.local/lib/python3.7/site-packages/airflow/example_dags/example_kubernetes_executor.py for tasks to queue
[2026-02-13T21:49:32.093+0000] {logging_mixin.py:137} INFO - [2026-02-13T21:49:32.093+0000] {dagbag.py:538} INFO - Filling up the DagBag from /home/airflow/.local/lib/python3.7/site-packages/airflow/example_dags/example_kubernetes_executor.py
[2026-02-13T21:49:32.119+0000] {processor.py:753} INFO - DAG(s) dict_keys(['example_kubernetes_executor']) retrieved from /home/airflow/.local/lib/python3.7/site-packages/airflow/example_dags/example_kubernetes_executor.py
[2026-02-13T21:49:32.130+0000] {logging_mixin.py:137} INFO - [2026-02-13T21:49:32.129+0000] {dag.py:2690} INFO - Sync 1 DAGs
[2026-02-13T21:49:32.146+0000] {logging_mixin.py:137} INFO - [2026-02-13T21:49:32.146+0000] {dag.py:3441} INFO - Setting next_dagrun for example_kubernetes_executor to None, run_after=None
[2026-02-13T21:49:32.161+0000] {processor.py:175} INFO - Processing /home/airflow/.local/lib/python3.7/site-packages/airflow/example_dags/example_kubernetes_executor.py took 0.073 seconds
[2026-02-13T21:50:02.699+0000] {processor.py:153} INFO - Started process (PID=152) to work on /home/airflow/.local/lib/python3.7/site-packages/airflow/example_dags/example_kubernetes_executor.py
[2026-02-13T21:50:02.700+0000] {processor.py:743} INFO - Processing file /home/airflow/.local/lib/python3.7/site-packages/airflow/example_dags/example_kubernetes_executor.py for tasks to queue
[2026-02-13T21:50:02.700+0000] {logging_mixin.py:137} INFO - [2026-02-13T21:50:02.700+0000] {dagbag.py:538} INFO - Filling up the DagBag from /home/airflow/.local/lib/python3.7/site-packages/airflow/example_dags/example_kubernetes_executor.py
[2026-02-13T21:50:02.715+0000] {processor.py:753} INFO - DAG(s) dict_keys(['example_kubernetes_executor']) retrieved from /home/airflow/.local/lib/python3.7/site-packages/airflow/example_dags/example_kubernetes_executor.py
[2026-02-13T21:50:02.734+0000] {logging_mixin.py:137} INFO - [2026-02-13T21:50:02.734+0000] {dag.py:2690} INFO - Sync 1 DAGs
[2026-02-13T21:50:02.744+0000] {logging_mixin.py:137} INFO - [2026-02-13T21:50:02.744+0000] {dag.py:3441} INFO - Setting next_dagrun for example_kubernetes_executor to None, run_after=None
[2026-02-13T21:50:02.758+0000] {processor.py:175} INFO - Processing /home/airflow/.local/lib/python3.7/site-packages/airflow/example_dags/example_kubernetes_executor.py took 0.061 seconds
[2026-02-13T21:50:33.346+0000] {processor.py:153} INFO - Started process (PID=241) to work on /home/airflow/.local/lib/python3.7/site-packages/airflow/example_dags/example_kubernetes_executor.py
[2026-02-13T21:50:33.347+0000] {processor.py:743} INFO - Processing file /home/airflow/.local/lib/python3.7/site-packages/airflow/example_dags/example_kubernetes_executor.py for tasks to queue
[2026-02-13T21:50:33.349+0000] {logging_mixin.py:137} INFO - [2026-02-13T21:50:33.349+0000] {dagbag.py:538} INFO - Filling up the DagBag from /home/airflow/.local/lib/python3.7/site-packages/airflow/example_dags/example_kubernetes_executor.py
[2026-02-13T21:50:33.364+0000] {processor.py:753} INFO - DAG(s) dict_keys(['example_kubernetes_executor']) retrieved from /home/airflow/.local/lib/python3.7/site-packages/airflow/example_dags/example_kubernetes_executor.py
[2026-02-13T21:50:33.385+0000] {logging_mixin.py:137} INFO - [2026-02-13T21:50:33.385+0000] {dag.py:2690} INFO - Sync 1 DAGs
[2026-02-13T21:50:33.396+0000] {logging_mixin.py:137} INFO - [2026-02-13T21:50:33.396+0000] {dag.py:3441} INFO - Setting next_dagrun for example_kubernetes_executor to None, run_after=None
[2026-02-13T21:50:33.411+0000] {processor.py:175} INFO - Processing /home/airflow/.local/lib/python3.7/site-packages/airflow/example_dags/example_kubernetes_executor.py took 0.067 seconds
[2026-02-13T21:51:03.843+0000] {processor.py:153} INFO - Started process (PID=313) to work on /home/airflow/.local/lib/python3.7/site-packages/airflow/example_dags/example_kubernetes_executor.py
[2026-02-13T21:51:03.844+0000] {processor.py:743} INFO - Processing file /home/airflow/.local/lib/python3.7/site-packages/airflow/example_dags/example_kubernetes_executor.py for tasks to queue
[2026-02-13T21:51:03.844+0000] {logging_mixin.py:137} INFO - [2026-02-13T21:51:03.844+0000] {dagbag.py:538} INFO - Filling up the DagBag from /home/airflow/.local/lib/python3.7/site-packages/airflow/example_dags/example_kubernetes_executor.py
[2026-02-13T21:51:03.859+0000] {processor.py:753} INFO - DAG(s) dict_keys(['example_kubernetes_executor']) retrieved from /home/airflow/.local/lib/python3.7/site-packages/airflow/example_dags/example_kubernetes_executor.py
[2026-02-13T21:51:03.874+0000] {logging_mixin.py:137} INFO - [2026-02-13T21:51:03.874+0000] {dag.py:2690} INFO - Sync 1 DAGs
[2026-02-13T21:51:03.887+0000] {logging_mixin.py:137} INFO - [2026-02-13T21:51:03.886+0000] {dag.py:3441} INFO - Setting next_dagrun for example_kubernetes_executor to None, run_after=None
[2026-02-13T21:51:03.896+0000] {processor.py:175} INFO - Processing /home/airflow/.local/lib/python3.7/site-packages/airflow/example_dags/example_kubernetes_executor.py took 0.054 seconds
[2026-02-13T21:51:34.299+0000] {processor.py:153} INFO - Started process (PID=401) to work on /home/airflow/.local/lib/python3.7/site-packages/airflow/example_dags/example_kubernetes_executor.py
[2026-02-13T21:51:34.299+0000] {processor.py:743} INFO - Processing file /home/airflow/.local/lib/python3.7/site-packages/airflow/example_dags/example_kubernetes_executor.py for tasks to queue
[2026-02-13T21:51:34.300+0000] {logging_mixin.py:137} INFO - [2026-02-13T21:51:34.300+0000] {dagbag.py:538} INFO - Filling up the DagBag from /home/airflow/.local/lib/python3.7/site-packages/airflow/example_dags/example_kubernetes_executor.py
[2026-02-13T21:51:34.314+0000] {processor.py:753} INFO - DAG(s) dict_keys(['example_kubernetes_executor']) retrieved from /home/airflow/.local/lib/python3.7/site-packages/airflow/example_dags/example_kubernetes_executor.py
[2026-02-13T21:51:34.336+0000] {logging_mixin.py:137} INFO - [2026-02-13T21:51:34.336+0000] {dag.py:2690} INFO - Sync 1 DAGs
[2026-02-13T21:51:34.347+0000] {logging_mixin.py:137} INFO - [2026-02-13T21:51:34.347+0000] {dag.py:3441} INFO - Setting next_dagrun for example_kubernetes_executor to None, run_after=None
[2026-02-13T21:51:34.356+0000] {processor.py:175} INFO - Processing /home/airflow/.local/lib/python3.7/site-packages/airflow/example_dags/example_kubernetes_executor.py took 0.058 seconds
[2026-02-13T21:52:04.708+0000] {processor.py:153} INFO - Started process (PID=489) to work on /home/airflow/.local/lib/python3.7/site-packages/airflow/example_dags/example_kubernetes_executor.py
[2026-02-13T21:52:04.709+0000] {processor.py:743} INFO - Processing file /home/airflow/.local/lib/python3.7/site-packages/airflow/example_dags/example_kubernetes_executor.py for tasks to queue
[2026-02-13T21:52:04.710+0000] {logging_mixin.py:137} INFO - [2026-02-13T21:52:04.710+0000] {dagbag.py:538} INFO - Filling up the DagBag from /home/airflow/.local/lib/python3.7/site-packages/airflow/example_dags/example_kubernetes_executor.py
[2026-02-13T21:52:04.723+0000] {processor.py:753} INFO - DAG(s) dict_keys(['example_kubernetes_executor']) retrieved from /home/airflow/.local/lib/python3.7/site-packages/airflow/example_dags/example_kubernetes_executor.py
[2026-02-13T21:52:04.738+0000] {logging_mixin.py:137} INFO - [2026-02-13T21:52:04.738+0000] {dag.py:2690} INFO - Sync 1 DAGs
[2026-02-13T21:52:04.752+0000] {logging_mixin.py:137} INFO - [2026-02-13T21:52:04.752+0000] {dag.py:3441} INFO - Setting next_dagrun for example_kubernetes_executor to None, run_after=None
[2026-02-13T21:52:04.762+0000] {processor.py:175} INFO - Processing /home/airflow/.local/lib/python3.7/site-packages/airflow/example_dags/example_kubernetes_executor.py took 0.056 seconds
[2026-02-13T21:52:35.289+0000] {processor.py:153} INFO - Started process (PID=577) to work on /home/airflow/.local/lib/python3.7/site-packages/airflow/example_dags/example_kubernetes_executor.py
[2026-02-13T21:52:35.290+0000] {processor.py:743} INFO - Processing file /home/airflow/.local/lib/python3.7/site-packages/airflow/example_dags/example_kubernetes_executor.py for tasks to queue
[2026-02-13T21:52:35.290+0000] {logging_mixin.py:137} INFO - [2026-02-13T21:52:35.290+0000] {dagbag.py:538} INFO - Filling up the DagBag from /home/airflow/.local/lib/python3.7/site-packages/airflow/example_dags/example_kubernetes_executor.py
[2026-02-13T21:52:35.301+0000] {processor.py:753} INFO - DAG(s) dict_keys(['example_kubernetes_executor']) retrieved from /home/airflow/.local/lib/python3.7/site-packages/airflow/example_dags/example_kubernetes_executor.py
[2026-02-13T21:52:35.312+0000] {logging_mixin.py:137} INFO - [2026-02-13T21:52:35.312+0000] {dag.py:2690} INFO - Sync 1 DAGs
[2026-02-13T21:52:35.321+0000] {logging_mixin.py:137} INFO - [2026-02-13T21:52:35.321+0000] {dag.py:3441} INFO - Setting next_dagrun for example_kubernetes_executor to None, run_after=None
[2026-02-13T21:52:35.326+0000] {processor.py:175} INFO - Processing /home/airflow/.local/lib/python3.7/site-packages/airflow/example_dags/example_kubernetes_executor.py took 0.038 seconds
[2026-02-13T21:53:05.765+0000] {processor.py:153} INFO - Started process (PID=648) to work on /home/airflow/.local/lib/python3.7/site-packages/airflow/example_dags/example_kubernetes_executor.py
[2026-02-13T21:53:05.765+0000] {processor.py:743} INFO - Processing file /home/airflow/.local/lib/python3.7/site-packages/airflow/example_dags/example_kubernetes_executor.py for tasks to queue
[2026-02-13T21:53:05.765+0000] {logging_mixin.py:137} INFO - [2026-02-13T21:53:05.765+0000] {dagbag.py:538} INFO - Filling up the DagBag from /home/airflow/.local/lib/python3.7/site-packages/airflow/example_dags/example_kubernetes_executor.py
[2026-02-13T21:53:05.781+0000] {processor.py:753} INFO - DAG(s) dict_keys(['example_kubernetes_executor']) retrieved from /home/airflow/.local/lib/python3.7/site-packages/airflow/example_dags/example_kubernetes_executor.py
[2026-02-13T21:53:05.793+0000] {logging_mixin.py:137} INFO - [2026-02-13T21:53:05.793+0000] {dag.py:2690} INFO - Sync 1 DAGs
[2026-02-13T21:53:05.802+0000] {logging_mixin.py:137} INFO - [2026-02-13T21:53:05.802+0000] {dag.py:3441} INFO - Setting next_dagrun for example_kubernetes_executor to None, run_after=None
[2026-02-13T21:53:05.808+0000] {processor.py:175} INFO - Processing /home/airflow/.local/lib/python3.7/site-packages/airflow/example_dags/example_kubernetes_executor.py took 0.045 seconds
[2026-02-13T21:53:36.276+0000] {processor.py:153} INFO - Started process (PID=736) to work on /home/airflow/.local/lib/python3.7/site-packages/airflow/example_dags/example_kubernetes_executor.py
[2026-02-13T21:53:36.276+0000] {processor.py:743} INFO - Processing file /home/airflow/.local/lib/python3.7/site-packages/airflow/example_dags/example_kubernetes_executor.py for tasks to queue
[2026-02-13T21:53:36.276+0000] {logging_mixin.py:137} INFO - [2026-02-13T21:53:36.276+0000] {dagbag.py:538} INFO - Filling up the DagBag from /home/airflow/.local/lib/python3.7/site-packages/airflow/example_dags/example_kubernetes_executor.py
[2026-02-13T21:53:36.292+0000] {processor.py:753} INFO - DAG(s) dict_keys(['example_kubernetes_executor']) retrieved from /home/airflow/.local/lib/python3.7/site-packages/airflow/example_dags/example_kubernetes_executor.py
[2026-02-13T21:53:36.305+0000] {logging_mixin.py:137} INFO - [2026-02-13T21:53:36.305+0000] {dag.py:2690} INFO - Sync 1 DAGs
[2026-02-13T21:53:36.315+0000] {logging_mixin.py:137} INFO - [2026-02-13T21:53:36.315+0000] {dag.py:3441} INFO - Setting next_dagrun for example_kubernetes_executor to None, run_after=None
[2026-02-13T21:53:36.324+0000] {processor.py:175} INFO - Processing /home/airflow/.local/lib/python3.7/site-packages/airflow/example_dags/example_kubernetes_executor.py took 0.050 seconds
[2026-02-13T21:54:06.733+0000] {processor.py:153} INFO - Started process (PID=824) to work on /home/airflow/.local/lib/python3.7/site-packages/airflow/example_dags/example_kubernetes_executor.py
[2026-02-13T21:54:06.734+0000] {processor.py:743} INFO - Processing file /home/airflow/.local/lib/python3.7/site-packages/airflow/example_dags/example_kubernetes_executor.py for tasks to queue
[2026-02-13T21:54:06.734+0000] {logging_mixin.py:137} INFO - [2026-02-13T21:54:06.734+0000] {dagbag.py:538} INFO - Filling up the DagBag from /home/airflow/.local/lib/python3.7/site-packages/airflow/example_dags/example_kubernetes_executor.py
[2026-02-13T21:54:06.748+0000] {processor.py:753} INFO - DAG(s) dict_keys(['example_kubernetes_executor']) retrieved from /home/airflow/.local/lib/python3.7/site-packages/airflow/example_dags/example_kubernetes_executor.py
[2026-02-13T21:54:06.766+0000] {logging_mixin.py:137} INFO - [2026-02-13T21:54:06.766+0000] {dag.py:2690} INFO - Sync 1 DAGs
[2026-02-13T21:54:06.776+0000] {logging_mixin.py:137} INFO - [2026-02-13T21:54:06.776+0000] {dag.py:3441} INFO - Setting next_dagrun for example_kubernetes_executor to None, run_after=None
[2026-02-13T21:54:06.784+0000] {processor.py:175} INFO - Processing /home/airflow/.local/lib/python3.7/site-packages/airflow/example_dags/example_kubernetes_executor.py took 0.053 seconds
[2026-02-13T21:54:37.325+0000] {processor.py:153} INFO - Started process (PID=912) to work on /home/airflow/.local/lib/python3.7/site-packages/airflow/example_dags/example_kubernetes_executor.py
[2026-02-13T21:54:37.327+0000] {processor.py:743} INFO - Processing file /home/airflow/.local/lib/python3.7/site-packages/airflow/example_dags/example_kubernetes_executor.py for tasks to queue
[2026-02-13T21:54:37.328+0000] {logging_mixin.py:137} INFO - [2026-02-13T21:54:37.327+0000] {dagbag.py:538} INFO - Filling up the DagBag from /home/airflow/.local/lib/python3.7/site-packages/airflow/example_dags/example_kubernetes_executor.py
[2026-02-13T21:54:37.346+0000] {processor.py:753} INFO - DAG(s) dict_keys(['example_kubernetes_executor']) retrieved from /home/airflow/.local/lib/python3.7/site-packages/airflow/example_dags/example_kubernetes_executor.py
[2026-02-13T21:54:37.361+0000] {logging_mixin.py:137} INFO - [2026-02-13T21:54:37.361+0000] {dag.py:2690} INFO - Sync 1 DAGs
[2026-02-13T21:54:37.371+0000] {logging_mixin.py:137} INFO - [2026-02-13T21:54:37.371+0000] {dag.py:3441} INFO - Setting next_dagrun for example_kubernetes_executor to None, run_after=None
[2026-02-13T21:54:37.383+0000] {processor.py:175} INFO - Processing /home/airflow/.local/lib/python3.7/site-packages/airflow/example_dags/example_kubernetes_executor.py took 0.059 seconds
[2026-02-13T21:55:07.884+0000] {processor.py:153} INFO - Started process (PID=984) to work on /home/airflow/.local/lib/python3.7/site-packages/airflow/example_dags/example_kubernetes_executor.py
[2026-02-13T21:55:07.885+0000] {processor.py:743} INFO - Processing file /home/airflow/.local/lib/python3.7/site-packages/airflow/example_dags/example_kubernetes_executor.py for tasks to queue
[2026-02-13T21:55:07.885+0000] {logging_mixin.py:137} INFO - [2026-02-13T21:55:07.885+0000] {dagbag.py:538} INFO - Filling up the DagBag from /home/airflow/.local/lib/python3.7/site-packages/airflow/example_dags/example_kubernetes_executor.py
[2026-02-13T21:55:07.900+0000] {processor.py:753} INFO - DAG(s) dict_keys(['example_kubernetes_executor']) retrieved from /home/airflow/.local/lib/python3.7/site-packages/airflow/example_dags/example_kubernetes_executor.py
[2026-02-13T21:55:07.919+0000] {logging_mixin.py:137} INFO - [2026-02-13T21:55:07.919+0000] {dag.py:2690} INFO - Sync 1 DAGs
[2026-02-13T21:55:07.931+0000] {logging_mixin.py:137} INFO - [2026-02-13T21:55:07.931+0000] {dag.py:3441} INFO - Setting next_dagrun for example_kubernetes_executor to None, run_after=None
[2026-02-13T21:55:07.942+0000] {processor.py:175} INFO - Processing /home/airflow/.local/lib/python3.7/site-packages/airflow/example_dags/example_kubernetes_executor.py took 0.059 seconds
[2026-02-13T21:55:38.372+0000] {processor.py:153} INFO - Started process (PID=1072) to work on /home/airflow/.local/lib/python3.7/site-packages/airflow/example_dags/example_kubernetes_executor.py
[2026-02-13T21:55:38.372+0000] {processor.py:743} INFO - Processing file /home/airflow/.local/lib/python3.7/site-packages/airflow/example_dags/example_kubernetes_executor.py for tasks to queue
[2026-02-13T21:55:38.373+0000] {logging_mixin.py:137} INFO - [2026-02-13T21:55:38.373+0000] {dagbag.py:538} INFO - Filling up the DagBag from /home/airflow/.local/lib/python3.7/site-packages/airflow/example_dags/example_kubernetes_executor.py
[2026-02-13T21:55:38.392+0000] {processor.py:753} INFO - DAG(s) dict_keys(['example_kubernetes_executor']) retrieved from /home/airflow/.local/lib/python3.7/site-packages/airflow/example_dags/example_kubernetes_executor.py
[2026-02-13T21:55:38.408+0000] {logging_mixin.py:137} INFO - [2026-02-13T21:55:38.408+0000] {dag.py:2690} INFO - Sync 1 DAGs
[2026-02-13T21:55:38.423+0000] {logging_mixin.py:137} INFO - [2026-02-13T21:55:38.423+0000] {dag.py:3441} INFO - Setting next_dagrun for example_kubernetes_executor to None, run_after=None
[2026-02-13T21:55:38.434+0000] {processor.py:175} INFO - Processing /home/airflow/.local/lib/python3.7/site-packages/airflow/example_dags/example_kubernetes_executor.py took 0.064 seconds
[2026-02-13T21:56:08.867+0000] {processor.py:153} INFO - Started process (PID=1160) to work on /home/airflow/.local/lib/python3.7/site-packages/airflow/example_dags/example_kubernetes_executor.py
[2026-02-13T21:56:08.867+0000] {processor.py:743} INFO - Processing file /home/airflow/.local/lib/python3.7/site-packages/airflow/example_dags/example_kubernetes_executor.py for tasks to queue
[2026-02-13T21:56:08.867+0000] {logging_mixin.py:137} INFO - [2026-02-13T21:56:08.867+0000] {dagbag.py:538} INFO - Filling up the DagBag from /home/airflow/.local/lib/python3.7/site-packages/airflow/example_dags/example_kubernetes_executor.py
[2026-02-13T21:56:08.882+0000] {processor.py:753} INFO - DAG(s) dict_keys(['example_kubernetes_executor']) retrieved from /home/airflow/.local/lib/python3.7/site-packages/airflow/example_dags/example_kubernetes_executor.py
[2026-02-13T21:56:08.899+0000] {logging_mixin.py:137} INFO - [2026-02-13T21:56:08.899+0000] {dag.py:2690} INFO - Sync 1 DAGs
[2026-02-13T21:56:08.909+0000] {logging_mixin.py:137} INFO - [2026-02-13T21:56:08.909+0000] {dag.py:3441} INFO - Setting next_dagrun for example_kubernetes_executor to None, run_after=None
[2026-02-13T21:56:08.920+0000] {processor.py:175} INFO - Processing /home/airflow/.local/lib/python3.7/site-packages/airflow/example_dags/example_kubernetes_executor.py took 0.054 seconds
[2026-02-13T21:56:39.795+0000] {processor.py:153} INFO - Started process (PID=1248) to work on /home/airflow/.local/lib/python3.7/site-packages/airflow/example_dags/example_kubernetes_executor.py
[2026-02-13T21:56:39.796+0000] {processor.py:743} INFO - Processing file /home/airflow/.local/lib/python3.7/site-packages/airflow/example_dags/example_kubernetes_executor.py for tasks to queue
[2026-02-13T21:56:39.797+0000] {logging_mixin.py:137} INFO - [2026-02-13T21:56:39.797+0000] {dagbag.py:538} INFO - Filling up the DagBag from /home/airflow/.local/lib/python3.7/site-packages/airflow/example_dags/example_kubernetes_executor.py
[2026-02-13T21:56:39.818+0000] {processor.py:753} INFO - DAG(s) dict_keys(['example_kubernetes_executor']) retrieved from /home/airflow/.local/lib/python3.7/site-packages/airflow/example_dags/example_kubernetes_executor.py
[2026-02-13T21:56:39.844+0000] {logging_mixin.py:137} INFO - [2026-02-13T21:56:39.844+0000] {dag.py:2690} INFO - Sync 1 DAGs
[2026-02-13T21:56:39.860+0000] {logging_mixin.py:137} INFO - [2026-02-13T21:56:39.859+0000] {dag.py:3441} INFO - Setting next_dagrun for example_kubernetes_executor to None, run_after=None
[2026-02-13T21:56:39.881+0000] {processor.py:175} INFO - Processing /home/airflow/.local/lib/python3.7/site-packages/airflow/example_dags/example_kubernetes_executor.py took 0.088 seconds
[2026-02-13T22:01:04.218+0000] {processor.py:153} INFO - Started process (PID=62) to work on /home/airflow/.local/lib/python3.7/site-packages/airflow/example_dags/example_kubernetes_executor.py
[2026-02-13T22:01:04.219+0000] {processor.py:743} INFO - Processing file /home/airflow/.local/lib/python3.7/site-packages/airflow/example_dags/example_kubernetes_executor.py for tasks to queue
[2026-02-13T22:01:04.219+0000] {logging_mixin.py:137} INFO - [2026-02-13T22:01:04.219+0000] {dagbag.py:538} INFO - Filling up the DagBag from /home/airflow/.local/lib/python3.7/site-packages/airflow/example_dags/example_kubernetes_executor.py
[2026-02-13T22:01:04.245+0000] {processor.py:753} INFO - DAG(s) dict_keys(['example_kubernetes_executor']) retrieved from /home/airflow/.local/lib/python3.7/site-packages/airflow/example_dags/example_kubernetes_executor.py
[2026-02-13T22:01:04.256+0000] {logging_mixin.py:137} INFO - [2026-02-13T22:01:04.256+0000] {dag.py:2690} INFO - Sync 1 DAGs
[2026-02-13T22:01:04.270+0000] {logging_mixin.py:137} INFO - [2026-02-13T22:01:04.269+0000] {dag.py:3441} INFO - Setting next_dagrun for example_kubernetes_executor to None, run_after=None
[2026-02-13T22:01:04.286+0000] {processor.py:175} INFO - Processing /home/airflow/.local/lib/python3.7/site-packages/airflow/example_dags/example_kubernetes_executor.py took 0.070 seconds
[2026-02-13T22:01:34.922+0000] {processor.py:153} INFO - Started process (PID=149) to work on /home/airflow/.local/lib/python3.7/site-packages/airflow/example_dags/example_kubernetes_executor.py
[2026-02-13T22:01:34.923+0000] {processor.py:743} INFO - Processing file /home/airflow/.local/lib/python3.7/site-packages/airflow/example_dags/example_kubernetes_executor.py for tasks to queue
[2026-02-13T22:01:34.923+0000] {logging_mixin.py:137} INFO - [2026-02-13T22:01:34.923+0000] {dagbag.py:538} INFO - Filling up the DagBag from /home/airflow/.local/lib/python3.7/site-packages/airflow/example_dags/example_kubernetes_executor.py
[2026-02-13T22:01:34.939+0000] {processor.py:753} INFO - DAG(s) dict_keys(['example_kubernetes_executor']) retrieved from /home/airflow/.local/lib/python3.7/site-packages/airflow/example_dags/example_kubernetes_executor.py
[2026-02-13T22:01:34.957+0000] {logging_mixin.py:137} INFO - [2026-02-13T22:01:34.957+0000] {dag.py:2690} INFO - Sync 1 DAGs
[2026-02-13T22:01:34.971+0000] {logging_mixin.py:137} INFO - [2026-02-13T22:01:34.971+0000] {dag.py:3441} INFO - Setting next_dagrun for example_kubernetes_executor to None, run_after=None
[2026-02-13T22:01:34.982+0000] {processor.py:175} INFO - Processing /home/airflow/.local/lib/python3.7/site-packages/airflow/example_dags/example_kubernetes_executor.py took 0.061 seconds
[2026-02-13T22:02:05.447+0000] {processor.py:153} INFO - Started process (PID=239) to work on /home/airflow/.local/lib/python3.7/site-packages/airflow/example_dags/example_kubernetes_executor.py
[2026-02-13T22:02:05.447+0000] {processor.py:743} INFO - Processing file /home/airflow/.local/lib/python3.7/site-packages/airflow/example_dags/example_kubernetes_executor.py for tasks to queue
[2026-02-13T22:02:05.448+0000] {logging_mixin.py:137} INFO - [2026-02-13T22:02:05.448+0000] {dagbag.py:538} INFO - Filling up the DagBag from /home/airflow/.local/lib/python3.7/site-packages/airflow/example_dags/example_kubernetes_executor.py
[2026-02-13T22:02:05.461+0000] {processor.py:753} INFO - DAG(s) dict_keys(['example_kubernetes_executor']) retrieved from /home/airflow/.local/lib/python3.7/site-packages/airflow/example_dags/example_kubernetes_executor.py
[2026-02-13T22:02:05.478+0000] {logging_mixin.py:137} INFO - [2026-02-13T22:02:05.478+0000] {dag.py:2690} INFO - Sync 1 DAGs
[2026-02-13T22:02:05.488+0000] {logging_mixin.py:137} INFO - [2026-02-13T22:02:05.488+0000] {dag.py:3441} INFO - Setting next_dagrun for example_kubernetes_executor to None, run_after=None
[2026-02-13T22:02:05.498+0000] {processor.py:175} INFO - Processing /home/airflow/.local/lib/python3.7/site-packages/airflow/example_dags/example_kubernetes_executor.py took 0.053 seconds
[2026-02-13T22:02:36.032+0000] {processor.py:153} INFO - Started process (PID=311) to work on /home/airflow/.local/lib/python3.7/site-packages/airflow/example_dags/example_kubernetes_executor.py
[2026-02-13T22:02:36.035+0000] {processor.py:743} INFO - Processing file /home/airflow/.local/lib/python3.7/site-packages/airflow/example_dags/example_kubernetes_executor.py for tasks to queue
[2026-02-13T22:02:36.035+0000] {logging_mixin.py:137} INFO - [2026-02-13T22:02:36.035+0000] {dagbag.py:538} INFO - Filling up the DagBag from /home/airflow/.local/lib/python3.7/site-packages/airflow/example_dags/example_kubernetes_executor.py
[2026-02-13T22:02:36.049+0000] {processor.py:753} INFO - DAG(s) dict_keys(['example_kubernetes_executor']) retrieved from /home/airflow/.local/lib/python3.7/site-packages/airflow/example_dags/example_kubernetes_executor.py
[2026-02-13T22:02:36.073+0000] {logging_mixin.py:137} INFO - [2026-02-13T22:02:36.073+0000] {dag.py:2690} INFO - Sync 1 DAGs
[2026-02-13T22:02:36.087+0000] {logging_mixin.py:137} INFO - [2026-02-13T22:02:36.086+0000] {dag.py:3441} INFO - Setting next_dagrun for example_kubernetes_executor to None, run_after=None
[2026-02-13T22:02:36.095+0000] {processor.py:175} INFO - Processing /home/airflow/.local/lib/python3.7/site-packages/airflow/example_dags/example_kubernetes_executor.py took 0.065 seconds
[2026-02-13T22:03:30.405+0000] {processor.py:153} INFO - Started process (PID=62) to work on /home/airflow/.local/lib/python3.7/site-packages/airflow/example_dags/example_kubernetes_executor.py
[2026-02-13T22:03:30.406+0000] {processor.py:743} INFO - Processing file /home/airflow/.local/lib/python3.7/site-packages/airflow/example_dags/example_kubernetes_executor.py for tasks to queue
[2026-02-13T22:03:30.407+0000] {logging_mixin.py:137} INFO - [2026-02-13T22:03:30.407+0000] {dagbag.py:538} INFO - Filling up the DagBag from /home/airflow/.local/lib/python3.7/site-packages/airflow/example_dags/example_kubernetes_executor.py
[2026-02-13T22:03:30.432+0000] {processor.py:753} INFO - DAG(s) dict_keys(['example_kubernetes_executor']) retrieved from /home/airflow/.local/lib/python3.7/site-packages/airflow/example_dags/example_kubernetes_executor.py
[2026-02-13T22:03:30.442+0000] {logging_mixin.py:137} INFO - [2026-02-13T22:03:30.442+0000] {dag.py:2690} INFO - Sync 1 DAGs
[2026-02-13T22:03:30.459+0000] {logging_mixin.py:137} INFO - [2026-02-13T22:03:30.458+0000] {dag.py:3441} INFO - Setting next_dagrun for example_kubernetes_executor to None, run_after=None
[2026-02-13T22:03:30.471+0000] {processor.py:175} INFO - Processing /home/airflow/.local/lib/python3.7/site-packages/airflow/example_dags/example_kubernetes_executor.py took 0.070 seconds
[2026-02-13T22:04:01.323+0000] {processor.py:153} INFO - Started process (PID=149) to work on /home/airflow/.local/lib/python3.7/site-packages/airflow/example_dags/example_kubernetes_executor.py
[2026-02-13T22:04:01.324+0000] {processor.py:743} INFO - Processing file /home/airflow/.local/lib/python3.7/site-packages/airflow/example_dags/example_kubernetes_executor.py for tasks to queue
[2026-02-13T22:04:01.324+0000] {logging_mixin.py:137} INFO - [2026-02-13T22:04:01.324+0000] {dagbag.py:538} INFO - Filling up the DagBag from /home/airflow/.local/lib/python3.7/site-packages/airflow/example_dags/example_kubernetes_executor.py
[2026-02-13T22:04:01.345+0000] {processor.py:753} INFO - DAG(s) dict_keys(['example_kubernetes_executor']) retrieved from /home/airflow/.local/lib/python3.7/site-packages/airflow/example_dags/example_kubernetes_executor.py
[2026-02-13T22:04:01.378+0000] {logging_mixin.py:137} INFO - [2026-02-13T22:04:01.378+0000] {dag.py:2690} INFO - Sync 1 DAGs
[2026-02-13T22:04:01.397+0000] {logging_mixin.py:137} INFO - [2026-02-13T22:04:01.397+0000] {dag.py:3441} INFO - Setting next_dagrun for example_kubernetes_executor to None, run_after=None
[2026-02-13T22:04:01.410+0000] {processor.py:175} INFO - Processing /home/airflow/.local/lib/python3.7/site-packages/airflow/example_dags/example_kubernetes_executor.py took 0.091 seconds
[2026-02-13T22:04:32.359+0000] {processor.py:153} INFO - Started process (PID=237) to work on /home/airflow/.local/lib/python3.7/site-packages/airflow/example_dags/example_kubernetes_executor.py
[2026-02-13T22:04:32.360+0000] {processor.py:743} INFO - Processing file /home/airflow/.local/lib/python3.7/site-packages/airflow/example_dags/example_kubernetes_executor.py for tasks to queue
[2026-02-13T22:04:32.361+0000] {logging_mixin.py:137} INFO - [2026-02-13T22:04:32.361+0000] {dagbag.py:538} INFO - Filling up the DagBag from /home/airflow/.local/lib/python3.7/site-packages/airflow/example_dags/example_kubernetes_executor.py
[2026-02-13T22:04:32.379+0000] {processor.py:753} INFO - DAG(s) dict_keys(['example_kubernetes_executor']) retrieved from /home/airflow/.local/lib/python3.7/site-packages/airflow/example_dags/example_kubernetes_executor.py
[2026-02-13T22:04:32.398+0000] {logging_mixin.py:137} INFO - [2026-02-13T22:04:32.398+0000] {dag.py:2690} INFO - Sync 1 DAGs
[2026-02-13T22:04:32.413+0000] {logging_mixin.py:137} INFO - [2026-02-13T22:04:32.413+0000] {dag.py:3441} INFO - Setting next_dagrun for example_kubernetes_executor to None, run_after=None
[2026-02-13T22:04:32.447+0000] {processor.py:175} INFO - Processing /home/airflow/.local/lib/python3.7/site-packages/airflow/example_dags/example_kubernetes_executor.py took 0.090 seconds
[2026-02-13T22:05:02.994+0000] {processor.py:153} INFO - Started process (PID=309) to work on /home/airflow/.local/lib/python3.7/site-packages/airflow/example_dags/example_kubernetes_executor.py
[2026-02-13T22:05:02.995+0000] {processor.py:743} INFO - Processing file /home/airflow/.local/lib/python3.7/site-packages/airflow/example_dags/example_kubernetes_executor.py for tasks to queue
[2026-02-13T22:05:02.996+0000] {logging_mixin.py:137} INFO - [2026-02-13T22:05:02.996+0000] {dagbag.py:538} INFO - Filling up the DagBag from /home/airflow/.local/lib/python3.7/site-packages/airflow/example_dags/example_kubernetes_executor.py
[2026-02-13T22:05:03.012+0000] {processor.py:753} INFO - DAG(s) dict_keys(['example_kubernetes_executor']) retrieved from /home/airflow/.local/lib/python3.7/site-packages/airflow/example_dags/example_kubernetes_executor.py
[2026-02-13T22:05:03.031+0000] {logging_mixin.py:137} INFO - [2026-02-13T22:05:03.031+0000] {dag.py:2690} INFO - Sync 1 DAGs
[2026-02-13T22:05:03.046+0000] {logging_mixin.py:137} INFO - [2026-02-13T22:05:03.046+0000] {dag.py:3441} INFO - Setting next_dagrun for example_kubernetes_executor to None, run_after=None
[2026-02-13T22:05:03.053+0000] {processor.py:175} INFO - Processing /home/airflow/.local/lib/python3.7/site-packages/airflow/example_dags/example_kubernetes_executor.py took 0.061 seconds
[2026-02-13T22:05:33.563+0000] {processor.py:153} INFO - Started process (PID=397) to work on /home/airflow/.local/lib/python3.7/site-packages/airflow/example_dags/example_kubernetes_executor.py
[2026-02-13T22:05:33.563+0000] {processor.py:743} INFO - Processing file /home/airflow/.local/lib/python3.7/site-packages/airflow/example_dags/example_kubernetes_executor.py for tasks to queue
[2026-02-13T22:05:33.564+0000] {logging_mixin.py:137} INFO - [2026-02-13T22:05:33.564+0000] {dagbag.py:538} INFO - Filling up the DagBag from /home/airflow/.local/lib/python3.7/site-packages/airflow/example_dags/example_kubernetes_executor.py
[2026-02-13T22:05:33.578+0000] {processor.py:753} INFO - DAG(s) dict_keys(['example_kubernetes_executor']) retrieved from /home/airflow/.local/lib/python3.7/site-packages/airflow/example_dags/example_kubernetes_executor.py
[2026-02-13T22:05:33.593+0000] {logging_mixin.py:137} INFO - [2026-02-13T22:05:33.593+0000] {dag.py:2690} INFO - Sync 1 DAGs
[2026-02-13T22:05:33.605+0000] {logging_mixin.py:137} INFO - [2026-02-13T22:05:33.605+0000] {dag.py:3441} INFO - Setting next_dagrun for example_kubernetes_executor to None, run_after=None
[2026-02-13T22:05:33.617+0000] {processor.py:175} INFO - Processing /home/airflow/.local/lib/python3.7/site-packages/airflow/example_dags/example_kubernetes_executor.py took 0.055 seconds
[2026-02-13T22:06:33.613+0000] {processor.py:153} INFO - Started process (PID=64) to work on /home/airflow/.local/lib/python3.7/site-packages/airflow/example_dags/example_kubernetes_executor.py
[2026-02-13T22:06:33.615+0000] {processor.py:743} INFO - Processing file /home/airflow/.local/lib/python3.7/site-packages/airflow/example_dags/example_kubernetes_executor.py for tasks to queue
[2026-02-13T22:06:33.616+0000] {logging_mixin.py:137} INFO - [2026-02-13T22:06:33.616+0000] {dagbag.py:538} INFO - Filling up the DagBag from /home/airflow/.local/lib/python3.7/site-packages/airflow/example_dags/example_kubernetes_executor.py
[2026-02-13T22:06:33.634+0000] {processor.py:753} INFO - DAG(s) dict_keys(['example_kubernetes_executor']) retrieved from /home/airflow/.local/lib/python3.7/site-packages/airflow/example_dags/example_kubernetes_executor.py
[2026-02-13T22:06:33.643+0000] {logging_mixin.py:137} INFO - [2026-02-13T22:06:33.643+0000] {dag.py:2690} INFO - Sync 1 DAGs
[2026-02-13T22:06:33.661+0000] {logging_mixin.py:137} INFO - [2026-02-13T22:06:33.661+0000] {dag.py:3441} INFO - Setting next_dagrun for example_kubernetes_executor to None, run_after=None
[2026-02-13T22:06:33.679+0000] {processor.py:175} INFO - Processing /home/airflow/.local/lib/python3.7/site-packages/airflow/example_dags/example_kubernetes_executor.py took 0.069 seconds
[2026-02-13T22:07:04.874+0000] {processor.py:153} INFO - Started process (PID=153) to work on /home/airflow/.local/lib/python3.7/site-packages/airflow/example_dags/example_kubernetes_executor.py
[2026-02-13T22:07:04.876+0000] {processor.py:743} INFO - Processing file /home/airflow/.local/lib/python3.7/site-packages/airflow/example_dags/example_kubernetes_executor.py for tasks to queue
[2026-02-13T22:07:04.877+0000] {logging_mixin.py:137} INFO - [2026-02-13T22:07:04.877+0000] {dagbag.py:538} INFO - Filling up the DagBag from /home/airflow/.local/lib/python3.7/site-packages/airflow/example_dags/example_kubernetes_executor.py
[2026-02-13T22:07:04.894+0000] {processor.py:753} INFO - DAG(s) dict_keys(['example_kubernetes_executor']) retrieved from /home/airflow/.local/lib/python3.7/site-packages/airflow/example_dags/example_kubernetes_executor.py
[2026-02-13T22:07:04.924+0000] {logging_mixin.py:137} INFO - [2026-02-13T22:07:04.924+0000] {dag.py:2690} INFO - Sync 1 DAGs
[2026-02-13T22:07:04.940+0000] {logging_mixin.py:137} INFO - [2026-02-13T22:07:04.940+0000] {dag.py:3441} INFO - Setting next_dagrun for example_kubernetes_executor to None, run_after=None
[2026-02-13T22:07:04.959+0000] {processor.py:175} INFO - Processing /home/airflow/.local/lib/python3.7/site-packages/airflow/example_dags/example_kubernetes_executor.py took 0.088 seconds
[2026-02-13T22:07:35.926+0000] {processor.py:153} INFO - Started process (PID=242) to work on /home/airflow/.local/lib/python3.7/site-packages/airflow/example_dags/example_kubernetes_executor.py
[2026-02-13T22:07:35.928+0000] {processor.py:743} INFO - Processing file /home/airflow/.local/lib/python3.7/site-packages/airflow/example_dags/example_kubernetes_executor.py for tasks to queue
[2026-02-13T22:07:35.929+0000] {logging_mixin.py:137} INFO - [2026-02-13T22:07:35.928+0000] {dagbag.py:538} INFO - Filling up the DagBag from /home/airflow/.local/lib/python3.7/site-packages/airflow/example_dags/example_kubernetes_executor.py
[2026-02-13T22:07:35.958+0000] {processor.py:753} INFO - DAG(s) dict_keys(['example_kubernetes_executor']) retrieved from /home/airflow/.local/lib/python3.7/site-packages/airflow/example_dags/example_kubernetes_executor.py
[2026-02-13T22:07:35.986+0000] {logging_mixin.py:137} INFO - [2026-02-13T22:07:35.985+0000] {dag.py:2690} INFO - Sync 1 DAGs
[2026-02-13T22:07:36.004+0000] {logging_mixin.py:137} INFO - [2026-02-13T22:07:36.004+0000] {dag.py:3441} INFO - Setting next_dagrun for example_kubernetes_executor to None, run_after=None
[2026-02-13T22:07:36.018+0000] {processor.py:175} INFO - Processing /home/airflow/.local/lib/python3.7/site-packages/airflow/example_dags/example_kubernetes_executor.py took 0.096 seconds
[2026-02-13T22:08:06.570+0000] {processor.py:153} INFO - Started process (PID=315) to work on /home/airflow/.local/lib/python3.7/site-packages/airflow/example_dags/example_kubernetes_executor.py
[2026-02-13T22:08:06.571+0000] {processor.py:743} INFO - Processing file /home/airflow/.local/lib/python3.7/site-packages/airflow/example_dags/example_kubernetes_executor.py for tasks to queue
[2026-02-13T22:08:06.572+0000] {logging_mixin.py:137} INFO - [2026-02-13T22:08:06.572+0000] {dagbag.py:538} INFO - Filling up the DagBag from /home/airflow/.local/lib/python3.7/site-packages/airflow/example_dags/example_kubernetes_executor.py
[2026-02-13T22:08:06.594+0000] {processor.py:753} INFO - DAG(s) dict_keys(['example_kubernetes_executor']) retrieved from /home/airflow/.local/lib/python3.7/site-packages/airflow/example_dags/example_kubernetes_executor.py
[2026-02-13T22:08:06.617+0000] {logging_mixin.py:137} INFO - [2026-02-13T22:08:06.616+0000] {dag.py:2690} INFO - Sync 1 DAGs
[2026-02-13T22:08:06.630+0000] {logging_mixin.py:137} INFO - [2026-02-13T22:08:06.630+0000] {dag.py:3441} INFO - Setting next_dagrun for example_kubernetes_executor to None, run_after=None
[2026-02-13T22:08:06.641+0000] {processor.py:175} INFO - Processing /home/airflow/.local/lib/python3.7/site-packages/airflow/example_dags/example_kubernetes_executor.py took 0.075 seconds
[2026-02-13T22:08:37.389+0000] {processor.py:153} INFO - Started process (PID=404) to work on /home/airflow/.local/lib/python3.7/site-packages/airflow/example_dags/example_kubernetes_executor.py
[2026-02-13T22:08:37.390+0000] {processor.py:743} INFO - Processing file /home/airflow/.local/lib/python3.7/site-packages/airflow/example_dags/example_kubernetes_executor.py for tasks to queue
[2026-02-13T22:08:37.390+0000] {logging_mixin.py:137} INFO - [2026-02-13T22:08:37.390+0000] {dagbag.py:538} INFO - Filling up the DagBag from /home/airflow/.local/lib/python3.7/site-packages/airflow/example_dags/example_kubernetes_executor.py
[2026-02-13T22:08:37.412+0000] {processor.py:753} INFO - DAG(s) dict_keys(['example_kubernetes_executor']) retrieved from /home/airflow/.local/lib/python3.7/site-packages/airflow/example_dags/example_kubernetes_executor.py
[2026-02-13T22:08:37.431+0000] {logging_mixin.py:137} INFO - [2026-02-13T22:08:37.431+0000] {dag.py:2690} INFO - Sync 1 DAGs
[2026-02-13T22:08:37.444+0000] {logging_mixin.py:137} INFO - [2026-02-13T22:08:37.443+0000] {dag.py:3441} INFO - Setting next_dagrun for example_kubernetes_executor to None, run_after=None
[2026-02-13T22:08:37.456+0000] {processor.py:175} INFO - Processing /home/airflow/.local/lib/python3.7/site-packages/airflow/example_dags/example_kubernetes_executor.py took 0.071 seconds
[2026-02-13T22:09:08.020+0000] {processor.py:153} INFO - Started process (PID=493) to work on /home/airflow/.local/lib/python3.7/site-packages/airflow/example_dags/example_kubernetes_executor.py
[2026-02-13T22:09:08.021+0000] {processor.py:743} INFO - Processing file /home/airflow/.local/lib/python3.7/site-packages/airflow/example_dags/example_kubernetes_executor.py for tasks to queue
[2026-02-13T22:09:08.021+0000] {logging_mixin.py:137} INFO - [2026-02-13T22:09:08.021+0000] {dagbag.py:538} INFO - Filling up the DagBag from /home/airflow/.local/lib/python3.7/site-packages/airflow/example_dags/example_kubernetes_executor.py
[2026-02-13T22:09:08.044+0000] {processor.py:753} INFO - DAG(s) dict_keys(['example_kubernetes_executor']) retrieved from /home/airflow/.local/lib/python3.7/site-packages/airflow/example_dags/example_kubernetes_executor.py
[2026-02-13T22:09:08.065+0000] {logging_mixin.py:137} INFO - [2026-02-13T22:09:08.065+0000] {dag.py:2690} INFO - Sync 1 DAGs
[2026-02-13T22:09:08.078+0000] {logging_mixin.py:137} INFO - [2026-02-13T22:09:08.078+0000] {dag.py:3441} INFO - Setting next_dagrun for example_kubernetes_executor to None, run_after=None
[2026-02-13T22:09:08.086+0000] {processor.py:175} INFO - Processing /home/airflow/.local/lib/python3.7/site-packages/airflow/example_dags/example_kubernetes_executor.py took 0.071 seconds
[2026-02-13T22:09:38.582+0000] {processor.py:153} INFO - Started process (PID=581) to work on /home/airflow/.local/lib/python3.7/site-packages/airflow/example_dags/example_kubernetes_executor.py
[2026-02-13T22:09:38.585+0000] {processor.py:743} INFO - Processing file /home/airflow/.local/lib/python3.7/site-packages/airflow/example_dags/example_kubernetes_executor.py for tasks to queue
[2026-02-13T22:09:38.586+0000] {logging_mixin.py:137} INFO - [2026-02-13T22:09:38.586+0000] {dagbag.py:538} INFO - Filling up the DagBag from /home/airflow/.local/lib/python3.7/site-packages/airflow/example_dags/example_kubernetes_executor.py
[2026-02-13T22:09:38.602+0000] {processor.py:753} INFO - DAG(s) dict_keys(['example_kubernetes_executor']) retrieved from /home/airflow/.local/lib/python3.7/site-packages/airflow/example_dags/example_kubernetes_executor.py
[2026-02-13T22:09:38.620+0000] {logging_mixin.py:137} INFO - [2026-02-13T22:09:38.620+0000] {dag.py:2690} INFO - Sync 1 DAGs
[2026-02-13T22:09:38.634+0000] {logging_mixin.py:137} INFO - [2026-02-13T22:09:38.634+0000] {dag.py:3441} INFO - Setting next_dagrun for example_kubernetes_executor to None, run_after=None
[2026-02-13T22:09:38.648+0000] {processor.py:175} INFO - Processing /home/airflow/.local/lib/python3.7/site-packages/airflow/example_dags/example_kubernetes_executor.py took 0.068 seconds
[2026-02-13T22:10:09.167+0000] {processor.py:153} INFO - Started process (PID=663) to work on /home/airflow/.local/lib/python3.7/site-packages/airflow/example_dags/example_kubernetes_executor.py
[2026-02-13T22:10:09.168+0000] {processor.py:743} INFO - Processing file /home/airflow/.local/lib/python3.7/site-packages/airflow/example_dags/example_kubernetes_executor.py for tasks to queue
[2026-02-13T22:10:09.169+0000] {logging_mixin.py:137} INFO - [2026-02-13T22:10:09.169+0000] {dagbag.py:538} INFO - Filling up the DagBag from /home/airflow/.local/lib/python3.7/site-packages/airflow/example_dags/example_kubernetes_executor.py
[2026-02-13T22:10:09.184+0000] {processor.py:753} INFO - DAG(s) dict_keys(['example_kubernetes_executor']) retrieved from /home/airflow/.local/lib/python3.7/site-packages/airflow/example_dags/example_kubernetes_executor.py
[2026-02-13T22:10:09.206+0000] {logging_mixin.py:137} INFO - [2026-02-13T22:10:09.206+0000] {dag.py:2690} INFO - Sync 1 DAGs
[2026-02-13T22:10:09.220+0000] {logging_mixin.py:137} INFO - [2026-02-13T22:10:09.220+0000] {dag.py:3441} INFO - Setting next_dagrun for example_kubernetes_executor to None, run_after=None
[2026-02-13T22:10:09.232+0000] {processor.py:175} INFO - Processing /home/airflow/.local/lib/python3.7/site-packages/airflow/example_dags/example_kubernetes_executor.py took 0.067 seconds
[2026-02-13T22:10:39.843+0000] {processor.py:153} INFO - Started process (PID=742) to work on /home/airflow/.local/lib/python3.7/site-packages/airflow/example_dags/example_kubernetes_executor.py
[2026-02-13T22:10:39.845+0000] {processor.py:743} INFO - Processing file /home/airflow/.local/lib/python3.7/site-packages/airflow/example_dags/example_kubernetes_executor.py for tasks to queue
[2026-02-13T22:10:39.846+0000] {logging_mixin.py:137} INFO - [2026-02-13T22:10:39.846+0000] {dagbag.py:538} INFO - Filling up the DagBag from /home/airflow/.local/lib/python3.7/site-packages/airflow/example_dags/example_kubernetes_executor.py
[2026-02-13T22:10:39.866+0000] {processor.py:753} INFO - DAG(s) dict_keys(['example_kubernetes_executor']) retrieved from /home/airflow/.local/lib/python3.7/site-packages/airflow/example_dags/example_kubernetes_executor.py
[2026-02-13T22:10:39.885+0000] {logging_mixin.py:137} INFO - [2026-02-13T22:10:39.885+0000] {dag.py:2690} INFO - Sync 1 DAGs
[2026-02-13T22:10:39.900+0000] {logging_mixin.py:137} INFO - [2026-02-13T22:10:39.900+0000] {dag.py:3441} INFO - Setting next_dagrun for example_kubernetes_executor to None, run_after=None
[2026-02-13T22:10:39.909+0000] {processor.py:175} INFO - Processing /home/airflow/.local/lib/python3.7/site-packages/airflow/example_dags/example_kubernetes_executor.py took 0.070 seconds
[2026-02-13T22:11:10.367+0000] {processor.py:153} INFO - Started process (PID=831) to work on /home/airflow/.local/lib/python3.7/site-packages/airflow/example_dags/example_kubernetes_executor.py
[2026-02-13T22:11:10.368+0000] {processor.py:743} INFO - Processing file /home/airflow/.local/lib/python3.7/site-packages/airflow/example_dags/example_kubernetes_executor.py for tasks to queue
[2026-02-13T22:11:10.368+0000] {logging_mixin.py:137} INFO - [2026-02-13T22:11:10.368+0000] {dagbag.py:538} INFO - Filling up the DagBag from /home/airflow/.local/lib/python3.7/site-packages/airflow/example_dags/example_kubernetes_executor.py
[2026-02-13T22:11:10.383+0000] {processor.py:753} INFO - DAG(s) dict_keys(['example_kubernetes_executor']) retrieved from /home/airflow/.local/lib/python3.7/site-packages/airflow/example_dags/example_kubernetes_executor.py
[2026-02-13T22:11:10.403+0000] {logging_mixin.py:137} INFO - [2026-02-13T22:11:10.403+0000] {dag.py:2690} INFO - Sync 1 DAGs
[2026-02-13T22:11:10.417+0000] {logging_mixin.py:137} INFO - [2026-02-13T22:11:10.417+0000] {dag.py:3441} INFO - Setting next_dagrun for example_kubernetes_executor to None, run_after=None
[2026-02-13T22:11:10.427+0000] {processor.py:175} INFO - Processing /home/airflow/.local/lib/python3.7/site-packages/airflow/example_dags/example_kubernetes_executor.py took 0.061 seconds
[2026-02-13T22:11:41.019+0000] {processor.py:153} INFO - Started process (PID=919) to work on /home/airflow/.local/lib/python3.7/site-packages/airflow/example_dags/example_kubernetes_executor.py
[2026-02-13T22:11:41.021+0000] {processor.py:743} INFO - Processing file /home/airflow/.local/lib/python3.7/site-packages/airflow/example_dags/example_kubernetes_executor.py for tasks to queue
[2026-02-13T22:11:41.022+0000] {logging_mixin.py:137} INFO - [2026-02-13T22:11:41.021+0000] {dagbag.py:538} INFO - Filling up the DagBag from /home/airflow/.local/lib/python3.7/site-packages/airflow/example_dags/example_kubernetes_executor.py
[2026-02-13T22:11:41.041+0000] {processor.py:753} INFO - DAG(s) dict_keys(['example_kubernetes_executor']) retrieved from /home/airflow/.local/lib/python3.7/site-packages/airflow/example_dags/example_kubernetes_executor.py
[2026-02-13T22:11:41.060+0000] {logging_mixin.py:137} INFO - [2026-02-13T22:11:41.060+0000] {dag.py:2690} INFO - Sync 1 DAGs
[2026-02-13T22:11:41.074+0000] {logging_mixin.py:137} INFO - [2026-02-13T22:11:41.074+0000] {dag.py:3441} INFO - Setting next_dagrun for example_kubernetes_executor to None, run_after=None
[2026-02-13T22:11:41.084+0000] {processor.py:175} INFO - Processing /home/airflow/.local/lib/python3.7/site-packages/airflow/example_dags/example_kubernetes_executor.py took 0.069 seconds
[2026-02-13T22:12:11.534+0000] {processor.py:153} INFO - Started process (PID=1008) to work on /home/airflow/.local/lib/python3.7/site-packages/airflow/example_dags/example_kubernetes_executor.py
[2026-02-13T22:12:11.534+0000] {processor.py:743} INFO - Processing file /home/airflow/.local/lib/python3.7/site-packages/airflow/example_dags/example_kubernetes_executor.py for tasks to queue
[2026-02-13T22:12:11.535+0000] {logging_mixin.py:137} INFO - [2026-02-13T22:12:11.535+0000] {dagbag.py:538} INFO - Filling up the DagBag from /home/airflow/.local/lib/python3.7/site-packages/airflow/example_dags/example_kubernetes_executor.py
[2026-02-13T22:12:11.549+0000] {processor.py:753} INFO - DAG(s) dict_keys(['example_kubernetes_executor']) retrieved from /home/airflow/.local/lib/python3.7/site-packages/airflow/example_dags/example_kubernetes_executor.py
[2026-02-13T22:12:11.567+0000] {logging_mixin.py:137} INFO - [2026-02-13T22:12:11.567+0000] {dag.py:2690} INFO - Sync 1 DAGs
[2026-02-13T22:12:11.585+0000] {logging_mixin.py:137} INFO - [2026-02-13T22:12:11.583+0000] {dag.py:3441} INFO - Setting next_dagrun for example_kubernetes_executor to None, run_after=None
[2026-02-13T22:12:11.598+0000] {processor.py:175} INFO - Processing /home/airflow/.local/lib/python3.7/site-packages/airflow/example_dags/example_kubernetes_executor.py took 0.066 seconds
[2026-02-13T22:20:57.589+0000] {processor.py:153} INFO - Started process (PID=103) to work on /home/airflow/.local/lib/python3.7/site-packages/airflow/example_dags/example_kubernetes_executor.py
[2026-02-13T22:20:57.591+0000] {processor.py:743} INFO - Processing file /home/airflow/.local/lib/python3.7/site-packages/airflow/example_dags/example_kubernetes_executor.py for tasks to queue
[2026-02-13T22:20:57.591+0000] {logging_mixin.py:137} INFO - [2026-02-13T22:20:57.591+0000] {dagbag.py:538} INFO - Filling up the DagBag from /home/airflow/.local/lib/python3.7/site-packages/airflow/example_dags/example_kubernetes_executor.py
[2026-02-13T22:20:57.608+0000] {processor.py:753} INFO - DAG(s) dict_keys(['example_kubernetes_executor']) retrieved from /home/airflow/.local/lib/python3.7/site-packages/airflow/example_dags/example_kubernetes_executor.py
[2026-02-13T22:20:57.615+0000] {logging_mixin.py:137} INFO - [2026-02-13T22:20:57.615+0000] {dag.py:2690} INFO - Sync 1 DAGs
[2026-02-13T22:20:57.633+0000] {logging_mixin.py:137} INFO - [2026-02-13T22:20:57.632+0000] {dag.py:3441} INFO - Setting next_dagrun for example_kubernetes_executor to None, run_after=None
[2026-02-13T22:20:57.644+0000] {processor.py:175} INFO - Processing /home/airflow/.local/lib/python3.7/site-packages/airflow/example_dags/example_kubernetes_executor.py took 0.056 seconds
[2026-02-13T22:21:28.285+0000] {processor.py:153} INFO - Started process (PID=176) to work on /home/airflow/.local/lib/python3.7/site-packages/airflow/example_dags/example_kubernetes_executor.py
[2026-02-13T22:21:28.286+0000] {processor.py:743} INFO - Processing file /home/airflow/.local/lib/python3.7/site-packages/airflow/example_dags/example_kubernetes_executor.py for tasks to queue
[2026-02-13T22:21:28.287+0000] {logging_mixin.py:137} INFO - [2026-02-13T22:21:28.287+0000] {dagbag.py:538} INFO - Filling up the DagBag from /home/airflow/.local/lib/python3.7/site-packages/airflow/example_dags/example_kubernetes_executor.py
[2026-02-13T22:21:28.302+0000] {processor.py:753} INFO - DAG(s) dict_keys(['example_kubernetes_executor']) retrieved from /home/airflow/.local/lib/python3.7/site-packages/airflow/example_dags/example_kubernetes_executor.py
[2026-02-13T22:21:28.326+0000] {logging_mixin.py:137} INFO - [2026-02-13T22:21:28.326+0000] {dag.py:2690} INFO - Sync 1 DAGs
[2026-02-13T22:21:28.337+0000] {logging_mixin.py:137} INFO - [2026-02-13T22:21:28.337+0000] {dag.py:3441} INFO - Setting next_dagrun for example_kubernetes_executor to None, run_after=None
[2026-02-13T22:21:28.351+0000] {processor.py:175} INFO - Processing /home/airflow/.local/lib/python3.7/site-packages/airflow/example_dags/example_kubernetes_executor.py took 0.069 seconds
[2026-02-13T22:21:59.330+0000] {processor.py:153} INFO - Started process (PID=266) to work on /home/airflow/.local/lib/python3.7/site-packages/airflow/example_dags/example_kubernetes_executor.py
[2026-02-13T22:21:59.331+0000] {processor.py:743} INFO - Processing file /home/airflow/.local/lib/python3.7/site-packages/airflow/example_dags/example_kubernetes_executor.py for tasks to queue
[2026-02-13T22:21:59.331+0000] {logging_mixin.py:137} INFO - [2026-02-13T22:21:59.331+0000] {dagbag.py:538} INFO - Filling up the DagBag from /home/airflow/.local/lib/python3.7/site-packages/airflow/example_dags/example_kubernetes_executor.py
[2026-02-13T22:21:59.343+0000] {processor.py:753} INFO - DAG(s) dict_keys(['example_kubernetes_executor']) retrieved from /home/airflow/.local/lib/python3.7/site-packages/airflow/example_dags/example_kubernetes_executor.py
[2026-02-13T22:21:59.355+0000] {logging_mixin.py:137} INFO - [2026-02-13T22:21:59.355+0000] {dag.py:2690} INFO - Sync 1 DAGs
[2026-02-13T22:21:59.365+0000] {logging_mixin.py:137} INFO - [2026-02-13T22:21:59.365+0000] {dag.py:3441} INFO - Setting next_dagrun for example_kubernetes_executor to None, run_after=None
[2026-02-13T22:21:59.371+0000] {processor.py:175} INFO - Processing /home/airflow/.local/lib/python3.7/site-packages/airflow/example_dags/example_kubernetes_executor.py took 0.042 seconds
[2026-02-13T22:22:29.942+0000] {processor.py:153} INFO - Started process (PID=356) to work on /home/airflow/.local/lib/python3.7/site-packages/airflow/example_dags/example_kubernetes_executor.py
[2026-02-13T22:22:29.942+0000] {processor.py:743} INFO - Processing file /home/airflow/.local/lib/python3.7/site-packages/airflow/example_dags/example_kubernetes_executor.py for tasks to queue
[2026-02-13T22:22:29.943+0000] {logging_mixin.py:137} INFO - [2026-02-13T22:22:29.943+0000] {dagbag.py:538} INFO - Filling up the DagBag from /home/airflow/.local/lib/python3.7/site-packages/airflow/example_dags/example_kubernetes_executor.py
[2026-02-13T22:22:29.953+0000] {processor.py:753} INFO - DAG(s) dict_keys(['example_kubernetes_executor']) retrieved from /home/airflow/.local/lib/python3.7/site-packages/airflow/example_dags/example_kubernetes_executor.py
[2026-02-13T22:22:29.965+0000] {logging_mixin.py:137} INFO - [2026-02-13T22:22:29.965+0000] {dag.py:2690} INFO - Sync 1 DAGs
[2026-02-13T22:22:29.975+0000] {logging_mixin.py:137} INFO - [2026-02-13T22:22:29.975+0000] {dag.py:3441} INFO - Setting next_dagrun for example_kubernetes_executor to None, run_after=None
[2026-02-13T22:22:29.981+0000] {processor.py:175} INFO - Processing /home/airflow/.local/lib/python3.7/site-packages/airflow/example_dags/example_kubernetes_executor.py took 0.040 seconds
[2026-02-13T22:23:00.635+0000] {processor.py:153} INFO - Started process (PID=445) to work on /home/airflow/.local/lib/python3.7/site-packages/airflow/example_dags/example_kubernetes_executor.py
[2026-02-13T22:23:00.636+0000] {processor.py:743} INFO - Processing file /home/airflow/.local/lib/python3.7/site-packages/airflow/example_dags/example_kubernetes_executor.py for tasks to queue
[2026-02-13T22:23:00.636+0000] {logging_mixin.py:137} INFO - [2026-02-13T22:23:00.636+0000] {dagbag.py:538} INFO - Filling up the DagBag from /home/airflow/.local/lib/python3.7/site-packages/airflow/example_dags/example_kubernetes_executor.py
[2026-02-13T22:23:00.651+0000] {processor.py:753} INFO - DAG(s) dict_keys(['example_kubernetes_executor']) retrieved from /home/airflow/.local/lib/python3.7/site-packages/airflow/example_dags/example_kubernetes_executor.py
[2026-02-13T22:23:00.668+0000] {logging_mixin.py:137} INFO - [2026-02-13T22:23:00.668+0000] {dag.py:2690} INFO - Sync 1 DAGs
[2026-02-13T22:23:00.682+0000] {logging_mixin.py:137} INFO - [2026-02-13T22:23:00.682+0000] {dag.py:3441} INFO - Setting next_dagrun for example_kubernetes_executor to None, run_after=None
[2026-02-13T22:23:00.692+0000] {processor.py:175} INFO - Processing /home/airflow/.local/lib/python3.7/site-packages/airflow/example_dags/example_kubernetes_executor.py took 0.058 seconds
[2026-02-13T22:23:31.306+0000] {processor.py:153} INFO - Started process (PID=518) to work on /home/airflow/.local/lib/python3.7/site-packages/airflow/example_dags/example_kubernetes_executor.py
[2026-02-13T22:23:31.307+0000] {processor.py:743} INFO - Processing file /home/airflow/.local/lib/python3.7/site-packages/airflow/example_dags/example_kubernetes_executor.py for tasks to queue
[2026-02-13T22:23:31.309+0000] {logging_mixin.py:137} INFO - [2026-02-13T22:23:31.309+0000] {dagbag.py:538} INFO - Filling up the DagBag from /home/airflow/.local/lib/python3.7/site-packages/airflow/example_dags/example_kubernetes_executor.py
[2026-02-13T22:23:31.321+0000] {processor.py:753} INFO - DAG(s) dict_keys(['example_kubernetes_executor']) retrieved from /home/airflow/.local/lib/python3.7/site-packages/airflow/example_dags/example_kubernetes_executor.py
[2026-02-13T22:23:31.334+0000] {logging_mixin.py:137} INFO - [2026-02-13T22:23:31.334+0000] {dag.py:2690} INFO - Sync 1 DAGs
[2026-02-13T22:23:31.345+0000] {logging_mixin.py:137} INFO - [2026-02-13T22:23:31.345+0000] {dag.py:3441} INFO - Setting next_dagrun for example_kubernetes_executor to None, run_after=None
[2026-02-13T22:23:31.357+0000] {processor.py:175} INFO - Processing /home/airflow/.local/lib/python3.7/site-packages/airflow/example_dags/example_kubernetes_executor.py took 0.053 seconds
[2026-02-13T22:24:01.990+0000] {processor.py:153} INFO - Started process (PID=606) to work on /home/airflow/.local/lib/python3.7/site-packages/airflow/example_dags/example_kubernetes_executor.py
[2026-02-13T22:24:01.990+0000] {processor.py:743} INFO - Processing file /home/airflow/.local/lib/python3.7/site-packages/airflow/example_dags/example_kubernetes_executor.py for tasks to queue
[2026-02-13T22:24:01.991+0000] {logging_mixin.py:137} INFO - [2026-02-13T22:24:01.990+0000] {dagbag.py:538} INFO - Filling up the DagBag from /home/airflow/.local/lib/python3.7/site-packages/airflow/example_dags/example_kubernetes_executor.py
[2026-02-13T22:24:02.003+0000] {processor.py:753} INFO - DAG(s) dict_keys(['example_kubernetes_executor']) retrieved from /home/airflow/.local/lib/python3.7/site-packages/airflow/example_dags/example_kubernetes_executor.py
[2026-02-13T22:24:02.019+0000] {logging_mixin.py:137} INFO - [2026-02-13T22:24:02.019+0000] {dag.py:2690} INFO - Sync 1 DAGs
[2026-02-13T22:24:02.030+0000] {logging_mixin.py:137} INFO - [2026-02-13T22:24:02.029+0000] {dag.py:3441} INFO - Setting next_dagrun for example_kubernetes_executor to None, run_after=None
[2026-02-13T22:24:02.041+0000] {processor.py:175} INFO - Processing /home/airflow/.local/lib/python3.7/site-packages/airflow/example_dags/example_kubernetes_executor.py took 0.053 seconds
[2026-02-13T22:24:32.755+0000] {processor.py:153} INFO - Started process (PID=695) to work on /home/airflow/.local/lib/python3.7/site-packages/airflow/example_dags/example_kubernetes_executor.py
[2026-02-13T22:24:32.757+0000] {processor.py:743} INFO - Processing file /home/airflow/.local/lib/python3.7/site-packages/airflow/example_dags/example_kubernetes_executor.py for tasks to queue
[2026-02-13T22:24:32.757+0000] {logging_mixin.py:137} INFO - [2026-02-13T22:24:32.757+0000] {dagbag.py:538} INFO - Filling up the DagBag from /home/airflow/.local/lib/python3.7/site-packages/airflow/example_dags/example_kubernetes_executor.py
[2026-02-13T22:24:32.769+0000] {processor.py:753} INFO - DAG(s) dict_keys(['example_kubernetes_executor']) retrieved from /home/airflow/.local/lib/python3.7/site-packages/airflow/example_dags/example_kubernetes_executor.py
[2026-02-13T22:24:32.786+0000] {logging_mixin.py:137} INFO - [2026-02-13T22:24:32.786+0000] {dag.py:2690} INFO - Sync 1 DAGs
[2026-02-13T22:24:32.799+0000] {logging_mixin.py:137} INFO - [2026-02-13T22:24:32.799+0000] {dag.py:3441} INFO - Setting next_dagrun for example_kubernetes_executor to None, run_after=None
[2026-02-13T22:24:32.809+0000] {processor.py:175} INFO - Processing /home/airflow/.local/lib/python3.7/site-packages/airflow/example_dags/example_kubernetes_executor.py took 0.055 seconds
[2026-02-13T22:25:03.384+0000] {processor.py:153} INFO - Started process (PID=784) to work on /home/airflow/.local/lib/python3.7/site-packages/airflow/example_dags/example_kubernetes_executor.py
[2026-02-13T22:25:03.385+0000] {processor.py:743} INFO - Processing file /home/airflow/.local/lib/python3.7/site-packages/airflow/example_dags/example_kubernetes_executor.py for tasks to queue
[2026-02-13T22:25:03.388+0000] {logging_mixin.py:137} INFO - [2026-02-13T22:25:03.388+0000] {dagbag.py:538} INFO - Filling up the DagBag from /home/airflow/.local/lib/python3.7/site-packages/airflow/example_dags/example_kubernetes_executor.py
[2026-02-13T22:25:03.399+0000] {processor.py:753} INFO - DAG(s) dict_keys(['example_kubernetes_executor']) retrieved from /home/airflow/.local/lib/python3.7/site-packages/airflow/example_dags/example_kubernetes_executor.py
[2026-02-13T22:25:03.415+0000] {logging_mixin.py:137} INFO - [2026-02-13T22:25:03.415+0000] {dag.py:2690} INFO - Sync 1 DAGs
[2026-02-13T22:25:03.426+0000] {logging_mixin.py:137} INFO - [2026-02-13T22:25:03.426+0000] {dag.py:3441} INFO - Setting next_dagrun for example_kubernetes_executor to None, run_after=None
[2026-02-13T22:25:03.437+0000] {processor.py:175} INFO - Processing /home/airflow/.local/lib/python3.7/site-packages/airflow/example_dags/example_kubernetes_executor.py took 0.054 seconds
[2026-02-13T22:25:34.093+0000] {processor.py:153} INFO - Started process (PID=873) to work on /home/airflow/.local/lib/python3.7/site-packages/airflow/example_dags/example_kubernetes_executor.py
[2026-02-13T22:25:34.094+0000] {processor.py:743} INFO - Processing file /home/airflow/.local/lib/python3.7/site-packages/airflow/example_dags/example_kubernetes_executor.py for tasks to queue
[2026-02-13T22:25:34.094+0000] {logging_mixin.py:137} INFO - [2026-02-13T22:25:34.094+0000] {dagbag.py:538} INFO - Filling up the DagBag from /home/airflow/.local/lib/python3.7/site-packages/airflow/example_dags/example_kubernetes_executor.py
[2026-02-13T22:25:34.105+0000] {processor.py:753} INFO - DAG(s) dict_keys(['example_kubernetes_executor']) retrieved from /home/airflow/.local/lib/python3.7/site-packages/airflow/example_dags/example_kubernetes_executor.py
[2026-02-13T22:25:34.116+0000] {logging_mixin.py:137} INFO - [2026-02-13T22:25:34.116+0000] {dag.py:2690} INFO - Sync 1 DAGs
[2026-02-13T22:25:34.125+0000] {logging_mixin.py:137} INFO - [2026-02-13T22:25:34.124+0000] {dag.py:3441} INFO - Setting next_dagrun for example_kubernetes_executor to None, run_after=None
[2026-02-13T22:25:34.132+0000] {processor.py:175} INFO - Processing /home/airflow/.local/lib/python3.7/site-packages/airflow/example_dags/example_kubernetes_executor.py took 0.040 seconds
[2026-02-13T22:26:04.659+0000] {processor.py:153} INFO - Started process (PID=946) to work on /home/airflow/.local/lib/python3.7/site-packages/airflow/example_dags/example_kubernetes_executor.py
[2026-02-13T22:26:04.659+0000] {processor.py:743} INFO - Processing file /home/airflow/.local/lib/python3.7/site-packages/airflow/example_dags/example_kubernetes_executor.py for tasks to queue
[2026-02-13T22:26:04.660+0000] {logging_mixin.py:137} INFO - [2026-02-13T22:26:04.660+0000] {dagbag.py:538} INFO - Filling up the DagBag from /home/airflow/.local/lib/python3.7/site-packages/airflow/example_dags/example_kubernetes_executor.py
[2026-02-13T22:26:04.674+0000] {processor.py:753} INFO - DAG(s) dict_keys(['example_kubernetes_executor']) retrieved from /home/airflow/.local/lib/python3.7/site-packages/airflow/example_dags/example_kubernetes_executor.py
[2026-02-13T22:26:04.691+0000] {logging_mixin.py:137} INFO - [2026-02-13T22:26:04.691+0000] {dag.py:2690} INFO - Sync 1 DAGs
[2026-02-13T22:26:04.705+0000] {logging_mixin.py:137} INFO - [2026-02-13T22:26:04.705+0000] {dag.py:3441} INFO - Setting next_dagrun for example_kubernetes_executor to None, run_after=None
[2026-02-13T22:26:04.718+0000] {processor.py:175} INFO - Processing /home/airflow/.local/lib/python3.7/site-packages/airflow/example_dags/example_kubernetes_executor.py took 0.061 seconds
[2026-02-13T22:26:35.243+0000] {processor.py:153} INFO - Started process (PID=1035) to work on /home/airflow/.local/lib/python3.7/site-packages/airflow/example_dags/example_kubernetes_executor.py
[2026-02-13T22:26:35.243+0000] {processor.py:743} INFO - Processing file /home/airflow/.local/lib/python3.7/site-packages/airflow/example_dags/example_kubernetes_executor.py for tasks to queue
[2026-02-13T22:26:35.244+0000] {logging_mixin.py:137} INFO - [2026-02-13T22:26:35.244+0000] {dagbag.py:538} INFO - Filling up the DagBag from /home/airflow/.local/lib/python3.7/site-packages/airflow/example_dags/example_kubernetes_executor.py
[2026-02-13T22:26:35.262+0000] {processor.py:753} INFO - DAG(s) dict_keys(['example_kubernetes_executor']) retrieved from /home/airflow/.local/lib/python3.7/site-packages/airflow/example_dags/example_kubernetes_executor.py
[2026-02-13T22:26:35.279+0000] {logging_mixin.py:137} INFO - [2026-02-13T22:26:35.279+0000] {dag.py:2690} INFO - Sync 1 DAGs
[2026-02-13T22:26:35.295+0000] {logging_mixin.py:137} INFO - [2026-02-13T22:26:35.295+0000] {dag.py:3441} INFO - Setting next_dagrun for example_kubernetes_executor to None, run_after=None
[2026-02-13T22:26:35.304+0000] {processor.py:175} INFO - Processing /home/airflow/.local/lib/python3.7/site-packages/airflow/example_dags/example_kubernetes_executor.py took 0.064 seconds
[2026-02-13T22:27:06.009+0000] {processor.py:153} INFO - Started process (PID=1124) to work on /home/airflow/.local/lib/python3.7/site-packages/airflow/example_dags/example_kubernetes_executor.py
[2026-02-13T22:27:06.010+0000] {processor.py:743} INFO - Processing file /home/airflow/.local/lib/python3.7/site-packages/airflow/example_dags/example_kubernetes_executor.py for tasks to queue
[2026-02-13T22:27:06.011+0000] {logging_mixin.py:137} INFO - [2026-02-13T22:27:06.011+0000] {dagbag.py:538} INFO - Filling up the DagBag from /home/airflow/.local/lib/python3.7/site-packages/airflow/example_dags/example_kubernetes_executor.py
[2026-02-13T22:27:06.024+0000] {processor.py:753} INFO - DAG(s) dict_keys(['example_kubernetes_executor']) retrieved from /home/airflow/.local/lib/python3.7/site-packages/airflow/example_dags/example_kubernetes_executor.py
[2026-02-13T22:27:06.041+0000] {logging_mixin.py:137} INFO - [2026-02-13T22:27:06.041+0000] {dag.py:2690} INFO - Sync 1 DAGs
[2026-02-13T22:27:06.054+0000] {logging_mixin.py:137} INFO - [2026-02-13T22:27:06.054+0000] {dag.py:3441} INFO - Setting next_dagrun for example_kubernetes_executor to None, run_after=None
[2026-02-13T22:27:06.061+0000] {processor.py:175} INFO - Processing /home/airflow/.local/lib/python3.7/site-packages/airflow/example_dags/example_kubernetes_executor.py took 0.054 seconds
[2026-02-13T22:27:36.650+0000] {processor.py:153} INFO - Started process (PID=1213) to work on /home/airflow/.local/lib/python3.7/site-packages/airflow/example_dags/example_kubernetes_executor.py
[2026-02-13T22:27:36.651+0000] {processor.py:743} INFO - Processing file /home/airflow/.local/lib/python3.7/site-packages/airflow/example_dags/example_kubernetes_executor.py for tasks to queue
[2026-02-13T22:27:36.652+0000] {logging_mixin.py:137} INFO - [2026-02-13T22:27:36.651+0000] {dagbag.py:538} INFO - Filling up the DagBag from /home/airflow/.local/lib/python3.7/site-packages/airflow/example_dags/example_kubernetes_executor.py
[2026-02-13T22:27:36.664+0000] {processor.py:753} INFO - DAG(s) dict_keys(['example_kubernetes_executor']) retrieved from /home/airflow/.local/lib/python3.7/site-packages/airflow/example_dags/example_kubernetes_executor.py
[2026-02-13T22:27:36.677+0000] {logging_mixin.py:137} INFO - [2026-02-13T22:27:36.677+0000] {dag.py:2690} INFO - Sync 1 DAGs
[2026-02-13T22:27:36.688+0000] {logging_mixin.py:137} INFO - [2026-02-13T22:27:36.688+0000] {dag.py:3441} INFO - Setting next_dagrun for example_kubernetes_executor to None, run_after=None
[2026-02-13T22:27:36.701+0000] {processor.py:175} INFO - Processing /home/airflow/.local/lib/python3.7/site-packages/airflow/example_dags/example_kubernetes_executor.py took 0.052 seconds
[2026-02-13T22:28:07.419+0000] {processor.py:153} INFO - Started process (PID=1286) to work on /home/airflow/.local/lib/python3.7/site-packages/airflow/example_dags/example_kubernetes_executor.py
[2026-02-13T22:28:07.420+0000] {processor.py:743} INFO - Processing file /home/airflow/.local/lib/python3.7/site-packages/airflow/example_dags/example_kubernetes_executor.py for tasks to queue
[2026-02-13T22:28:07.420+0000] {logging_mixin.py:137} INFO - [2026-02-13T22:28:07.420+0000] {dagbag.py:538} INFO - Filling up the DagBag from /home/airflow/.local/lib/python3.7/site-packages/airflow/example_dags/example_kubernetes_executor.py
[2026-02-13T22:28:07.432+0000] {processor.py:753} INFO - DAG(s) dict_keys(['example_kubernetes_executor']) retrieved from /home/airflow/.local/lib/python3.7/site-packages/airflow/example_dags/example_kubernetes_executor.py
[2026-02-13T22:28:07.446+0000] {logging_mixin.py:137} INFO - [2026-02-13T22:28:07.446+0000] {dag.py:2690} INFO - Sync 1 DAGs
[2026-02-13T22:28:07.457+0000] {logging_mixin.py:137} INFO - [2026-02-13T22:28:07.457+0000] {dag.py:3441} INFO - Setting next_dagrun for example_kubernetes_executor to None, run_after=None
[2026-02-13T22:28:07.469+0000] {processor.py:175} INFO - Processing /home/airflow/.local/lib/python3.7/site-packages/airflow/example_dags/example_kubernetes_executor.py took 0.052 seconds
[2026-02-13T22:28:38.001+0000] {processor.py:153} INFO - Started process (PID=1375) to work on /home/airflow/.local/lib/python3.7/site-packages/airflow/example_dags/example_kubernetes_executor.py
[2026-02-13T22:28:38.002+0000] {processor.py:743} INFO - Processing file /home/airflow/.local/lib/python3.7/site-packages/airflow/example_dags/example_kubernetes_executor.py for tasks to queue
[2026-02-13T22:28:38.002+0000] {logging_mixin.py:137} INFO - [2026-02-13T22:28:38.002+0000] {dagbag.py:538} INFO - Filling up the DagBag from /home/airflow/.local/lib/python3.7/site-packages/airflow/example_dags/example_kubernetes_executor.py
[2026-02-13T22:28:38.016+0000] {processor.py:753} INFO - DAG(s) dict_keys(['example_kubernetes_executor']) retrieved from /home/airflow/.local/lib/python3.7/site-packages/airflow/example_dags/example_kubernetes_executor.py
[2026-02-13T22:28:38.032+0000] {logging_mixin.py:137} INFO - [2026-02-13T22:28:38.032+0000] {dag.py:2690} INFO - Sync 1 DAGs
[2026-02-13T22:28:38.046+0000] {logging_mixin.py:137} INFO - [2026-02-13T22:28:38.045+0000] {dag.py:3441} INFO - Setting next_dagrun for example_kubernetes_executor to None, run_after=None
[2026-02-13T22:28:38.052+0000] {processor.py:175} INFO - Processing /home/airflow/.local/lib/python3.7/site-packages/airflow/example_dags/example_kubernetes_executor.py took 0.053 seconds
[2026-02-13T22:29:08.661+0000] {processor.py:153} INFO - Started process (PID=1464) to work on /home/airflow/.local/lib/python3.7/site-packages/airflow/example_dags/example_kubernetes_executor.py
[2026-02-13T22:29:08.661+0000] {processor.py:743} INFO - Processing file /home/airflow/.local/lib/python3.7/site-packages/airflow/example_dags/example_kubernetes_executor.py for tasks to queue
[2026-02-13T22:29:08.662+0000] {logging_mixin.py:137} INFO - [2026-02-13T22:29:08.661+0000] {dagbag.py:538} INFO - Filling up the DagBag from /home/airflow/.local/lib/python3.7/site-packages/airflow/example_dags/example_kubernetes_executor.py
[2026-02-13T22:29:08.677+0000] {processor.py:753} INFO - DAG(s) dict_keys(['example_kubernetes_executor']) retrieved from /home/airflow/.local/lib/python3.7/site-packages/airflow/example_dags/example_kubernetes_executor.py
[2026-02-13T22:29:08.695+0000] {logging_mixin.py:137} INFO - [2026-02-13T22:29:08.694+0000] {dag.py:2690} INFO - Sync 1 DAGs
[2026-02-13T22:29:08.707+0000] {logging_mixin.py:137} INFO - [2026-02-13T22:29:08.707+0000] {dag.py:3441} INFO - Setting next_dagrun for example_kubernetes_executor to None, run_after=None
[2026-02-13T22:29:08.720+0000] {processor.py:175} INFO - Processing /home/airflow/.local/lib/python3.7/site-packages/airflow/example_dags/example_kubernetes_executor.py took 0.061 seconds
[2026-02-13T22:29:39.250+0000] {processor.py:153} INFO - Started process (PID=1553) to work on /home/airflow/.local/lib/python3.7/site-packages/airflow/example_dags/example_kubernetes_executor.py
[2026-02-13T22:29:39.251+0000] {processor.py:743} INFO - Processing file /home/airflow/.local/lib/python3.7/site-packages/airflow/example_dags/example_kubernetes_executor.py for tasks to queue
[2026-02-13T22:29:39.251+0000] {logging_mixin.py:137} INFO - [2026-02-13T22:29:39.251+0000] {dagbag.py:538} INFO - Filling up the DagBag from /home/airflow/.local/lib/python3.7/site-packages/airflow/example_dags/example_kubernetes_executor.py
[2026-02-13T22:29:39.267+0000] {processor.py:753} INFO - DAG(s) dict_keys(['example_kubernetes_executor']) retrieved from /home/airflow/.local/lib/python3.7/site-packages/airflow/example_dags/example_kubernetes_executor.py
[2026-02-13T22:29:39.285+0000] {logging_mixin.py:137} INFO - [2026-02-13T22:29:39.285+0000] {dag.py:2690} INFO - Sync 1 DAGs
[2026-02-13T22:29:39.296+0000] {logging_mixin.py:137} INFO - [2026-02-13T22:29:39.296+0000] {dag.py:3441} INFO - Setting next_dagrun for example_kubernetes_executor to None, run_after=None
[2026-02-13T22:29:39.304+0000] {processor.py:175} INFO - Processing /home/airflow/.local/lib/python3.7/site-packages/airflow/example_dags/example_kubernetes_executor.py took 0.056 seconds
[2026-02-13T22:30:09.980+0000] {processor.py:153} INFO - Started process (PID=1635) to work on /home/airflow/.local/lib/python3.7/site-packages/airflow/example_dags/example_kubernetes_executor.py
[2026-02-13T22:30:09.981+0000] {processor.py:743} INFO - Processing file /home/airflow/.local/lib/python3.7/site-packages/airflow/example_dags/example_kubernetes_executor.py for tasks to queue
[2026-02-13T22:30:09.981+0000] {logging_mixin.py:137} INFO - [2026-02-13T22:30:09.981+0000] {dagbag.py:538} INFO - Filling up the DagBag from /home/airflow/.local/lib/python3.7/site-packages/airflow/example_dags/example_kubernetes_executor.py
[2026-02-13T22:30:09.994+0000] {processor.py:753} INFO - DAG(s) dict_keys(['example_kubernetes_executor']) retrieved from /home/airflow/.local/lib/python3.7/site-packages/airflow/example_dags/example_kubernetes_executor.py
[2026-02-13T22:30:10.012+0000] {logging_mixin.py:137} INFO - [2026-02-13T22:30:10.012+0000] {dag.py:2690} INFO - Sync 1 DAGs
[2026-02-13T22:30:10.028+0000] {logging_mixin.py:137} INFO - [2026-02-13T22:30:10.027+0000] {dag.py:3441} INFO - Setting next_dagrun for example_kubernetes_executor to None, run_after=None
[2026-02-13T22:30:10.040+0000] {processor.py:175} INFO - Processing /home/airflow/.local/lib/python3.7/site-packages/airflow/example_dags/example_kubernetes_executor.py took 0.061 seconds
[2026-02-13T22:30:40.729+0000] {processor.py:153} INFO - Started process (PID=1715) to work on /home/airflow/.local/lib/python3.7/site-packages/airflow/example_dags/example_kubernetes_executor.py
[2026-02-13T22:30:40.729+0000] {processor.py:743} INFO - Processing file /home/airflow/.local/lib/python3.7/site-packages/airflow/example_dags/example_kubernetes_executor.py for tasks to queue
[2026-02-13T22:30:40.730+0000] {logging_mixin.py:137} INFO - [2026-02-13T22:30:40.730+0000] {dagbag.py:538} INFO - Filling up the DagBag from /home/airflow/.local/lib/python3.7/site-packages/airflow/example_dags/example_kubernetes_executor.py
[2026-02-13T22:30:40.743+0000] {processor.py:753} INFO - DAG(s) dict_keys(['example_kubernetes_executor']) retrieved from /home/airflow/.local/lib/python3.7/site-packages/airflow/example_dags/example_kubernetes_executor.py
[2026-02-13T22:30:40.759+0000] {logging_mixin.py:137} INFO - [2026-02-13T22:30:40.759+0000] {dag.py:2690} INFO - Sync 1 DAGs
[2026-02-13T22:30:40.769+0000] {logging_mixin.py:137} INFO - [2026-02-13T22:30:40.769+0000] {dag.py:3441} INFO - Setting next_dagrun for example_kubernetes_executor to None, run_after=None
[2026-02-13T22:30:40.782+0000] {processor.py:175} INFO - Processing /home/airflow/.local/lib/python3.7/site-packages/airflow/example_dags/example_kubernetes_executor.py took 0.054 seconds
[2026-02-13T22:31:11.275+0000] {processor.py:153} INFO - Started process (PID=1804) to work on /home/airflow/.local/lib/python3.7/site-packages/airflow/example_dags/example_kubernetes_executor.py
[2026-02-13T22:31:11.276+0000] {processor.py:743} INFO - Processing file /home/airflow/.local/lib/python3.7/site-packages/airflow/example_dags/example_kubernetes_executor.py for tasks to queue
[2026-02-13T22:31:11.276+0000] {logging_mixin.py:137} INFO - [2026-02-13T22:31:11.276+0000] {dagbag.py:538} INFO - Filling up the DagBag from /home/airflow/.local/lib/python3.7/site-packages/airflow/example_dags/example_kubernetes_executor.py
[2026-02-13T22:31:11.291+0000] {processor.py:753} INFO - DAG(s) dict_keys(['example_kubernetes_executor']) retrieved from /home/airflow/.local/lib/python3.7/site-packages/airflow/example_dags/example_kubernetes_executor.py
[2026-02-13T22:31:11.304+0000] {logging_mixin.py:137} INFO - [2026-02-13T22:31:11.304+0000] {dag.py:2690} INFO - Sync 1 DAGs
[2026-02-13T22:31:11.314+0000] {logging_mixin.py:137} INFO - [2026-02-13T22:31:11.314+0000] {dag.py:3441} INFO - Setting next_dagrun for example_kubernetes_executor to None, run_after=None
[2026-02-13T22:31:11.321+0000] {processor.py:175} INFO - Processing /home/airflow/.local/lib/python3.7/site-packages/airflow/example_dags/example_kubernetes_executor.py took 0.048 seconds
[2026-02-13T22:31:42.041+0000] {processor.py:153} INFO - Started process (PID=1893) to work on /home/airflow/.local/lib/python3.7/site-packages/airflow/example_dags/example_kubernetes_executor.py
[2026-02-13T22:31:42.043+0000] {processor.py:743} INFO - Processing file /home/airflow/.local/lib/python3.7/site-packages/airflow/example_dags/example_kubernetes_executor.py for tasks to queue
[2026-02-13T22:31:42.043+0000] {logging_mixin.py:137} INFO - [2026-02-13T22:31:42.043+0000] {dagbag.py:538} INFO - Filling up the DagBag from /home/airflow/.local/lib/python3.7/site-packages/airflow/example_dags/example_kubernetes_executor.py
[2026-02-13T22:31:42.059+0000] {processor.py:753} INFO - DAG(s) dict_keys(['example_kubernetes_executor']) retrieved from /home/airflow/.local/lib/python3.7/site-packages/airflow/example_dags/example_kubernetes_executor.py
[2026-02-13T22:31:42.084+0000] {logging_mixin.py:137} INFO - [2026-02-13T22:31:42.083+0000] {dag.py:2690} INFO - Sync 1 DAGs
[2026-02-13T22:31:42.096+0000] {logging_mixin.py:137} INFO - [2026-02-13T22:31:42.096+0000] {dag.py:3441} INFO - Setting next_dagrun for example_kubernetes_executor to None, run_after=None
[2026-02-13T22:31:42.105+0000] {processor.py:175} INFO - Processing /home/airflow/.local/lib/python3.7/site-packages/airflow/example_dags/example_kubernetes_executor.py took 0.066 seconds
[2026-02-13T22:32:13.110+0000] {processor.py:153} INFO - Started process (PID=1981) to work on /home/airflow/.local/lib/python3.7/site-packages/airflow/example_dags/example_kubernetes_executor.py
[2026-02-13T22:32:13.111+0000] {processor.py:743} INFO - Processing file /home/airflow/.local/lib/python3.7/site-packages/airflow/example_dags/example_kubernetes_executor.py for tasks to queue
[2026-02-13T22:32:13.111+0000] {logging_mixin.py:137} INFO - [2026-02-13T22:32:13.111+0000] {dagbag.py:538} INFO - Filling up the DagBag from /home/airflow/.local/lib/python3.7/site-packages/airflow/example_dags/example_kubernetes_executor.py
[2026-02-13T22:32:13.128+0000] {processor.py:753} INFO - DAG(s) dict_keys(['example_kubernetes_executor']) retrieved from /home/airflow/.local/lib/python3.7/site-packages/airflow/example_dags/example_kubernetes_executor.py
[2026-02-13T22:32:13.158+0000] {logging_mixin.py:137} INFO - [2026-02-13T22:32:13.158+0000] {dag.py:2690} INFO - Sync 1 DAGs
[2026-02-13T22:32:13.185+0000] {logging_mixin.py:137} INFO - [2026-02-13T22:32:13.185+0000] {dag.py:3441} INFO - Setting next_dagrun for example_kubernetes_executor to None, run_after=None
[2026-02-13T22:32:13.214+0000] {processor.py:175} INFO - Processing /home/airflow/.local/lib/python3.7/site-packages/airflow/example_dags/example_kubernetes_executor.py took 0.107 seconds
[2026-02-13T22:32:43.252+0000] {processor.py:153} INFO - Started process (PID=2054) to work on /home/airflow/.local/lib/python3.7/site-packages/airflow/example_dags/example_kubernetes_executor.py
[2026-02-13T22:32:43.253+0000] {processor.py:743} INFO - Processing file /home/airflow/.local/lib/python3.7/site-packages/airflow/example_dags/example_kubernetes_executor.py for tasks to queue
[2026-02-13T22:32:43.254+0000] {logging_mixin.py:137} INFO - [2026-02-13T22:32:43.254+0000] {dagbag.py:538} INFO - Filling up the DagBag from /home/airflow/.local/lib/python3.7/site-packages/airflow/example_dags/example_kubernetes_executor.py
[2026-02-13T22:32:43.268+0000] {processor.py:753} INFO - DAG(s) dict_keys(['example_kubernetes_executor']) retrieved from /home/airflow/.local/lib/python3.7/site-packages/airflow/example_dags/example_kubernetes_executor.py
[2026-02-13T22:32:43.285+0000] {logging_mixin.py:137} INFO - [2026-02-13T22:32:43.285+0000] {dag.py:2690} INFO - Sync 1 DAGs
[2026-02-13T22:32:43.300+0000] {logging_mixin.py:137} INFO - [2026-02-13T22:32:43.300+0000] {dag.py:3441} INFO - Setting next_dagrun for example_kubernetes_executor to None, run_after=None
[2026-02-13T22:32:43.312+0000] {processor.py:175} INFO - Processing /home/airflow/.local/lib/python3.7/site-packages/airflow/example_dags/example_kubernetes_executor.py took 0.062 seconds
[2026-02-13T22:34:04.779+0000] {processor.py:153} INFO - Started process (PID=105) to work on /home/airflow/.local/lib/python3.7/site-packages/airflow/example_dags/example_kubernetes_executor.py
[2026-02-13T22:34:04.781+0000] {processor.py:743} INFO - Processing file /home/airflow/.local/lib/python3.7/site-packages/airflow/example_dags/example_kubernetes_executor.py for tasks to queue
[2026-02-13T22:34:04.781+0000] {logging_mixin.py:137} INFO - [2026-02-13T22:34:04.781+0000] {dagbag.py:538} INFO - Filling up the DagBag from /home/airflow/.local/lib/python3.7/site-packages/airflow/example_dags/example_kubernetes_executor.py
[2026-02-13T22:34:04.797+0000] {processor.py:753} INFO - DAG(s) dict_keys(['example_kubernetes_executor']) retrieved from /home/airflow/.local/lib/python3.7/site-packages/airflow/example_dags/example_kubernetes_executor.py
[2026-02-13T22:34:04.823+0000] {logging_mixin.py:137} INFO - [2026-02-13T22:34:04.822+0000] {dag.py:2690} INFO - Sync 1 DAGs
[2026-02-13T22:34:04.836+0000] {logging_mixin.py:137} INFO - [2026-02-13T22:34:04.836+0000] {dag.py:3441} INFO - Setting next_dagrun for example_kubernetes_executor to None, run_after=None
[2026-02-13T22:34:04.845+0000] {processor.py:175} INFO - Processing /home/airflow/.local/lib/python3.7/site-packages/airflow/example_dags/example_kubernetes_executor.py took 0.067 seconds
[2026-02-13T22:34:35.676+0000] {processor.py:153} INFO - Started process (PID=196) to work on /home/airflow/.local/lib/python3.7/site-packages/airflow/example_dags/example_kubernetes_executor.py
[2026-02-13T22:34:35.678+0000] {processor.py:743} INFO - Processing file /home/airflow/.local/lib/python3.7/site-packages/airflow/example_dags/example_kubernetes_executor.py for tasks to queue
[2026-02-13T22:34:35.679+0000] {logging_mixin.py:137} INFO - [2026-02-13T22:34:35.679+0000] {dagbag.py:538} INFO - Filling up the DagBag from /home/airflow/.local/lib/python3.7/site-packages/airflow/example_dags/example_kubernetes_executor.py
[2026-02-13T22:34:35.696+0000] {processor.py:753} INFO - DAG(s) dict_keys(['example_kubernetes_executor']) retrieved from /home/airflow/.local/lib/python3.7/site-packages/airflow/example_dags/example_kubernetes_executor.py
[2026-02-13T22:34:35.713+0000] {logging_mixin.py:137} INFO - [2026-02-13T22:34:35.713+0000] {dag.py:2690} INFO - Sync 1 DAGs
[2026-02-13T22:34:35.724+0000] {logging_mixin.py:137} INFO - [2026-02-13T22:34:35.724+0000] {dag.py:3441} INFO - Setting next_dagrun for example_kubernetes_executor to None, run_after=None
[2026-02-13T22:34:35.734+0000] {processor.py:175} INFO - Processing /home/airflow/.local/lib/python3.7/site-packages/airflow/example_dags/example_kubernetes_executor.py took 0.060 seconds
[2026-02-13T22:35:06.633+0000] {processor.py:153} INFO - Started process (PID=271) to work on /home/airflow/.local/lib/python3.7/site-packages/airflow/example_dags/example_kubernetes_executor.py
[2026-02-13T22:35:06.634+0000] {processor.py:743} INFO - Processing file /home/airflow/.local/lib/python3.7/site-packages/airflow/example_dags/example_kubernetes_executor.py for tasks to queue
[2026-02-13T22:35:06.634+0000] {logging_mixin.py:137} INFO - [2026-02-13T22:35:06.634+0000] {dagbag.py:538} INFO - Filling up the DagBag from /home/airflow/.local/lib/python3.7/site-packages/airflow/example_dags/example_kubernetes_executor.py
[2026-02-13T22:35:06.645+0000] {processor.py:753} INFO - DAG(s) dict_keys(['example_kubernetes_executor']) retrieved from /home/airflow/.local/lib/python3.7/site-packages/airflow/example_dags/example_kubernetes_executor.py
[2026-02-13T22:35:06.656+0000] {logging_mixin.py:137} INFO - [2026-02-13T22:35:06.656+0000] {dag.py:2690} INFO - Sync 1 DAGs
[2026-02-13T22:35:06.665+0000] {logging_mixin.py:137} INFO - [2026-02-13T22:35:06.665+0000] {dag.py:3441} INFO - Setting next_dagrun for example_kubernetes_executor to None, run_after=None
[2026-02-13T22:35:06.671+0000] {processor.py:175} INFO - Processing /home/airflow/.local/lib/python3.7/site-packages/airflow/example_dags/example_kubernetes_executor.py took 0.039 seconds
[2026-02-13T22:35:37.471+0000] {processor.py:153} INFO - Started process (PID=363) to work on /home/airflow/.local/lib/python3.7/site-packages/airflow/example_dags/example_kubernetes_executor.py
[2026-02-13T22:35:37.472+0000] {processor.py:743} INFO - Processing file /home/airflow/.local/lib/python3.7/site-packages/airflow/example_dags/example_kubernetes_executor.py for tasks to queue
[2026-02-13T22:35:37.472+0000] {logging_mixin.py:137} INFO - [2026-02-13T22:35:37.472+0000] {dagbag.py:538} INFO - Filling up the DagBag from /home/airflow/.local/lib/python3.7/site-packages/airflow/example_dags/example_kubernetes_executor.py
[2026-02-13T22:35:37.485+0000] {processor.py:753} INFO - DAG(s) dict_keys(['example_kubernetes_executor']) retrieved from /home/airflow/.local/lib/python3.7/site-packages/airflow/example_dags/example_kubernetes_executor.py
[2026-02-13T22:35:37.503+0000] {logging_mixin.py:137} INFO - [2026-02-13T22:35:37.503+0000] {dag.py:2690} INFO - Sync 1 DAGs
[2026-02-13T22:35:37.515+0000] {logging_mixin.py:137} INFO - [2026-02-13T22:35:37.515+0000] {dag.py:3441} INFO - Setting next_dagrun for example_kubernetes_executor to None, run_after=None
[2026-02-13T22:35:37.525+0000] {processor.py:175} INFO - Processing /home/airflow/.local/lib/python3.7/site-packages/airflow/example_dags/example_kubernetes_executor.py took 0.055 seconds
[2026-02-13T22:36:08.400+0000] {processor.py:153} INFO - Started process (PID=454) to work on /home/airflow/.local/lib/python3.7/site-packages/airflow/example_dags/example_kubernetes_executor.py
[2026-02-13T22:36:08.400+0000] {processor.py:743} INFO - Processing file /home/airflow/.local/lib/python3.7/site-packages/airflow/example_dags/example_kubernetes_executor.py for tasks to queue
[2026-02-13T22:36:08.400+0000] {logging_mixin.py:137} INFO - [2026-02-13T22:36:08.400+0000] {dagbag.py:538} INFO - Filling up the DagBag from /home/airflow/.local/lib/python3.7/site-packages/airflow/example_dags/example_kubernetes_executor.py
[2026-02-13T22:36:08.413+0000] {processor.py:753} INFO - DAG(s) dict_keys(['example_kubernetes_executor']) retrieved from /home/airflow/.local/lib/python3.7/site-packages/airflow/example_dags/example_kubernetes_executor.py
[2026-02-13T22:36:08.429+0000] {logging_mixin.py:137} INFO - [2026-02-13T22:36:08.429+0000] {dag.py:2690} INFO - Sync 1 DAGs
[2026-02-13T22:36:08.441+0000] {logging_mixin.py:137} INFO - [2026-02-13T22:36:08.441+0000] {dag.py:3441} INFO - Setting next_dagrun for example_kubernetes_executor to None, run_after=None
[2026-02-13T22:36:08.453+0000] {processor.py:175} INFO - Processing /home/airflow/.local/lib/python3.7/site-packages/airflow/example_dags/example_kubernetes_executor.py took 0.055 seconds
[2026-02-13T22:36:39.161+0000] {processor.py:153} INFO - Started process (PID=546) to work on /home/airflow/.local/lib/python3.7/site-packages/airflow/example_dags/example_kubernetes_executor.py
[2026-02-13T22:36:39.162+0000] {processor.py:743} INFO - Processing file /home/airflow/.local/lib/python3.7/site-packages/airflow/example_dags/example_kubernetes_executor.py for tasks to queue
[2026-02-13T22:36:39.164+0000] {logging_mixin.py:137} INFO - [2026-02-13T22:36:39.164+0000] {dagbag.py:538} INFO - Filling up the DagBag from /home/airflow/.local/lib/python3.7/site-packages/airflow/example_dags/example_kubernetes_executor.py
[2026-02-13T22:36:39.176+0000] {processor.py:753} INFO - DAG(s) dict_keys(['example_kubernetes_executor']) retrieved from /home/airflow/.local/lib/python3.7/site-packages/airflow/example_dags/example_kubernetes_executor.py
[2026-02-13T22:36:39.192+0000] {logging_mixin.py:137} INFO - [2026-02-13T22:36:39.192+0000] {dag.py:2690} INFO - Sync 1 DAGs
[2026-02-13T22:36:39.206+0000] {logging_mixin.py:137} INFO - [2026-02-13T22:36:39.206+0000] {dag.py:3441} INFO - Setting next_dagrun for example_kubernetes_executor to None, run_after=None
[2026-02-13T22:36:39.219+0000] {processor.py:175} INFO - Processing /home/airflow/.local/lib/python3.7/site-packages/airflow/example_dags/example_kubernetes_executor.py took 0.059 seconds
