[2026-02-13T21:49:32.171+0000] {processor.py:153} INFO - Started process (PID=66) to work on /home/airflow/.local/lib/python3.7/site-packages/airflow/example_dags/example_local_kubernetes_executor.py
[2026-02-13T21:49:32.172+0000] {processor.py:743} INFO - Processing file /home/airflow/.local/lib/python3.7/site-packages/airflow/example_dags/example_local_kubernetes_executor.py for tasks to queue
[2026-02-13T21:49:32.173+0000] {logging_mixin.py:137} INFO - [2026-02-13T21:49:32.173+0000] {dagbag.py:538} INFO - Filling up the DagBag from /home/airflow/.local/lib/python3.7/site-packages/airflow/example_dags/example_local_kubernetes_executor.py
[2026-02-13T21:49:32.194+0000] {processor.py:753} INFO - DAG(s) dict_keys(['example_local_kubernetes_executor']) retrieved from /home/airflow/.local/lib/python3.7/site-packages/airflow/example_dags/example_local_kubernetes_executor.py
[2026-02-13T21:49:32.202+0000] {logging_mixin.py:137} INFO - [2026-02-13T21:49:32.202+0000] {dag.py:2690} INFO - Sync 1 DAGs
[2026-02-13T21:49:32.225+0000] {logging_mixin.py:137} INFO - [2026-02-13T21:49:32.225+0000] {dag.py:3441} INFO - Setting next_dagrun for example_local_kubernetes_executor to None, run_after=None
[2026-02-13T21:49:32.240+0000] {processor.py:175} INFO - Processing /home/airflow/.local/lib/python3.7/site-packages/airflow/example_dags/example_local_kubernetes_executor.py took 0.071 seconds
[2026-02-13T21:50:02.766+0000] {processor.py:153} INFO - Started process (PID=154) to work on /home/airflow/.local/lib/python3.7/site-packages/airflow/example_dags/example_local_kubernetes_executor.py
[2026-02-13T21:50:02.769+0000] {processor.py:743} INFO - Processing file /home/airflow/.local/lib/python3.7/site-packages/airflow/example_dags/example_local_kubernetes_executor.py for tasks to queue
[2026-02-13T21:50:02.769+0000] {logging_mixin.py:137} INFO - [2026-02-13T21:50:02.769+0000] {dagbag.py:538} INFO - Filling up the DagBag from /home/airflow/.local/lib/python3.7/site-packages/airflow/example_dags/example_local_kubernetes_executor.py
[2026-02-13T21:50:02.783+0000] {processor.py:753} INFO - DAG(s) dict_keys(['example_local_kubernetes_executor']) retrieved from /home/airflow/.local/lib/python3.7/site-packages/airflow/example_dags/example_local_kubernetes_executor.py
[2026-02-13T21:50:02.796+0000] {logging_mixin.py:137} INFO - [2026-02-13T21:50:02.796+0000] {dag.py:2690} INFO - Sync 1 DAGs
[2026-02-13T21:50:02.808+0000] {logging_mixin.py:137} INFO - [2026-02-13T21:50:02.808+0000] {dag.py:3441} INFO - Setting next_dagrun for example_local_kubernetes_executor to None, run_after=None
[2026-02-13T21:50:02.819+0000] {processor.py:175} INFO - Processing /home/airflow/.local/lib/python3.7/site-packages/airflow/example_dags/example_local_kubernetes_executor.py took 0.055 seconds
[2026-02-13T21:50:33.422+0000] {processor.py:153} INFO - Started process (PID=243) to work on /home/airflow/.local/lib/python3.7/site-packages/airflow/example_dags/example_local_kubernetes_executor.py
[2026-02-13T21:50:33.422+0000] {processor.py:743} INFO - Processing file /home/airflow/.local/lib/python3.7/site-packages/airflow/example_dags/example_local_kubernetes_executor.py for tasks to queue
[2026-02-13T21:50:33.426+0000] {logging_mixin.py:137} INFO - [2026-02-13T21:50:33.426+0000] {dagbag.py:538} INFO - Filling up the DagBag from /home/airflow/.local/lib/python3.7/site-packages/airflow/example_dags/example_local_kubernetes_executor.py
[2026-02-13T21:50:33.445+0000] {processor.py:753} INFO - DAG(s) dict_keys(['example_local_kubernetes_executor']) retrieved from /home/airflow/.local/lib/python3.7/site-packages/airflow/example_dags/example_local_kubernetes_executor.py
[2026-02-13T21:50:33.462+0000] {logging_mixin.py:137} INFO - [2026-02-13T21:50:33.462+0000] {dag.py:2690} INFO - Sync 1 DAGs
[2026-02-13T21:50:33.476+0000] {logging_mixin.py:137} INFO - [2026-02-13T21:50:33.476+0000] {dag.py:3441} INFO - Setting next_dagrun for example_local_kubernetes_executor to None, run_after=None
[2026-02-13T21:50:33.492+0000] {processor.py:175} INFO - Processing /home/airflow/.local/lib/python3.7/site-packages/airflow/example_dags/example_local_kubernetes_executor.py took 0.071 seconds
[2026-02-13T21:51:03.901+0000] {processor.py:153} INFO - Started process (PID=315) to work on /home/airflow/.local/lib/python3.7/site-packages/airflow/example_dags/example_local_kubernetes_executor.py
[2026-02-13T21:51:03.901+0000] {processor.py:743} INFO - Processing file /home/airflow/.local/lib/python3.7/site-packages/airflow/example_dags/example_local_kubernetes_executor.py for tasks to queue
[2026-02-13T21:51:03.901+0000] {logging_mixin.py:137} INFO - [2026-02-13T21:51:03.901+0000] {dagbag.py:538} INFO - Filling up the DagBag from /home/airflow/.local/lib/python3.7/site-packages/airflow/example_dags/example_local_kubernetes_executor.py
[2026-02-13T21:51:03.912+0000] {processor.py:753} INFO - DAG(s) dict_keys(['example_local_kubernetes_executor']) retrieved from /home/airflow/.local/lib/python3.7/site-packages/airflow/example_dags/example_local_kubernetes_executor.py
[2026-02-13T21:51:03.925+0000] {logging_mixin.py:137} INFO - [2026-02-13T21:51:03.925+0000] {dag.py:2690} INFO - Sync 1 DAGs
[2026-02-13T21:51:03.935+0000] {logging_mixin.py:137} INFO - [2026-02-13T21:51:03.935+0000] {dag.py:3441} INFO - Setting next_dagrun for example_local_kubernetes_executor to None, run_after=None
[2026-02-13T21:51:03.946+0000] {processor.py:175} INFO - Processing /home/airflow/.local/lib/python3.7/site-packages/airflow/example_dags/example_local_kubernetes_executor.py took 0.047 seconds
[2026-02-13T21:51:34.358+0000] {processor.py:153} INFO - Started process (PID=403) to work on /home/airflow/.local/lib/python3.7/site-packages/airflow/example_dags/example_local_kubernetes_executor.py
[2026-02-13T21:51:34.358+0000] {processor.py:743} INFO - Processing file /home/airflow/.local/lib/python3.7/site-packages/airflow/example_dags/example_local_kubernetes_executor.py for tasks to queue
[2026-02-13T21:51:34.359+0000] {logging_mixin.py:137} INFO - [2026-02-13T21:51:34.359+0000] {dagbag.py:538} INFO - Filling up the DagBag from /home/airflow/.local/lib/python3.7/site-packages/airflow/example_dags/example_local_kubernetes_executor.py
[2026-02-13T21:51:34.369+0000] {processor.py:753} INFO - DAG(s) dict_keys(['example_local_kubernetes_executor']) retrieved from /home/airflow/.local/lib/python3.7/site-packages/airflow/example_dags/example_local_kubernetes_executor.py
[2026-02-13T21:51:34.380+0000] {logging_mixin.py:137} INFO - [2026-02-13T21:51:34.380+0000] {dag.py:2690} INFO - Sync 1 DAGs
[2026-02-13T21:51:34.390+0000] {logging_mixin.py:137} INFO - [2026-02-13T21:51:34.390+0000] {dag.py:3441} INFO - Setting next_dagrun for example_local_kubernetes_executor to None, run_after=None
[2026-02-13T21:51:34.402+0000] {processor.py:175} INFO - Processing /home/airflow/.local/lib/python3.7/site-packages/airflow/example_dags/example_local_kubernetes_executor.py took 0.045 seconds
[2026-02-13T21:52:04.770+0000] {processor.py:153} INFO - Started process (PID=491) to work on /home/airflow/.local/lib/python3.7/site-packages/airflow/example_dags/example_local_kubernetes_executor.py
[2026-02-13T21:52:04.771+0000] {processor.py:743} INFO - Processing file /home/airflow/.local/lib/python3.7/site-packages/airflow/example_dags/example_local_kubernetes_executor.py for tasks to queue
[2026-02-13T21:52:04.771+0000] {logging_mixin.py:137} INFO - [2026-02-13T21:52:04.771+0000] {dagbag.py:538} INFO - Filling up the DagBag from /home/airflow/.local/lib/python3.7/site-packages/airflow/example_dags/example_local_kubernetes_executor.py
[2026-02-13T21:52:04.779+0000] {processor.py:753} INFO - DAG(s) dict_keys(['example_local_kubernetes_executor']) retrieved from /home/airflow/.local/lib/python3.7/site-packages/airflow/example_dags/example_local_kubernetes_executor.py
[2026-02-13T21:52:04.789+0000] {logging_mixin.py:137} INFO - [2026-02-13T21:52:04.788+0000] {dag.py:2690} INFO - Sync 1 DAGs
[2026-02-13T21:52:04.797+0000] {logging_mixin.py:137} INFO - [2026-02-13T21:52:04.797+0000] {dag.py:3441} INFO - Setting next_dagrun for example_local_kubernetes_executor to None, run_after=None
[2026-02-13T21:52:04.803+0000] {processor.py:175} INFO - Processing /home/airflow/.local/lib/python3.7/site-packages/airflow/example_dags/example_local_kubernetes_executor.py took 0.034 seconds
[2026-02-13T21:52:35.334+0000] {processor.py:153} INFO - Started process (PID=579) to work on /home/airflow/.local/lib/python3.7/site-packages/airflow/example_dags/example_local_kubernetes_executor.py
[2026-02-13T21:52:35.335+0000] {processor.py:743} INFO - Processing file /home/airflow/.local/lib/python3.7/site-packages/airflow/example_dags/example_local_kubernetes_executor.py for tasks to queue
[2026-02-13T21:52:35.338+0000] {logging_mixin.py:137} INFO - [2026-02-13T21:52:35.338+0000] {dagbag.py:538} INFO - Filling up the DagBag from /home/airflow/.local/lib/python3.7/site-packages/airflow/example_dags/example_local_kubernetes_executor.py
[2026-02-13T21:52:35.346+0000] {processor.py:753} INFO - DAG(s) dict_keys(['example_local_kubernetes_executor']) retrieved from /home/airflow/.local/lib/python3.7/site-packages/airflow/example_dags/example_local_kubernetes_executor.py
[2026-02-13T21:52:35.362+0000] {logging_mixin.py:137} INFO - [2026-02-13T21:52:35.362+0000] {dag.py:2690} INFO - Sync 1 DAGs
[2026-02-13T21:52:35.372+0000] {logging_mixin.py:137} INFO - [2026-02-13T21:52:35.372+0000] {dag.py:3441} INFO - Setting next_dagrun for example_local_kubernetes_executor to None, run_after=None
[2026-02-13T21:52:35.382+0000] {processor.py:175} INFO - Processing /home/airflow/.local/lib/python3.7/site-packages/airflow/example_dags/example_local_kubernetes_executor.py took 0.049 seconds
[2026-02-13T21:53:05.817+0000] {processor.py:153} INFO - Started process (PID=650) to work on /home/airflow/.local/lib/python3.7/site-packages/airflow/example_dags/example_local_kubernetes_executor.py
[2026-02-13T21:53:05.817+0000] {processor.py:743} INFO - Processing file /home/airflow/.local/lib/python3.7/site-packages/airflow/example_dags/example_local_kubernetes_executor.py for tasks to queue
[2026-02-13T21:53:05.818+0000] {logging_mixin.py:137} INFO - [2026-02-13T21:53:05.818+0000] {dagbag.py:538} INFO - Filling up the DagBag from /home/airflow/.local/lib/python3.7/site-packages/airflow/example_dags/example_local_kubernetes_executor.py
[2026-02-13T21:53:05.829+0000] {processor.py:753} INFO - DAG(s) dict_keys(['example_local_kubernetes_executor']) retrieved from /home/airflow/.local/lib/python3.7/site-packages/airflow/example_dags/example_local_kubernetes_executor.py
[2026-02-13T21:53:05.845+0000] {logging_mixin.py:137} INFO - [2026-02-13T21:53:05.845+0000] {dag.py:2690} INFO - Sync 1 DAGs
[2026-02-13T21:53:05.854+0000] {logging_mixin.py:137} INFO - [2026-02-13T21:53:05.854+0000] {dag.py:3441} INFO - Setting next_dagrun for example_local_kubernetes_executor to None, run_after=None
[2026-02-13T21:53:05.863+0000] {processor.py:175} INFO - Processing /home/airflow/.local/lib/python3.7/site-packages/airflow/example_dags/example_local_kubernetes_executor.py took 0.047 seconds
[2026-02-13T21:53:36.333+0000] {processor.py:153} INFO - Started process (PID=738) to work on /home/airflow/.local/lib/python3.7/site-packages/airflow/example_dags/example_local_kubernetes_executor.py
[2026-02-13T21:53:36.333+0000] {processor.py:743} INFO - Processing file /home/airflow/.local/lib/python3.7/site-packages/airflow/example_dags/example_local_kubernetes_executor.py for tasks to queue
[2026-02-13T21:53:36.334+0000] {logging_mixin.py:137} INFO - [2026-02-13T21:53:36.334+0000] {dagbag.py:538} INFO - Filling up the DagBag from /home/airflow/.local/lib/python3.7/site-packages/airflow/example_dags/example_local_kubernetes_executor.py
[2026-02-13T21:53:36.342+0000] {processor.py:753} INFO - DAG(s) dict_keys(['example_local_kubernetes_executor']) retrieved from /home/airflow/.local/lib/python3.7/site-packages/airflow/example_dags/example_local_kubernetes_executor.py
[2026-02-13T21:53:36.353+0000] {logging_mixin.py:137} INFO - [2026-02-13T21:53:36.353+0000] {dag.py:2690} INFO - Sync 1 DAGs
[2026-02-13T21:53:36.362+0000] {logging_mixin.py:137} INFO - [2026-02-13T21:53:36.362+0000] {dag.py:3441} INFO - Setting next_dagrun for example_local_kubernetes_executor to None, run_after=None
[2026-02-13T21:53:36.368+0000] {processor.py:175} INFO - Processing /home/airflow/.local/lib/python3.7/site-packages/airflow/example_dags/example_local_kubernetes_executor.py took 0.037 seconds
[2026-02-13T21:54:06.788+0000] {processor.py:153} INFO - Started process (PID=826) to work on /home/airflow/.local/lib/python3.7/site-packages/airflow/example_dags/example_local_kubernetes_executor.py
[2026-02-13T21:54:06.789+0000] {processor.py:743} INFO - Processing file /home/airflow/.local/lib/python3.7/site-packages/airflow/example_dags/example_local_kubernetes_executor.py for tasks to queue
[2026-02-13T21:54:06.789+0000] {logging_mixin.py:137} INFO - [2026-02-13T21:54:06.789+0000] {dagbag.py:538} INFO - Filling up the DagBag from /home/airflow/.local/lib/python3.7/site-packages/airflow/example_dags/example_local_kubernetes_executor.py
[2026-02-13T21:54:06.801+0000] {processor.py:753} INFO - DAG(s) dict_keys(['example_local_kubernetes_executor']) retrieved from /home/airflow/.local/lib/python3.7/site-packages/airflow/example_dags/example_local_kubernetes_executor.py
[2026-02-13T21:54:06.818+0000] {logging_mixin.py:137} INFO - [2026-02-13T21:54:06.818+0000] {dag.py:2690} INFO - Sync 1 DAGs
[2026-02-13T21:54:06.835+0000] {logging_mixin.py:137} INFO - [2026-02-13T21:54:06.835+0000] {dag.py:3441} INFO - Setting next_dagrun for example_local_kubernetes_executor to None, run_after=None
[2026-02-13T21:54:06.846+0000] {processor.py:175} INFO - Processing /home/airflow/.local/lib/python3.7/site-packages/airflow/example_dags/example_local_kubernetes_executor.py took 0.059 seconds
[2026-02-13T21:54:37.394+0000] {processor.py:153} INFO - Started process (PID=914) to work on /home/airflow/.local/lib/python3.7/site-packages/airflow/example_dags/example_local_kubernetes_executor.py
[2026-02-13T21:54:37.396+0000] {processor.py:743} INFO - Processing file /home/airflow/.local/lib/python3.7/site-packages/airflow/example_dags/example_local_kubernetes_executor.py for tasks to queue
[2026-02-13T21:54:37.396+0000] {logging_mixin.py:137} INFO - [2026-02-13T21:54:37.396+0000] {dagbag.py:538} INFO - Filling up the DagBag from /home/airflow/.local/lib/python3.7/site-packages/airflow/example_dags/example_local_kubernetes_executor.py
[2026-02-13T21:54:37.408+0000] {processor.py:753} INFO - DAG(s) dict_keys(['example_local_kubernetes_executor']) retrieved from /home/airflow/.local/lib/python3.7/site-packages/airflow/example_dags/example_local_kubernetes_executor.py
[2026-02-13T21:54:37.422+0000] {logging_mixin.py:137} INFO - [2026-02-13T21:54:37.422+0000] {dag.py:2690} INFO - Sync 1 DAGs
[2026-02-13T21:54:37.434+0000] {logging_mixin.py:137} INFO - [2026-02-13T21:54:37.433+0000] {dag.py:3441} INFO - Setting next_dagrun for example_local_kubernetes_executor to None, run_after=None
[2026-02-13T21:54:37.448+0000] {processor.py:175} INFO - Processing /home/airflow/.local/lib/python3.7/site-packages/airflow/example_dags/example_local_kubernetes_executor.py took 0.055 seconds
[2026-02-13T21:55:07.950+0000] {processor.py:153} INFO - Started process (PID=986) to work on /home/airflow/.local/lib/python3.7/site-packages/airflow/example_dags/example_local_kubernetes_executor.py
[2026-02-13T21:55:07.950+0000] {processor.py:743} INFO - Processing file /home/airflow/.local/lib/python3.7/site-packages/airflow/example_dags/example_local_kubernetes_executor.py for tasks to queue
[2026-02-13T21:55:07.950+0000] {logging_mixin.py:137} INFO - [2026-02-13T21:55:07.950+0000] {dagbag.py:538} INFO - Filling up the DagBag from /home/airflow/.local/lib/python3.7/site-packages/airflow/example_dags/example_local_kubernetes_executor.py
[2026-02-13T21:55:07.959+0000] {processor.py:753} INFO - DAG(s) dict_keys(['example_local_kubernetes_executor']) retrieved from /home/airflow/.local/lib/python3.7/site-packages/airflow/example_dags/example_local_kubernetes_executor.py
[2026-02-13T21:55:07.969+0000] {logging_mixin.py:137} INFO - [2026-02-13T21:55:07.969+0000] {dag.py:2690} INFO - Sync 1 DAGs
[2026-02-13T21:55:07.979+0000] {logging_mixin.py:137} INFO - [2026-02-13T21:55:07.979+0000] {dag.py:3441} INFO - Setting next_dagrun for example_local_kubernetes_executor to None, run_after=None
[2026-02-13T21:55:07.984+0000] {processor.py:175} INFO - Processing /home/airflow/.local/lib/python3.7/site-packages/airflow/example_dags/example_local_kubernetes_executor.py took 0.036 seconds
[2026-02-13T21:55:38.442+0000] {processor.py:153} INFO - Started process (PID=1074) to work on /home/airflow/.local/lib/python3.7/site-packages/airflow/example_dags/example_local_kubernetes_executor.py
[2026-02-13T21:55:38.442+0000] {processor.py:743} INFO - Processing file /home/airflow/.local/lib/python3.7/site-packages/airflow/example_dags/example_local_kubernetes_executor.py for tasks to queue
[2026-02-13T21:55:38.443+0000] {logging_mixin.py:137} INFO - [2026-02-13T21:55:38.442+0000] {dagbag.py:538} INFO - Filling up the DagBag from /home/airflow/.local/lib/python3.7/site-packages/airflow/example_dags/example_local_kubernetes_executor.py
[2026-02-13T21:55:38.454+0000] {processor.py:753} INFO - DAG(s) dict_keys(['example_local_kubernetes_executor']) retrieved from /home/airflow/.local/lib/python3.7/site-packages/airflow/example_dags/example_local_kubernetes_executor.py
[2026-02-13T21:55:38.470+0000] {logging_mixin.py:137} INFO - [2026-02-13T21:55:38.470+0000] {dag.py:2690} INFO - Sync 1 DAGs
[2026-02-13T21:55:38.482+0000] {logging_mixin.py:137} INFO - [2026-02-13T21:55:38.482+0000] {dag.py:3441} INFO - Setting next_dagrun for example_local_kubernetes_executor to None, run_after=None
[2026-02-13T21:55:38.492+0000] {processor.py:175} INFO - Processing /home/airflow/.local/lib/python3.7/site-packages/airflow/example_dags/example_local_kubernetes_executor.py took 0.052 seconds
[2026-02-13T21:56:08.923+0000] {processor.py:153} INFO - Started process (PID=1162) to work on /home/airflow/.local/lib/python3.7/site-packages/airflow/example_dags/example_local_kubernetes_executor.py
[2026-02-13T21:56:08.924+0000] {processor.py:743} INFO - Processing file /home/airflow/.local/lib/python3.7/site-packages/airflow/example_dags/example_local_kubernetes_executor.py for tasks to queue
[2026-02-13T21:56:08.924+0000] {logging_mixin.py:137} INFO - [2026-02-13T21:56:08.924+0000] {dagbag.py:538} INFO - Filling up the DagBag from /home/airflow/.local/lib/python3.7/site-packages/airflow/example_dags/example_local_kubernetes_executor.py
[2026-02-13T21:56:08.935+0000] {processor.py:753} INFO - DAG(s) dict_keys(['example_local_kubernetes_executor']) retrieved from /home/airflow/.local/lib/python3.7/site-packages/airflow/example_dags/example_local_kubernetes_executor.py
[2026-02-13T21:56:08.947+0000] {logging_mixin.py:137} INFO - [2026-02-13T21:56:08.947+0000] {dag.py:2690} INFO - Sync 1 DAGs
[2026-02-13T21:56:08.959+0000] {logging_mixin.py:137} INFO - [2026-02-13T21:56:08.959+0000] {dag.py:3441} INFO - Setting next_dagrun for example_local_kubernetes_executor to None, run_after=None
[2026-02-13T21:56:08.970+0000] {processor.py:175} INFO - Processing /home/airflow/.local/lib/python3.7/site-packages/airflow/example_dags/example_local_kubernetes_executor.py took 0.049 seconds
[2026-02-13T21:56:39.902+0000] {processor.py:153} INFO - Started process (PID=1250) to work on /home/airflow/.local/lib/python3.7/site-packages/airflow/example_dags/example_local_kubernetes_executor.py
[2026-02-13T21:56:39.903+0000] {processor.py:743} INFO - Processing file /home/airflow/.local/lib/python3.7/site-packages/airflow/example_dags/example_local_kubernetes_executor.py for tasks to queue
[2026-02-13T21:56:39.904+0000] {logging_mixin.py:137} INFO - [2026-02-13T21:56:39.904+0000] {dagbag.py:538} INFO - Filling up the DagBag from /home/airflow/.local/lib/python3.7/site-packages/airflow/example_dags/example_local_kubernetes_executor.py
[2026-02-13T21:56:39.921+0000] {processor.py:753} INFO - DAG(s) dict_keys(['example_local_kubernetes_executor']) retrieved from /home/airflow/.local/lib/python3.7/site-packages/airflow/example_dags/example_local_kubernetes_executor.py
[2026-02-13T21:56:39.946+0000] {logging_mixin.py:137} INFO - [2026-02-13T21:56:39.946+0000] {dag.py:2690} INFO - Sync 1 DAGs
[2026-02-13T21:56:39.963+0000] {logging_mixin.py:137} INFO - [2026-02-13T21:56:39.963+0000] {dag.py:3441} INFO - Setting next_dagrun for example_local_kubernetes_executor to None, run_after=None
[2026-02-13T21:56:39.981+0000] {processor.py:175} INFO - Processing /home/airflow/.local/lib/python3.7/site-packages/airflow/example_dags/example_local_kubernetes_executor.py took 0.081 seconds
[2026-02-13T22:01:04.299+0000] {processor.py:153} INFO - Started process (PID=64) to work on /home/airflow/.local/lib/python3.7/site-packages/airflow/example_dags/example_local_kubernetes_executor.py
[2026-02-13T22:01:04.300+0000] {processor.py:743} INFO - Processing file /home/airflow/.local/lib/python3.7/site-packages/airflow/example_dags/example_local_kubernetes_executor.py for tasks to queue
[2026-02-13T22:01:04.300+0000] {logging_mixin.py:137} INFO - [2026-02-13T22:01:04.300+0000] {dagbag.py:538} INFO - Filling up the DagBag from /home/airflow/.local/lib/python3.7/site-packages/airflow/example_dags/example_local_kubernetes_executor.py
[2026-02-13T22:01:04.316+0000] {processor.py:753} INFO - DAG(s) dict_keys(['example_local_kubernetes_executor']) retrieved from /home/airflow/.local/lib/python3.7/site-packages/airflow/example_dags/example_local_kubernetes_executor.py
[2026-02-13T22:01:04.327+0000] {logging_mixin.py:137} INFO - [2026-02-13T22:01:04.327+0000] {dag.py:2690} INFO - Sync 1 DAGs
[2026-02-13T22:01:04.348+0000] {logging_mixin.py:137} INFO - [2026-02-13T22:01:04.348+0000] {dag.py:3441} INFO - Setting next_dagrun for example_local_kubernetes_executor to None, run_after=None
[2026-02-13T22:01:04.370+0000] {processor.py:175} INFO - Processing /home/airflow/.local/lib/python3.7/site-packages/airflow/example_dags/example_local_kubernetes_executor.py took 0.072 seconds
[2026-02-13T22:01:34.985+0000] {processor.py:153} INFO - Started process (PID=151) to work on /home/airflow/.local/lib/python3.7/site-packages/airflow/example_dags/example_local_kubernetes_executor.py
[2026-02-13T22:01:34.986+0000] {processor.py:743} INFO - Processing file /home/airflow/.local/lib/python3.7/site-packages/airflow/example_dags/example_local_kubernetes_executor.py for tasks to queue
[2026-02-13T22:01:34.986+0000] {logging_mixin.py:137} INFO - [2026-02-13T22:01:34.986+0000] {dagbag.py:538} INFO - Filling up the DagBag from /home/airflow/.local/lib/python3.7/site-packages/airflow/example_dags/example_local_kubernetes_executor.py
[2026-02-13T22:01:34.998+0000] {processor.py:753} INFO - DAG(s) dict_keys(['example_local_kubernetes_executor']) retrieved from /home/airflow/.local/lib/python3.7/site-packages/airflow/example_dags/example_local_kubernetes_executor.py
[2026-02-13T22:01:35.011+0000] {logging_mixin.py:137} INFO - [2026-02-13T22:01:35.011+0000] {dag.py:2690} INFO - Sync 1 DAGs
[2026-02-13T22:01:35.021+0000] {logging_mixin.py:137} INFO - [2026-02-13T22:01:35.021+0000] {dag.py:3441} INFO - Setting next_dagrun for example_local_kubernetes_executor to None, run_after=None
[2026-02-13T22:01:35.030+0000] {processor.py:175} INFO - Processing /home/airflow/.local/lib/python3.7/site-packages/airflow/example_dags/example_local_kubernetes_executor.py took 0.046 seconds
[2026-02-13T22:02:05.510+0000] {processor.py:153} INFO - Started process (PID=241) to work on /home/airflow/.local/lib/python3.7/site-packages/airflow/example_dags/example_local_kubernetes_executor.py
[2026-02-13T22:02:05.510+0000] {processor.py:743} INFO - Processing file /home/airflow/.local/lib/python3.7/site-packages/airflow/example_dags/example_local_kubernetes_executor.py for tasks to queue
[2026-02-13T22:02:05.511+0000] {logging_mixin.py:137} INFO - [2026-02-13T22:02:05.511+0000] {dagbag.py:538} INFO - Filling up the DagBag from /home/airflow/.local/lib/python3.7/site-packages/airflow/example_dags/example_local_kubernetes_executor.py
[2026-02-13T22:02:05.521+0000] {processor.py:753} INFO - DAG(s) dict_keys(['example_local_kubernetes_executor']) retrieved from /home/airflow/.local/lib/python3.7/site-packages/airflow/example_dags/example_local_kubernetes_executor.py
[2026-02-13T22:02:05.532+0000] {logging_mixin.py:137} INFO - [2026-02-13T22:02:05.532+0000] {dag.py:2690} INFO - Sync 1 DAGs
[2026-02-13T22:02:05.541+0000] {logging_mixin.py:137} INFO - [2026-02-13T22:02:05.541+0000] {dag.py:3441} INFO - Setting next_dagrun for example_local_kubernetes_executor to None, run_after=None
[2026-02-13T22:02:05.547+0000] {processor.py:175} INFO - Processing /home/airflow/.local/lib/python3.7/site-packages/airflow/example_dags/example_local_kubernetes_executor.py took 0.039 seconds
[2026-02-13T22:02:36.107+0000] {processor.py:153} INFO - Started process (PID=313) to work on /home/airflow/.local/lib/python3.7/site-packages/airflow/example_dags/example_local_kubernetes_executor.py
[2026-02-13T22:02:36.108+0000] {processor.py:743} INFO - Processing file /home/airflow/.local/lib/python3.7/site-packages/airflow/example_dags/example_local_kubernetes_executor.py for tasks to queue
[2026-02-13T22:02:36.108+0000] {logging_mixin.py:137} INFO - [2026-02-13T22:02:36.108+0000] {dagbag.py:538} INFO - Filling up the DagBag from /home/airflow/.local/lib/python3.7/site-packages/airflow/example_dags/example_local_kubernetes_executor.py
[2026-02-13T22:02:36.118+0000] {processor.py:753} INFO - DAG(s) dict_keys(['example_local_kubernetes_executor']) retrieved from /home/airflow/.local/lib/python3.7/site-packages/airflow/example_dags/example_local_kubernetes_executor.py
[2026-02-13T22:02:36.136+0000] {logging_mixin.py:137} INFO - [2026-02-13T22:02:36.136+0000] {dag.py:2690} INFO - Sync 1 DAGs
[2026-02-13T22:02:36.149+0000] {logging_mixin.py:137} INFO - [2026-02-13T22:02:36.149+0000] {dag.py:3441} INFO - Setting next_dagrun for example_local_kubernetes_executor to None, run_after=None
[2026-02-13T22:02:36.159+0000] {processor.py:175} INFO - Processing /home/airflow/.local/lib/python3.7/site-packages/airflow/example_dags/example_local_kubernetes_executor.py took 0.054 seconds
[2026-02-13T22:03:30.483+0000] {processor.py:153} INFO - Started process (PID=64) to work on /home/airflow/.local/lib/python3.7/site-packages/airflow/example_dags/example_local_kubernetes_executor.py
[2026-02-13T22:03:30.484+0000] {processor.py:743} INFO - Processing file /home/airflow/.local/lib/python3.7/site-packages/airflow/example_dags/example_local_kubernetes_executor.py for tasks to queue
[2026-02-13T22:03:30.484+0000] {logging_mixin.py:137} INFO - [2026-02-13T22:03:30.484+0000] {dagbag.py:538} INFO - Filling up the DagBag from /home/airflow/.local/lib/python3.7/site-packages/airflow/example_dags/example_local_kubernetes_executor.py
[2026-02-13T22:03:30.498+0000] {processor.py:753} INFO - DAG(s) dict_keys(['example_local_kubernetes_executor']) retrieved from /home/airflow/.local/lib/python3.7/site-packages/airflow/example_dags/example_local_kubernetes_executor.py
[2026-02-13T22:03:30.510+0000] {logging_mixin.py:137} INFO - [2026-02-13T22:03:30.510+0000] {dag.py:2690} INFO - Sync 1 DAGs
[2026-02-13T22:03:30.526+0000] {logging_mixin.py:137} INFO - [2026-02-13T22:03:30.526+0000] {dag.py:3441} INFO - Setting next_dagrun for example_local_kubernetes_executor to None, run_after=None
[2026-02-13T22:03:30.539+0000] {processor.py:175} INFO - Processing /home/airflow/.local/lib/python3.7/site-packages/airflow/example_dags/example_local_kubernetes_executor.py took 0.058 seconds
[2026-02-13T22:04:01.412+0000] {processor.py:153} INFO - Started process (PID=151) to work on /home/airflow/.local/lib/python3.7/site-packages/airflow/example_dags/example_local_kubernetes_executor.py
[2026-02-13T22:04:01.413+0000] {processor.py:743} INFO - Processing file /home/airflow/.local/lib/python3.7/site-packages/airflow/example_dags/example_local_kubernetes_executor.py for tasks to queue
[2026-02-13T22:04:01.415+0000] {logging_mixin.py:137} INFO - [2026-02-13T22:04:01.415+0000] {dagbag.py:538} INFO - Filling up the DagBag from /home/airflow/.local/lib/python3.7/site-packages/airflow/example_dags/example_local_kubernetes_executor.py
[2026-02-13T22:04:01.433+0000] {processor.py:753} INFO - DAG(s) dict_keys(['example_local_kubernetes_executor']) retrieved from /home/airflow/.local/lib/python3.7/site-packages/airflow/example_dags/example_local_kubernetes_executor.py
[2026-02-13T22:04:01.452+0000] {logging_mixin.py:137} INFO - [2026-02-13T22:04:01.452+0000] {dag.py:2690} INFO - Sync 1 DAGs
[2026-02-13T22:04:01.468+0000] {logging_mixin.py:137} INFO - [2026-02-13T22:04:01.468+0000] {dag.py:3441} INFO - Setting next_dagrun for example_local_kubernetes_executor to None, run_after=None
[2026-02-13T22:04:01.482+0000] {processor.py:175} INFO - Processing /home/airflow/.local/lib/python3.7/site-packages/airflow/example_dags/example_local_kubernetes_executor.py took 0.072 seconds
[2026-02-13T22:04:32.428+0000] {processor.py:153} INFO - Started process (PID=239) to work on /home/airflow/.local/lib/python3.7/site-packages/airflow/example_dags/example_local_kubernetes_executor.py
[2026-02-13T22:04:32.430+0000] {processor.py:743} INFO - Processing file /home/airflow/.local/lib/python3.7/site-packages/airflow/example_dags/example_local_kubernetes_executor.py for tasks to queue
[2026-02-13T22:04:32.431+0000] {logging_mixin.py:137} INFO - [2026-02-13T22:04:32.431+0000] {dagbag.py:538} INFO - Filling up the DagBag from /home/airflow/.local/lib/python3.7/site-packages/airflow/example_dags/example_local_kubernetes_executor.py
[2026-02-13T22:04:32.455+0000] {processor.py:753} INFO - DAG(s) dict_keys(['example_local_kubernetes_executor']) retrieved from /home/airflow/.local/lib/python3.7/site-packages/airflow/example_dags/example_local_kubernetes_executor.py
[2026-02-13T22:04:32.477+0000] {logging_mixin.py:137} INFO - [2026-02-13T22:04:32.477+0000] {dag.py:2690} INFO - Sync 1 DAGs
[2026-02-13T22:04:32.497+0000] {logging_mixin.py:137} INFO - [2026-02-13T22:04:32.497+0000] {dag.py:3441} INFO - Setting next_dagrun for example_local_kubernetes_executor to None, run_after=None
[2026-02-13T22:04:32.518+0000] {processor.py:175} INFO - Processing /home/airflow/.local/lib/python3.7/site-packages/airflow/example_dags/example_local_kubernetes_executor.py took 0.091 seconds
[2026-02-13T22:05:03.065+0000] {processor.py:153} INFO - Started process (PID=311) to work on /home/airflow/.local/lib/python3.7/site-packages/airflow/example_dags/example_local_kubernetes_executor.py
[2026-02-13T22:05:03.065+0000] {processor.py:743} INFO - Processing file /home/airflow/.local/lib/python3.7/site-packages/airflow/example_dags/example_local_kubernetes_executor.py for tasks to queue
[2026-02-13T22:05:03.065+0000] {logging_mixin.py:137} INFO - [2026-02-13T22:05:03.065+0000] {dagbag.py:538} INFO - Filling up the DagBag from /home/airflow/.local/lib/python3.7/site-packages/airflow/example_dags/example_local_kubernetes_executor.py
[2026-02-13T22:05:03.075+0000] {processor.py:753} INFO - DAG(s) dict_keys(['example_local_kubernetes_executor']) retrieved from /home/airflow/.local/lib/python3.7/site-packages/airflow/example_dags/example_local_kubernetes_executor.py
[2026-02-13T22:05:03.092+0000] {logging_mixin.py:137} INFO - [2026-02-13T22:05:03.092+0000] {dag.py:2690} INFO - Sync 1 DAGs
[2026-02-13T22:05:03.104+0000] {logging_mixin.py:137} INFO - [2026-02-13T22:05:03.104+0000] {dag.py:3441} INFO - Setting next_dagrun for example_local_kubernetes_executor to None, run_after=None
[2026-02-13T22:05:03.111+0000] {processor.py:175} INFO - Processing /home/airflow/.local/lib/python3.7/site-packages/airflow/example_dags/example_local_kubernetes_executor.py took 0.049 seconds
[2026-02-13T22:05:33.629+0000] {processor.py:153} INFO - Started process (PID=399) to work on /home/airflow/.local/lib/python3.7/site-packages/airflow/example_dags/example_local_kubernetes_executor.py
[2026-02-13T22:05:33.630+0000] {processor.py:743} INFO - Processing file /home/airflow/.local/lib/python3.7/site-packages/airflow/example_dags/example_local_kubernetes_executor.py for tasks to queue
[2026-02-13T22:05:33.630+0000] {logging_mixin.py:137} INFO - [2026-02-13T22:05:33.630+0000] {dagbag.py:538} INFO - Filling up the DagBag from /home/airflow/.local/lib/python3.7/site-packages/airflow/example_dags/example_local_kubernetes_executor.py
[2026-02-13T22:05:33.646+0000] {processor.py:753} INFO - DAG(s) dict_keys(['example_local_kubernetes_executor']) retrieved from /home/airflow/.local/lib/python3.7/site-packages/airflow/example_dags/example_local_kubernetes_executor.py
[2026-02-13T22:05:33.666+0000] {logging_mixin.py:137} INFO - [2026-02-13T22:05:33.666+0000] {dag.py:2690} INFO - Sync 1 DAGs
[2026-02-13T22:05:33.679+0000] {logging_mixin.py:137} INFO - [2026-02-13T22:05:33.679+0000] {dag.py:3441} INFO - Setting next_dagrun for example_local_kubernetes_executor to None, run_after=None
[2026-02-13T22:05:33.686+0000] {processor.py:175} INFO - Processing /home/airflow/.local/lib/python3.7/site-packages/airflow/example_dags/example_local_kubernetes_executor.py took 0.059 seconds
[2026-02-13T22:06:33.694+0000] {processor.py:153} INFO - Started process (PID=66) to work on /home/airflow/.local/lib/python3.7/site-packages/airflow/example_dags/example_local_kubernetes_executor.py
[2026-02-13T22:06:33.697+0000] {processor.py:743} INFO - Processing file /home/airflow/.local/lib/python3.7/site-packages/airflow/example_dags/example_local_kubernetes_executor.py for tasks to queue
[2026-02-13T22:06:33.698+0000] {logging_mixin.py:137} INFO - [2026-02-13T22:06:33.698+0000] {dagbag.py:538} INFO - Filling up the DagBag from /home/airflow/.local/lib/python3.7/site-packages/airflow/example_dags/example_local_kubernetes_executor.py
[2026-02-13T22:06:33.714+0000] {processor.py:753} INFO - DAG(s) dict_keys(['example_local_kubernetes_executor']) retrieved from /home/airflow/.local/lib/python3.7/site-packages/airflow/example_dags/example_local_kubernetes_executor.py
[2026-02-13T22:06:33.723+0000] {logging_mixin.py:137} INFO - [2026-02-13T22:06:33.722+0000] {dag.py:2690} INFO - Sync 1 DAGs
[2026-02-13T22:06:33.739+0000] {logging_mixin.py:137} INFO - [2026-02-13T22:06:33.739+0000] {dag.py:3441} INFO - Setting next_dagrun for example_local_kubernetes_executor to None, run_after=None
[2026-02-13T22:06:33.764+0000] {processor.py:175} INFO - Processing /home/airflow/.local/lib/python3.7/site-packages/airflow/example_dags/example_local_kubernetes_executor.py took 0.073 seconds
[2026-02-13T22:07:04.966+0000] {processor.py:153} INFO - Started process (PID=155) to work on /home/airflow/.local/lib/python3.7/site-packages/airflow/example_dags/example_local_kubernetes_executor.py
[2026-02-13T22:07:04.967+0000] {processor.py:743} INFO - Processing file /home/airflow/.local/lib/python3.7/site-packages/airflow/example_dags/example_local_kubernetes_executor.py for tasks to queue
[2026-02-13T22:07:04.967+0000] {logging_mixin.py:137} INFO - [2026-02-13T22:07:04.967+0000] {dagbag.py:538} INFO - Filling up the DagBag from /home/airflow/.local/lib/python3.7/site-packages/airflow/example_dags/example_local_kubernetes_executor.py
[2026-02-13T22:07:04.984+0000] {processor.py:753} INFO - DAG(s) dict_keys(['example_local_kubernetes_executor']) retrieved from /home/airflow/.local/lib/python3.7/site-packages/airflow/example_dags/example_local_kubernetes_executor.py
[2026-02-13T22:07:05.006+0000] {logging_mixin.py:137} INFO - [2026-02-13T22:07:05.006+0000] {dag.py:2690} INFO - Sync 1 DAGs
[2026-02-13T22:07:05.026+0000] {logging_mixin.py:137} INFO - [2026-02-13T22:07:05.026+0000] {dag.py:3441} INFO - Setting next_dagrun for example_local_kubernetes_executor to None, run_after=None
[2026-02-13T22:07:05.042+0000] {processor.py:175} INFO - Processing /home/airflow/.local/lib/python3.7/site-packages/airflow/example_dags/example_local_kubernetes_executor.py took 0.079 seconds
[2026-02-13T22:07:36.030+0000] {processor.py:153} INFO - Started process (PID=244) to work on /home/airflow/.local/lib/python3.7/site-packages/airflow/example_dags/example_local_kubernetes_executor.py
[2026-02-13T22:07:36.031+0000] {processor.py:743} INFO - Processing file /home/airflow/.local/lib/python3.7/site-packages/airflow/example_dags/example_local_kubernetes_executor.py for tasks to queue
[2026-02-13T22:07:36.031+0000] {logging_mixin.py:137} INFO - [2026-02-13T22:07:36.031+0000] {dagbag.py:538} INFO - Filling up the DagBag from /home/airflow/.local/lib/python3.7/site-packages/airflow/example_dags/example_local_kubernetes_executor.py
[2026-02-13T22:07:36.044+0000] {processor.py:753} INFO - DAG(s) dict_keys(['example_local_kubernetes_executor']) retrieved from /home/airflow/.local/lib/python3.7/site-packages/airflow/example_dags/example_local_kubernetes_executor.py
[2026-02-13T22:07:36.058+0000] {logging_mixin.py:137} INFO - [2026-02-13T22:07:36.058+0000] {dag.py:2690} INFO - Sync 1 DAGs
[2026-02-13T22:07:36.070+0000] {logging_mixin.py:137} INFO - [2026-02-13T22:07:36.070+0000] {dag.py:3441} INFO - Setting next_dagrun for example_local_kubernetes_executor to None, run_after=None
[2026-02-13T22:07:36.079+0000] {processor.py:175} INFO - Processing /home/airflow/.local/lib/python3.7/site-packages/airflow/example_dags/example_local_kubernetes_executor.py took 0.051 seconds
[2026-02-13T22:08:06.643+0000] {processor.py:153} INFO - Started process (PID=317) to work on /home/airflow/.local/lib/python3.7/site-packages/airflow/example_dags/example_local_kubernetes_executor.py
[2026-02-13T22:08:06.643+0000] {processor.py:743} INFO - Processing file /home/airflow/.local/lib/python3.7/site-packages/airflow/example_dags/example_local_kubernetes_executor.py for tasks to queue
[2026-02-13T22:08:06.644+0000] {logging_mixin.py:137} INFO - [2026-02-13T22:08:06.644+0000] {dagbag.py:538} INFO - Filling up the DagBag from /home/airflow/.local/lib/python3.7/site-packages/airflow/example_dags/example_local_kubernetes_executor.py
[2026-02-13T22:08:06.655+0000] {processor.py:753} INFO - DAG(s) dict_keys(['example_local_kubernetes_executor']) retrieved from /home/airflow/.local/lib/python3.7/site-packages/airflow/example_dags/example_local_kubernetes_executor.py
[2026-02-13T22:08:06.670+0000] {logging_mixin.py:137} INFO - [2026-02-13T22:08:06.670+0000] {dag.py:2690} INFO - Sync 1 DAGs
[2026-02-13T22:08:06.682+0000] {logging_mixin.py:137} INFO - [2026-02-13T22:08:06.682+0000] {dag.py:3441} INFO - Setting next_dagrun for example_local_kubernetes_executor to None, run_after=None
[2026-02-13T22:08:06.694+0000] {processor.py:175} INFO - Processing /home/airflow/.local/lib/python3.7/site-packages/airflow/example_dags/example_local_kubernetes_executor.py took 0.053 seconds
[2026-02-13T22:08:37.462+0000] {processor.py:153} INFO - Started process (PID=406) to work on /home/airflow/.local/lib/python3.7/site-packages/airflow/example_dags/example_local_kubernetes_executor.py
[2026-02-13T22:08:37.463+0000] {processor.py:743} INFO - Processing file /home/airflow/.local/lib/python3.7/site-packages/airflow/example_dags/example_local_kubernetes_executor.py for tasks to queue
[2026-02-13T22:08:37.463+0000] {logging_mixin.py:137} INFO - [2026-02-13T22:08:37.463+0000] {dagbag.py:538} INFO - Filling up the DagBag from /home/airflow/.local/lib/python3.7/site-packages/airflow/example_dags/example_local_kubernetes_executor.py
[2026-02-13T22:08:37.476+0000] {processor.py:753} INFO - DAG(s) dict_keys(['example_local_kubernetes_executor']) retrieved from /home/airflow/.local/lib/python3.7/site-packages/airflow/example_dags/example_local_kubernetes_executor.py
[2026-02-13T22:08:37.494+0000] {logging_mixin.py:137} INFO - [2026-02-13T22:08:37.493+0000] {dag.py:2690} INFO - Sync 1 DAGs
[2026-02-13T22:08:37.508+0000] {logging_mixin.py:137} INFO - [2026-02-13T22:08:37.508+0000] {dag.py:3441} INFO - Setting next_dagrun for example_local_kubernetes_executor to None, run_after=None
[2026-02-13T22:08:37.519+0000] {processor.py:175} INFO - Processing /home/airflow/.local/lib/python3.7/site-packages/airflow/example_dags/example_local_kubernetes_executor.py took 0.059 seconds
[2026-02-13T22:09:08.090+0000] {processor.py:153} INFO - Started process (PID=495) to work on /home/airflow/.local/lib/python3.7/site-packages/airflow/example_dags/example_local_kubernetes_executor.py
[2026-02-13T22:09:08.091+0000] {processor.py:743} INFO - Processing file /home/airflow/.local/lib/python3.7/site-packages/airflow/example_dags/example_local_kubernetes_executor.py for tasks to queue
[2026-02-13T22:09:08.091+0000] {logging_mixin.py:137} INFO - [2026-02-13T22:09:08.091+0000] {dagbag.py:538} INFO - Filling up the DagBag from /home/airflow/.local/lib/python3.7/site-packages/airflow/example_dags/example_local_kubernetes_executor.py
[2026-02-13T22:09:08.104+0000] {processor.py:753} INFO - DAG(s) dict_keys(['example_local_kubernetes_executor']) retrieved from /home/airflow/.local/lib/python3.7/site-packages/airflow/example_dags/example_local_kubernetes_executor.py
[2026-02-13T22:09:08.119+0000] {logging_mixin.py:137} INFO - [2026-02-13T22:09:08.119+0000] {dag.py:2690} INFO - Sync 1 DAGs
[2026-02-13T22:09:08.130+0000] {logging_mixin.py:137} INFO - [2026-02-13T22:09:08.130+0000] {dag.py:3441} INFO - Setting next_dagrun for example_local_kubernetes_executor to None, run_after=None
[2026-02-13T22:09:08.141+0000] {processor.py:175} INFO - Processing /home/airflow/.local/lib/python3.7/site-packages/airflow/example_dags/example_local_kubernetes_executor.py took 0.053 seconds
[2026-02-13T22:09:38.655+0000] {processor.py:153} INFO - Started process (PID=583) to work on /home/airflow/.local/lib/python3.7/site-packages/airflow/example_dags/example_local_kubernetes_executor.py
[2026-02-13T22:09:38.656+0000] {processor.py:743} INFO - Processing file /home/airflow/.local/lib/python3.7/site-packages/airflow/example_dags/example_local_kubernetes_executor.py for tasks to queue
[2026-02-13T22:09:38.656+0000] {logging_mixin.py:137} INFO - [2026-02-13T22:09:38.656+0000] {dagbag.py:538} INFO - Filling up the DagBag from /home/airflow/.local/lib/python3.7/site-packages/airflow/example_dags/example_local_kubernetes_executor.py
[2026-02-13T22:09:38.668+0000] {processor.py:753} INFO - DAG(s) dict_keys(['example_local_kubernetes_executor']) retrieved from /home/airflow/.local/lib/python3.7/site-packages/airflow/example_dags/example_local_kubernetes_executor.py
[2026-02-13T22:09:38.682+0000] {logging_mixin.py:137} INFO - [2026-02-13T22:09:38.682+0000] {dag.py:2690} INFO - Sync 1 DAGs
[2026-02-13T22:09:38.695+0000] {logging_mixin.py:137} INFO - [2026-02-13T22:09:38.695+0000] {dag.py:3441} INFO - Setting next_dagrun for example_local_kubernetes_executor to None, run_after=None
[2026-02-13T22:09:38.702+0000] {processor.py:175} INFO - Processing /home/airflow/.local/lib/python3.7/site-packages/airflow/example_dags/example_local_kubernetes_executor.py took 0.049 seconds
[2026-02-13T22:10:09.235+0000] {processor.py:153} INFO - Started process (PID=665) to work on /home/airflow/.local/lib/python3.7/site-packages/airflow/example_dags/example_local_kubernetes_executor.py
[2026-02-13T22:10:09.236+0000] {processor.py:743} INFO - Processing file /home/airflow/.local/lib/python3.7/site-packages/airflow/example_dags/example_local_kubernetes_executor.py for tasks to queue
[2026-02-13T22:10:09.237+0000] {logging_mixin.py:137} INFO - [2026-02-13T22:10:09.236+0000] {dagbag.py:538} INFO - Filling up the DagBag from /home/airflow/.local/lib/python3.7/site-packages/airflow/example_dags/example_local_kubernetes_executor.py
[2026-02-13T22:10:09.252+0000] {processor.py:753} INFO - DAG(s) dict_keys(['example_local_kubernetes_executor']) retrieved from /home/airflow/.local/lib/python3.7/site-packages/airflow/example_dags/example_local_kubernetes_executor.py
[2026-02-13T22:10:09.270+0000] {logging_mixin.py:137} INFO - [2026-02-13T22:10:09.270+0000] {dag.py:2690} INFO - Sync 1 DAGs
[2026-02-13T22:10:09.294+0000] {logging_mixin.py:137} INFO - [2026-02-13T22:10:09.294+0000] {dag.py:3441} INFO - Setting next_dagrun for example_local_kubernetes_executor to None, run_after=None
[2026-02-13T22:10:09.328+0000] {processor.py:175} INFO - Processing /home/airflow/.local/lib/python3.7/site-packages/airflow/example_dags/example_local_kubernetes_executor.py took 0.095 seconds
[2026-02-13T22:10:39.917+0000] {processor.py:153} INFO - Started process (PID=744) to work on /home/airflow/.local/lib/python3.7/site-packages/airflow/example_dags/example_local_kubernetes_executor.py
[2026-02-13T22:10:39.918+0000] {processor.py:743} INFO - Processing file /home/airflow/.local/lib/python3.7/site-packages/airflow/example_dags/example_local_kubernetes_executor.py for tasks to queue
[2026-02-13T22:10:39.918+0000] {logging_mixin.py:137} INFO - [2026-02-13T22:10:39.918+0000] {dagbag.py:538} INFO - Filling up the DagBag from /home/airflow/.local/lib/python3.7/site-packages/airflow/example_dags/example_local_kubernetes_executor.py
[2026-02-13T22:10:39.927+0000] {processor.py:753} INFO - DAG(s) dict_keys(['example_local_kubernetes_executor']) retrieved from /home/airflow/.local/lib/python3.7/site-packages/airflow/example_dags/example_local_kubernetes_executor.py
[2026-02-13T22:10:39.938+0000] {logging_mixin.py:137} INFO - [2026-02-13T22:10:39.938+0000] {dag.py:2690} INFO - Sync 1 DAGs
[2026-02-13T22:10:39.947+0000] {logging_mixin.py:137} INFO - [2026-02-13T22:10:39.947+0000] {dag.py:3441} INFO - Setting next_dagrun for example_local_kubernetes_executor to None, run_after=None
[2026-02-13T22:10:39.954+0000] {processor.py:175} INFO - Processing /home/airflow/.local/lib/python3.7/site-packages/airflow/example_dags/example_local_kubernetes_executor.py took 0.038 seconds
[2026-02-13T22:11:10.428+0000] {processor.py:153} INFO - Started process (PID=833) to work on /home/airflow/.local/lib/python3.7/site-packages/airflow/example_dags/example_local_kubernetes_executor.py
[2026-02-13T22:11:10.430+0000] {processor.py:743} INFO - Processing file /home/airflow/.local/lib/python3.7/site-packages/airflow/example_dags/example_local_kubernetes_executor.py for tasks to queue
[2026-02-13T22:11:10.431+0000] {logging_mixin.py:137} INFO - [2026-02-13T22:11:10.431+0000] {dagbag.py:538} INFO - Filling up the DagBag from /home/airflow/.local/lib/python3.7/site-packages/airflow/example_dags/example_local_kubernetes_executor.py
[2026-02-13T22:11:10.443+0000] {processor.py:753} INFO - DAG(s) dict_keys(['example_local_kubernetes_executor']) retrieved from /home/airflow/.local/lib/python3.7/site-packages/airflow/example_dags/example_local_kubernetes_executor.py
[2026-02-13T22:11:10.463+0000] {logging_mixin.py:137} INFO - [2026-02-13T22:11:10.463+0000] {dag.py:2690} INFO - Sync 1 DAGs
[2026-02-13T22:11:10.477+0000] {logging_mixin.py:137} INFO - [2026-02-13T22:11:10.477+0000] {dag.py:3441} INFO - Setting next_dagrun for example_local_kubernetes_executor to None, run_after=None
[2026-02-13T22:11:10.489+0000] {processor.py:175} INFO - Processing /home/airflow/.local/lib/python3.7/site-packages/airflow/example_dags/example_local_kubernetes_executor.py took 0.063 seconds
[2026-02-13T22:11:41.089+0000] {processor.py:153} INFO - Started process (PID=921) to work on /home/airflow/.local/lib/python3.7/site-packages/airflow/example_dags/example_local_kubernetes_executor.py
[2026-02-13T22:11:41.089+0000] {processor.py:743} INFO - Processing file /home/airflow/.local/lib/python3.7/site-packages/airflow/example_dags/example_local_kubernetes_executor.py for tasks to queue
[2026-02-13T22:11:41.089+0000] {logging_mixin.py:137} INFO - [2026-02-13T22:11:41.089+0000] {dagbag.py:538} INFO - Filling up the DagBag from /home/airflow/.local/lib/python3.7/site-packages/airflow/example_dags/example_local_kubernetes_executor.py
[2026-02-13T22:11:41.101+0000] {processor.py:753} INFO - DAG(s) dict_keys(['example_local_kubernetes_executor']) retrieved from /home/airflow/.local/lib/python3.7/site-packages/airflow/example_dags/example_local_kubernetes_executor.py
[2026-02-13T22:11:41.119+0000] {logging_mixin.py:137} INFO - [2026-02-13T22:11:41.118+0000] {dag.py:2690} INFO - Sync 1 DAGs
[2026-02-13T22:11:41.131+0000] {logging_mixin.py:137} INFO - [2026-02-13T22:11:41.131+0000] {dag.py:3441} INFO - Setting next_dagrun for example_local_kubernetes_executor to None, run_after=None
[2026-02-13T22:11:41.145+0000] {processor.py:175} INFO - Processing /home/airflow/.local/lib/python3.7/site-packages/airflow/example_dags/example_local_kubernetes_executor.py took 0.058 seconds
[2026-02-13T22:12:11.606+0000] {processor.py:153} INFO - Started process (PID=1010) to work on /home/airflow/.local/lib/python3.7/site-packages/airflow/example_dags/example_local_kubernetes_executor.py
[2026-02-13T22:12:11.607+0000] {processor.py:743} INFO - Processing file /home/airflow/.local/lib/python3.7/site-packages/airflow/example_dags/example_local_kubernetes_executor.py for tasks to queue
[2026-02-13T22:12:11.607+0000] {logging_mixin.py:137} INFO - [2026-02-13T22:12:11.607+0000] {dagbag.py:538} INFO - Filling up the DagBag from /home/airflow/.local/lib/python3.7/site-packages/airflow/example_dags/example_local_kubernetes_executor.py
[2026-02-13T22:12:11.619+0000] {processor.py:753} INFO - DAG(s) dict_keys(['example_local_kubernetes_executor']) retrieved from /home/airflow/.local/lib/python3.7/site-packages/airflow/example_dags/example_local_kubernetes_executor.py
[2026-02-13T22:12:11.633+0000] {logging_mixin.py:137} INFO - [2026-02-13T22:12:11.633+0000] {dag.py:2690} INFO - Sync 1 DAGs
[2026-02-13T22:12:11.643+0000] {logging_mixin.py:137} INFO - [2026-02-13T22:12:11.643+0000] {dag.py:3441} INFO - Setting next_dagrun for example_local_kubernetes_executor to None, run_after=None
[2026-02-13T22:12:11.651+0000] {processor.py:175} INFO - Processing /home/airflow/.local/lib/python3.7/site-packages/airflow/example_dags/example_local_kubernetes_executor.py took 0.047 seconds
[2026-02-13T22:20:57.651+0000] {processor.py:153} INFO - Started process (PID=105) to work on /home/airflow/.local/lib/python3.7/site-packages/airflow/example_dags/example_local_kubernetes_executor.py
[2026-02-13T22:20:57.652+0000] {processor.py:743} INFO - Processing file /home/airflow/.local/lib/python3.7/site-packages/airflow/example_dags/example_local_kubernetes_executor.py for tasks to queue
[2026-02-13T22:20:57.652+0000] {logging_mixin.py:137} INFO - [2026-02-13T22:20:57.652+0000] {dagbag.py:538} INFO - Filling up the DagBag from /home/airflow/.local/lib/python3.7/site-packages/airflow/example_dags/example_local_kubernetes_executor.py
[2026-02-13T22:20:57.664+0000] {processor.py:753} INFO - DAG(s) dict_keys(['example_local_kubernetes_executor']) retrieved from /home/airflow/.local/lib/python3.7/site-packages/airflow/example_dags/example_local_kubernetes_executor.py
[2026-02-13T22:20:57.670+0000] {logging_mixin.py:137} INFO - [2026-02-13T22:20:57.670+0000] {dag.py:2690} INFO - Sync 1 DAGs
[2026-02-13T22:20:57.681+0000] {logging_mixin.py:137} INFO - [2026-02-13T22:20:57.681+0000] {dag.py:3441} INFO - Setting next_dagrun for example_local_kubernetes_executor to None, run_after=None
[2026-02-13T22:20:57.688+0000] {processor.py:175} INFO - Processing /home/airflow/.local/lib/python3.7/site-packages/airflow/example_dags/example_local_kubernetes_executor.py took 0.038 seconds
[2026-02-13T22:21:28.362+0000] {processor.py:153} INFO - Started process (PID=178) to work on /home/airflow/.local/lib/python3.7/site-packages/airflow/example_dags/example_local_kubernetes_executor.py
[2026-02-13T22:21:28.363+0000] {processor.py:743} INFO - Processing file /home/airflow/.local/lib/python3.7/site-packages/airflow/example_dags/example_local_kubernetes_executor.py for tasks to queue
[2026-02-13T22:21:28.364+0000] {logging_mixin.py:137} INFO - [2026-02-13T22:21:28.364+0000] {dagbag.py:538} INFO - Filling up the DagBag from /home/airflow/.local/lib/python3.7/site-packages/airflow/example_dags/example_local_kubernetes_executor.py
[2026-02-13T22:21:28.377+0000] {processor.py:753} INFO - DAG(s) dict_keys(['example_local_kubernetes_executor']) retrieved from /home/airflow/.local/lib/python3.7/site-packages/airflow/example_dags/example_local_kubernetes_executor.py
[2026-02-13T22:21:28.394+0000] {logging_mixin.py:137} INFO - [2026-02-13T22:21:28.394+0000] {dag.py:2690} INFO - Sync 1 DAGs
[2026-02-13T22:21:28.405+0000] {logging_mixin.py:137} INFO - [2026-02-13T22:21:28.405+0000] {dag.py:3441} INFO - Setting next_dagrun for example_local_kubernetes_executor to None, run_after=None
[2026-02-13T22:21:28.418+0000] {processor.py:175} INFO - Processing /home/airflow/.local/lib/python3.7/site-packages/airflow/example_dags/example_local_kubernetes_executor.py took 0.057 seconds
[2026-02-13T22:21:59.380+0000] {processor.py:153} INFO - Started process (PID=268) to work on /home/airflow/.local/lib/python3.7/site-packages/airflow/example_dags/example_local_kubernetes_executor.py
[2026-02-13T22:21:59.383+0000] {processor.py:743} INFO - Processing file /home/airflow/.local/lib/python3.7/site-packages/airflow/example_dags/example_local_kubernetes_executor.py for tasks to queue
[2026-02-13T22:21:59.383+0000] {logging_mixin.py:137} INFO - [2026-02-13T22:21:59.383+0000] {dagbag.py:538} INFO - Filling up the DagBag from /home/airflow/.local/lib/python3.7/site-packages/airflow/example_dags/example_local_kubernetes_executor.py
[2026-02-13T22:21:59.394+0000] {processor.py:753} INFO - DAG(s) dict_keys(['example_local_kubernetes_executor']) retrieved from /home/airflow/.local/lib/python3.7/site-packages/airflow/example_dags/example_local_kubernetes_executor.py
[2026-02-13T22:21:59.407+0000] {logging_mixin.py:137} INFO - [2026-02-13T22:21:59.407+0000] {dag.py:2690} INFO - Sync 1 DAGs
[2026-02-13T22:21:59.419+0000] {logging_mixin.py:137} INFO - [2026-02-13T22:21:59.419+0000] {dag.py:3441} INFO - Setting next_dagrun for example_local_kubernetes_executor to None, run_after=None
[2026-02-13T22:21:59.429+0000] {processor.py:175} INFO - Processing /home/airflow/.local/lib/python3.7/site-packages/airflow/example_dags/example_local_kubernetes_executor.py took 0.050 seconds
[2026-02-13T22:22:29.990+0000] {processor.py:153} INFO - Started process (PID=358) to work on /home/airflow/.local/lib/python3.7/site-packages/airflow/example_dags/example_local_kubernetes_executor.py
[2026-02-13T22:22:29.990+0000] {processor.py:743} INFO - Processing file /home/airflow/.local/lib/python3.7/site-packages/airflow/example_dags/example_local_kubernetes_executor.py for tasks to queue
[2026-02-13T22:22:29.993+0000] {logging_mixin.py:137} INFO - [2026-02-13T22:22:29.993+0000] {dagbag.py:538} INFO - Filling up the DagBag from /home/airflow/.local/lib/python3.7/site-packages/airflow/example_dags/example_local_kubernetes_executor.py
[2026-02-13T22:22:30.002+0000] {processor.py:753} INFO - DAG(s) dict_keys(['example_local_kubernetes_executor']) retrieved from /home/airflow/.local/lib/python3.7/site-packages/airflow/example_dags/example_local_kubernetes_executor.py
[2026-02-13T22:22:30.021+0000] {logging_mixin.py:137} INFO - [2026-02-13T22:22:30.021+0000] {dag.py:2690} INFO - Sync 1 DAGs
[2026-02-13T22:22:30.034+0000] {logging_mixin.py:137} INFO - [2026-02-13T22:22:30.034+0000] {dag.py:3441} INFO - Setting next_dagrun for example_local_kubernetes_executor to None, run_after=None
[2026-02-13T22:22:30.042+0000] {processor.py:175} INFO - Processing /home/airflow/.local/lib/python3.7/site-packages/airflow/example_dags/example_local_kubernetes_executor.py took 0.054 seconds
[2026-02-13T22:23:00.701+0000] {processor.py:153} INFO - Started process (PID=447) to work on /home/airflow/.local/lib/python3.7/site-packages/airflow/example_dags/example_local_kubernetes_executor.py
[2026-02-13T22:23:00.702+0000] {processor.py:743} INFO - Processing file /home/airflow/.local/lib/python3.7/site-packages/airflow/example_dags/example_local_kubernetes_executor.py for tasks to queue
[2026-02-13T22:23:00.702+0000] {logging_mixin.py:137} INFO - [2026-02-13T22:23:00.702+0000] {dagbag.py:538} INFO - Filling up the DagBag from /home/airflow/.local/lib/python3.7/site-packages/airflow/example_dags/example_local_kubernetes_executor.py
[2026-02-13T22:23:00.712+0000] {processor.py:753} INFO - DAG(s) dict_keys(['example_local_kubernetes_executor']) retrieved from /home/airflow/.local/lib/python3.7/site-packages/airflow/example_dags/example_local_kubernetes_executor.py
[2026-02-13T22:23:00.724+0000] {logging_mixin.py:137} INFO - [2026-02-13T22:23:00.724+0000] {dag.py:2690} INFO - Sync 1 DAGs
[2026-02-13T22:23:00.733+0000] {logging_mixin.py:137} INFO - [2026-02-13T22:23:00.733+0000] {dag.py:3441} INFO - Setting next_dagrun for example_local_kubernetes_executor to None, run_after=None
[2026-02-13T22:23:00.740+0000] {processor.py:175} INFO - Processing /home/airflow/.local/lib/python3.7/site-packages/airflow/example_dags/example_local_kubernetes_executor.py took 0.041 seconds
[2026-02-13T22:23:31.366+0000] {processor.py:153} INFO - Started process (PID=520) to work on /home/airflow/.local/lib/python3.7/site-packages/airflow/example_dags/example_local_kubernetes_executor.py
[2026-02-13T22:23:31.368+0000] {processor.py:743} INFO - Processing file /home/airflow/.local/lib/python3.7/site-packages/airflow/example_dags/example_local_kubernetes_executor.py for tasks to queue
[2026-02-13T22:23:31.369+0000] {logging_mixin.py:137} INFO - [2026-02-13T22:23:31.369+0000] {dagbag.py:538} INFO - Filling up the DagBag from /home/airflow/.local/lib/python3.7/site-packages/airflow/example_dags/example_local_kubernetes_executor.py
[2026-02-13T22:23:31.380+0000] {processor.py:753} INFO - DAG(s) dict_keys(['example_local_kubernetes_executor']) retrieved from /home/airflow/.local/lib/python3.7/site-packages/airflow/example_dags/example_local_kubernetes_executor.py
[2026-02-13T22:23:31.396+0000] {logging_mixin.py:137} INFO - [2026-02-13T22:23:31.396+0000] {dag.py:2690} INFO - Sync 1 DAGs
[2026-02-13T22:23:31.408+0000] {logging_mixin.py:137} INFO - [2026-02-13T22:23:31.408+0000] {dag.py:3441} INFO - Setting next_dagrun for example_local_kubernetes_executor to None, run_after=None
[2026-02-13T22:23:31.422+0000] {processor.py:175} INFO - Processing /home/airflow/.local/lib/python3.7/site-packages/airflow/example_dags/example_local_kubernetes_executor.py took 0.057 seconds
[2026-02-13T22:24:02.049+0000] {processor.py:153} INFO - Started process (PID=608) to work on /home/airflow/.local/lib/python3.7/site-packages/airflow/example_dags/example_local_kubernetes_executor.py
[2026-02-13T22:24:02.050+0000] {processor.py:743} INFO - Processing file /home/airflow/.local/lib/python3.7/site-packages/airflow/example_dags/example_local_kubernetes_executor.py for tasks to queue
[2026-02-13T22:24:02.050+0000] {logging_mixin.py:137} INFO - [2026-02-13T22:24:02.050+0000] {dagbag.py:538} INFO - Filling up the DagBag from /home/airflow/.local/lib/python3.7/site-packages/airflow/example_dags/example_local_kubernetes_executor.py
[2026-02-13T22:24:02.059+0000] {processor.py:753} INFO - DAG(s) dict_keys(['example_local_kubernetes_executor']) retrieved from /home/airflow/.local/lib/python3.7/site-packages/airflow/example_dags/example_local_kubernetes_executor.py
[2026-02-13T22:24:02.069+0000] {logging_mixin.py:137} INFO - [2026-02-13T22:24:02.069+0000] {dag.py:2690} INFO - Sync 1 DAGs
[2026-02-13T22:24:02.078+0000] {logging_mixin.py:137} INFO - [2026-02-13T22:24:02.078+0000] {dag.py:3441} INFO - Setting next_dagrun for example_local_kubernetes_executor to None, run_after=None
[2026-02-13T22:24:02.084+0000] {processor.py:175} INFO - Processing /home/airflow/.local/lib/python3.7/site-packages/airflow/example_dags/example_local_kubernetes_executor.py took 0.035 seconds
[2026-02-13T22:24:32.822+0000] {processor.py:153} INFO - Started process (PID=697) to work on /home/airflow/.local/lib/python3.7/site-packages/airflow/example_dags/example_local_kubernetes_executor.py
[2026-02-13T22:24:32.824+0000] {processor.py:743} INFO - Processing file /home/airflow/.local/lib/python3.7/site-packages/airflow/example_dags/example_local_kubernetes_executor.py for tasks to queue
[2026-02-13T22:24:32.826+0000] {logging_mixin.py:137} INFO - [2026-02-13T22:24:32.826+0000] {dagbag.py:538} INFO - Filling up the DagBag from /home/airflow/.local/lib/python3.7/site-packages/airflow/example_dags/example_local_kubernetes_executor.py
[2026-02-13T22:24:32.837+0000] {processor.py:753} INFO - DAG(s) dict_keys(['example_local_kubernetes_executor']) retrieved from /home/airflow/.local/lib/python3.7/site-packages/airflow/example_dags/example_local_kubernetes_executor.py
[2026-02-13T22:24:32.851+0000] {logging_mixin.py:137} INFO - [2026-02-13T22:24:32.851+0000] {dag.py:2690} INFO - Sync 1 DAGs
[2026-02-13T22:24:32.865+0000] {logging_mixin.py:137} INFO - [2026-02-13T22:24:32.865+0000] {dag.py:3441} INFO - Setting next_dagrun for example_local_kubernetes_executor to None, run_after=None
[2026-02-13T22:24:32.877+0000] {processor.py:175} INFO - Processing /home/airflow/.local/lib/python3.7/site-packages/airflow/example_dags/example_local_kubernetes_executor.py took 0.056 seconds
[2026-02-13T22:25:03.447+0000] {processor.py:153} INFO - Started process (PID=786) to work on /home/airflow/.local/lib/python3.7/site-packages/airflow/example_dags/example_local_kubernetes_executor.py
[2026-02-13T22:25:03.447+0000] {processor.py:743} INFO - Processing file /home/airflow/.local/lib/python3.7/site-packages/airflow/example_dags/example_local_kubernetes_executor.py for tasks to queue
[2026-02-13T22:25:03.447+0000] {logging_mixin.py:137} INFO - [2026-02-13T22:25:03.447+0000] {dagbag.py:538} INFO - Filling up the DagBag from /home/airflow/.local/lib/python3.7/site-packages/airflow/example_dags/example_local_kubernetes_executor.py
[2026-02-13T22:25:03.458+0000] {processor.py:753} INFO - DAG(s) dict_keys(['example_local_kubernetes_executor']) retrieved from /home/airflow/.local/lib/python3.7/site-packages/airflow/example_dags/example_local_kubernetes_executor.py
[2026-02-13T22:25:03.472+0000] {logging_mixin.py:137} INFO - [2026-02-13T22:25:03.472+0000] {dag.py:2690} INFO - Sync 1 DAGs
[2026-02-13T22:25:03.484+0000] {logging_mixin.py:137} INFO - [2026-02-13T22:25:03.484+0000] {dag.py:3441} INFO - Setting next_dagrun for example_local_kubernetes_executor to None, run_after=None
[2026-02-13T22:25:03.493+0000] {processor.py:175} INFO - Processing /home/airflow/.local/lib/python3.7/site-packages/airflow/example_dags/example_local_kubernetes_executor.py took 0.048 seconds
[2026-02-13T22:25:34.141+0000] {processor.py:153} INFO - Started process (PID=875) to work on /home/airflow/.local/lib/python3.7/site-packages/airflow/example_dags/example_local_kubernetes_executor.py
[2026-02-13T22:25:34.142+0000] {processor.py:743} INFO - Processing file /home/airflow/.local/lib/python3.7/site-packages/airflow/example_dags/example_local_kubernetes_executor.py for tasks to queue
[2026-02-13T22:25:34.142+0000] {logging_mixin.py:137} INFO - [2026-02-13T22:25:34.142+0000] {dagbag.py:538} INFO - Filling up the DagBag from /home/airflow/.local/lib/python3.7/site-packages/airflow/example_dags/example_local_kubernetes_executor.py
[2026-02-13T22:25:34.152+0000] {processor.py:753} INFO - DAG(s) dict_keys(['example_local_kubernetes_executor']) retrieved from /home/airflow/.local/lib/python3.7/site-packages/airflow/example_dags/example_local_kubernetes_executor.py
[2026-02-13T22:25:34.167+0000] {logging_mixin.py:137} INFO - [2026-02-13T22:25:34.167+0000] {dag.py:2690} INFO - Sync 1 DAGs
[2026-02-13T22:25:34.176+0000] {logging_mixin.py:137} INFO - [2026-02-13T22:25:34.176+0000] {dag.py:3441} INFO - Setting next_dagrun for example_local_kubernetes_executor to None, run_after=None
[2026-02-13T22:25:34.190+0000] {processor.py:175} INFO - Processing /home/airflow/.local/lib/python3.7/site-packages/airflow/example_dags/example_local_kubernetes_executor.py took 0.050 seconds
[2026-02-13T22:26:04.726+0000] {processor.py:153} INFO - Started process (PID=948) to work on /home/airflow/.local/lib/python3.7/site-packages/airflow/example_dags/example_local_kubernetes_executor.py
[2026-02-13T22:26:04.728+0000] {processor.py:743} INFO - Processing file /home/airflow/.local/lib/python3.7/site-packages/airflow/example_dags/example_local_kubernetes_executor.py for tasks to queue
[2026-02-13T22:26:04.728+0000] {logging_mixin.py:137} INFO - [2026-02-13T22:26:04.728+0000] {dagbag.py:538} INFO - Filling up the DagBag from /home/airflow/.local/lib/python3.7/site-packages/airflow/example_dags/example_local_kubernetes_executor.py
[2026-02-13T22:26:04.740+0000] {processor.py:753} INFO - DAG(s) dict_keys(['example_local_kubernetes_executor']) retrieved from /home/airflow/.local/lib/python3.7/site-packages/airflow/example_dags/example_local_kubernetes_executor.py
[2026-02-13T22:26:04.757+0000] {logging_mixin.py:137} INFO - [2026-02-13T22:26:04.757+0000] {dag.py:2690} INFO - Sync 1 DAGs
[2026-02-13T22:26:04.773+0000] {logging_mixin.py:137} INFO - [2026-02-13T22:26:04.773+0000] {dag.py:3441} INFO - Setting next_dagrun for example_local_kubernetes_executor to None, run_after=None
[2026-02-13T22:26:04.785+0000] {processor.py:175} INFO - Processing /home/airflow/.local/lib/python3.7/site-packages/airflow/example_dags/example_local_kubernetes_executor.py took 0.060 seconds
[2026-02-13T22:26:35.315+0000] {processor.py:153} INFO - Started process (PID=1037) to work on /home/airflow/.local/lib/python3.7/site-packages/airflow/example_dags/example_local_kubernetes_executor.py
[2026-02-13T22:26:35.316+0000] {processor.py:743} INFO - Processing file /home/airflow/.local/lib/python3.7/site-packages/airflow/example_dags/example_local_kubernetes_executor.py for tasks to queue
[2026-02-13T22:26:35.317+0000] {logging_mixin.py:137} INFO - [2026-02-13T22:26:35.316+0000] {dagbag.py:538} INFO - Filling up the DagBag from /home/airflow/.local/lib/python3.7/site-packages/airflow/example_dags/example_local_kubernetes_executor.py
[2026-02-13T22:26:35.328+0000] {processor.py:753} INFO - DAG(s) dict_keys(['example_local_kubernetes_executor']) retrieved from /home/airflow/.local/lib/python3.7/site-packages/airflow/example_dags/example_local_kubernetes_executor.py
[2026-02-13T22:26:35.347+0000] {logging_mixin.py:137} INFO - [2026-02-13T22:26:35.347+0000] {dag.py:2690} INFO - Sync 1 DAGs
[2026-02-13T22:26:35.361+0000] {logging_mixin.py:137} INFO - [2026-02-13T22:26:35.361+0000] {dag.py:3441} INFO - Setting next_dagrun for example_local_kubernetes_executor to None, run_after=None
[2026-02-13T22:26:35.372+0000] {processor.py:175} INFO - Processing /home/airflow/.local/lib/python3.7/site-packages/airflow/example_dags/example_local_kubernetes_executor.py took 0.060 seconds
[2026-02-13T22:27:06.076+0000] {processor.py:153} INFO - Started process (PID=1126) to work on /home/airflow/.local/lib/python3.7/site-packages/airflow/example_dags/example_local_kubernetes_executor.py
[2026-02-13T22:27:06.077+0000] {processor.py:743} INFO - Processing file /home/airflow/.local/lib/python3.7/site-packages/airflow/example_dags/example_local_kubernetes_executor.py for tasks to queue
[2026-02-13T22:27:06.077+0000] {logging_mixin.py:137} INFO - [2026-02-13T22:27:06.077+0000] {dagbag.py:538} INFO - Filling up the DagBag from /home/airflow/.local/lib/python3.7/site-packages/airflow/example_dags/example_local_kubernetes_executor.py
[2026-02-13T22:27:06.088+0000] {processor.py:753} INFO - DAG(s) dict_keys(['example_local_kubernetes_executor']) retrieved from /home/airflow/.local/lib/python3.7/site-packages/airflow/example_dags/example_local_kubernetes_executor.py
[2026-02-13T22:27:06.103+0000] {logging_mixin.py:137} INFO - [2026-02-13T22:27:06.100+0000] {dag.py:2690} INFO - Sync 1 DAGs
[2026-02-13T22:27:06.113+0000] {logging_mixin.py:137} INFO - [2026-02-13T22:27:06.113+0000] {dag.py:3441} INFO - Setting next_dagrun for example_local_kubernetes_executor to None, run_after=None
[2026-02-13T22:27:06.125+0000] {processor.py:175} INFO - Processing /home/airflow/.local/lib/python3.7/site-packages/airflow/example_dags/example_local_kubernetes_executor.py took 0.051 seconds
[2026-02-13T22:27:36.709+0000] {processor.py:153} INFO - Started process (PID=1215) to work on /home/airflow/.local/lib/python3.7/site-packages/airflow/example_dags/example_local_kubernetes_executor.py
[2026-02-13T22:27:36.710+0000] {processor.py:743} INFO - Processing file /home/airflow/.local/lib/python3.7/site-packages/airflow/example_dags/example_local_kubernetes_executor.py for tasks to queue
[2026-02-13T22:27:36.710+0000] {logging_mixin.py:137} INFO - [2026-02-13T22:27:36.710+0000] {dagbag.py:538} INFO - Filling up the DagBag from /home/airflow/.local/lib/python3.7/site-packages/airflow/example_dags/example_local_kubernetes_executor.py
[2026-02-13T22:27:36.721+0000] {processor.py:753} INFO - DAG(s) dict_keys(['example_local_kubernetes_executor']) retrieved from /home/airflow/.local/lib/python3.7/site-packages/airflow/example_dags/example_local_kubernetes_executor.py
[2026-02-13T22:27:36.737+0000] {logging_mixin.py:137} INFO - [2026-02-13T22:27:36.737+0000] {dag.py:2690} INFO - Sync 1 DAGs
[2026-02-13T22:27:36.751+0000] {logging_mixin.py:137} INFO - [2026-02-13T22:27:36.751+0000] {dag.py:3441} INFO - Setting next_dagrun for example_local_kubernetes_executor to None, run_after=None
[2026-02-13T22:27:36.763+0000] {processor.py:175} INFO - Processing /home/airflow/.local/lib/python3.7/site-packages/airflow/example_dags/example_local_kubernetes_executor.py took 0.055 seconds
[2026-02-13T22:28:07.480+0000] {processor.py:153} INFO - Started process (PID=1288) to work on /home/airflow/.local/lib/python3.7/site-packages/airflow/example_dags/example_local_kubernetes_executor.py
[2026-02-13T22:28:07.481+0000] {processor.py:743} INFO - Processing file /home/airflow/.local/lib/python3.7/site-packages/airflow/example_dags/example_local_kubernetes_executor.py for tasks to queue
[2026-02-13T22:28:07.481+0000] {logging_mixin.py:137} INFO - [2026-02-13T22:28:07.481+0000] {dagbag.py:538} INFO - Filling up the DagBag from /home/airflow/.local/lib/python3.7/site-packages/airflow/example_dags/example_local_kubernetes_executor.py
[2026-02-13T22:28:07.491+0000] {processor.py:753} INFO - DAG(s) dict_keys(['example_local_kubernetes_executor']) retrieved from /home/airflow/.local/lib/python3.7/site-packages/airflow/example_dags/example_local_kubernetes_executor.py
[2026-02-13T22:28:07.506+0000] {logging_mixin.py:137} INFO - [2026-02-13T22:28:07.505+0000] {dag.py:2690} INFO - Sync 1 DAGs
[2026-02-13T22:28:07.518+0000] {logging_mixin.py:137} INFO - [2026-02-13T22:28:07.518+0000] {dag.py:3441} INFO - Setting next_dagrun for example_local_kubernetes_executor to None, run_after=None
[2026-02-13T22:28:07.524+0000] {processor.py:175} INFO - Processing /home/airflow/.local/lib/python3.7/site-packages/airflow/example_dags/example_local_kubernetes_executor.py took 0.046 seconds
[2026-02-13T22:28:38.062+0000] {processor.py:153} INFO - Started process (PID=1377) to work on /home/airflow/.local/lib/python3.7/site-packages/airflow/example_dags/example_local_kubernetes_executor.py
[2026-02-13T22:28:38.063+0000] {processor.py:743} INFO - Processing file /home/airflow/.local/lib/python3.7/site-packages/airflow/example_dags/example_local_kubernetes_executor.py for tasks to queue
[2026-02-13T22:28:38.063+0000] {logging_mixin.py:137} INFO - [2026-02-13T22:28:38.063+0000] {dagbag.py:538} INFO - Filling up the DagBag from /home/airflow/.local/lib/python3.7/site-packages/airflow/example_dags/example_local_kubernetes_executor.py
[2026-02-13T22:28:38.074+0000] {processor.py:753} INFO - DAG(s) dict_keys(['example_local_kubernetes_executor']) retrieved from /home/airflow/.local/lib/python3.7/site-packages/airflow/example_dags/example_local_kubernetes_executor.py
[2026-02-13T22:28:38.088+0000] {logging_mixin.py:137} INFO - [2026-02-13T22:28:38.088+0000] {dag.py:2690} INFO - Sync 1 DAGs
[2026-02-13T22:28:38.100+0000] {logging_mixin.py:137} INFO - [2026-02-13T22:28:38.100+0000] {dag.py:3441} INFO - Setting next_dagrun for example_local_kubernetes_executor to None, run_after=None
[2026-02-13T22:28:38.107+0000] {processor.py:175} INFO - Processing /home/airflow/.local/lib/python3.7/site-packages/airflow/example_dags/example_local_kubernetes_executor.py took 0.047 seconds
[2026-02-13T22:29:08.731+0000] {processor.py:153} INFO - Started process (PID=1466) to work on /home/airflow/.local/lib/python3.7/site-packages/airflow/example_dags/example_local_kubernetes_executor.py
[2026-02-13T22:29:08.732+0000] {processor.py:743} INFO - Processing file /home/airflow/.local/lib/python3.7/site-packages/airflow/example_dags/example_local_kubernetes_executor.py for tasks to queue
[2026-02-13T22:29:08.732+0000] {logging_mixin.py:137} INFO - [2026-02-13T22:29:08.732+0000] {dagbag.py:538} INFO - Filling up the DagBag from /home/airflow/.local/lib/python3.7/site-packages/airflow/example_dags/example_local_kubernetes_executor.py
[2026-02-13T22:29:08.742+0000] {processor.py:753} INFO - DAG(s) dict_keys(['example_local_kubernetes_executor']) retrieved from /home/airflow/.local/lib/python3.7/site-packages/airflow/example_dags/example_local_kubernetes_executor.py
[2026-02-13T22:29:08.759+0000] {logging_mixin.py:137} INFO - [2026-02-13T22:29:08.759+0000] {dag.py:2690} INFO - Sync 1 DAGs
[2026-02-13T22:29:08.769+0000] {logging_mixin.py:137} INFO - [2026-02-13T22:29:08.769+0000] {dag.py:3441} INFO - Setting next_dagrun for example_local_kubernetes_executor to None, run_after=None
[2026-02-13T22:29:08.785+0000] {processor.py:175} INFO - Processing /home/airflow/.local/lib/python3.7/site-packages/airflow/example_dags/example_local_kubernetes_executor.py took 0.056 seconds
[2026-02-13T22:29:39.315+0000] {processor.py:153} INFO - Started process (PID=1555) to work on /home/airflow/.local/lib/python3.7/site-packages/airflow/example_dags/example_local_kubernetes_executor.py
[2026-02-13T22:29:39.317+0000] {processor.py:743} INFO - Processing file /home/airflow/.local/lib/python3.7/site-packages/airflow/example_dags/example_local_kubernetes_executor.py for tasks to queue
[2026-02-13T22:29:39.320+0000] {logging_mixin.py:137} INFO - [2026-02-13T22:29:39.320+0000] {dagbag.py:538} INFO - Filling up the DagBag from /home/airflow/.local/lib/python3.7/site-packages/airflow/example_dags/example_local_kubernetes_executor.py
[2026-02-13T22:29:39.331+0000] {processor.py:753} INFO - DAG(s) dict_keys(['example_local_kubernetes_executor']) retrieved from /home/airflow/.local/lib/python3.7/site-packages/airflow/example_dags/example_local_kubernetes_executor.py
[2026-02-13T22:29:39.342+0000] {logging_mixin.py:137} INFO - [2026-02-13T22:29:39.342+0000] {dag.py:2690} INFO - Sync 1 DAGs
[2026-02-13T22:29:39.357+0000] {logging_mixin.py:137} INFO - [2026-02-13T22:29:39.357+0000] {dag.py:3441} INFO - Setting next_dagrun for example_local_kubernetes_executor to None, run_after=None
[2026-02-13T22:29:39.364+0000] {processor.py:175} INFO - Processing /home/airflow/.local/lib/python3.7/site-packages/airflow/example_dags/example_local_kubernetes_executor.py took 0.051 seconds
[2026-02-13T22:30:10.045+0000] {processor.py:153} INFO - Started process (PID=1637) to work on /home/airflow/.local/lib/python3.7/site-packages/airflow/example_dags/example_local_kubernetes_executor.py
[2026-02-13T22:30:10.046+0000] {processor.py:743} INFO - Processing file /home/airflow/.local/lib/python3.7/site-packages/airflow/example_dags/example_local_kubernetes_executor.py for tasks to queue
[2026-02-13T22:30:10.047+0000] {logging_mixin.py:137} INFO - [2026-02-13T22:30:10.047+0000] {dagbag.py:538} INFO - Filling up the DagBag from /home/airflow/.local/lib/python3.7/site-packages/airflow/example_dags/example_local_kubernetes_executor.py
[2026-02-13T22:30:10.059+0000] {processor.py:753} INFO - DAG(s) dict_keys(['example_local_kubernetes_executor']) retrieved from /home/airflow/.local/lib/python3.7/site-packages/airflow/example_dags/example_local_kubernetes_executor.py
[2026-02-13T22:30:10.077+0000] {logging_mixin.py:137} INFO - [2026-02-13T22:30:10.077+0000] {dag.py:2690} INFO - Sync 1 DAGs
[2026-02-13T22:30:10.095+0000] {logging_mixin.py:137} INFO - [2026-02-13T22:30:10.095+0000] {dag.py:3441} INFO - Setting next_dagrun for example_local_kubernetes_executor to None, run_after=None
[2026-02-13T22:30:10.107+0000] {processor.py:175} INFO - Processing /home/airflow/.local/lib/python3.7/site-packages/airflow/example_dags/example_local_kubernetes_executor.py took 0.063 seconds
[2026-02-13T22:30:40.792+0000] {processor.py:153} INFO - Started process (PID=1717) to work on /home/airflow/.local/lib/python3.7/site-packages/airflow/example_dags/example_local_kubernetes_executor.py
[2026-02-13T22:30:40.793+0000] {processor.py:743} INFO - Processing file /home/airflow/.local/lib/python3.7/site-packages/airflow/example_dags/example_local_kubernetes_executor.py for tasks to queue
[2026-02-13T22:30:40.793+0000] {logging_mixin.py:137} INFO - [2026-02-13T22:30:40.793+0000] {dagbag.py:538} INFO - Filling up the DagBag from /home/airflow/.local/lib/python3.7/site-packages/airflow/example_dags/example_local_kubernetes_executor.py
[2026-02-13T22:30:40.802+0000] {processor.py:753} INFO - DAG(s) dict_keys(['example_local_kubernetes_executor']) retrieved from /home/airflow/.local/lib/python3.7/site-packages/airflow/example_dags/example_local_kubernetes_executor.py
[2026-02-13T22:30:40.814+0000] {logging_mixin.py:137} INFO - [2026-02-13T22:30:40.814+0000] {dag.py:2690} INFO - Sync 1 DAGs
[2026-02-13T22:30:40.826+0000] {logging_mixin.py:137} INFO - [2026-02-13T22:30:40.826+0000] {dag.py:3441} INFO - Setting next_dagrun for example_local_kubernetes_executor to None, run_after=None
[2026-02-13T22:30:40.832+0000] {processor.py:175} INFO - Processing /home/airflow/.local/lib/python3.7/site-packages/airflow/example_dags/example_local_kubernetes_executor.py took 0.041 seconds
[2026-02-13T22:31:11.330+0000] {processor.py:153} INFO - Started process (PID=1806) to work on /home/airflow/.local/lib/python3.7/site-packages/airflow/example_dags/example_local_kubernetes_executor.py
[2026-02-13T22:31:11.331+0000] {processor.py:743} INFO - Processing file /home/airflow/.local/lib/python3.7/site-packages/airflow/example_dags/example_local_kubernetes_executor.py for tasks to queue
[2026-02-13T22:31:11.333+0000] {logging_mixin.py:137} INFO - [2026-02-13T22:31:11.333+0000] {dagbag.py:538} INFO - Filling up the DagBag from /home/airflow/.local/lib/python3.7/site-packages/airflow/example_dags/example_local_kubernetes_executor.py
[2026-02-13T22:31:11.343+0000] {processor.py:753} INFO - DAG(s) dict_keys(['example_local_kubernetes_executor']) retrieved from /home/airflow/.local/lib/python3.7/site-packages/airflow/example_dags/example_local_kubernetes_executor.py
[2026-02-13T22:31:11.355+0000] {logging_mixin.py:137} INFO - [2026-02-13T22:31:11.354+0000] {dag.py:2690} INFO - Sync 1 DAGs
[2026-02-13T22:31:11.364+0000] {logging_mixin.py:137} INFO - [2026-02-13T22:31:11.364+0000] {dag.py:3441} INFO - Setting next_dagrun for example_local_kubernetes_executor to None, run_after=None
[2026-02-13T22:31:11.371+0000] {processor.py:175} INFO - Processing /home/airflow/.local/lib/python3.7/site-packages/airflow/example_dags/example_local_kubernetes_executor.py took 0.043 seconds
[2026-02-13T22:31:42.115+0000] {processor.py:153} INFO - Started process (PID=1895) to work on /home/airflow/.local/lib/python3.7/site-packages/airflow/example_dags/example_local_kubernetes_executor.py
[2026-02-13T22:31:42.116+0000] {processor.py:743} INFO - Processing file /home/airflow/.local/lib/python3.7/site-packages/airflow/example_dags/example_local_kubernetes_executor.py for tasks to queue
[2026-02-13T22:31:42.117+0000] {logging_mixin.py:137} INFO - [2026-02-13T22:31:42.117+0000] {dagbag.py:538} INFO - Filling up the DagBag from /home/airflow/.local/lib/python3.7/site-packages/airflow/example_dags/example_local_kubernetes_executor.py
[2026-02-13T22:31:42.133+0000] {processor.py:753} INFO - DAG(s) dict_keys(['example_local_kubernetes_executor']) retrieved from /home/airflow/.local/lib/python3.7/site-packages/airflow/example_dags/example_local_kubernetes_executor.py
[2026-02-13T22:31:42.147+0000] {logging_mixin.py:137} INFO - [2026-02-13T22:31:42.147+0000] {dag.py:2690} INFO - Sync 1 DAGs
[2026-02-13T22:31:42.158+0000] {logging_mixin.py:137} INFO - [2026-02-13T22:31:42.158+0000] {dag.py:3441} INFO - Setting next_dagrun for example_local_kubernetes_executor to None, run_after=None
[2026-02-13T22:31:42.171+0000] {processor.py:175} INFO - Processing /home/airflow/.local/lib/python3.7/site-packages/airflow/example_dags/example_local_kubernetes_executor.py took 0.057 seconds
[2026-02-13T22:32:13.229+0000] {processor.py:153} INFO - Started process (PID=1983) to work on /home/airflow/.local/lib/python3.7/site-packages/airflow/example_dags/example_local_kubernetes_executor.py
[2026-02-13T22:32:13.231+0000] {processor.py:743} INFO - Processing file /home/airflow/.local/lib/python3.7/site-packages/airflow/example_dags/example_local_kubernetes_executor.py for tasks to queue
[2026-02-13T22:32:13.232+0000] {logging_mixin.py:137} INFO - [2026-02-13T22:32:13.232+0000] {dagbag.py:538} INFO - Filling up the DagBag from /home/airflow/.local/lib/python3.7/site-packages/airflow/example_dags/example_local_kubernetes_executor.py
[2026-02-13T22:32:13.246+0000] {processor.py:753} INFO - DAG(s) dict_keys(['example_local_kubernetes_executor']) retrieved from /home/airflow/.local/lib/python3.7/site-packages/airflow/example_dags/example_local_kubernetes_executor.py
[2026-02-13T22:32:13.276+0000] {logging_mixin.py:137} INFO - [2026-02-13T22:32:13.276+0000] {dag.py:2690} INFO - Sync 1 DAGs
[2026-02-13T22:32:13.294+0000] {logging_mixin.py:137} INFO - [2026-02-13T22:32:13.294+0000] {dag.py:3441} INFO - Setting next_dagrun for example_local_kubernetes_executor to None, run_after=None
[2026-02-13T22:32:13.315+0000] {processor.py:175} INFO - Processing /home/airflow/.local/lib/python3.7/site-packages/airflow/example_dags/example_local_kubernetes_executor.py took 0.090 seconds
[2026-02-13T22:32:43.348+0000] {processor.py:153} INFO - Started process (PID=2056) to work on /home/airflow/.local/lib/python3.7/site-packages/airflow/example_dags/example_local_kubernetes_executor.py
[2026-02-13T22:32:43.349+0000] {processor.py:743} INFO - Processing file /home/airflow/.local/lib/python3.7/site-packages/airflow/example_dags/example_local_kubernetes_executor.py for tasks to queue
[2026-02-13T22:32:43.349+0000] {logging_mixin.py:137} INFO - [2026-02-13T22:32:43.349+0000] {dagbag.py:538} INFO - Filling up the DagBag from /home/airflow/.local/lib/python3.7/site-packages/airflow/example_dags/example_local_kubernetes_executor.py
[2026-02-13T22:32:43.358+0000] {processor.py:753} INFO - DAG(s) dict_keys(['example_local_kubernetes_executor']) retrieved from /home/airflow/.local/lib/python3.7/site-packages/airflow/example_dags/example_local_kubernetes_executor.py
[2026-02-13T22:32:43.368+0000] {logging_mixin.py:137} INFO - [2026-02-13T22:32:43.368+0000] {dag.py:2690} INFO - Sync 1 DAGs
[2026-02-13T22:32:43.377+0000] {logging_mixin.py:137} INFO - [2026-02-13T22:32:43.377+0000] {dag.py:3441} INFO - Setting next_dagrun for example_local_kubernetes_executor to None, run_after=None
[2026-02-13T22:32:43.384+0000] {processor.py:175} INFO - Processing /home/airflow/.local/lib/python3.7/site-packages/airflow/example_dags/example_local_kubernetes_executor.py took 0.038 seconds
[2026-02-13T22:34:04.856+0000] {processor.py:153} INFO - Started process (PID=107) to work on /home/airflow/.local/lib/python3.7/site-packages/airflow/example_dags/example_local_kubernetes_executor.py
[2026-02-13T22:34:04.856+0000] {processor.py:743} INFO - Processing file /home/airflow/.local/lib/python3.7/site-packages/airflow/example_dags/example_local_kubernetes_executor.py for tasks to queue
[2026-02-13T22:34:04.857+0000] {logging_mixin.py:137} INFO - [2026-02-13T22:34:04.857+0000] {dagbag.py:538} INFO - Filling up the DagBag from /home/airflow/.local/lib/python3.7/site-packages/airflow/example_dags/example_local_kubernetes_executor.py
[2026-02-13T22:34:04.871+0000] {processor.py:753} INFO - DAG(s) dict_keys(['example_local_kubernetes_executor']) retrieved from /home/airflow/.local/lib/python3.7/site-packages/airflow/example_dags/example_local_kubernetes_executor.py
[2026-02-13T22:34:04.889+0000] {logging_mixin.py:137} INFO - [2026-02-13T22:34:04.889+0000] {dag.py:2690} INFO - Sync 1 DAGs
[2026-02-13T22:34:04.904+0000] {logging_mixin.py:137} INFO - [2026-02-13T22:34:04.904+0000] {dag.py:3441} INFO - Setting next_dagrun for example_local_kubernetes_executor to None, run_after=None
[2026-02-13T22:34:04.915+0000] {processor.py:175} INFO - Processing /home/airflow/.local/lib/python3.7/site-packages/airflow/example_dags/example_local_kubernetes_executor.py took 0.061 seconds
[2026-02-13T22:34:35.747+0000] {processor.py:153} INFO - Started process (PID=198) to work on /home/airflow/.local/lib/python3.7/site-packages/airflow/example_dags/example_local_kubernetes_executor.py
[2026-02-13T22:34:35.748+0000] {processor.py:743} INFO - Processing file /home/airflow/.local/lib/python3.7/site-packages/airflow/example_dags/example_local_kubernetes_executor.py for tasks to queue
[2026-02-13T22:34:35.748+0000] {logging_mixin.py:137} INFO - [2026-02-13T22:34:35.748+0000] {dagbag.py:538} INFO - Filling up the DagBag from /home/airflow/.local/lib/python3.7/site-packages/airflow/example_dags/example_local_kubernetes_executor.py
[2026-02-13T22:34:35.761+0000] {processor.py:753} INFO - DAG(s) dict_keys(['example_local_kubernetes_executor']) retrieved from /home/airflow/.local/lib/python3.7/site-packages/airflow/example_dags/example_local_kubernetes_executor.py
[2026-02-13T22:34:35.776+0000] {logging_mixin.py:137} INFO - [2026-02-13T22:34:35.776+0000] {dag.py:2690} INFO - Sync 1 DAGs
[2026-02-13T22:34:35.786+0000] {logging_mixin.py:137} INFO - [2026-02-13T22:34:35.786+0000] {dag.py:3441} INFO - Setting next_dagrun for example_local_kubernetes_executor to None, run_after=None
[2026-02-13T22:34:35.803+0000] {processor.py:175} INFO - Processing /home/airflow/.local/lib/python3.7/site-packages/airflow/example_dags/example_local_kubernetes_executor.py took 0.058 seconds
[2026-02-13T22:35:06.680+0000] {processor.py:153} INFO - Started process (PID=273) to work on /home/airflow/.local/lib/python3.7/site-packages/airflow/example_dags/example_local_kubernetes_executor.py
[2026-02-13T22:35:06.682+0000] {processor.py:743} INFO - Processing file /home/airflow/.local/lib/python3.7/site-packages/airflow/example_dags/example_local_kubernetes_executor.py for tasks to queue
[2026-02-13T22:35:06.684+0000] {logging_mixin.py:137} INFO - [2026-02-13T22:35:06.684+0000] {dagbag.py:538} INFO - Filling up the DagBag from /home/airflow/.local/lib/python3.7/site-packages/airflow/example_dags/example_local_kubernetes_executor.py
[2026-02-13T22:35:06.694+0000] {processor.py:753} INFO - DAG(s) dict_keys(['example_local_kubernetes_executor']) retrieved from /home/airflow/.local/lib/python3.7/site-packages/airflow/example_dags/example_local_kubernetes_executor.py
[2026-02-13T22:35:06.707+0000] {logging_mixin.py:137} INFO - [2026-02-13T22:35:06.707+0000] {dag.py:2690} INFO - Sync 1 DAGs
[2026-02-13T22:35:06.719+0000] {logging_mixin.py:137} INFO - [2026-02-13T22:35:06.719+0000] {dag.py:3441} INFO - Setting next_dagrun for example_local_kubernetes_executor to None, run_after=None
[2026-02-13T22:35:06.729+0000] {processor.py:175} INFO - Processing /home/airflow/.local/lib/python3.7/site-packages/airflow/example_dags/example_local_kubernetes_executor.py took 0.050 seconds
[2026-02-13T22:35:37.530+0000] {processor.py:153} INFO - Started process (PID=365) to work on /home/airflow/.local/lib/python3.7/site-packages/airflow/example_dags/example_local_kubernetes_executor.py
[2026-02-13T22:35:37.530+0000] {processor.py:743} INFO - Processing file /home/airflow/.local/lib/python3.7/site-packages/airflow/example_dags/example_local_kubernetes_executor.py for tasks to queue
[2026-02-13T22:35:37.531+0000] {logging_mixin.py:137} INFO - [2026-02-13T22:35:37.530+0000] {dagbag.py:538} INFO - Filling up the DagBag from /home/airflow/.local/lib/python3.7/site-packages/airflow/example_dags/example_local_kubernetes_executor.py
[2026-02-13T22:35:37.542+0000] {processor.py:753} INFO - DAG(s) dict_keys(['example_local_kubernetes_executor']) retrieved from /home/airflow/.local/lib/python3.7/site-packages/airflow/example_dags/example_local_kubernetes_executor.py
[2026-02-13T22:35:37.555+0000] {logging_mixin.py:137} INFO - [2026-02-13T22:35:37.554+0000] {dag.py:2690} INFO - Sync 1 DAGs
[2026-02-13T22:35:37.568+0000] {logging_mixin.py:137} INFO - [2026-02-13T22:35:37.568+0000] {dag.py:3441} INFO - Setting next_dagrun for example_local_kubernetes_executor to None, run_after=None
[2026-02-13T22:35:37.580+0000] {processor.py:175} INFO - Processing /home/airflow/.local/lib/python3.7/site-packages/airflow/example_dags/example_local_kubernetes_executor.py took 0.051 seconds
[2026-02-13T22:36:08.460+0000] {processor.py:153} INFO - Started process (PID=456) to work on /home/airflow/.local/lib/python3.7/site-packages/airflow/example_dags/example_local_kubernetes_executor.py
[2026-02-13T22:36:08.460+0000] {processor.py:743} INFO - Processing file /home/airflow/.local/lib/python3.7/site-packages/airflow/example_dags/example_local_kubernetes_executor.py for tasks to queue
[2026-02-13T22:36:08.461+0000] {logging_mixin.py:137} INFO - [2026-02-13T22:36:08.460+0000] {dagbag.py:538} INFO - Filling up the DagBag from /home/airflow/.local/lib/python3.7/site-packages/airflow/example_dags/example_local_kubernetes_executor.py
[2026-02-13T22:36:08.472+0000] {processor.py:753} INFO - DAG(s) dict_keys(['example_local_kubernetes_executor']) retrieved from /home/airflow/.local/lib/python3.7/site-packages/airflow/example_dags/example_local_kubernetes_executor.py
[2026-02-13T22:36:08.491+0000] {logging_mixin.py:137} INFO - [2026-02-13T22:36:08.491+0000] {dag.py:2690} INFO - Sync 1 DAGs
[2026-02-13T22:36:08.502+0000] {logging_mixin.py:137} INFO - [2026-02-13T22:36:08.502+0000] {dag.py:3441} INFO - Setting next_dagrun for example_local_kubernetes_executor to None, run_after=None
[2026-02-13T22:36:08.515+0000] {processor.py:175} INFO - Processing /home/airflow/.local/lib/python3.7/site-packages/airflow/example_dags/example_local_kubernetes_executor.py took 0.057 seconds
[2026-02-13T22:36:39.230+0000] {processor.py:153} INFO - Started process (PID=548) to work on /home/airflow/.local/lib/python3.7/site-packages/airflow/example_dags/example_local_kubernetes_executor.py
[2026-02-13T22:36:39.231+0000] {processor.py:743} INFO - Processing file /home/airflow/.local/lib/python3.7/site-packages/airflow/example_dags/example_local_kubernetes_executor.py for tasks to queue
[2026-02-13T22:36:39.232+0000] {logging_mixin.py:137} INFO - [2026-02-13T22:36:39.232+0000] {dagbag.py:538} INFO - Filling up the DagBag from /home/airflow/.local/lib/python3.7/site-packages/airflow/example_dags/example_local_kubernetes_executor.py
[2026-02-13T22:36:39.244+0000] {processor.py:753} INFO - DAG(s) dict_keys(['example_local_kubernetes_executor']) retrieved from /home/airflow/.local/lib/python3.7/site-packages/airflow/example_dags/example_local_kubernetes_executor.py
[2026-02-13T22:36:39.258+0000] {logging_mixin.py:137} INFO - [2026-02-13T22:36:39.258+0000] {dag.py:2690} INFO - Sync 1 DAGs
[2026-02-13T22:36:39.273+0000] {logging_mixin.py:137} INFO - [2026-02-13T22:36:39.273+0000] {dag.py:3441} INFO - Setting next_dagrun for example_local_kubernetes_executor to None, run_after=None
[2026-02-13T22:36:39.281+0000] {processor.py:175} INFO - Processing /home/airflow/.local/lib/python3.7/site-packages/airflow/example_dags/example_local_kubernetes_executor.py took 0.053 seconds
