[2026-02-13T21:49:31.402+0000] {processor.py:153} INFO - Started process (PID=47) to work on /home/airflow/.local/lib/python3.7/site-packages/airflow/example_dags/example_sensor_decorator.py
[2026-02-13T21:49:31.403+0000] {processor.py:743} INFO - Processing file /home/airflow/.local/lib/python3.7/site-packages/airflow/example_dags/example_sensor_decorator.py for tasks to queue
[2026-02-13T21:49:31.405+0000] {logging_mixin.py:137} INFO - [2026-02-13T21:49:31.405+0000] {dagbag.py:538} INFO - Filling up the DagBag from /home/airflow/.local/lib/python3.7/site-packages/airflow/example_dags/example_sensor_decorator.py
[2026-02-13T21:49:31.418+0000] {processor.py:753} INFO - DAG(s) dict_keys(['example_sensor_decorator']) retrieved from /home/airflow/.local/lib/python3.7/site-packages/airflow/example_dags/example_sensor_decorator.py
[2026-02-13T21:49:31.424+0000] {logging_mixin.py:137} INFO - [2026-02-13T21:49:31.424+0000] {dag.py:2690} INFO - Sync 1 DAGs
[2026-02-13T21:49:31.443+0000] {logging_mixin.py:137} INFO - [2026-02-13T21:49:31.443+0000] {dag.py:3441} INFO - Setting next_dagrun for example_sensor_decorator to None, run_after=None
[2026-02-13T21:49:31.466+0000] {processor.py:175} INFO - Processing /home/airflow/.local/lib/python3.7/site-packages/airflow/example_dags/example_sensor_decorator.py took 0.065 seconds
[2026-02-13T21:50:02.187+0000] {processor.py:153} INFO - Started process (PID=135) to work on /home/airflow/.local/lib/python3.7/site-packages/airflow/example_dags/example_sensor_decorator.py
[2026-02-13T21:50:02.187+0000] {processor.py:743} INFO - Processing file /home/airflow/.local/lib/python3.7/site-packages/airflow/example_dags/example_sensor_decorator.py for tasks to queue
[2026-02-13T21:50:02.188+0000] {logging_mixin.py:137} INFO - [2026-02-13T21:50:02.188+0000] {dagbag.py:538} INFO - Filling up the DagBag from /home/airflow/.local/lib/python3.7/site-packages/airflow/example_dags/example_sensor_decorator.py
[2026-02-13T21:50:02.199+0000] {processor.py:753} INFO - DAG(s) dict_keys(['example_sensor_decorator']) retrieved from /home/airflow/.local/lib/python3.7/site-packages/airflow/example_dags/example_sensor_decorator.py
[2026-02-13T21:50:02.213+0000] {logging_mixin.py:137} INFO - [2026-02-13T21:50:02.213+0000] {dag.py:2690} INFO - Sync 1 DAGs
[2026-02-13T21:50:02.226+0000] {logging_mixin.py:137} INFO - [2026-02-13T21:50:02.226+0000] {dag.py:3441} INFO - Setting next_dagrun for example_sensor_decorator to None, run_after=None
[2026-02-13T21:50:02.235+0000] {processor.py:175} INFO - Processing /home/airflow/.local/lib/python3.7/site-packages/airflow/example_dags/example_sensor_decorator.py took 0.049 seconds
[2026-02-13T21:50:32.684+0000] {processor.py:153} INFO - Started process (PID=217) to work on /home/airflow/.local/lib/python3.7/site-packages/airflow/example_dags/example_sensor_decorator.py
[2026-02-13T21:50:32.685+0000] {processor.py:743} INFO - Processing file /home/airflow/.local/lib/python3.7/site-packages/airflow/example_dags/example_sensor_decorator.py for tasks to queue
[2026-02-13T21:50:32.685+0000] {logging_mixin.py:137} INFO - [2026-02-13T21:50:32.685+0000] {dagbag.py:538} INFO - Filling up the DagBag from /home/airflow/.local/lib/python3.7/site-packages/airflow/example_dags/example_sensor_decorator.py
[2026-02-13T21:50:32.697+0000] {processor.py:753} INFO - DAG(s) dict_keys(['example_sensor_decorator']) retrieved from /home/airflow/.local/lib/python3.7/site-packages/airflow/example_dags/example_sensor_decorator.py
[2026-02-13T21:50:32.712+0000] {logging_mixin.py:137} INFO - [2026-02-13T21:50:32.712+0000] {dag.py:2690} INFO - Sync 1 DAGs
[2026-02-13T21:50:32.728+0000] {logging_mixin.py:137} INFO - [2026-02-13T21:50:32.728+0000] {dag.py:3441} INFO - Setting next_dagrun for example_sensor_decorator to None, run_after=None
[2026-02-13T21:50:32.737+0000] {processor.py:175} INFO - Processing /home/airflow/.local/lib/python3.7/site-packages/airflow/example_dags/example_sensor_decorator.py took 0.056 seconds
[2026-02-13T21:51:03.359+0000] {processor.py:153} INFO - Started process (PID=296) to work on /home/airflow/.local/lib/python3.7/site-packages/airflow/example_dags/example_sensor_decorator.py
[2026-02-13T21:51:03.360+0000] {processor.py:743} INFO - Processing file /home/airflow/.local/lib/python3.7/site-packages/airflow/example_dags/example_sensor_decorator.py for tasks to queue
[2026-02-13T21:51:03.360+0000] {logging_mixin.py:137} INFO - [2026-02-13T21:51:03.360+0000] {dagbag.py:538} INFO - Filling up the DagBag from /home/airflow/.local/lib/python3.7/site-packages/airflow/example_dags/example_sensor_decorator.py
[2026-02-13T21:51:03.370+0000] {processor.py:753} INFO - DAG(s) dict_keys(['example_sensor_decorator']) retrieved from /home/airflow/.local/lib/python3.7/site-packages/airflow/example_dags/example_sensor_decorator.py
[2026-02-13T21:51:03.381+0000] {logging_mixin.py:137} INFO - [2026-02-13T21:51:03.381+0000] {dag.py:2690} INFO - Sync 1 DAGs
[2026-02-13T21:51:03.393+0000] {logging_mixin.py:137} INFO - [2026-02-13T21:51:03.393+0000] {dag.py:3441} INFO - Setting next_dagrun for example_sensor_decorator to None, run_after=None
[2026-02-13T21:51:03.404+0000] {processor.py:175} INFO - Processing /home/airflow/.local/lib/python3.7/site-packages/airflow/example_dags/example_sensor_decorator.py took 0.046 seconds
[2026-02-13T21:51:33.764+0000] {processor.py:153} INFO - Started process (PID=384) to work on /home/airflow/.local/lib/python3.7/site-packages/airflow/example_dags/example_sensor_decorator.py
[2026-02-13T21:51:33.765+0000] {processor.py:743} INFO - Processing file /home/airflow/.local/lib/python3.7/site-packages/airflow/example_dags/example_sensor_decorator.py for tasks to queue
[2026-02-13T21:51:33.766+0000] {logging_mixin.py:137} INFO - [2026-02-13T21:51:33.766+0000] {dagbag.py:538} INFO - Filling up the DagBag from /home/airflow/.local/lib/python3.7/site-packages/airflow/example_dags/example_sensor_decorator.py
[2026-02-13T21:51:33.775+0000] {processor.py:753} INFO - DAG(s) dict_keys(['example_sensor_decorator']) retrieved from /home/airflow/.local/lib/python3.7/site-packages/airflow/example_dags/example_sensor_decorator.py
[2026-02-13T21:51:33.790+0000] {logging_mixin.py:137} INFO - [2026-02-13T21:51:33.790+0000] {dag.py:2690} INFO - Sync 1 DAGs
[2026-02-13T21:51:33.800+0000] {logging_mixin.py:137} INFO - [2026-02-13T21:51:33.800+0000] {dag.py:3441} INFO - Setting next_dagrun for example_sensor_decorator to None, run_after=None
[2026-02-13T21:51:33.810+0000] {processor.py:175} INFO - Processing /home/airflow/.local/lib/python3.7/site-packages/airflow/example_dags/example_sensor_decorator.py took 0.047 seconds
[2026-02-13T21:52:04.203+0000] {processor.py:153} INFO - Started process (PID=472) to work on /home/airflow/.local/lib/python3.7/site-packages/airflow/example_dags/example_sensor_decorator.py
[2026-02-13T21:52:04.205+0000] {processor.py:743} INFO - Processing file /home/airflow/.local/lib/python3.7/site-packages/airflow/example_dags/example_sensor_decorator.py for tasks to queue
[2026-02-13T21:52:04.205+0000] {logging_mixin.py:137} INFO - [2026-02-13T21:52:04.205+0000] {dagbag.py:538} INFO - Filling up the DagBag from /home/airflow/.local/lib/python3.7/site-packages/airflow/example_dags/example_sensor_decorator.py
[2026-02-13T21:52:04.216+0000] {processor.py:753} INFO - DAG(s) dict_keys(['example_sensor_decorator']) retrieved from /home/airflow/.local/lib/python3.7/site-packages/airflow/example_dags/example_sensor_decorator.py
[2026-02-13T21:52:04.233+0000] {logging_mixin.py:137} INFO - [2026-02-13T21:52:04.230+0000] {dag.py:2690} INFO - Sync 1 DAGs
[2026-02-13T21:52:04.245+0000] {logging_mixin.py:137} INFO - [2026-02-13T21:52:04.245+0000] {dag.py:3441} INFO - Setting next_dagrun for example_sensor_decorator to None, run_after=None
[2026-02-13T21:52:04.253+0000] {processor.py:175} INFO - Processing /home/airflow/.local/lib/python3.7/site-packages/airflow/example_dags/example_sensor_decorator.py took 0.051 seconds
[2026-02-13T21:52:34.669+0000] {processor.py:153} INFO - Started process (PID=560) to work on /home/airflow/.local/lib/python3.7/site-packages/airflow/example_dags/example_sensor_decorator.py
[2026-02-13T21:52:34.671+0000] {processor.py:743} INFO - Processing file /home/airflow/.local/lib/python3.7/site-packages/airflow/example_dags/example_sensor_decorator.py for tasks to queue
[2026-02-13T21:52:34.671+0000] {logging_mixin.py:137} INFO - [2026-02-13T21:52:34.671+0000] {dagbag.py:538} INFO - Filling up the DagBag from /home/airflow/.local/lib/python3.7/site-packages/airflow/example_dags/example_sensor_decorator.py
[2026-02-13T21:52:34.680+0000] {processor.py:753} INFO - DAG(s) dict_keys(['example_sensor_decorator']) retrieved from /home/airflow/.local/lib/python3.7/site-packages/airflow/example_dags/example_sensor_decorator.py
[2026-02-13T21:52:34.697+0000] {logging_mixin.py:137} INFO - [2026-02-13T21:52:34.697+0000] {dag.py:2690} INFO - Sync 1 DAGs
[2026-02-13T21:52:34.711+0000] {logging_mixin.py:137} INFO - [2026-02-13T21:52:34.711+0000] {dag.py:3441} INFO - Setting next_dagrun for example_sensor_decorator to None, run_after=None
[2026-02-13T21:52:34.723+0000] {processor.py:175} INFO - Processing /home/airflow/.local/lib/python3.7/site-packages/airflow/example_dags/example_sensor_decorator.py took 0.055 seconds
[2026-02-13T21:53:05.236+0000] {processor.py:153} INFO - Started process (PID=631) to work on /home/airflow/.local/lib/python3.7/site-packages/airflow/example_dags/example_sensor_decorator.py
[2026-02-13T21:53:05.237+0000] {processor.py:743} INFO - Processing file /home/airflow/.local/lib/python3.7/site-packages/airflow/example_dags/example_sensor_decorator.py for tasks to queue
[2026-02-13T21:53:05.237+0000] {logging_mixin.py:137} INFO - [2026-02-13T21:53:05.237+0000] {dagbag.py:538} INFO - Filling up the DagBag from /home/airflow/.local/lib/python3.7/site-packages/airflow/example_dags/example_sensor_decorator.py
[2026-02-13T21:53:05.247+0000] {processor.py:753} INFO - DAG(s) dict_keys(['example_sensor_decorator']) retrieved from /home/airflow/.local/lib/python3.7/site-packages/airflow/example_dags/example_sensor_decorator.py
[2026-02-13T21:53:05.261+0000] {logging_mixin.py:137} INFO - [2026-02-13T21:53:05.261+0000] {dag.py:2690} INFO - Sync 1 DAGs
[2026-02-13T21:53:05.271+0000] {logging_mixin.py:137} INFO - [2026-02-13T21:53:05.271+0000] {dag.py:3441} INFO - Setting next_dagrun for example_sensor_decorator to None, run_after=None
[2026-02-13T21:53:05.278+0000] {processor.py:175} INFO - Processing /home/airflow/.local/lib/python3.7/site-packages/airflow/example_dags/example_sensor_decorator.py took 0.044 seconds
[2026-02-13T21:53:35.753+0000] {processor.py:153} INFO - Started process (PID=719) to work on /home/airflow/.local/lib/python3.7/site-packages/airflow/example_dags/example_sensor_decorator.py
[2026-02-13T21:53:35.754+0000] {processor.py:743} INFO - Processing file /home/airflow/.local/lib/python3.7/site-packages/airflow/example_dags/example_sensor_decorator.py for tasks to queue
[2026-02-13T21:53:35.754+0000] {logging_mixin.py:137} INFO - [2026-02-13T21:53:35.754+0000] {dagbag.py:538} INFO - Filling up the DagBag from /home/airflow/.local/lib/python3.7/site-packages/airflow/example_dags/example_sensor_decorator.py
[2026-02-13T21:53:35.768+0000] {processor.py:753} INFO - DAG(s) dict_keys(['example_sensor_decorator']) retrieved from /home/airflow/.local/lib/python3.7/site-packages/airflow/example_dags/example_sensor_decorator.py
[2026-02-13T21:53:35.781+0000] {logging_mixin.py:137} INFO - [2026-02-13T21:53:35.781+0000] {dag.py:2690} INFO - Sync 1 DAGs
[2026-02-13T21:53:35.797+0000] {logging_mixin.py:137} INFO - [2026-02-13T21:53:35.797+0000] {dag.py:3441} INFO - Setting next_dagrun for example_sensor_decorator to None, run_after=None
[2026-02-13T21:53:35.809+0000] {processor.py:175} INFO - Processing /home/airflow/.local/lib/python3.7/site-packages/airflow/example_dags/example_sensor_decorator.py took 0.058 seconds
[2026-02-13T21:54:06.153+0000] {processor.py:153} INFO - Started process (PID=807) to work on /home/airflow/.local/lib/python3.7/site-packages/airflow/example_dags/example_sensor_decorator.py
[2026-02-13T21:54:06.155+0000] {processor.py:743} INFO - Processing file /home/airflow/.local/lib/python3.7/site-packages/airflow/example_dags/example_sensor_decorator.py for tasks to queue
[2026-02-13T21:54:06.155+0000] {logging_mixin.py:137} INFO - [2026-02-13T21:54:06.155+0000] {dagbag.py:538} INFO - Filling up the DagBag from /home/airflow/.local/lib/python3.7/site-packages/airflow/example_dags/example_sensor_decorator.py
[2026-02-13T21:54:06.165+0000] {processor.py:753} INFO - DAG(s) dict_keys(['example_sensor_decorator']) retrieved from /home/airflow/.local/lib/python3.7/site-packages/airflow/example_dags/example_sensor_decorator.py
[2026-02-13T21:54:06.179+0000] {logging_mixin.py:137} INFO - [2026-02-13T21:54:06.179+0000] {dag.py:2690} INFO - Sync 1 DAGs
[2026-02-13T21:54:06.191+0000] {logging_mixin.py:137} INFO - [2026-02-13T21:54:06.191+0000] {dag.py:3441} INFO - Setting next_dagrun for example_sensor_decorator to None, run_after=None
[2026-02-13T21:54:06.200+0000] {processor.py:175} INFO - Processing /home/airflow/.local/lib/python3.7/site-packages/airflow/example_dags/example_sensor_decorator.py took 0.048 seconds
[2026-02-13T21:54:36.665+0000] {processor.py:153} INFO - Started process (PID=895) to work on /home/airflow/.local/lib/python3.7/site-packages/airflow/example_dags/example_sensor_decorator.py
[2026-02-13T21:54:36.668+0000] {processor.py:743} INFO - Processing file /home/airflow/.local/lib/python3.7/site-packages/airflow/example_dags/example_sensor_decorator.py for tasks to queue
[2026-02-13T21:54:36.669+0000] {logging_mixin.py:137} INFO - [2026-02-13T21:54:36.669+0000] {dagbag.py:538} INFO - Filling up the DagBag from /home/airflow/.local/lib/python3.7/site-packages/airflow/example_dags/example_sensor_decorator.py
[2026-02-13T21:54:36.681+0000] {processor.py:753} INFO - DAG(s) dict_keys(['example_sensor_decorator']) retrieved from /home/airflow/.local/lib/python3.7/site-packages/airflow/example_dags/example_sensor_decorator.py
[2026-02-13T21:54:36.696+0000] {logging_mixin.py:137} INFO - [2026-02-13T21:54:36.696+0000] {dag.py:2690} INFO - Sync 1 DAGs
[2026-02-13T21:54:36.710+0000] {logging_mixin.py:137} INFO - [2026-02-13T21:54:36.710+0000] {dag.py:3441} INFO - Setting next_dagrun for example_sensor_decorator to None, run_after=None
[2026-02-13T21:54:36.722+0000] {processor.py:175} INFO - Processing /home/airflow/.local/lib/python3.7/site-packages/airflow/example_dags/example_sensor_decorator.py took 0.059 seconds
[2026-02-13T21:55:07.318+0000] {processor.py:153} INFO - Started process (PID=967) to work on /home/airflow/.local/lib/python3.7/site-packages/airflow/example_dags/example_sensor_decorator.py
[2026-02-13T21:55:07.319+0000] {processor.py:743} INFO - Processing file /home/airflow/.local/lib/python3.7/site-packages/airflow/example_dags/example_sensor_decorator.py for tasks to queue
[2026-02-13T21:55:07.319+0000] {logging_mixin.py:137} INFO - [2026-02-13T21:55:07.319+0000] {dagbag.py:538} INFO - Filling up the DagBag from /home/airflow/.local/lib/python3.7/site-packages/airflow/example_dags/example_sensor_decorator.py
[2026-02-13T21:55:07.334+0000] {processor.py:753} INFO - DAG(s) dict_keys(['example_sensor_decorator']) retrieved from /home/airflow/.local/lib/python3.7/site-packages/airflow/example_dags/example_sensor_decorator.py
[2026-02-13T21:55:07.353+0000] {logging_mixin.py:137} INFO - [2026-02-13T21:55:07.353+0000] {dag.py:2690} INFO - Sync 1 DAGs
[2026-02-13T21:55:07.364+0000] {logging_mixin.py:137} INFO - [2026-02-13T21:55:07.364+0000] {dag.py:3441} INFO - Setting next_dagrun for example_sensor_decorator to None, run_after=None
[2026-02-13T21:55:07.375+0000] {processor.py:175} INFO - Processing /home/airflow/.local/lib/python3.7/site-packages/airflow/example_dags/example_sensor_decorator.py took 0.059 seconds
[2026-02-13T21:55:37.844+0000] {processor.py:153} INFO - Started process (PID=1055) to work on /home/airflow/.local/lib/python3.7/site-packages/airflow/example_dags/example_sensor_decorator.py
[2026-02-13T21:55:37.845+0000] {processor.py:743} INFO - Processing file /home/airflow/.local/lib/python3.7/site-packages/airflow/example_dags/example_sensor_decorator.py for tasks to queue
[2026-02-13T21:55:37.845+0000] {logging_mixin.py:137} INFO - [2026-02-13T21:55:37.845+0000] {dagbag.py:538} INFO - Filling up the DagBag from /home/airflow/.local/lib/python3.7/site-packages/airflow/example_dags/example_sensor_decorator.py
[2026-02-13T21:55:37.856+0000] {processor.py:753} INFO - DAG(s) dict_keys(['example_sensor_decorator']) retrieved from /home/airflow/.local/lib/python3.7/site-packages/airflow/example_dags/example_sensor_decorator.py
[2026-02-13T21:55:37.867+0000] {logging_mixin.py:137} INFO - [2026-02-13T21:55:37.867+0000] {dag.py:2690} INFO - Sync 1 DAGs
[2026-02-13T21:55:37.883+0000] {logging_mixin.py:137} INFO - [2026-02-13T21:55:37.883+0000] {dag.py:3441} INFO - Setting next_dagrun for example_sensor_decorator to None, run_after=None
[2026-02-13T21:55:37.895+0000] {processor.py:175} INFO - Processing /home/airflow/.local/lib/python3.7/site-packages/airflow/example_dags/example_sensor_decorator.py took 0.052 seconds
[2026-02-13T21:56:08.320+0000] {processor.py:153} INFO - Started process (PID=1143) to work on /home/airflow/.local/lib/python3.7/site-packages/airflow/example_dags/example_sensor_decorator.py
[2026-02-13T21:56:08.321+0000] {processor.py:743} INFO - Processing file /home/airflow/.local/lib/python3.7/site-packages/airflow/example_dags/example_sensor_decorator.py for tasks to queue
[2026-02-13T21:56:08.324+0000] {logging_mixin.py:137} INFO - [2026-02-13T21:56:08.321+0000] {dagbag.py:538} INFO - Filling up the DagBag from /home/airflow/.local/lib/python3.7/site-packages/airflow/example_dags/example_sensor_decorator.py
[2026-02-13T21:56:08.337+0000] {processor.py:753} INFO - DAG(s) dict_keys(['example_sensor_decorator']) retrieved from /home/airflow/.local/lib/python3.7/site-packages/airflow/example_dags/example_sensor_decorator.py
[2026-02-13T21:56:08.355+0000] {logging_mixin.py:137} INFO - [2026-02-13T21:56:08.355+0000] {dag.py:2690} INFO - Sync 1 DAGs
[2026-02-13T21:56:08.367+0000] {logging_mixin.py:137} INFO - [2026-02-13T21:56:08.367+0000] {dag.py:3441} INFO - Setting next_dagrun for example_sensor_decorator to None, run_after=None
[2026-02-13T21:56:08.377+0000] {processor.py:175} INFO - Processing /home/airflow/.local/lib/python3.7/site-packages/airflow/example_dags/example_sensor_decorator.py took 0.058 seconds
[2026-02-13T21:56:39.054+0000] {processor.py:153} INFO - Started process (PID=1231) to work on /home/airflow/.local/lib/python3.7/site-packages/airflow/example_dags/example_sensor_decorator.py
[2026-02-13T21:56:39.060+0000] {processor.py:743} INFO - Processing file /home/airflow/.local/lib/python3.7/site-packages/airflow/example_dags/example_sensor_decorator.py for tasks to queue
[2026-02-13T21:56:39.060+0000] {logging_mixin.py:137} INFO - [2026-02-13T21:56:39.060+0000] {dagbag.py:538} INFO - Filling up the DagBag from /home/airflow/.local/lib/python3.7/site-packages/airflow/example_dags/example_sensor_decorator.py
[2026-02-13T21:56:39.096+0000] {processor.py:753} INFO - DAG(s) dict_keys(['example_sensor_decorator']) retrieved from /home/airflow/.local/lib/python3.7/site-packages/airflow/example_dags/example_sensor_decorator.py
[2026-02-13T21:56:39.131+0000] {logging_mixin.py:137} INFO - [2026-02-13T21:56:39.131+0000] {dag.py:2690} INFO - Sync 1 DAGs
[2026-02-13T21:56:39.167+0000] {logging_mixin.py:137} INFO - [2026-02-13T21:56:39.167+0000] {dag.py:3441} INFO - Setting next_dagrun for example_sensor_decorator to None, run_after=None
[2026-02-13T21:56:39.193+0000] {processor.py:175} INFO - Processing /home/airflow/.local/lib/python3.7/site-packages/airflow/example_dags/example_sensor_decorator.py took 0.143 seconds
[2026-02-13T22:01:03.486+0000] {processor.py:153} INFO - Started process (PID=45) to work on /home/airflow/.local/lib/python3.7/site-packages/airflow/example_dags/example_sensor_decorator.py
[2026-02-13T22:01:03.487+0000] {processor.py:743} INFO - Processing file /home/airflow/.local/lib/python3.7/site-packages/airflow/example_dags/example_sensor_decorator.py for tasks to queue
[2026-02-13T22:01:03.488+0000] {logging_mixin.py:137} INFO - [2026-02-13T22:01:03.488+0000] {dagbag.py:538} INFO - Filling up the DagBag from /home/airflow/.local/lib/python3.7/site-packages/airflow/example_dags/example_sensor_decorator.py
[2026-02-13T22:01:03.505+0000] {processor.py:753} INFO - DAG(s) dict_keys(['example_sensor_decorator']) retrieved from /home/airflow/.local/lib/python3.7/site-packages/airflow/example_dags/example_sensor_decorator.py
[2026-02-13T22:01:03.518+0000] {logging_mixin.py:137} INFO - [2026-02-13T22:01:03.518+0000] {dag.py:2690} INFO - Sync 1 DAGs
[2026-02-13T22:01:03.530+0000] {logging_mixin.py:137} INFO - [2026-02-13T22:01:03.530+0000] {dag.py:3441} INFO - Setting next_dagrun for example_sensor_decorator to None, run_after=None
[2026-02-13T22:01:03.540+0000] {processor.py:175} INFO - Processing /home/airflow/.local/lib/python3.7/site-packages/airflow/example_dags/example_sensor_decorator.py took 0.056 seconds
[2026-02-13T22:01:34.331+0000] {processor.py:153} INFO - Started process (PID=132) to work on /home/airflow/.local/lib/python3.7/site-packages/airflow/example_dags/example_sensor_decorator.py
[2026-02-13T22:01:34.332+0000] {processor.py:743} INFO - Processing file /home/airflow/.local/lib/python3.7/site-packages/airflow/example_dags/example_sensor_decorator.py for tasks to queue
[2026-02-13T22:01:34.332+0000] {logging_mixin.py:137} INFO - [2026-02-13T22:01:34.332+0000] {dagbag.py:538} INFO - Filling up the DagBag from /home/airflow/.local/lib/python3.7/site-packages/airflow/example_dags/example_sensor_decorator.py
[2026-02-13T22:01:34.344+0000] {processor.py:753} INFO - DAG(s) dict_keys(['example_sensor_decorator']) retrieved from /home/airflow/.local/lib/python3.7/site-packages/airflow/example_dags/example_sensor_decorator.py
[2026-02-13T22:01:34.361+0000] {logging_mixin.py:137} INFO - [2026-02-13T22:01:34.361+0000] {dag.py:2690} INFO - Sync 1 DAGs
[2026-02-13T22:01:34.376+0000] {logging_mixin.py:137} INFO - [2026-02-13T22:01:34.376+0000] {dag.py:3441} INFO - Setting next_dagrun for example_sensor_decorator to None, run_after=None
[2026-02-13T22:01:34.385+0000] {processor.py:175} INFO - Processing /home/airflow/.local/lib/python3.7/site-packages/airflow/example_dags/example_sensor_decorator.py took 0.056 seconds
[2026-02-13T22:02:04.914+0000] {processor.py:153} INFO - Started process (PID=222) to work on /home/airflow/.local/lib/python3.7/site-packages/airflow/example_dags/example_sensor_decorator.py
[2026-02-13T22:02:04.915+0000] {processor.py:743} INFO - Processing file /home/airflow/.local/lib/python3.7/site-packages/airflow/example_dags/example_sensor_decorator.py for tasks to queue
[2026-02-13T22:02:04.916+0000] {logging_mixin.py:137} INFO - [2026-02-13T22:02:04.916+0000] {dagbag.py:538} INFO - Filling up the DagBag from /home/airflow/.local/lib/python3.7/site-packages/airflow/example_dags/example_sensor_decorator.py
[2026-02-13T22:02:04.926+0000] {processor.py:753} INFO - DAG(s) dict_keys(['example_sensor_decorator']) retrieved from /home/airflow/.local/lib/python3.7/site-packages/airflow/example_dags/example_sensor_decorator.py
[2026-02-13T22:02:04.939+0000] {logging_mixin.py:137} INFO - [2026-02-13T22:02:04.939+0000] {dag.py:2690} INFO - Sync 1 DAGs
[2026-02-13T22:02:04.951+0000] {logging_mixin.py:137} INFO - [2026-02-13T22:02:04.951+0000] {dag.py:3441} INFO - Setting next_dagrun for example_sensor_decorator to None, run_after=None
[2026-02-13T22:02:04.962+0000] {processor.py:175} INFO - Processing /home/airflow/.local/lib/python3.7/site-packages/airflow/example_dags/example_sensor_decorator.py took 0.050 seconds
[2026-02-13T22:02:35.447+0000] {processor.py:153} INFO - Started process (PID=294) to work on /home/airflow/.local/lib/python3.7/site-packages/airflow/example_dags/example_sensor_decorator.py
[2026-02-13T22:02:35.448+0000] {processor.py:743} INFO - Processing file /home/airflow/.local/lib/python3.7/site-packages/airflow/example_dags/example_sensor_decorator.py for tasks to queue
[2026-02-13T22:02:35.449+0000] {logging_mixin.py:137} INFO - [2026-02-13T22:02:35.449+0000] {dagbag.py:538} INFO - Filling up the DagBag from /home/airflow/.local/lib/python3.7/site-packages/airflow/example_dags/example_sensor_decorator.py
[2026-02-13T22:02:35.473+0000] {processor.py:753} INFO - DAG(s) dict_keys(['example_sensor_decorator']) retrieved from /home/airflow/.local/lib/python3.7/site-packages/airflow/example_dags/example_sensor_decorator.py
[2026-02-13T22:02:35.486+0000] {logging_mixin.py:137} INFO - [2026-02-13T22:02:35.486+0000] {dag.py:2690} INFO - Sync 1 DAGs
[2026-02-13T22:02:35.499+0000] {logging_mixin.py:137} INFO - [2026-02-13T22:02:35.499+0000] {dag.py:3441} INFO - Setting next_dagrun for example_sensor_decorator to None, run_after=None
[2026-02-13T22:02:35.509+0000] {processor.py:175} INFO - Processing /home/airflow/.local/lib/python3.7/site-packages/airflow/example_dags/example_sensor_decorator.py took 0.066 seconds
[2026-02-13T22:03:29.727+0000] {processor.py:153} INFO - Started process (PID=45) to work on /home/airflow/.local/lib/python3.7/site-packages/airflow/example_dags/example_sensor_decorator.py
[2026-02-13T22:03:29.728+0000] {processor.py:743} INFO - Processing file /home/airflow/.local/lib/python3.7/site-packages/airflow/example_dags/example_sensor_decorator.py for tasks to queue
[2026-02-13T22:03:29.729+0000] {logging_mixin.py:137} INFO - [2026-02-13T22:03:29.729+0000] {dagbag.py:538} INFO - Filling up the DagBag from /home/airflow/.local/lib/python3.7/site-packages/airflow/example_dags/example_sensor_decorator.py
[2026-02-13T22:03:29.746+0000] {processor.py:753} INFO - DAG(s) dict_keys(['example_sensor_decorator']) retrieved from /home/airflow/.local/lib/python3.7/site-packages/airflow/example_dags/example_sensor_decorator.py
[2026-02-13T22:03:29.757+0000] {logging_mixin.py:137} INFO - [2026-02-13T22:03:29.757+0000] {dag.py:2690} INFO - Sync 1 DAGs
[2026-02-13T22:03:29.776+0000] {logging_mixin.py:137} INFO - [2026-02-13T22:03:29.776+0000] {dag.py:3441} INFO - Setting next_dagrun for example_sensor_decorator to None, run_after=None
[2026-02-13T22:03:29.792+0000] {processor.py:175} INFO - Processing /home/airflow/.local/lib/python3.7/site-packages/airflow/example_dags/example_sensor_decorator.py took 0.067 seconds
[2026-02-13T22:04:00.530+0000] {processor.py:153} INFO - Started process (PID=132) to work on /home/airflow/.local/lib/python3.7/site-packages/airflow/example_dags/example_sensor_decorator.py
[2026-02-13T22:04:00.531+0000] {processor.py:743} INFO - Processing file /home/airflow/.local/lib/python3.7/site-packages/airflow/example_dags/example_sensor_decorator.py for tasks to queue
[2026-02-13T22:04:00.531+0000] {logging_mixin.py:137} INFO - [2026-02-13T22:04:00.531+0000] {dagbag.py:538} INFO - Filling up the DagBag from /home/airflow/.local/lib/python3.7/site-packages/airflow/example_dags/example_sensor_decorator.py
[2026-02-13T22:04:00.543+0000] {processor.py:753} INFO - DAG(s) dict_keys(['example_sensor_decorator']) retrieved from /home/airflow/.local/lib/python3.7/site-packages/airflow/example_dags/example_sensor_decorator.py
[2026-02-13T22:04:00.557+0000] {logging_mixin.py:137} INFO - [2026-02-13T22:04:00.557+0000] {dag.py:2690} INFO - Sync 1 DAGs
[2026-02-13T22:04:00.571+0000] {logging_mixin.py:137} INFO - [2026-02-13T22:04:00.571+0000] {dag.py:3441} INFO - Setting next_dagrun for example_sensor_decorator to None, run_after=None
[2026-02-13T22:04:00.580+0000] {processor.py:175} INFO - Processing /home/airflow/.local/lib/python3.7/site-packages/airflow/example_dags/example_sensor_decorator.py took 0.052 seconds
[2026-02-13T22:04:31.523+0000] {processor.py:153} INFO - Started process (PID=204) to work on /home/airflow/.local/lib/python3.7/site-packages/airflow/example_dags/example_sensor_decorator.py
[2026-02-13T22:04:31.525+0000] {processor.py:743} INFO - Processing file /home/airflow/.local/lib/python3.7/site-packages/airflow/example_dags/example_sensor_decorator.py for tasks to queue
[2026-02-13T22:04:31.526+0000] {logging_mixin.py:137} INFO - [2026-02-13T22:04:31.526+0000] {dagbag.py:538} INFO - Filling up the DagBag from /home/airflow/.local/lib/python3.7/site-packages/airflow/example_dags/example_sensor_decorator.py
[2026-02-13T22:04:31.538+0000] {processor.py:753} INFO - DAG(s) dict_keys(['example_sensor_decorator']) retrieved from /home/airflow/.local/lib/python3.7/site-packages/airflow/example_dags/example_sensor_decorator.py
[2026-02-13T22:04:31.551+0000] {logging_mixin.py:137} INFO - [2026-02-13T22:04:31.551+0000] {dag.py:2690} INFO - Sync 1 DAGs
[2026-02-13T22:04:31.564+0000] {logging_mixin.py:137} INFO - [2026-02-13T22:04:31.564+0000] {dag.py:3441} INFO - Setting next_dagrun for example_sensor_decorator to None, run_after=None
[2026-02-13T22:04:31.591+0000] {processor.py:175} INFO - Processing /home/airflow/.local/lib/python3.7/site-packages/airflow/example_dags/example_sensor_decorator.py took 0.069 seconds
[2026-02-13T22:05:02.422+0000] {processor.py:153} INFO - Started process (PID=292) to work on /home/airflow/.local/lib/python3.7/site-packages/airflow/example_dags/example_sensor_decorator.py
[2026-02-13T22:05:02.423+0000] {processor.py:743} INFO - Processing file /home/airflow/.local/lib/python3.7/site-packages/airflow/example_dags/example_sensor_decorator.py for tasks to queue
[2026-02-13T22:05:02.425+0000] {logging_mixin.py:137} INFO - [2026-02-13T22:05:02.425+0000] {dagbag.py:538} INFO - Filling up the DagBag from /home/airflow/.local/lib/python3.7/site-packages/airflow/example_dags/example_sensor_decorator.py
[2026-02-13T22:05:02.438+0000] {processor.py:753} INFO - DAG(s) dict_keys(['example_sensor_decorator']) retrieved from /home/airflow/.local/lib/python3.7/site-packages/airflow/example_dags/example_sensor_decorator.py
[2026-02-13T22:05:02.453+0000] {logging_mixin.py:137} INFO - [2026-02-13T22:05:02.453+0000] {dag.py:2690} INFO - Sync 1 DAGs
[2026-02-13T22:05:02.465+0000] {logging_mixin.py:137} INFO - [2026-02-13T22:05:02.465+0000] {dag.py:3441} INFO - Setting next_dagrun for example_sensor_decorator to None, run_after=None
[2026-02-13T22:05:02.474+0000] {processor.py:175} INFO - Processing /home/airflow/.local/lib/python3.7/site-packages/airflow/example_dags/example_sensor_decorator.py took 0.054 seconds
[2026-02-13T22:05:33.037+0000] {processor.py:153} INFO - Started process (PID=380) to work on /home/airflow/.local/lib/python3.7/site-packages/airflow/example_dags/example_sensor_decorator.py
[2026-02-13T22:05:33.037+0000] {processor.py:743} INFO - Processing file /home/airflow/.local/lib/python3.7/site-packages/airflow/example_dags/example_sensor_decorator.py for tasks to queue
[2026-02-13T22:05:33.038+0000] {logging_mixin.py:137} INFO - [2026-02-13T22:05:33.038+0000] {dagbag.py:538} INFO - Filling up the DagBag from /home/airflow/.local/lib/python3.7/site-packages/airflow/example_dags/example_sensor_decorator.py
[2026-02-13T22:05:33.050+0000] {processor.py:753} INFO - DAG(s) dict_keys(['example_sensor_decorator']) retrieved from /home/airflow/.local/lib/python3.7/site-packages/airflow/example_dags/example_sensor_decorator.py
[2026-02-13T22:05:33.067+0000] {logging_mixin.py:137} INFO - [2026-02-13T22:05:33.067+0000] {dag.py:2690} INFO - Sync 1 DAGs
[2026-02-13T22:05:33.078+0000] {logging_mixin.py:137} INFO - [2026-02-13T22:05:33.078+0000] {dag.py:3441} INFO - Setting next_dagrun for example_sensor_decorator to None, run_after=None
[2026-02-13T22:05:33.091+0000] {processor.py:175} INFO - Processing /home/airflow/.local/lib/python3.7/site-packages/airflow/example_dags/example_sensor_decorator.py took 0.055 seconds
[2026-02-13T22:06:32.901+0000] {processor.py:153} INFO - Started process (PID=47) to work on /home/airflow/.local/lib/python3.7/site-packages/airflow/example_dags/example_sensor_decorator.py
[2026-02-13T22:06:32.903+0000] {processor.py:743} INFO - Processing file /home/airflow/.local/lib/python3.7/site-packages/airflow/example_dags/example_sensor_decorator.py for tasks to queue
[2026-02-13T22:06:32.904+0000] {logging_mixin.py:137} INFO - [2026-02-13T22:06:32.904+0000] {dagbag.py:538} INFO - Filling up the DagBag from /home/airflow/.local/lib/python3.7/site-packages/airflow/example_dags/example_sensor_decorator.py
[2026-02-13T22:06:32.919+0000] {processor.py:753} INFO - DAG(s) dict_keys(['example_sensor_decorator']) retrieved from /home/airflow/.local/lib/python3.7/site-packages/airflow/example_dags/example_sensor_decorator.py
[2026-02-13T22:06:32.931+0000] {logging_mixin.py:137} INFO - [2026-02-13T22:06:32.931+0000] {dag.py:2690} INFO - Sync 1 DAGs
[2026-02-13T22:06:32.949+0000] {logging_mixin.py:137} INFO - [2026-02-13T22:06:32.949+0000] {dag.py:3441} INFO - Setting next_dagrun for example_sensor_decorator to None, run_after=None
[2026-02-13T22:06:32.961+0000] {processor.py:175} INFO - Processing /home/airflow/.local/lib/python3.7/site-packages/airflow/example_dags/example_sensor_decorator.py took 0.062 seconds
[2026-02-13T22:07:03.990+0000] {processor.py:153} INFO - Started process (PID=136) to work on /home/airflow/.local/lib/python3.7/site-packages/airflow/example_dags/example_sensor_decorator.py
[2026-02-13T22:07:03.991+0000] {processor.py:743} INFO - Processing file /home/airflow/.local/lib/python3.7/site-packages/airflow/example_dags/example_sensor_decorator.py for tasks to queue
[2026-02-13T22:07:03.992+0000] {logging_mixin.py:137} INFO - [2026-02-13T22:07:03.992+0000] {dagbag.py:538} INFO - Filling up the DagBag from /home/airflow/.local/lib/python3.7/site-packages/airflow/example_dags/example_sensor_decorator.py
[2026-02-13T22:07:04.012+0000] {processor.py:753} INFO - DAG(s) dict_keys(['example_sensor_decorator']) retrieved from /home/airflow/.local/lib/python3.7/site-packages/airflow/example_dags/example_sensor_decorator.py
[2026-02-13T22:07:04.035+0000] {logging_mixin.py:137} INFO - [2026-02-13T22:07:04.034+0000] {dag.py:2690} INFO - Sync 1 DAGs
[2026-02-13T22:07:04.051+0000] {logging_mixin.py:137} INFO - [2026-02-13T22:07:04.051+0000] {dag.py:3441} INFO - Setting next_dagrun for example_sensor_decorator to None, run_after=None
[2026-02-13T22:07:04.069+0000] {processor.py:175} INFO - Processing /home/airflow/.local/lib/python3.7/site-packages/airflow/example_dags/example_sensor_decorator.py took 0.082 seconds
[2026-02-13T22:07:34.099+0000] {processor.py:153} INFO - Started process (PID=224) to work on /home/airflow/.local/lib/python3.7/site-packages/airflow/example_dags/example_sensor_decorator.py
[2026-02-13T22:07:34.100+0000] {processor.py:743} INFO - Processing file /home/airflow/.local/lib/python3.7/site-packages/airflow/example_dags/example_sensor_decorator.py for tasks to queue
[2026-02-13T22:07:34.101+0000] {logging_mixin.py:137} INFO - [2026-02-13T22:07:34.101+0000] {dagbag.py:538} INFO - Filling up the DagBag from /home/airflow/.local/lib/python3.7/site-packages/airflow/example_dags/example_sensor_decorator.py
[2026-02-13T22:07:34.113+0000] {processor.py:753} INFO - DAG(s) dict_keys(['example_sensor_decorator']) retrieved from /home/airflow/.local/lib/python3.7/site-packages/airflow/example_dags/example_sensor_decorator.py
[2026-02-13T22:07:34.131+0000] {logging_mixin.py:137} INFO - [2026-02-13T22:07:34.130+0000] {dag.py:2690} INFO - Sync 1 DAGs
[2026-02-13T22:07:34.142+0000] {logging_mixin.py:137} INFO - [2026-02-13T22:07:34.142+0000] {dag.py:3441} INFO - Setting next_dagrun for example_sensor_decorator to None, run_after=None
[2026-02-13T22:07:34.156+0000] {processor.py:175} INFO - Processing /home/airflow/.local/lib/python3.7/site-packages/airflow/example_dags/example_sensor_decorator.py took 0.058 seconds
[2026-02-13T22:08:05.013+0000] {processor.py:153} INFO - Started process (PID=298) to work on /home/airflow/.local/lib/python3.7/site-packages/airflow/example_dags/example_sensor_decorator.py
[2026-02-13T22:08:05.013+0000] {processor.py:743} INFO - Processing file /home/airflow/.local/lib/python3.7/site-packages/airflow/example_dags/example_sensor_decorator.py for tasks to queue
[2026-02-13T22:08:05.014+0000] {logging_mixin.py:137} INFO - [2026-02-13T22:08:05.014+0000] {dagbag.py:538} INFO - Filling up the DagBag from /home/airflow/.local/lib/python3.7/site-packages/airflow/example_dags/example_sensor_decorator.py
[2026-02-13T22:08:05.024+0000] {processor.py:753} INFO - DAG(s) dict_keys(['example_sensor_decorator']) retrieved from /home/airflow/.local/lib/python3.7/site-packages/airflow/example_dags/example_sensor_decorator.py
[2026-02-13T22:08:05.036+0000] {logging_mixin.py:137} INFO - [2026-02-13T22:08:05.036+0000] {dag.py:2690} INFO - Sync 1 DAGs
[2026-02-13T22:08:05.046+0000] {logging_mixin.py:137} INFO - [2026-02-13T22:08:05.046+0000] {dag.py:3441} INFO - Setting next_dagrun for example_sensor_decorator to None, run_after=None
[2026-02-13T22:08:05.053+0000] {processor.py:175} INFO - Processing /home/airflow/.local/lib/python3.7/site-packages/airflow/example_dags/example_sensor_decorator.py took 0.041 seconds
[2026-02-13T22:08:35.760+0000] {processor.py:153} INFO - Started process (PID=387) to work on /home/airflow/.local/lib/python3.7/site-packages/airflow/example_dags/example_sensor_decorator.py
[2026-02-13T22:08:35.760+0000] {processor.py:743} INFO - Processing file /home/airflow/.local/lib/python3.7/site-packages/airflow/example_dags/example_sensor_decorator.py for tasks to queue
[2026-02-13T22:08:35.761+0000] {logging_mixin.py:137} INFO - [2026-02-13T22:08:35.761+0000] {dagbag.py:538} INFO - Filling up the DagBag from /home/airflow/.local/lib/python3.7/site-packages/airflow/example_dags/example_sensor_decorator.py
[2026-02-13T22:08:35.772+0000] {processor.py:753} INFO - DAG(s) dict_keys(['example_sensor_decorator']) retrieved from /home/airflow/.local/lib/python3.7/site-packages/airflow/example_dags/example_sensor_decorator.py
[2026-02-13T22:08:35.783+0000] {logging_mixin.py:137} INFO - [2026-02-13T22:08:35.783+0000] {dag.py:2690} INFO - Sync 1 DAGs
[2026-02-13T22:08:35.795+0000] {logging_mixin.py:137} INFO - [2026-02-13T22:08:35.794+0000] {dag.py:3441} INFO - Setting next_dagrun for example_sensor_decorator to None, run_after=None
[2026-02-13T22:08:35.803+0000] {processor.py:175} INFO - Processing /home/airflow/.local/lib/python3.7/site-packages/airflow/example_dags/example_sensor_decorator.py took 0.045 seconds
[2026-02-13T22:09:06.441+0000] {processor.py:153} INFO - Started process (PID=476) to work on /home/airflow/.local/lib/python3.7/site-packages/airflow/example_dags/example_sensor_decorator.py
[2026-02-13T22:09:06.441+0000] {processor.py:743} INFO - Processing file /home/airflow/.local/lib/python3.7/site-packages/airflow/example_dags/example_sensor_decorator.py for tasks to queue
[2026-02-13T22:09:06.442+0000] {logging_mixin.py:137} INFO - [2026-02-13T22:09:06.442+0000] {dagbag.py:538} INFO - Filling up the DagBag from /home/airflow/.local/lib/python3.7/site-packages/airflow/example_dags/example_sensor_decorator.py
[2026-02-13T22:09:06.453+0000] {processor.py:753} INFO - DAG(s) dict_keys(['example_sensor_decorator']) retrieved from /home/airflow/.local/lib/python3.7/site-packages/airflow/example_dags/example_sensor_decorator.py
[2026-02-13T22:09:06.464+0000] {logging_mixin.py:137} INFO - [2026-02-13T22:09:06.464+0000] {dag.py:2690} INFO - Sync 1 DAGs
[2026-02-13T22:09:06.475+0000] {logging_mixin.py:137} INFO - [2026-02-13T22:09:06.475+0000] {dag.py:3441} INFO - Setting next_dagrun for example_sensor_decorator to None, run_after=None
[2026-02-13T22:09:06.482+0000] {processor.py:175} INFO - Processing /home/airflow/.local/lib/python3.7/site-packages/airflow/example_dags/example_sensor_decorator.py took 0.043 seconds
[2026-02-13T22:09:37.018+0000] {processor.py:153} INFO - Started process (PID=564) to work on /home/airflow/.local/lib/python3.7/site-packages/airflow/example_dags/example_sensor_decorator.py
[2026-02-13T22:09:37.018+0000] {processor.py:743} INFO - Processing file /home/airflow/.local/lib/python3.7/site-packages/airflow/example_dags/example_sensor_decorator.py for tasks to queue
[2026-02-13T22:09:37.019+0000] {logging_mixin.py:137} INFO - [2026-02-13T22:09:37.019+0000] {dagbag.py:538} INFO - Filling up the DagBag from /home/airflow/.local/lib/python3.7/site-packages/airflow/example_dags/example_sensor_decorator.py
[2026-02-13T22:09:37.028+0000] {processor.py:753} INFO - DAG(s) dict_keys(['example_sensor_decorator']) retrieved from /home/airflow/.local/lib/python3.7/site-packages/airflow/example_dags/example_sensor_decorator.py
[2026-02-13T22:09:37.038+0000] {logging_mixin.py:137} INFO - [2026-02-13T22:09:37.038+0000] {dag.py:2690} INFO - Sync 1 DAGs
[2026-02-13T22:09:37.049+0000] {logging_mixin.py:137} INFO - [2026-02-13T22:09:37.049+0000] {dag.py:3441} INFO - Setting next_dagrun for example_sensor_decorator to None, run_after=None
[2026-02-13T22:09:37.056+0000] {processor.py:175} INFO - Processing /home/airflow/.local/lib/python3.7/site-packages/airflow/example_dags/example_sensor_decorator.py took 0.039 seconds
[2026-02-13T22:10:07.630+0000] {processor.py:153} INFO - Started process (PID=637) to work on /home/airflow/.local/lib/python3.7/site-packages/airflow/example_dags/example_sensor_decorator.py
[2026-02-13T22:10:07.631+0000] {processor.py:743} INFO - Processing file /home/airflow/.local/lib/python3.7/site-packages/airflow/example_dags/example_sensor_decorator.py for tasks to queue
[2026-02-13T22:10:07.631+0000] {logging_mixin.py:137} INFO - [2026-02-13T22:10:07.631+0000] {dagbag.py:538} INFO - Filling up the DagBag from /home/airflow/.local/lib/python3.7/site-packages/airflow/example_dags/example_sensor_decorator.py
[2026-02-13T22:10:07.642+0000] {processor.py:753} INFO - DAG(s) dict_keys(['example_sensor_decorator']) retrieved from /home/airflow/.local/lib/python3.7/site-packages/airflow/example_dags/example_sensor_decorator.py
[2026-02-13T22:10:07.654+0000] {logging_mixin.py:137} INFO - [2026-02-13T22:10:07.654+0000] {dag.py:2690} INFO - Sync 1 DAGs
[2026-02-13T22:10:07.666+0000] {logging_mixin.py:137} INFO - [2026-02-13T22:10:07.666+0000] {dag.py:3441} INFO - Setting next_dagrun for example_sensor_decorator to None, run_after=None
[2026-02-13T22:10:07.674+0000] {processor.py:175} INFO - Processing /home/airflow/.local/lib/python3.7/site-packages/airflow/example_dags/example_sensor_decorator.py took 0.045 seconds
[2026-02-13T22:10:38.281+0000] {processor.py:153} INFO - Started process (PID=725) to work on /home/airflow/.local/lib/python3.7/site-packages/airflow/example_dags/example_sensor_decorator.py
[2026-02-13T22:10:38.281+0000] {processor.py:743} INFO - Processing file /home/airflow/.local/lib/python3.7/site-packages/airflow/example_dags/example_sensor_decorator.py for tasks to queue
[2026-02-13T22:10:38.282+0000] {logging_mixin.py:137} INFO - [2026-02-13T22:10:38.281+0000] {dagbag.py:538} INFO - Filling up the DagBag from /home/airflow/.local/lib/python3.7/site-packages/airflow/example_dags/example_sensor_decorator.py
[2026-02-13T22:10:38.292+0000] {processor.py:753} INFO - DAG(s) dict_keys(['example_sensor_decorator']) retrieved from /home/airflow/.local/lib/python3.7/site-packages/airflow/example_dags/example_sensor_decorator.py
[2026-02-13T22:10:38.307+0000] {logging_mixin.py:137} INFO - [2026-02-13T22:10:38.307+0000] {dag.py:2690} INFO - Sync 1 DAGs
[2026-02-13T22:10:38.320+0000] {logging_mixin.py:137} INFO - [2026-02-13T22:10:38.320+0000] {dag.py:3441} INFO - Setting next_dagrun for example_sensor_decorator to None, run_after=None
[2026-02-13T22:10:38.328+0000] {processor.py:175} INFO - Processing /home/airflow/.local/lib/python3.7/site-packages/airflow/example_dags/example_sensor_decorator.py took 0.049 seconds
[2026-02-13T22:11:08.809+0000] {processor.py:153} INFO - Started process (PID=814) to work on /home/airflow/.local/lib/python3.7/site-packages/airflow/example_dags/example_sensor_decorator.py
[2026-02-13T22:11:08.809+0000] {processor.py:743} INFO - Processing file /home/airflow/.local/lib/python3.7/site-packages/airflow/example_dags/example_sensor_decorator.py for tasks to queue
[2026-02-13T22:11:08.810+0000] {logging_mixin.py:137} INFO - [2026-02-13T22:11:08.810+0000] {dagbag.py:538} INFO - Filling up the DagBag from /home/airflow/.local/lib/python3.7/site-packages/airflow/example_dags/example_sensor_decorator.py
[2026-02-13T22:11:08.820+0000] {processor.py:753} INFO - DAG(s) dict_keys(['example_sensor_decorator']) retrieved from /home/airflow/.local/lib/python3.7/site-packages/airflow/example_dags/example_sensor_decorator.py
[2026-02-13T22:11:08.831+0000] {logging_mixin.py:137} INFO - [2026-02-13T22:11:08.831+0000] {dag.py:2690} INFO - Sync 1 DAGs
[2026-02-13T22:11:08.842+0000] {logging_mixin.py:137} INFO - [2026-02-13T22:11:08.842+0000] {dag.py:3441} INFO - Setting next_dagrun for example_sensor_decorator to None, run_after=None
[2026-02-13T22:11:08.848+0000] {processor.py:175} INFO - Processing /home/airflow/.local/lib/python3.7/site-packages/airflow/example_dags/example_sensor_decorator.py took 0.041 seconds
[2026-02-13T22:11:39.454+0000] {processor.py:153} INFO - Started process (PID=902) to work on /home/airflow/.local/lib/python3.7/site-packages/airflow/example_dags/example_sensor_decorator.py
[2026-02-13T22:11:39.455+0000] {processor.py:743} INFO - Processing file /home/airflow/.local/lib/python3.7/site-packages/airflow/example_dags/example_sensor_decorator.py for tasks to queue
[2026-02-13T22:11:39.455+0000] {logging_mixin.py:137} INFO - [2026-02-13T22:11:39.455+0000] {dagbag.py:538} INFO - Filling up the DagBag from /home/airflow/.local/lib/python3.7/site-packages/airflow/example_dags/example_sensor_decorator.py
[2026-02-13T22:11:39.466+0000] {processor.py:753} INFO - DAG(s) dict_keys(['example_sensor_decorator']) retrieved from /home/airflow/.local/lib/python3.7/site-packages/airflow/example_dags/example_sensor_decorator.py
[2026-02-13T22:11:39.477+0000] {logging_mixin.py:137} INFO - [2026-02-13T22:11:39.477+0000] {dag.py:2690} INFO - Sync 1 DAGs
[2026-02-13T22:11:39.488+0000] {logging_mixin.py:137} INFO - [2026-02-13T22:11:39.487+0000] {dag.py:3441} INFO - Setting next_dagrun for example_sensor_decorator to None, run_after=None
[2026-02-13T22:11:39.503+0000] {processor.py:175} INFO - Processing /home/airflow/.local/lib/python3.7/site-packages/airflow/example_dags/example_sensor_decorator.py took 0.050 seconds
[2026-02-13T22:12:10.010+0000] {processor.py:153} INFO - Started process (PID=975) to work on /home/airflow/.local/lib/python3.7/site-packages/airflow/example_dags/example_sensor_decorator.py
[2026-02-13T22:12:10.011+0000] {processor.py:743} INFO - Processing file /home/airflow/.local/lib/python3.7/site-packages/airflow/example_dags/example_sensor_decorator.py for tasks to queue
[2026-02-13T22:12:10.011+0000] {logging_mixin.py:137} INFO - [2026-02-13T22:12:10.011+0000] {dagbag.py:538} INFO - Filling up the DagBag from /home/airflow/.local/lib/python3.7/site-packages/airflow/example_dags/example_sensor_decorator.py
[2026-02-13T22:12:10.022+0000] {processor.py:753} INFO - DAG(s) dict_keys(['example_sensor_decorator']) retrieved from /home/airflow/.local/lib/python3.7/site-packages/airflow/example_dags/example_sensor_decorator.py
[2026-02-13T22:12:10.032+0000] {logging_mixin.py:137} INFO - [2026-02-13T22:12:10.032+0000] {dag.py:2690} INFO - Sync 1 DAGs
[2026-02-13T22:12:10.042+0000] {logging_mixin.py:137} INFO - [2026-02-13T22:12:10.042+0000] {dag.py:3441} INFO - Setting next_dagrun for example_sensor_decorator to None, run_after=None
[2026-02-13T22:12:10.049+0000] {processor.py:175} INFO - Processing /home/airflow/.local/lib/python3.7/site-packages/airflow/example_dags/example_sensor_decorator.py took 0.040 seconds
[2026-02-13T22:12:40.643+0000] {processor.py:153} INFO - Started process (PID=1064) to work on /home/airflow/.local/lib/python3.7/site-packages/airflow/example_dags/example_sensor_decorator.py
[2026-02-13T22:12:40.644+0000] {processor.py:743} INFO - Processing file /home/airflow/.local/lib/python3.7/site-packages/airflow/example_dags/example_sensor_decorator.py for tasks to queue
[2026-02-13T22:12:40.644+0000] {logging_mixin.py:137} INFO - [2026-02-13T22:12:40.644+0000] {dagbag.py:538} INFO - Filling up the DagBag from /home/airflow/.local/lib/python3.7/site-packages/airflow/example_dags/example_sensor_decorator.py
[2026-02-13T22:12:40.654+0000] {processor.py:753} INFO - DAG(s) dict_keys(['example_sensor_decorator']) retrieved from /home/airflow/.local/lib/python3.7/site-packages/airflow/example_dags/example_sensor_decorator.py
[2026-02-13T22:12:40.664+0000] {logging_mixin.py:137} INFO - [2026-02-13T22:12:40.664+0000] {dag.py:2690} INFO - Sync 1 DAGs
[2026-02-13T22:12:40.675+0000] {logging_mixin.py:137} INFO - [2026-02-13T22:12:40.675+0000] {dag.py:3441} INFO - Setting next_dagrun for example_sensor_decorator to None, run_after=None
[2026-02-13T22:12:40.683+0000] {processor.py:175} INFO - Processing /home/airflow/.local/lib/python3.7/site-packages/airflow/example_dags/example_sensor_decorator.py took 0.042 seconds
[2026-02-13T22:20:56.765+0000] {processor.py:153} INFO - Started process (PID=86) to work on /home/airflow/.local/lib/python3.7/site-packages/airflow/example_dags/example_sensor_decorator.py
[2026-02-13T22:20:56.767+0000] {processor.py:743} INFO - Processing file /home/airflow/.local/lib/python3.7/site-packages/airflow/example_dags/example_sensor_decorator.py for tasks to queue
[2026-02-13T22:20:56.768+0000] {logging_mixin.py:137} INFO - [2026-02-13T22:20:56.768+0000] {dagbag.py:538} INFO - Filling up the DagBag from /home/airflow/.local/lib/python3.7/site-packages/airflow/example_dags/example_sensor_decorator.py
[2026-02-13T22:20:56.782+0000] {processor.py:753} INFO - DAG(s) dict_keys(['example_sensor_decorator']) retrieved from /home/airflow/.local/lib/python3.7/site-packages/airflow/example_dags/example_sensor_decorator.py
[2026-02-13T22:20:56.789+0000] {logging_mixin.py:137} INFO - [2026-02-13T22:20:56.789+0000] {dag.py:2690} INFO - Sync 1 DAGs
[2026-02-13T22:20:56.807+0000] {logging_mixin.py:137} INFO - [2026-02-13T22:20:56.807+0000] {dag.py:3441} INFO - Setting next_dagrun for example_sensor_decorator to None, run_after=None
[2026-02-13T22:20:56.819+0000] {processor.py:175} INFO - Processing /home/airflow/.local/lib/python3.7/site-packages/airflow/example_dags/example_sensor_decorator.py took 0.056 seconds
[2026-02-13T22:21:27.724+0000] {processor.py:153} INFO - Started process (PID=159) to work on /home/airflow/.local/lib/python3.7/site-packages/airflow/example_dags/example_sensor_decorator.py
[2026-02-13T22:21:27.724+0000] {processor.py:743} INFO - Processing file /home/airflow/.local/lib/python3.7/site-packages/airflow/example_dags/example_sensor_decorator.py for tasks to queue
[2026-02-13T22:21:27.724+0000] {logging_mixin.py:137} INFO - [2026-02-13T22:21:27.724+0000] {dagbag.py:538} INFO - Filling up the DagBag from /home/airflow/.local/lib/python3.7/site-packages/airflow/example_dags/example_sensor_decorator.py
[2026-02-13T22:21:27.735+0000] {processor.py:753} INFO - DAG(s) dict_keys(['example_sensor_decorator']) retrieved from /home/airflow/.local/lib/python3.7/site-packages/airflow/example_dags/example_sensor_decorator.py
[2026-02-13T22:21:27.746+0000] {logging_mixin.py:137} INFO - [2026-02-13T22:21:27.746+0000] {dag.py:2690} INFO - Sync 1 DAGs
[2026-02-13T22:21:27.760+0000] {logging_mixin.py:137} INFO - [2026-02-13T22:21:27.760+0000] {dag.py:3441} INFO - Setting next_dagrun for example_sensor_decorator to None, run_after=None
[2026-02-13T22:21:27.774+0000] {processor.py:175} INFO - Processing /home/airflow/.local/lib/python3.7/site-packages/airflow/example_dags/example_sensor_decorator.py took 0.052 seconds
[2026-02-13T22:21:58.650+0000] {processor.py:153} INFO - Started process (PID=249) to work on /home/airflow/.local/lib/python3.7/site-packages/airflow/example_dags/example_sensor_decorator.py
[2026-02-13T22:21:58.654+0000] {processor.py:743} INFO - Processing file /home/airflow/.local/lib/python3.7/site-packages/airflow/example_dags/example_sensor_decorator.py for tasks to queue
[2026-02-13T22:21:58.654+0000] {logging_mixin.py:137} INFO - [2026-02-13T22:21:58.654+0000] {dagbag.py:538} INFO - Filling up the DagBag from /home/airflow/.local/lib/python3.7/site-packages/airflow/example_dags/example_sensor_decorator.py
[2026-02-13T22:21:58.666+0000] {processor.py:753} INFO - DAG(s) dict_keys(['example_sensor_decorator']) retrieved from /home/airflow/.local/lib/python3.7/site-packages/airflow/example_dags/example_sensor_decorator.py
[2026-02-13T22:21:58.679+0000] {logging_mixin.py:137} INFO - [2026-02-13T22:21:58.679+0000] {dag.py:2690} INFO - Sync 1 DAGs
[2026-02-13T22:21:58.693+0000] {logging_mixin.py:137} INFO - [2026-02-13T22:21:58.693+0000] {dag.py:3441} INFO - Setting next_dagrun for example_sensor_decorator to None, run_after=None
[2026-02-13T22:21:58.702+0000] {processor.py:175} INFO - Processing /home/airflow/.local/lib/python3.7/site-packages/airflow/example_dags/example_sensor_decorator.py took 0.053 seconds
[2026-02-13T22:22:29.423+0000] {processor.py:153} INFO - Started process (PID=339) to work on /home/airflow/.local/lib/python3.7/site-packages/airflow/example_dags/example_sensor_decorator.py
[2026-02-13T22:22:29.423+0000] {processor.py:743} INFO - Processing file /home/airflow/.local/lib/python3.7/site-packages/airflow/example_dags/example_sensor_decorator.py for tasks to queue
[2026-02-13T22:22:29.424+0000] {logging_mixin.py:137} INFO - [2026-02-13T22:22:29.424+0000] {dagbag.py:538} INFO - Filling up the DagBag from /home/airflow/.local/lib/python3.7/site-packages/airflow/example_dags/example_sensor_decorator.py
[2026-02-13T22:22:29.432+0000] {processor.py:753} INFO - DAG(s) dict_keys(['example_sensor_decorator']) retrieved from /home/airflow/.local/lib/python3.7/site-packages/airflow/example_dags/example_sensor_decorator.py
[2026-02-13T22:22:29.441+0000] {logging_mixin.py:137} INFO - [2026-02-13T22:22:29.441+0000] {dag.py:2690} INFO - Sync 1 DAGs
[2026-02-13T22:22:29.450+0000] {logging_mixin.py:137} INFO - [2026-02-13T22:22:29.450+0000] {dag.py:3441} INFO - Setting next_dagrun for example_sensor_decorator to None, run_after=None
[2026-02-13T22:22:29.456+0000] {processor.py:175} INFO - Processing /home/airflow/.local/lib/python3.7/site-packages/airflow/example_dags/example_sensor_decorator.py took 0.035 seconds
[2026-02-13T22:23:00.068+0000] {processor.py:153} INFO - Started process (PID=428) to work on /home/airflow/.local/lib/python3.7/site-packages/airflow/example_dags/example_sensor_decorator.py
[2026-02-13T22:23:00.069+0000] {processor.py:743} INFO - Processing file /home/airflow/.local/lib/python3.7/site-packages/airflow/example_dags/example_sensor_decorator.py for tasks to queue
[2026-02-13T22:23:00.069+0000] {logging_mixin.py:137} INFO - [2026-02-13T22:23:00.069+0000] {dagbag.py:538} INFO - Filling up the DagBag from /home/airflow/.local/lib/python3.7/site-packages/airflow/example_dags/example_sensor_decorator.py
[2026-02-13T22:23:00.081+0000] {processor.py:753} INFO - DAG(s) dict_keys(['example_sensor_decorator']) retrieved from /home/airflow/.local/lib/python3.7/site-packages/airflow/example_dags/example_sensor_decorator.py
[2026-02-13T22:23:00.094+0000] {logging_mixin.py:137} INFO - [2026-02-13T22:23:00.094+0000] {dag.py:2690} INFO - Sync 1 DAGs
[2026-02-13T22:23:00.106+0000] {logging_mixin.py:137} INFO - [2026-02-13T22:23:00.106+0000] {dag.py:3441} INFO - Setting next_dagrun for example_sensor_decorator to None, run_after=None
[2026-02-13T22:23:00.115+0000] {processor.py:175} INFO - Processing /home/airflow/.local/lib/python3.7/site-packages/airflow/example_dags/example_sensor_decorator.py took 0.048 seconds
[2026-02-13T22:23:30.798+0000] {processor.py:153} INFO - Started process (PID=501) to work on /home/airflow/.local/lib/python3.7/site-packages/airflow/example_dags/example_sensor_decorator.py
[2026-02-13T22:23:30.799+0000] {processor.py:743} INFO - Processing file /home/airflow/.local/lib/python3.7/site-packages/airflow/example_dags/example_sensor_decorator.py for tasks to queue
[2026-02-13T22:23:30.799+0000] {logging_mixin.py:137} INFO - [2026-02-13T22:23:30.799+0000] {dagbag.py:538} INFO - Filling up the DagBag from /home/airflow/.local/lib/python3.7/site-packages/airflow/example_dags/example_sensor_decorator.py
[2026-02-13T22:23:30.813+0000] {processor.py:753} INFO - DAG(s) dict_keys(['example_sensor_decorator']) retrieved from /home/airflow/.local/lib/python3.7/site-packages/airflow/example_dags/example_sensor_decorator.py
[2026-02-13T22:23:30.823+0000] {logging_mixin.py:137} INFO - [2026-02-13T22:23:30.823+0000] {dag.py:2690} INFO - Sync 1 DAGs
[2026-02-13T22:23:30.840+0000] {logging_mixin.py:137} INFO - [2026-02-13T22:23:30.840+0000] {dag.py:3441} INFO - Setting next_dagrun for example_sensor_decorator to None, run_after=None
[2026-02-13T22:23:30.849+0000] {processor.py:175} INFO - Processing /home/airflow/.local/lib/python3.7/site-packages/airflow/example_dags/example_sensor_decorator.py took 0.053 seconds
[2026-02-13T22:24:01.449+0000] {processor.py:153} INFO - Started process (PID=589) to work on /home/airflow/.local/lib/python3.7/site-packages/airflow/example_dags/example_sensor_decorator.py
[2026-02-13T22:24:01.449+0000] {processor.py:743} INFO - Processing file /home/airflow/.local/lib/python3.7/site-packages/airflow/example_dags/example_sensor_decorator.py for tasks to queue
[2026-02-13T22:24:01.450+0000] {logging_mixin.py:137} INFO - [2026-02-13T22:24:01.450+0000] {dagbag.py:538} INFO - Filling up the DagBag from /home/airflow/.local/lib/python3.7/site-packages/airflow/example_dags/example_sensor_decorator.py
[2026-02-13T22:24:01.459+0000] {processor.py:753} INFO - DAG(s) dict_keys(['example_sensor_decorator']) retrieved from /home/airflow/.local/lib/python3.7/site-packages/airflow/example_dags/example_sensor_decorator.py
[2026-02-13T22:24:01.469+0000] {logging_mixin.py:137} INFO - [2026-02-13T22:24:01.469+0000] {dag.py:2690} INFO - Sync 1 DAGs
[2026-02-13T22:24:01.479+0000] {logging_mixin.py:137} INFO - [2026-02-13T22:24:01.479+0000] {dag.py:3441} INFO - Setting next_dagrun for example_sensor_decorator to None, run_after=None
[2026-02-13T22:24:01.492+0000] {processor.py:175} INFO - Processing /home/airflow/.local/lib/python3.7/site-packages/airflow/example_dags/example_sensor_decorator.py took 0.045 seconds
[2026-02-13T22:24:32.201+0000] {processor.py:153} INFO - Started process (PID=678) to work on /home/airflow/.local/lib/python3.7/site-packages/airflow/example_dags/example_sensor_decorator.py
[2026-02-13T22:24:32.202+0000] {processor.py:743} INFO - Processing file /home/airflow/.local/lib/python3.7/site-packages/airflow/example_dags/example_sensor_decorator.py for tasks to queue
[2026-02-13T22:24:32.203+0000] {logging_mixin.py:137} INFO - [2026-02-13T22:24:32.203+0000] {dagbag.py:538} INFO - Filling up the DagBag from /home/airflow/.local/lib/python3.7/site-packages/airflow/example_dags/example_sensor_decorator.py
[2026-02-13T22:24:32.214+0000] {processor.py:753} INFO - DAG(s) dict_keys(['example_sensor_decorator']) retrieved from /home/airflow/.local/lib/python3.7/site-packages/airflow/example_dags/example_sensor_decorator.py
[2026-02-13T22:24:32.226+0000] {logging_mixin.py:137} INFO - [2026-02-13T22:24:32.226+0000] {dag.py:2690} INFO - Sync 1 DAGs
[2026-02-13T22:24:32.241+0000] {logging_mixin.py:137} INFO - [2026-02-13T22:24:32.241+0000] {dag.py:3441} INFO - Setting next_dagrun for example_sensor_decorator to None, run_after=None
[2026-02-13T22:24:32.252+0000] {processor.py:175} INFO - Processing /home/airflow/.local/lib/python3.7/site-packages/airflow/example_dags/example_sensor_decorator.py took 0.052 seconds
[2026-02-13T22:25:02.869+0000] {processor.py:153} INFO - Started process (PID=767) to work on /home/airflow/.local/lib/python3.7/site-packages/airflow/example_dags/example_sensor_decorator.py
[2026-02-13T22:25:02.869+0000] {processor.py:743} INFO - Processing file /home/airflow/.local/lib/python3.7/site-packages/airflow/example_dags/example_sensor_decorator.py for tasks to queue
[2026-02-13T22:25:02.869+0000] {logging_mixin.py:137} INFO - [2026-02-13T22:25:02.869+0000] {dagbag.py:538} INFO - Filling up the DagBag from /home/airflow/.local/lib/python3.7/site-packages/airflow/example_dags/example_sensor_decorator.py
[2026-02-13T22:25:02.878+0000] {processor.py:753} INFO - DAG(s) dict_keys(['example_sensor_decorator']) retrieved from /home/airflow/.local/lib/python3.7/site-packages/airflow/example_dags/example_sensor_decorator.py
[2026-02-13T22:25:02.887+0000] {logging_mixin.py:137} INFO - [2026-02-13T22:25:02.887+0000] {dag.py:2690} INFO - Sync 1 DAGs
[2026-02-13T22:25:02.896+0000] {logging_mixin.py:137} INFO - [2026-02-13T22:25:02.896+0000] {dag.py:3441} INFO - Setting next_dagrun for example_sensor_decorator to None, run_after=None
[2026-02-13T22:25:02.901+0000] {processor.py:175} INFO - Processing /home/airflow/.local/lib/python3.7/site-packages/airflow/example_dags/example_sensor_decorator.py took 0.034 seconds
[2026-02-13T22:25:33.497+0000] {processor.py:153} INFO - Started process (PID=856) to work on /home/airflow/.local/lib/python3.7/site-packages/airflow/example_dags/example_sensor_decorator.py
[2026-02-13T22:25:33.499+0000] {processor.py:743} INFO - Processing file /home/airflow/.local/lib/python3.7/site-packages/airflow/example_dags/example_sensor_decorator.py for tasks to queue
[2026-02-13T22:25:33.499+0000] {logging_mixin.py:137} INFO - [2026-02-13T22:25:33.499+0000] {dagbag.py:538} INFO - Filling up the DagBag from /home/airflow/.local/lib/python3.7/site-packages/airflow/example_dags/example_sensor_decorator.py
[2026-02-13T22:25:33.510+0000] {processor.py:753} INFO - DAG(s) dict_keys(['example_sensor_decorator']) retrieved from /home/airflow/.local/lib/python3.7/site-packages/airflow/example_dags/example_sensor_decorator.py
[2026-02-13T22:25:33.528+0000] {logging_mixin.py:137} INFO - [2026-02-13T22:25:33.528+0000] {dag.py:2690} INFO - Sync 1 DAGs
[2026-02-13T22:25:33.540+0000] {logging_mixin.py:137} INFO - [2026-02-13T22:25:33.540+0000] {dag.py:3441} INFO - Setting next_dagrun for example_sensor_decorator to None, run_after=None
[2026-02-13T22:25:33.552+0000] {processor.py:175} INFO - Processing /home/airflow/.local/lib/python3.7/site-packages/airflow/example_dags/example_sensor_decorator.py took 0.057 seconds
[2026-02-13T22:26:04.211+0000] {processor.py:153} INFO - Started process (PID=929) to work on /home/airflow/.local/lib/python3.7/site-packages/airflow/example_dags/example_sensor_decorator.py
[2026-02-13T22:26:04.212+0000] {processor.py:743} INFO - Processing file /home/airflow/.local/lib/python3.7/site-packages/airflow/example_dags/example_sensor_decorator.py for tasks to queue
[2026-02-13T22:26:04.213+0000] {logging_mixin.py:137} INFO - [2026-02-13T22:26:04.213+0000] {dagbag.py:538} INFO - Filling up the DagBag from /home/airflow/.local/lib/python3.7/site-packages/airflow/example_dags/example_sensor_decorator.py
[2026-02-13T22:26:04.222+0000] {processor.py:753} INFO - DAG(s) dict_keys(['example_sensor_decorator']) retrieved from /home/airflow/.local/lib/python3.7/site-packages/airflow/example_dags/example_sensor_decorator.py
[2026-02-13T22:26:04.232+0000] {logging_mixin.py:137} INFO - [2026-02-13T22:26:04.232+0000] {dag.py:2690} INFO - Sync 1 DAGs
[2026-02-13T22:26:04.241+0000] {logging_mixin.py:137} INFO - [2026-02-13T22:26:04.241+0000] {dag.py:3441} INFO - Setting next_dagrun for example_sensor_decorator to None, run_after=None
[2026-02-13T22:26:04.248+0000] {processor.py:175} INFO - Processing /home/airflow/.local/lib/python3.7/site-packages/airflow/example_dags/example_sensor_decorator.py took 0.039 seconds
[2026-02-13T22:26:34.718+0000] {processor.py:153} INFO - Started process (PID=1018) to work on /home/airflow/.local/lib/python3.7/site-packages/airflow/example_dags/example_sensor_decorator.py
[2026-02-13T22:26:34.719+0000] {processor.py:743} INFO - Processing file /home/airflow/.local/lib/python3.7/site-packages/airflow/example_dags/example_sensor_decorator.py for tasks to queue
[2026-02-13T22:26:34.719+0000] {logging_mixin.py:137} INFO - [2026-02-13T22:26:34.719+0000] {dagbag.py:538} INFO - Filling up the DagBag from /home/airflow/.local/lib/python3.7/site-packages/airflow/example_dags/example_sensor_decorator.py
[2026-02-13T22:26:34.729+0000] {processor.py:753} INFO - DAG(s) dict_keys(['example_sensor_decorator']) retrieved from /home/airflow/.local/lib/python3.7/site-packages/airflow/example_dags/example_sensor_decorator.py
[2026-02-13T22:26:34.738+0000] {logging_mixin.py:137} INFO - [2026-02-13T22:26:34.738+0000] {dag.py:2690} INFO - Sync 1 DAGs
[2026-02-13T22:26:34.748+0000] {logging_mixin.py:137} INFO - [2026-02-13T22:26:34.748+0000] {dag.py:3441} INFO - Setting next_dagrun for example_sensor_decorator to None, run_after=None
[2026-02-13T22:26:34.755+0000] {processor.py:175} INFO - Processing /home/airflow/.local/lib/python3.7/site-packages/airflow/example_dags/example_sensor_decorator.py took 0.038 seconds
[2026-02-13T22:27:05.519+0000] {processor.py:153} INFO - Started process (PID=1107) to work on /home/airflow/.local/lib/python3.7/site-packages/airflow/example_dags/example_sensor_decorator.py
[2026-02-13T22:27:05.520+0000] {processor.py:743} INFO - Processing file /home/airflow/.local/lib/python3.7/site-packages/airflow/example_dags/example_sensor_decorator.py for tasks to queue
[2026-02-13T22:27:05.520+0000] {logging_mixin.py:137} INFO - [2026-02-13T22:27:05.520+0000] {dagbag.py:538} INFO - Filling up the DagBag from /home/airflow/.local/lib/python3.7/site-packages/airflow/example_dags/example_sensor_decorator.py
[2026-02-13T22:27:05.531+0000] {processor.py:753} INFO - DAG(s) dict_keys(['example_sensor_decorator']) retrieved from /home/airflow/.local/lib/python3.7/site-packages/airflow/example_dags/example_sensor_decorator.py
[2026-02-13T22:27:05.543+0000] {logging_mixin.py:137} INFO - [2026-02-13T22:27:05.543+0000] {dag.py:2690} INFO - Sync 1 DAGs
[2026-02-13T22:27:05.556+0000] {logging_mixin.py:137} INFO - [2026-02-13T22:27:05.556+0000] {dag.py:3441} INFO - Setting next_dagrun for example_sensor_decorator to None, run_after=None
[2026-02-13T22:27:05.567+0000] {processor.py:175} INFO - Processing /home/airflow/.local/lib/python3.7/site-packages/airflow/example_dags/example_sensor_decorator.py took 0.049 seconds
[2026-02-13T22:27:36.140+0000] {processor.py:153} INFO - Started process (PID=1196) to work on /home/airflow/.local/lib/python3.7/site-packages/airflow/example_dags/example_sensor_decorator.py
[2026-02-13T22:27:36.141+0000] {processor.py:743} INFO - Processing file /home/airflow/.local/lib/python3.7/site-packages/airflow/example_dags/example_sensor_decorator.py for tasks to queue
[2026-02-13T22:27:36.141+0000] {logging_mixin.py:137} INFO - [2026-02-13T22:27:36.141+0000] {dagbag.py:538} INFO - Filling up the DagBag from /home/airflow/.local/lib/python3.7/site-packages/airflow/example_dags/example_sensor_decorator.py
[2026-02-13T22:27:36.153+0000] {processor.py:753} INFO - DAG(s) dict_keys(['example_sensor_decorator']) retrieved from /home/airflow/.local/lib/python3.7/site-packages/airflow/example_dags/example_sensor_decorator.py
[2026-02-13T22:27:36.166+0000] {logging_mixin.py:137} INFO - [2026-02-13T22:27:36.166+0000] {dag.py:2690} INFO - Sync 1 DAGs
[2026-02-13T22:27:36.177+0000] {logging_mixin.py:137} INFO - [2026-02-13T22:27:36.177+0000] {dag.py:3441} INFO - Setting next_dagrun for example_sensor_decorator to None, run_after=None
[2026-02-13T22:27:36.186+0000] {processor.py:175} INFO - Processing /home/airflow/.local/lib/python3.7/site-packages/airflow/example_dags/example_sensor_decorator.py took 0.048 seconds
[2026-02-13T22:28:06.892+0000] {processor.py:153} INFO - Started process (PID=1269) to work on /home/airflow/.local/lib/python3.7/site-packages/airflow/example_dags/example_sensor_decorator.py
[2026-02-13T22:28:06.892+0000] {processor.py:743} INFO - Processing file /home/airflow/.local/lib/python3.7/site-packages/airflow/example_dags/example_sensor_decorator.py for tasks to queue
[2026-02-13T22:28:06.892+0000] {logging_mixin.py:137} INFO - [2026-02-13T22:28:06.892+0000] {dagbag.py:538} INFO - Filling up the DagBag from /home/airflow/.local/lib/python3.7/site-packages/airflow/example_dags/example_sensor_decorator.py
[2026-02-13T22:28:06.901+0000] {processor.py:753} INFO - DAG(s) dict_keys(['example_sensor_decorator']) retrieved from /home/airflow/.local/lib/python3.7/site-packages/airflow/example_dags/example_sensor_decorator.py
[2026-02-13T22:28:06.918+0000] {logging_mixin.py:137} INFO - [2026-02-13T22:28:06.918+0000] {dag.py:2690} INFO - Sync 1 DAGs
[2026-02-13T22:28:06.928+0000] {logging_mixin.py:137} INFO - [2026-02-13T22:28:06.928+0000] {dag.py:3441} INFO - Setting next_dagrun for example_sensor_decorator to None, run_after=None
[2026-02-13T22:28:06.941+0000] {processor.py:175} INFO - Processing /home/airflow/.local/lib/python3.7/site-packages/airflow/example_dags/example_sensor_decorator.py took 0.051 seconds
[2026-02-13T22:28:37.489+0000] {processor.py:153} INFO - Started process (PID=1358) to work on /home/airflow/.local/lib/python3.7/site-packages/airflow/example_dags/example_sensor_decorator.py
[2026-02-13T22:28:37.489+0000] {processor.py:743} INFO - Processing file /home/airflow/.local/lib/python3.7/site-packages/airflow/example_dags/example_sensor_decorator.py for tasks to queue
[2026-02-13T22:28:37.490+0000] {logging_mixin.py:137} INFO - [2026-02-13T22:28:37.490+0000] {dagbag.py:538} INFO - Filling up the DagBag from /home/airflow/.local/lib/python3.7/site-packages/airflow/example_dags/example_sensor_decorator.py
[2026-02-13T22:28:37.500+0000] {processor.py:753} INFO - DAG(s) dict_keys(['example_sensor_decorator']) retrieved from /home/airflow/.local/lib/python3.7/site-packages/airflow/example_dags/example_sensor_decorator.py
[2026-02-13T22:28:37.511+0000] {logging_mixin.py:137} INFO - [2026-02-13T22:28:37.511+0000] {dag.py:2690} INFO - Sync 1 DAGs
[2026-02-13T22:28:37.521+0000] {logging_mixin.py:137} INFO - [2026-02-13T22:28:37.521+0000] {dag.py:3441} INFO - Setting next_dagrun for example_sensor_decorator to None, run_after=None
[2026-02-13T22:28:37.535+0000] {processor.py:175} INFO - Processing /home/airflow/.local/lib/python3.7/site-packages/airflow/example_dags/example_sensor_decorator.py took 0.048 seconds
[2026-02-13T22:29:08.090+0000] {processor.py:153} INFO - Started process (PID=1447) to work on /home/airflow/.local/lib/python3.7/site-packages/airflow/example_dags/example_sensor_decorator.py
[2026-02-13T22:29:08.091+0000] {processor.py:743} INFO - Processing file /home/airflow/.local/lib/python3.7/site-packages/airflow/example_dags/example_sensor_decorator.py for tasks to queue
[2026-02-13T22:29:08.091+0000] {logging_mixin.py:137} INFO - [2026-02-13T22:29:08.091+0000] {dagbag.py:538} INFO - Filling up the DagBag from /home/airflow/.local/lib/python3.7/site-packages/airflow/example_dags/example_sensor_decorator.py
[2026-02-13T22:29:08.101+0000] {processor.py:753} INFO - DAG(s) dict_keys(['example_sensor_decorator']) retrieved from /home/airflow/.local/lib/python3.7/site-packages/airflow/example_dags/example_sensor_decorator.py
[2026-02-13T22:29:08.116+0000] {logging_mixin.py:137} INFO - [2026-02-13T22:29:08.116+0000] {dag.py:2690} INFO - Sync 1 DAGs
[2026-02-13T22:29:08.133+0000] {logging_mixin.py:137} INFO - [2026-02-13T22:29:08.133+0000] {dag.py:3441} INFO - Setting next_dagrun for example_sensor_decorator to None, run_after=None
[2026-02-13T22:29:08.144+0000] {processor.py:175} INFO - Processing /home/airflow/.local/lib/python3.7/site-packages/airflow/example_dags/example_sensor_decorator.py took 0.056 seconds
[2026-02-13T22:29:38.743+0000] {processor.py:153} INFO - Started process (PID=1536) to work on /home/airflow/.local/lib/python3.7/site-packages/airflow/example_dags/example_sensor_decorator.py
[2026-02-13T22:29:38.745+0000] {processor.py:743} INFO - Processing file /home/airflow/.local/lib/python3.7/site-packages/airflow/example_dags/example_sensor_decorator.py for tasks to queue
[2026-02-13T22:29:38.745+0000] {logging_mixin.py:137} INFO - [2026-02-13T22:29:38.745+0000] {dagbag.py:538} INFO - Filling up the DagBag from /home/airflow/.local/lib/python3.7/site-packages/airflow/example_dags/example_sensor_decorator.py
[2026-02-13T22:29:38.755+0000] {processor.py:753} INFO - DAG(s) dict_keys(['example_sensor_decorator']) retrieved from /home/airflow/.local/lib/python3.7/site-packages/airflow/example_dags/example_sensor_decorator.py
[2026-02-13T22:29:38.770+0000] {logging_mixin.py:137} INFO - [2026-02-13T22:29:38.769+0000] {dag.py:2690} INFO - Sync 1 DAGs
[2026-02-13T22:29:38.782+0000] {logging_mixin.py:137} INFO - [2026-02-13T22:29:38.781+0000] {dag.py:3441} INFO - Setting next_dagrun for example_sensor_decorator to None, run_after=None
[2026-02-13T22:29:38.789+0000] {processor.py:175} INFO - Processing /home/airflow/.local/lib/python3.7/site-packages/airflow/example_dags/example_sensor_decorator.py took 0.047 seconds
[2026-02-13T22:30:09.419+0000] {processor.py:153} INFO - Started process (PID=1609) to work on /home/airflow/.local/lib/python3.7/site-packages/airflow/example_dags/example_sensor_decorator.py
[2026-02-13T22:30:09.421+0000] {processor.py:743} INFO - Processing file /home/airflow/.local/lib/python3.7/site-packages/airflow/example_dags/example_sensor_decorator.py for tasks to queue
[2026-02-13T22:30:09.421+0000] {logging_mixin.py:137} INFO - [2026-02-13T22:30:09.421+0000] {dagbag.py:538} INFO - Filling up the DagBag from /home/airflow/.local/lib/python3.7/site-packages/airflow/example_dags/example_sensor_decorator.py
[2026-02-13T22:30:09.431+0000] {processor.py:753} INFO - DAG(s) dict_keys(['example_sensor_decorator']) retrieved from /home/airflow/.local/lib/python3.7/site-packages/airflow/example_dags/example_sensor_decorator.py
[2026-02-13T22:30:09.443+0000] {logging_mixin.py:137} INFO - [2026-02-13T22:30:09.443+0000] {dag.py:2690} INFO - Sync 1 DAGs
[2026-02-13T22:30:09.454+0000] {logging_mixin.py:137} INFO - [2026-02-13T22:30:09.454+0000] {dag.py:3441} INFO - Setting next_dagrun for example_sensor_decorator to None, run_after=None
[2026-02-13T22:30:09.466+0000] {processor.py:175} INFO - Processing /home/airflow/.local/lib/python3.7/site-packages/airflow/example_dags/example_sensor_decorator.py took 0.048 seconds
[2026-02-13T22:30:40.197+0000] {processor.py:153} INFO - Started process (PID=1698) to work on /home/airflow/.local/lib/python3.7/site-packages/airflow/example_dags/example_sensor_decorator.py
[2026-02-13T22:30:40.198+0000] {processor.py:743} INFO - Processing file /home/airflow/.local/lib/python3.7/site-packages/airflow/example_dags/example_sensor_decorator.py for tasks to queue
[2026-02-13T22:30:40.198+0000] {logging_mixin.py:137} INFO - [2026-02-13T22:30:40.198+0000] {dagbag.py:538} INFO - Filling up the DagBag from /home/airflow/.local/lib/python3.7/site-packages/airflow/example_dags/example_sensor_decorator.py
[2026-02-13T22:30:40.208+0000] {processor.py:753} INFO - DAG(s) dict_keys(['example_sensor_decorator']) retrieved from /home/airflow/.local/lib/python3.7/site-packages/airflow/example_dags/example_sensor_decorator.py
[2026-02-13T22:30:40.221+0000] {logging_mixin.py:137} INFO - [2026-02-13T22:30:40.221+0000] {dag.py:2690} INFO - Sync 1 DAGs
[2026-02-13T22:30:40.234+0000] {logging_mixin.py:137} INFO - [2026-02-13T22:30:40.234+0000] {dag.py:3441} INFO - Setting next_dagrun for example_sensor_decorator to None, run_after=None
[2026-02-13T22:30:40.244+0000] {processor.py:175} INFO - Processing /home/airflow/.local/lib/python3.7/site-packages/airflow/example_dags/example_sensor_decorator.py took 0.049 seconds
[2026-02-13T22:31:10.845+0000] {processor.py:153} INFO - Started process (PID=1787) to work on /home/airflow/.local/lib/python3.7/site-packages/airflow/example_dags/example_sensor_decorator.py
[2026-02-13T22:31:10.846+0000] {processor.py:743} INFO - Processing file /home/airflow/.local/lib/python3.7/site-packages/airflow/example_dags/example_sensor_decorator.py for tasks to queue
[2026-02-13T22:31:10.846+0000] {logging_mixin.py:137} INFO - [2026-02-13T22:31:10.846+0000] {dagbag.py:538} INFO - Filling up the DagBag from /home/airflow/.local/lib/python3.7/site-packages/airflow/example_dags/example_sensor_decorator.py
[2026-02-13T22:31:10.856+0000] {processor.py:753} INFO - DAG(s) dict_keys(['example_sensor_decorator']) retrieved from /home/airflow/.local/lib/python3.7/site-packages/airflow/example_dags/example_sensor_decorator.py
[2026-02-13T22:31:10.865+0000] {logging_mixin.py:137} INFO - [2026-02-13T22:31:10.865+0000] {dag.py:2690} INFO - Sync 1 DAGs
[2026-02-13T22:31:10.875+0000] {logging_mixin.py:137} INFO - [2026-02-13T22:31:10.875+0000] {dag.py:3441} INFO - Setting next_dagrun for example_sensor_decorator to None, run_after=None
[2026-02-13T22:31:10.881+0000] {processor.py:175} INFO - Processing /home/airflow/.local/lib/python3.7/site-packages/airflow/example_dags/example_sensor_decorator.py took 0.038 seconds
[2026-02-13T22:31:41.287+0000] {processor.py:153} INFO - Started process (PID=1876) to work on /home/airflow/.local/lib/python3.7/site-packages/airflow/example_dags/example_sensor_decorator.py
[2026-02-13T22:31:41.288+0000] {processor.py:743} INFO - Processing file /home/airflow/.local/lib/python3.7/site-packages/airflow/example_dags/example_sensor_decorator.py for tasks to queue
[2026-02-13T22:31:41.289+0000] {logging_mixin.py:137} INFO - [2026-02-13T22:31:41.289+0000] {dagbag.py:538} INFO - Filling up the DagBag from /home/airflow/.local/lib/python3.7/site-packages/airflow/example_dags/example_sensor_decorator.py
[2026-02-13T22:31:41.333+0000] {processor.py:753} INFO - DAG(s) dict_keys(['example_sensor_decorator']) retrieved from /home/airflow/.local/lib/python3.7/site-packages/airflow/example_dags/example_sensor_decorator.py
[2026-02-13T22:31:41.457+0000] {logging_mixin.py:137} INFO - [2026-02-13T22:31:41.457+0000] {dag.py:2690} INFO - Sync 1 DAGs
[2026-02-13T22:31:41.484+0000] {logging_mixin.py:137} INFO - [2026-02-13T22:31:41.484+0000] {dag.py:3441} INFO - Setting next_dagrun for example_sensor_decorator to None, run_after=None
[2026-02-13T22:31:41.505+0000] {processor.py:175} INFO - Processing /home/airflow/.local/lib/python3.7/site-packages/airflow/example_dags/example_sensor_decorator.py took 0.219 seconds
[2026-02-13T22:32:12.261+0000] {processor.py:153} INFO - Started process (PID=1948) to work on /home/airflow/.local/lib/python3.7/site-packages/airflow/example_dags/example_sensor_decorator.py
[2026-02-13T22:32:12.262+0000] {processor.py:743} INFO - Processing file /home/airflow/.local/lib/python3.7/site-packages/airflow/example_dags/example_sensor_decorator.py for tasks to queue
[2026-02-13T22:32:12.263+0000] {logging_mixin.py:137} INFO - [2026-02-13T22:32:12.263+0000] {dagbag.py:538} INFO - Filling up the DagBag from /home/airflow/.local/lib/python3.7/site-packages/airflow/example_dags/example_sensor_decorator.py
[2026-02-13T22:32:12.273+0000] {processor.py:753} INFO - DAG(s) dict_keys(['example_sensor_decorator']) retrieved from /home/airflow/.local/lib/python3.7/site-packages/airflow/example_dags/example_sensor_decorator.py
[2026-02-13T22:32:12.288+0000] {logging_mixin.py:137} INFO - [2026-02-13T22:32:12.287+0000] {dag.py:2690} INFO - Sync 1 DAGs
[2026-02-13T22:32:12.299+0000] {logging_mixin.py:137} INFO - [2026-02-13T22:32:12.299+0000] {dag.py:3441} INFO - Setting next_dagrun for example_sensor_decorator to None, run_after=None
[2026-02-13T22:32:12.315+0000] {processor.py:175} INFO - Processing /home/airflow/.local/lib/python3.7/site-packages/airflow/example_dags/example_sensor_decorator.py took 0.055 seconds
[2026-02-13T22:32:42.618+0000] {processor.py:153} INFO - Started process (PID=2037) to work on /home/airflow/.local/lib/python3.7/site-packages/airflow/example_dags/example_sensor_decorator.py
[2026-02-13T22:32:42.619+0000] {processor.py:743} INFO - Processing file /home/airflow/.local/lib/python3.7/site-packages/airflow/example_dags/example_sensor_decorator.py for tasks to queue
[2026-02-13T22:32:42.619+0000] {logging_mixin.py:137} INFO - [2026-02-13T22:32:42.619+0000] {dagbag.py:538} INFO - Filling up the DagBag from /home/airflow/.local/lib/python3.7/site-packages/airflow/example_dags/example_sensor_decorator.py
[2026-02-13T22:32:42.628+0000] {processor.py:753} INFO - DAG(s) dict_keys(['example_sensor_decorator']) retrieved from /home/airflow/.local/lib/python3.7/site-packages/airflow/example_dags/example_sensor_decorator.py
[2026-02-13T22:32:42.640+0000] {logging_mixin.py:137} INFO - [2026-02-13T22:32:42.640+0000] {dag.py:2690} INFO - Sync 1 DAGs
[2026-02-13T22:32:42.654+0000] {logging_mixin.py:137} INFO - [2026-02-13T22:32:42.654+0000] {dag.py:3441} INFO - Setting next_dagrun for example_sensor_decorator to None, run_after=None
[2026-02-13T22:32:42.666+0000] {processor.py:175} INFO - Processing /home/airflow/.local/lib/python3.7/site-packages/airflow/example_dags/example_sensor_decorator.py took 0.049 seconds
[2026-02-13T22:34:03.778+0000] {processor.py:153} INFO - Started process (PID=88) to work on /home/airflow/.local/lib/python3.7/site-packages/airflow/example_dags/example_sensor_decorator.py
[2026-02-13T22:34:03.782+0000] {processor.py:743} INFO - Processing file /home/airflow/.local/lib/python3.7/site-packages/airflow/example_dags/example_sensor_decorator.py for tasks to queue
[2026-02-13T22:34:03.782+0000] {logging_mixin.py:137} INFO - [2026-02-13T22:34:03.782+0000] {dagbag.py:538} INFO - Filling up the DagBag from /home/airflow/.local/lib/python3.7/site-packages/airflow/example_dags/example_sensor_decorator.py
[2026-02-13T22:34:03.800+0000] {processor.py:753} INFO - DAG(s) dict_keys(['example_sensor_decorator']) retrieved from /home/airflow/.local/lib/python3.7/site-packages/airflow/example_dags/example_sensor_decorator.py
[2026-02-13T22:34:03.825+0000] {logging_mixin.py:137} INFO - [2026-02-13T22:34:03.825+0000] {dag.py:2690} INFO - Sync 1 DAGs
[2026-02-13T22:34:03.842+0000] {logging_mixin.py:137} INFO - [2026-02-13T22:34:03.842+0000] {dag.py:3441} INFO - Setting next_dagrun for example_sensor_decorator to None, run_after=None
[2026-02-13T22:34:03.866+0000] {processor.py:175} INFO - Processing /home/airflow/.local/lib/python3.7/site-packages/airflow/example_dags/example_sensor_decorator.py took 0.090 seconds
[2026-02-13T22:34:35.020+0000] {processor.py:153} INFO - Started process (PID=179) to work on /home/airflow/.local/lib/python3.7/site-packages/airflow/example_dags/example_sensor_decorator.py
[2026-02-13T22:34:35.022+0000] {processor.py:743} INFO - Processing file /home/airflow/.local/lib/python3.7/site-packages/airflow/example_dags/example_sensor_decorator.py for tasks to queue
[2026-02-13T22:34:35.023+0000] {logging_mixin.py:137} INFO - [2026-02-13T22:34:35.023+0000] {dagbag.py:538} INFO - Filling up the DagBag from /home/airflow/.local/lib/python3.7/site-packages/airflow/example_dags/example_sensor_decorator.py
[2026-02-13T22:34:35.037+0000] {processor.py:753} INFO - DAG(s) dict_keys(['example_sensor_decorator']) retrieved from /home/airflow/.local/lib/python3.7/site-packages/airflow/example_dags/example_sensor_decorator.py
[2026-02-13T22:34:35.052+0000] {logging_mixin.py:137} INFO - [2026-02-13T22:34:35.052+0000] {dag.py:2690} INFO - Sync 1 DAGs
[2026-02-13T22:34:35.071+0000] {logging_mixin.py:137} INFO - [2026-02-13T22:34:35.071+0000] {dag.py:3441} INFO - Setting next_dagrun for example_sensor_decorator to None, run_after=None
[2026-02-13T22:34:35.083+0000] {processor.py:175} INFO - Processing /home/airflow/.local/lib/python3.7/site-packages/airflow/example_dags/example_sensor_decorator.py took 0.065 seconds
[2026-02-13T22:35:06.083+0000] {processor.py:153} INFO - Started process (PID=254) to work on /home/airflow/.local/lib/python3.7/site-packages/airflow/example_dags/example_sensor_decorator.py
[2026-02-13T22:35:06.084+0000] {processor.py:743} INFO - Processing file /home/airflow/.local/lib/python3.7/site-packages/airflow/example_dags/example_sensor_decorator.py for tasks to queue
[2026-02-13T22:35:06.084+0000] {logging_mixin.py:137} INFO - [2026-02-13T22:35:06.084+0000] {dagbag.py:538} INFO - Filling up the DagBag from /home/airflow/.local/lib/python3.7/site-packages/airflow/example_dags/example_sensor_decorator.py
[2026-02-13T22:35:06.096+0000] {processor.py:753} INFO - DAG(s) dict_keys(['example_sensor_decorator']) retrieved from /home/airflow/.local/lib/python3.7/site-packages/airflow/example_dags/example_sensor_decorator.py
[2026-02-13T22:35:06.107+0000] {logging_mixin.py:137} INFO - [2026-02-13T22:35:06.107+0000] {dag.py:2690} INFO - Sync 1 DAGs
[2026-02-13T22:35:06.119+0000] {logging_mixin.py:137} INFO - [2026-02-13T22:35:06.119+0000] {dag.py:3441} INFO - Setting next_dagrun for example_sensor_decorator to None, run_after=None
[2026-02-13T22:35:06.132+0000] {processor.py:175} INFO - Processing /home/airflow/.local/lib/python3.7/site-packages/airflow/example_dags/example_sensor_decorator.py took 0.051 seconds
[2026-02-13T22:35:36.924+0000] {processor.py:153} INFO - Started process (PID=346) to work on /home/airflow/.local/lib/python3.7/site-packages/airflow/example_dags/example_sensor_decorator.py
[2026-02-13T22:35:36.925+0000] {processor.py:743} INFO - Processing file /home/airflow/.local/lib/python3.7/site-packages/airflow/example_dags/example_sensor_decorator.py for tasks to queue
[2026-02-13T22:35:36.925+0000] {logging_mixin.py:137} INFO - [2026-02-13T22:35:36.925+0000] {dagbag.py:538} INFO - Filling up the DagBag from /home/airflow/.local/lib/python3.7/site-packages/airflow/example_dags/example_sensor_decorator.py
[2026-02-13T22:35:36.935+0000] {processor.py:753} INFO - DAG(s) dict_keys(['example_sensor_decorator']) retrieved from /home/airflow/.local/lib/python3.7/site-packages/airflow/example_dags/example_sensor_decorator.py
[2026-02-13T22:35:36.949+0000] {logging_mixin.py:137} INFO - [2026-02-13T22:35:36.949+0000] {dag.py:2690} INFO - Sync 1 DAGs
[2026-02-13T22:35:36.960+0000] {logging_mixin.py:137} INFO - [2026-02-13T22:35:36.960+0000] {dag.py:3441} INFO - Setting next_dagrun for example_sensor_decorator to None, run_after=None
[2026-02-13T22:35:36.969+0000] {processor.py:175} INFO - Processing /home/airflow/.local/lib/python3.7/site-packages/airflow/example_dags/example_sensor_decorator.py took 0.046 seconds
[2026-02-13T22:36:07.844+0000] {processor.py:153} INFO - Started process (PID=437) to work on /home/airflow/.local/lib/python3.7/site-packages/airflow/example_dags/example_sensor_decorator.py
[2026-02-13T22:36:07.845+0000] {processor.py:743} INFO - Processing file /home/airflow/.local/lib/python3.7/site-packages/airflow/example_dags/example_sensor_decorator.py for tasks to queue
[2026-02-13T22:36:07.845+0000] {logging_mixin.py:137} INFO - [2026-02-13T22:36:07.845+0000] {dagbag.py:538} INFO - Filling up the DagBag from /home/airflow/.local/lib/python3.7/site-packages/airflow/example_dags/example_sensor_decorator.py
[2026-02-13T22:36:07.855+0000] {processor.py:753} INFO - DAG(s) dict_keys(['example_sensor_decorator']) retrieved from /home/airflow/.local/lib/python3.7/site-packages/airflow/example_dags/example_sensor_decorator.py
[2026-02-13T22:36:07.870+0000] {logging_mixin.py:137} INFO - [2026-02-13T22:36:07.870+0000] {dag.py:2690} INFO - Sync 1 DAGs
[2026-02-13T22:36:07.884+0000] {logging_mixin.py:137} INFO - [2026-02-13T22:36:07.884+0000] {dag.py:3441} INFO - Setting next_dagrun for example_sensor_decorator to None, run_after=None
[2026-02-13T22:36:07.894+0000] {processor.py:175} INFO - Processing /home/airflow/.local/lib/python3.7/site-packages/airflow/example_dags/example_sensor_decorator.py took 0.051 seconds
[2026-02-13T22:36:38.632+0000] {processor.py:153} INFO - Started process (PID=529) to work on /home/airflow/.local/lib/python3.7/site-packages/airflow/example_dags/example_sensor_decorator.py
[2026-02-13T22:36:38.633+0000] {processor.py:743} INFO - Processing file /home/airflow/.local/lib/python3.7/site-packages/airflow/example_dags/example_sensor_decorator.py for tasks to queue
[2026-02-13T22:36:38.633+0000] {logging_mixin.py:137} INFO - [2026-02-13T22:36:38.633+0000] {dagbag.py:538} INFO - Filling up the DagBag from /home/airflow/.local/lib/python3.7/site-packages/airflow/example_dags/example_sensor_decorator.py
[2026-02-13T22:36:38.643+0000] {processor.py:753} INFO - DAG(s) dict_keys(['example_sensor_decorator']) retrieved from /home/airflow/.local/lib/python3.7/site-packages/airflow/example_dags/example_sensor_decorator.py
[2026-02-13T22:36:38.655+0000] {logging_mixin.py:137} INFO - [2026-02-13T22:36:38.655+0000] {dag.py:2690} INFO - Sync 1 DAGs
[2026-02-13T22:36:38.665+0000] {logging_mixin.py:137} INFO - [2026-02-13T22:36:38.665+0000] {dag.py:3441} INFO - Setting next_dagrun for example_sensor_decorator to None, run_after=None
[2026-02-13T22:36:38.674+0000] {processor.py:175} INFO - Processing /home/airflow/.local/lib/python3.7/site-packages/airflow/example_dags/example_sensor_decorator.py took 0.044 seconds
