[2026-02-13T21:49:31.592+0000] {processor.py:153} INFO - Started process (PID=52) to work on /home/airflow/.local/lib/python3.7/site-packages/airflow/example_dags/example_trigger_target_dag.py
[2026-02-13T21:49:31.593+0000] {processor.py:743} INFO - Processing file /home/airflow/.local/lib/python3.7/site-packages/airflow/example_dags/example_trigger_target_dag.py for tasks to queue
[2026-02-13T21:49:31.593+0000] {logging_mixin.py:137} INFO - [2026-02-13T21:49:31.593+0000] {dagbag.py:538} INFO - Filling up the DagBag from /home/airflow/.local/lib/python3.7/site-packages/airflow/example_dags/example_trigger_target_dag.py
[2026-02-13T21:49:31.615+0000] {processor.py:753} INFO - DAG(s) dict_keys(['example_trigger_target_dag']) retrieved from /home/airflow/.local/lib/python3.7/site-packages/airflow/example_dags/example_trigger_target_dag.py
[2026-02-13T21:49:31.624+0000] {logging_mixin.py:137} INFO - [2026-02-13T21:49:31.623+0000] {dag.py:2690} INFO - Sync 1 DAGs
[2026-02-13T21:49:31.638+0000] {logging_mixin.py:137} INFO - [2026-02-13T21:49:31.638+0000] {dag.py:3441} INFO - Setting next_dagrun for example_trigger_target_dag to None, run_after=None
[2026-02-13T21:49:31.660+0000] {processor.py:175} INFO - Processing /home/airflow/.local/lib/python3.7/site-packages/airflow/example_dags/example_trigger_target_dag.py took 0.071 seconds
[2026-02-13T21:50:02.359+0000] {processor.py:153} INFO - Started process (PID=140) to work on /home/airflow/.local/lib/python3.7/site-packages/airflow/example_dags/example_trigger_target_dag.py
[2026-02-13T21:50:02.360+0000] {processor.py:743} INFO - Processing file /home/airflow/.local/lib/python3.7/site-packages/airflow/example_dags/example_trigger_target_dag.py for tasks to queue
[2026-02-13T21:50:02.360+0000] {logging_mixin.py:137} INFO - [2026-02-13T21:50:02.360+0000] {dagbag.py:538} INFO - Filling up the DagBag from /home/airflow/.local/lib/python3.7/site-packages/airflow/example_dags/example_trigger_target_dag.py
[2026-02-13T21:50:02.369+0000] {processor.py:753} INFO - DAG(s) dict_keys(['example_trigger_target_dag']) retrieved from /home/airflow/.local/lib/python3.7/site-packages/airflow/example_dags/example_trigger_target_dag.py
[2026-02-13T21:50:02.378+0000] {logging_mixin.py:137} INFO - [2026-02-13T21:50:02.378+0000] {dag.py:2690} INFO - Sync 1 DAGs
[2026-02-13T21:50:02.387+0000] {logging_mixin.py:137} INFO - [2026-02-13T21:50:02.387+0000] {dag.py:3441} INFO - Setting next_dagrun for example_trigger_target_dag to None, run_after=None
[2026-02-13T21:50:02.394+0000] {processor.py:175} INFO - Processing /home/airflow/.local/lib/python3.7/site-packages/airflow/example_dags/example_trigger_target_dag.py took 0.036 seconds
[2026-02-13T21:50:32.863+0000] {processor.py:153} INFO - Started process (PID=222) to work on /home/airflow/.local/lib/python3.7/site-packages/airflow/example_dags/example_trigger_target_dag.py
[2026-02-13T21:50:32.864+0000] {processor.py:743} INFO - Processing file /home/airflow/.local/lib/python3.7/site-packages/airflow/example_dags/example_trigger_target_dag.py for tasks to queue
[2026-02-13T21:50:32.865+0000] {logging_mixin.py:137} INFO - [2026-02-13T21:50:32.865+0000] {dagbag.py:538} INFO - Filling up the DagBag from /home/airflow/.local/lib/python3.7/site-packages/airflow/example_dags/example_trigger_target_dag.py
[2026-02-13T21:50:32.877+0000] {processor.py:753} INFO - DAG(s) dict_keys(['example_trigger_target_dag']) retrieved from /home/airflow/.local/lib/python3.7/site-packages/airflow/example_dags/example_trigger_target_dag.py
[2026-02-13T21:50:32.896+0000] {logging_mixin.py:137} INFO - [2026-02-13T21:50:32.895+0000] {dag.py:2690} INFO - Sync 1 DAGs
[2026-02-13T21:50:32.908+0000] {logging_mixin.py:137} INFO - [2026-02-13T21:50:32.908+0000] {dag.py:3441} INFO - Setting next_dagrun for example_trigger_target_dag to None, run_after=None
[2026-02-13T21:50:32.939+0000] {processor.py:175} INFO - Processing /home/airflow/.local/lib/python3.7/site-packages/airflow/example_dags/example_trigger_target_dag.py took 0.077 seconds
[2026-02-13T21:51:03.506+0000] {processor.py:153} INFO - Started process (PID=301) to work on /home/airflow/.local/lib/python3.7/site-packages/airflow/example_dags/example_trigger_target_dag.py
[2026-02-13T21:51:03.506+0000] {processor.py:743} INFO - Processing file /home/airflow/.local/lib/python3.7/site-packages/airflow/example_dags/example_trigger_target_dag.py for tasks to queue
[2026-02-13T21:51:03.507+0000] {logging_mixin.py:137} INFO - [2026-02-13T21:51:03.507+0000] {dagbag.py:538} INFO - Filling up the DagBag from /home/airflow/.local/lib/python3.7/site-packages/airflow/example_dags/example_trigger_target_dag.py
[2026-02-13T21:51:03.517+0000] {processor.py:753} INFO - DAG(s) dict_keys(['example_trigger_target_dag']) retrieved from /home/airflow/.local/lib/python3.7/site-packages/airflow/example_dags/example_trigger_target_dag.py
[2026-02-13T21:51:03.529+0000] {logging_mixin.py:137} INFO - [2026-02-13T21:51:03.529+0000] {dag.py:2690} INFO - Sync 1 DAGs
[2026-02-13T21:51:03.544+0000] {logging_mixin.py:137} INFO - [2026-02-13T21:51:03.544+0000] {dag.py:3441} INFO - Setting next_dagrun for example_trigger_target_dag to None, run_after=None
[2026-02-13T21:51:03.555+0000] {processor.py:175} INFO - Processing /home/airflow/.local/lib/python3.7/site-packages/airflow/example_dags/example_trigger_target_dag.py took 0.050 seconds
[2026-02-13T21:51:33.919+0000] {processor.py:153} INFO - Started process (PID=389) to work on /home/airflow/.local/lib/python3.7/site-packages/airflow/example_dags/example_trigger_target_dag.py
[2026-02-13T21:51:33.920+0000] {processor.py:743} INFO - Processing file /home/airflow/.local/lib/python3.7/site-packages/airflow/example_dags/example_trigger_target_dag.py for tasks to queue
[2026-02-13T21:51:33.921+0000] {logging_mixin.py:137} INFO - [2026-02-13T21:51:33.921+0000] {dagbag.py:538} INFO - Filling up the DagBag from /home/airflow/.local/lib/python3.7/site-packages/airflow/example_dags/example_trigger_target_dag.py
[2026-02-13T21:51:33.930+0000] {processor.py:753} INFO - DAG(s) dict_keys(['example_trigger_target_dag']) retrieved from /home/airflow/.local/lib/python3.7/site-packages/airflow/example_dags/example_trigger_target_dag.py
[2026-02-13T21:51:33.944+0000] {logging_mixin.py:137} INFO - [2026-02-13T21:51:33.944+0000] {dag.py:2690} INFO - Sync 1 DAGs
[2026-02-13T21:51:33.955+0000] {logging_mixin.py:137} INFO - [2026-02-13T21:51:33.955+0000] {dag.py:3441} INFO - Setting next_dagrun for example_trigger_target_dag to None, run_after=None
[2026-02-13T21:51:33.967+0000] {processor.py:175} INFO - Processing /home/airflow/.local/lib/python3.7/site-packages/airflow/example_dags/example_trigger_target_dag.py took 0.050 seconds
[2026-02-13T21:52:04.365+0000] {processor.py:153} INFO - Started process (PID=477) to work on /home/airflow/.local/lib/python3.7/site-packages/airflow/example_dags/example_trigger_target_dag.py
[2026-02-13T21:52:04.367+0000] {processor.py:743} INFO - Processing file /home/airflow/.local/lib/python3.7/site-packages/airflow/example_dags/example_trigger_target_dag.py for tasks to queue
[2026-02-13T21:52:04.367+0000] {logging_mixin.py:137} INFO - [2026-02-13T21:52:04.367+0000] {dagbag.py:538} INFO - Filling up the DagBag from /home/airflow/.local/lib/python3.7/site-packages/airflow/example_dags/example_trigger_target_dag.py
[2026-02-13T21:52:04.376+0000] {processor.py:753} INFO - DAG(s) dict_keys(['example_trigger_target_dag']) retrieved from /home/airflow/.local/lib/python3.7/site-packages/airflow/example_dags/example_trigger_target_dag.py
[2026-02-13T21:52:04.386+0000] {logging_mixin.py:137} INFO - [2026-02-13T21:52:04.386+0000] {dag.py:2690} INFO - Sync 1 DAGs
[2026-02-13T21:52:04.400+0000] {logging_mixin.py:137} INFO - [2026-02-13T21:52:04.400+0000] {dag.py:3441} INFO - Setting next_dagrun for example_trigger_target_dag to None, run_after=None
[2026-02-13T21:52:04.413+0000] {processor.py:175} INFO - Processing /home/airflow/.local/lib/python3.7/site-packages/airflow/example_dags/example_trigger_target_dag.py took 0.049 seconds
[2026-02-13T21:52:34.865+0000] {processor.py:153} INFO - Started process (PID=565) to work on /home/airflow/.local/lib/python3.7/site-packages/airflow/example_dags/example_trigger_target_dag.py
[2026-02-13T21:52:34.865+0000] {processor.py:743} INFO - Processing file /home/airflow/.local/lib/python3.7/site-packages/airflow/example_dags/example_trigger_target_dag.py for tasks to queue
[2026-02-13T21:52:34.866+0000] {logging_mixin.py:137} INFO - [2026-02-13T21:52:34.865+0000] {dagbag.py:538} INFO - Filling up the DagBag from /home/airflow/.local/lib/python3.7/site-packages/airflow/example_dags/example_trigger_target_dag.py
[2026-02-13T21:52:34.875+0000] {processor.py:753} INFO - DAG(s) dict_keys(['example_trigger_target_dag']) retrieved from /home/airflow/.local/lib/python3.7/site-packages/airflow/example_dags/example_trigger_target_dag.py
[2026-02-13T21:52:34.886+0000] {logging_mixin.py:137} INFO - [2026-02-13T21:52:34.886+0000] {dag.py:2690} INFO - Sync 1 DAGs
[2026-02-13T21:52:34.897+0000] {logging_mixin.py:137} INFO - [2026-02-13T21:52:34.897+0000] {dag.py:3441} INFO - Setting next_dagrun for example_trigger_target_dag to None, run_after=None
[2026-02-13T21:52:34.904+0000] {processor.py:175} INFO - Processing /home/airflow/.local/lib/python3.7/site-packages/airflow/example_dags/example_trigger_target_dag.py took 0.040 seconds
[2026-02-13T21:53:05.392+0000] {processor.py:153} INFO - Started process (PID=636) to work on /home/airflow/.local/lib/python3.7/site-packages/airflow/example_dags/example_trigger_target_dag.py
[2026-02-13T21:53:05.393+0000] {processor.py:743} INFO - Processing file /home/airflow/.local/lib/python3.7/site-packages/airflow/example_dags/example_trigger_target_dag.py for tasks to queue
[2026-02-13T21:53:05.393+0000] {logging_mixin.py:137} INFO - [2026-02-13T21:53:05.393+0000] {dagbag.py:538} INFO - Filling up the DagBag from /home/airflow/.local/lib/python3.7/site-packages/airflow/example_dags/example_trigger_target_dag.py
[2026-02-13T21:53:05.405+0000] {processor.py:753} INFO - DAG(s) dict_keys(['example_trigger_target_dag']) retrieved from /home/airflow/.local/lib/python3.7/site-packages/airflow/example_dags/example_trigger_target_dag.py
[2026-02-13T21:53:05.417+0000] {logging_mixin.py:137} INFO - [2026-02-13T21:53:05.417+0000] {dag.py:2690} INFO - Sync 1 DAGs
[2026-02-13T21:53:05.431+0000] {logging_mixin.py:137} INFO - [2026-02-13T21:53:05.431+0000] {dag.py:3441} INFO - Setting next_dagrun for example_trigger_target_dag to None, run_after=None
[2026-02-13T21:53:05.443+0000] {processor.py:175} INFO - Processing /home/airflow/.local/lib/python3.7/site-packages/airflow/example_dags/example_trigger_target_dag.py took 0.053 seconds
[2026-02-13T21:53:35.922+0000] {processor.py:153} INFO - Started process (PID=724) to work on /home/airflow/.local/lib/python3.7/site-packages/airflow/example_dags/example_trigger_target_dag.py
[2026-02-13T21:53:35.922+0000] {processor.py:743} INFO - Processing file /home/airflow/.local/lib/python3.7/site-packages/airflow/example_dags/example_trigger_target_dag.py for tasks to queue
[2026-02-13T21:53:35.922+0000] {logging_mixin.py:137} INFO - [2026-02-13T21:53:35.922+0000] {dagbag.py:538} INFO - Filling up the DagBag from /home/airflow/.local/lib/python3.7/site-packages/airflow/example_dags/example_trigger_target_dag.py
[2026-02-13T21:53:35.933+0000] {processor.py:753} INFO - DAG(s) dict_keys(['example_trigger_target_dag']) retrieved from /home/airflow/.local/lib/python3.7/site-packages/airflow/example_dags/example_trigger_target_dag.py
[2026-02-13T21:53:35.950+0000] {logging_mixin.py:137} INFO - [2026-02-13T21:53:35.947+0000] {dag.py:2690} INFO - Sync 1 DAGs
[2026-02-13T21:53:35.962+0000] {logging_mixin.py:137} INFO - [2026-02-13T21:53:35.962+0000] {dag.py:3441} INFO - Setting next_dagrun for example_trigger_target_dag to None, run_after=None
[2026-02-13T21:53:35.973+0000] {processor.py:175} INFO - Processing /home/airflow/.local/lib/python3.7/site-packages/airflow/example_dags/example_trigger_target_dag.py took 0.053 seconds
[2026-02-13T21:54:06.325+0000] {processor.py:153} INFO - Started process (PID=812) to work on /home/airflow/.local/lib/python3.7/site-packages/airflow/example_dags/example_trigger_target_dag.py
[2026-02-13T21:54:06.325+0000] {processor.py:743} INFO - Processing file /home/airflow/.local/lib/python3.7/site-packages/airflow/example_dags/example_trigger_target_dag.py for tasks to queue
[2026-02-13T21:54:06.325+0000] {logging_mixin.py:137} INFO - [2026-02-13T21:54:06.325+0000] {dagbag.py:538} INFO - Filling up the DagBag from /home/airflow/.local/lib/python3.7/site-packages/airflow/example_dags/example_trigger_target_dag.py
[2026-02-13T21:54:06.334+0000] {processor.py:753} INFO - DAG(s) dict_keys(['example_trigger_target_dag']) retrieved from /home/airflow/.local/lib/python3.7/site-packages/airflow/example_dags/example_trigger_target_dag.py
[2026-02-13T21:54:06.343+0000] {logging_mixin.py:137} INFO - [2026-02-13T21:54:06.343+0000] {dag.py:2690} INFO - Sync 1 DAGs
[2026-02-13T21:54:06.352+0000] {logging_mixin.py:137} INFO - [2026-02-13T21:54:06.352+0000] {dag.py:3441} INFO - Setting next_dagrun for example_trigger_target_dag to None, run_after=None
[2026-02-13T21:54:06.358+0000] {processor.py:175} INFO - Processing /home/airflow/.local/lib/python3.7/site-packages/airflow/example_dags/example_trigger_target_dag.py took 0.035 seconds
[2026-02-13T21:54:36.871+0000] {processor.py:153} INFO - Started process (PID=900) to work on /home/airflow/.local/lib/python3.7/site-packages/airflow/example_dags/example_trigger_target_dag.py
[2026-02-13T21:54:36.871+0000] {processor.py:743} INFO - Processing file /home/airflow/.local/lib/python3.7/site-packages/airflow/example_dags/example_trigger_target_dag.py for tasks to queue
[2026-02-13T21:54:36.873+0000] {logging_mixin.py:137} INFO - [2026-02-13T21:54:36.873+0000] {dagbag.py:538} INFO - Filling up the DagBag from /home/airflow/.local/lib/python3.7/site-packages/airflow/example_dags/example_trigger_target_dag.py
[2026-02-13T21:54:36.882+0000] {processor.py:753} INFO - DAG(s) dict_keys(['example_trigger_target_dag']) retrieved from /home/airflow/.local/lib/python3.7/site-packages/airflow/example_dags/example_trigger_target_dag.py
[2026-02-13T21:54:36.895+0000] {logging_mixin.py:137} INFO - [2026-02-13T21:54:36.895+0000] {dag.py:2690} INFO - Sync 1 DAGs
[2026-02-13T21:54:36.908+0000] {logging_mixin.py:137} INFO - [2026-02-13T21:54:36.908+0000] {dag.py:3441} INFO - Setting next_dagrun for example_trigger_target_dag to None, run_after=None
[2026-02-13T21:54:36.917+0000] {processor.py:175} INFO - Processing /home/airflow/.local/lib/python3.7/site-packages/airflow/example_dags/example_trigger_target_dag.py took 0.049 seconds
[2026-02-13T21:55:07.506+0000] {processor.py:153} INFO - Started process (PID=972) to work on /home/airflow/.local/lib/python3.7/site-packages/airflow/example_dags/example_trigger_target_dag.py
[2026-02-13T21:55:07.507+0000] {processor.py:743} INFO - Processing file /home/airflow/.local/lib/python3.7/site-packages/airflow/example_dags/example_trigger_target_dag.py for tasks to queue
[2026-02-13T21:55:07.507+0000] {logging_mixin.py:137} INFO - [2026-02-13T21:55:07.507+0000] {dagbag.py:538} INFO - Filling up the DagBag from /home/airflow/.local/lib/python3.7/site-packages/airflow/example_dags/example_trigger_target_dag.py
[2026-02-13T21:55:07.516+0000] {processor.py:753} INFO - DAG(s) dict_keys(['example_trigger_target_dag']) retrieved from /home/airflow/.local/lib/python3.7/site-packages/airflow/example_dags/example_trigger_target_dag.py
[2026-02-13T21:55:07.533+0000] {logging_mixin.py:137} INFO - [2026-02-13T21:55:07.533+0000] {dag.py:2690} INFO - Sync 1 DAGs
[2026-02-13T21:55:07.543+0000] {logging_mixin.py:137} INFO - [2026-02-13T21:55:07.543+0000] {dag.py:3441} INFO - Setting next_dagrun for example_trigger_target_dag to None, run_after=None
[2026-02-13T21:55:07.558+0000] {processor.py:175} INFO - Processing /home/airflow/.local/lib/python3.7/site-packages/airflow/example_dags/example_trigger_target_dag.py took 0.053 seconds
[2026-02-13T21:55:38.008+0000] {processor.py:153} INFO - Started process (PID=1060) to work on /home/airflow/.local/lib/python3.7/site-packages/airflow/example_dags/example_trigger_target_dag.py
[2026-02-13T21:55:38.009+0000] {processor.py:743} INFO - Processing file /home/airflow/.local/lib/python3.7/site-packages/airflow/example_dags/example_trigger_target_dag.py for tasks to queue
[2026-02-13T21:55:38.009+0000] {logging_mixin.py:137} INFO - [2026-02-13T21:55:38.009+0000] {dagbag.py:538} INFO - Filling up the DagBag from /home/airflow/.local/lib/python3.7/site-packages/airflow/example_dags/example_trigger_target_dag.py
[2026-02-13T21:55:38.019+0000] {processor.py:753} INFO - DAG(s) dict_keys(['example_trigger_target_dag']) retrieved from /home/airflow/.local/lib/python3.7/site-packages/airflow/example_dags/example_trigger_target_dag.py
[2026-02-13T21:55:38.035+0000] {logging_mixin.py:137} INFO - [2026-02-13T21:55:38.035+0000] {dag.py:2690} INFO - Sync 1 DAGs
[2026-02-13T21:55:38.050+0000] {logging_mixin.py:137} INFO - [2026-02-13T21:55:38.050+0000] {dag.py:3441} INFO - Setting next_dagrun for example_trigger_target_dag to None, run_after=None
[2026-02-13T21:55:38.063+0000] {processor.py:175} INFO - Processing /home/airflow/.local/lib/python3.7/site-packages/airflow/example_dags/example_trigger_target_dag.py took 0.056 seconds
[2026-02-13T21:56:08.506+0000] {processor.py:153} INFO - Started process (PID=1148) to work on /home/airflow/.local/lib/python3.7/site-packages/airflow/example_dags/example_trigger_target_dag.py
[2026-02-13T21:56:08.506+0000] {processor.py:743} INFO - Processing file /home/airflow/.local/lib/python3.7/site-packages/airflow/example_dags/example_trigger_target_dag.py for tasks to queue
[2026-02-13T21:56:08.506+0000] {logging_mixin.py:137} INFO - [2026-02-13T21:56:08.506+0000] {dagbag.py:538} INFO - Filling up the DagBag from /home/airflow/.local/lib/python3.7/site-packages/airflow/example_dags/example_trigger_target_dag.py
[2026-02-13T21:56:08.518+0000] {processor.py:753} INFO - DAG(s) dict_keys(['example_trigger_target_dag']) retrieved from /home/airflow/.local/lib/python3.7/site-packages/airflow/example_dags/example_trigger_target_dag.py
[2026-02-13T21:56:08.535+0000] {logging_mixin.py:137} INFO - [2026-02-13T21:56:08.535+0000] {dag.py:2690} INFO - Sync 1 DAGs
[2026-02-13T21:56:08.550+0000] {logging_mixin.py:137} INFO - [2026-02-13T21:56:08.550+0000] {dag.py:3441} INFO - Setting next_dagrun for example_trigger_target_dag to None, run_after=None
[2026-02-13T21:56:08.559+0000] {processor.py:175} INFO - Processing /home/airflow/.local/lib/python3.7/site-packages/airflow/example_dags/example_trigger_target_dag.py took 0.054 seconds
[2026-02-13T21:56:39.363+0000] {processor.py:153} INFO - Started process (PID=1236) to work on /home/airflow/.local/lib/python3.7/site-packages/airflow/example_dags/example_trigger_target_dag.py
[2026-02-13T21:56:39.363+0000] {processor.py:743} INFO - Processing file /home/airflow/.local/lib/python3.7/site-packages/airflow/example_dags/example_trigger_target_dag.py for tasks to queue
[2026-02-13T21:56:39.365+0000] {logging_mixin.py:137} INFO - [2026-02-13T21:56:39.365+0000] {dagbag.py:538} INFO - Filling up the DagBag from /home/airflow/.local/lib/python3.7/site-packages/airflow/example_dags/example_trigger_target_dag.py
[2026-02-13T21:56:39.375+0000] {processor.py:753} INFO - DAG(s) dict_keys(['example_trigger_target_dag']) retrieved from /home/airflow/.local/lib/python3.7/site-packages/airflow/example_dags/example_trigger_target_dag.py
[2026-02-13T21:56:39.389+0000] {logging_mixin.py:137} INFO - [2026-02-13T21:56:39.389+0000] {dag.py:2690} INFO - Sync 1 DAGs
[2026-02-13T21:56:39.405+0000] {logging_mixin.py:137} INFO - [2026-02-13T21:56:39.405+0000] {dag.py:3441} INFO - Setting next_dagrun for example_trigger_target_dag to None, run_after=None
[2026-02-13T21:56:39.423+0000] {processor.py:175} INFO - Processing /home/airflow/.local/lib/python3.7/site-packages/airflow/example_dags/example_trigger_target_dag.py took 0.062 seconds
[2026-02-13T22:01:03.727+0000] {processor.py:153} INFO - Started process (PID=50) to work on /home/airflow/.local/lib/python3.7/site-packages/airflow/example_dags/example_trigger_target_dag.py
[2026-02-13T22:01:03.729+0000] {processor.py:743} INFO - Processing file /home/airflow/.local/lib/python3.7/site-packages/airflow/example_dags/example_trigger_target_dag.py for tasks to queue
[2026-02-13T22:01:03.730+0000] {logging_mixin.py:137} INFO - [2026-02-13T22:01:03.730+0000] {dagbag.py:538} INFO - Filling up the DagBag from /home/airflow/.local/lib/python3.7/site-packages/airflow/example_dags/example_trigger_target_dag.py
[2026-02-13T22:01:03.747+0000] {processor.py:753} INFO - DAG(s) dict_keys(['example_trigger_target_dag']) retrieved from /home/airflow/.local/lib/python3.7/site-packages/airflow/example_dags/example_trigger_target_dag.py
[2026-02-13T22:01:03.757+0000] {logging_mixin.py:137} INFO - [2026-02-13T22:01:03.757+0000] {dag.py:2690} INFO - Sync 1 DAGs
[2026-02-13T22:01:03.774+0000] {logging_mixin.py:137} INFO - [2026-02-13T22:01:03.774+0000] {dag.py:3441} INFO - Setting next_dagrun for example_trigger_target_dag to None, run_after=None
[2026-02-13T22:01:03.799+0000] {processor.py:175} INFO - Processing /home/airflow/.local/lib/python3.7/site-packages/airflow/example_dags/example_trigger_target_dag.py took 0.076 seconds
[2026-02-13T22:01:34.526+0000] {processor.py:153} INFO - Started process (PID=137) to work on /home/airflow/.local/lib/python3.7/site-packages/airflow/example_dags/example_trigger_target_dag.py
[2026-02-13T22:01:34.527+0000] {processor.py:743} INFO - Processing file /home/airflow/.local/lib/python3.7/site-packages/airflow/example_dags/example_trigger_target_dag.py for tasks to queue
[2026-02-13T22:01:34.527+0000] {logging_mixin.py:137} INFO - [2026-02-13T22:01:34.527+0000] {dagbag.py:538} INFO - Filling up the DagBag from /home/airflow/.local/lib/python3.7/site-packages/airflow/example_dags/example_trigger_target_dag.py
[2026-02-13T22:01:34.538+0000] {processor.py:753} INFO - DAG(s) dict_keys(['example_trigger_target_dag']) retrieved from /home/airflow/.local/lib/python3.7/site-packages/airflow/example_dags/example_trigger_target_dag.py
[2026-02-13T22:01:34.552+0000] {logging_mixin.py:137} INFO - [2026-02-13T22:01:34.552+0000] {dag.py:2690} INFO - Sync 1 DAGs
[2026-02-13T22:01:34.565+0000] {logging_mixin.py:137} INFO - [2026-02-13T22:01:34.565+0000] {dag.py:3441} INFO - Setting next_dagrun for example_trigger_target_dag to None, run_after=None
[2026-02-13T22:01:34.579+0000] {processor.py:175} INFO - Processing /home/airflow/.local/lib/python3.7/site-packages/airflow/example_dags/example_trigger_target_dag.py took 0.054 seconds
[2026-02-13T22:02:05.077+0000] {processor.py:153} INFO - Started process (PID=227) to work on /home/airflow/.local/lib/python3.7/site-packages/airflow/example_dags/example_trigger_target_dag.py
[2026-02-13T22:02:05.078+0000] {processor.py:743} INFO - Processing file /home/airflow/.local/lib/python3.7/site-packages/airflow/example_dags/example_trigger_target_dag.py for tasks to queue
[2026-02-13T22:02:05.078+0000] {logging_mixin.py:137} INFO - [2026-02-13T22:02:05.078+0000] {dagbag.py:538} INFO - Filling up the DagBag from /home/airflow/.local/lib/python3.7/site-packages/airflow/example_dags/example_trigger_target_dag.py
[2026-02-13T22:02:05.089+0000] {processor.py:753} INFO - DAG(s) dict_keys(['example_trigger_target_dag']) retrieved from /home/airflow/.local/lib/python3.7/site-packages/airflow/example_dags/example_trigger_target_dag.py
[2026-02-13T22:02:05.103+0000] {logging_mixin.py:137} INFO - [2026-02-13T22:02:05.103+0000] {dag.py:2690} INFO - Sync 1 DAGs
[2026-02-13T22:02:05.117+0000] {logging_mixin.py:137} INFO - [2026-02-13T22:02:05.117+0000] {dag.py:3441} INFO - Setting next_dagrun for example_trigger_target_dag to None, run_after=None
[2026-02-13T22:02:05.128+0000] {processor.py:175} INFO - Processing /home/airflow/.local/lib/python3.7/site-packages/airflow/example_dags/example_trigger_target_dag.py took 0.052 seconds
[2026-02-13T22:02:35.660+0000] {processor.py:153} INFO - Started process (PID=299) to work on /home/airflow/.local/lib/python3.7/site-packages/airflow/example_dags/example_trigger_target_dag.py
[2026-02-13T22:02:35.660+0000] {processor.py:743} INFO - Processing file /home/airflow/.local/lib/python3.7/site-packages/airflow/example_dags/example_trigger_target_dag.py for tasks to queue
[2026-02-13T22:02:35.661+0000] {logging_mixin.py:137} INFO - [2026-02-13T22:02:35.661+0000] {dagbag.py:538} INFO - Filling up the DagBag from /home/airflow/.local/lib/python3.7/site-packages/airflow/example_dags/example_trigger_target_dag.py
[2026-02-13T22:02:35.675+0000] {processor.py:753} INFO - DAG(s) dict_keys(['example_trigger_target_dag']) retrieved from /home/airflow/.local/lib/python3.7/site-packages/airflow/example_dags/example_trigger_target_dag.py
[2026-02-13T22:02:35.689+0000] {logging_mixin.py:137} INFO - [2026-02-13T22:02:35.688+0000] {dag.py:2690} INFO - Sync 1 DAGs
[2026-02-13T22:02:35.703+0000] {logging_mixin.py:137} INFO - [2026-02-13T22:02:35.703+0000] {dag.py:3441} INFO - Setting next_dagrun for example_trigger_target_dag to None, run_after=None
[2026-02-13T22:02:35.718+0000] {processor.py:175} INFO - Processing /home/airflow/.local/lib/python3.7/site-packages/airflow/example_dags/example_trigger_target_dag.py took 0.060 seconds
[2026-02-13T22:03:29.954+0000] {processor.py:153} INFO - Started process (PID=50) to work on /home/airflow/.local/lib/python3.7/site-packages/airflow/example_dags/example_trigger_target_dag.py
[2026-02-13T22:03:29.956+0000] {processor.py:743} INFO - Processing file /home/airflow/.local/lib/python3.7/site-packages/airflow/example_dags/example_trigger_target_dag.py for tasks to queue
[2026-02-13T22:03:29.957+0000] {logging_mixin.py:137} INFO - [2026-02-13T22:03:29.957+0000] {dagbag.py:538} INFO - Filling up the DagBag from /home/airflow/.local/lib/python3.7/site-packages/airflow/example_dags/example_trigger_target_dag.py
[2026-02-13T22:03:29.973+0000] {processor.py:753} INFO - DAG(s) dict_keys(['example_trigger_target_dag']) retrieved from /home/airflow/.local/lib/python3.7/site-packages/airflow/example_dags/example_trigger_target_dag.py
[2026-02-13T22:03:29.982+0000] {logging_mixin.py:137} INFO - [2026-02-13T22:03:29.982+0000] {dag.py:2690} INFO - Sync 1 DAGs
[2026-02-13T22:03:29.999+0000] {logging_mixin.py:137} INFO - [2026-02-13T22:03:29.999+0000] {dag.py:3441} INFO - Setting next_dagrun for example_trigger_target_dag to None, run_after=None
[2026-02-13T22:03:30.015+0000] {processor.py:175} INFO - Processing /home/airflow/.local/lib/python3.7/site-packages/airflow/example_dags/example_trigger_target_dag.py took 0.063 seconds
[2026-02-13T22:04:00.727+0000] {processor.py:153} INFO - Started process (PID=137) to work on /home/airflow/.local/lib/python3.7/site-packages/airflow/example_dags/example_trigger_target_dag.py
[2026-02-13T22:04:00.728+0000] {processor.py:743} INFO - Processing file /home/airflow/.local/lib/python3.7/site-packages/airflow/example_dags/example_trigger_target_dag.py for tasks to queue
[2026-02-13T22:04:00.728+0000] {logging_mixin.py:137} INFO - [2026-02-13T22:04:00.728+0000] {dagbag.py:538} INFO - Filling up the DagBag from /home/airflow/.local/lib/python3.7/site-packages/airflow/example_dags/example_trigger_target_dag.py
[2026-02-13T22:04:00.739+0000] {processor.py:753} INFO - DAG(s) dict_keys(['example_trigger_target_dag']) retrieved from /home/airflow/.local/lib/python3.7/site-packages/airflow/example_dags/example_trigger_target_dag.py
[2026-02-13T22:04:00.757+0000] {logging_mixin.py:137} INFO - [2026-02-13T22:04:00.757+0000] {dag.py:2690} INFO - Sync 1 DAGs
[2026-02-13T22:04:00.778+0000] {logging_mixin.py:137} INFO - [2026-02-13T22:04:00.777+0000] {dag.py:3441} INFO - Setting next_dagrun for example_trigger_target_dag to None, run_after=None
[2026-02-13T22:04:00.793+0000] {processor.py:175} INFO - Processing /home/airflow/.local/lib/python3.7/site-packages/airflow/example_dags/example_trigger_target_dag.py took 0.067 seconds
[2026-02-13T22:04:31.797+0000] {processor.py:153} INFO - Started process (PID=218) to work on /home/airflow/.local/lib/python3.7/site-packages/airflow/example_dags/example_trigger_target_dag.py
[2026-02-13T22:04:31.798+0000] {processor.py:743} INFO - Processing file /home/airflow/.local/lib/python3.7/site-packages/airflow/example_dags/example_trigger_target_dag.py for tasks to queue
[2026-02-13T22:04:31.799+0000] {logging_mixin.py:137} INFO - [2026-02-13T22:04:31.799+0000] {dagbag.py:538} INFO - Filling up the DagBag from /home/airflow/.local/lib/python3.7/site-packages/airflow/example_dags/example_trigger_target_dag.py
[2026-02-13T22:04:31.819+0000] {processor.py:753} INFO - DAG(s) dict_keys(['example_trigger_target_dag']) retrieved from /home/airflow/.local/lib/python3.7/site-packages/airflow/example_dags/example_trigger_target_dag.py
[2026-02-13T22:04:31.836+0000] {logging_mixin.py:137} INFO - [2026-02-13T22:04:31.836+0000] {dag.py:2690} INFO - Sync 1 DAGs
[2026-02-13T22:04:31.853+0000] {logging_mixin.py:137} INFO - [2026-02-13T22:04:31.853+0000] {dag.py:3441} INFO - Setting next_dagrun for example_trigger_target_dag to None, run_after=None
[2026-02-13T22:04:31.871+0000] {processor.py:175} INFO - Processing /home/airflow/.local/lib/python3.7/site-packages/airflow/example_dags/example_trigger_target_dag.py took 0.076 seconds
[2026-02-13T22:05:02.589+0000] {processor.py:153} INFO - Started process (PID=297) to work on /home/airflow/.local/lib/python3.7/site-packages/airflow/example_dags/example_trigger_target_dag.py
[2026-02-13T22:05:02.590+0000] {processor.py:743} INFO - Processing file /home/airflow/.local/lib/python3.7/site-packages/airflow/example_dags/example_trigger_target_dag.py for tasks to queue
[2026-02-13T22:05:02.590+0000] {logging_mixin.py:137} INFO - [2026-02-13T22:05:02.590+0000] {dagbag.py:538} INFO - Filling up the DagBag from /home/airflow/.local/lib/python3.7/site-packages/airflow/example_dags/example_trigger_target_dag.py
[2026-02-13T22:05:02.604+0000] {processor.py:753} INFO - DAG(s) dict_keys(['example_trigger_target_dag']) retrieved from /home/airflow/.local/lib/python3.7/site-packages/airflow/example_dags/example_trigger_target_dag.py
[2026-02-13T22:05:02.616+0000] {logging_mixin.py:137} INFO - [2026-02-13T22:05:02.616+0000] {dag.py:2690} INFO - Sync 1 DAGs
[2026-02-13T22:05:02.628+0000] {logging_mixin.py:137} INFO - [2026-02-13T22:05:02.628+0000] {dag.py:3441} INFO - Setting next_dagrun for example_trigger_target_dag to None, run_after=None
[2026-02-13T22:05:02.637+0000] {processor.py:175} INFO - Processing /home/airflow/.local/lib/python3.7/site-packages/airflow/example_dags/example_trigger_target_dag.py took 0.050 seconds
[2026-02-13T22:05:33.169+0000] {processor.py:153} INFO - Started process (PID=385) to work on /home/airflow/.local/lib/python3.7/site-packages/airflow/example_dags/example_trigger_target_dag.py
[2026-02-13T22:05:33.171+0000] {processor.py:743} INFO - Processing file /home/airflow/.local/lib/python3.7/site-packages/airflow/example_dags/example_trigger_target_dag.py for tasks to queue
[2026-02-13T22:05:33.171+0000] {logging_mixin.py:137} INFO - [2026-02-13T22:05:33.171+0000] {dagbag.py:538} INFO - Filling up the DagBag from /home/airflow/.local/lib/python3.7/site-packages/airflow/example_dags/example_trigger_target_dag.py
[2026-02-13T22:05:33.183+0000] {processor.py:753} INFO - DAG(s) dict_keys(['example_trigger_target_dag']) retrieved from /home/airflow/.local/lib/python3.7/site-packages/airflow/example_dags/example_trigger_target_dag.py
[2026-02-13T22:05:33.195+0000] {logging_mixin.py:137} INFO - [2026-02-13T22:05:33.195+0000] {dag.py:2690} INFO - Sync 1 DAGs
[2026-02-13T22:05:33.212+0000] {logging_mixin.py:137} INFO - [2026-02-13T22:05:33.211+0000] {dag.py:3441} INFO - Setting next_dagrun for example_trigger_target_dag to None, run_after=None
[2026-02-13T22:05:33.219+0000] {processor.py:175} INFO - Processing /home/airflow/.local/lib/python3.7/site-packages/airflow/example_dags/example_trigger_target_dag.py took 0.051 seconds
[2026-02-13T22:06:33.135+0000] {processor.py:153} INFO - Started process (PID=52) to work on /home/airflow/.local/lib/python3.7/site-packages/airflow/example_dags/example_trigger_target_dag.py
[2026-02-13T22:06:33.136+0000] {processor.py:743} INFO - Processing file /home/airflow/.local/lib/python3.7/site-packages/airflow/example_dags/example_trigger_target_dag.py for tasks to queue
[2026-02-13T22:06:33.138+0000] {logging_mixin.py:137} INFO - [2026-02-13T22:06:33.138+0000] {dagbag.py:538} INFO - Filling up the DagBag from /home/airflow/.local/lib/python3.7/site-packages/airflow/example_dags/example_trigger_target_dag.py
[2026-02-13T22:06:33.153+0000] {processor.py:753} INFO - DAG(s) dict_keys(['example_trigger_target_dag']) retrieved from /home/airflow/.local/lib/python3.7/site-packages/airflow/example_dags/example_trigger_target_dag.py
[2026-02-13T22:06:33.164+0000] {logging_mixin.py:137} INFO - [2026-02-13T22:06:33.164+0000] {dag.py:2690} INFO - Sync 1 DAGs
[2026-02-13T22:06:33.180+0000] {logging_mixin.py:137} INFO - [2026-02-13T22:06:33.180+0000] {dag.py:3441} INFO - Setting next_dagrun for example_trigger_target_dag to None, run_after=None
[2026-02-13T22:06:33.191+0000] {processor.py:175} INFO - Processing /home/airflow/.local/lib/python3.7/site-packages/airflow/example_dags/example_trigger_target_dag.py took 0.058 seconds
[2026-02-13T22:07:04.254+0000] {processor.py:153} INFO - Started process (PID=141) to work on /home/airflow/.local/lib/python3.7/site-packages/airflow/example_dags/example_trigger_target_dag.py
[2026-02-13T22:07:04.257+0000] {processor.py:743} INFO - Processing file /home/airflow/.local/lib/python3.7/site-packages/airflow/example_dags/example_trigger_target_dag.py for tasks to queue
[2026-02-13T22:07:04.259+0000] {logging_mixin.py:137} INFO - [2026-02-13T22:07:04.258+0000] {dagbag.py:538} INFO - Filling up the DagBag from /home/airflow/.local/lib/python3.7/site-packages/airflow/example_dags/example_trigger_target_dag.py
[2026-02-13T22:07:04.273+0000] {processor.py:753} INFO - DAG(s) dict_keys(['example_trigger_target_dag']) retrieved from /home/airflow/.local/lib/python3.7/site-packages/airflow/example_dags/example_trigger_target_dag.py
[2026-02-13T22:07:04.293+0000] {logging_mixin.py:137} INFO - [2026-02-13T22:07:04.292+0000] {dag.py:2690} INFO - Sync 1 DAGs
[2026-02-13T22:07:04.311+0000] {logging_mixin.py:137} INFO - [2026-02-13T22:07:04.311+0000] {dag.py:3441} INFO - Setting next_dagrun for example_trigger_target_dag to None, run_after=None
[2026-02-13T22:07:04.321+0000] {processor.py:175} INFO - Processing /home/airflow/.local/lib/python3.7/site-packages/airflow/example_dags/example_trigger_target_dag.py took 0.071 seconds
[2026-02-13T22:07:34.420+0000] {processor.py:153} INFO - Started process (PID=230) to work on /home/airflow/.local/lib/python3.7/site-packages/airflow/example_dags/example_trigger_target_dag.py
[2026-02-13T22:07:34.421+0000] {processor.py:743} INFO - Processing file /home/airflow/.local/lib/python3.7/site-packages/airflow/example_dags/example_trigger_target_dag.py for tasks to queue
[2026-02-13T22:07:34.422+0000] {logging_mixin.py:137} INFO - [2026-02-13T22:07:34.422+0000] {dagbag.py:538} INFO - Filling up the DagBag from /home/airflow/.local/lib/python3.7/site-packages/airflow/example_dags/example_trigger_target_dag.py
[2026-02-13T22:07:34.435+0000] {processor.py:753} INFO - DAG(s) dict_keys(['example_trigger_target_dag']) retrieved from /home/airflow/.local/lib/python3.7/site-packages/airflow/example_dags/example_trigger_target_dag.py
[2026-02-13T22:07:34.454+0000] {logging_mixin.py:137} INFO - [2026-02-13T22:07:34.454+0000] {dag.py:2690} INFO - Sync 1 DAGs
[2026-02-13T22:07:34.471+0000] {logging_mixin.py:137} INFO - [2026-02-13T22:07:34.471+0000] {dag.py:3441} INFO - Setting next_dagrun for example_trigger_target_dag to None, run_after=None
[2026-02-13T22:07:34.480+0000] {processor.py:175} INFO - Processing /home/airflow/.local/lib/python3.7/site-packages/airflow/example_dags/example_trigger_target_dag.py took 0.062 seconds
[2026-02-13T22:08:05.186+0000] {processor.py:153} INFO - Started process (PID=303) to work on /home/airflow/.local/lib/python3.7/site-packages/airflow/example_dags/example_trigger_target_dag.py
[2026-02-13T22:08:05.186+0000] {processor.py:743} INFO - Processing file /home/airflow/.local/lib/python3.7/site-packages/airflow/example_dags/example_trigger_target_dag.py for tasks to queue
[2026-02-13T22:08:05.187+0000] {logging_mixin.py:137} INFO - [2026-02-13T22:08:05.187+0000] {dagbag.py:538} INFO - Filling up the DagBag from /home/airflow/.local/lib/python3.7/site-packages/airflow/example_dags/example_trigger_target_dag.py
[2026-02-13T22:08:05.196+0000] {processor.py:753} INFO - DAG(s) dict_keys(['example_trigger_target_dag']) retrieved from /home/airflow/.local/lib/python3.7/site-packages/airflow/example_dags/example_trigger_target_dag.py
[2026-02-13T22:08:05.209+0000] {logging_mixin.py:137} INFO - [2026-02-13T22:08:05.209+0000] {dag.py:2690} INFO - Sync 1 DAGs
[2026-02-13T22:08:05.219+0000] {logging_mixin.py:137} INFO - [2026-02-13T22:08:05.219+0000] {dag.py:3441} INFO - Setting next_dagrun for example_trigger_target_dag to None, run_after=None
[2026-02-13T22:08:05.231+0000] {processor.py:175} INFO - Processing /home/airflow/.local/lib/python3.7/site-packages/airflow/example_dags/example_trigger_target_dag.py took 0.047 seconds
[2026-02-13T22:08:35.933+0000] {processor.py:153} INFO - Started process (PID=392) to work on /home/airflow/.local/lib/python3.7/site-packages/airflow/example_dags/example_trigger_target_dag.py
[2026-02-13T22:08:35.934+0000] {processor.py:743} INFO - Processing file /home/airflow/.local/lib/python3.7/site-packages/airflow/example_dags/example_trigger_target_dag.py for tasks to queue
[2026-02-13T22:08:35.934+0000] {logging_mixin.py:137} INFO - [2026-02-13T22:08:35.934+0000] {dagbag.py:538} INFO - Filling up the DagBag from /home/airflow/.local/lib/python3.7/site-packages/airflow/example_dags/example_trigger_target_dag.py
[2026-02-13T22:08:35.942+0000] {processor.py:753} INFO - DAG(s) dict_keys(['example_trigger_target_dag']) retrieved from /home/airflow/.local/lib/python3.7/site-packages/airflow/example_dags/example_trigger_target_dag.py
[2026-02-13T22:08:35.952+0000] {logging_mixin.py:137} INFO - [2026-02-13T22:08:35.952+0000] {dag.py:2690} INFO - Sync 1 DAGs
[2026-02-13T22:08:35.961+0000] {logging_mixin.py:137} INFO - [2026-02-13T22:08:35.961+0000] {dag.py:3441} INFO - Setting next_dagrun for example_trigger_target_dag to None, run_after=None
[2026-02-13T22:08:35.967+0000] {processor.py:175} INFO - Processing /home/airflow/.local/lib/python3.7/site-packages/airflow/example_dags/example_trigger_target_dag.py took 0.036 seconds
[2026-02-13T22:09:06.621+0000] {processor.py:153} INFO - Started process (PID=481) to work on /home/airflow/.local/lib/python3.7/site-packages/airflow/example_dags/example_trigger_target_dag.py
[2026-02-13T22:09:06.622+0000] {processor.py:743} INFO - Processing file /home/airflow/.local/lib/python3.7/site-packages/airflow/example_dags/example_trigger_target_dag.py for tasks to queue
[2026-02-13T22:09:06.622+0000] {logging_mixin.py:137} INFO - [2026-02-13T22:09:06.622+0000] {dagbag.py:538} INFO - Filling up the DagBag from /home/airflow/.local/lib/python3.7/site-packages/airflow/example_dags/example_trigger_target_dag.py
[2026-02-13T22:09:06.635+0000] {processor.py:753} INFO - DAG(s) dict_keys(['example_trigger_target_dag']) retrieved from /home/airflow/.local/lib/python3.7/site-packages/airflow/example_dags/example_trigger_target_dag.py
[2026-02-13T22:09:06.651+0000] {logging_mixin.py:137} INFO - [2026-02-13T22:09:06.651+0000] {dag.py:2690} INFO - Sync 1 DAGs
[2026-02-13T22:09:06.663+0000] {logging_mixin.py:137} INFO - [2026-02-13T22:09:06.663+0000] {dag.py:3441} INFO - Setting next_dagrun for example_trigger_target_dag to None, run_after=None
[2026-02-13T22:09:06.676+0000] {processor.py:175} INFO - Processing /home/airflow/.local/lib/python3.7/site-packages/airflow/example_dags/example_trigger_target_dag.py took 0.056 seconds
[2026-02-13T22:09:37.166+0000] {processor.py:153} INFO - Started process (PID=569) to work on /home/airflow/.local/lib/python3.7/site-packages/airflow/example_dags/example_trigger_target_dag.py
[2026-02-13T22:09:37.167+0000] {processor.py:743} INFO - Processing file /home/airflow/.local/lib/python3.7/site-packages/airflow/example_dags/example_trigger_target_dag.py for tasks to queue
[2026-02-13T22:09:37.168+0000] {logging_mixin.py:137} INFO - [2026-02-13T22:09:37.167+0000] {dagbag.py:538} INFO - Filling up the DagBag from /home/airflow/.local/lib/python3.7/site-packages/airflow/example_dags/example_trigger_target_dag.py
[2026-02-13T22:09:37.178+0000] {processor.py:753} INFO - DAG(s) dict_keys(['example_trigger_target_dag']) retrieved from /home/airflow/.local/lib/python3.7/site-packages/airflow/example_dags/example_trigger_target_dag.py
[2026-02-13T22:09:37.196+0000] {logging_mixin.py:137} INFO - [2026-02-13T22:09:37.195+0000] {dag.py:2690} INFO - Sync 1 DAGs
[2026-02-13T22:09:37.209+0000] {logging_mixin.py:137} INFO - [2026-02-13T22:09:37.209+0000] {dag.py:3441} INFO - Setting next_dagrun for example_trigger_target_dag to None, run_after=None
[2026-02-13T22:09:37.219+0000] {processor.py:175} INFO - Processing /home/airflow/.local/lib/python3.7/site-packages/airflow/example_dags/example_trigger_target_dag.py took 0.055 seconds
[2026-02-13T22:10:07.815+0000] {processor.py:153} INFO - Started process (PID=642) to work on /home/airflow/.local/lib/python3.7/site-packages/airflow/example_dags/example_trigger_target_dag.py
[2026-02-13T22:10:07.816+0000] {processor.py:743} INFO - Processing file /home/airflow/.local/lib/python3.7/site-packages/airflow/example_dags/example_trigger_target_dag.py for tasks to queue
[2026-02-13T22:10:07.816+0000] {logging_mixin.py:137} INFO - [2026-02-13T22:10:07.816+0000] {dagbag.py:538} INFO - Filling up the DagBag from /home/airflow/.local/lib/python3.7/site-packages/airflow/example_dags/example_trigger_target_dag.py
[2026-02-13T22:10:07.826+0000] {processor.py:753} INFO - DAG(s) dict_keys(['example_trigger_target_dag']) retrieved from /home/airflow/.local/lib/python3.7/site-packages/airflow/example_dags/example_trigger_target_dag.py
[2026-02-13T22:10:07.838+0000] {logging_mixin.py:137} INFO - [2026-02-13T22:10:07.838+0000] {dag.py:2690} INFO - Sync 1 DAGs
[2026-02-13T22:10:07.848+0000] {logging_mixin.py:137} INFO - [2026-02-13T22:10:07.848+0000] {dag.py:3441} INFO - Setting next_dagrun for example_trigger_target_dag to None, run_after=None
[2026-02-13T22:10:07.860+0000] {processor.py:175} INFO - Processing /home/airflow/.local/lib/python3.7/site-packages/airflow/example_dags/example_trigger_target_dag.py took 0.046 seconds
[2026-02-13T22:10:38.462+0000] {processor.py:153} INFO - Started process (PID=730) to work on /home/airflow/.local/lib/python3.7/site-packages/airflow/example_dags/example_trigger_target_dag.py
[2026-02-13T22:10:38.463+0000] {processor.py:743} INFO - Processing file /home/airflow/.local/lib/python3.7/site-packages/airflow/example_dags/example_trigger_target_dag.py for tasks to queue
[2026-02-13T22:10:38.463+0000] {logging_mixin.py:137} INFO - [2026-02-13T22:10:38.463+0000] {dagbag.py:538} INFO - Filling up the DagBag from /home/airflow/.local/lib/python3.7/site-packages/airflow/example_dags/example_trigger_target_dag.py
[2026-02-13T22:10:38.473+0000] {processor.py:753} INFO - DAG(s) dict_keys(['example_trigger_target_dag']) retrieved from /home/airflow/.local/lib/python3.7/site-packages/airflow/example_dags/example_trigger_target_dag.py
[2026-02-13T22:10:38.488+0000] {logging_mixin.py:137} INFO - [2026-02-13T22:10:38.488+0000] {dag.py:2690} INFO - Sync 1 DAGs
[2026-02-13T22:10:38.498+0000] {logging_mixin.py:137} INFO - [2026-02-13T22:10:38.498+0000] {dag.py:3441} INFO - Setting next_dagrun for example_trigger_target_dag to None, run_after=None
[2026-02-13T22:10:38.511+0000] {processor.py:175} INFO - Processing /home/airflow/.local/lib/python3.7/site-packages/airflow/example_dags/example_trigger_target_dag.py took 0.050 seconds
[2026-02-13T22:11:09.021+0000] {processor.py:153} INFO - Started process (PID=819) to work on /home/airflow/.local/lib/python3.7/site-packages/airflow/example_dags/example_trigger_target_dag.py
[2026-02-13T22:11:09.022+0000] {processor.py:743} INFO - Processing file /home/airflow/.local/lib/python3.7/site-packages/airflow/example_dags/example_trigger_target_dag.py for tasks to queue
[2026-02-13T22:11:09.022+0000] {logging_mixin.py:137} INFO - [2026-02-13T22:11:09.022+0000] {dagbag.py:538} INFO - Filling up the DagBag from /home/airflow/.local/lib/python3.7/site-packages/airflow/example_dags/example_trigger_target_dag.py
[2026-02-13T22:11:09.032+0000] {processor.py:753} INFO - DAG(s) dict_keys(['example_trigger_target_dag']) retrieved from /home/airflow/.local/lib/python3.7/site-packages/airflow/example_dags/example_trigger_target_dag.py
[2026-02-13T22:11:09.046+0000] {logging_mixin.py:137} INFO - [2026-02-13T22:11:09.046+0000] {dag.py:2690} INFO - Sync 1 DAGs
[2026-02-13T22:11:09.058+0000] {logging_mixin.py:137} INFO - [2026-02-13T22:11:09.058+0000] {dag.py:3441} INFO - Setting next_dagrun for example_trigger_target_dag to None, run_after=None
[2026-02-13T22:11:09.066+0000] {processor.py:175} INFO - Processing /home/airflow/.local/lib/python3.7/site-packages/airflow/example_dags/example_trigger_target_dag.py took 0.046 seconds
[2026-02-13T22:11:39.608+0000] {processor.py:153} INFO - Started process (PID=907) to work on /home/airflow/.local/lib/python3.7/site-packages/airflow/example_dags/example_trigger_target_dag.py
[2026-02-13T22:11:39.609+0000] {processor.py:743} INFO - Processing file /home/airflow/.local/lib/python3.7/site-packages/airflow/example_dags/example_trigger_target_dag.py for tasks to queue
[2026-02-13T22:11:39.610+0000] {logging_mixin.py:137} INFO - [2026-02-13T22:11:39.610+0000] {dagbag.py:538} INFO - Filling up the DagBag from /home/airflow/.local/lib/python3.7/site-packages/airflow/example_dags/example_trigger_target_dag.py
[2026-02-13T22:11:39.620+0000] {processor.py:753} INFO - DAG(s) dict_keys(['example_trigger_target_dag']) retrieved from /home/airflow/.local/lib/python3.7/site-packages/airflow/example_dags/example_trigger_target_dag.py
[2026-02-13T22:11:39.634+0000] {logging_mixin.py:137} INFO - [2026-02-13T22:11:39.634+0000] {dag.py:2690} INFO - Sync 1 DAGs
[2026-02-13T22:11:39.649+0000] {logging_mixin.py:137} INFO - [2026-02-13T22:11:39.649+0000] {dag.py:3441} INFO - Setting next_dagrun for example_trigger_target_dag to None, run_after=None
[2026-02-13T22:11:39.664+0000] {processor.py:175} INFO - Processing /home/airflow/.local/lib/python3.7/site-packages/airflow/example_dags/example_trigger_target_dag.py took 0.058 seconds
[2026-02-13T22:12:10.178+0000] {processor.py:153} INFO - Started process (PID=980) to work on /home/airflow/.local/lib/python3.7/site-packages/airflow/example_dags/example_trigger_target_dag.py
[2026-02-13T22:12:10.179+0000] {processor.py:743} INFO - Processing file /home/airflow/.local/lib/python3.7/site-packages/airflow/example_dags/example_trigger_target_dag.py for tasks to queue
[2026-02-13T22:12:10.180+0000] {logging_mixin.py:137} INFO - [2026-02-13T22:12:10.180+0000] {dagbag.py:538} INFO - Filling up the DagBag from /home/airflow/.local/lib/python3.7/site-packages/airflow/example_dags/example_trigger_target_dag.py
[2026-02-13T22:12:10.190+0000] {processor.py:753} INFO - DAG(s) dict_keys(['example_trigger_target_dag']) retrieved from /home/airflow/.local/lib/python3.7/site-packages/airflow/example_dags/example_trigger_target_dag.py
[2026-02-13T22:12:10.202+0000] {logging_mixin.py:137} INFO - [2026-02-13T22:12:10.202+0000] {dag.py:2690} INFO - Sync 1 DAGs
[2026-02-13T22:12:10.212+0000] {logging_mixin.py:137} INFO - [2026-02-13T22:12:10.212+0000] {dag.py:3441} INFO - Setting next_dagrun for example_trigger_target_dag to None, run_after=None
[2026-02-13T22:12:10.227+0000] {processor.py:175} INFO - Processing /home/airflow/.local/lib/python3.7/site-packages/airflow/example_dags/example_trigger_target_dag.py took 0.050 seconds
[2026-02-13T22:12:40.804+0000] {processor.py:153} INFO - Started process (PID=1069) to work on /home/airflow/.local/lib/python3.7/site-packages/airflow/example_dags/example_trigger_target_dag.py
[2026-02-13T22:12:40.805+0000] {processor.py:743} INFO - Processing file /home/airflow/.local/lib/python3.7/site-packages/airflow/example_dags/example_trigger_target_dag.py for tasks to queue
[2026-02-13T22:12:40.805+0000] {logging_mixin.py:137} INFO - [2026-02-13T22:12:40.805+0000] {dagbag.py:538} INFO - Filling up the DagBag from /home/airflow/.local/lib/python3.7/site-packages/airflow/example_dags/example_trigger_target_dag.py
[2026-02-13T22:12:40.818+0000] {processor.py:753} INFO - DAG(s) dict_keys(['example_trigger_target_dag']) retrieved from /home/airflow/.local/lib/python3.7/site-packages/airflow/example_dags/example_trigger_target_dag.py
[2026-02-13T22:12:40.833+0000] {logging_mixin.py:137} INFO - [2026-02-13T22:12:40.833+0000] {dag.py:2690} INFO - Sync 1 DAGs
[2026-02-13T22:12:40.846+0000] {logging_mixin.py:137} INFO - [2026-02-13T22:12:40.846+0000] {dag.py:3441} INFO - Setting next_dagrun for example_trigger_target_dag to None, run_after=None
[2026-02-13T22:12:40.854+0000] {processor.py:175} INFO - Processing /home/airflow/.local/lib/python3.7/site-packages/airflow/example_dags/example_trigger_target_dag.py took 0.051 seconds
[2026-02-13T22:20:57.120+0000] {processor.py:153} INFO - Started process (PID=91) to work on /home/airflow/.local/lib/python3.7/site-packages/airflow/example_dags/example_trigger_target_dag.py
[2026-02-13T22:20:57.123+0000] {processor.py:743} INFO - Processing file /home/airflow/.local/lib/python3.7/site-packages/airflow/example_dags/example_trigger_target_dag.py for tasks to queue
[2026-02-13T22:20:57.125+0000] {logging_mixin.py:137} INFO - [2026-02-13T22:20:57.125+0000] {dagbag.py:538} INFO - Filling up the DagBag from /home/airflow/.local/lib/python3.7/site-packages/airflow/example_dags/example_trigger_target_dag.py
[2026-02-13T22:20:57.137+0000] {processor.py:753} INFO - DAG(s) dict_keys(['example_trigger_target_dag']) retrieved from /home/airflow/.local/lib/python3.7/site-packages/airflow/example_dags/example_trigger_target_dag.py
[2026-02-13T22:20:57.143+0000] {logging_mixin.py:137} INFO - [2026-02-13T22:20:57.143+0000] {dag.py:2690} INFO - Sync 1 DAGs
[2026-02-13T22:20:57.155+0000] {logging_mixin.py:137} INFO - [2026-02-13T22:20:57.155+0000] {dag.py:3441} INFO - Setting next_dagrun for example_trigger_target_dag to None, run_after=None
[2026-02-13T22:20:57.162+0000] {processor.py:175} INFO - Processing /home/airflow/.local/lib/python3.7/site-packages/airflow/example_dags/example_trigger_target_dag.py took 0.045 seconds
[2026-02-13T22:21:27.905+0000] {processor.py:153} INFO - Started process (PID=164) to work on /home/airflow/.local/lib/python3.7/site-packages/airflow/example_dags/example_trigger_target_dag.py
[2026-02-13T22:21:27.905+0000] {processor.py:743} INFO - Processing file /home/airflow/.local/lib/python3.7/site-packages/airflow/example_dags/example_trigger_target_dag.py for tasks to queue
[2026-02-13T22:21:27.907+0000] {logging_mixin.py:137} INFO - [2026-02-13T22:21:27.907+0000] {dagbag.py:538} INFO - Filling up the DagBag from /home/airflow/.local/lib/python3.7/site-packages/airflow/example_dags/example_trigger_target_dag.py
[2026-02-13T22:21:27.921+0000] {processor.py:753} INFO - DAG(s) dict_keys(['example_trigger_target_dag']) retrieved from /home/airflow/.local/lib/python3.7/site-packages/airflow/example_dags/example_trigger_target_dag.py
[2026-02-13T22:21:27.933+0000] {logging_mixin.py:137} INFO - [2026-02-13T22:21:27.933+0000] {dag.py:2690} INFO - Sync 1 DAGs
[2026-02-13T22:21:27.944+0000] {logging_mixin.py:137} INFO - [2026-02-13T22:21:27.943+0000] {dag.py:3441} INFO - Setting next_dagrun for example_trigger_target_dag to None, run_after=None
[2026-02-13T22:21:27.955+0000] {processor.py:175} INFO - Processing /home/airflow/.local/lib/python3.7/site-packages/airflow/example_dags/example_trigger_target_dag.py took 0.052 seconds
[2026-02-13T22:21:58.873+0000] {processor.py:153} INFO - Started process (PID=254) to work on /home/airflow/.local/lib/python3.7/site-packages/airflow/example_dags/example_trigger_target_dag.py
[2026-02-13T22:21:58.873+0000] {processor.py:743} INFO - Processing file /home/airflow/.local/lib/python3.7/site-packages/airflow/example_dags/example_trigger_target_dag.py for tasks to queue
[2026-02-13T22:21:58.874+0000] {logging_mixin.py:137} INFO - [2026-02-13T22:21:58.874+0000] {dagbag.py:538} INFO - Filling up the DagBag from /home/airflow/.local/lib/python3.7/site-packages/airflow/example_dags/example_trigger_target_dag.py
[2026-02-13T22:21:58.885+0000] {processor.py:753} INFO - DAG(s) dict_keys(['example_trigger_target_dag']) retrieved from /home/airflow/.local/lib/python3.7/site-packages/airflow/example_dags/example_trigger_target_dag.py
[2026-02-13T22:21:58.903+0000] {logging_mixin.py:137} INFO - [2026-02-13T22:21:58.903+0000] {dag.py:2690} INFO - Sync 1 DAGs
[2026-02-13T22:21:58.917+0000] {logging_mixin.py:137} INFO - [2026-02-13T22:21:58.917+0000] {dag.py:3441} INFO - Setting next_dagrun for example_trigger_target_dag to None, run_after=None
[2026-02-13T22:21:58.934+0000] {processor.py:175} INFO - Processing /home/airflow/.local/lib/python3.7/site-packages/airflow/example_dags/example_trigger_target_dag.py took 0.063 seconds
[2026-02-13T22:22:29.563+0000] {processor.py:153} INFO - Started process (PID=344) to work on /home/airflow/.local/lib/python3.7/site-packages/airflow/example_dags/example_trigger_target_dag.py
[2026-02-13T22:22:29.563+0000] {processor.py:743} INFO - Processing file /home/airflow/.local/lib/python3.7/site-packages/airflow/example_dags/example_trigger_target_dag.py for tasks to queue
[2026-02-13T22:22:29.564+0000] {logging_mixin.py:137} INFO - [2026-02-13T22:22:29.564+0000] {dagbag.py:538} INFO - Filling up the DagBag from /home/airflow/.local/lib/python3.7/site-packages/airflow/example_dags/example_trigger_target_dag.py
[2026-02-13T22:22:29.572+0000] {processor.py:753} INFO - DAG(s) dict_keys(['example_trigger_target_dag']) retrieved from /home/airflow/.local/lib/python3.7/site-packages/airflow/example_dags/example_trigger_target_dag.py
[2026-02-13T22:22:29.585+0000] {logging_mixin.py:137} INFO - [2026-02-13T22:22:29.585+0000] {dag.py:2690} INFO - Sync 1 DAGs
[2026-02-13T22:22:29.596+0000] {logging_mixin.py:137} INFO - [2026-02-13T22:22:29.596+0000] {dag.py:3441} INFO - Setting next_dagrun for example_trigger_target_dag to None, run_after=None
[2026-02-13T22:22:29.606+0000] {processor.py:175} INFO - Processing /home/airflow/.local/lib/python3.7/site-packages/airflow/example_dags/example_trigger_target_dag.py took 0.045 seconds
[2026-02-13T22:23:00.231+0000] {processor.py:153} INFO - Started process (PID=433) to work on /home/airflow/.local/lib/python3.7/site-packages/airflow/example_dags/example_trigger_target_dag.py
[2026-02-13T22:23:00.232+0000] {processor.py:743} INFO - Processing file /home/airflow/.local/lib/python3.7/site-packages/airflow/example_dags/example_trigger_target_dag.py for tasks to queue
[2026-02-13T22:23:00.233+0000] {logging_mixin.py:137} INFO - [2026-02-13T22:23:00.233+0000] {dagbag.py:538} INFO - Filling up the DagBag from /home/airflow/.local/lib/python3.7/site-packages/airflow/example_dags/example_trigger_target_dag.py
[2026-02-13T22:23:00.243+0000] {processor.py:753} INFO - DAG(s) dict_keys(['example_trigger_target_dag']) retrieved from /home/airflow/.local/lib/python3.7/site-packages/airflow/example_dags/example_trigger_target_dag.py
[2026-02-13T22:23:00.258+0000] {logging_mixin.py:137} INFO - [2026-02-13T22:23:00.258+0000] {dag.py:2690} INFO - Sync 1 DAGs
[2026-02-13T22:23:00.270+0000] {logging_mixin.py:137} INFO - [2026-02-13T22:23:00.270+0000] {dag.py:3441} INFO - Setting next_dagrun for example_trigger_target_dag to None, run_after=None
[2026-02-13T22:23:00.281+0000] {processor.py:175} INFO - Processing /home/airflow/.local/lib/python3.7/site-packages/airflow/example_dags/example_trigger_target_dag.py took 0.052 seconds
[2026-02-13T22:23:30.941+0000] {processor.py:153} INFO - Started process (PID=506) to work on /home/airflow/.local/lib/python3.7/site-packages/airflow/example_dags/example_trigger_target_dag.py
[2026-02-13T22:23:30.943+0000] {processor.py:743} INFO - Processing file /home/airflow/.local/lib/python3.7/site-packages/airflow/example_dags/example_trigger_target_dag.py for tasks to queue
[2026-02-13T22:23:30.945+0000] {logging_mixin.py:137} INFO - [2026-02-13T22:23:30.945+0000] {dagbag.py:538} INFO - Filling up the DagBag from /home/airflow/.local/lib/python3.7/site-packages/airflow/example_dags/example_trigger_target_dag.py
[2026-02-13T22:23:30.955+0000] {processor.py:753} INFO - DAG(s) dict_keys(['example_trigger_target_dag']) retrieved from /home/airflow/.local/lib/python3.7/site-packages/airflow/example_dags/example_trigger_target_dag.py
[2026-02-13T22:23:30.968+0000] {logging_mixin.py:137} INFO - [2026-02-13T22:23:30.968+0000] {dag.py:2690} INFO - Sync 1 DAGs
[2026-02-13T22:23:30.978+0000] {logging_mixin.py:137} INFO - [2026-02-13T22:23:30.978+0000] {dag.py:3441} INFO - Setting next_dagrun for example_trigger_target_dag to None, run_after=None
[2026-02-13T22:23:30.993+0000] {processor.py:175} INFO - Processing /home/airflow/.local/lib/python3.7/site-packages/airflow/example_dags/example_trigger_target_dag.py took 0.053 seconds
[2026-02-13T22:24:01.621+0000] {processor.py:153} INFO - Started process (PID=594) to work on /home/airflow/.local/lib/python3.7/site-packages/airflow/example_dags/example_trigger_target_dag.py
[2026-02-13T22:24:01.622+0000] {processor.py:743} INFO - Processing file /home/airflow/.local/lib/python3.7/site-packages/airflow/example_dags/example_trigger_target_dag.py for tasks to queue
[2026-02-13T22:24:01.622+0000] {logging_mixin.py:137} INFO - [2026-02-13T22:24:01.622+0000] {dagbag.py:538} INFO - Filling up the DagBag from /home/airflow/.local/lib/python3.7/site-packages/airflow/example_dags/example_trigger_target_dag.py
[2026-02-13T22:24:01.633+0000] {processor.py:753} INFO - DAG(s) dict_keys(['example_trigger_target_dag']) retrieved from /home/airflow/.local/lib/python3.7/site-packages/airflow/example_dags/example_trigger_target_dag.py
[2026-02-13T22:24:01.646+0000] {logging_mixin.py:137} INFO - [2026-02-13T22:24:01.646+0000] {dag.py:2690} INFO - Sync 1 DAGs
[2026-02-13T22:24:01.659+0000] {logging_mixin.py:137} INFO - [2026-02-13T22:24:01.659+0000] {dag.py:3441} INFO - Setting next_dagrun for example_trigger_target_dag to None, run_after=None
[2026-02-13T22:24:01.676+0000] {processor.py:175} INFO - Processing /home/airflow/.local/lib/python3.7/site-packages/airflow/example_dags/example_trigger_target_dag.py took 0.057 seconds
[2026-02-13T22:24:32.359+0000] {processor.py:153} INFO - Started process (PID=683) to work on /home/airflow/.local/lib/python3.7/site-packages/airflow/example_dags/example_trigger_target_dag.py
[2026-02-13T22:24:32.359+0000] {processor.py:743} INFO - Processing file /home/airflow/.local/lib/python3.7/site-packages/airflow/example_dags/example_trigger_target_dag.py for tasks to queue
[2026-02-13T22:24:32.360+0000] {logging_mixin.py:137} INFO - [2026-02-13T22:24:32.359+0000] {dagbag.py:538} INFO - Filling up the DagBag from /home/airflow/.local/lib/python3.7/site-packages/airflow/example_dags/example_trigger_target_dag.py
[2026-02-13T22:24:32.372+0000] {processor.py:753} INFO - DAG(s) dict_keys(['example_trigger_target_dag']) retrieved from /home/airflow/.local/lib/python3.7/site-packages/airflow/example_dags/example_trigger_target_dag.py
[2026-02-13T22:24:32.394+0000] {logging_mixin.py:137} INFO - [2026-02-13T22:24:32.394+0000] {dag.py:2690} INFO - Sync 1 DAGs
[2026-02-13T22:24:32.406+0000] {logging_mixin.py:137} INFO - [2026-02-13T22:24:32.406+0000] {dag.py:3441} INFO - Setting next_dagrun for example_trigger_target_dag to None, run_after=None
[2026-02-13T22:24:32.414+0000] {processor.py:175} INFO - Processing /home/airflow/.local/lib/python3.7/site-packages/airflow/example_dags/example_trigger_target_dag.py took 0.057 seconds
[2026-02-13T22:25:03.006+0000] {processor.py:153} INFO - Started process (PID=772) to work on /home/airflow/.local/lib/python3.7/site-packages/airflow/example_dags/example_trigger_target_dag.py
[2026-02-13T22:25:03.006+0000] {processor.py:743} INFO - Processing file /home/airflow/.local/lib/python3.7/site-packages/airflow/example_dags/example_trigger_target_dag.py for tasks to queue
[2026-02-13T22:25:03.008+0000] {logging_mixin.py:137} INFO - [2026-02-13T22:25:03.008+0000] {dagbag.py:538} INFO - Filling up the DagBag from /home/airflow/.local/lib/python3.7/site-packages/airflow/example_dags/example_trigger_target_dag.py
[2026-02-13T22:25:03.017+0000] {processor.py:753} INFO - DAG(s) dict_keys(['example_trigger_target_dag']) retrieved from /home/airflow/.local/lib/python3.7/site-packages/airflow/example_dags/example_trigger_target_dag.py
[2026-02-13T22:25:03.029+0000] {logging_mixin.py:137} INFO - [2026-02-13T22:25:03.029+0000] {dag.py:2690} INFO - Sync 1 DAGs
[2026-02-13T22:25:03.040+0000] {logging_mixin.py:137} INFO - [2026-02-13T22:25:03.040+0000] {dag.py:3441} INFO - Setting next_dagrun for example_trigger_target_dag to None, run_after=None
[2026-02-13T22:25:03.049+0000] {processor.py:175} INFO - Processing /home/airflow/.local/lib/python3.7/site-packages/airflow/example_dags/example_trigger_target_dag.py took 0.045 seconds
[2026-02-13T22:25:33.682+0000] {processor.py:153} INFO - Started process (PID=861) to work on /home/airflow/.local/lib/python3.7/site-packages/airflow/example_dags/example_trigger_target_dag.py
[2026-02-13T22:25:33.684+0000] {processor.py:743} INFO - Processing file /home/airflow/.local/lib/python3.7/site-packages/airflow/example_dags/example_trigger_target_dag.py for tasks to queue
[2026-02-13T22:25:33.684+0000] {logging_mixin.py:137} INFO - [2026-02-13T22:25:33.684+0000] {dagbag.py:538} INFO - Filling up the DagBag from /home/airflow/.local/lib/python3.7/site-packages/airflow/example_dags/example_trigger_target_dag.py
[2026-02-13T22:25:33.694+0000] {processor.py:753} INFO - DAG(s) dict_keys(['example_trigger_target_dag']) retrieved from /home/airflow/.local/lib/python3.7/site-packages/airflow/example_dags/example_trigger_target_dag.py
[2026-02-13T22:25:33.707+0000] {logging_mixin.py:137} INFO - [2026-02-13T22:25:33.707+0000] {dag.py:2690} INFO - Sync 1 DAGs
[2026-02-13T22:25:33.719+0000] {logging_mixin.py:137} INFO - [2026-02-13T22:25:33.719+0000] {dag.py:3441} INFO - Setting next_dagrun for example_trigger_target_dag to None, run_after=None
[2026-02-13T22:25:33.737+0000] {processor.py:175} INFO - Processing /home/airflow/.local/lib/python3.7/site-packages/airflow/example_dags/example_trigger_target_dag.py took 0.056 seconds
[2026-02-13T22:26:04.345+0000] {processor.py:153} INFO - Started process (PID=934) to work on /home/airflow/.local/lib/python3.7/site-packages/airflow/example_dags/example_trigger_target_dag.py
[2026-02-13T22:26:04.346+0000] {processor.py:743} INFO - Processing file /home/airflow/.local/lib/python3.7/site-packages/airflow/example_dags/example_trigger_target_dag.py for tasks to queue
[2026-02-13T22:26:04.346+0000] {logging_mixin.py:137} INFO - [2026-02-13T22:26:04.346+0000] {dagbag.py:538} INFO - Filling up the DagBag from /home/airflow/.local/lib/python3.7/site-packages/airflow/example_dags/example_trigger_target_dag.py
[2026-02-13T22:26:04.356+0000] {processor.py:753} INFO - DAG(s) dict_keys(['example_trigger_target_dag']) retrieved from /home/airflow/.local/lib/python3.7/site-packages/airflow/example_dags/example_trigger_target_dag.py
[2026-02-13T22:26:04.366+0000] {logging_mixin.py:137} INFO - [2026-02-13T22:26:04.366+0000] {dag.py:2690} INFO - Sync 1 DAGs
[2026-02-13T22:26:04.375+0000] {logging_mixin.py:137} INFO - [2026-02-13T22:26:04.375+0000] {dag.py:3441} INFO - Setting next_dagrun for example_trigger_target_dag to None, run_after=None
[2026-02-13T22:26:04.382+0000] {processor.py:175} INFO - Processing /home/airflow/.local/lib/python3.7/site-packages/airflow/example_dags/example_trigger_target_dag.py took 0.039 seconds
[2026-02-13T22:26:34.856+0000] {processor.py:153} INFO - Started process (PID=1023) to work on /home/airflow/.local/lib/python3.7/site-packages/airflow/example_dags/example_trigger_target_dag.py
[2026-02-13T22:26:34.859+0000] {processor.py:743} INFO - Processing file /home/airflow/.local/lib/python3.7/site-packages/airflow/example_dags/example_trigger_target_dag.py for tasks to queue
[2026-02-13T22:26:34.859+0000] {logging_mixin.py:137} INFO - [2026-02-13T22:26:34.859+0000] {dagbag.py:538} INFO - Filling up the DagBag from /home/airflow/.local/lib/python3.7/site-packages/airflow/example_dags/example_trigger_target_dag.py
[2026-02-13T22:26:34.872+0000] {processor.py:753} INFO - DAG(s) dict_keys(['example_trigger_target_dag']) retrieved from /home/airflow/.local/lib/python3.7/site-packages/airflow/example_dags/example_trigger_target_dag.py
[2026-02-13T22:26:34.886+0000] {logging_mixin.py:137} INFO - [2026-02-13T22:26:34.886+0000] {dag.py:2690} INFO - Sync 1 DAGs
[2026-02-13T22:26:34.901+0000] {logging_mixin.py:137} INFO - [2026-02-13T22:26:34.901+0000] {dag.py:3441} INFO - Setting next_dagrun for example_trigger_target_dag to None, run_after=None
[2026-02-13T22:26:34.911+0000] {processor.py:175} INFO - Processing /home/airflow/.local/lib/python3.7/site-packages/airflow/example_dags/example_trigger_target_dag.py took 0.057 seconds
[2026-02-13T22:27:05.653+0000] {processor.py:153} INFO - Started process (PID=1112) to work on /home/airflow/.local/lib/python3.7/site-packages/airflow/example_dags/example_trigger_target_dag.py
[2026-02-13T22:27:05.654+0000] {processor.py:743} INFO - Processing file /home/airflow/.local/lib/python3.7/site-packages/airflow/example_dags/example_trigger_target_dag.py for tasks to queue
[2026-02-13T22:27:05.655+0000] {logging_mixin.py:137} INFO - [2026-02-13T22:27:05.655+0000] {dagbag.py:538} INFO - Filling up the DagBag from /home/airflow/.local/lib/python3.7/site-packages/airflow/example_dags/example_trigger_target_dag.py
[2026-02-13T22:27:05.667+0000] {processor.py:753} INFO - DAG(s) dict_keys(['example_trigger_target_dag']) retrieved from /home/airflow/.local/lib/python3.7/site-packages/airflow/example_dags/example_trigger_target_dag.py
[2026-02-13T22:27:05.683+0000] {logging_mixin.py:137} INFO - [2026-02-13T22:27:05.683+0000] {dag.py:2690} INFO - Sync 1 DAGs
[2026-02-13T22:27:05.694+0000] {logging_mixin.py:137} INFO - [2026-02-13T22:27:05.694+0000] {dag.py:3441} INFO - Setting next_dagrun for example_trigger_target_dag to None, run_after=None
[2026-02-13T22:27:05.702+0000] {processor.py:175} INFO - Processing /home/airflow/.local/lib/python3.7/site-packages/airflow/example_dags/example_trigger_target_dag.py took 0.050 seconds
[2026-02-13T22:27:36.276+0000] {processor.py:153} INFO - Started process (PID=1201) to work on /home/airflow/.local/lib/python3.7/site-packages/airflow/example_dags/example_trigger_target_dag.py
[2026-02-13T22:27:36.276+0000] {processor.py:743} INFO - Processing file /home/airflow/.local/lib/python3.7/site-packages/airflow/example_dags/example_trigger_target_dag.py for tasks to queue
[2026-02-13T22:27:36.277+0000] {logging_mixin.py:137} INFO - [2026-02-13T22:27:36.277+0000] {dagbag.py:538} INFO - Filling up the DagBag from /home/airflow/.local/lib/python3.7/site-packages/airflow/example_dags/example_trigger_target_dag.py
[2026-02-13T22:27:36.286+0000] {processor.py:753} INFO - DAG(s) dict_keys(['example_trigger_target_dag']) retrieved from /home/airflow/.local/lib/python3.7/site-packages/airflow/example_dags/example_trigger_target_dag.py
[2026-02-13T22:27:36.301+0000] {logging_mixin.py:137} INFO - [2026-02-13T22:27:36.301+0000] {dag.py:2690} INFO - Sync 1 DAGs
[2026-02-13T22:27:36.316+0000] {logging_mixin.py:137} INFO - [2026-02-13T22:27:36.316+0000] {dag.py:3441} INFO - Setting next_dagrun for example_trigger_target_dag to None, run_after=None
[2026-02-13T22:27:36.327+0000] {processor.py:175} INFO - Processing /home/airflow/.local/lib/python3.7/site-packages/airflow/example_dags/example_trigger_target_dag.py took 0.053 seconds
[2026-02-13T22:28:07.042+0000] {processor.py:153} INFO - Started process (PID=1274) to work on /home/airflow/.local/lib/python3.7/site-packages/airflow/example_dags/example_trigger_target_dag.py
[2026-02-13T22:28:07.043+0000] {processor.py:743} INFO - Processing file /home/airflow/.local/lib/python3.7/site-packages/airflow/example_dags/example_trigger_target_dag.py for tasks to queue
[2026-02-13T22:28:07.044+0000] {logging_mixin.py:137} INFO - [2026-02-13T22:28:07.044+0000] {dagbag.py:538} INFO - Filling up the DagBag from /home/airflow/.local/lib/python3.7/site-packages/airflow/example_dags/example_trigger_target_dag.py
[2026-02-13T22:28:07.056+0000] {processor.py:753} INFO - DAG(s) dict_keys(['example_trigger_target_dag']) retrieved from /home/airflow/.local/lib/python3.7/site-packages/airflow/example_dags/example_trigger_target_dag.py
[2026-02-13T22:28:07.072+0000] {logging_mixin.py:137} INFO - [2026-02-13T22:28:07.072+0000] {dag.py:2690} INFO - Sync 1 DAGs
[2026-02-13T22:28:07.083+0000] {logging_mixin.py:137} INFO - [2026-02-13T22:28:07.083+0000] {dag.py:3441} INFO - Setting next_dagrun for example_trigger_target_dag to None, run_after=None
[2026-02-13T22:28:07.094+0000] {processor.py:175} INFO - Processing /home/airflow/.local/lib/python3.7/site-packages/airflow/example_dags/example_trigger_target_dag.py took 0.053 seconds
[2026-02-13T22:28:37.627+0000] {processor.py:153} INFO - Started process (PID=1363) to work on /home/airflow/.local/lib/python3.7/site-packages/airflow/example_dags/example_trigger_target_dag.py
[2026-02-13T22:28:37.628+0000] {processor.py:743} INFO - Processing file /home/airflow/.local/lib/python3.7/site-packages/airflow/example_dags/example_trigger_target_dag.py for tasks to queue
[2026-02-13T22:28:37.628+0000] {logging_mixin.py:137} INFO - [2026-02-13T22:28:37.628+0000] {dagbag.py:538} INFO - Filling up the DagBag from /home/airflow/.local/lib/python3.7/site-packages/airflow/example_dags/example_trigger_target_dag.py
[2026-02-13T22:28:37.638+0000] {processor.py:753} INFO - DAG(s) dict_keys(['example_trigger_target_dag']) retrieved from /home/airflow/.local/lib/python3.7/site-packages/airflow/example_dags/example_trigger_target_dag.py
[2026-02-13T22:28:37.654+0000] {logging_mixin.py:137} INFO - [2026-02-13T22:28:37.654+0000] {dag.py:2690} INFO - Sync 1 DAGs
[2026-02-13T22:28:37.665+0000] {logging_mixin.py:137} INFO - [2026-02-13T22:28:37.665+0000] {dag.py:3441} INFO - Setting next_dagrun for example_trigger_target_dag to None, run_after=None
[2026-02-13T22:28:37.678+0000] {processor.py:175} INFO - Processing /home/airflow/.local/lib/python3.7/site-packages/airflow/example_dags/example_trigger_target_dag.py took 0.052 seconds
[2026-02-13T22:29:08.266+0000] {processor.py:153} INFO - Started process (PID=1452) to work on /home/airflow/.local/lib/python3.7/site-packages/airflow/example_dags/example_trigger_target_dag.py
[2026-02-13T22:29:08.267+0000] {processor.py:743} INFO - Processing file /home/airflow/.local/lib/python3.7/site-packages/airflow/example_dags/example_trigger_target_dag.py for tasks to queue
[2026-02-13T22:29:08.267+0000] {logging_mixin.py:137} INFO - [2026-02-13T22:29:08.267+0000] {dagbag.py:538} INFO - Filling up the DagBag from /home/airflow/.local/lib/python3.7/site-packages/airflow/example_dags/example_trigger_target_dag.py
[2026-02-13T22:29:08.279+0000] {processor.py:753} INFO - DAG(s) dict_keys(['example_trigger_target_dag']) retrieved from /home/airflow/.local/lib/python3.7/site-packages/airflow/example_dags/example_trigger_target_dag.py
[2026-02-13T22:29:08.295+0000] {logging_mixin.py:137} INFO - [2026-02-13T22:29:08.295+0000] {dag.py:2690} INFO - Sync 1 DAGs
[2026-02-13T22:29:08.306+0000] {logging_mixin.py:137} INFO - [2026-02-13T22:29:08.306+0000] {dag.py:3441} INFO - Setting next_dagrun for example_trigger_target_dag to None, run_after=None
[2026-02-13T22:29:08.318+0000] {processor.py:175} INFO - Processing /home/airflow/.local/lib/python3.7/site-packages/airflow/example_dags/example_trigger_target_dag.py took 0.054 seconds
[2026-02-13T22:29:38.896+0000] {processor.py:153} INFO - Started process (PID=1541) to work on /home/airflow/.local/lib/python3.7/site-packages/airflow/example_dags/example_trigger_target_dag.py
[2026-02-13T22:29:38.896+0000] {processor.py:743} INFO - Processing file /home/airflow/.local/lib/python3.7/site-packages/airflow/example_dags/example_trigger_target_dag.py for tasks to queue
[2026-02-13T22:29:38.897+0000] {logging_mixin.py:137} INFO - [2026-02-13T22:29:38.896+0000] {dagbag.py:538} INFO - Filling up the DagBag from /home/airflow/.local/lib/python3.7/site-packages/airflow/example_dags/example_trigger_target_dag.py
[2026-02-13T22:29:38.906+0000] {processor.py:753} INFO - DAG(s) dict_keys(['example_trigger_target_dag']) retrieved from /home/airflow/.local/lib/python3.7/site-packages/airflow/example_dags/example_trigger_target_dag.py
[2026-02-13T22:29:38.921+0000] {logging_mixin.py:137} INFO - [2026-02-13T22:29:38.921+0000] {dag.py:2690} INFO - Sync 1 DAGs
[2026-02-13T22:29:38.934+0000] {logging_mixin.py:137} INFO - [2026-02-13T22:29:38.934+0000] {dag.py:3441} INFO - Setting next_dagrun for example_trigger_target_dag to None, run_after=None
[2026-02-13T22:29:38.944+0000] {processor.py:175} INFO - Processing /home/airflow/.local/lib/python3.7/site-packages/airflow/example_dags/example_trigger_target_dag.py took 0.050 seconds
[2026-02-13T22:30:09.543+0000] {processor.py:153} INFO - Started process (PID=1614) to work on /home/airflow/.local/lib/python3.7/site-packages/airflow/example_dags/example_trigger_target_dag.py
[2026-02-13T22:30:09.544+0000] {processor.py:743} INFO - Processing file /home/airflow/.local/lib/python3.7/site-packages/airflow/example_dags/example_trigger_target_dag.py for tasks to queue
[2026-02-13T22:30:09.544+0000] {logging_mixin.py:137} INFO - [2026-02-13T22:30:09.544+0000] {dagbag.py:538} INFO - Filling up the DagBag from /home/airflow/.local/lib/python3.7/site-packages/airflow/example_dags/example_trigger_target_dag.py
[2026-02-13T22:30:09.555+0000] {processor.py:753} INFO - DAG(s) dict_keys(['example_trigger_target_dag']) retrieved from /home/airflow/.local/lib/python3.7/site-packages/airflow/example_dags/example_trigger_target_dag.py
[2026-02-13T22:30:09.575+0000] {logging_mixin.py:137} INFO - [2026-02-13T22:30:09.575+0000] {dag.py:2690} INFO - Sync 1 DAGs
[2026-02-13T22:30:09.588+0000] {logging_mixin.py:137} INFO - [2026-02-13T22:30:09.588+0000] {dag.py:3441} INFO - Setting next_dagrun for example_trigger_target_dag to None, run_after=None
[2026-02-13T22:30:09.595+0000] {processor.py:175} INFO - Processing /home/airflow/.local/lib/python3.7/site-packages/airflow/example_dags/example_trigger_target_dag.py took 0.055 seconds
[2026-02-13T22:30:40.356+0000] {processor.py:153} INFO - Started process (PID=1703) to work on /home/airflow/.local/lib/python3.7/site-packages/airflow/example_dags/example_trigger_target_dag.py
[2026-02-13T22:30:40.357+0000] {processor.py:743} INFO - Processing file /home/airflow/.local/lib/python3.7/site-packages/airflow/example_dags/example_trigger_target_dag.py for tasks to queue
[2026-02-13T22:30:40.358+0000] {logging_mixin.py:137} INFO - [2026-02-13T22:30:40.358+0000] {dagbag.py:538} INFO - Filling up the DagBag from /home/airflow/.local/lib/python3.7/site-packages/airflow/example_dags/example_trigger_target_dag.py
[2026-02-13T22:30:40.370+0000] {processor.py:753} INFO - DAG(s) dict_keys(['example_trigger_target_dag']) retrieved from /home/airflow/.local/lib/python3.7/site-packages/airflow/example_dags/example_trigger_target_dag.py
[2026-02-13T22:30:40.382+0000] {logging_mixin.py:137} INFO - [2026-02-13T22:30:40.382+0000] {dag.py:2690} INFO - Sync 1 DAGs
[2026-02-13T22:30:40.394+0000] {logging_mixin.py:137} INFO - [2026-02-13T22:30:40.393+0000] {dag.py:3441} INFO - Setting next_dagrun for example_trigger_target_dag to None, run_after=None
[2026-02-13T22:30:40.408+0000] {processor.py:175} INFO - Processing /home/airflow/.local/lib/python3.7/site-packages/airflow/example_dags/example_trigger_target_dag.py took 0.054 seconds
[2026-02-13T22:31:10.977+0000] {processor.py:153} INFO - Started process (PID=1792) to work on /home/airflow/.local/lib/python3.7/site-packages/airflow/example_dags/example_trigger_target_dag.py
[2026-02-13T22:31:10.979+0000] {processor.py:743} INFO - Processing file /home/airflow/.local/lib/python3.7/site-packages/airflow/example_dags/example_trigger_target_dag.py for tasks to queue
[2026-02-13T22:31:10.979+0000] {logging_mixin.py:137} INFO - [2026-02-13T22:31:10.979+0000] {dagbag.py:538} INFO - Filling up the DagBag from /home/airflow/.local/lib/python3.7/site-packages/airflow/example_dags/example_trigger_target_dag.py
[2026-02-13T22:31:10.988+0000] {processor.py:753} INFO - DAG(s) dict_keys(['example_trigger_target_dag']) retrieved from /home/airflow/.local/lib/python3.7/site-packages/airflow/example_dags/example_trigger_target_dag.py
[2026-02-13T22:31:10.998+0000] {logging_mixin.py:137} INFO - [2026-02-13T22:31:10.998+0000] {dag.py:2690} INFO - Sync 1 DAGs
[2026-02-13T22:31:11.009+0000] {logging_mixin.py:137} INFO - [2026-02-13T22:31:11.008+0000] {dag.py:3441} INFO - Setting next_dagrun for example_trigger_target_dag to None, run_after=None
[2026-02-13T22:31:11.015+0000] {processor.py:175} INFO - Processing /home/airflow/.local/lib/python3.7/site-packages/airflow/example_dags/example_trigger_target_dag.py took 0.040 seconds
[2026-02-13T22:31:41.632+0000] {processor.py:153} INFO - Started process (PID=1881) to work on /home/airflow/.local/lib/python3.7/site-packages/airflow/example_dags/example_trigger_target_dag.py
[2026-02-13T22:31:41.634+0000] {processor.py:743} INFO - Processing file /home/airflow/.local/lib/python3.7/site-packages/airflow/example_dags/example_trigger_target_dag.py for tasks to queue
[2026-02-13T22:31:41.634+0000] {logging_mixin.py:137} INFO - [2026-02-13T22:31:41.634+0000] {dagbag.py:538} INFO - Filling up the DagBag from /home/airflow/.local/lib/python3.7/site-packages/airflow/example_dags/example_trigger_target_dag.py
[2026-02-13T22:31:41.646+0000] {processor.py:753} INFO - DAG(s) dict_keys(['example_trigger_target_dag']) retrieved from /home/airflow/.local/lib/python3.7/site-packages/airflow/example_dags/example_trigger_target_dag.py
[2026-02-13T22:31:41.661+0000] {logging_mixin.py:137} INFO - [2026-02-13T22:31:41.661+0000] {dag.py:2690} INFO - Sync 1 DAGs
[2026-02-13T22:31:41.676+0000] {logging_mixin.py:137} INFO - [2026-02-13T22:31:41.676+0000] {dag.py:3441} INFO - Setting next_dagrun for example_trigger_target_dag to None, run_after=None
[2026-02-13T22:31:41.696+0000] {processor.py:175} INFO - Processing /home/airflow/.local/lib/python3.7/site-packages/airflow/example_dags/example_trigger_target_dag.py took 0.066 seconds
[2026-02-13T22:32:12.483+0000] {processor.py:153} INFO - Started process (PID=1962) to work on /home/airflow/.local/lib/python3.7/site-packages/airflow/example_dags/example_trigger_target_dag.py
[2026-02-13T22:32:12.487+0000] {processor.py:743} INFO - Processing file /home/airflow/.local/lib/python3.7/site-packages/airflow/example_dags/example_trigger_target_dag.py for tasks to queue
[2026-02-13T22:32:12.490+0000] {logging_mixin.py:137} INFO - [2026-02-13T22:32:12.490+0000] {dagbag.py:538} INFO - Filling up the DagBag from /home/airflow/.local/lib/python3.7/site-packages/airflow/example_dags/example_trigger_target_dag.py
[2026-02-13T22:32:12.500+0000] {processor.py:753} INFO - DAG(s) dict_keys(['example_trigger_target_dag']) retrieved from /home/airflow/.local/lib/python3.7/site-packages/airflow/example_dags/example_trigger_target_dag.py
[2026-02-13T22:32:12.520+0000] {logging_mixin.py:137} INFO - [2026-02-13T22:32:12.520+0000] {dag.py:2690} INFO - Sync 1 DAGs
[2026-02-13T22:32:12.540+0000] {logging_mixin.py:137} INFO - [2026-02-13T22:32:12.540+0000] {dag.py:3441} INFO - Setting next_dagrun for example_trigger_target_dag to None, run_after=None
[2026-02-13T22:32:12.558+0000] {processor.py:175} INFO - Processing /home/airflow/.local/lib/python3.7/site-packages/airflow/example_dags/example_trigger_target_dag.py took 0.079 seconds
[2026-02-13T22:32:42.781+0000] {processor.py:153} INFO - Started process (PID=2042) to work on /home/airflow/.local/lib/python3.7/site-packages/airflow/example_dags/example_trigger_target_dag.py
[2026-02-13T22:32:42.782+0000] {processor.py:743} INFO - Processing file /home/airflow/.local/lib/python3.7/site-packages/airflow/example_dags/example_trigger_target_dag.py for tasks to queue
[2026-02-13T22:32:42.782+0000] {logging_mixin.py:137} INFO - [2026-02-13T22:32:42.782+0000] {dagbag.py:538} INFO - Filling up the DagBag from /home/airflow/.local/lib/python3.7/site-packages/airflow/example_dags/example_trigger_target_dag.py
[2026-02-13T22:32:42.791+0000] {processor.py:753} INFO - DAG(s) dict_keys(['example_trigger_target_dag']) retrieved from /home/airflow/.local/lib/python3.7/site-packages/airflow/example_dags/example_trigger_target_dag.py
[2026-02-13T22:32:42.805+0000] {logging_mixin.py:137} INFO - [2026-02-13T22:32:42.805+0000] {dag.py:2690} INFO - Sync 1 DAGs
[2026-02-13T22:32:42.818+0000] {logging_mixin.py:137} INFO - [2026-02-13T22:32:42.818+0000] {dag.py:3441} INFO - Setting next_dagrun for example_trigger_target_dag to None, run_after=None
[2026-02-13T22:32:42.836+0000] {processor.py:175} INFO - Processing /home/airflow/.local/lib/python3.7/site-packages/airflow/example_dags/example_trigger_target_dag.py took 0.057 seconds
[2026-02-13T22:34:04.144+0000] {processor.py:153} INFO - Started process (PID=93) to work on /home/airflow/.local/lib/python3.7/site-packages/airflow/example_dags/example_trigger_target_dag.py
[2026-02-13T22:34:04.147+0000] {processor.py:743} INFO - Processing file /home/airflow/.local/lib/python3.7/site-packages/airflow/example_dags/example_trigger_target_dag.py for tasks to queue
[2026-02-13T22:34:04.149+0000] {logging_mixin.py:137} INFO - [2026-02-13T22:34:04.149+0000] {dagbag.py:538} INFO - Filling up the DagBag from /home/airflow/.local/lib/python3.7/site-packages/airflow/example_dags/example_trigger_target_dag.py
[2026-02-13T22:34:04.166+0000] {processor.py:753} INFO - DAG(s) dict_keys(['example_trigger_target_dag']) retrieved from /home/airflow/.local/lib/python3.7/site-packages/airflow/example_dags/example_trigger_target_dag.py
[2026-02-13T22:34:04.200+0000] {logging_mixin.py:137} INFO - [2026-02-13T22:34:04.200+0000] {dag.py:2690} INFO - Sync 1 DAGs
[2026-02-13T22:34:04.227+0000] {logging_mixin.py:137} INFO - [2026-02-13T22:34:04.227+0000] {dag.py:3441} INFO - Setting next_dagrun for example_trigger_target_dag to None, run_after=None
[2026-02-13T22:34:04.257+0000] {processor.py:175} INFO - Processing /home/airflow/.local/lib/python3.7/site-packages/airflow/example_dags/example_trigger_target_dag.py took 0.117 seconds
[2026-02-13T22:34:35.236+0000] {processor.py:153} INFO - Started process (PID=184) to work on /home/airflow/.local/lib/python3.7/site-packages/airflow/example_dags/example_trigger_target_dag.py
[2026-02-13T22:34:35.238+0000] {processor.py:743} INFO - Processing file /home/airflow/.local/lib/python3.7/site-packages/airflow/example_dags/example_trigger_target_dag.py for tasks to queue
[2026-02-13T22:34:35.239+0000] {logging_mixin.py:137} INFO - [2026-02-13T22:34:35.239+0000] {dagbag.py:538} INFO - Filling up the DagBag from /home/airflow/.local/lib/python3.7/site-packages/airflow/example_dags/example_trigger_target_dag.py
[2026-02-13T22:34:35.258+0000] {processor.py:753} INFO - DAG(s) dict_keys(['example_trigger_target_dag']) retrieved from /home/airflow/.local/lib/python3.7/site-packages/airflow/example_dags/example_trigger_target_dag.py
[2026-02-13T22:34:35.277+0000] {logging_mixin.py:137} INFO - [2026-02-13T22:34:35.276+0000] {dag.py:2690} INFO - Sync 1 DAGs
[2026-02-13T22:34:35.291+0000] {logging_mixin.py:137} INFO - [2026-02-13T22:34:35.291+0000] {dag.py:3441} INFO - Setting next_dagrun for example_trigger_target_dag to None, run_after=None
[2026-02-13T22:34:35.306+0000] {processor.py:175} INFO - Processing /home/airflow/.local/lib/python3.7/site-packages/airflow/example_dags/example_trigger_target_dag.py took 0.071 seconds
[2026-02-13T22:35:06.262+0000] {processor.py:153} INFO - Started process (PID=259) to work on /home/airflow/.local/lib/python3.7/site-packages/airflow/example_dags/example_trigger_target_dag.py
[2026-02-13T22:35:06.262+0000] {processor.py:743} INFO - Processing file /home/airflow/.local/lib/python3.7/site-packages/airflow/example_dags/example_trigger_target_dag.py for tasks to queue
[2026-02-13T22:35:06.262+0000] {logging_mixin.py:137} INFO - [2026-02-13T22:35:06.262+0000] {dagbag.py:538} INFO - Filling up the DagBag from /home/airflow/.local/lib/python3.7/site-packages/airflow/example_dags/example_trigger_target_dag.py
[2026-02-13T22:35:06.271+0000] {processor.py:753} INFO - DAG(s) dict_keys(['example_trigger_target_dag']) retrieved from /home/airflow/.local/lib/python3.7/site-packages/airflow/example_dags/example_trigger_target_dag.py
[2026-02-13T22:35:06.281+0000] {logging_mixin.py:137} INFO - [2026-02-13T22:35:06.281+0000] {dag.py:2690} INFO - Sync 1 DAGs
[2026-02-13T22:35:06.289+0000] {logging_mixin.py:137} INFO - [2026-02-13T22:35:06.289+0000] {dag.py:3441} INFO - Setting next_dagrun for example_trigger_target_dag to None, run_after=None
[2026-02-13T22:35:06.296+0000] {processor.py:175} INFO - Processing /home/airflow/.local/lib/python3.7/site-packages/airflow/example_dags/example_trigger_target_dag.py took 0.035 seconds
[2026-02-13T22:35:37.088+0000] {processor.py:153} INFO - Started process (PID=351) to work on /home/airflow/.local/lib/python3.7/site-packages/airflow/example_dags/example_trigger_target_dag.py
[2026-02-13T22:35:37.089+0000] {processor.py:743} INFO - Processing file /home/airflow/.local/lib/python3.7/site-packages/airflow/example_dags/example_trigger_target_dag.py for tasks to queue
[2026-02-13T22:35:37.089+0000] {logging_mixin.py:137} INFO - [2026-02-13T22:35:37.089+0000] {dagbag.py:538} INFO - Filling up the DagBag from /home/airflow/.local/lib/python3.7/site-packages/airflow/example_dags/example_trigger_target_dag.py
[2026-02-13T22:35:37.098+0000] {processor.py:753} INFO - DAG(s) dict_keys(['example_trigger_target_dag']) retrieved from /home/airflow/.local/lib/python3.7/site-packages/airflow/example_dags/example_trigger_target_dag.py
[2026-02-13T22:35:37.111+0000] {logging_mixin.py:137} INFO - [2026-02-13T22:35:37.111+0000] {dag.py:2690} INFO - Sync 1 DAGs
[2026-02-13T22:35:37.122+0000] {logging_mixin.py:137} INFO - [2026-02-13T22:35:37.122+0000] {dag.py:3441} INFO - Setting next_dagrun for example_trigger_target_dag to None, run_after=None
[2026-02-13T22:35:37.136+0000] {processor.py:175} INFO - Processing /home/airflow/.local/lib/python3.7/site-packages/airflow/example_dags/example_trigger_target_dag.py took 0.049 seconds
[2026-02-13T22:36:08.022+0000] {processor.py:153} INFO - Started process (PID=442) to work on /home/airflow/.local/lib/python3.7/site-packages/airflow/example_dags/example_trigger_target_dag.py
[2026-02-13T22:36:08.023+0000] {processor.py:743} INFO - Processing file /home/airflow/.local/lib/python3.7/site-packages/airflow/example_dags/example_trigger_target_dag.py for tasks to queue
[2026-02-13T22:36:08.024+0000] {logging_mixin.py:137} INFO - [2026-02-13T22:36:08.024+0000] {dagbag.py:538} INFO - Filling up the DagBag from /home/airflow/.local/lib/python3.7/site-packages/airflow/example_dags/example_trigger_target_dag.py
[2026-02-13T22:36:08.034+0000] {processor.py:753} INFO - DAG(s) dict_keys(['example_trigger_target_dag']) retrieved from /home/airflow/.local/lib/python3.7/site-packages/airflow/example_dags/example_trigger_target_dag.py
[2026-02-13T22:36:08.051+0000] {logging_mixin.py:137} INFO - [2026-02-13T22:36:08.051+0000] {dag.py:2690} INFO - Sync 1 DAGs
[2026-02-13T22:36:08.064+0000] {logging_mixin.py:137} INFO - [2026-02-13T22:36:08.064+0000] {dag.py:3441} INFO - Setting next_dagrun for example_trigger_target_dag to None, run_after=None
[2026-02-13T22:36:08.078+0000] {processor.py:175} INFO - Processing /home/airflow/.local/lib/python3.7/site-packages/airflow/example_dags/example_trigger_target_dag.py took 0.058 seconds
[2026-02-13T22:36:38.782+0000] {processor.py:153} INFO - Started process (PID=534) to work on /home/airflow/.local/lib/python3.7/site-packages/airflow/example_dags/example_trigger_target_dag.py
[2026-02-13T22:36:38.784+0000] {processor.py:743} INFO - Processing file /home/airflow/.local/lib/python3.7/site-packages/airflow/example_dags/example_trigger_target_dag.py for tasks to queue
[2026-02-13T22:36:38.785+0000] {logging_mixin.py:137} INFO - [2026-02-13T22:36:38.785+0000] {dagbag.py:538} INFO - Filling up the DagBag from /home/airflow/.local/lib/python3.7/site-packages/airflow/example_dags/example_trigger_target_dag.py
[2026-02-13T22:36:38.796+0000] {processor.py:753} INFO - DAG(s) dict_keys(['example_trigger_target_dag']) retrieved from /home/airflow/.local/lib/python3.7/site-packages/airflow/example_dags/example_trigger_target_dag.py
[2026-02-13T22:36:38.807+0000] {logging_mixin.py:137} INFO - [2026-02-13T22:36:38.807+0000] {dag.py:2690} INFO - Sync 1 DAGs
[2026-02-13T22:36:38.820+0000] {logging_mixin.py:137} INFO - [2026-02-13T22:36:38.819+0000] {dag.py:3441} INFO - Setting next_dagrun for example_trigger_target_dag to None, run_after=None
[2026-02-13T22:36:38.829+0000] {processor.py:175} INFO - Processing /home/airflow/.local/lib/python3.7/site-packages/airflow/example_dags/example_trigger_target_dag.py took 0.048 seconds
