[2026-02-13T21:49:32.615+0000] {processor.py:153} INFO - Started process (PID=76) to work on /home/airflow/.local/lib/python3.7/site-packages/airflow/example_dags/example_branch_python_dop_operator_3.py
[2026-02-13T21:49:32.615+0000] {processor.py:743} INFO - Processing file /home/airflow/.local/lib/python3.7/site-packages/airflow/example_dags/example_branch_python_dop_operator_3.py for tasks to queue
[2026-02-13T21:49:32.616+0000] {logging_mixin.py:137} INFO - [2026-02-13T21:49:32.616+0000] {dagbag.py:538} INFO - Filling up the DagBag from /home/airflow/.local/lib/python3.7/site-packages/airflow/example_dags/example_branch_python_dop_operator_3.py
[2026-02-13T21:49:32.632+0000] {processor.py:753} INFO - DAG(s) dict_keys(['example_branch_dop_operator_v3']) retrieved from /home/airflow/.local/lib/python3.7/site-packages/airflow/example_dags/example_branch_python_dop_operator_3.py
[2026-02-13T21:49:32.638+0000] {logging_mixin.py:137} INFO - [2026-02-13T21:49:32.638+0000] {dag.py:2690} INFO - Sync 1 DAGs
[2026-02-13T21:49:32.653+0000] {logging_mixin.py:137} INFO - [2026-02-13T21:49:32.653+0000] {dag.py:3441} INFO - Setting next_dagrun for example_branch_dop_operator_v3 to 2026-02-13T21:48:00+00:00, run_after=2026-02-13T21:49:00+00:00
[2026-02-13T21:49:32.661+0000] {processor.py:175} INFO - Processing /home/airflow/.local/lib/python3.7/site-packages/airflow/example_dags/example_branch_python_dop_operator_3.py took 0.049 seconds
[2026-02-13T21:50:03.090+0000] {processor.py:153} INFO - Started process (PID=164) to work on /home/airflow/.local/lib/python3.7/site-packages/airflow/example_dags/example_branch_python_dop_operator_3.py
[2026-02-13T21:50:03.090+0000] {processor.py:743} INFO - Processing file /home/airflow/.local/lib/python3.7/site-packages/airflow/example_dags/example_branch_python_dop_operator_3.py for tasks to queue
[2026-02-13T21:50:03.091+0000] {logging_mixin.py:137} INFO - [2026-02-13T21:50:03.091+0000] {dagbag.py:538} INFO - Filling up the DagBag from /home/airflow/.local/lib/python3.7/site-packages/airflow/example_dags/example_branch_python_dop_operator_3.py
[2026-02-13T21:50:03.102+0000] {processor.py:753} INFO - DAG(s) dict_keys(['example_branch_dop_operator_v3']) retrieved from /home/airflow/.local/lib/python3.7/site-packages/airflow/example_dags/example_branch_python_dop_operator_3.py
[2026-02-13T21:50:03.113+0000] {logging_mixin.py:137} INFO - [2026-02-13T21:50:03.112+0000] {dag.py:2690} INFO - Sync 1 DAGs
[2026-02-13T21:50:03.125+0000] {logging_mixin.py:137} INFO - [2026-02-13T21:50:03.125+0000] {dag.py:3441} INFO - Setting next_dagrun for example_branch_dop_operator_v3 to 2026-02-13T21:49:00+00:00, run_after=2026-02-13T21:50:00+00:00
[2026-02-13T21:50:03.136+0000] {processor.py:175} INFO - Processing /home/airflow/.local/lib/python3.7/site-packages/airflow/example_dags/example_branch_python_dop_operator_3.py took 0.047 seconds
[2026-02-13T21:50:33.805+0000] {processor.py:153} INFO - Started process (PID=253) to work on /home/airflow/.local/lib/python3.7/site-packages/airflow/example_dags/example_branch_python_dop_operator_3.py
[2026-02-13T21:50:33.806+0000] {processor.py:743} INFO - Processing file /home/airflow/.local/lib/python3.7/site-packages/airflow/example_dags/example_branch_python_dop_operator_3.py for tasks to queue
[2026-02-13T21:50:33.806+0000] {logging_mixin.py:137} INFO - [2026-02-13T21:50:33.806+0000] {dagbag.py:538} INFO - Filling up the DagBag from /home/airflow/.local/lib/python3.7/site-packages/airflow/example_dags/example_branch_python_dop_operator_3.py
[2026-02-13T21:50:33.819+0000] {processor.py:753} INFO - DAG(s) dict_keys(['example_branch_dop_operator_v3']) retrieved from /home/airflow/.local/lib/python3.7/site-packages/airflow/example_dags/example_branch_python_dop_operator_3.py
[2026-02-13T21:50:33.831+0000] {logging_mixin.py:137} INFO - [2026-02-13T21:50:33.831+0000] {dag.py:2690} INFO - Sync 1 DAGs
[2026-02-13T21:50:33.843+0000] {logging_mixin.py:137} INFO - [2026-02-13T21:50:33.843+0000] {dag.py:3441} INFO - Setting next_dagrun for example_branch_dop_operator_v3 to 2026-02-13T21:49:00+00:00, run_after=2026-02-13T21:50:00+00:00
[2026-02-13T21:50:33.849+0000] {processor.py:175} INFO - Processing /home/airflow/.local/lib/python3.7/site-packages/airflow/example_dags/example_branch_python_dop_operator_3.py took 0.045 seconds
[2026-02-13T21:51:04.200+0000] {processor.py:153} INFO - Started process (PID=325) to work on /home/airflow/.local/lib/python3.7/site-packages/airflow/example_dags/example_branch_python_dop_operator_3.py
[2026-02-13T21:51:04.200+0000] {processor.py:743} INFO - Processing file /home/airflow/.local/lib/python3.7/site-packages/airflow/example_dags/example_branch_python_dop_operator_3.py for tasks to queue
[2026-02-13T21:51:04.201+0000] {logging_mixin.py:137} INFO - [2026-02-13T21:51:04.201+0000] {dagbag.py:538} INFO - Filling up the DagBag from /home/airflow/.local/lib/python3.7/site-packages/airflow/example_dags/example_branch_python_dop_operator_3.py
[2026-02-13T21:51:04.212+0000] {processor.py:753} INFO - DAG(s) dict_keys(['example_branch_dop_operator_v3']) retrieved from /home/airflow/.local/lib/python3.7/site-packages/airflow/example_dags/example_branch_python_dop_operator_3.py
[2026-02-13T21:51:04.222+0000] {logging_mixin.py:137} INFO - [2026-02-13T21:51:04.222+0000] {dag.py:2690} INFO - Sync 1 DAGs
[2026-02-13T21:51:04.237+0000] {logging_mixin.py:137} INFO - [2026-02-13T21:51:04.237+0000] {dag.py:3441} INFO - Setting next_dagrun for example_branch_dop_operator_v3 to 2026-02-13T21:50:00+00:00, run_after=2026-02-13T21:51:00+00:00
[2026-02-13T21:51:04.251+0000] {processor.py:175} INFO - Processing /home/airflow/.local/lib/python3.7/site-packages/airflow/example_dags/example_branch_python_dop_operator_3.py took 0.053 seconds
[2026-02-13T21:51:34.647+0000] {processor.py:153} INFO - Started process (PID=413) to work on /home/airflow/.local/lib/python3.7/site-packages/airflow/example_dags/example_branch_python_dop_operator_3.py
[2026-02-13T21:51:34.648+0000] {processor.py:743} INFO - Processing file /home/airflow/.local/lib/python3.7/site-packages/airflow/example_dags/example_branch_python_dop_operator_3.py for tasks to queue
[2026-02-13T21:51:34.648+0000] {logging_mixin.py:137} INFO - [2026-02-13T21:51:34.648+0000] {dagbag.py:538} INFO - Filling up the DagBag from /home/airflow/.local/lib/python3.7/site-packages/airflow/example_dags/example_branch_python_dop_operator_3.py
[2026-02-13T21:51:34.660+0000] {processor.py:753} INFO - DAG(s) dict_keys(['example_branch_dop_operator_v3']) retrieved from /home/airflow/.local/lib/python3.7/site-packages/airflow/example_dags/example_branch_python_dop_operator_3.py
[2026-02-13T21:51:34.672+0000] {logging_mixin.py:137} INFO - [2026-02-13T21:51:34.672+0000] {dag.py:2690} INFO - Sync 1 DAGs
[2026-02-13T21:51:34.687+0000] {logging_mixin.py:137} INFO - [2026-02-13T21:51:34.687+0000] {dag.py:3441} INFO - Setting next_dagrun for example_branch_dop_operator_v3 to 2026-02-13T21:50:00+00:00, run_after=2026-02-13T21:51:00+00:00
[2026-02-13T21:51:34.697+0000] {processor.py:175} INFO - Processing /home/airflow/.local/lib/python3.7/site-packages/airflow/example_dags/example_branch_python_dop_operator_3.py took 0.051 seconds
[2026-02-13T21:52:05.079+0000] {processor.py:153} INFO - Started process (PID=501) to work on /home/airflow/.local/lib/python3.7/site-packages/airflow/example_dags/example_branch_python_dop_operator_3.py
[2026-02-13T21:52:05.080+0000] {processor.py:743} INFO - Processing file /home/airflow/.local/lib/python3.7/site-packages/airflow/example_dags/example_branch_python_dop_operator_3.py for tasks to queue
[2026-02-13T21:52:05.080+0000] {logging_mixin.py:137} INFO - [2026-02-13T21:52:05.080+0000] {dagbag.py:538} INFO - Filling up the DagBag from /home/airflow/.local/lib/python3.7/site-packages/airflow/example_dags/example_branch_python_dop_operator_3.py
[2026-02-13T21:52:05.093+0000] {processor.py:753} INFO - DAG(s) dict_keys(['example_branch_dop_operator_v3']) retrieved from /home/airflow/.local/lib/python3.7/site-packages/airflow/example_dags/example_branch_python_dop_operator_3.py
[2026-02-13T21:52:05.103+0000] {logging_mixin.py:137} INFO - [2026-02-13T21:52:05.103+0000] {dag.py:2690} INFO - Sync 1 DAGs
[2026-02-13T21:52:05.116+0000] {logging_mixin.py:137} INFO - [2026-02-13T21:52:05.116+0000] {dag.py:3441} INFO - Setting next_dagrun for example_branch_dop_operator_v3 to 2026-02-13T21:51:00+00:00, run_after=2026-02-13T21:52:00+00:00
[2026-02-13T21:52:05.124+0000] {processor.py:175} INFO - Processing /home/airflow/.local/lib/python3.7/site-packages/airflow/example_dags/example_branch_python_dop_operator_3.py took 0.046 seconds
[2026-02-13T21:52:35.664+0000] {processor.py:153} INFO - Started process (PID=589) to work on /home/airflow/.local/lib/python3.7/site-packages/airflow/example_dags/example_branch_python_dop_operator_3.py
[2026-02-13T21:52:35.664+0000] {processor.py:743} INFO - Processing file /home/airflow/.local/lib/python3.7/site-packages/airflow/example_dags/example_branch_python_dop_operator_3.py for tasks to queue
[2026-02-13T21:52:35.664+0000] {logging_mixin.py:137} INFO - [2026-02-13T21:52:35.664+0000] {dagbag.py:538} INFO - Filling up the DagBag from /home/airflow/.local/lib/python3.7/site-packages/airflow/example_dags/example_branch_python_dop_operator_3.py
[2026-02-13T21:52:35.676+0000] {processor.py:753} INFO - DAG(s) dict_keys(['example_branch_dop_operator_v3']) retrieved from /home/airflow/.local/lib/python3.7/site-packages/airflow/example_dags/example_branch_python_dop_operator_3.py
[2026-02-13T21:52:35.693+0000] {logging_mixin.py:137} INFO - [2026-02-13T21:52:35.693+0000] {dag.py:2690} INFO - Sync 1 DAGs
[2026-02-13T21:52:35.706+0000] {logging_mixin.py:137} INFO - [2026-02-13T21:52:35.706+0000] {dag.py:3441} INFO - Setting next_dagrun for example_branch_dop_operator_v3 to 2026-02-13T21:51:00+00:00, run_after=2026-02-13T21:52:00+00:00
[2026-02-13T21:52:35.713+0000] {processor.py:175} INFO - Processing /home/airflow/.local/lib/python3.7/site-packages/airflow/example_dags/example_branch_python_dop_operator_3.py took 0.050 seconds
[2026-02-13T21:53:06.117+0000] {processor.py:153} INFO - Started process (PID=660) to work on /home/airflow/.local/lib/python3.7/site-packages/airflow/example_dags/example_branch_python_dop_operator_3.py
[2026-02-13T21:53:06.118+0000] {processor.py:743} INFO - Processing file /home/airflow/.local/lib/python3.7/site-packages/airflow/example_dags/example_branch_python_dop_operator_3.py for tasks to queue
[2026-02-13T21:53:06.118+0000] {logging_mixin.py:137} INFO - [2026-02-13T21:53:06.118+0000] {dagbag.py:538} INFO - Filling up the DagBag from /home/airflow/.local/lib/python3.7/site-packages/airflow/example_dags/example_branch_python_dop_operator_3.py
[2026-02-13T21:53:06.129+0000] {processor.py:753} INFO - DAG(s) dict_keys(['example_branch_dop_operator_v3']) retrieved from /home/airflow/.local/lib/python3.7/site-packages/airflow/example_dags/example_branch_python_dop_operator_3.py
[2026-02-13T21:53:06.142+0000] {logging_mixin.py:137} INFO - [2026-02-13T21:53:06.142+0000] {dag.py:2690} INFO - Sync 1 DAGs
[2026-02-13T21:53:06.156+0000] {logging_mixin.py:137} INFO - [2026-02-13T21:53:06.156+0000] {dag.py:3441} INFO - Setting next_dagrun for example_branch_dop_operator_v3 to 2026-02-13T21:52:00+00:00, run_after=2026-02-13T21:53:00+00:00
[2026-02-13T21:53:06.168+0000] {processor.py:175} INFO - Processing /home/airflow/.local/lib/python3.7/site-packages/airflow/example_dags/example_branch_python_dop_operator_3.py took 0.052 seconds
[2026-02-13T21:53:36.650+0000] {processor.py:153} INFO - Started process (PID=748) to work on /home/airflow/.local/lib/python3.7/site-packages/airflow/example_dags/example_branch_python_dop_operator_3.py
[2026-02-13T21:53:36.651+0000] {processor.py:743} INFO - Processing file /home/airflow/.local/lib/python3.7/site-packages/airflow/example_dags/example_branch_python_dop_operator_3.py for tasks to queue
[2026-02-13T21:53:36.651+0000] {logging_mixin.py:137} INFO - [2026-02-13T21:53:36.651+0000] {dagbag.py:538} INFO - Filling up the DagBag from /home/airflow/.local/lib/python3.7/site-packages/airflow/example_dags/example_branch_python_dop_operator_3.py
[2026-02-13T21:53:36.668+0000] {processor.py:753} INFO - DAG(s) dict_keys(['example_branch_dop_operator_v3']) retrieved from /home/airflow/.local/lib/python3.7/site-packages/airflow/example_dags/example_branch_python_dop_operator_3.py
[2026-02-13T21:53:36.684+0000] {logging_mixin.py:137} INFO - [2026-02-13T21:53:36.684+0000] {dag.py:2690} INFO - Sync 1 DAGs
[2026-02-13T21:53:36.701+0000] {logging_mixin.py:137} INFO - [2026-02-13T21:53:36.701+0000] {dag.py:3441} INFO - Setting next_dagrun for example_branch_dop_operator_v3 to 2026-02-13T21:52:00+00:00, run_after=2026-02-13T21:53:00+00:00
[2026-02-13T21:53:36.711+0000] {processor.py:175} INFO - Processing /home/airflow/.local/lib/python3.7/site-packages/airflow/example_dags/example_branch_python_dop_operator_3.py took 0.063 seconds
[2026-02-13T21:54:07.075+0000] {processor.py:153} INFO - Started process (PID=836) to work on /home/airflow/.local/lib/python3.7/site-packages/airflow/example_dags/example_branch_python_dop_operator_3.py
[2026-02-13T21:54:07.076+0000] {processor.py:743} INFO - Processing file /home/airflow/.local/lib/python3.7/site-packages/airflow/example_dags/example_branch_python_dop_operator_3.py for tasks to queue
[2026-02-13T21:54:07.076+0000] {logging_mixin.py:137} INFO - [2026-02-13T21:54:07.076+0000] {dagbag.py:538} INFO - Filling up the DagBag from /home/airflow/.local/lib/python3.7/site-packages/airflow/example_dags/example_branch_python_dop_operator_3.py
[2026-02-13T21:54:07.086+0000] {processor.py:753} INFO - DAG(s) dict_keys(['example_branch_dop_operator_v3']) retrieved from /home/airflow/.local/lib/python3.7/site-packages/airflow/example_dags/example_branch_python_dop_operator_3.py
[2026-02-13T21:54:07.102+0000] {logging_mixin.py:137} INFO - [2026-02-13T21:54:07.101+0000] {dag.py:2690} INFO - Sync 1 DAGs
[2026-02-13T21:54:07.116+0000] {logging_mixin.py:137} INFO - [2026-02-13T21:54:07.116+0000] {dag.py:3441} INFO - Setting next_dagrun for example_branch_dop_operator_v3 to 2026-02-13T21:53:00+00:00, run_after=2026-02-13T21:54:00+00:00
[2026-02-13T21:54:07.128+0000] {processor.py:175} INFO - Processing /home/airflow/.local/lib/python3.7/site-packages/airflow/example_dags/example_branch_python_dop_operator_3.py took 0.054 seconds
[2026-02-13T21:54:37.733+0000] {processor.py:153} INFO - Started process (PID=924) to work on /home/airflow/.local/lib/python3.7/site-packages/airflow/example_dags/example_branch_python_dop_operator_3.py
[2026-02-13T21:54:37.733+0000] {processor.py:743} INFO - Processing file /home/airflow/.local/lib/python3.7/site-packages/airflow/example_dags/example_branch_python_dop_operator_3.py for tasks to queue
[2026-02-13T21:54:37.733+0000] {logging_mixin.py:137} INFO - [2026-02-13T21:54:37.733+0000] {dagbag.py:538} INFO - Filling up the DagBag from /home/airflow/.local/lib/python3.7/site-packages/airflow/example_dags/example_branch_python_dop_operator_3.py
[2026-02-13T21:54:37.746+0000] {processor.py:753} INFO - DAG(s) dict_keys(['example_branch_dop_operator_v3']) retrieved from /home/airflow/.local/lib/python3.7/site-packages/airflow/example_dags/example_branch_python_dop_operator_3.py
[2026-02-13T21:54:37.757+0000] {logging_mixin.py:137} INFO - [2026-02-13T21:54:37.757+0000] {dag.py:2690} INFO - Sync 1 DAGs
[2026-02-13T21:54:37.771+0000] {logging_mixin.py:137} INFO - [2026-02-13T21:54:37.771+0000] {dag.py:3441} INFO - Setting next_dagrun for example_branch_dop_operator_v3 to 2026-02-13T21:53:00+00:00, run_after=2026-02-13T21:54:00+00:00
[2026-02-13T21:54:37.780+0000] {processor.py:175} INFO - Processing /home/airflow/.local/lib/python3.7/site-packages/airflow/example_dags/example_branch_python_dop_operator_3.py took 0.049 seconds
[2026-02-13T21:55:08.279+0000] {processor.py:153} INFO - Started process (PID=996) to work on /home/airflow/.local/lib/python3.7/site-packages/airflow/example_dags/example_branch_python_dop_operator_3.py
[2026-02-13T21:55:08.279+0000] {processor.py:743} INFO - Processing file /home/airflow/.local/lib/python3.7/site-packages/airflow/example_dags/example_branch_python_dop_operator_3.py for tasks to queue
[2026-02-13T21:55:08.280+0000] {logging_mixin.py:137} INFO - [2026-02-13T21:55:08.280+0000] {dagbag.py:538} INFO - Filling up the DagBag from /home/airflow/.local/lib/python3.7/site-packages/airflow/example_dags/example_branch_python_dop_operator_3.py
[2026-02-13T21:55:08.292+0000] {processor.py:753} INFO - DAG(s) dict_keys(['example_branch_dop_operator_v3']) retrieved from /home/airflow/.local/lib/python3.7/site-packages/airflow/example_dags/example_branch_python_dop_operator_3.py
[2026-02-13T21:55:08.306+0000] {logging_mixin.py:137} INFO - [2026-02-13T21:55:08.305+0000] {dag.py:2690} INFO - Sync 1 DAGs
[2026-02-13T21:55:08.321+0000] {logging_mixin.py:137} INFO - [2026-02-13T21:55:08.321+0000] {dag.py:3441} INFO - Setting next_dagrun for example_branch_dop_operator_v3 to 2026-02-13T21:54:00+00:00, run_after=2026-02-13T21:55:00+00:00
[2026-02-13T21:55:08.337+0000] {processor.py:175} INFO - Processing /home/airflow/.local/lib/python3.7/site-packages/airflow/example_dags/example_branch_python_dop_operator_3.py took 0.060 seconds
[2026-02-13T21:55:38.746+0000] {processor.py:153} INFO - Started process (PID=1084) to work on /home/airflow/.local/lib/python3.7/site-packages/airflow/example_dags/example_branch_python_dop_operator_3.py
[2026-02-13T21:55:38.748+0000] {processor.py:743} INFO - Processing file /home/airflow/.local/lib/python3.7/site-packages/airflow/example_dags/example_branch_python_dop_operator_3.py for tasks to queue
[2026-02-13T21:55:38.749+0000] {logging_mixin.py:137} INFO - [2026-02-13T21:55:38.749+0000] {dagbag.py:538} INFO - Filling up the DagBag from /home/airflow/.local/lib/python3.7/site-packages/airflow/example_dags/example_branch_python_dop_operator_3.py
[2026-02-13T21:55:38.760+0000] {processor.py:753} INFO - DAG(s) dict_keys(['example_branch_dop_operator_v3']) retrieved from /home/airflow/.local/lib/python3.7/site-packages/airflow/example_dags/example_branch_python_dop_operator_3.py
[2026-02-13T21:55:38.775+0000] {logging_mixin.py:137} INFO - [2026-02-13T21:55:38.775+0000] {dag.py:2690} INFO - Sync 1 DAGs
[2026-02-13T21:55:38.793+0000] {logging_mixin.py:137} INFO - [2026-02-13T21:55:38.793+0000] {dag.py:3441} INFO - Setting next_dagrun for example_branch_dop_operator_v3 to 2026-02-13T21:54:00+00:00, run_after=2026-02-13T21:55:00+00:00
[2026-02-13T21:55:38.800+0000] {processor.py:175} INFO - Processing /home/airflow/.local/lib/python3.7/site-packages/airflow/example_dags/example_branch_python_dop_operator_3.py took 0.056 seconds
[2026-02-13T21:56:09.238+0000] {processor.py:153} INFO - Started process (PID=1172) to work on /home/airflow/.local/lib/python3.7/site-packages/airflow/example_dags/example_branch_python_dop_operator_3.py
[2026-02-13T21:56:09.240+0000] {processor.py:743} INFO - Processing file /home/airflow/.local/lib/python3.7/site-packages/airflow/example_dags/example_branch_python_dop_operator_3.py for tasks to queue
[2026-02-13T21:56:09.240+0000] {logging_mixin.py:137} INFO - [2026-02-13T21:56:09.240+0000] {dagbag.py:538} INFO - Filling up the DagBag from /home/airflow/.local/lib/python3.7/site-packages/airflow/example_dags/example_branch_python_dop_operator_3.py
[2026-02-13T21:56:09.251+0000] {processor.py:753} INFO - DAG(s) dict_keys(['example_branch_dop_operator_v3']) retrieved from /home/airflow/.local/lib/python3.7/site-packages/airflow/example_dags/example_branch_python_dop_operator_3.py
[2026-02-13T21:56:09.266+0000] {logging_mixin.py:137} INFO - [2026-02-13T21:56:09.265+0000] {dag.py:2690} INFO - Sync 1 DAGs
[2026-02-13T21:56:09.280+0000] {logging_mixin.py:137} INFO - [2026-02-13T21:56:09.280+0000] {dag.py:3441} INFO - Setting next_dagrun for example_branch_dop_operator_v3 to 2026-02-13T21:55:00+00:00, run_after=2026-02-13T21:56:00+00:00
[2026-02-13T21:56:09.293+0000] {processor.py:175} INFO - Processing /home/airflow/.local/lib/python3.7/site-packages/airflow/example_dags/example_branch_python_dop_operator_3.py took 0.056 seconds
[2026-02-13T21:56:40.476+0000] {processor.py:153} INFO - Started process (PID=1260) to work on /home/airflow/.local/lib/python3.7/site-packages/airflow/example_dags/example_branch_python_dop_operator_3.py
[2026-02-13T21:56:40.482+0000] {processor.py:743} INFO - Processing file /home/airflow/.local/lib/python3.7/site-packages/airflow/example_dags/example_branch_python_dop_operator_3.py for tasks to queue
[2026-02-13T21:56:40.483+0000] {logging_mixin.py:137} INFO - [2026-02-13T21:56:40.483+0000] {dagbag.py:538} INFO - Filling up the DagBag from /home/airflow/.local/lib/python3.7/site-packages/airflow/example_dags/example_branch_python_dop_operator_3.py
[2026-02-13T21:56:40.521+0000] {processor.py:753} INFO - DAG(s) dict_keys(['example_branch_dop_operator_v3']) retrieved from /home/airflow/.local/lib/python3.7/site-packages/airflow/example_dags/example_branch_python_dop_operator_3.py
[2026-02-13T21:56:40.547+0000] {logging_mixin.py:137} INFO - [2026-02-13T21:56:40.547+0000] {dag.py:2690} INFO - Sync 1 DAGs
[2026-02-13T21:56:40.577+0000] {logging_mixin.py:137} INFO - [2026-02-13T21:56:40.577+0000] {dag.py:3441} INFO - Setting next_dagrun for example_branch_dop_operator_v3 to 2026-02-13T21:55:00+00:00, run_after=2026-02-13T21:56:00+00:00
[2026-02-13T21:56:40.590+0000] {processor.py:175} INFO - Processing /home/airflow/.local/lib/python3.7/site-packages/airflow/example_dags/example_branch_python_dop_operator_3.py took 0.121 seconds
[2026-02-13T22:01:04.747+0000] {processor.py:153} INFO - Started process (PID=74) to work on /home/airflow/.local/lib/python3.7/site-packages/airflow/example_dags/example_branch_python_dop_operator_3.py
[2026-02-13T22:01:04.749+0000] {processor.py:743} INFO - Processing file /home/airflow/.local/lib/python3.7/site-packages/airflow/example_dags/example_branch_python_dop_operator_3.py for tasks to queue
[2026-02-13T22:01:04.750+0000] {logging_mixin.py:137} INFO - [2026-02-13T22:01:04.750+0000] {dagbag.py:538} INFO - Filling up the DagBag from /home/airflow/.local/lib/python3.7/site-packages/airflow/example_dags/example_branch_python_dop_operator_3.py
[2026-02-13T22:01:04.768+0000] {processor.py:753} INFO - DAG(s) dict_keys(['example_branch_dop_operator_v3']) retrieved from /home/airflow/.local/lib/python3.7/site-packages/airflow/example_dags/example_branch_python_dop_operator_3.py
[2026-02-13T22:01:04.779+0000] {logging_mixin.py:137} INFO - [2026-02-13T22:01:04.779+0000] {dag.py:2690} INFO - Sync 1 DAGs
[2026-02-13T22:01:04.797+0000] {logging_mixin.py:137} INFO - [2026-02-13T22:01:04.797+0000] {dag.py:3441} INFO - Setting next_dagrun for example_branch_dop_operator_v3 to 2026-02-13T22:00:00+00:00, run_after=2026-02-13T22:01:00+00:00
[2026-02-13T22:01:04.814+0000] {processor.py:175} INFO - Processing /home/airflow/.local/lib/python3.7/site-packages/airflow/example_dags/example_branch_python_dop_operator_3.py took 0.071 seconds
[2026-02-13T22:01:35.313+0000] {processor.py:153} INFO - Started process (PID=161) to work on /home/airflow/.local/lib/python3.7/site-packages/airflow/example_dags/example_branch_python_dop_operator_3.py
[2026-02-13T22:01:35.314+0000] {processor.py:743} INFO - Processing file /home/airflow/.local/lib/python3.7/site-packages/airflow/example_dags/example_branch_python_dop_operator_3.py for tasks to queue
[2026-02-13T22:01:35.315+0000] {logging_mixin.py:137} INFO - [2026-02-13T22:01:35.315+0000] {dagbag.py:538} INFO - Filling up the DagBag from /home/airflow/.local/lib/python3.7/site-packages/airflow/example_dags/example_branch_python_dop_operator_3.py
[2026-02-13T22:01:35.327+0000] {processor.py:753} INFO - DAG(s) dict_keys(['example_branch_dop_operator_v3']) retrieved from /home/airflow/.local/lib/python3.7/site-packages/airflow/example_dags/example_branch_python_dop_operator_3.py
[2026-02-13T22:01:35.337+0000] {logging_mixin.py:137} INFO - [2026-02-13T22:01:35.337+0000] {dag.py:2690} INFO - Sync 1 DAGs
[2026-02-13T22:01:35.351+0000] {logging_mixin.py:137} INFO - [2026-02-13T22:01:35.351+0000] {dag.py:3441} INFO - Setting next_dagrun for example_branch_dop_operator_v3 to 2026-02-13T22:00:00+00:00, run_after=2026-02-13T22:01:00+00:00
[2026-02-13T22:01:35.362+0000] {processor.py:175} INFO - Processing /home/airflow/.local/lib/python3.7/site-packages/airflow/example_dags/example_branch_python_dop_operator_3.py took 0.051 seconds
[2026-02-13T22:02:05.853+0000] {processor.py:153} INFO - Started process (PID=251) to work on /home/airflow/.local/lib/python3.7/site-packages/airflow/example_dags/example_branch_python_dop_operator_3.py
[2026-02-13T22:02:05.854+0000] {processor.py:743} INFO - Processing file /home/airflow/.local/lib/python3.7/site-packages/airflow/example_dags/example_branch_python_dop_operator_3.py for tasks to queue
[2026-02-13T22:02:05.856+0000] {logging_mixin.py:137} INFO - [2026-02-13T22:02:05.856+0000] {dagbag.py:538} INFO - Filling up the DagBag from /home/airflow/.local/lib/python3.7/site-packages/airflow/example_dags/example_branch_python_dop_operator_3.py
[2026-02-13T22:02:05.868+0000] {processor.py:753} INFO - DAG(s) dict_keys(['example_branch_dop_operator_v3']) retrieved from /home/airflow/.local/lib/python3.7/site-packages/airflow/example_dags/example_branch_python_dop_operator_3.py
[2026-02-13T22:02:05.882+0000] {logging_mixin.py:137} INFO - [2026-02-13T22:02:05.882+0000] {dag.py:2690} INFO - Sync 1 DAGs
[2026-02-13T22:02:05.895+0000] {logging_mixin.py:137} INFO - [2026-02-13T22:02:05.895+0000] {dag.py:3441} INFO - Setting next_dagrun for example_branch_dop_operator_v3 to 2026-02-13T22:01:00+00:00, run_after=2026-02-13T22:02:00+00:00
[2026-02-13T22:02:05.908+0000] {processor.py:175} INFO - Processing /home/airflow/.local/lib/python3.7/site-packages/airflow/example_dags/example_branch_python_dop_operator_3.py took 0.056 seconds
[2026-02-13T22:02:36.519+0000] {processor.py:153} INFO - Started process (PID=323) to work on /home/airflow/.local/lib/python3.7/site-packages/airflow/example_dags/example_branch_python_dop_operator_3.py
[2026-02-13T22:02:36.521+0000] {processor.py:743} INFO - Processing file /home/airflow/.local/lib/python3.7/site-packages/airflow/example_dags/example_branch_python_dop_operator_3.py for tasks to queue
[2026-02-13T22:02:36.524+0000] {logging_mixin.py:137} INFO - [2026-02-13T22:02:36.524+0000] {dagbag.py:538} INFO - Filling up the DagBag from /home/airflow/.local/lib/python3.7/site-packages/airflow/example_dags/example_branch_python_dop_operator_3.py
[2026-02-13T22:02:36.541+0000] {processor.py:753} INFO - DAG(s) dict_keys(['example_branch_dop_operator_v3']) retrieved from /home/airflow/.local/lib/python3.7/site-packages/airflow/example_dags/example_branch_python_dop_operator_3.py
[2026-02-13T22:02:36.560+0000] {logging_mixin.py:137} INFO - [2026-02-13T22:02:36.559+0000] {dag.py:2690} INFO - Sync 1 DAGs
[2026-02-13T22:02:36.576+0000] {logging_mixin.py:137} INFO - [2026-02-13T22:02:36.575+0000] {dag.py:3441} INFO - Setting next_dagrun for example_branch_dop_operator_v3 to 2026-02-13T22:01:00+00:00, run_after=2026-02-13T22:02:00+00:00
[2026-02-13T22:02:36.587+0000] {processor.py:175} INFO - Processing /home/airflow/.local/lib/python3.7/site-packages/airflow/example_dags/example_branch_python_dop_operator_3.py took 0.069 seconds
[2026-02-13T22:03:30.928+0000] {processor.py:153} INFO - Started process (PID=74) to work on /home/airflow/.local/lib/python3.7/site-packages/airflow/example_dags/example_branch_python_dop_operator_3.py
[2026-02-13T22:03:30.929+0000] {processor.py:743} INFO - Processing file /home/airflow/.local/lib/python3.7/site-packages/airflow/example_dags/example_branch_python_dop_operator_3.py for tasks to queue
[2026-02-13T22:03:30.929+0000] {logging_mixin.py:137} INFO - [2026-02-13T22:03:30.929+0000] {dagbag.py:538} INFO - Filling up the DagBag from /home/airflow/.local/lib/python3.7/site-packages/airflow/example_dags/example_branch_python_dop_operator_3.py
[2026-02-13T22:03:30.945+0000] {processor.py:753} INFO - DAG(s) dict_keys(['example_branch_dop_operator_v3']) retrieved from /home/airflow/.local/lib/python3.7/site-packages/airflow/example_dags/example_branch_python_dop_operator_3.py
[2026-02-13T22:03:30.954+0000] {logging_mixin.py:137} INFO - [2026-02-13T22:03:30.953+0000] {dag.py:2690} INFO - Sync 1 DAGs
[2026-02-13T22:03:30.978+0000] {logging_mixin.py:137} INFO - [2026-02-13T22:03:30.977+0000] {dag.py:3441} INFO - Setting next_dagrun for example_branch_dop_operator_v3 to 2026-02-13T22:02:00+00:00, run_after=2026-02-13T22:03:00+00:00
[2026-02-13T22:03:30.991+0000] {processor.py:175} INFO - Processing /home/airflow/.local/lib/python3.7/site-packages/airflow/example_dags/example_branch_python_dop_operator_3.py took 0.066 seconds
[2026-02-13T22:04:01.919+0000] {processor.py:153} INFO - Started process (PID=161) to work on /home/airflow/.local/lib/python3.7/site-packages/airflow/example_dags/example_branch_python_dop_operator_3.py
[2026-02-13T22:04:01.920+0000] {processor.py:743} INFO - Processing file /home/airflow/.local/lib/python3.7/site-packages/airflow/example_dags/example_branch_python_dop_operator_3.py for tasks to queue
[2026-02-13T22:04:01.920+0000] {logging_mixin.py:137} INFO - [2026-02-13T22:04:01.920+0000] {dagbag.py:538} INFO - Filling up the DagBag from /home/airflow/.local/lib/python3.7/site-packages/airflow/example_dags/example_branch_python_dop_operator_3.py
[2026-02-13T22:04:01.940+0000] {processor.py:753} INFO - DAG(s) dict_keys(['example_branch_dop_operator_v3']) retrieved from /home/airflow/.local/lib/python3.7/site-packages/airflow/example_dags/example_branch_python_dop_operator_3.py
[2026-02-13T22:04:01.954+0000] {logging_mixin.py:137} INFO - [2026-02-13T22:04:01.954+0000] {dag.py:2690} INFO - Sync 1 DAGs
[2026-02-13T22:04:01.971+0000] {logging_mixin.py:137} INFO - [2026-02-13T22:04:01.971+0000] {dag.py:3441} INFO - Setting next_dagrun for example_branch_dop_operator_v3 to 2026-02-13T22:03:00+00:00, run_after=2026-02-13T22:04:00+00:00
[2026-02-13T22:04:01.989+0000] {processor.py:175} INFO - Processing /home/airflow/.local/lib/python3.7/site-packages/airflow/example_dags/example_branch_python_dop_operator_3.py took 0.071 seconds
[2026-02-13T22:04:32.939+0000] {processor.py:153} INFO - Started process (PID=249) to work on /home/airflow/.local/lib/python3.7/site-packages/airflow/example_dags/example_branch_python_dop_operator_3.py
[2026-02-13T22:04:32.940+0000] {processor.py:743} INFO - Processing file /home/airflow/.local/lib/python3.7/site-packages/airflow/example_dags/example_branch_python_dop_operator_3.py for tasks to queue
[2026-02-13T22:04:32.941+0000] {logging_mixin.py:137} INFO - [2026-02-13T22:04:32.941+0000] {dagbag.py:538} INFO - Filling up the DagBag from /home/airflow/.local/lib/python3.7/site-packages/airflow/example_dags/example_branch_python_dop_operator_3.py
[2026-02-13T22:04:32.956+0000] {processor.py:753} INFO - DAG(s) dict_keys(['example_branch_dop_operator_v3']) retrieved from /home/airflow/.local/lib/python3.7/site-packages/airflow/example_dags/example_branch_python_dop_operator_3.py
[2026-02-13T22:04:32.973+0000] {logging_mixin.py:137} INFO - [2026-02-13T22:04:32.973+0000] {dag.py:2690} INFO - Sync 1 DAGs
[2026-02-13T22:04:32.986+0000] {logging_mixin.py:137} INFO - [2026-02-13T22:04:32.986+0000] {dag.py:3441} INFO - Setting next_dagrun for example_branch_dop_operator_v3 to 2026-02-13T22:03:00+00:00, run_after=2026-02-13T22:04:00+00:00
[2026-02-13T22:04:32.993+0000] {processor.py:175} INFO - Processing /home/airflow/.local/lib/python3.7/site-packages/airflow/example_dags/example_branch_python_dop_operator_3.py took 0.055 seconds
[2026-02-13T22:05:03.400+0000] {processor.py:153} INFO - Started process (PID=321) to work on /home/airflow/.local/lib/python3.7/site-packages/airflow/example_dags/example_branch_python_dop_operator_3.py
[2026-02-13T22:05:03.401+0000] {processor.py:743} INFO - Processing file /home/airflow/.local/lib/python3.7/site-packages/airflow/example_dags/example_branch_python_dop_operator_3.py for tasks to queue
[2026-02-13T22:05:03.401+0000] {logging_mixin.py:137} INFO - [2026-02-13T22:05:03.401+0000] {dagbag.py:538} INFO - Filling up the DagBag from /home/airflow/.local/lib/python3.7/site-packages/airflow/example_dags/example_branch_python_dop_operator_3.py
[2026-02-13T22:05:03.418+0000] {processor.py:753} INFO - DAG(s) dict_keys(['example_branch_dop_operator_v3']) retrieved from /home/airflow/.local/lib/python3.7/site-packages/airflow/example_dags/example_branch_python_dop_operator_3.py
[2026-02-13T22:05:03.434+0000] {logging_mixin.py:137} INFO - [2026-02-13T22:05:03.433+0000] {dag.py:2690} INFO - Sync 1 DAGs
[2026-02-13T22:05:03.448+0000] {logging_mixin.py:137} INFO - [2026-02-13T22:05:03.448+0000] {dag.py:3441} INFO - Setting next_dagrun for example_branch_dop_operator_v3 to 2026-02-13T22:04:00+00:00, run_after=2026-02-13T22:05:00+00:00
[2026-02-13T22:05:03.461+0000] {processor.py:175} INFO - Processing /home/airflow/.local/lib/python3.7/site-packages/airflow/example_dags/example_branch_python_dop_operator_3.py took 0.062 seconds
[2026-02-13T22:05:34.051+0000] {processor.py:153} INFO - Started process (PID=409) to work on /home/airflow/.local/lib/python3.7/site-packages/airflow/example_dags/example_branch_python_dop_operator_3.py
[2026-02-13T22:05:34.051+0000] {processor.py:743} INFO - Processing file /home/airflow/.local/lib/python3.7/site-packages/airflow/example_dags/example_branch_python_dop_operator_3.py for tasks to queue
[2026-02-13T22:05:34.052+0000] {logging_mixin.py:137} INFO - [2026-02-13T22:05:34.052+0000] {dagbag.py:538} INFO - Filling up the DagBag from /home/airflow/.local/lib/python3.7/site-packages/airflow/example_dags/example_branch_python_dop_operator_3.py
[2026-02-13T22:05:34.068+0000] {processor.py:753} INFO - DAG(s) dict_keys(['example_branch_dop_operator_v3']) retrieved from /home/airflow/.local/lib/python3.7/site-packages/airflow/example_dags/example_branch_python_dop_operator_3.py
[2026-02-13T22:05:34.082+0000] {logging_mixin.py:137} INFO - [2026-02-13T22:05:34.082+0000] {dag.py:2690} INFO - Sync 1 DAGs
[2026-02-13T22:05:34.103+0000] {logging_mixin.py:137} INFO - [2026-02-13T22:05:34.103+0000] {dag.py:3441} INFO - Setting next_dagrun for example_branch_dop_operator_v3 to 2026-02-13T22:04:00+00:00, run_after=2026-02-13T22:05:00+00:00
[2026-02-13T22:05:34.121+0000] {processor.py:175} INFO - Processing /home/airflow/.local/lib/python3.7/site-packages/airflow/example_dags/example_branch_python_dop_operator_3.py took 0.072 seconds
[2026-02-13T22:06:34.134+0000] {processor.py:153} INFO - Started process (PID=76) to work on /home/airflow/.local/lib/python3.7/site-packages/airflow/example_dags/example_branch_python_dop_operator_3.py
[2026-02-13T22:06:34.135+0000] {processor.py:743} INFO - Processing file /home/airflow/.local/lib/python3.7/site-packages/airflow/example_dags/example_branch_python_dop_operator_3.py for tasks to queue
[2026-02-13T22:06:34.136+0000] {logging_mixin.py:137} INFO - [2026-02-13T22:06:34.136+0000] {dagbag.py:538} INFO - Filling up the DagBag from /home/airflow/.local/lib/python3.7/site-packages/airflow/example_dags/example_branch_python_dop_operator_3.py
[2026-02-13T22:06:34.151+0000] {processor.py:753} INFO - DAG(s) dict_keys(['example_branch_dop_operator_v3']) retrieved from /home/airflow/.local/lib/python3.7/site-packages/airflow/example_dags/example_branch_python_dop_operator_3.py
[2026-02-13T22:06:34.160+0000] {logging_mixin.py:137} INFO - [2026-02-13T22:06:34.160+0000] {dag.py:2690} INFO - Sync 1 DAGs
[2026-02-13T22:06:34.183+0000] {logging_mixin.py:137} INFO - [2026-02-13T22:06:34.183+0000] {dag.py:3441} INFO - Setting next_dagrun for example_branch_dop_operator_v3 to 2026-02-13T22:05:00+00:00, run_after=2026-02-13T22:06:00+00:00
[2026-02-13T22:06:34.203+0000] {processor.py:175} INFO - Processing /home/airflow/.local/lib/python3.7/site-packages/airflow/example_dags/example_branch_python_dop_operator_3.py took 0.071 seconds
[2026-02-13T22:07:05.428+0000] {processor.py:153} INFO - Started process (PID=165) to work on /home/airflow/.local/lib/python3.7/site-packages/airflow/example_dags/example_branch_python_dop_operator_3.py
[2026-02-13T22:07:05.429+0000] {processor.py:743} INFO - Processing file /home/airflow/.local/lib/python3.7/site-packages/airflow/example_dags/example_branch_python_dop_operator_3.py for tasks to queue
[2026-02-13T22:07:05.430+0000] {logging_mixin.py:137} INFO - [2026-02-13T22:07:05.430+0000] {dagbag.py:538} INFO - Filling up the DagBag from /home/airflow/.local/lib/python3.7/site-packages/airflow/example_dags/example_branch_python_dop_operator_3.py
[2026-02-13T22:07:05.448+0000] {processor.py:753} INFO - DAG(s) dict_keys(['example_branch_dop_operator_v3']) retrieved from /home/airflow/.local/lib/python3.7/site-packages/airflow/example_dags/example_branch_python_dop_operator_3.py
[2026-02-13T22:07:05.471+0000] {logging_mixin.py:137} INFO - [2026-02-13T22:07:05.471+0000] {dag.py:2690} INFO - Sync 1 DAGs
[2026-02-13T22:07:05.489+0000] {logging_mixin.py:137} INFO - [2026-02-13T22:07:05.489+0000] {dag.py:3441} INFO - Setting next_dagrun for example_branch_dop_operator_v3 to 2026-02-13T22:06:00+00:00, run_after=2026-02-13T22:07:00+00:00
[2026-02-13T22:07:05.502+0000] {processor.py:175} INFO - Processing /home/airflow/.local/lib/python3.7/site-packages/airflow/example_dags/example_branch_python_dop_operator_3.py took 0.077 seconds
[2026-02-13T22:07:36.390+0000] {processor.py:153} INFO - Started process (PID=254) to work on /home/airflow/.local/lib/python3.7/site-packages/airflow/example_dags/example_branch_python_dop_operator_3.py
[2026-02-13T22:07:36.392+0000] {processor.py:743} INFO - Processing file /home/airflow/.local/lib/python3.7/site-packages/airflow/example_dags/example_branch_python_dop_operator_3.py for tasks to queue
[2026-02-13T22:07:36.393+0000] {logging_mixin.py:137} INFO - [2026-02-13T22:07:36.393+0000] {dagbag.py:538} INFO - Filling up the DagBag from /home/airflow/.local/lib/python3.7/site-packages/airflow/example_dags/example_branch_python_dop_operator_3.py
[2026-02-13T22:07:36.404+0000] {processor.py:753} INFO - DAG(s) dict_keys(['example_branch_dop_operator_v3']) retrieved from /home/airflow/.local/lib/python3.7/site-packages/airflow/example_dags/example_branch_python_dop_operator_3.py
[2026-02-13T22:07:36.418+0000] {logging_mixin.py:137} INFO - [2026-02-13T22:07:36.418+0000] {dag.py:2690} INFO - Sync 1 DAGs
[2026-02-13T22:07:36.431+0000] {logging_mixin.py:137} INFO - [2026-02-13T22:07:36.431+0000] {dag.py:3441} INFO - Setting next_dagrun for example_branch_dop_operator_v3 to 2026-02-13T22:06:00+00:00, run_after=2026-02-13T22:07:00+00:00
[2026-02-13T22:07:36.440+0000] {processor.py:175} INFO - Processing /home/airflow/.local/lib/python3.7/site-packages/airflow/example_dags/example_branch_python_dop_operator_3.py took 0.052 seconds
[2026-02-13T22:08:07.046+0000] {processor.py:153} INFO - Started process (PID=336) to work on /home/airflow/.local/lib/python3.7/site-packages/airflow/example_dags/example_branch_python_dop_operator_3.py
[2026-02-13T22:08:07.046+0000] {processor.py:743} INFO - Processing file /home/airflow/.local/lib/python3.7/site-packages/airflow/example_dags/example_branch_python_dop_operator_3.py for tasks to queue
[2026-02-13T22:08:07.048+0000] {logging_mixin.py:137} INFO - [2026-02-13T22:08:07.048+0000] {dagbag.py:538} INFO - Filling up the DagBag from /home/airflow/.local/lib/python3.7/site-packages/airflow/example_dags/example_branch_python_dop_operator_3.py
[2026-02-13T22:08:07.062+0000] {processor.py:753} INFO - DAG(s) dict_keys(['example_branch_dop_operator_v3']) retrieved from /home/airflow/.local/lib/python3.7/site-packages/airflow/example_dags/example_branch_python_dop_operator_3.py
[2026-02-13T22:08:07.077+0000] {logging_mixin.py:137} INFO - [2026-02-13T22:08:07.077+0000] {dag.py:2690} INFO - Sync 1 DAGs
[2026-02-13T22:08:07.095+0000] {logging_mixin.py:137} INFO - [2026-02-13T22:08:07.095+0000] {dag.py:3441} INFO - Setting next_dagrun for example_branch_dop_operator_v3 to 2026-02-13T22:07:00+00:00, run_after=2026-02-13T22:08:00+00:00
[2026-02-13T22:08:07.109+0000] {processor.py:175} INFO - Processing /home/airflow/.local/lib/python3.7/site-packages/airflow/example_dags/example_branch_python_dop_operator_3.py took 0.064 seconds
[2026-02-13T22:08:37.787+0000] {processor.py:153} INFO - Started process (PID=416) to work on /home/airflow/.local/lib/python3.7/site-packages/airflow/example_dags/example_branch_python_dop_operator_3.py
[2026-02-13T22:08:37.788+0000] {processor.py:743} INFO - Processing file /home/airflow/.local/lib/python3.7/site-packages/airflow/example_dags/example_branch_python_dop_operator_3.py for tasks to queue
[2026-02-13T22:08:37.788+0000] {logging_mixin.py:137} INFO - [2026-02-13T22:08:37.788+0000] {dagbag.py:538} INFO - Filling up the DagBag from /home/airflow/.local/lib/python3.7/site-packages/airflow/example_dags/example_branch_python_dop_operator_3.py
[2026-02-13T22:08:37.800+0000] {processor.py:753} INFO - DAG(s) dict_keys(['example_branch_dop_operator_v3']) retrieved from /home/airflow/.local/lib/python3.7/site-packages/airflow/example_dags/example_branch_python_dop_operator_3.py
[2026-02-13T22:08:37.813+0000] {logging_mixin.py:137} INFO - [2026-02-13T22:08:37.813+0000] {dag.py:2690} INFO - Sync 1 DAGs
[2026-02-13T22:08:37.826+0000] {logging_mixin.py:137} INFO - [2026-02-13T22:08:37.826+0000] {dag.py:3441} INFO - Setting next_dagrun for example_branch_dop_operator_v3 to 2026-02-13T22:07:00+00:00, run_after=2026-02-13T22:08:00+00:00
[2026-02-13T22:08:37.838+0000] {processor.py:175} INFO - Processing /home/airflow/.local/lib/python3.7/site-packages/airflow/example_dags/example_branch_python_dop_operator_3.py took 0.053 seconds
[2026-02-13T22:09:08.395+0000] {processor.py:153} INFO - Started process (PID=505) to work on /home/airflow/.local/lib/python3.7/site-packages/airflow/example_dags/example_branch_python_dop_operator_3.py
[2026-02-13T22:09:08.395+0000] {processor.py:743} INFO - Processing file /home/airflow/.local/lib/python3.7/site-packages/airflow/example_dags/example_branch_python_dop_operator_3.py for tasks to queue
[2026-02-13T22:09:08.397+0000] {logging_mixin.py:137} INFO - [2026-02-13T22:09:08.396+0000] {dagbag.py:538} INFO - Filling up the DagBag from /home/airflow/.local/lib/python3.7/site-packages/airflow/example_dags/example_branch_python_dop_operator_3.py
[2026-02-13T22:09:08.408+0000] {processor.py:753} INFO - DAG(s) dict_keys(['example_branch_dop_operator_v3']) retrieved from /home/airflow/.local/lib/python3.7/site-packages/airflow/example_dags/example_branch_python_dop_operator_3.py
[2026-02-13T22:09:08.422+0000] {logging_mixin.py:137} INFO - [2026-02-13T22:09:08.422+0000] {dag.py:2690} INFO - Sync 1 DAGs
[2026-02-13T22:09:08.437+0000] {logging_mixin.py:137} INFO - [2026-02-13T22:09:08.436+0000] {dag.py:3441} INFO - Setting next_dagrun for example_branch_dop_operator_v3 to 2026-02-13T22:08:00+00:00, run_after=2026-02-13T22:09:00+00:00
[2026-02-13T22:09:08.445+0000] {processor.py:175} INFO - Processing /home/airflow/.local/lib/python3.7/site-packages/airflow/example_dags/example_branch_python_dop_operator_3.py took 0.052 seconds
[2026-02-13T22:09:38.988+0000] {processor.py:153} INFO - Started process (PID=593) to work on /home/airflow/.local/lib/python3.7/site-packages/airflow/example_dags/example_branch_python_dop_operator_3.py
[2026-02-13T22:09:38.990+0000] {processor.py:743} INFO - Processing file /home/airflow/.local/lib/python3.7/site-packages/airflow/example_dags/example_branch_python_dop_operator_3.py for tasks to queue
[2026-02-13T22:09:38.991+0000] {logging_mixin.py:137} INFO - [2026-02-13T22:09:38.991+0000] {dagbag.py:538} INFO - Filling up the DagBag from /home/airflow/.local/lib/python3.7/site-packages/airflow/example_dags/example_branch_python_dop_operator_3.py
[2026-02-13T22:09:39.001+0000] {processor.py:753} INFO - DAG(s) dict_keys(['example_branch_dop_operator_v3']) retrieved from /home/airflow/.local/lib/python3.7/site-packages/airflow/example_dags/example_branch_python_dop_operator_3.py
[2026-02-13T22:09:39.012+0000] {logging_mixin.py:137} INFO - [2026-02-13T22:09:39.011+0000] {dag.py:2690} INFO - Sync 1 DAGs
[2026-02-13T22:09:39.025+0000] {logging_mixin.py:137} INFO - [2026-02-13T22:09:39.025+0000] {dag.py:3441} INFO - Setting next_dagrun for example_branch_dop_operator_v3 to 2026-02-13T22:08:00+00:00, run_after=2026-02-13T22:09:00+00:00
[2026-02-13T22:09:39.037+0000] {processor.py:175} INFO - Processing /home/airflow/.local/lib/python3.7/site-packages/airflow/example_dags/example_branch_python_dop_operator_3.py took 0.050 seconds
[2026-02-13T22:10:09.633+0000] {processor.py:153} INFO - Started process (PID=682) to work on /home/airflow/.local/lib/python3.7/site-packages/airflow/example_dags/example_branch_python_dop_operator_3.py
[2026-02-13T22:10:09.635+0000] {processor.py:743} INFO - Processing file /home/airflow/.local/lib/python3.7/site-packages/airflow/example_dags/example_branch_python_dop_operator_3.py for tasks to queue
[2026-02-13T22:10:09.636+0000] {logging_mixin.py:137} INFO - [2026-02-13T22:10:09.636+0000] {dagbag.py:538} INFO - Filling up the DagBag from /home/airflow/.local/lib/python3.7/site-packages/airflow/example_dags/example_branch_python_dop_operator_3.py
[2026-02-13T22:10:09.648+0000] {processor.py:753} INFO - DAG(s) dict_keys(['example_branch_dop_operator_v3']) retrieved from /home/airflow/.local/lib/python3.7/site-packages/airflow/example_dags/example_branch_python_dop_operator_3.py
[2026-02-13T22:10:09.668+0000] {logging_mixin.py:137} INFO - [2026-02-13T22:10:09.668+0000] {dag.py:2690} INFO - Sync 1 DAGs
[2026-02-13T22:10:09.685+0000] {logging_mixin.py:137} INFO - [2026-02-13T22:10:09.685+0000] {dag.py:3441} INFO - Setting next_dagrun for example_branch_dop_operator_v3 to 2026-02-13T22:09:00+00:00, run_after=2026-02-13T22:10:00+00:00
[2026-02-13T22:10:09.700+0000] {processor.py:175} INFO - Processing /home/airflow/.local/lib/python3.7/site-packages/airflow/example_dags/example_branch_python_dop_operator_3.py took 0.068 seconds
[2026-02-13T22:10:40.238+0000] {processor.py:153} INFO - Started process (PID=754) to work on /home/airflow/.local/lib/python3.7/site-packages/airflow/example_dags/example_branch_python_dop_operator_3.py
[2026-02-13T22:10:40.239+0000] {processor.py:743} INFO - Processing file /home/airflow/.local/lib/python3.7/site-packages/airflow/example_dags/example_branch_python_dop_operator_3.py for tasks to queue
[2026-02-13T22:10:40.240+0000] {logging_mixin.py:137} INFO - [2026-02-13T22:10:40.240+0000] {dagbag.py:538} INFO - Filling up the DagBag from /home/airflow/.local/lib/python3.7/site-packages/airflow/example_dags/example_branch_python_dop_operator_3.py
[2026-02-13T22:10:40.253+0000] {processor.py:753} INFO - DAG(s) dict_keys(['example_branch_dop_operator_v3']) retrieved from /home/airflow/.local/lib/python3.7/site-packages/airflow/example_dags/example_branch_python_dop_operator_3.py
[2026-02-13T22:10:40.267+0000] {logging_mixin.py:137} INFO - [2026-02-13T22:10:40.267+0000] {dag.py:2690} INFO - Sync 1 DAGs
[2026-02-13T22:10:40.281+0000] {logging_mixin.py:137} INFO - [2026-02-13T22:10:40.281+0000] {dag.py:3441} INFO - Setting next_dagrun for example_branch_dop_operator_v3 to 2026-02-13T22:09:00+00:00, run_after=2026-02-13T22:10:00+00:00
[2026-02-13T22:10:40.289+0000] {processor.py:175} INFO - Processing /home/airflow/.local/lib/python3.7/site-packages/airflow/example_dags/example_branch_python_dop_operator_3.py took 0.052 seconds
[2026-02-13T22:11:10.805+0000] {processor.py:153} INFO - Started process (PID=843) to work on /home/airflow/.local/lib/python3.7/site-packages/airflow/example_dags/example_branch_python_dop_operator_3.py
[2026-02-13T22:11:10.809+0000] {processor.py:743} INFO - Processing file /home/airflow/.local/lib/python3.7/site-packages/airflow/example_dags/example_branch_python_dop_operator_3.py for tasks to queue
[2026-02-13T22:11:10.812+0000] {logging_mixin.py:137} INFO - [2026-02-13T22:11:10.812+0000] {dagbag.py:538} INFO - Filling up the DagBag from /home/airflow/.local/lib/python3.7/site-packages/airflow/example_dags/example_branch_python_dop_operator_3.py
[2026-02-13T22:11:10.839+0000] {processor.py:753} INFO - DAG(s) dict_keys(['example_branch_dop_operator_v3']) retrieved from /home/airflow/.local/lib/python3.7/site-packages/airflow/example_dags/example_branch_python_dop_operator_3.py
[2026-02-13T22:11:10.862+0000] {logging_mixin.py:137} INFO - [2026-02-13T22:11:10.862+0000] {dag.py:2690} INFO - Sync 1 DAGs
[2026-02-13T22:11:10.882+0000] {logging_mixin.py:137} INFO - [2026-02-13T22:11:10.882+0000] {dag.py:3441} INFO - Setting next_dagrun for example_branch_dop_operator_v3 to 2026-02-13T22:10:00+00:00, run_after=2026-02-13T22:11:00+00:00
[2026-02-13T22:11:10.892+0000] {processor.py:175} INFO - Processing /home/airflow/.local/lib/python3.7/site-packages/airflow/example_dags/example_branch_python_dop_operator_3.py took 0.090 seconds
[2026-02-13T22:11:41.391+0000] {processor.py:153} INFO - Started process (PID=931) to work on /home/airflow/.local/lib/python3.7/site-packages/airflow/example_dags/example_branch_python_dop_operator_3.py
[2026-02-13T22:11:41.392+0000] {processor.py:743} INFO - Processing file /home/airflow/.local/lib/python3.7/site-packages/airflow/example_dags/example_branch_python_dop_operator_3.py for tasks to queue
[2026-02-13T22:11:41.392+0000] {logging_mixin.py:137} INFO - [2026-02-13T22:11:41.392+0000] {dagbag.py:538} INFO - Filling up the DagBag from /home/airflow/.local/lib/python3.7/site-packages/airflow/example_dags/example_branch_python_dop_operator_3.py
[2026-02-13T22:11:41.404+0000] {processor.py:753} INFO - DAG(s) dict_keys(['example_branch_dop_operator_v3']) retrieved from /home/airflow/.local/lib/python3.7/site-packages/airflow/example_dags/example_branch_python_dop_operator_3.py
[2026-02-13T22:11:41.420+0000] {logging_mixin.py:137} INFO - [2026-02-13T22:11:41.420+0000] {dag.py:2690} INFO - Sync 1 DAGs
[2026-02-13T22:11:41.436+0000] {logging_mixin.py:137} INFO - [2026-02-13T22:11:41.436+0000] {dag.py:3441} INFO - Setting next_dagrun for example_branch_dop_operator_v3 to 2026-02-13T22:10:00+00:00, run_after=2026-02-13T22:11:00+00:00
[2026-02-13T22:11:41.450+0000] {processor.py:175} INFO - Processing /home/airflow/.local/lib/python3.7/site-packages/airflow/example_dags/example_branch_python_dop_operator_3.py took 0.061 seconds
[2026-02-13T22:12:11.946+0000] {processor.py:153} INFO - Started process (PID=1020) to work on /home/airflow/.local/lib/python3.7/site-packages/airflow/example_dags/example_branch_python_dop_operator_3.py
[2026-02-13T22:12:11.947+0000] {processor.py:743} INFO - Processing file /home/airflow/.local/lib/python3.7/site-packages/airflow/example_dags/example_branch_python_dop_operator_3.py for tasks to queue
[2026-02-13T22:12:11.949+0000] {logging_mixin.py:137} INFO - [2026-02-13T22:12:11.949+0000] {dagbag.py:538} INFO - Filling up the DagBag from /home/airflow/.local/lib/python3.7/site-packages/airflow/example_dags/example_branch_python_dop_operator_3.py
[2026-02-13T22:12:11.961+0000] {processor.py:753} INFO - DAG(s) dict_keys(['example_branch_dop_operator_v3']) retrieved from /home/airflow/.local/lib/python3.7/site-packages/airflow/example_dags/example_branch_python_dop_operator_3.py
[2026-02-13T22:12:11.974+0000] {logging_mixin.py:137} INFO - [2026-02-13T22:12:11.974+0000] {dag.py:2690} INFO - Sync 1 DAGs
[2026-02-13T22:12:11.988+0000] {logging_mixin.py:137} INFO - [2026-02-13T22:12:11.988+0000] {dag.py:3441} INFO - Setting next_dagrun for example_branch_dop_operator_v3 to 2026-02-13T22:11:00+00:00, run_after=2026-02-13T22:12:00+00:00
[2026-02-13T22:12:11.998+0000] {processor.py:175} INFO - Processing /home/airflow/.local/lib/python3.7/site-packages/airflow/example_dags/example_branch_python_dop_operator_3.py took 0.054 seconds
[2026-02-13T22:20:57.957+0000] {processor.py:153} INFO - Started process (PID=115) to work on /home/airflow/.local/lib/python3.7/site-packages/airflow/example_dags/example_branch_python_dop_operator_3.py
[2026-02-13T22:20:57.959+0000] {processor.py:743} INFO - Processing file /home/airflow/.local/lib/python3.7/site-packages/airflow/example_dags/example_branch_python_dop_operator_3.py for tasks to queue
[2026-02-13T22:20:57.959+0000] {logging_mixin.py:137} INFO - [2026-02-13T22:20:57.959+0000] {dagbag.py:538} INFO - Filling up the DagBag from /home/airflow/.local/lib/python3.7/site-packages/airflow/example_dags/example_branch_python_dop_operator_3.py
[2026-02-13T22:20:57.974+0000] {processor.py:753} INFO - DAG(s) dict_keys(['example_branch_dop_operator_v3']) retrieved from /home/airflow/.local/lib/python3.7/site-packages/airflow/example_dags/example_branch_python_dop_operator_3.py
[2026-02-13T22:20:57.980+0000] {logging_mixin.py:137} INFO - [2026-02-13T22:20:57.980+0000] {dag.py:2690} INFO - Sync 1 DAGs
[2026-02-13T22:20:57.995+0000] {logging_mixin.py:137} INFO - [2026-02-13T22:20:57.995+0000] {dag.py:3441} INFO - Setting next_dagrun for example_branch_dop_operator_v3 to 2026-02-13T22:19:00+00:00, run_after=2026-02-13T22:20:00+00:00
[2026-02-13T22:20:58.009+0000] {processor.py:175} INFO - Processing /home/airflow/.local/lib/python3.7/site-packages/airflow/example_dags/example_branch_python_dop_operator_3.py took 0.054 seconds
[2026-02-13T22:21:28.771+0000] {processor.py:153} INFO - Started process (PID=198) to work on /home/airflow/.local/lib/python3.7/site-packages/airflow/example_dags/example_branch_python_dop_operator_3.py
[2026-02-13T22:21:28.776+0000] {processor.py:743} INFO - Processing file /home/airflow/.local/lib/python3.7/site-packages/airflow/example_dags/example_branch_python_dop_operator_3.py for tasks to queue
[2026-02-13T22:21:28.778+0000] {logging_mixin.py:137} INFO - [2026-02-13T22:21:28.778+0000] {dagbag.py:538} INFO - Filling up the DagBag from /home/airflow/.local/lib/python3.7/site-packages/airflow/example_dags/example_branch_python_dop_operator_3.py
[2026-02-13T22:21:28.796+0000] {processor.py:753} INFO - DAG(s) dict_keys(['example_branch_dop_operator_v3']) retrieved from /home/airflow/.local/lib/python3.7/site-packages/airflow/example_dags/example_branch_python_dop_operator_3.py
[2026-02-13T22:21:28.822+0000] {logging_mixin.py:137} INFO - [2026-02-13T22:21:28.821+0000] {dag.py:2690} INFO - Sync 1 DAGs
[2026-02-13T22:21:28.842+0000] {logging_mixin.py:137} INFO - [2026-02-13T22:21:28.842+0000] {dag.py:3441} INFO - Setting next_dagrun for example_branch_dop_operator_v3 to 2026-02-13T22:20:00+00:00, run_after=2026-02-13T22:21:00+00:00
[2026-02-13T22:21:28.868+0000] {processor.py:175} INFO - Processing /home/airflow/.local/lib/python3.7/site-packages/airflow/example_dags/example_branch_python_dop_operator_3.py took 0.106 seconds
[2026-02-13T22:21:59.755+0000] {processor.py:153} INFO - Started process (PID=278) to work on /home/airflow/.local/lib/python3.7/site-packages/airflow/example_dags/example_branch_python_dop_operator_3.py
[2026-02-13T22:21:59.756+0000] {processor.py:743} INFO - Processing file /home/airflow/.local/lib/python3.7/site-packages/airflow/example_dags/example_branch_python_dop_operator_3.py for tasks to queue
[2026-02-13T22:21:59.756+0000] {logging_mixin.py:137} INFO - [2026-02-13T22:21:59.756+0000] {dagbag.py:538} INFO - Filling up the DagBag from /home/airflow/.local/lib/python3.7/site-packages/airflow/example_dags/example_branch_python_dop_operator_3.py
[2026-02-13T22:21:59.768+0000] {processor.py:753} INFO - DAG(s) dict_keys(['example_branch_dop_operator_v3']) retrieved from /home/airflow/.local/lib/python3.7/site-packages/airflow/example_dags/example_branch_python_dop_operator_3.py
[2026-02-13T22:21:59.779+0000] {logging_mixin.py:137} INFO - [2026-02-13T22:21:59.779+0000] {dag.py:2690} INFO - Sync 1 DAGs
[2026-02-13T22:21:59.792+0000] {logging_mixin.py:137} INFO - [2026-02-13T22:21:59.791+0000] {dag.py:3441} INFO - Setting next_dagrun for example_branch_dop_operator_v3 to 2026-02-13T22:20:00+00:00, run_after=2026-02-13T22:21:00+00:00
[2026-02-13T22:21:59.800+0000] {processor.py:175} INFO - Processing /home/airflow/.local/lib/python3.7/site-packages/airflow/example_dags/example_branch_python_dop_operator_3.py took 0.046 seconds
[2026-02-13T22:22:30.314+0000] {processor.py:153} INFO - Started process (PID=368) to work on /home/airflow/.local/lib/python3.7/site-packages/airflow/example_dags/example_branch_python_dop_operator_3.py
[2026-02-13T22:22:30.314+0000] {processor.py:743} INFO - Processing file /home/airflow/.local/lib/python3.7/site-packages/airflow/example_dags/example_branch_python_dop_operator_3.py for tasks to queue
[2026-02-13T22:22:30.315+0000] {logging_mixin.py:137} INFO - [2026-02-13T22:22:30.315+0000] {dagbag.py:538} INFO - Filling up the DagBag from /home/airflow/.local/lib/python3.7/site-packages/airflow/example_dags/example_branch_python_dop_operator_3.py
[2026-02-13T22:22:30.325+0000] {processor.py:753} INFO - DAG(s) dict_keys(['example_branch_dop_operator_v3']) retrieved from /home/airflow/.local/lib/python3.7/site-packages/airflow/example_dags/example_branch_python_dop_operator_3.py
[2026-02-13T22:22:30.338+0000] {logging_mixin.py:137} INFO - [2026-02-13T22:22:30.338+0000] {dag.py:2690} INFO - Sync 1 DAGs
[2026-02-13T22:22:30.352+0000] {logging_mixin.py:137} INFO - [2026-02-13T22:22:30.352+0000] {dag.py:3441} INFO - Setting next_dagrun for example_branch_dop_operator_v3 to 2026-02-13T22:21:00+00:00, run_after=2026-02-13T22:22:00+00:00
[2026-02-13T22:22:30.361+0000] {processor.py:175} INFO - Processing /home/airflow/.local/lib/python3.7/site-packages/airflow/example_dags/example_branch_python_dop_operator_3.py took 0.049 seconds
[2026-02-13T22:23:01.029+0000] {processor.py:153} INFO - Started process (PID=457) to work on /home/airflow/.local/lib/python3.7/site-packages/airflow/example_dags/example_branch_python_dop_operator_3.py
[2026-02-13T22:23:01.031+0000] {processor.py:743} INFO - Processing file /home/airflow/.local/lib/python3.7/site-packages/airflow/example_dags/example_branch_python_dop_operator_3.py for tasks to queue
[2026-02-13T22:23:01.032+0000] {logging_mixin.py:137} INFO - [2026-02-13T22:23:01.032+0000] {dagbag.py:538} INFO - Filling up the DagBag from /home/airflow/.local/lib/python3.7/site-packages/airflow/example_dags/example_branch_python_dop_operator_3.py
[2026-02-13T22:23:01.045+0000] {processor.py:753} INFO - DAG(s) dict_keys(['example_branch_dop_operator_v3']) retrieved from /home/airflow/.local/lib/python3.7/site-packages/airflow/example_dags/example_branch_python_dop_operator_3.py
[2026-02-13T22:23:01.056+0000] {logging_mixin.py:137} INFO - [2026-02-13T22:23:01.056+0000] {dag.py:2690} INFO - Sync 1 DAGs
[2026-02-13T22:23:01.072+0000] {logging_mixin.py:137} INFO - [2026-02-13T22:23:01.072+0000] {dag.py:3441} INFO - Setting next_dagrun for example_branch_dop_operator_v3 to 2026-02-13T22:22:00+00:00, run_after=2026-02-13T22:23:00+00:00
[2026-02-13T22:23:01.082+0000] {processor.py:175} INFO - Processing /home/airflow/.local/lib/python3.7/site-packages/airflow/example_dags/example_branch_python_dop_operator_3.py took 0.055 seconds
[2026-02-13T22:23:31.731+0000] {processor.py:153} INFO - Started process (PID=538) to work on /home/airflow/.local/lib/python3.7/site-packages/airflow/example_dags/example_branch_python_dop_operator_3.py
[2026-02-13T22:23:31.732+0000] {processor.py:743} INFO - Processing file /home/airflow/.local/lib/python3.7/site-packages/airflow/example_dags/example_branch_python_dop_operator_3.py for tasks to queue
[2026-02-13T22:23:31.733+0000] {logging_mixin.py:137} INFO - [2026-02-13T22:23:31.733+0000] {dagbag.py:538} INFO - Filling up the DagBag from /home/airflow/.local/lib/python3.7/site-packages/airflow/example_dags/example_branch_python_dop_operator_3.py
[2026-02-13T22:23:31.745+0000] {processor.py:753} INFO - DAG(s) dict_keys(['example_branch_dop_operator_v3']) retrieved from /home/airflow/.local/lib/python3.7/site-packages/airflow/example_dags/example_branch_python_dop_operator_3.py
[2026-02-13T22:23:31.760+0000] {logging_mixin.py:137} INFO - [2026-02-13T22:23:31.760+0000] {dag.py:2690} INFO - Sync 1 DAGs
[2026-02-13T22:23:31.777+0000] {logging_mixin.py:137} INFO - [2026-02-13T22:23:31.777+0000] {dag.py:3441} INFO - Setting next_dagrun for example_branch_dop_operator_v3 to 2026-02-13T22:22:00+00:00, run_after=2026-02-13T22:23:00+00:00
[2026-02-13T22:23:31.789+0000] {processor.py:175} INFO - Processing /home/airflow/.local/lib/python3.7/site-packages/airflow/example_dags/example_branch_python_dop_operator_3.py took 0.060 seconds
[2026-02-13T22:24:02.412+0000] {processor.py:153} INFO - Started process (PID=618) to work on /home/airflow/.local/lib/python3.7/site-packages/airflow/example_dags/example_branch_python_dop_operator_3.py
[2026-02-13T22:24:02.413+0000] {processor.py:743} INFO - Processing file /home/airflow/.local/lib/python3.7/site-packages/airflow/example_dags/example_branch_python_dop_operator_3.py for tasks to queue
[2026-02-13T22:24:02.414+0000] {logging_mixin.py:137} INFO - [2026-02-13T22:24:02.413+0000] {dagbag.py:538} INFO - Filling up the DagBag from /home/airflow/.local/lib/python3.7/site-packages/airflow/example_dags/example_branch_python_dop_operator_3.py
[2026-02-13T22:24:02.427+0000] {processor.py:753} INFO - DAG(s) dict_keys(['example_branch_dop_operator_v3']) retrieved from /home/airflow/.local/lib/python3.7/site-packages/airflow/example_dags/example_branch_python_dop_operator_3.py
[2026-02-13T22:24:02.440+0000] {logging_mixin.py:137} INFO - [2026-02-13T22:24:02.440+0000] {dag.py:2690} INFO - Sync 1 DAGs
[2026-02-13T22:24:02.455+0000] {logging_mixin.py:137} INFO - [2026-02-13T22:24:02.455+0000] {dag.py:3441} INFO - Setting next_dagrun for example_branch_dop_operator_v3 to 2026-02-13T22:23:00+00:00, run_after=2026-02-13T22:24:00+00:00
[2026-02-13T22:24:02.465+0000] {processor.py:175} INFO - Processing /home/airflow/.local/lib/python3.7/site-packages/airflow/example_dags/example_branch_python_dop_operator_3.py took 0.054 seconds
[2026-02-13T22:24:33.142+0000] {processor.py:153} INFO - Started process (PID=707) to work on /home/airflow/.local/lib/python3.7/site-packages/airflow/example_dags/example_branch_python_dop_operator_3.py
[2026-02-13T22:24:33.143+0000] {processor.py:743} INFO - Processing file /home/airflow/.local/lib/python3.7/site-packages/airflow/example_dags/example_branch_python_dop_operator_3.py for tasks to queue
[2026-02-13T22:24:33.144+0000] {logging_mixin.py:137} INFO - [2026-02-13T22:24:33.144+0000] {dagbag.py:538} INFO - Filling up the DagBag from /home/airflow/.local/lib/python3.7/site-packages/airflow/example_dags/example_branch_python_dop_operator_3.py
[2026-02-13T22:24:33.155+0000] {processor.py:753} INFO - DAG(s) dict_keys(['example_branch_dop_operator_v3']) retrieved from /home/airflow/.local/lib/python3.7/site-packages/airflow/example_dags/example_branch_python_dop_operator_3.py
[2026-02-13T22:24:33.166+0000] {logging_mixin.py:137} INFO - [2026-02-13T22:24:33.166+0000] {dag.py:2690} INFO - Sync 1 DAGs
[2026-02-13T22:24:33.184+0000] {logging_mixin.py:137} INFO - [2026-02-13T22:24:33.184+0000] {dag.py:3441} INFO - Setting next_dagrun for example_branch_dop_operator_v3 to 2026-02-13T22:23:00+00:00, run_after=2026-02-13T22:24:00+00:00
[2026-02-13T22:24:33.193+0000] {processor.py:175} INFO - Processing /home/airflow/.local/lib/python3.7/site-packages/airflow/example_dags/example_branch_python_dop_operator_3.py took 0.053 seconds
[2026-02-13T22:25:03.767+0000] {processor.py:153} INFO - Started process (PID=796) to work on /home/airflow/.local/lib/python3.7/site-packages/airflow/example_dags/example_branch_python_dop_operator_3.py
[2026-02-13T22:25:03.767+0000] {processor.py:743} INFO - Processing file /home/airflow/.local/lib/python3.7/site-packages/airflow/example_dags/example_branch_python_dop_operator_3.py for tasks to queue
[2026-02-13T22:25:03.768+0000] {logging_mixin.py:137} INFO - [2026-02-13T22:25:03.768+0000] {dagbag.py:538} INFO - Filling up the DagBag from /home/airflow/.local/lib/python3.7/site-packages/airflow/example_dags/example_branch_python_dop_operator_3.py
[2026-02-13T22:25:03.781+0000] {processor.py:753} INFO - DAG(s) dict_keys(['example_branch_dop_operator_v3']) retrieved from /home/airflow/.local/lib/python3.7/site-packages/airflow/example_dags/example_branch_python_dop_operator_3.py
[2026-02-13T22:25:03.791+0000] {logging_mixin.py:137} INFO - [2026-02-13T22:25:03.791+0000] {dag.py:2690} INFO - Sync 1 DAGs
[2026-02-13T22:25:03.805+0000] {logging_mixin.py:137} INFO - [2026-02-13T22:25:03.805+0000] {dag.py:3441} INFO - Setting next_dagrun for example_branch_dop_operator_v3 to 2026-02-13T22:24:00+00:00, run_after=2026-02-13T22:25:00+00:00
[2026-02-13T22:25:03.816+0000] {processor.py:175} INFO - Processing /home/airflow/.local/lib/python3.7/site-packages/airflow/example_dags/example_branch_python_dop_operator_3.py took 0.050 seconds
[2026-02-13T22:25:34.474+0000] {processor.py:153} INFO - Started process (PID=885) to work on /home/airflow/.local/lib/python3.7/site-packages/airflow/example_dags/example_branch_python_dop_operator_3.py
[2026-02-13T22:25:34.475+0000] {processor.py:743} INFO - Processing file /home/airflow/.local/lib/python3.7/site-packages/airflow/example_dags/example_branch_python_dop_operator_3.py for tasks to queue
[2026-02-13T22:25:34.475+0000] {logging_mixin.py:137} INFO - [2026-02-13T22:25:34.475+0000] {dagbag.py:538} INFO - Filling up the DagBag from /home/airflow/.local/lib/python3.7/site-packages/airflow/example_dags/example_branch_python_dop_operator_3.py
[2026-02-13T22:25:34.487+0000] {processor.py:753} INFO - DAG(s) dict_keys(['example_branch_dop_operator_v3']) retrieved from /home/airflow/.local/lib/python3.7/site-packages/airflow/example_dags/example_branch_python_dop_operator_3.py
[2026-02-13T22:25:34.503+0000] {logging_mixin.py:137} INFO - [2026-02-13T22:25:34.502+0000] {dag.py:2690} INFO - Sync 1 DAGs
[2026-02-13T22:25:34.516+0000] {logging_mixin.py:137} INFO - [2026-02-13T22:25:34.516+0000] {dag.py:3441} INFO - Setting next_dagrun for example_branch_dop_operator_v3 to 2026-02-13T22:24:00+00:00, run_after=2026-02-13T22:25:00+00:00
[2026-02-13T22:25:34.524+0000] {processor.py:175} INFO - Processing /home/airflow/.local/lib/python3.7/site-packages/airflow/example_dags/example_branch_python_dop_operator_3.py took 0.051 seconds
[2026-02-13T22:26:05.030+0000] {processor.py:153} INFO - Started process (PID=958) to work on /home/airflow/.local/lib/python3.7/site-packages/airflow/example_dags/example_branch_python_dop_operator_3.py
[2026-02-13T22:26:05.031+0000] {processor.py:743} INFO - Processing file /home/airflow/.local/lib/python3.7/site-packages/airflow/example_dags/example_branch_python_dop_operator_3.py for tasks to queue
[2026-02-13T22:26:05.032+0000] {logging_mixin.py:137} INFO - [2026-02-13T22:26:05.032+0000] {dagbag.py:538} INFO - Filling up the DagBag from /home/airflow/.local/lib/python3.7/site-packages/airflow/example_dags/example_branch_python_dop_operator_3.py
[2026-02-13T22:26:05.043+0000] {processor.py:753} INFO - DAG(s) dict_keys(['example_branch_dop_operator_v3']) retrieved from /home/airflow/.local/lib/python3.7/site-packages/airflow/example_dags/example_branch_python_dop_operator_3.py
[2026-02-13T22:26:05.056+0000] {logging_mixin.py:137} INFO - [2026-02-13T22:26:05.056+0000] {dag.py:2690} INFO - Sync 1 DAGs
[2026-02-13T22:26:05.071+0000] {logging_mixin.py:137} INFO - [2026-02-13T22:26:05.071+0000] {dag.py:3441} INFO - Setting next_dagrun for example_branch_dop_operator_v3 to 2026-02-13T22:25:00+00:00, run_after=2026-02-13T22:26:00+00:00
[2026-02-13T22:26:05.080+0000] {processor.py:175} INFO - Processing /home/airflow/.local/lib/python3.7/site-packages/airflow/example_dags/example_branch_python_dop_operator_3.py took 0.052 seconds
[2026-02-13T22:26:35.742+0000] {processor.py:153} INFO - Started process (PID=1047) to work on /home/airflow/.local/lib/python3.7/site-packages/airflow/example_dags/example_branch_python_dop_operator_3.py
[2026-02-13T22:26:35.743+0000] {processor.py:743} INFO - Processing file /home/airflow/.local/lib/python3.7/site-packages/airflow/example_dags/example_branch_python_dop_operator_3.py for tasks to queue
[2026-02-13T22:26:35.744+0000] {logging_mixin.py:137} INFO - [2026-02-13T22:26:35.744+0000] {dagbag.py:538} INFO - Filling up the DagBag from /home/airflow/.local/lib/python3.7/site-packages/airflow/example_dags/example_branch_python_dop_operator_3.py
[2026-02-13T22:26:35.757+0000] {processor.py:753} INFO - DAG(s) dict_keys(['example_branch_dop_operator_v3']) retrieved from /home/airflow/.local/lib/python3.7/site-packages/airflow/example_dags/example_branch_python_dop_operator_3.py
[2026-02-13T22:26:35.771+0000] {logging_mixin.py:137} INFO - [2026-02-13T22:26:35.771+0000] {dag.py:2690} INFO - Sync 1 DAGs
[2026-02-13T22:26:35.788+0000] {logging_mixin.py:137} INFO - [2026-02-13T22:26:35.788+0000] {dag.py:3441} INFO - Setting next_dagrun for example_branch_dop_operator_v3 to 2026-02-13T22:25:00+00:00, run_after=2026-02-13T22:26:00+00:00
[2026-02-13T22:26:35.798+0000] {processor.py:175} INFO - Processing /home/airflow/.local/lib/python3.7/site-packages/airflow/example_dags/example_branch_python_dop_operator_3.py took 0.057 seconds
[2026-02-13T22:27:06.394+0000] {processor.py:153} INFO - Started process (PID=1136) to work on /home/airflow/.local/lib/python3.7/site-packages/airflow/example_dags/example_branch_python_dop_operator_3.py
[2026-02-13T22:27:06.396+0000] {processor.py:743} INFO - Processing file /home/airflow/.local/lib/python3.7/site-packages/airflow/example_dags/example_branch_python_dop_operator_3.py for tasks to queue
[2026-02-13T22:27:06.396+0000] {logging_mixin.py:137} INFO - [2026-02-13T22:27:06.396+0000] {dagbag.py:538} INFO - Filling up the DagBag from /home/airflow/.local/lib/python3.7/site-packages/airflow/example_dags/example_branch_python_dop_operator_3.py
[2026-02-13T22:27:06.407+0000] {processor.py:753} INFO - DAG(s) dict_keys(['example_branch_dop_operator_v3']) retrieved from /home/airflow/.local/lib/python3.7/site-packages/airflow/example_dags/example_branch_python_dop_operator_3.py
[2026-02-13T22:27:06.417+0000] {logging_mixin.py:137} INFO - [2026-02-13T22:27:06.417+0000] {dag.py:2690} INFO - Sync 1 DAGs
[2026-02-13T22:27:06.431+0000] {logging_mixin.py:137} INFO - [2026-02-13T22:27:06.431+0000] {dag.py:3441} INFO - Setting next_dagrun for example_branch_dop_operator_v3 to 2026-02-13T22:26:00+00:00, run_after=2026-02-13T22:27:00+00:00
[2026-02-13T22:27:06.440+0000] {processor.py:175} INFO - Processing /home/airflow/.local/lib/python3.7/site-packages/airflow/example_dags/example_branch_python_dop_operator_3.py took 0.047 seconds
[2026-02-13T22:27:37.001+0000] {processor.py:153} INFO - Started process (PID=1225) to work on /home/airflow/.local/lib/python3.7/site-packages/airflow/example_dags/example_branch_python_dop_operator_3.py
[2026-02-13T22:27:37.001+0000] {processor.py:743} INFO - Processing file /home/airflow/.local/lib/python3.7/site-packages/airflow/example_dags/example_branch_python_dop_operator_3.py for tasks to queue
[2026-02-13T22:27:37.004+0000] {logging_mixin.py:137} INFO - [2026-02-13T22:27:37.004+0000] {dagbag.py:538} INFO - Filling up the DagBag from /home/airflow/.local/lib/python3.7/site-packages/airflow/example_dags/example_branch_python_dop_operator_3.py
[2026-02-13T22:27:37.013+0000] {processor.py:753} INFO - DAG(s) dict_keys(['example_branch_dop_operator_v3']) retrieved from /home/airflow/.local/lib/python3.7/site-packages/airflow/example_dags/example_branch_python_dop_operator_3.py
[2026-02-13T22:27:37.028+0000] {logging_mixin.py:137} INFO - [2026-02-13T22:27:37.028+0000] {dag.py:2690} INFO - Sync 1 DAGs
[2026-02-13T22:27:37.045+0000] {logging_mixin.py:137} INFO - [2026-02-13T22:27:37.045+0000] {dag.py:3441} INFO - Setting next_dagrun for example_branch_dop_operator_v3 to 2026-02-13T22:26:00+00:00, run_after=2026-02-13T22:27:00+00:00
[2026-02-13T22:27:37.055+0000] {processor.py:175} INFO - Processing /home/airflow/.local/lib/python3.7/site-packages/airflow/example_dags/example_branch_python_dop_operator_3.py took 0.056 seconds
[2026-02-13T22:28:07.799+0000] {processor.py:153} INFO - Started process (PID=1298) to work on /home/airflow/.local/lib/python3.7/site-packages/airflow/example_dags/example_branch_python_dop_operator_3.py
[2026-02-13T22:28:07.801+0000] {processor.py:743} INFO - Processing file /home/airflow/.local/lib/python3.7/site-packages/airflow/example_dags/example_branch_python_dop_operator_3.py for tasks to queue
[2026-02-13T22:28:07.801+0000] {logging_mixin.py:137} INFO - [2026-02-13T22:28:07.801+0000] {dagbag.py:538} INFO - Filling up the DagBag from /home/airflow/.local/lib/python3.7/site-packages/airflow/example_dags/example_branch_python_dop_operator_3.py
[2026-02-13T22:28:07.814+0000] {processor.py:753} INFO - DAG(s) dict_keys(['example_branch_dop_operator_v3']) retrieved from /home/airflow/.local/lib/python3.7/site-packages/airflow/example_dags/example_branch_python_dop_operator_3.py
[2026-02-13T22:28:07.827+0000] {logging_mixin.py:137} INFO - [2026-02-13T22:28:07.827+0000] {dag.py:2690} INFO - Sync 1 DAGs
[2026-02-13T22:28:07.838+0000] {logging_mixin.py:137} INFO - [2026-02-13T22:28:07.838+0000] {dag.py:3441} INFO - Setting next_dagrun for example_branch_dop_operator_v3 to 2026-02-13T22:27:00+00:00, run_after=2026-02-13T22:28:00+00:00
[2026-02-13T22:28:07.847+0000] {processor.py:175} INFO - Processing /home/airflow/.local/lib/python3.7/site-packages/airflow/example_dags/example_branch_python_dop_operator_3.py took 0.049 seconds
[2026-02-13T22:28:38.394+0000] {processor.py:153} INFO - Started process (PID=1387) to work on /home/airflow/.local/lib/python3.7/site-packages/airflow/example_dags/example_branch_python_dop_operator_3.py
[2026-02-13T22:28:38.395+0000] {processor.py:743} INFO - Processing file /home/airflow/.local/lib/python3.7/site-packages/airflow/example_dags/example_branch_python_dop_operator_3.py for tasks to queue
[2026-02-13T22:28:38.396+0000] {logging_mixin.py:137} INFO - [2026-02-13T22:28:38.396+0000] {dagbag.py:538} INFO - Filling up the DagBag from /home/airflow/.local/lib/python3.7/site-packages/airflow/example_dags/example_branch_python_dop_operator_3.py
[2026-02-13T22:28:38.407+0000] {processor.py:753} INFO - DAG(s) dict_keys(['example_branch_dop_operator_v3']) retrieved from /home/airflow/.local/lib/python3.7/site-packages/airflow/example_dags/example_branch_python_dop_operator_3.py
[2026-02-13T22:28:38.420+0000] {logging_mixin.py:137} INFO - [2026-02-13T22:28:38.420+0000] {dag.py:2690} INFO - Sync 1 DAGs
[2026-02-13T22:28:38.433+0000] {logging_mixin.py:137} INFO - [2026-02-13T22:28:38.433+0000] {dag.py:3441} INFO - Setting next_dagrun for example_branch_dop_operator_v3 to 2026-02-13T22:27:00+00:00, run_after=2026-02-13T22:28:00+00:00
[2026-02-13T22:28:38.443+0000] {processor.py:175} INFO - Processing /home/airflow/.local/lib/python3.7/site-packages/airflow/example_dags/example_branch_python_dop_operator_3.py took 0.050 seconds
[2026-02-13T22:29:09.083+0000] {processor.py:153} INFO - Started process (PID=1476) to work on /home/airflow/.local/lib/python3.7/site-packages/airflow/example_dags/example_branch_python_dop_operator_3.py
[2026-02-13T22:29:09.083+0000] {processor.py:743} INFO - Processing file /home/airflow/.local/lib/python3.7/site-packages/airflow/example_dags/example_branch_python_dop_operator_3.py for tasks to queue
[2026-02-13T22:29:09.083+0000] {logging_mixin.py:137} INFO - [2026-02-13T22:29:09.083+0000] {dagbag.py:538} INFO - Filling up the DagBag from /home/airflow/.local/lib/python3.7/site-packages/airflow/example_dags/example_branch_python_dop_operator_3.py
[2026-02-13T22:29:09.096+0000] {processor.py:753} INFO - DAG(s) dict_keys(['example_branch_dop_operator_v3']) retrieved from /home/airflow/.local/lib/python3.7/site-packages/airflow/example_dags/example_branch_python_dop_operator_3.py
[2026-02-13T22:29:09.120+0000] {logging_mixin.py:137} INFO - [2026-02-13T22:29:09.120+0000] {dag.py:2690} INFO - Sync 1 DAGs
[2026-02-13T22:29:09.132+0000] {logging_mixin.py:137} INFO - [2026-02-13T22:29:09.132+0000] {dag.py:3441} INFO - Setting next_dagrun for example_branch_dop_operator_v3 to 2026-02-13T22:28:00+00:00, run_after=2026-02-13T22:29:00+00:00
[2026-02-13T22:29:09.140+0000] {processor.py:175} INFO - Processing /home/airflow/.local/lib/python3.7/site-packages/airflow/example_dags/example_branch_python_dop_operator_3.py took 0.059 seconds
[2026-02-13T22:29:39.639+0000] {processor.py:153} INFO - Started process (PID=1565) to work on /home/airflow/.local/lib/python3.7/site-packages/airflow/example_dags/example_branch_python_dop_operator_3.py
[2026-02-13T22:29:39.639+0000] {processor.py:743} INFO - Processing file /home/airflow/.local/lib/python3.7/site-packages/airflow/example_dags/example_branch_python_dop_operator_3.py for tasks to queue
[2026-02-13T22:29:39.640+0000] {logging_mixin.py:137} INFO - [2026-02-13T22:29:39.640+0000] {dagbag.py:538} INFO - Filling up the DagBag from /home/airflow/.local/lib/python3.7/site-packages/airflow/example_dags/example_branch_python_dop_operator_3.py
[2026-02-13T22:29:39.649+0000] {processor.py:753} INFO - DAG(s) dict_keys(['example_branch_dop_operator_v3']) retrieved from /home/airflow/.local/lib/python3.7/site-packages/airflow/example_dags/example_branch_python_dop_operator_3.py
[2026-02-13T22:29:39.658+0000] {logging_mixin.py:137} INFO - [2026-02-13T22:29:39.658+0000] {dag.py:2690} INFO - Sync 1 DAGs
[2026-02-13T22:29:39.669+0000] {logging_mixin.py:137} INFO - [2026-02-13T22:29:39.669+0000] {dag.py:3441} INFO - Setting next_dagrun for example_branch_dop_operator_v3 to 2026-02-13T22:28:00+00:00, run_after=2026-02-13T22:29:00+00:00
[2026-02-13T22:29:39.675+0000] {processor.py:175} INFO - Processing /home/airflow/.local/lib/python3.7/site-packages/airflow/example_dags/example_branch_python_dop_operator_3.py took 0.037 seconds
[2026-02-13T22:30:10.513+0000] {processor.py:153} INFO - Started process (PID=1654) to work on /home/airflow/.local/lib/python3.7/site-packages/airflow/example_dags/example_branch_python_dop_operator_3.py
[2026-02-13T22:30:10.514+0000] {processor.py:743} INFO - Processing file /home/airflow/.local/lib/python3.7/site-packages/airflow/example_dags/example_branch_python_dop_operator_3.py for tasks to queue
[2026-02-13T22:30:10.514+0000] {logging_mixin.py:137} INFO - [2026-02-13T22:30:10.514+0000] {dagbag.py:538} INFO - Filling up the DagBag from /home/airflow/.local/lib/python3.7/site-packages/airflow/example_dags/example_branch_python_dop_operator_3.py
[2026-02-13T22:30:10.529+0000] {processor.py:753} INFO - DAG(s) dict_keys(['example_branch_dop_operator_v3']) retrieved from /home/airflow/.local/lib/python3.7/site-packages/airflow/example_dags/example_branch_python_dop_operator_3.py
[2026-02-13T22:30:10.548+0000] {logging_mixin.py:137} INFO - [2026-02-13T22:30:10.547+0000] {dag.py:2690} INFO - Sync 1 DAGs
[2026-02-13T22:30:10.564+0000] {logging_mixin.py:137} INFO - [2026-02-13T22:30:10.564+0000] {dag.py:3441} INFO - Setting next_dagrun for example_branch_dop_operator_v3 to 2026-02-13T22:29:00+00:00, run_after=2026-02-13T22:30:00+00:00
[2026-02-13T22:30:10.573+0000] {processor.py:175} INFO - Processing /home/airflow/.local/lib/python3.7/site-packages/airflow/example_dags/example_branch_python_dop_operator_3.py took 0.062 seconds
[2026-02-13T22:30:41.128+0000] {processor.py:153} INFO - Started process (PID=1727) to work on /home/airflow/.local/lib/python3.7/site-packages/airflow/example_dags/example_branch_python_dop_operator_3.py
[2026-02-13T22:30:41.130+0000] {processor.py:743} INFO - Processing file /home/airflow/.local/lib/python3.7/site-packages/airflow/example_dags/example_branch_python_dop_operator_3.py for tasks to queue
[2026-02-13T22:30:41.130+0000] {logging_mixin.py:137} INFO - [2026-02-13T22:30:41.130+0000] {dagbag.py:538} INFO - Filling up the DagBag from /home/airflow/.local/lib/python3.7/site-packages/airflow/example_dags/example_branch_python_dop_operator_3.py
[2026-02-13T22:30:41.141+0000] {processor.py:753} INFO - DAG(s) dict_keys(['example_branch_dop_operator_v3']) retrieved from /home/airflow/.local/lib/python3.7/site-packages/airflow/example_dags/example_branch_python_dop_operator_3.py
[2026-02-13T22:30:41.157+0000] {logging_mixin.py:137} INFO - [2026-02-13T22:30:41.157+0000] {dag.py:2690} INFO - Sync 1 DAGs
[2026-02-13T22:30:41.171+0000] {logging_mixin.py:137} INFO - [2026-02-13T22:30:41.171+0000] {dag.py:3441} INFO - Setting next_dagrun for example_branch_dop_operator_v3 to 2026-02-13T22:29:00+00:00, run_after=2026-02-13T22:30:00+00:00
[2026-02-13T22:30:41.185+0000] {processor.py:175} INFO - Processing /home/airflow/.local/lib/python3.7/site-packages/airflow/example_dags/example_branch_python_dop_operator_3.py took 0.058 seconds
[2026-02-13T22:31:11.584+0000] {processor.py:153} INFO - Started process (PID=1816) to work on /home/airflow/.local/lib/python3.7/site-packages/airflow/example_dags/example_branch_python_dop_operator_3.py
[2026-02-13T22:31:11.584+0000] {processor.py:743} INFO - Processing file /home/airflow/.local/lib/python3.7/site-packages/airflow/example_dags/example_branch_python_dop_operator_3.py for tasks to queue
[2026-02-13T22:31:11.584+0000] {logging_mixin.py:137} INFO - [2026-02-13T22:31:11.584+0000] {dagbag.py:538} INFO - Filling up the DagBag from /home/airflow/.local/lib/python3.7/site-packages/airflow/example_dags/example_branch_python_dop_operator_3.py
[2026-02-13T22:31:11.593+0000] {processor.py:753} INFO - DAG(s) dict_keys(['example_branch_dop_operator_v3']) retrieved from /home/airflow/.local/lib/python3.7/site-packages/airflow/example_dags/example_branch_python_dop_operator_3.py
[2026-02-13T22:31:11.603+0000] {logging_mixin.py:137} INFO - [2026-02-13T22:31:11.603+0000] {dag.py:2690} INFO - Sync 1 DAGs
[2026-02-13T22:31:11.615+0000] {logging_mixin.py:137} INFO - [2026-02-13T22:31:11.615+0000] {dag.py:3441} INFO - Setting next_dagrun for example_branch_dop_operator_v3 to 2026-02-13T22:30:00+00:00, run_after=2026-02-13T22:31:00+00:00
[2026-02-13T22:31:11.622+0000] {processor.py:175} INFO - Processing /home/airflow/.local/lib/python3.7/site-packages/airflow/example_dags/example_branch_python_dop_operator_3.py took 0.039 seconds
[2026-02-13T22:31:42.501+0000] {processor.py:153} INFO - Started process (PID=1905) to work on /home/airflow/.local/lib/python3.7/site-packages/airflow/example_dags/example_branch_python_dop_operator_3.py
[2026-02-13T22:31:42.502+0000] {processor.py:743} INFO - Processing file /home/airflow/.local/lib/python3.7/site-packages/airflow/example_dags/example_branch_python_dop_operator_3.py for tasks to queue
[2026-02-13T22:31:42.502+0000] {logging_mixin.py:137} INFO - [2026-02-13T22:31:42.502+0000] {dagbag.py:538} INFO - Filling up the DagBag from /home/airflow/.local/lib/python3.7/site-packages/airflow/example_dags/example_branch_python_dop_operator_3.py
[2026-02-13T22:31:42.511+0000] {processor.py:753} INFO - DAG(s) dict_keys(['example_branch_dop_operator_v3']) retrieved from /home/airflow/.local/lib/python3.7/site-packages/airflow/example_dags/example_branch_python_dop_operator_3.py
[2026-02-13T22:31:42.521+0000] {logging_mixin.py:137} INFO - [2026-02-13T22:31:42.521+0000] {dag.py:2690} INFO - Sync 1 DAGs
[2026-02-13T22:31:42.532+0000] {logging_mixin.py:137} INFO - [2026-02-13T22:31:42.532+0000] {dag.py:3441} INFO - Setting next_dagrun for example_branch_dop_operator_v3 to 2026-02-13T22:30:00+00:00, run_after=2026-02-13T22:31:00+00:00
[2026-02-13T22:31:42.538+0000] {processor.py:175} INFO - Processing /home/airflow/.local/lib/python3.7/site-packages/airflow/example_dags/example_branch_python_dop_operator_3.py took 0.038 seconds
[2026-02-13T22:32:13.781+0000] {processor.py:153} INFO - Started process (PID=1993) to work on /home/airflow/.local/lib/python3.7/site-packages/airflow/example_dags/example_branch_python_dop_operator_3.py
[2026-02-13T22:32:13.782+0000] {processor.py:743} INFO - Processing file /home/airflow/.local/lib/python3.7/site-packages/airflow/example_dags/example_branch_python_dop_operator_3.py for tasks to queue
[2026-02-13T22:32:13.783+0000] {logging_mixin.py:137} INFO - [2026-02-13T22:32:13.783+0000] {dagbag.py:538} INFO - Filling up the DagBag from /home/airflow/.local/lib/python3.7/site-packages/airflow/example_dags/example_branch_python_dop_operator_3.py
[2026-02-13T22:32:13.795+0000] {processor.py:753} INFO - DAG(s) dict_keys(['example_branch_dop_operator_v3']) retrieved from /home/airflow/.local/lib/python3.7/site-packages/airflow/example_dags/example_branch_python_dop_operator_3.py
[2026-02-13T22:32:13.808+0000] {logging_mixin.py:137} INFO - [2026-02-13T22:32:13.808+0000] {dag.py:2690} INFO - Sync 1 DAGs
[2026-02-13T22:32:13.824+0000] {logging_mixin.py:137} INFO - [2026-02-13T22:32:13.824+0000] {dag.py:3441} INFO - Setting next_dagrun for example_branch_dop_operator_v3 to 2026-02-13T22:31:00+00:00, run_after=2026-02-13T22:32:00+00:00
[2026-02-13T22:32:13.834+0000] {processor.py:175} INFO - Processing /home/airflow/.local/lib/python3.7/site-packages/airflow/example_dags/example_branch_python_dop_operator_3.py took 0.054 seconds
[2026-02-13T22:32:44.652+0000] {processor.py:153} INFO - Started process (PID=2066) to work on /home/airflow/.local/lib/python3.7/site-packages/airflow/example_dags/example_branch_python_dop_operator_3.py
[2026-02-13T22:32:44.653+0000] {processor.py:743} INFO - Processing file /home/airflow/.local/lib/python3.7/site-packages/airflow/example_dags/example_branch_python_dop_operator_3.py for tasks to queue
[2026-02-13T22:32:44.653+0000] {logging_mixin.py:137} INFO - [2026-02-13T22:32:44.653+0000] {dagbag.py:538} INFO - Filling up the DagBag from /home/airflow/.local/lib/python3.7/site-packages/airflow/example_dags/example_branch_python_dop_operator_3.py
[2026-02-13T22:32:44.665+0000] {processor.py:753} INFO - DAG(s) dict_keys(['example_branch_dop_operator_v3']) retrieved from /home/airflow/.local/lib/python3.7/site-packages/airflow/example_dags/example_branch_python_dop_operator_3.py
[2026-02-13T22:32:44.675+0000] {logging_mixin.py:137} INFO - [2026-02-13T22:32:44.675+0000] {dag.py:2690} INFO - Sync 1 DAGs
[2026-02-13T22:32:44.687+0000] {logging_mixin.py:137} INFO - [2026-02-13T22:32:44.687+0000] {dag.py:3441} INFO - Setting next_dagrun for example_branch_dop_operator_v3 to 2026-02-13T22:31:00+00:00, run_after=2026-02-13T22:32:00+00:00
[2026-02-13T22:32:44.695+0000] {processor.py:175} INFO - Processing /home/airflow/.local/lib/python3.7/site-packages/airflow/example_dags/example_branch_python_dop_operator_3.py took 0.045 seconds
[2026-02-13T22:34:05.242+0000] {processor.py:153} INFO - Started process (PID=117) to work on /home/airflow/.local/lib/python3.7/site-packages/airflow/example_dags/example_branch_python_dop_operator_3.py
[2026-02-13T22:34:05.243+0000] {processor.py:743} INFO - Processing file /home/airflow/.local/lib/python3.7/site-packages/airflow/example_dags/example_branch_python_dop_operator_3.py for tasks to queue
[2026-02-13T22:34:05.243+0000] {logging_mixin.py:137} INFO - [2026-02-13T22:34:05.243+0000] {dagbag.py:538} INFO - Filling up the DagBag from /home/airflow/.local/lib/python3.7/site-packages/airflow/example_dags/example_branch_python_dop_operator_3.py
[2026-02-13T22:34:05.258+0000] {processor.py:753} INFO - DAG(s) dict_keys(['example_branch_dop_operator_v3']) retrieved from /home/airflow/.local/lib/python3.7/site-packages/airflow/example_dags/example_branch_python_dop_operator_3.py
[2026-02-13T22:34:05.273+0000] {logging_mixin.py:137} INFO - [2026-02-13T22:34:05.273+0000] {dag.py:2690} INFO - Sync 1 DAGs
[2026-02-13T22:34:05.288+0000] {logging_mixin.py:137} INFO - [2026-02-13T22:34:05.288+0000] {dag.py:3441} INFO - Setting next_dagrun for example_branch_dop_operator_v3 to 2026-02-13T22:33:00+00:00, run_after=2026-02-13T22:34:00+00:00
[2026-02-13T22:34:05.297+0000] {processor.py:175} INFO - Processing /home/airflow/.local/lib/python3.7/site-packages/airflow/example_dags/example_branch_python_dop_operator_3.py took 0.057 seconds
[2026-02-13T22:34:36.065+0000] {processor.py:153} INFO - Started process (PID=208) to work on /home/airflow/.local/lib/python3.7/site-packages/airflow/example_dags/example_branch_python_dop_operator_3.py
[2026-02-13T22:34:36.070+0000] {processor.py:743} INFO - Processing file /home/airflow/.local/lib/python3.7/site-packages/airflow/example_dags/example_branch_python_dop_operator_3.py for tasks to queue
[2026-02-13T22:34:36.071+0000] {logging_mixin.py:137} INFO - [2026-02-13T22:34:36.071+0000] {dagbag.py:538} INFO - Filling up the DagBag from /home/airflow/.local/lib/python3.7/site-packages/airflow/example_dags/example_branch_python_dop_operator_3.py
[2026-02-13T22:34:36.082+0000] {processor.py:753} INFO - DAG(s) dict_keys(['example_branch_dop_operator_v3']) retrieved from /home/airflow/.local/lib/python3.7/site-packages/airflow/example_dags/example_branch_python_dop_operator_3.py
[2026-02-13T22:34:36.097+0000] {logging_mixin.py:137} INFO - [2026-02-13T22:34:36.097+0000] {dag.py:2690} INFO - Sync 1 DAGs
[2026-02-13T22:34:36.112+0000] {logging_mixin.py:137} INFO - [2026-02-13T22:34:36.112+0000] {dag.py:3441} INFO - Setting next_dagrun for example_branch_dop_operator_v3 to 2026-02-13T22:33:00+00:00, run_after=2026-02-13T22:34:00+00:00
[2026-02-13T22:34:36.119+0000] {processor.py:175} INFO - Processing /home/airflow/.local/lib/python3.7/site-packages/airflow/example_dags/example_branch_python_dop_operator_3.py took 0.057 seconds
[2026-02-13T22:35:07.024+0000] {processor.py:153} INFO - Started process (PID=283) to work on /home/airflow/.local/lib/python3.7/site-packages/airflow/example_dags/example_branch_python_dop_operator_3.py
[2026-02-13T22:35:07.025+0000] {processor.py:743} INFO - Processing file /home/airflow/.local/lib/python3.7/site-packages/airflow/example_dags/example_branch_python_dop_operator_3.py for tasks to queue
[2026-02-13T22:35:07.026+0000] {logging_mixin.py:137} INFO - [2026-02-13T22:35:07.026+0000] {dagbag.py:538} INFO - Filling up the DagBag from /home/airflow/.local/lib/python3.7/site-packages/airflow/example_dags/example_branch_python_dop_operator_3.py
[2026-02-13T22:35:07.041+0000] {processor.py:753} INFO - DAG(s) dict_keys(['example_branch_dop_operator_v3']) retrieved from /home/airflow/.local/lib/python3.7/site-packages/airflow/example_dags/example_branch_python_dop_operator_3.py
[2026-02-13T22:35:07.055+0000] {logging_mixin.py:137} INFO - [2026-02-13T22:35:07.055+0000] {dag.py:2690} INFO - Sync 1 DAGs
[2026-02-13T22:35:07.069+0000] {logging_mixin.py:137} INFO - [2026-02-13T22:35:07.069+0000] {dag.py:3441} INFO - Setting next_dagrun for example_branch_dop_operator_v3 to 2026-02-13T22:34:00+00:00, run_after=2026-02-13T22:35:00+00:00
[2026-02-13T22:35:07.081+0000] {processor.py:175} INFO - Processing /home/airflow/.local/lib/python3.7/site-packages/airflow/example_dags/example_branch_python_dop_operator_3.py took 0.059 seconds
[2026-02-13T22:35:37.862+0000] {processor.py:153} INFO - Started process (PID=375) to work on /home/airflow/.local/lib/python3.7/site-packages/airflow/example_dags/example_branch_python_dop_operator_3.py
[2026-02-13T22:35:37.863+0000] {processor.py:743} INFO - Processing file /home/airflow/.local/lib/python3.7/site-packages/airflow/example_dags/example_branch_python_dop_operator_3.py for tasks to queue
[2026-02-13T22:35:37.865+0000] {logging_mixin.py:137} INFO - [2026-02-13T22:35:37.864+0000] {dagbag.py:538} INFO - Filling up the DagBag from /home/airflow/.local/lib/python3.7/site-packages/airflow/example_dags/example_branch_python_dop_operator_3.py
[2026-02-13T22:35:37.876+0000] {processor.py:753} INFO - DAG(s) dict_keys(['example_branch_dop_operator_v3']) retrieved from /home/airflow/.local/lib/python3.7/site-packages/airflow/example_dags/example_branch_python_dop_operator_3.py
[2026-02-13T22:35:37.886+0000] {logging_mixin.py:137} INFO - [2026-02-13T22:35:37.886+0000] {dag.py:2690} INFO - Sync 1 DAGs
[2026-02-13T22:35:37.899+0000] {logging_mixin.py:137} INFO - [2026-02-13T22:35:37.899+0000] {dag.py:3441} INFO - Setting next_dagrun for example_branch_dop_operator_v3 to 2026-02-13T22:34:00+00:00, run_after=2026-02-13T22:35:00+00:00
[2026-02-13T22:35:37.909+0000] {processor.py:175} INFO - Processing /home/airflow/.local/lib/python3.7/site-packages/airflow/example_dags/example_branch_python_dop_operator_3.py took 0.048 seconds
[2026-02-13T22:36:08.770+0000] {processor.py:153} INFO - Started process (PID=466) to work on /home/airflow/.local/lib/python3.7/site-packages/airflow/example_dags/example_branch_python_dop_operator_3.py
[2026-02-13T22:36:08.771+0000] {processor.py:743} INFO - Processing file /home/airflow/.local/lib/python3.7/site-packages/airflow/example_dags/example_branch_python_dop_operator_3.py for tasks to queue
[2026-02-13T22:36:08.771+0000] {logging_mixin.py:137} INFO - [2026-02-13T22:36:08.771+0000] {dagbag.py:538} INFO - Filling up the DagBag from /home/airflow/.local/lib/python3.7/site-packages/airflow/example_dags/example_branch_python_dop_operator_3.py
[2026-02-13T22:36:08.788+0000] {processor.py:753} INFO - DAG(s) dict_keys(['example_branch_dop_operator_v3']) retrieved from /home/airflow/.local/lib/python3.7/site-packages/airflow/example_dags/example_branch_python_dop_operator_3.py
[2026-02-13T22:36:08.805+0000] {logging_mixin.py:137} INFO - [2026-02-13T22:36:08.805+0000] {dag.py:2690} INFO - Sync 1 DAGs
[2026-02-13T22:36:08.819+0000] {logging_mixin.py:137} INFO - [2026-02-13T22:36:08.819+0000] {dag.py:3441} INFO - Setting next_dagrun for example_branch_dop_operator_v3 to 2026-02-13T22:35:00+00:00, run_after=2026-02-13T22:36:00+00:00
[2026-02-13T22:36:08.828+0000] {processor.py:175} INFO - Processing /home/airflow/.local/lib/python3.7/site-packages/airflow/example_dags/example_branch_python_dop_operator_3.py took 0.060 seconds
[2026-02-13T22:36:39.560+0000] {processor.py:153} INFO - Started process (PID=558) to work on /home/airflow/.local/lib/python3.7/site-packages/airflow/example_dags/example_branch_python_dop_operator_3.py
[2026-02-13T22:36:39.562+0000] {processor.py:743} INFO - Processing file /home/airflow/.local/lib/python3.7/site-packages/airflow/example_dags/example_branch_python_dop_operator_3.py for tasks to queue
[2026-02-13T22:36:39.562+0000] {logging_mixin.py:137} INFO - [2026-02-13T22:36:39.562+0000] {dagbag.py:538} INFO - Filling up the DagBag from /home/airflow/.local/lib/python3.7/site-packages/airflow/example_dags/example_branch_python_dop_operator_3.py
[2026-02-13T22:36:39.577+0000] {processor.py:753} INFO - DAG(s) dict_keys(['example_branch_dop_operator_v3']) retrieved from /home/airflow/.local/lib/python3.7/site-packages/airflow/example_dags/example_branch_python_dop_operator_3.py
[2026-02-13T22:36:39.591+0000] {logging_mixin.py:137} INFO - [2026-02-13T22:36:39.591+0000] {dag.py:2690} INFO - Sync 1 DAGs
[2026-02-13T22:36:39.606+0000] {logging_mixin.py:137} INFO - [2026-02-13T22:36:39.606+0000] {dag.py:3441} INFO - Setting next_dagrun for example_branch_dop_operator_v3 to 2026-02-13T22:35:00+00:00, run_after=2026-02-13T22:36:00+00:00
[2026-02-13T22:36:39.613+0000] {processor.py:175} INFO - Processing /home/airflow/.local/lib/python3.7/site-packages/airflow/example_dags/example_branch_python_dop_operator_3.py took 0.055 seconds
