[2026-02-13T21:49:31.948+0000] {processor.py:153} INFO - Started process (PID=60) to work on /home/airflow/.local/lib/python3.7/site-packages/airflow/example_dags/example_branch_operator.py
[2026-02-13T21:49:31.948+0000] {processor.py:743} INFO - Processing file /home/airflow/.local/lib/python3.7/site-packages/airflow/example_dags/example_branch_operator.py for tasks to queue
[2026-02-13T21:49:31.950+0000] {logging_mixin.py:137} INFO - [2026-02-13T21:49:31.949+0000] {dagbag.py:538} INFO - Filling up the DagBag from /home/airflow/.local/lib/python3.7/site-packages/airflow/example_dags/example_branch_operator.py
[2026-02-13T21:49:31.962+0000] {processor.py:753} INFO - DAG(s) dict_keys(['example_branch_operator']) retrieved from /home/airflow/.local/lib/python3.7/site-packages/airflow/example_dags/example_branch_operator.py
[2026-02-13T21:49:31.968+0000] {logging_mixin.py:137} INFO - [2026-02-13T21:49:31.968+0000] {dag.py:2690} INFO - Sync 1 DAGs
[2026-02-13T21:49:31.985+0000] {logging_mixin.py:137} INFO - [2026-02-13T21:49:31.985+0000] {dag.py:3441} INFO - Setting next_dagrun for example_branch_operator to 2026-02-12T00:00:00+00:00, run_after=2026-02-13T00:00:00+00:00
[2026-02-13T21:49:32.001+0000] {processor.py:175} INFO - Processing /home/airflow/.local/lib/python3.7/site-packages/airflow/example_dags/example_branch_operator.py took 0.056 seconds
[2026-02-13T21:50:02.589+0000] {processor.py:153} INFO - Started process (PID=148) to work on /home/airflow/.local/lib/python3.7/site-packages/airflow/example_dags/example_branch_operator.py
[2026-02-13T21:50:02.589+0000] {processor.py:743} INFO - Processing file /home/airflow/.local/lib/python3.7/site-packages/airflow/example_dags/example_branch_operator.py for tasks to queue
[2026-02-13T21:50:02.591+0000] {logging_mixin.py:137} INFO - [2026-02-13T21:50:02.591+0000] {dagbag.py:538} INFO - Filling up the DagBag from /home/airflow/.local/lib/python3.7/site-packages/airflow/example_dags/example_branch_operator.py
[2026-02-13T21:50:02.598+0000] {processor.py:753} INFO - DAG(s) dict_keys(['example_branch_operator']) retrieved from /home/airflow/.local/lib/python3.7/site-packages/airflow/example_dags/example_branch_operator.py
[2026-02-13T21:50:02.611+0000] {logging_mixin.py:137} INFO - [2026-02-13T21:50:02.611+0000] {dag.py:2690} INFO - Sync 1 DAGs
[2026-02-13T21:50:02.625+0000] {logging_mixin.py:137} INFO - [2026-02-13T21:50:02.625+0000] {dag.py:3441} INFO - Setting next_dagrun for example_branch_operator to 2026-02-12T00:00:00+00:00, run_after=2026-02-13T00:00:00+00:00
[2026-02-13T21:50:02.635+0000] {processor.py:175} INFO - Processing /home/airflow/.local/lib/python3.7/site-packages/airflow/example_dags/example_branch_operator.py took 0.048 seconds
[2026-02-13T21:50:33.206+0000] {processor.py:153} INFO - Started process (PID=237) to work on /home/airflow/.local/lib/python3.7/site-packages/airflow/example_dags/example_branch_operator.py
[2026-02-13T21:50:33.207+0000] {processor.py:743} INFO - Processing file /home/airflow/.local/lib/python3.7/site-packages/airflow/example_dags/example_branch_operator.py for tasks to queue
[2026-02-13T21:50:33.209+0000] {logging_mixin.py:137} INFO - [2026-02-13T21:50:33.209+0000] {dagbag.py:538} INFO - Filling up the DagBag from /home/airflow/.local/lib/python3.7/site-packages/airflow/example_dags/example_branch_operator.py
[2026-02-13T21:50:33.219+0000] {processor.py:753} INFO - DAG(s) dict_keys(['example_branch_operator']) retrieved from /home/airflow/.local/lib/python3.7/site-packages/airflow/example_dags/example_branch_operator.py
[2026-02-13T21:50:33.237+0000] {logging_mixin.py:137} INFO - [2026-02-13T21:50:33.237+0000] {dag.py:2690} INFO - Sync 1 DAGs
[2026-02-13T21:50:33.254+0000] {logging_mixin.py:137} INFO - [2026-02-13T21:50:33.254+0000] {dag.py:3441} INFO - Setting next_dagrun for example_branch_operator to 2026-02-12T00:00:00+00:00, run_after=2026-02-13T00:00:00+00:00
[2026-02-13T21:50:33.264+0000] {processor.py:175} INFO - Processing /home/airflow/.local/lib/python3.7/site-packages/airflow/example_dags/example_branch_operator.py took 0.060 seconds
[2026-02-13T21:51:03.727+0000] {processor.py:153} INFO - Started process (PID=309) to work on /home/airflow/.local/lib/python3.7/site-packages/airflow/example_dags/example_branch_operator.py
[2026-02-13T21:51:03.728+0000] {processor.py:743} INFO - Processing file /home/airflow/.local/lib/python3.7/site-packages/airflow/example_dags/example_branch_operator.py for tasks to queue
[2026-02-13T21:51:03.729+0000] {logging_mixin.py:137} INFO - [2026-02-13T21:51:03.729+0000] {dagbag.py:538} INFO - Filling up the DagBag from /home/airflow/.local/lib/python3.7/site-packages/airflow/example_dags/example_branch_operator.py
[2026-02-13T21:51:03.736+0000] {processor.py:753} INFO - DAG(s) dict_keys(['example_branch_operator']) retrieved from /home/airflow/.local/lib/python3.7/site-packages/airflow/example_dags/example_branch_operator.py
[2026-02-13T21:51:03.750+0000] {logging_mixin.py:137} INFO - [2026-02-13T21:51:03.750+0000] {dag.py:2690} INFO - Sync 1 DAGs
[2026-02-13T21:51:03.761+0000] {logging_mixin.py:137} INFO - [2026-02-13T21:51:03.760+0000] {dag.py:3441} INFO - Setting next_dagrun for example_branch_operator to 2026-02-12T00:00:00+00:00, run_after=2026-02-13T00:00:00+00:00
[2026-02-13T21:51:03.775+0000] {processor.py:175} INFO - Processing /home/airflow/.local/lib/python3.7/site-packages/airflow/example_dags/example_branch_operator.py took 0.050 seconds
[2026-02-13T21:51:34.136+0000] {processor.py:153} INFO - Started process (PID=397) to work on /home/airflow/.local/lib/python3.7/site-packages/airflow/example_dags/example_branch_operator.py
[2026-02-13T21:51:34.136+0000] {processor.py:743} INFO - Processing file /home/airflow/.local/lib/python3.7/site-packages/airflow/example_dags/example_branch_operator.py for tasks to queue
[2026-02-13T21:51:34.138+0000] {logging_mixin.py:137} INFO - [2026-02-13T21:51:34.138+0000] {dagbag.py:538} INFO - Filling up the DagBag from /home/airflow/.local/lib/python3.7/site-packages/airflow/example_dags/example_branch_operator.py
[2026-02-13T21:51:34.145+0000] {processor.py:753} INFO - DAG(s) dict_keys(['example_branch_operator']) retrieved from /home/airflow/.local/lib/python3.7/site-packages/airflow/example_dags/example_branch_operator.py
[2026-02-13T21:51:34.163+0000] {logging_mixin.py:137} INFO - [2026-02-13T21:51:34.163+0000] {dag.py:2690} INFO - Sync 1 DAGs
[2026-02-13T21:51:34.176+0000] {logging_mixin.py:137} INFO - [2026-02-13T21:51:34.175+0000] {dag.py:3441} INFO - Setting next_dagrun for example_branch_operator to 2026-02-12T00:00:00+00:00, run_after=2026-02-13T00:00:00+00:00
[2026-02-13T21:51:34.193+0000] {processor.py:175} INFO - Processing /home/airflow/.local/lib/python3.7/site-packages/airflow/example_dags/example_branch_operator.py took 0.058 seconds
[2026-02-13T21:52:04.591+0000] {processor.py:153} INFO - Started process (PID=485) to work on /home/airflow/.local/lib/python3.7/site-packages/airflow/example_dags/example_branch_operator.py
[2026-02-13T21:52:04.591+0000] {processor.py:743} INFO - Processing file /home/airflow/.local/lib/python3.7/site-packages/airflow/example_dags/example_branch_operator.py for tasks to queue
[2026-02-13T21:52:04.591+0000] {logging_mixin.py:137} INFO - [2026-02-13T21:52:04.591+0000] {dagbag.py:538} INFO - Filling up the DagBag from /home/airflow/.local/lib/python3.7/site-packages/airflow/example_dags/example_branch_operator.py
[2026-02-13T21:52:04.599+0000] {processor.py:753} INFO - DAG(s) dict_keys(['example_branch_operator']) retrieved from /home/airflow/.local/lib/python3.7/site-packages/airflow/example_dags/example_branch_operator.py
[2026-02-13T21:52:04.612+0000] {logging_mixin.py:137} INFO - [2026-02-13T21:52:04.612+0000] {dag.py:2690} INFO - Sync 1 DAGs
[2026-02-13T21:52:04.626+0000] {logging_mixin.py:137} INFO - [2026-02-13T21:52:04.626+0000] {dag.py:3441} INFO - Setting next_dagrun for example_branch_operator to 2026-02-12T00:00:00+00:00, run_after=2026-02-13T00:00:00+00:00
[2026-02-13T21:52:04.638+0000] {processor.py:175} INFO - Processing /home/airflow/.local/lib/python3.7/site-packages/airflow/example_dags/example_branch_operator.py took 0.048 seconds
[2026-02-13T21:52:35.174+0000] {processor.py:153} INFO - Started process (PID=573) to work on /home/airflow/.local/lib/python3.7/site-packages/airflow/example_dags/example_branch_operator.py
[2026-02-13T21:52:35.176+0000] {processor.py:743} INFO - Processing file /home/airflow/.local/lib/python3.7/site-packages/airflow/example_dags/example_branch_operator.py for tasks to queue
[2026-02-13T21:52:35.176+0000] {logging_mixin.py:137} INFO - [2026-02-13T21:52:35.176+0000] {dagbag.py:538} INFO - Filling up the DagBag from /home/airflow/.local/lib/python3.7/site-packages/airflow/example_dags/example_branch_operator.py
[2026-02-13T21:52:35.185+0000] {processor.py:753} INFO - DAG(s) dict_keys(['example_branch_operator']) retrieved from /home/airflow/.local/lib/python3.7/site-packages/airflow/example_dags/example_branch_operator.py
[2026-02-13T21:52:35.198+0000] {logging_mixin.py:137} INFO - [2026-02-13T21:52:35.198+0000] {dag.py:2690} INFO - Sync 1 DAGs
[2026-02-13T21:52:35.211+0000] {logging_mixin.py:137} INFO - [2026-02-13T21:52:35.211+0000] {dag.py:3441} INFO - Setting next_dagrun for example_branch_operator to 2026-02-12T00:00:00+00:00, run_after=2026-02-13T00:00:00+00:00
[2026-02-13T21:52:35.223+0000] {processor.py:175} INFO - Processing /home/airflow/.local/lib/python3.7/site-packages/airflow/example_dags/example_branch_operator.py took 0.052 seconds
[2026-02-13T21:53:05.613+0000] {processor.py:153} INFO - Started process (PID=644) to work on /home/airflow/.local/lib/python3.7/site-packages/airflow/example_dags/example_branch_operator.py
[2026-02-13T21:53:05.614+0000] {processor.py:743} INFO - Processing file /home/airflow/.local/lib/python3.7/site-packages/airflow/example_dags/example_branch_operator.py for tasks to queue
[2026-02-13T21:53:05.617+0000] {logging_mixin.py:137} INFO - [2026-02-13T21:53:05.617+0000] {dagbag.py:538} INFO - Filling up the DagBag from /home/airflow/.local/lib/python3.7/site-packages/airflow/example_dags/example_branch_operator.py
[2026-02-13T21:53:05.626+0000] {processor.py:753} INFO - DAG(s) dict_keys(['example_branch_operator']) retrieved from /home/airflow/.local/lib/python3.7/site-packages/airflow/example_dags/example_branch_operator.py
[2026-02-13T21:53:05.642+0000] {logging_mixin.py:137} INFO - [2026-02-13T21:53:05.642+0000] {dag.py:2690} INFO - Sync 1 DAGs
[2026-02-13T21:53:05.652+0000] {logging_mixin.py:137} INFO - [2026-02-13T21:53:05.652+0000] {dag.py:3441} INFO - Setting next_dagrun for example_branch_operator to 2026-02-12T00:00:00+00:00, run_after=2026-02-13T00:00:00+00:00
[2026-02-13T21:53:05.663+0000] {processor.py:175} INFO - Processing /home/airflow/.local/lib/python3.7/site-packages/airflow/example_dags/example_branch_operator.py took 0.052 seconds
[2026-02-13T21:53:36.158+0000] {processor.py:153} INFO - Started process (PID=732) to work on /home/airflow/.local/lib/python3.7/site-packages/airflow/example_dags/example_branch_operator.py
[2026-02-13T21:53:36.158+0000] {processor.py:743} INFO - Processing file /home/airflow/.local/lib/python3.7/site-packages/airflow/example_dags/example_branch_operator.py for tasks to queue
[2026-02-13T21:53:36.159+0000] {logging_mixin.py:137} INFO - [2026-02-13T21:53:36.158+0000] {dagbag.py:538} INFO - Filling up the DagBag from /home/airflow/.local/lib/python3.7/site-packages/airflow/example_dags/example_branch_operator.py
[2026-02-13T21:53:36.166+0000] {processor.py:753} INFO - DAG(s) dict_keys(['example_branch_operator']) retrieved from /home/airflow/.local/lib/python3.7/site-packages/airflow/example_dags/example_branch_operator.py
[2026-02-13T21:53:36.180+0000] {logging_mixin.py:137} INFO - [2026-02-13T21:53:36.180+0000] {dag.py:2690} INFO - Sync 1 DAGs
[2026-02-13T21:53:36.193+0000] {logging_mixin.py:137} INFO - [2026-02-13T21:53:36.193+0000] {dag.py:3441} INFO - Setting next_dagrun for example_branch_operator to 2026-02-12T00:00:00+00:00, run_after=2026-02-13T00:00:00+00:00
[2026-02-13T21:53:36.203+0000] {processor.py:175} INFO - Processing /home/airflow/.local/lib/python3.7/site-packages/airflow/example_dags/example_branch_operator.py took 0.047 seconds
[2026-02-13T21:54:06.593+0000] {processor.py:153} INFO - Started process (PID=820) to work on /home/airflow/.local/lib/python3.7/site-packages/airflow/example_dags/example_branch_operator.py
[2026-02-13T21:54:06.594+0000] {processor.py:743} INFO - Processing file /home/airflow/.local/lib/python3.7/site-packages/airflow/example_dags/example_branch_operator.py for tasks to queue
[2026-02-13T21:54:06.594+0000] {logging_mixin.py:137} INFO - [2026-02-13T21:54:06.594+0000] {dagbag.py:538} INFO - Filling up the DagBag from /home/airflow/.local/lib/python3.7/site-packages/airflow/example_dags/example_branch_operator.py
[2026-02-13T21:54:06.603+0000] {processor.py:753} INFO - DAG(s) dict_keys(['example_branch_operator']) retrieved from /home/airflow/.local/lib/python3.7/site-packages/airflow/example_dags/example_branch_operator.py
[2026-02-13T21:54:06.619+0000] {logging_mixin.py:137} INFO - [2026-02-13T21:54:06.619+0000] {dag.py:2690} INFO - Sync 1 DAGs
[2026-02-13T21:54:06.630+0000] {logging_mixin.py:137} INFO - [2026-02-13T21:54:06.630+0000] {dag.py:3441} INFO - Setting next_dagrun for example_branch_operator to 2026-02-12T00:00:00+00:00, run_after=2026-02-13T00:00:00+00:00
[2026-02-13T21:54:06.643+0000] {processor.py:175} INFO - Processing /home/airflow/.local/lib/python3.7/site-packages/airflow/example_dags/example_branch_operator.py took 0.051 seconds
[2026-02-13T21:54:37.191+0000] {processor.py:153} INFO - Started process (PID=908) to work on /home/airflow/.local/lib/python3.7/site-packages/airflow/example_dags/example_branch_operator.py
[2026-02-13T21:54:37.194+0000] {processor.py:743} INFO - Processing file /home/airflow/.local/lib/python3.7/site-packages/airflow/example_dags/example_branch_operator.py for tasks to queue
[2026-02-13T21:54:37.195+0000] {logging_mixin.py:137} INFO - [2026-02-13T21:54:37.195+0000] {dagbag.py:538} INFO - Filling up the DagBag from /home/airflow/.local/lib/python3.7/site-packages/airflow/example_dags/example_branch_operator.py
[2026-02-13T21:54:37.203+0000] {processor.py:753} INFO - DAG(s) dict_keys(['example_branch_operator']) retrieved from /home/airflow/.local/lib/python3.7/site-packages/airflow/example_dags/example_branch_operator.py
[2026-02-13T21:54:37.219+0000] {logging_mixin.py:137} INFO - [2026-02-13T21:54:37.218+0000] {dag.py:2690} INFO - Sync 1 DAGs
[2026-02-13T21:54:37.232+0000] {logging_mixin.py:137} INFO - [2026-02-13T21:54:37.232+0000] {dag.py:3441} INFO - Setting next_dagrun for example_branch_operator to 2026-02-12T00:00:00+00:00, run_after=2026-02-13T00:00:00+00:00
[2026-02-13T21:54:37.245+0000] {processor.py:175} INFO - Processing /home/airflow/.local/lib/python3.7/site-packages/airflow/example_dags/example_branch_operator.py took 0.055 seconds
[2026-02-13T21:55:07.750+0000] {processor.py:153} INFO - Started process (PID=980) to work on /home/airflow/.local/lib/python3.7/site-packages/airflow/example_dags/example_branch_operator.py
[2026-02-13T21:55:07.751+0000] {processor.py:743} INFO - Processing file /home/airflow/.local/lib/python3.7/site-packages/airflow/example_dags/example_branch_operator.py for tasks to queue
[2026-02-13T21:55:07.751+0000] {logging_mixin.py:137} INFO - [2026-02-13T21:55:07.751+0000] {dagbag.py:538} INFO - Filling up the DagBag from /home/airflow/.local/lib/python3.7/site-packages/airflow/example_dags/example_branch_operator.py
[2026-02-13T21:55:07.760+0000] {processor.py:753} INFO - DAG(s) dict_keys(['example_branch_operator']) retrieved from /home/airflow/.local/lib/python3.7/site-packages/airflow/example_dags/example_branch_operator.py
[2026-02-13T21:55:07.774+0000] {logging_mixin.py:137} INFO - [2026-02-13T21:55:07.774+0000] {dag.py:2690} INFO - Sync 1 DAGs
[2026-02-13T21:55:07.789+0000] {logging_mixin.py:137} INFO - [2026-02-13T21:55:07.789+0000] {dag.py:3441} INFO - Setting next_dagrun for example_branch_operator to 2026-02-12T00:00:00+00:00, run_after=2026-02-13T00:00:00+00:00
[2026-02-13T21:55:07.802+0000] {processor.py:175} INFO - Processing /home/airflow/.local/lib/python3.7/site-packages/airflow/example_dags/example_branch_operator.py took 0.053 seconds
[2026-02-13T21:55:38.244+0000] {processor.py:153} INFO - Started process (PID=1068) to work on /home/airflow/.local/lib/python3.7/site-packages/airflow/example_dags/example_branch_operator.py
[2026-02-13T21:55:38.245+0000] {processor.py:743} INFO - Processing file /home/airflow/.local/lib/python3.7/site-packages/airflow/example_dags/example_branch_operator.py for tasks to queue
[2026-02-13T21:55:38.246+0000] {logging_mixin.py:137} INFO - [2026-02-13T21:55:38.245+0000] {dagbag.py:538} INFO - Filling up the DagBag from /home/airflow/.local/lib/python3.7/site-packages/airflow/example_dags/example_branch_operator.py
[2026-02-13T21:55:38.254+0000] {processor.py:753} INFO - DAG(s) dict_keys(['example_branch_operator']) retrieved from /home/airflow/.local/lib/python3.7/site-packages/airflow/example_dags/example_branch_operator.py
[2026-02-13T21:55:38.268+0000] {logging_mixin.py:137} INFO - [2026-02-13T21:55:38.268+0000] {dag.py:2690} INFO - Sync 1 DAGs
[2026-02-13T21:55:38.282+0000] {logging_mixin.py:137} INFO - [2026-02-13T21:55:38.282+0000] {dag.py:3441} INFO - Setting next_dagrun for example_branch_operator to 2026-02-12T00:00:00+00:00, run_after=2026-02-13T00:00:00+00:00
[2026-02-13T21:55:38.291+0000] {processor.py:175} INFO - Processing /home/airflow/.local/lib/python3.7/site-packages/airflow/example_dags/example_branch_operator.py took 0.048 seconds
[2026-02-13T21:56:08.720+0000] {processor.py:153} INFO - Started process (PID=1156) to work on /home/airflow/.local/lib/python3.7/site-packages/airflow/example_dags/example_branch_operator.py
[2026-02-13T21:56:08.721+0000] {processor.py:743} INFO - Processing file /home/airflow/.local/lib/python3.7/site-packages/airflow/example_dags/example_branch_operator.py for tasks to queue
[2026-02-13T21:56:08.721+0000] {logging_mixin.py:137} INFO - [2026-02-13T21:56:08.721+0000] {dagbag.py:538} INFO - Filling up the DagBag from /home/airflow/.local/lib/python3.7/site-packages/airflow/example_dags/example_branch_operator.py
[2026-02-13T21:56:08.730+0000] {processor.py:753} INFO - DAG(s) dict_keys(['example_branch_operator']) retrieved from /home/airflow/.local/lib/python3.7/site-packages/airflow/example_dags/example_branch_operator.py
[2026-02-13T21:56:08.747+0000] {logging_mixin.py:137} INFO - [2026-02-13T21:56:08.747+0000] {dag.py:2690} INFO - Sync 1 DAGs
[2026-02-13T21:56:08.757+0000] {logging_mixin.py:137} INFO - [2026-02-13T21:56:08.757+0000] {dag.py:3441} INFO - Setting next_dagrun for example_branch_operator to 2026-02-12T00:00:00+00:00, run_after=2026-02-13T00:00:00+00:00
[2026-02-13T21:56:08.767+0000] {processor.py:175} INFO - Processing /home/airflow/.local/lib/python3.7/site-packages/airflow/example_dags/example_branch_operator.py took 0.048 seconds
[2026-02-13T21:56:39.632+0000] {processor.py:153} INFO - Started process (PID=1244) to work on /home/airflow/.local/lib/python3.7/site-packages/airflow/example_dags/example_branch_operator.py
[2026-02-13T21:56:39.633+0000] {processor.py:743} INFO - Processing file /home/airflow/.local/lib/python3.7/site-packages/airflow/example_dags/example_branch_operator.py for tasks to queue
[2026-02-13T21:56:39.633+0000] {logging_mixin.py:137} INFO - [2026-02-13T21:56:39.633+0000] {dagbag.py:538} INFO - Filling up the DagBag from /home/airflow/.local/lib/python3.7/site-packages/airflow/example_dags/example_branch_operator.py
[2026-02-13T21:56:39.645+0000] {processor.py:753} INFO - DAG(s) dict_keys(['example_branch_operator']) retrieved from /home/airflow/.local/lib/python3.7/site-packages/airflow/example_dags/example_branch_operator.py
[2026-02-13T21:56:39.663+0000] {logging_mixin.py:137} INFO - [2026-02-13T21:56:39.663+0000] {dag.py:2690} INFO - Sync 1 DAGs
[2026-02-13T21:56:39.678+0000] {logging_mixin.py:137} INFO - [2026-02-13T21:56:39.678+0000] {dag.py:3441} INFO - Setting next_dagrun for example_branch_operator to 2026-02-12T00:00:00+00:00, run_after=2026-02-13T00:00:00+00:00
[2026-02-13T21:56:39.688+0000] {processor.py:175} INFO - Processing /home/airflow/.local/lib/python3.7/site-packages/airflow/example_dags/example_branch_operator.py took 0.058 seconds
[2026-02-13T22:01:04.083+0000] {processor.py:153} INFO - Started process (PID=58) to work on /home/airflow/.local/lib/python3.7/site-packages/airflow/example_dags/example_branch_operator.py
[2026-02-13T22:01:04.085+0000] {processor.py:743} INFO - Processing file /home/airflow/.local/lib/python3.7/site-packages/airflow/example_dags/example_branch_operator.py for tasks to queue
[2026-02-13T22:01:04.085+0000] {logging_mixin.py:137} INFO - [2026-02-13T22:01:04.085+0000] {dagbag.py:538} INFO - Filling up the DagBag from /home/airflow/.local/lib/python3.7/site-packages/airflow/example_dags/example_branch_operator.py
[2026-02-13T22:01:04.098+0000] {processor.py:753} INFO - DAG(s) dict_keys(['example_branch_operator']) retrieved from /home/airflow/.local/lib/python3.7/site-packages/airflow/example_dags/example_branch_operator.py
[2026-02-13T22:01:04.105+0000] {logging_mixin.py:137} INFO - [2026-02-13T22:01:04.105+0000] {dag.py:2690} INFO - Sync 1 DAGs
[2026-02-13T22:01:04.121+0000] {logging_mixin.py:137} INFO - [2026-02-13T22:01:04.121+0000] {dag.py:3441} INFO - Setting next_dagrun for example_branch_operator to 2026-02-12T00:00:00+00:00, run_after=2026-02-13T00:00:00+00:00
[2026-02-13T22:01:04.139+0000] {processor.py:175} INFO - Processing /home/airflow/.local/lib/python3.7/site-packages/airflow/example_dags/example_branch_operator.py took 0.057 seconds
[2026-02-13T22:01:34.784+0000] {processor.py:153} INFO - Started process (PID=145) to work on /home/airflow/.local/lib/python3.7/site-packages/airflow/example_dags/example_branch_operator.py
[2026-02-13T22:01:34.786+0000] {processor.py:743} INFO - Processing file /home/airflow/.local/lib/python3.7/site-packages/airflow/example_dags/example_branch_operator.py for tasks to queue
[2026-02-13T22:01:34.786+0000] {logging_mixin.py:137} INFO - [2026-02-13T22:01:34.786+0000] {dagbag.py:538} INFO - Filling up the DagBag from /home/airflow/.local/lib/python3.7/site-packages/airflow/example_dags/example_branch_operator.py
[2026-02-13T22:01:34.798+0000] {processor.py:753} INFO - DAG(s) dict_keys(['example_branch_operator']) retrieved from /home/airflow/.local/lib/python3.7/site-packages/airflow/example_dags/example_branch_operator.py
[2026-02-13T22:01:34.815+0000] {logging_mixin.py:137} INFO - [2026-02-13T22:01:34.815+0000] {dag.py:2690} INFO - Sync 1 DAGs
[2026-02-13T22:01:34.830+0000] {logging_mixin.py:137} INFO - [2026-02-13T22:01:34.830+0000] {dag.py:3441} INFO - Setting next_dagrun for example_branch_operator to 2026-02-12T00:00:00+00:00, run_after=2026-02-13T00:00:00+00:00
[2026-02-13T22:01:34.843+0000] {processor.py:175} INFO - Processing /home/airflow/.local/lib/python3.7/site-packages/airflow/example_dags/example_branch_operator.py took 0.060 seconds
[2026-02-13T22:02:05.316+0000] {processor.py:153} INFO - Started process (PID=235) to work on /home/airflow/.local/lib/python3.7/site-packages/airflow/example_dags/example_branch_operator.py
[2026-02-13T22:02:05.316+0000] {processor.py:743} INFO - Processing file /home/airflow/.local/lib/python3.7/site-packages/airflow/example_dags/example_branch_operator.py for tasks to queue
[2026-02-13T22:02:05.316+0000] {logging_mixin.py:137} INFO - [2026-02-13T22:02:05.316+0000] {dagbag.py:538} INFO - Filling up the DagBag from /home/airflow/.local/lib/python3.7/site-packages/airflow/example_dags/example_branch_operator.py
[2026-02-13T22:02:05.327+0000] {processor.py:753} INFO - DAG(s) dict_keys(['example_branch_operator']) retrieved from /home/airflow/.local/lib/python3.7/site-packages/airflow/example_dags/example_branch_operator.py
[2026-02-13T22:02:05.341+0000] {logging_mixin.py:137} INFO - [2026-02-13T22:02:05.341+0000] {dag.py:2690} INFO - Sync 1 DAGs
[2026-02-13T22:02:05.357+0000] {logging_mixin.py:137} INFO - [2026-02-13T22:02:05.357+0000] {dag.py:3441} INFO - Setting next_dagrun for example_branch_operator to 2026-02-12T00:00:00+00:00, run_after=2026-02-13T00:00:00+00:00
[2026-02-13T22:02:05.371+0000] {processor.py:175} INFO - Processing /home/airflow/.local/lib/python3.7/site-packages/airflow/example_dags/example_branch_operator.py took 0.057 seconds
[2026-02-13T22:02:35.918+0000] {processor.py:153} INFO - Started process (PID=307) to work on /home/airflow/.local/lib/python3.7/site-packages/airflow/example_dags/example_branch_operator.py
[2026-02-13T22:02:35.918+0000] {processor.py:743} INFO - Processing file /home/airflow/.local/lib/python3.7/site-packages/airflow/example_dags/example_branch_operator.py for tasks to queue
[2026-02-13T22:02:35.918+0000] {logging_mixin.py:137} INFO - [2026-02-13T22:02:35.918+0000] {dagbag.py:538} INFO - Filling up the DagBag from /home/airflow/.local/lib/python3.7/site-packages/airflow/example_dags/example_branch_operator.py
[2026-02-13T22:02:35.930+0000] {processor.py:753} INFO - DAG(s) dict_keys(['example_branch_operator']) retrieved from /home/airflow/.local/lib/python3.7/site-packages/airflow/example_dags/example_branch_operator.py
[2026-02-13T22:02:35.946+0000] {logging_mixin.py:137} INFO - [2026-02-13T22:02:35.946+0000] {dag.py:2690} INFO - Sync 1 DAGs
[2026-02-13T22:02:35.960+0000] {logging_mixin.py:137} INFO - [2026-02-13T22:02:35.960+0000] {dag.py:3441} INFO - Setting next_dagrun for example_branch_operator to 2026-02-12T00:00:00+00:00, run_after=2026-02-13T00:00:00+00:00
[2026-02-13T22:02:35.972+0000] {processor.py:175} INFO - Processing /home/airflow/.local/lib/python3.7/site-packages/airflow/example_dags/example_branch_operator.py took 0.055 seconds
[2026-02-13T22:03:30.246+0000] {processor.py:153} INFO - Started process (PID=58) to work on /home/airflow/.local/lib/python3.7/site-packages/airflow/example_dags/example_branch_operator.py
[2026-02-13T22:03:30.246+0000] {processor.py:743} INFO - Processing file /home/airflow/.local/lib/python3.7/site-packages/airflow/example_dags/example_branch_operator.py for tasks to queue
[2026-02-13T22:03:30.247+0000] {logging_mixin.py:137} INFO - [2026-02-13T22:03:30.247+0000] {dagbag.py:538} INFO - Filling up the DagBag from /home/airflow/.local/lib/python3.7/site-packages/airflow/example_dags/example_branch_operator.py
[2026-02-13T22:03:30.256+0000] {processor.py:753} INFO - DAG(s) dict_keys(['example_branch_operator']) retrieved from /home/airflow/.local/lib/python3.7/site-packages/airflow/example_dags/example_branch_operator.py
[2026-02-13T22:03:30.266+0000] {logging_mixin.py:137} INFO - [2026-02-13T22:03:30.266+0000] {dag.py:2690} INFO - Sync 1 DAGs
[2026-02-13T22:03:30.284+0000] {logging_mixin.py:137} INFO - [2026-02-13T22:03:30.284+0000] {dag.py:3441} INFO - Setting next_dagrun for example_branch_operator to 2026-02-12T00:00:00+00:00, run_after=2026-02-13T00:00:00+00:00
[2026-02-13T22:03:30.296+0000] {processor.py:175} INFO - Processing /home/airflow/.local/lib/python3.7/site-packages/airflow/example_dags/example_branch_operator.py took 0.052 seconds
[2026-02-13T22:04:01.101+0000] {processor.py:153} INFO - Started process (PID=145) to work on /home/airflow/.local/lib/python3.7/site-packages/airflow/example_dags/example_branch_operator.py
[2026-02-13T22:04:01.102+0000] {processor.py:743} INFO - Processing file /home/airflow/.local/lib/python3.7/site-packages/airflow/example_dags/example_branch_operator.py for tasks to queue
[2026-02-13T22:04:01.103+0000] {logging_mixin.py:137} INFO - [2026-02-13T22:04:01.103+0000] {dagbag.py:538} INFO - Filling up the DagBag from /home/airflow/.local/lib/python3.7/site-packages/airflow/example_dags/example_branch_operator.py
[2026-02-13T22:04:01.115+0000] {processor.py:753} INFO - DAG(s) dict_keys(['example_branch_operator']) retrieved from /home/airflow/.local/lib/python3.7/site-packages/airflow/example_dags/example_branch_operator.py
[2026-02-13T22:04:01.131+0000] {logging_mixin.py:137} INFO - [2026-02-13T22:04:01.131+0000] {dag.py:2690} INFO - Sync 1 DAGs
[2026-02-13T22:04:01.152+0000] {logging_mixin.py:137} INFO - [2026-02-13T22:04:01.152+0000] {dag.py:3441} INFO - Setting next_dagrun for example_branch_operator to 2026-02-12T00:00:00+00:00, run_after=2026-02-13T00:00:00+00:00
[2026-02-13T22:04:01.166+0000] {processor.py:175} INFO - Processing /home/airflow/.local/lib/python3.7/site-packages/airflow/example_dags/example_branch_operator.py took 0.067 seconds
[2026-02-13T22:04:32.142+0000] {processor.py:153} INFO - Started process (PID=233) to work on /home/airflow/.local/lib/python3.7/site-packages/airflow/example_dags/example_branch_operator.py
[2026-02-13T22:04:32.146+0000] {processor.py:743} INFO - Processing file /home/airflow/.local/lib/python3.7/site-packages/airflow/example_dags/example_branch_operator.py for tasks to queue
[2026-02-13T22:04:32.149+0000] {logging_mixin.py:137} INFO - [2026-02-13T22:04:32.149+0000] {dagbag.py:538} INFO - Filling up the DagBag from /home/airflow/.local/lib/python3.7/site-packages/airflow/example_dags/example_branch_operator.py
[2026-02-13T22:04:32.171+0000] {processor.py:753} INFO - DAG(s) dict_keys(['example_branch_operator']) retrieved from /home/airflow/.local/lib/python3.7/site-packages/airflow/example_dags/example_branch_operator.py
[2026-02-13T22:04:32.196+0000] {logging_mixin.py:137} INFO - [2026-02-13T22:04:32.196+0000] {dag.py:2690} INFO - Sync 1 DAGs
[2026-02-13T22:04:32.208+0000] {logging_mixin.py:137} INFO - [2026-02-13T22:04:32.207+0000] {dag.py:3441} INFO - Setting next_dagrun for example_branch_operator to 2026-02-12T00:00:00+00:00, run_after=2026-02-13T00:00:00+00:00
[2026-02-13T22:04:32.215+0000] {processor.py:175} INFO - Processing /home/airflow/.local/lib/python3.7/site-packages/airflow/example_dags/example_branch_operator.py took 0.077 seconds
[2026-02-13T22:05:02.891+0000] {processor.py:153} INFO - Started process (PID=305) to work on /home/airflow/.local/lib/python3.7/site-packages/airflow/example_dags/example_branch_operator.py
[2026-02-13T22:05:02.891+0000] {processor.py:743} INFO - Processing file /home/airflow/.local/lib/python3.7/site-packages/airflow/example_dags/example_branch_operator.py for tasks to queue
[2026-02-13T22:05:02.893+0000] {logging_mixin.py:137} INFO - [2026-02-13T22:05:02.893+0000] {dagbag.py:538} INFO - Filling up the DagBag from /home/airflow/.local/lib/python3.7/site-packages/airflow/example_dags/example_branch_operator.py
[2026-02-13T22:05:02.902+0000] {processor.py:753} INFO - DAG(s) dict_keys(['example_branch_operator']) retrieved from /home/airflow/.local/lib/python3.7/site-packages/airflow/example_dags/example_branch_operator.py
[2026-02-13T22:05:02.918+0000] {logging_mixin.py:137} INFO - [2026-02-13T22:05:02.918+0000] {dag.py:2690} INFO - Sync 1 DAGs
[2026-02-13T22:05:02.930+0000] {logging_mixin.py:137} INFO - [2026-02-13T22:05:02.930+0000] {dag.py:3441} INFO - Setting next_dagrun for example_branch_operator to 2026-02-12T00:00:00+00:00, run_after=2026-02-13T00:00:00+00:00
[2026-02-13T22:05:02.943+0000] {processor.py:175} INFO - Processing /home/airflow/.local/lib/python3.7/site-packages/airflow/example_dags/example_branch_operator.py took 0.054 seconds
[2026-02-13T22:05:33.462+0000] {processor.py:153} INFO - Started process (PID=393) to work on /home/airflow/.local/lib/python3.7/site-packages/airflow/example_dags/example_branch_operator.py
[2026-02-13T22:05:33.463+0000] {processor.py:743} INFO - Processing file /home/airflow/.local/lib/python3.7/site-packages/airflow/example_dags/example_branch_operator.py for tasks to queue
[2026-02-13T22:05:33.463+0000] {logging_mixin.py:137} INFO - [2026-02-13T22:05:33.463+0000] {dagbag.py:538} INFO - Filling up the DagBag from /home/airflow/.local/lib/python3.7/site-packages/airflow/example_dags/example_branch_operator.py
[2026-02-13T22:05:33.471+0000] {processor.py:753} INFO - DAG(s) dict_keys(['example_branch_operator']) retrieved from /home/airflow/.local/lib/python3.7/site-packages/airflow/example_dags/example_branch_operator.py
[2026-02-13T22:05:33.485+0000] {logging_mixin.py:137} INFO - [2026-02-13T22:05:33.483+0000] {dag.py:2690} INFO - Sync 1 DAGs
[2026-02-13T22:05:33.497+0000] {logging_mixin.py:137} INFO - [2026-02-13T22:05:33.497+0000] {dag.py:3441} INFO - Setting next_dagrun for example_branch_operator to 2026-02-12T00:00:00+00:00, run_after=2026-02-13T00:00:00+00:00
[2026-02-13T22:05:33.509+0000] {processor.py:175} INFO - Processing /home/airflow/.local/lib/python3.7/site-packages/airflow/example_dags/example_branch_operator.py took 0.048 seconds
[2026-02-13T22:06:33.443+0000] {processor.py:153} INFO - Started process (PID=60) to work on /home/airflow/.local/lib/python3.7/site-packages/airflow/example_dags/example_branch_operator.py
[2026-02-13T22:06:33.444+0000] {processor.py:743} INFO - Processing file /home/airflow/.local/lib/python3.7/site-packages/airflow/example_dags/example_branch_operator.py for tasks to queue
[2026-02-13T22:06:33.444+0000] {logging_mixin.py:137} INFO - [2026-02-13T22:06:33.444+0000] {dagbag.py:538} INFO - Filling up the DagBag from /home/airflow/.local/lib/python3.7/site-packages/airflow/example_dags/example_branch_operator.py
[2026-02-13T22:06:33.460+0000] {processor.py:753} INFO - DAG(s) dict_keys(['example_branch_operator']) retrieved from /home/airflow/.local/lib/python3.7/site-packages/airflow/example_dags/example_branch_operator.py
[2026-02-13T22:06:33.472+0000] {logging_mixin.py:137} INFO - [2026-02-13T22:06:33.472+0000] {dag.py:2690} INFO - Sync 1 DAGs
[2026-02-13T22:06:33.498+0000] {logging_mixin.py:137} INFO - [2026-02-13T22:06:33.498+0000] {dag.py:3441} INFO - Setting next_dagrun for example_branch_operator to 2026-02-12T00:00:00+00:00, run_after=2026-02-13T00:00:00+00:00
[2026-02-13T22:06:33.514+0000] {processor.py:175} INFO - Processing /home/airflow/.local/lib/python3.7/site-packages/airflow/example_dags/example_branch_operator.py took 0.074 seconds
[2026-02-13T22:07:04.622+0000] {processor.py:153} INFO - Started process (PID=149) to work on /home/airflow/.local/lib/python3.7/site-packages/airflow/example_dags/example_branch_operator.py
[2026-02-13T22:07:04.624+0000] {processor.py:743} INFO - Processing file /home/airflow/.local/lib/python3.7/site-packages/airflow/example_dags/example_branch_operator.py for tasks to queue
[2026-02-13T22:07:04.625+0000] {logging_mixin.py:137} INFO - [2026-02-13T22:07:04.625+0000] {dagbag.py:538} INFO - Filling up the DagBag from /home/airflow/.local/lib/python3.7/site-packages/airflow/example_dags/example_branch_operator.py
[2026-02-13T22:07:04.639+0000] {processor.py:753} INFO - DAG(s) dict_keys(['example_branch_operator']) retrieved from /home/airflow/.local/lib/python3.7/site-packages/airflow/example_dags/example_branch_operator.py
[2026-02-13T22:07:04.665+0000] {logging_mixin.py:137} INFO - [2026-02-13T22:07:04.665+0000] {dag.py:2690} INFO - Sync 1 DAGs
[2026-02-13T22:07:04.691+0000] {logging_mixin.py:137} INFO - [2026-02-13T22:07:04.691+0000] {dag.py:3441} INFO - Setting next_dagrun for example_branch_operator to 2026-02-12T00:00:00+00:00, run_after=2026-02-13T00:00:00+00:00
[2026-02-13T22:07:04.706+0000] {processor.py:175} INFO - Processing /home/airflow/.local/lib/python3.7/site-packages/airflow/example_dags/example_branch_operator.py took 0.086 seconds
[2026-02-13T22:07:34.771+0000] {processor.py:153} INFO - Started process (PID=238) to work on /home/airflow/.local/lib/python3.7/site-packages/airflow/example_dags/example_branch_operator.py
[2026-02-13T22:07:34.771+0000] {processor.py:743} INFO - Processing file /home/airflow/.local/lib/python3.7/site-packages/airflow/example_dags/example_branch_operator.py for tasks to queue
[2026-02-13T22:07:34.771+0000] {logging_mixin.py:137} INFO - [2026-02-13T22:07:34.771+0000] {dagbag.py:538} INFO - Filling up the DagBag from /home/airflow/.local/lib/python3.7/site-packages/airflow/example_dags/example_branch_operator.py
[2026-02-13T22:07:34.778+0000] {processor.py:753} INFO - DAG(s) dict_keys(['example_branch_operator']) retrieved from /home/airflow/.local/lib/python3.7/site-packages/airflow/example_dags/example_branch_operator.py
[2026-02-13T22:07:34.789+0000] {logging_mixin.py:137} INFO - [2026-02-13T22:07:34.789+0000] {dag.py:2690} INFO - Sync 1 DAGs
[2026-02-13T22:07:34.799+0000] {logging_mixin.py:137} INFO - [2026-02-13T22:07:34.799+0000] {dag.py:3441} INFO - Setting next_dagrun for example_branch_operator to 2026-02-12T00:00:00+00:00, run_after=2026-02-13T00:00:00+00:00
[2026-02-13T22:07:34.805+0000] {processor.py:175} INFO - Processing /home/airflow/.local/lib/python3.7/site-packages/airflow/example_dags/example_branch_operator.py took 0.035 seconds
[2026-02-13T22:08:05.418+0000] {processor.py:153} INFO - Started process (PID=311) to work on /home/airflow/.local/lib/python3.7/site-packages/airflow/example_dags/example_branch_operator.py
[2026-02-13T22:08:05.420+0000] {processor.py:743} INFO - Processing file /home/airflow/.local/lib/python3.7/site-packages/airflow/example_dags/example_branch_operator.py for tasks to queue
[2026-02-13T22:08:05.420+0000] {logging_mixin.py:137} INFO - [2026-02-13T22:08:05.420+0000] {dagbag.py:538} INFO - Filling up the DagBag from /home/airflow/.local/lib/python3.7/site-packages/airflow/example_dags/example_branch_operator.py
[2026-02-13T22:08:05.433+0000] {processor.py:753} INFO - DAG(s) dict_keys(['example_branch_operator']) retrieved from /home/airflow/.local/lib/python3.7/site-packages/airflow/example_dags/example_branch_operator.py
[2026-02-13T22:08:05.448+0000] {logging_mixin.py:137} INFO - [2026-02-13T22:08:05.448+0000] {dag.py:2690} INFO - Sync 1 DAGs
[2026-02-13T22:08:05.461+0000] {logging_mixin.py:137} INFO - [2026-02-13T22:08:05.460+0000] {dag.py:3441} INFO - Setting next_dagrun for example_branch_operator to 2026-02-12T00:00:00+00:00, run_after=2026-02-13T00:00:00+00:00
[2026-02-13T22:08:05.469+0000] {processor.py:175} INFO - Processing /home/airflow/.local/lib/python3.7/site-packages/airflow/example_dags/example_branch_operator.py took 0.053 seconds
[2026-02-13T22:08:36.210+0000] {processor.py:153} INFO - Started process (PID=400) to work on /home/airflow/.local/lib/python3.7/site-packages/airflow/example_dags/example_branch_operator.py
[2026-02-13T22:08:36.213+0000] {processor.py:743} INFO - Processing file /home/airflow/.local/lib/python3.7/site-packages/airflow/example_dags/example_branch_operator.py for tasks to queue
[2026-02-13T22:08:36.214+0000] {logging_mixin.py:137} INFO - [2026-02-13T22:08:36.213+0000] {dagbag.py:538} INFO - Filling up the DagBag from /home/airflow/.local/lib/python3.7/site-packages/airflow/example_dags/example_branch_operator.py
[2026-02-13T22:08:36.224+0000] {processor.py:753} INFO - DAG(s) dict_keys(['example_branch_operator']) retrieved from /home/airflow/.local/lib/python3.7/site-packages/airflow/example_dags/example_branch_operator.py
[2026-02-13T22:08:36.238+0000] {logging_mixin.py:137} INFO - [2026-02-13T22:08:36.238+0000] {dag.py:2690} INFO - Sync 1 DAGs
[2026-02-13T22:08:36.252+0000] {logging_mixin.py:137} INFO - [2026-02-13T22:08:36.252+0000] {dag.py:3441} INFO - Setting next_dagrun for example_branch_operator to 2026-02-12T00:00:00+00:00, run_after=2026-02-13T00:00:00+00:00
[2026-02-13T22:08:36.263+0000] {processor.py:175} INFO - Processing /home/airflow/.local/lib/python3.7/site-packages/airflow/example_dags/example_branch_operator.py took 0.055 seconds
[2026-02-13T22:09:06.890+0000] {processor.py:153} INFO - Started process (PID=489) to work on /home/airflow/.local/lib/python3.7/site-packages/airflow/example_dags/example_branch_operator.py
[2026-02-13T22:09:06.891+0000] {processor.py:743} INFO - Processing file /home/airflow/.local/lib/python3.7/site-packages/airflow/example_dags/example_branch_operator.py for tasks to queue
[2026-02-13T22:09:06.891+0000] {logging_mixin.py:137} INFO - [2026-02-13T22:09:06.891+0000] {dagbag.py:538} INFO - Filling up the DagBag from /home/airflow/.local/lib/python3.7/site-packages/airflow/example_dags/example_branch_operator.py
[2026-02-13T22:09:06.900+0000] {processor.py:753} INFO - DAG(s) dict_keys(['example_branch_operator']) retrieved from /home/airflow/.local/lib/python3.7/site-packages/airflow/example_dags/example_branch_operator.py
[2026-02-13T22:09:06.913+0000] {logging_mixin.py:137} INFO - [2026-02-13T22:09:06.912+0000] {dag.py:2690} INFO - Sync 1 DAGs
[2026-02-13T22:09:06.926+0000] {logging_mixin.py:137} INFO - [2026-02-13T22:09:06.926+0000] {dag.py:3441} INFO - Setting next_dagrun for example_branch_operator to 2026-02-12T00:00:00+00:00, run_after=2026-02-13T00:00:00+00:00
[2026-02-13T22:09:06.937+0000] {processor.py:175} INFO - Processing /home/airflow/.local/lib/python3.7/site-packages/airflow/example_dags/example_branch_operator.py took 0.048 seconds
[2026-02-13T22:09:37.446+0000] {processor.py:153} INFO - Started process (PID=577) to work on /home/airflow/.local/lib/python3.7/site-packages/airflow/example_dags/example_branch_operator.py
[2026-02-13T22:09:37.446+0000] {processor.py:743} INFO - Processing file /home/airflow/.local/lib/python3.7/site-packages/airflow/example_dags/example_branch_operator.py for tasks to queue
[2026-02-13T22:09:37.448+0000] {logging_mixin.py:137} INFO - [2026-02-13T22:09:37.448+0000] {dagbag.py:538} INFO - Filling up the DagBag from /home/airflow/.local/lib/python3.7/site-packages/airflow/example_dags/example_branch_operator.py
[2026-02-13T22:09:37.456+0000] {processor.py:753} INFO - DAG(s) dict_keys(['example_branch_operator']) retrieved from /home/airflow/.local/lib/python3.7/site-packages/airflow/example_dags/example_branch_operator.py
[2026-02-13T22:09:37.472+0000] {logging_mixin.py:137} INFO - [2026-02-13T22:09:37.472+0000] {dag.py:2690} INFO - Sync 1 DAGs
[2026-02-13T22:09:37.486+0000] {logging_mixin.py:137} INFO - [2026-02-13T22:09:37.486+0000] {dag.py:3441} INFO - Setting next_dagrun for example_branch_operator to 2026-02-12T00:00:00+00:00, run_after=2026-02-13T00:00:00+00:00
[2026-02-13T22:09:37.498+0000] {processor.py:175} INFO - Processing /home/airflow/.local/lib/python3.7/site-packages/airflow/example_dags/example_branch_operator.py took 0.053 seconds
[2026-02-13T22:10:08.039+0000] {processor.py:153} INFO - Started process (PID=650) to work on /home/airflow/.local/lib/python3.7/site-packages/airflow/example_dags/example_branch_operator.py
[2026-02-13T22:10:08.040+0000] {processor.py:743} INFO - Processing file /home/airflow/.local/lib/python3.7/site-packages/airflow/example_dags/example_branch_operator.py for tasks to queue
[2026-02-13T22:10:08.040+0000] {logging_mixin.py:137} INFO - [2026-02-13T22:10:08.040+0000] {dagbag.py:538} INFO - Filling up the DagBag from /home/airflow/.local/lib/python3.7/site-packages/airflow/example_dags/example_branch_operator.py
[2026-02-13T22:10:08.049+0000] {processor.py:753} INFO - DAG(s) dict_keys(['example_branch_operator']) retrieved from /home/airflow/.local/lib/python3.7/site-packages/airflow/example_dags/example_branch_operator.py
[2026-02-13T22:10:08.068+0000] {logging_mixin.py:137} INFO - [2026-02-13T22:10:08.068+0000] {dag.py:2690} INFO - Sync 1 DAGs
[2026-02-13T22:10:08.083+0000] {logging_mixin.py:137} INFO - [2026-02-13T22:10:08.083+0000] {dag.py:3441} INFO - Setting next_dagrun for example_branch_operator to 2026-02-12T00:00:00+00:00, run_after=2026-02-13T00:00:00+00:00
[2026-02-13T22:10:08.094+0000] {processor.py:175} INFO - Processing /home/airflow/.local/lib/python3.7/site-packages/airflow/example_dags/example_branch_operator.py took 0.058 seconds
[2026-02-13T22:10:38.687+0000] {processor.py:153} INFO - Started process (PID=738) to work on /home/airflow/.local/lib/python3.7/site-packages/airflow/example_dags/example_branch_operator.py
[2026-02-13T22:10:38.690+0000] {processor.py:743} INFO - Processing file /home/airflow/.local/lib/python3.7/site-packages/airflow/example_dags/example_branch_operator.py for tasks to queue
[2026-02-13T22:10:38.690+0000] {logging_mixin.py:137} INFO - [2026-02-13T22:10:38.690+0000] {dagbag.py:538} INFO - Filling up the DagBag from /home/airflow/.local/lib/python3.7/site-packages/airflow/example_dags/example_branch_operator.py
[2026-02-13T22:10:38.699+0000] {processor.py:753} INFO - DAG(s) dict_keys(['example_branch_operator']) retrieved from /home/airflow/.local/lib/python3.7/site-packages/airflow/example_dags/example_branch_operator.py
[2026-02-13T22:10:38.716+0000] {logging_mixin.py:137} INFO - [2026-02-13T22:10:38.716+0000] {dag.py:2690} INFO - Sync 1 DAGs
[2026-02-13T22:10:38.726+0000] {logging_mixin.py:137} INFO - [2026-02-13T22:10:38.726+0000] {dag.py:3441} INFO - Setting next_dagrun for example_branch_operator to 2026-02-12T00:00:00+00:00, run_after=2026-02-13T00:00:00+00:00
[2026-02-13T22:10:38.736+0000] {processor.py:175} INFO - Processing /home/airflow/.local/lib/python3.7/site-packages/airflow/example_dags/example_branch_operator.py took 0.052 seconds
[2026-02-13T22:11:09.243+0000] {processor.py:153} INFO - Started process (PID=827) to work on /home/airflow/.local/lib/python3.7/site-packages/airflow/example_dags/example_branch_operator.py
[2026-02-13T22:11:09.245+0000] {processor.py:743} INFO - Processing file /home/airflow/.local/lib/python3.7/site-packages/airflow/example_dags/example_branch_operator.py for tasks to queue
[2026-02-13T22:11:09.245+0000] {logging_mixin.py:137} INFO - [2026-02-13T22:11:09.245+0000] {dagbag.py:538} INFO - Filling up the DagBag from /home/airflow/.local/lib/python3.7/site-packages/airflow/example_dags/example_branch_operator.py
[2026-02-13T22:11:09.252+0000] {processor.py:753} INFO - DAG(s) dict_keys(['example_branch_operator']) retrieved from /home/airflow/.local/lib/python3.7/site-packages/airflow/example_dags/example_branch_operator.py
[2026-02-13T22:11:09.264+0000] {logging_mixin.py:137} INFO - [2026-02-13T22:11:09.264+0000] {dag.py:2690} INFO - Sync 1 DAGs
[2026-02-13T22:11:09.277+0000] {logging_mixin.py:137} INFO - [2026-02-13T22:11:09.277+0000] {dag.py:3441} INFO - Setting next_dagrun for example_branch_operator to 2026-02-12T00:00:00+00:00, run_after=2026-02-13T00:00:00+00:00
[2026-02-13T22:11:09.290+0000] {processor.py:175} INFO - Processing /home/airflow/.local/lib/python3.7/site-packages/airflow/example_dags/example_branch_operator.py took 0.049 seconds
[2026-02-13T22:11:39.865+0000] {processor.py:153} INFO - Started process (PID=915) to work on /home/airflow/.local/lib/python3.7/site-packages/airflow/example_dags/example_branch_operator.py
[2026-02-13T22:11:39.865+0000] {processor.py:743} INFO - Processing file /home/airflow/.local/lib/python3.7/site-packages/airflow/example_dags/example_branch_operator.py for tasks to queue
[2026-02-13T22:11:39.866+0000] {logging_mixin.py:137} INFO - [2026-02-13T22:11:39.866+0000] {dagbag.py:538} INFO - Filling up the DagBag from /home/airflow/.local/lib/python3.7/site-packages/airflow/example_dags/example_branch_operator.py
[2026-02-13T22:11:39.876+0000] {processor.py:753} INFO - DAG(s) dict_keys(['example_branch_operator']) retrieved from /home/airflow/.local/lib/python3.7/site-packages/airflow/example_dags/example_branch_operator.py
[2026-02-13T22:11:39.891+0000] {logging_mixin.py:137} INFO - [2026-02-13T22:11:39.891+0000] {dag.py:2690} INFO - Sync 1 DAGs
[2026-02-13T22:11:39.907+0000] {logging_mixin.py:137} INFO - [2026-02-13T22:11:39.907+0000] {dag.py:3441} INFO - Setting next_dagrun for example_branch_operator to 2026-02-12T00:00:00+00:00, run_after=2026-02-13T00:00:00+00:00
[2026-02-13T22:11:39.922+0000] {processor.py:175} INFO - Processing /home/airflow/.local/lib/python3.7/site-packages/airflow/example_dags/example_branch_operator.py took 0.059 seconds
[2026-02-13T22:12:10.407+0000] {processor.py:153} INFO - Started process (PID=988) to work on /home/airflow/.local/lib/python3.7/site-packages/airflow/example_dags/example_branch_operator.py
[2026-02-13T22:12:10.410+0000] {processor.py:743} INFO - Processing file /home/airflow/.local/lib/python3.7/site-packages/airflow/example_dags/example_branch_operator.py for tasks to queue
[2026-02-13T22:12:10.410+0000] {logging_mixin.py:137} INFO - [2026-02-13T22:12:10.410+0000] {dagbag.py:538} INFO - Filling up the DagBag from /home/airflow/.local/lib/python3.7/site-packages/airflow/example_dags/example_branch_operator.py
[2026-02-13T22:12:10.418+0000] {processor.py:753} INFO - DAG(s) dict_keys(['example_branch_operator']) retrieved from /home/airflow/.local/lib/python3.7/site-packages/airflow/example_dags/example_branch_operator.py
[2026-02-13T22:12:10.436+0000] {logging_mixin.py:137} INFO - [2026-02-13T22:12:10.436+0000] {dag.py:2690} INFO - Sync 1 DAGs
[2026-02-13T22:12:10.448+0000] {logging_mixin.py:137} INFO - [2026-02-13T22:12:10.448+0000] {dag.py:3441} INFO - Setting next_dagrun for example_branch_operator to 2026-02-12T00:00:00+00:00, run_after=2026-02-13T00:00:00+00:00
[2026-02-13T22:12:10.461+0000] {processor.py:175} INFO - Processing /home/airflow/.local/lib/python3.7/site-packages/airflow/example_dags/example_branch_operator.py took 0.055 seconds
[2026-02-13T22:12:41.060+0000] {processor.py:153} INFO - Started process (PID=1077) to work on /home/airflow/.local/lib/python3.7/site-packages/airflow/example_dags/example_branch_operator.py
[2026-02-13T22:12:41.062+0000] {processor.py:743} INFO - Processing file /home/airflow/.local/lib/python3.7/site-packages/airflow/example_dags/example_branch_operator.py for tasks to queue
[2026-02-13T22:12:41.063+0000] {logging_mixin.py:137} INFO - [2026-02-13T22:12:41.063+0000] {dagbag.py:538} INFO - Filling up the DagBag from /home/airflow/.local/lib/python3.7/site-packages/airflow/example_dags/example_branch_operator.py
[2026-02-13T22:12:41.072+0000] {processor.py:753} INFO - DAG(s) dict_keys(['example_branch_operator']) retrieved from /home/airflow/.local/lib/python3.7/site-packages/airflow/example_dags/example_branch_operator.py
[2026-02-13T22:12:41.086+0000] {logging_mixin.py:137} INFO - [2026-02-13T22:12:41.085+0000] {dag.py:2690} INFO - Sync 1 DAGs
[2026-02-13T22:12:41.099+0000] {logging_mixin.py:137} INFO - [2026-02-13T22:12:41.099+0000] {dag.py:3441} INFO - Setting next_dagrun for example_branch_operator to 2026-02-12T00:00:00+00:00, run_after=2026-02-13T00:00:00+00:00
[2026-02-13T22:12:41.123+0000] {processor.py:175} INFO - Processing /home/airflow/.local/lib/python3.7/site-packages/airflow/example_dags/example_branch_operator.py took 0.064 seconds
[2026-02-13T22:20:57.473+0000] {processor.py:153} INFO - Started process (PID=99) to work on /home/airflow/.local/lib/python3.7/site-packages/airflow/example_dags/example_branch_operator.py
[2026-02-13T22:20:57.473+0000] {processor.py:743} INFO - Processing file /home/airflow/.local/lib/python3.7/site-packages/airflow/example_dags/example_branch_operator.py for tasks to queue
[2026-02-13T22:20:57.473+0000] {logging_mixin.py:137} INFO - [2026-02-13T22:20:57.473+0000] {dagbag.py:538} INFO - Filling up the DagBag from /home/airflow/.local/lib/python3.7/site-packages/airflow/example_dags/example_branch_operator.py
[2026-02-13T22:20:57.482+0000] {processor.py:753} INFO - DAG(s) dict_keys(['example_branch_operator']) retrieved from /home/airflow/.local/lib/python3.7/site-packages/airflow/example_dags/example_branch_operator.py
[2026-02-13T22:20:57.493+0000] {logging_mixin.py:137} INFO - [2026-02-13T22:20:57.493+0000] {dag.py:2690} INFO - Sync 1 DAGs
[2026-02-13T22:20:57.509+0000] {logging_mixin.py:137} INFO - [2026-02-13T22:20:57.508+0000] {dag.py:3441} INFO - Setting next_dagrun for example_branch_operator to 2026-02-12T00:00:00+00:00, run_after=2026-02-13T00:00:00+00:00
[2026-02-13T22:20:57.521+0000] {processor.py:175} INFO - Processing /home/airflow/.local/lib/python3.7/site-packages/airflow/example_dags/example_branch_operator.py took 0.049 seconds
[2026-02-13T22:21:28.160+0000] {processor.py:153} INFO - Started process (PID=172) to work on /home/airflow/.local/lib/python3.7/site-packages/airflow/example_dags/example_branch_operator.py
[2026-02-13T22:21:28.162+0000] {processor.py:743} INFO - Processing file /home/airflow/.local/lib/python3.7/site-packages/airflow/example_dags/example_branch_operator.py for tasks to queue
[2026-02-13T22:21:28.163+0000] {logging_mixin.py:137} INFO - [2026-02-13T22:21:28.163+0000] {dagbag.py:538} INFO - Filling up the DagBag from /home/airflow/.local/lib/python3.7/site-packages/airflow/example_dags/example_branch_operator.py
[2026-02-13T22:21:28.171+0000] {processor.py:753} INFO - DAG(s) dict_keys(['example_branch_operator']) retrieved from /home/airflow/.local/lib/python3.7/site-packages/airflow/example_dags/example_branch_operator.py
[2026-02-13T22:21:28.187+0000] {logging_mixin.py:137} INFO - [2026-02-13T22:21:28.187+0000] {dag.py:2690} INFO - Sync 1 DAGs
[2026-02-13T22:21:28.200+0000] {logging_mixin.py:137} INFO - [2026-02-13T22:21:28.200+0000] {dag.py:3441} INFO - Setting next_dagrun for example_branch_operator to 2026-02-12T00:00:00+00:00, run_after=2026-02-13T00:00:00+00:00
[2026-02-13T22:21:28.208+0000] {processor.py:175} INFO - Processing /home/airflow/.local/lib/python3.7/site-packages/airflow/example_dags/example_branch_operator.py took 0.049 seconds
[2026-02-13T22:21:59.211+0000] {processor.py:153} INFO - Started process (PID=262) to work on /home/airflow/.local/lib/python3.7/site-packages/airflow/example_dags/example_branch_operator.py
[2026-02-13T22:21:59.212+0000] {processor.py:743} INFO - Processing file /home/airflow/.local/lib/python3.7/site-packages/airflow/example_dags/example_branch_operator.py for tasks to queue
[2026-02-13T22:21:59.212+0000] {logging_mixin.py:137} INFO - [2026-02-13T22:21:59.212+0000] {dagbag.py:538} INFO - Filling up the DagBag from /home/airflow/.local/lib/python3.7/site-packages/airflow/example_dags/example_branch_operator.py
[2026-02-13T22:21:59.220+0000] {processor.py:753} INFO - DAG(s) dict_keys(['example_branch_operator']) retrieved from /home/airflow/.local/lib/python3.7/site-packages/airflow/example_dags/example_branch_operator.py
[2026-02-13T22:21:59.235+0000] {logging_mixin.py:137} INFO - [2026-02-13T22:21:59.235+0000] {dag.py:2690} INFO - Sync 1 DAGs
[2026-02-13T22:21:59.249+0000] {logging_mixin.py:137} INFO - [2026-02-13T22:21:59.249+0000] {dag.py:3441} INFO - Setting next_dagrun for example_branch_operator to 2026-02-12T00:00:00+00:00, run_after=2026-02-13T00:00:00+00:00
[2026-02-13T22:21:59.260+0000] {processor.py:175} INFO - Processing /home/airflow/.local/lib/python3.7/site-packages/airflow/example_dags/example_branch_operator.py took 0.051 seconds
[2026-02-13T22:22:29.832+0000] {processor.py:153} INFO - Started process (PID=352) to work on /home/airflow/.local/lib/python3.7/site-packages/airflow/example_dags/example_branch_operator.py
[2026-02-13T22:22:29.832+0000] {processor.py:743} INFO - Processing file /home/airflow/.local/lib/python3.7/site-packages/airflow/example_dags/example_branch_operator.py for tasks to queue
[2026-02-13T22:22:29.833+0000] {logging_mixin.py:137} INFO - [2026-02-13T22:22:29.833+0000] {dagbag.py:538} INFO - Filling up the DagBag from /home/airflow/.local/lib/python3.7/site-packages/airflow/example_dags/example_branch_operator.py
[2026-02-13T22:22:29.841+0000] {processor.py:753} INFO - DAG(s) dict_keys(['example_branch_operator']) retrieved from /home/airflow/.local/lib/python3.7/site-packages/airflow/example_dags/example_branch_operator.py
[2026-02-13T22:22:29.856+0000] {logging_mixin.py:137} INFO - [2026-02-13T22:22:29.856+0000] {dag.py:2690} INFO - Sync 1 DAGs
[2026-02-13T22:22:29.869+0000] {logging_mixin.py:137} INFO - [2026-02-13T22:22:29.869+0000] {dag.py:3441} INFO - Setting next_dagrun for example_branch_operator to 2026-02-12T00:00:00+00:00, run_after=2026-02-13T00:00:00+00:00
[2026-02-13T22:22:29.880+0000] {processor.py:175} INFO - Processing /home/airflow/.local/lib/python3.7/site-packages/airflow/example_dags/example_branch_operator.py took 0.049 seconds
[2026-02-13T22:23:00.502+0000] {processor.py:153} INFO - Started process (PID=441) to work on /home/airflow/.local/lib/python3.7/site-packages/airflow/example_dags/example_branch_operator.py
[2026-02-13T22:23:00.502+0000] {processor.py:743} INFO - Processing file /home/airflow/.local/lib/python3.7/site-packages/airflow/example_dags/example_branch_operator.py for tasks to queue
[2026-02-13T22:23:00.503+0000] {logging_mixin.py:137} INFO - [2026-02-13T22:23:00.503+0000] {dagbag.py:538} INFO - Filling up the DagBag from /home/airflow/.local/lib/python3.7/site-packages/airflow/example_dags/example_branch_operator.py
[2026-02-13T22:23:00.511+0000] {processor.py:753} INFO - DAG(s) dict_keys(['example_branch_operator']) retrieved from /home/airflow/.local/lib/python3.7/site-packages/airflow/example_dags/example_branch_operator.py
[2026-02-13T22:23:00.530+0000] {logging_mixin.py:137} INFO - [2026-02-13T22:23:00.530+0000] {dag.py:2690} INFO - Sync 1 DAGs
[2026-02-13T22:23:00.545+0000] {logging_mixin.py:137} INFO - [2026-02-13T22:23:00.545+0000] {dag.py:3441} INFO - Setting next_dagrun for example_branch_operator to 2026-02-12T00:00:00+00:00, run_after=2026-02-13T00:00:00+00:00
[2026-02-13T22:23:00.556+0000] {processor.py:175} INFO - Processing /home/airflow/.local/lib/python3.7/site-packages/airflow/example_dags/example_branch_operator.py took 0.056 seconds
[2026-02-13T22:23:31.185+0000] {processor.py:153} INFO - Started process (PID=514) to work on /home/airflow/.local/lib/python3.7/site-packages/airflow/example_dags/example_branch_operator.py
[2026-02-13T22:23:31.188+0000] {processor.py:743} INFO - Processing file /home/airflow/.local/lib/python3.7/site-packages/airflow/example_dags/example_branch_operator.py for tasks to queue
[2026-02-13T22:23:31.188+0000] {logging_mixin.py:137} INFO - [2026-02-13T22:23:31.188+0000] {dagbag.py:538} INFO - Filling up the DagBag from /home/airflow/.local/lib/python3.7/site-packages/airflow/example_dags/example_branch_operator.py
[2026-02-13T22:23:31.195+0000] {processor.py:753} INFO - DAG(s) dict_keys(['example_branch_operator']) retrieved from /home/airflow/.local/lib/python3.7/site-packages/airflow/example_dags/example_branch_operator.py
[2026-02-13T22:23:31.209+0000] {logging_mixin.py:137} INFO - [2026-02-13T22:23:31.209+0000] {dag.py:2690} INFO - Sync 1 DAGs
[2026-02-13T22:23:31.221+0000] {logging_mixin.py:137} INFO - [2026-02-13T22:23:31.221+0000] {dag.py:3441} INFO - Setting next_dagrun for example_branch_operator to 2026-02-12T00:00:00+00:00, run_after=2026-02-13T00:00:00+00:00
[2026-02-13T22:23:31.231+0000] {processor.py:175} INFO - Processing /home/airflow/.local/lib/python3.7/site-packages/airflow/example_dags/example_branch_operator.py took 0.047 seconds
[2026-02-13T22:24:01.863+0000] {processor.py:153} INFO - Started process (PID=602) to work on /home/airflow/.local/lib/python3.7/site-packages/airflow/example_dags/example_branch_operator.py
[2026-02-13T22:24:01.864+0000] {processor.py:743} INFO - Processing file /home/airflow/.local/lib/python3.7/site-packages/airflow/example_dags/example_branch_operator.py for tasks to queue
[2026-02-13T22:24:01.864+0000] {logging_mixin.py:137} INFO - [2026-02-13T22:24:01.864+0000] {dagbag.py:538} INFO - Filling up the DagBag from /home/airflow/.local/lib/python3.7/site-packages/airflow/example_dags/example_branch_operator.py
[2026-02-13T22:24:01.872+0000] {processor.py:753} INFO - DAG(s) dict_keys(['example_branch_operator']) retrieved from /home/airflow/.local/lib/python3.7/site-packages/airflow/example_dags/example_branch_operator.py
[2026-02-13T22:24:01.885+0000] {logging_mixin.py:137} INFO - [2026-02-13T22:24:01.885+0000] {dag.py:2690} INFO - Sync 1 DAGs
[2026-02-13T22:24:01.895+0000] {logging_mixin.py:137} INFO - [2026-02-13T22:24:01.895+0000] {dag.py:3441} INFO - Setting next_dagrun for example_branch_operator to 2026-02-12T00:00:00+00:00, run_after=2026-02-13T00:00:00+00:00
[2026-02-13T22:24:01.908+0000] {processor.py:175} INFO - Processing /home/airflow/.local/lib/python3.7/site-packages/airflow/example_dags/example_branch_operator.py took 0.046 seconds
[2026-02-13T22:24:32.636+0000] {processor.py:153} INFO - Started process (PID=691) to work on /home/airflow/.local/lib/python3.7/site-packages/airflow/example_dags/example_branch_operator.py
[2026-02-13T22:24:32.636+0000] {processor.py:743} INFO - Processing file /home/airflow/.local/lib/python3.7/site-packages/airflow/example_dags/example_branch_operator.py for tasks to queue
[2026-02-13T22:24:32.637+0000] {logging_mixin.py:137} INFO - [2026-02-13T22:24:32.637+0000] {dagbag.py:538} INFO - Filling up the DagBag from /home/airflow/.local/lib/python3.7/site-packages/airflow/example_dags/example_branch_operator.py
[2026-02-13T22:24:32.645+0000] {processor.py:753} INFO - DAG(s) dict_keys(['example_branch_operator']) retrieved from /home/airflow/.local/lib/python3.7/site-packages/airflow/example_dags/example_branch_operator.py
[2026-02-13T22:24:32.661+0000] {logging_mixin.py:137} INFO - [2026-02-13T22:24:32.661+0000] {dag.py:2690} INFO - Sync 1 DAGs
[2026-02-13T22:24:32.676+0000] {logging_mixin.py:137} INFO - [2026-02-13T22:24:32.676+0000] {dag.py:3441} INFO - Setting next_dagrun for example_branch_operator to 2026-02-12T00:00:00+00:00, run_after=2026-02-13T00:00:00+00:00
[2026-02-13T22:24:32.685+0000] {processor.py:175} INFO - Processing /home/airflow/.local/lib/python3.7/site-packages/airflow/example_dags/example_branch_operator.py took 0.051 seconds
[2026-02-13T22:25:03.277+0000] {processor.py:153} INFO - Started process (PID=780) to work on /home/airflow/.local/lib/python3.7/site-packages/airflow/example_dags/example_branch_operator.py
[2026-02-13T22:25:03.278+0000] {processor.py:743} INFO - Processing file /home/airflow/.local/lib/python3.7/site-packages/airflow/example_dags/example_branch_operator.py for tasks to queue
[2026-02-13T22:25:03.280+0000] {logging_mixin.py:137} INFO - [2026-02-13T22:25:03.280+0000] {dagbag.py:538} INFO - Filling up the DagBag from /home/airflow/.local/lib/python3.7/site-packages/airflow/example_dags/example_branch_operator.py
[2026-02-13T22:25:03.287+0000] {processor.py:753} INFO - DAG(s) dict_keys(['example_branch_operator']) retrieved from /home/airflow/.local/lib/python3.7/site-packages/airflow/example_dags/example_branch_operator.py
[2026-02-13T22:25:03.305+0000] {logging_mixin.py:137} INFO - [2026-02-13T22:25:03.305+0000] {dag.py:2690} INFO - Sync 1 DAGs
[2026-02-13T22:25:03.318+0000] {logging_mixin.py:137} INFO - [2026-02-13T22:25:03.318+0000] {dag.py:3441} INFO - Setting next_dagrun for example_branch_operator to 2026-02-12T00:00:00+00:00, run_after=2026-02-13T00:00:00+00:00
[2026-02-13T22:25:03.330+0000] {processor.py:175} INFO - Processing /home/airflow/.local/lib/python3.7/site-packages/airflow/example_dags/example_branch_operator.py took 0.054 seconds
[2026-02-13T22:25:33.964+0000] {processor.py:153} INFO - Started process (PID=869) to work on /home/airflow/.local/lib/python3.7/site-packages/airflow/example_dags/example_branch_operator.py
[2026-02-13T22:25:33.965+0000] {processor.py:743} INFO - Processing file /home/airflow/.local/lib/python3.7/site-packages/airflow/example_dags/example_branch_operator.py for tasks to queue
[2026-02-13T22:25:33.966+0000] {logging_mixin.py:137} INFO - [2026-02-13T22:25:33.966+0000] {dagbag.py:538} INFO - Filling up the DagBag from /home/airflow/.local/lib/python3.7/site-packages/airflow/example_dags/example_branch_operator.py
[2026-02-13T22:25:33.977+0000] {processor.py:753} INFO - DAG(s) dict_keys(['example_branch_operator']) retrieved from /home/airflow/.local/lib/python3.7/site-packages/airflow/example_dags/example_branch_operator.py
[2026-02-13T22:25:33.994+0000] {logging_mixin.py:137} INFO - [2026-02-13T22:25:33.993+0000] {dag.py:2690} INFO - Sync 1 DAGs
[2026-02-13T22:25:34.009+0000] {logging_mixin.py:137} INFO - [2026-02-13T22:25:34.008+0000] {dag.py:3441} INFO - Setting next_dagrun for example_branch_operator to 2026-02-12T00:00:00+00:00, run_after=2026-02-13T00:00:00+00:00
[2026-02-13T22:25:34.025+0000] {processor.py:175} INFO - Processing /home/airflow/.local/lib/python3.7/site-packages/airflow/example_dags/example_branch_operator.py took 0.063 seconds
[2026-02-13T22:26:04.546+0000] {processor.py:153} INFO - Started process (PID=942) to work on /home/airflow/.local/lib/python3.7/site-packages/airflow/example_dags/example_branch_operator.py
[2026-02-13T22:26:04.546+0000] {processor.py:743} INFO - Processing file /home/airflow/.local/lib/python3.7/site-packages/airflow/example_dags/example_branch_operator.py for tasks to queue
[2026-02-13T22:26:04.546+0000] {logging_mixin.py:137} INFO - [2026-02-13T22:26:04.546+0000] {dagbag.py:538} INFO - Filling up the DagBag from /home/airflow/.local/lib/python3.7/site-packages/airflow/example_dags/example_branch_operator.py
[2026-02-13T22:26:04.554+0000] {processor.py:753} INFO - DAG(s) dict_keys(['example_branch_operator']) retrieved from /home/airflow/.local/lib/python3.7/site-packages/airflow/example_dags/example_branch_operator.py
[2026-02-13T22:26:04.568+0000] {logging_mixin.py:137} INFO - [2026-02-13T22:26:04.568+0000] {dag.py:2690} INFO - Sync 1 DAGs
[2026-02-13T22:26:04.579+0000] {logging_mixin.py:137} INFO - [2026-02-13T22:26:04.579+0000] {dag.py:3441} INFO - Setting next_dagrun for example_branch_operator to 2026-02-12T00:00:00+00:00, run_after=2026-02-13T00:00:00+00:00
[2026-02-13T22:26:04.586+0000] {processor.py:175} INFO - Processing /home/airflow/.local/lib/python3.7/site-packages/airflow/example_dags/example_branch_operator.py took 0.042 seconds
[2026-02-13T22:26:35.116+0000] {processor.py:153} INFO - Started process (PID=1031) to work on /home/airflow/.local/lib/python3.7/site-packages/airflow/example_dags/example_branch_operator.py
[2026-02-13T22:26:35.117+0000] {processor.py:743} INFO - Processing file /home/airflow/.local/lib/python3.7/site-packages/airflow/example_dags/example_branch_operator.py for tasks to queue
[2026-02-13T22:26:35.120+0000] {logging_mixin.py:137} INFO - [2026-02-13T22:26:35.120+0000] {dagbag.py:538} INFO - Filling up the DagBag from /home/airflow/.local/lib/python3.7/site-packages/airflow/example_dags/example_branch_operator.py
[2026-02-13T22:26:35.127+0000] {processor.py:753} INFO - DAG(s) dict_keys(['example_branch_operator']) retrieved from /home/airflow/.local/lib/python3.7/site-packages/airflow/example_dags/example_branch_operator.py
[2026-02-13T22:26:35.139+0000] {logging_mixin.py:137} INFO - [2026-02-13T22:26:35.139+0000] {dag.py:2690} INFO - Sync 1 DAGs
[2026-02-13T22:26:35.151+0000] {logging_mixin.py:137} INFO - [2026-02-13T22:26:35.151+0000] {dag.py:3441} INFO - Setting next_dagrun for example_branch_operator to 2026-02-12T00:00:00+00:00, run_after=2026-02-13T00:00:00+00:00
[2026-02-13T22:26:35.165+0000] {processor.py:175} INFO - Processing /home/airflow/.local/lib/python3.7/site-packages/airflow/example_dags/example_branch_operator.py took 0.051 seconds
[2026-02-13T22:27:05.893+0000] {processor.py:153} INFO - Started process (PID=1120) to work on /home/airflow/.local/lib/python3.7/site-packages/airflow/example_dags/example_branch_operator.py
[2026-02-13T22:27:05.894+0000] {processor.py:743} INFO - Processing file /home/airflow/.local/lib/python3.7/site-packages/airflow/example_dags/example_branch_operator.py for tasks to queue
[2026-02-13T22:27:05.895+0000] {logging_mixin.py:137} INFO - [2026-02-13T22:27:05.895+0000] {dagbag.py:538} INFO - Filling up the DagBag from /home/airflow/.local/lib/python3.7/site-packages/airflow/example_dags/example_branch_operator.py
[2026-02-13T22:27:05.905+0000] {processor.py:753} INFO - DAG(s) dict_keys(['example_branch_operator']) retrieved from /home/airflow/.local/lib/python3.7/site-packages/airflow/example_dags/example_branch_operator.py
[2026-02-13T22:27:05.923+0000] {logging_mixin.py:137} INFO - [2026-02-13T22:27:05.923+0000] {dag.py:2690} INFO - Sync 1 DAGs
[2026-02-13T22:27:05.935+0000] {logging_mixin.py:137} INFO - [2026-02-13T22:27:05.935+0000] {dag.py:3441} INFO - Setting next_dagrun for example_branch_operator to 2026-02-12T00:00:00+00:00, run_after=2026-02-13T00:00:00+00:00
[2026-02-13T22:27:05.943+0000] {processor.py:175} INFO - Processing /home/airflow/.local/lib/python3.7/site-packages/airflow/example_dags/example_branch_operator.py took 0.052 seconds
[2026-02-13T22:27:36.525+0000] {processor.py:153} INFO - Started process (PID=1209) to work on /home/airflow/.local/lib/python3.7/site-packages/airflow/example_dags/example_branch_operator.py
[2026-02-13T22:27:36.526+0000] {processor.py:743} INFO - Processing file /home/airflow/.local/lib/python3.7/site-packages/airflow/example_dags/example_branch_operator.py for tasks to queue
[2026-02-13T22:27:36.528+0000] {logging_mixin.py:137} INFO - [2026-02-13T22:27:36.528+0000] {dagbag.py:538} INFO - Filling up the DagBag from /home/airflow/.local/lib/python3.7/site-packages/airflow/example_dags/example_branch_operator.py
[2026-02-13T22:27:36.536+0000] {processor.py:753} INFO - DAG(s) dict_keys(['example_branch_operator']) retrieved from /home/airflow/.local/lib/python3.7/site-packages/airflow/example_dags/example_branch_operator.py
[2026-02-13T22:27:36.554+0000] {logging_mixin.py:137} INFO - [2026-02-13T22:27:36.554+0000] {dag.py:2690} INFO - Sync 1 DAGs
[2026-02-13T22:27:36.567+0000] {logging_mixin.py:137} INFO - [2026-02-13T22:27:36.567+0000] {dag.py:3441} INFO - Setting next_dagrun for example_branch_operator to 2026-02-12T00:00:00+00:00, run_after=2026-02-13T00:00:00+00:00
[2026-02-13T22:27:36.576+0000] {processor.py:175} INFO - Processing /home/airflow/.local/lib/python3.7/site-packages/airflow/example_dags/example_branch_operator.py took 0.053 seconds
[2026-02-13T22:28:07.292+0000] {processor.py:153} INFO - Started process (PID=1282) to work on /home/airflow/.local/lib/python3.7/site-packages/airflow/example_dags/example_branch_operator.py
[2026-02-13T22:28:07.293+0000] {processor.py:743} INFO - Processing file /home/airflow/.local/lib/python3.7/site-packages/airflow/example_dags/example_branch_operator.py for tasks to queue
[2026-02-13T22:28:07.293+0000] {logging_mixin.py:137} INFO - [2026-02-13T22:28:07.293+0000] {dagbag.py:538} INFO - Filling up the DagBag from /home/airflow/.local/lib/python3.7/site-packages/airflow/example_dags/example_branch_operator.py
[2026-02-13T22:28:07.301+0000] {processor.py:753} INFO - DAG(s) dict_keys(['example_branch_operator']) retrieved from /home/airflow/.local/lib/python3.7/site-packages/airflow/example_dags/example_branch_operator.py
[2026-02-13T22:28:07.319+0000] {logging_mixin.py:137} INFO - [2026-02-13T22:28:07.319+0000] {dag.py:2690} INFO - Sync 1 DAGs
[2026-02-13T22:28:07.333+0000] {logging_mixin.py:137} INFO - [2026-02-13T22:28:07.333+0000] {dag.py:3441} INFO - Setting next_dagrun for example_branch_operator to 2026-02-12T00:00:00+00:00, run_after=2026-02-13T00:00:00+00:00
[2026-02-13T22:28:07.345+0000] {processor.py:175} INFO - Processing /home/airflow/.local/lib/python3.7/site-packages/airflow/example_dags/example_branch_operator.py took 0.055 seconds
[2026-02-13T22:28:37.889+0000] {processor.py:153} INFO - Started process (PID=1371) to work on /home/airflow/.local/lib/python3.7/site-packages/airflow/example_dags/example_branch_operator.py
[2026-02-13T22:28:37.890+0000] {processor.py:743} INFO - Processing file /home/airflow/.local/lib/python3.7/site-packages/airflow/example_dags/example_branch_operator.py for tasks to queue
[2026-02-13T22:28:37.891+0000] {logging_mixin.py:137} INFO - [2026-02-13T22:28:37.891+0000] {dagbag.py:538} INFO - Filling up the DagBag from /home/airflow/.local/lib/python3.7/site-packages/airflow/example_dags/example_branch_operator.py
[2026-02-13T22:28:37.898+0000] {processor.py:753} INFO - DAG(s) dict_keys(['example_branch_operator']) retrieved from /home/airflow/.local/lib/python3.7/site-packages/airflow/example_dags/example_branch_operator.py
[2026-02-13T22:28:37.912+0000] {logging_mixin.py:137} INFO - [2026-02-13T22:28:37.912+0000] {dag.py:2690} INFO - Sync 1 DAGs
[2026-02-13T22:28:37.924+0000] {logging_mixin.py:137} INFO - [2026-02-13T22:28:37.924+0000] {dag.py:3441} INFO - Setting next_dagrun for example_branch_operator to 2026-02-12T00:00:00+00:00, run_after=2026-02-13T00:00:00+00:00
[2026-02-13T22:28:37.934+0000] {processor.py:175} INFO - Processing /home/airflow/.local/lib/python3.7/site-packages/airflow/example_dags/example_branch_operator.py took 0.047 seconds
[2026-02-13T22:29:08.520+0000] {processor.py:153} INFO - Started process (PID=1460) to work on /home/airflow/.local/lib/python3.7/site-packages/airflow/example_dags/example_branch_operator.py
[2026-02-13T22:29:08.523+0000] {processor.py:743} INFO - Processing file /home/airflow/.local/lib/python3.7/site-packages/airflow/example_dags/example_branch_operator.py for tasks to queue
[2026-02-13T22:29:08.524+0000] {logging_mixin.py:137} INFO - [2026-02-13T22:29:08.524+0000] {dagbag.py:538} INFO - Filling up the DagBag from /home/airflow/.local/lib/python3.7/site-packages/airflow/example_dags/example_branch_operator.py
[2026-02-13T22:29:08.534+0000] {processor.py:753} INFO - DAG(s) dict_keys(['example_branch_operator']) retrieved from /home/airflow/.local/lib/python3.7/site-packages/airflow/example_dags/example_branch_operator.py
[2026-02-13T22:29:08.553+0000] {logging_mixin.py:137} INFO - [2026-02-13T22:29:08.553+0000] {dag.py:2690} INFO - Sync 1 DAGs
[2026-02-13T22:29:08.567+0000] {logging_mixin.py:137} INFO - [2026-02-13T22:29:08.567+0000] {dag.py:3441} INFO - Setting next_dagrun for example_branch_operator to 2026-02-12T00:00:00+00:00, run_after=2026-02-13T00:00:00+00:00
[2026-02-13T22:29:08.578+0000] {processor.py:175} INFO - Processing /home/airflow/.local/lib/python3.7/site-packages/airflow/example_dags/example_branch_operator.py took 0.060 seconds
[2026-02-13T22:29:39.137+0000] {processor.py:153} INFO - Started process (PID=1549) to work on /home/airflow/.local/lib/python3.7/site-packages/airflow/example_dags/example_branch_operator.py
[2026-02-13T22:29:39.138+0000] {processor.py:743} INFO - Processing file /home/airflow/.local/lib/python3.7/site-packages/airflow/example_dags/example_branch_operator.py for tasks to queue
[2026-02-13T22:29:39.138+0000] {logging_mixin.py:137} INFO - [2026-02-13T22:29:39.138+0000] {dagbag.py:538} INFO - Filling up the DagBag from /home/airflow/.local/lib/python3.7/site-packages/airflow/example_dags/example_branch_operator.py
[2026-02-13T22:29:39.146+0000] {processor.py:753} INFO - DAG(s) dict_keys(['example_branch_operator']) retrieved from /home/airflow/.local/lib/python3.7/site-packages/airflow/example_dags/example_branch_operator.py
[2026-02-13T22:29:39.160+0000] {logging_mixin.py:137} INFO - [2026-02-13T22:29:39.160+0000] {dag.py:2690} INFO - Sync 1 DAGs
[2026-02-13T22:29:39.173+0000] {logging_mixin.py:137} INFO - [2026-02-13T22:29:39.173+0000] {dag.py:3441} INFO - Setting next_dagrun for example_branch_operator to 2026-02-12T00:00:00+00:00, run_after=2026-02-13T00:00:00+00:00
[2026-02-13T22:29:39.183+0000] {processor.py:175} INFO - Processing /home/airflow/.local/lib/python3.7/site-packages/airflow/example_dags/example_branch_operator.py took 0.048 seconds
[2026-02-13T22:30:09.821+0000] {processor.py:153} INFO - Started process (PID=1629) to work on /home/airflow/.local/lib/python3.7/site-packages/airflow/example_dags/example_branch_operator.py
[2026-02-13T22:30:09.822+0000] {processor.py:743} INFO - Processing file /home/airflow/.local/lib/python3.7/site-packages/airflow/example_dags/example_branch_operator.py for tasks to queue
[2026-02-13T22:30:09.822+0000] {logging_mixin.py:137} INFO - [2026-02-13T22:30:09.822+0000] {dagbag.py:538} INFO - Filling up the DagBag from /home/airflow/.local/lib/python3.7/site-packages/airflow/example_dags/example_branch_operator.py
[2026-02-13T22:30:09.829+0000] {processor.py:753} INFO - DAG(s) dict_keys(['example_branch_operator']) retrieved from /home/airflow/.local/lib/python3.7/site-packages/airflow/example_dags/example_branch_operator.py
[2026-02-13T22:30:09.841+0000] {logging_mixin.py:137} INFO - [2026-02-13T22:30:09.841+0000] {dag.py:2690} INFO - Sync 1 DAGs
[2026-02-13T22:30:09.852+0000] {logging_mixin.py:137} INFO - [2026-02-13T22:30:09.851+0000] {dag.py:3441} INFO - Setting next_dagrun for example_branch_operator to 2026-02-12T00:00:00+00:00, run_after=2026-02-13T00:00:00+00:00
[2026-02-13T22:30:09.858+0000] {processor.py:175} INFO - Processing /home/airflow/.local/lib/python3.7/site-packages/airflow/example_dags/example_branch_operator.py took 0.039 seconds
[2026-02-13T22:30:40.601+0000] {processor.py:153} INFO - Started process (PID=1711) to work on /home/airflow/.local/lib/python3.7/site-packages/airflow/example_dags/example_branch_operator.py
[2026-02-13T22:30:40.602+0000] {processor.py:743} INFO - Processing file /home/airflow/.local/lib/python3.7/site-packages/airflow/example_dags/example_branch_operator.py for tasks to queue
[2026-02-13T22:30:40.602+0000] {logging_mixin.py:137} INFO - [2026-02-13T22:30:40.602+0000] {dagbag.py:538} INFO - Filling up the DagBag from /home/airflow/.local/lib/python3.7/site-packages/airflow/example_dags/example_branch_operator.py
[2026-02-13T22:30:40.613+0000] {processor.py:753} INFO - DAG(s) dict_keys(['example_branch_operator']) retrieved from /home/airflow/.local/lib/python3.7/site-packages/airflow/example_dags/example_branch_operator.py
[2026-02-13T22:30:40.627+0000] {logging_mixin.py:137} INFO - [2026-02-13T22:30:40.627+0000] {dag.py:2690} INFO - Sync 1 DAGs
[2026-02-13T22:30:40.642+0000] {logging_mixin.py:137} INFO - [2026-02-13T22:30:40.642+0000] {dag.py:3441} INFO - Setting next_dagrun for example_branch_operator to 2026-02-12T00:00:00+00:00, run_after=2026-02-13T00:00:00+00:00
[2026-02-13T22:30:40.655+0000] {processor.py:175} INFO - Processing /home/airflow/.local/lib/python3.7/site-packages/airflow/example_dags/example_branch_operator.py took 0.055 seconds
[2026-02-13T22:31:11.171+0000] {processor.py:153} INFO - Started process (PID=1800) to work on /home/airflow/.local/lib/python3.7/site-packages/airflow/example_dags/example_branch_operator.py
[2026-02-13T22:31:11.171+0000] {processor.py:743} INFO - Processing file /home/airflow/.local/lib/python3.7/site-packages/airflow/example_dags/example_branch_operator.py for tasks to queue
[2026-02-13T22:31:11.171+0000] {logging_mixin.py:137} INFO - [2026-02-13T22:31:11.171+0000] {dagbag.py:538} INFO - Filling up the DagBag from /home/airflow/.local/lib/python3.7/site-packages/airflow/example_dags/example_branch_operator.py
[2026-02-13T22:31:11.178+0000] {processor.py:753} INFO - DAG(s) dict_keys(['example_branch_operator']) retrieved from /home/airflow/.local/lib/python3.7/site-packages/airflow/example_dags/example_branch_operator.py
[2026-02-13T22:31:11.193+0000] {logging_mixin.py:137} INFO - [2026-02-13T22:31:11.193+0000] {dag.py:2690} INFO - Sync 1 DAGs
[2026-02-13T22:31:11.205+0000] {logging_mixin.py:137} INFO - [2026-02-13T22:31:11.205+0000] {dag.py:3441} INFO - Setting next_dagrun for example_branch_operator to 2026-02-12T00:00:00+00:00, run_after=2026-02-13T00:00:00+00:00
[2026-02-13T22:31:11.212+0000] {processor.py:175} INFO - Processing /home/airflow/.local/lib/python3.7/site-packages/airflow/example_dags/example_branch_operator.py took 0.043 seconds
[2026-02-13T22:31:41.909+0000] {processor.py:153} INFO - Started process (PID=1889) to work on /home/airflow/.local/lib/python3.7/site-packages/airflow/example_dags/example_branch_operator.py
[2026-02-13T22:31:41.910+0000] {processor.py:743} INFO - Processing file /home/airflow/.local/lib/python3.7/site-packages/airflow/example_dags/example_branch_operator.py for tasks to queue
[2026-02-13T22:31:41.910+0000] {logging_mixin.py:137} INFO - [2026-02-13T22:31:41.910+0000] {dagbag.py:538} INFO - Filling up the DagBag from /home/airflow/.local/lib/python3.7/site-packages/airflow/example_dags/example_branch_operator.py
[2026-02-13T22:31:41.918+0000] {processor.py:753} INFO - DAG(s) dict_keys(['example_branch_operator']) retrieved from /home/airflow/.local/lib/python3.7/site-packages/airflow/example_dags/example_branch_operator.py
[2026-02-13T22:31:41.933+0000] {logging_mixin.py:137} INFO - [2026-02-13T22:31:41.933+0000] {dag.py:2690} INFO - Sync 1 DAGs
[2026-02-13T22:31:41.944+0000] {logging_mixin.py:137} INFO - [2026-02-13T22:31:41.944+0000] {dag.py:3441} INFO - Setting next_dagrun for example_branch_operator to 2026-02-12T00:00:00+00:00, run_after=2026-02-13T00:00:00+00:00
[2026-02-13T22:31:41.957+0000] {processor.py:175} INFO - Processing /home/airflow/.local/lib/python3.7/site-packages/airflow/example_dags/example_branch_operator.py took 0.050 seconds
[2026-02-13T22:32:12.894+0000] {processor.py:153} INFO - Started process (PID=1977) to work on /home/airflow/.local/lib/python3.7/site-packages/airflow/example_dags/example_branch_operator.py
[2026-02-13T22:32:12.895+0000] {processor.py:743} INFO - Processing file /home/airflow/.local/lib/python3.7/site-packages/airflow/example_dags/example_branch_operator.py for tasks to queue
[2026-02-13T22:32:12.895+0000] {logging_mixin.py:137} INFO - [2026-02-13T22:32:12.895+0000] {dagbag.py:538} INFO - Filling up the DagBag from /home/airflow/.local/lib/python3.7/site-packages/airflow/example_dags/example_branch_operator.py
[2026-02-13T22:32:12.911+0000] {processor.py:753} INFO - DAG(s) dict_keys(['example_branch_operator']) retrieved from /home/airflow/.local/lib/python3.7/site-packages/airflow/example_dags/example_branch_operator.py
[2026-02-13T22:32:12.930+0000] {logging_mixin.py:137} INFO - [2026-02-13T22:32:12.930+0000] {dag.py:2690} INFO - Sync 1 DAGs
[2026-02-13T22:32:12.947+0000] {logging_mixin.py:137} INFO - [2026-02-13T22:32:12.947+0000] {dag.py:3441} INFO - Setting next_dagrun for example_branch_operator to 2026-02-12T00:00:00+00:00, run_after=2026-02-13T00:00:00+00:00
[2026-02-13T22:32:12.971+0000] {processor.py:175} INFO - Processing /home/airflow/.local/lib/python3.7/site-packages/airflow/example_dags/example_branch_operator.py took 0.080 seconds
[2026-02-13T22:32:43.110+0000] {processor.py:153} INFO - Started process (PID=2050) to work on /home/airflow/.local/lib/python3.7/site-packages/airflow/example_dags/example_branch_operator.py
[2026-02-13T22:32:43.112+0000] {processor.py:743} INFO - Processing file /home/airflow/.local/lib/python3.7/site-packages/airflow/example_dags/example_branch_operator.py for tasks to queue
[2026-02-13T22:32:43.113+0000] {logging_mixin.py:137} INFO - [2026-02-13T22:32:43.113+0000] {dagbag.py:538} INFO - Filling up the DagBag from /home/airflow/.local/lib/python3.7/site-packages/airflow/example_dags/example_branch_operator.py
[2026-02-13T22:32:43.126+0000] {processor.py:753} INFO - DAG(s) dict_keys(['example_branch_operator']) retrieved from /home/airflow/.local/lib/python3.7/site-packages/airflow/example_dags/example_branch_operator.py
[2026-02-13T22:32:43.143+0000] {logging_mixin.py:137} INFO - [2026-02-13T22:32:43.143+0000] {dag.py:2690} INFO - Sync 1 DAGs
[2026-02-13T22:32:43.158+0000] {logging_mixin.py:137} INFO - [2026-02-13T22:32:43.158+0000] {dag.py:3441} INFO - Setting next_dagrun for example_branch_operator to 2026-02-12T00:00:00+00:00, run_after=2026-02-13T00:00:00+00:00
[2026-02-13T22:32:43.169+0000] {processor.py:175} INFO - Processing /home/airflow/.local/lib/python3.7/site-packages/airflow/example_dags/example_branch_operator.py took 0.060 seconds
[2026-02-13T22:34:04.575+0000] {processor.py:153} INFO - Started process (PID=101) to work on /home/airflow/.local/lib/python3.7/site-packages/airflow/example_dags/example_branch_operator.py
[2026-02-13T22:34:04.577+0000] {processor.py:743} INFO - Processing file /home/airflow/.local/lib/python3.7/site-packages/airflow/example_dags/example_branch_operator.py for tasks to queue
[2026-02-13T22:34:04.577+0000] {logging_mixin.py:137} INFO - [2026-02-13T22:34:04.577+0000] {dagbag.py:538} INFO - Filling up the DagBag from /home/airflow/.local/lib/python3.7/site-packages/airflow/example_dags/example_branch_operator.py
[2026-02-13T22:34:04.597+0000] {processor.py:753} INFO - DAG(s) dict_keys(['example_branch_operator']) retrieved from /home/airflow/.local/lib/python3.7/site-packages/airflow/example_dags/example_branch_operator.py
[2026-02-13T22:34:04.629+0000] {logging_mixin.py:137} INFO - [2026-02-13T22:34:04.629+0000] {dag.py:2690} INFO - Sync 1 DAGs
[2026-02-13T22:34:04.652+0000] {logging_mixin.py:137} INFO - [2026-02-13T22:34:04.652+0000] {dag.py:3441} INFO - Setting next_dagrun for example_branch_operator to 2026-02-12T00:00:00+00:00, run_after=2026-02-13T00:00:00+00:00
[2026-02-13T22:34:04.666+0000] {processor.py:175} INFO - Processing /home/airflow/.local/lib/python3.7/site-packages/airflow/example_dags/example_branch_operator.py took 0.094 seconds
[2026-02-13T22:34:35.528+0000] {processor.py:153} INFO - Started process (PID=192) to work on /home/airflow/.local/lib/python3.7/site-packages/airflow/example_dags/example_branch_operator.py
[2026-02-13T22:34:35.532+0000] {processor.py:743} INFO - Processing file /home/airflow/.local/lib/python3.7/site-packages/airflow/example_dags/example_branch_operator.py for tasks to queue
[2026-02-13T22:34:35.532+0000] {logging_mixin.py:137} INFO - [2026-02-13T22:34:35.532+0000] {dagbag.py:538} INFO - Filling up the DagBag from /home/airflow/.local/lib/python3.7/site-packages/airflow/example_dags/example_branch_operator.py
[2026-02-13T22:34:35.540+0000] {processor.py:753} INFO - DAG(s) dict_keys(['example_branch_operator']) retrieved from /home/airflow/.local/lib/python3.7/site-packages/airflow/example_dags/example_branch_operator.py
[2026-02-13T22:34:35.560+0000] {logging_mixin.py:137} INFO - [2026-02-13T22:34:35.559+0000] {dag.py:2690} INFO - Sync 1 DAGs
[2026-02-13T22:34:35.573+0000] {logging_mixin.py:137} INFO - [2026-02-13T22:34:35.572+0000] {dag.py:3441} INFO - Setting next_dagrun for example_branch_operator to 2026-02-12T00:00:00+00:00, run_after=2026-02-13T00:00:00+00:00
[2026-02-13T22:34:35.594+0000] {processor.py:175} INFO - Processing /home/airflow/.local/lib/python3.7/site-packages/airflow/example_dags/example_branch_operator.py took 0.068 seconds
[2026-02-13T22:35:06.518+0000] {processor.py:153} INFO - Started process (PID=267) to work on /home/airflow/.local/lib/python3.7/site-packages/airflow/example_dags/example_branch_operator.py
[2026-02-13T22:35:06.519+0000] {processor.py:743} INFO - Processing file /home/airflow/.local/lib/python3.7/site-packages/airflow/example_dags/example_branch_operator.py for tasks to queue
[2026-02-13T22:35:06.519+0000] {logging_mixin.py:137} INFO - [2026-02-13T22:35:06.519+0000] {dagbag.py:538} INFO - Filling up the DagBag from /home/airflow/.local/lib/python3.7/site-packages/airflow/example_dags/example_branch_operator.py
[2026-02-13T22:35:06.527+0000] {processor.py:753} INFO - DAG(s) dict_keys(['example_branch_operator']) retrieved from /home/airflow/.local/lib/python3.7/site-packages/airflow/example_dags/example_branch_operator.py
[2026-02-13T22:35:06.540+0000] {logging_mixin.py:137} INFO - [2026-02-13T22:35:06.540+0000] {dag.py:2690} INFO - Sync 1 DAGs
[2026-02-13T22:35:06.556+0000] {logging_mixin.py:137} INFO - [2026-02-13T22:35:06.556+0000] {dag.py:3441} INFO - Setting next_dagrun for example_branch_operator to 2026-02-12T00:00:00+00:00, run_after=2026-02-13T00:00:00+00:00
[2026-02-13T22:35:06.566+0000] {processor.py:175} INFO - Processing /home/airflow/.local/lib/python3.7/site-packages/airflow/example_dags/example_branch_operator.py took 0.050 seconds
[2026-02-13T22:35:37.316+0000] {processor.py:153} INFO - Started process (PID=359) to work on /home/airflow/.local/lib/python3.7/site-packages/airflow/example_dags/example_branch_operator.py
[2026-02-13T22:35:37.317+0000] {processor.py:743} INFO - Processing file /home/airflow/.local/lib/python3.7/site-packages/airflow/example_dags/example_branch_operator.py for tasks to queue
[2026-02-13T22:35:37.317+0000] {logging_mixin.py:137} INFO - [2026-02-13T22:35:37.317+0000] {dagbag.py:538} INFO - Filling up the DagBag from /home/airflow/.local/lib/python3.7/site-packages/airflow/example_dags/example_branch_operator.py
[2026-02-13T22:35:37.325+0000] {processor.py:753} INFO - DAG(s) dict_keys(['example_branch_operator']) retrieved from /home/airflow/.local/lib/python3.7/site-packages/airflow/example_dags/example_branch_operator.py
[2026-02-13T22:35:37.338+0000] {logging_mixin.py:137} INFO - [2026-02-13T22:35:37.338+0000] {dag.py:2690} INFO - Sync 1 DAGs
[2026-02-13T22:35:37.353+0000] {logging_mixin.py:137} INFO - [2026-02-13T22:35:37.353+0000] {dag.py:3441} INFO - Setting next_dagrun for example_branch_operator to 2026-02-12T00:00:00+00:00, run_after=2026-02-13T00:00:00+00:00
[2026-02-13T22:35:37.364+0000] {processor.py:175} INFO - Processing /home/airflow/.local/lib/python3.7/site-packages/airflow/example_dags/example_branch_operator.py took 0.049 seconds
[2026-02-13T22:36:08.277+0000] {processor.py:153} INFO - Started process (PID=450) to work on /home/airflow/.local/lib/python3.7/site-packages/airflow/example_dags/example_branch_operator.py
[2026-02-13T22:36:08.278+0000] {processor.py:743} INFO - Processing file /home/airflow/.local/lib/python3.7/site-packages/airflow/example_dags/example_branch_operator.py for tasks to queue
[2026-02-13T22:36:08.279+0000] {logging_mixin.py:137} INFO - [2026-02-13T22:36:08.279+0000] {dagbag.py:538} INFO - Filling up the DagBag from /home/airflow/.local/lib/python3.7/site-packages/airflow/example_dags/example_branch_operator.py
[2026-02-13T22:36:08.288+0000] {processor.py:753} INFO - DAG(s) dict_keys(['example_branch_operator']) retrieved from /home/airflow/.local/lib/python3.7/site-packages/airflow/example_dags/example_branch_operator.py
[2026-02-13T22:36:08.303+0000] {logging_mixin.py:137} INFO - [2026-02-13T22:36:08.303+0000] {dag.py:2690} INFO - Sync 1 DAGs
[2026-02-13T22:36:08.315+0000] {logging_mixin.py:137} INFO - [2026-02-13T22:36:08.315+0000] {dag.py:3441} INFO - Setting next_dagrun for example_branch_operator to 2026-02-12T00:00:00+00:00, run_after=2026-02-13T00:00:00+00:00
[2026-02-13T22:36:08.329+0000] {processor.py:175} INFO - Processing /home/airflow/.local/lib/python3.7/site-packages/airflow/example_dags/example_branch_operator.py took 0.053 seconds
[2026-02-13T22:36:39.054+0000] {processor.py:153} INFO - Started process (PID=542) to work on /home/airflow/.local/lib/python3.7/site-packages/airflow/example_dags/example_branch_operator.py
[2026-02-13T22:36:39.055+0000] {processor.py:743} INFO - Processing file /home/airflow/.local/lib/python3.7/site-packages/airflow/example_dags/example_branch_operator.py for tasks to queue
[2026-02-13T22:36:39.055+0000] {logging_mixin.py:137} INFO - [2026-02-13T22:36:39.055+0000] {dagbag.py:538} INFO - Filling up the DagBag from /home/airflow/.local/lib/python3.7/site-packages/airflow/example_dags/example_branch_operator.py
[2026-02-13T22:36:39.064+0000] {processor.py:753} INFO - DAG(s) dict_keys(['example_branch_operator']) retrieved from /home/airflow/.local/lib/python3.7/site-packages/airflow/example_dags/example_branch_operator.py
[2026-02-13T22:36:39.077+0000] {logging_mixin.py:137} INFO - [2026-02-13T22:36:39.077+0000] {dag.py:2690} INFO - Sync 1 DAGs
[2026-02-13T22:36:39.093+0000] {logging_mixin.py:137} INFO - [2026-02-13T22:36:39.093+0000] {dag.py:3441} INFO - Setting next_dagrun for example_branch_operator to 2026-02-12T00:00:00+00:00, run_after=2026-02-13T00:00:00+00:00
[2026-02-13T22:36:39.105+0000] {processor.py:175} INFO - Processing /home/airflow/.local/lib/python3.7/site-packages/airflow/example_dags/example_branch_operator.py took 0.052 seconds
