[2026-02-13T21:49:31.240+0000] {processor.py:153} INFO - Started process (PID=42) to work on /home/airflow/.local/lib/python3.7/site-packages/airflow/example_dags/example_latest_only_with_trigger.py
[2026-02-13T21:49:31.240+0000] {processor.py:743} INFO - Processing file /home/airflow/.local/lib/python3.7/site-packages/airflow/example_dags/example_latest_only_with_trigger.py for tasks to queue
[2026-02-13T21:49:31.241+0000] {logging_mixin.py:137} INFO - [2026-02-13T21:49:31.241+0000] {dagbag.py:538} INFO - Filling up the DagBag from /home/airflow/.local/lib/python3.7/site-packages/airflow/example_dags/example_latest_only_with_trigger.py
[2026-02-13T21:49:31.254+0000] {processor.py:753} INFO - DAG(s) dict_keys(['latest_only_with_trigger']) retrieved from /home/airflow/.local/lib/python3.7/site-packages/airflow/example_dags/example_latest_only_with_trigger.py
[2026-02-13T21:49:31.261+0000] {logging_mixin.py:137} INFO - [2026-02-13T21:49:31.261+0000] {dag.py:2690} INFO - Sync 1 DAGs
[2026-02-13T21:49:31.281+0000] {logging_mixin.py:137} INFO - [2026-02-13T21:49:31.281+0000] {dag.py:3441} INFO - Setting next_dagrun for latest_only_with_trigger to 2026-02-13T17:49:31.280922+00:00, run_after=2026-02-13T21:49:31.280922+00:00
[2026-02-13T21:49:31.289+0000] {processor.py:175} INFO - Processing /home/airflow/.local/lib/python3.7/site-packages/airflow/example_dags/example_latest_only_with_trigger.py took 0.051 seconds
[2026-02-13T21:50:02.039+0000] {processor.py:153} INFO - Started process (PID=130) to work on /home/airflow/.local/lib/python3.7/site-packages/airflow/example_dags/example_latest_only_with_trigger.py
[2026-02-13T21:50:02.040+0000] {processor.py:743} INFO - Processing file /home/airflow/.local/lib/python3.7/site-packages/airflow/example_dags/example_latest_only_with_trigger.py for tasks to queue
[2026-02-13T21:50:02.042+0000] {logging_mixin.py:137} INFO - [2026-02-13T21:50:02.042+0000] {dagbag.py:538} INFO - Filling up the DagBag from /home/airflow/.local/lib/python3.7/site-packages/airflow/example_dags/example_latest_only_with_trigger.py
[2026-02-13T21:50:02.049+0000] {processor.py:753} INFO - DAG(s) dict_keys(['latest_only_with_trigger']) retrieved from /home/airflow/.local/lib/python3.7/site-packages/airflow/example_dags/example_latest_only_with_trigger.py
[2026-02-13T21:50:02.062+0000] {logging_mixin.py:137} INFO - [2026-02-13T21:50:02.062+0000] {dag.py:2690} INFO - Sync 1 DAGs
[2026-02-13T21:50:02.074+0000] {logging_mixin.py:137} INFO - [2026-02-13T21:50:02.074+0000] {dag.py:3441} INFO - Setting next_dagrun for latest_only_with_trigger to 2026-02-13T17:50:02.074125+00:00, run_after=2026-02-13T21:50:02.074125+00:00
[2026-02-13T21:50:02.083+0000] {processor.py:175} INFO - Processing /home/airflow/.local/lib/python3.7/site-packages/airflow/example_dags/example_latest_only_with_trigger.py took 0.045 seconds
[2026-02-13T21:50:32.478+0000] {processor.py:153} INFO - Started process (PID=210) to work on /home/airflow/.local/lib/python3.7/site-packages/airflow/example_dags/example_latest_only_with_trigger.py
[2026-02-13T21:50:32.479+0000] {processor.py:743} INFO - Processing file /home/airflow/.local/lib/python3.7/site-packages/airflow/example_dags/example_latest_only_with_trigger.py for tasks to queue
[2026-02-13T21:50:32.480+0000] {logging_mixin.py:137} INFO - [2026-02-13T21:50:32.480+0000] {dagbag.py:538} INFO - Filling up the DagBag from /home/airflow/.local/lib/python3.7/site-packages/airflow/example_dags/example_latest_only_with_trigger.py
[2026-02-13T21:50:32.489+0000] {processor.py:753} INFO - DAG(s) dict_keys(['latest_only_with_trigger']) retrieved from /home/airflow/.local/lib/python3.7/site-packages/airflow/example_dags/example_latest_only_with_trigger.py
[2026-02-13T21:50:32.507+0000] {logging_mixin.py:137} INFO - [2026-02-13T21:50:32.507+0000] {dag.py:2690} INFO - Sync 1 DAGs
[2026-02-13T21:50:32.521+0000] {logging_mixin.py:137} INFO - [2026-02-13T21:50:32.521+0000] {dag.py:3441} INFO - Setting next_dagrun for latest_only_with_trigger to 2026-02-13T17:50:32.520879+00:00, run_after=2026-02-13T21:50:32.520879+00:00
[2026-02-13T21:50:32.541+0000] {processor.py:175} INFO - Processing /home/airflow/.local/lib/python3.7/site-packages/airflow/example_dags/example_latest_only_with_trigger.py took 0.065 seconds
[2026-02-13T21:51:03.184+0000] {processor.py:153} INFO - Started process (PID=291) to work on /home/airflow/.local/lib/python3.7/site-packages/airflow/example_dags/example_latest_only_with_trigger.py
[2026-02-13T21:51:03.185+0000] {processor.py:743} INFO - Processing file /home/airflow/.local/lib/python3.7/site-packages/airflow/example_dags/example_latest_only_with_trigger.py for tasks to queue
[2026-02-13T21:51:03.186+0000] {logging_mixin.py:137} INFO - [2026-02-13T21:51:03.186+0000] {dagbag.py:538} INFO - Filling up the DagBag from /home/airflow/.local/lib/python3.7/site-packages/airflow/example_dags/example_latest_only_with_trigger.py
[2026-02-13T21:51:03.192+0000] {processor.py:753} INFO - DAG(s) dict_keys(['latest_only_with_trigger']) retrieved from /home/airflow/.local/lib/python3.7/site-packages/airflow/example_dags/example_latest_only_with_trigger.py
[2026-02-13T21:51:03.205+0000] {logging_mixin.py:137} INFO - [2026-02-13T21:51:03.205+0000] {dag.py:2690} INFO - Sync 1 DAGs
[2026-02-13T21:51:03.219+0000] {logging_mixin.py:137} INFO - [2026-02-13T21:51:03.219+0000] {dag.py:3441} INFO - Setting next_dagrun for latest_only_with_trigger to 2026-02-13T17:51:03.219764+00:00, run_after=2026-02-13T21:51:03.219764+00:00
[2026-02-13T21:51:03.231+0000] {processor.py:175} INFO - Processing /home/airflow/.local/lib/python3.7/site-packages/airflow/example_dags/example_latest_only_with_trigger.py took 0.049 seconds
[2026-02-13T21:51:33.627+0000] {processor.py:153} INFO - Started process (PID=379) to work on /home/airflow/.local/lib/python3.7/site-packages/airflow/example_dags/example_latest_only_with_trigger.py
[2026-02-13T21:51:33.629+0000] {processor.py:743} INFO - Processing file /home/airflow/.local/lib/python3.7/site-packages/airflow/example_dags/example_latest_only_with_trigger.py for tasks to queue
[2026-02-13T21:51:33.630+0000] {logging_mixin.py:137} INFO - [2026-02-13T21:51:33.630+0000] {dagbag.py:538} INFO - Filling up the DagBag from /home/airflow/.local/lib/python3.7/site-packages/airflow/example_dags/example_latest_only_with_trigger.py
[2026-02-13T21:51:33.637+0000] {processor.py:753} INFO - DAG(s) dict_keys(['latest_only_with_trigger']) retrieved from /home/airflow/.local/lib/python3.7/site-packages/airflow/example_dags/example_latest_only_with_trigger.py
[2026-02-13T21:51:33.651+0000] {logging_mixin.py:137} INFO - [2026-02-13T21:51:33.650+0000] {dag.py:2690} INFO - Sync 1 DAGs
[2026-02-13T21:51:33.661+0000] {logging_mixin.py:137} INFO - [2026-02-13T21:51:33.661+0000] {dag.py:3441} INFO - Setting next_dagrun for latest_only_with_trigger to 2026-02-13T17:51:33.661210+00:00, run_after=2026-02-13T21:51:33.661210+00:00
[2026-02-13T21:51:33.675+0000] {processor.py:175} INFO - Processing /home/airflow/.local/lib/python3.7/site-packages/airflow/example_dags/example_latest_only_with_trigger.py took 0.049 seconds
[2026-02-13T21:52:04.063+0000] {processor.py:153} INFO - Started process (PID=467) to work on /home/airflow/.local/lib/python3.7/site-packages/airflow/example_dags/example_latest_only_with_trigger.py
[2026-02-13T21:52:04.064+0000] {processor.py:743} INFO - Processing file /home/airflow/.local/lib/python3.7/site-packages/airflow/example_dags/example_latest_only_with_trigger.py for tasks to queue
[2026-02-13T21:52:04.065+0000] {logging_mixin.py:137} INFO - [2026-02-13T21:52:04.065+0000] {dagbag.py:538} INFO - Filling up the DagBag from /home/airflow/.local/lib/python3.7/site-packages/airflow/example_dags/example_latest_only_with_trigger.py
[2026-02-13T21:52:04.071+0000] {processor.py:753} INFO - DAG(s) dict_keys(['latest_only_with_trigger']) retrieved from /home/airflow/.local/lib/python3.7/site-packages/airflow/example_dags/example_latest_only_with_trigger.py
[2026-02-13T21:52:04.083+0000] {logging_mixin.py:137} INFO - [2026-02-13T21:52:04.083+0000] {dag.py:2690} INFO - Sync 1 DAGs
[2026-02-13T21:52:04.094+0000] {logging_mixin.py:137} INFO - [2026-02-13T21:52:04.094+0000] {dag.py:3441} INFO - Setting next_dagrun for latest_only_with_trigger to 2026-02-13T17:52:04.094053+00:00, run_after=2026-02-13T21:52:04.094053+00:00
[2026-02-13T21:52:04.104+0000] {processor.py:175} INFO - Processing /home/airflow/.local/lib/python3.7/site-packages/airflow/example_dags/example_latest_only_with_trigger.py took 0.042 seconds
[2026-02-13T21:52:34.450+0000] {processor.py:153} INFO - Started process (PID=548) to work on /home/airflow/.local/lib/python3.7/site-packages/airflow/example_dags/example_latest_only_with_trigger.py
[2026-02-13T21:52:34.450+0000] {processor.py:743} INFO - Processing file /home/airflow/.local/lib/python3.7/site-packages/airflow/example_dags/example_latest_only_with_trigger.py for tasks to queue
[2026-02-13T21:52:34.451+0000] {logging_mixin.py:137} INFO - [2026-02-13T21:52:34.451+0000] {dagbag.py:538} INFO - Filling up the DagBag from /home/airflow/.local/lib/python3.7/site-packages/airflow/example_dags/example_latest_only_with_trigger.py
[2026-02-13T21:52:34.461+0000] {processor.py:753} INFO - DAG(s) dict_keys(['latest_only_with_trigger']) retrieved from /home/airflow/.local/lib/python3.7/site-packages/airflow/example_dags/example_latest_only_with_trigger.py
[2026-02-13T21:52:34.477+0000] {logging_mixin.py:137} INFO - [2026-02-13T21:52:34.477+0000] {dag.py:2690} INFO - Sync 1 DAGs
[2026-02-13T21:52:34.490+0000] {logging_mixin.py:137} INFO - [2026-02-13T21:52:34.490+0000] {dag.py:3441} INFO - Setting next_dagrun for latest_only_with_trigger to 2026-02-13T17:52:34.490364+00:00, run_after=2026-02-13T21:52:34.490364+00:00
[2026-02-13T21:52:34.505+0000] {processor.py:175} INFO - Processing /home/airflow/.local/lib/python3.7/site-packages/airflow/example_dags/example_latest_only_with_trigger.py took 0.056 seconds
[2026-02-13T21:53:05.091+0000] {processor.py:153} INFO - Started process (PID=626) to work on /home/airflow/.local/lib/python3.7/site-packages/airflow/example_dags/example_latest_only_with_trigger.py
[2026-02-13T21:53:05.092+0000] {processor.py:743} INFO - Processing file /home/airflow/.local/lib/python3.7/site-packages/airflow/example_dags/example_latest_only_with_trigger.py for tasks to queue
[2026-02-13T21:53:05.093+0000] {logging_mixin.py:137} INFO - [2026-02-13T21:53:05.093+0000] {dagbag.py:538} INFO - Filling up the DagBag from /home/airflow/.local/lib/python3.7/site-packages/airflow/example_dags/example_latest_only_with_trigger.py
[2026-02-13T21:53:05.099+0000] {processor.py:753} INFO - DAG(s) dict_keys(['latest_only_with_trigger']) retrieved from /home/airflow/.local/lib/python3.7/site-packages/airflow/example_dags/example_latest_only_with_trigger.py
[2026-02-13T21:53:05.109+0000] {logging_mixin.py:137} INFO - [2026-02-13T21:53:05.109+0000] {dag.py:2690} INFO - Sync 1 DAGs
[2026-02-13T21:53:05.119+0000] {logging_mixin.py:137} INFO - [2026-02-13T21:53:05.118+0000] {dag.py:3441} INFO - Setting next_dagrun for latest_only_with_trigger to 2026-02-13T17:53:05.118850+00:00, run_after=2026-02-13T21:53:05.118850+00:00
[2026-02-13T21:53:05.133+0000] {processor.py:175} INFO - Processing /home/airflow/.local/lib/python3.7/site-packages/airflow/example_dags/example_latest_only_with_trigger.py took 0.043 seconds
[2026-02-13T21:53:35.554+0000] {processor.py:153} INFO - Started process (PID=714) to work on /home/airflow/.local/lib/python3.7/site-packages/airflow/example_dags/example_latest_only_with_trigger.py
[2026-02-13T21:53:35.555+0000] {processor.py:743} INFO - Processing file /home/airflow/.local/lib/python3.7/site-packages/airflow/example_dags/example_latest_only_with_trigger.py for tasks to queue
[2026-02-13T21:53:35.556+0000] {logging_mixin.py:137} INFO - [2026-02-13T21:53:35.556+0000] {dagbag.py:538} INFO - Filling up the DagBag from /home/airflow/.local/lib/python3.7/site-packages/airflow/example_dags/example_latest_only_with_trigger.py
[2026-02-13T21:53:35.565+0000] {processor.py:753} INFO - DAG(s) dict_keys(['latest_only_with_trigger']) retrieved from /home/airflow/.local/lib/python3.7/site-packages/airflow/example_dags/example_latest_only_with_trigger.py
[2026-02-13T21:53:35.578+0000] {logging_mixin.py:137} INFO - [2026-02-13T21:53:35.578+0000] {dag.py:2690} INFO - Sync 1 DAGs
[2026-02-13T21:53:35.590+0000] {logging_mixin.py:137} INFO - [2026-02-13T21:53:35.590+0000] {dag.py:3441} INFO - Setting next_dagrun for latest_only_with_trigger to 2026-02-13T17:53:35.590612+00:00, run_after=2026-02-13T21:53:35.590612+00:00
[2026-02-13T21:53:35.603+0000] {processor.py:175} INFO - Processing /home/airflow/.local/lib/python3.7/site-packages/airflow/example_dags/example_latest_only_with_trigger.py took 0.051 seconds
[2026-02-13T21:54:06.018+0000] {processor.py:153} INFO - Started process (PID=802) to work on /home/airflow/.local/lib/python3.7/site-packages/airflow/example_dags/example_latest_only_with_trigger.py
[2026-02-13T21:54:06.018+0000] {processor.py:743} INFO - Processing file /home/airflow/.local/lib/python3.7/site-packages/airflow/example_dags/example_latest_only_with_trigger.py for tasks to queue
[2026-02-13T21:54:06.019+0000] {logging_mixin.py:137} INFO - [2026-02-13T21:54:06.019+0000] {dagbag.py:538} INFO - Filling up the DagBag from /home/airflow/.local/lib/python3.7/site-packages/airflow/example_dags/example_latest_only_with_trigger.py
[2026-02-13T21:54:06.026+0000] {processor.py:753} INFO - DAG(s) dict_keys(['latest_only_with_trigger']) retrieved from /home/airflow/.local/lib/python3.7/site-packages/airflow/example_dags/example_latest_only_with_trigger.py
[2026-02-13T21:54:06.040+0000] {logging_mixin.py:137} INFO - [2026-02-13T21:54:06.040+0000] {dag.py:2690} INFO - Sync 1 DAGs
[2026-02-13T21:54:06.053+0000] {logging_mixin.py:137} INFO - [2026-02-13T21:54:06.053+0000] {dag.py:3441} INFO - Setting next_dagrun for latest_only_with_trigger to 2026-02-13T17:54:06.053525+00:00, run_after=2026-02-13T21:54:06.053525+00:00
[2026-02-13T21:54:06.068+0000] {processor.py:175} INFO - Processing /home/airflow/.local/lib/python3.7/site-packages/airflow/example_dags/example_latest_only_with_trigger.py took 0.052 seconds
[2026-02-13T21:54:36.434+0000] {processor.py:153} INFO - Started process (PID=883) to work on /home/airflow/.local/lib/python3.7/site-packages/airflow/example_dags/example_latest_only_with_trigger.py
[2026-02-13T21:54:36.435+0000] {processor.py:743} INFO - Processing file /home/airflow/.local/lib/python3.7/site-packages/airflow/example_dags/example_latest_only_with_trigger.py for tasks to queue
[2026-02-13T21:54:36.435+0000] {logging_mixin.py:137} INFO - [2026-02-13T21:54:36.435+0000] {dagbag.py:538} INFO - Filling up the DagBag from /home/airflow/.local/lib/python3.7/site-packages/airflow/example_dags/example_latest_only_with_trigger.py
[2026-02-13T21:54:36.445+0000] {processor.py:753} INFO - DAG(s) dict_keys(['latest_only_with_trigger']) retrieved from /home/airflow/.local/lib/python3.7/site-packages/airflow/example_dags/example_latest_only_with_trigger.py
[2026-02-13T21:54:36.458+0000] {logging_mixin.py:137} INFO - [2026-02-13T21:54:36.458+0000] {dag.py:2690} INFO - Sync 1 DAGs
[2026-02-13T21:54:36.470+0000] {logging_mixin.py:137} INFO - [2026-02-13T21:54:36.469+0000] {dag.py:3441} INFO - Setting next_dagrun for latest_only_with_trigger to 2026-02-13T17:54:36.469860+00:00, run_after=2026-02-13T21:54:36.469860+00:00
[2026-02-13T21:54:36.479+0000] {processor.py:175} INFO - Processing /home/airflow/.local/lib/python3.7/site-packages/airflow/example_dags/example_latest_only_with_trigger.py took 0.047 seconds
[2026-02-13T21:55:07.141+0000] {processor.py:153} INFO - Started process (PID=962) to work on /home/airflow/.local/lib/python3.7/site-packages/airflow/example_dags/example_latest_only_with_trigger.py
[2026-02-13T21:55:07.141+0000] {processor.py:743} INFO - Processing file /home/airflow/.local/lib/python3.7/site-packages/airflow/example_dags/example_latest_only_with_trigger.py for tasks to queue
[2026-02-13T21:55:07.142+0000] {logging_mixin.py:137} INFO - [2026-02-13T21:55:07.142+0000] {dagbag.py:538} INFO - Filling up the DagBag from /home/airflow/.local/lib/python3.7/site-packages/airflow/example_dags/example_latest_only_with_trigger.py
[2026-02-13T21:55:07.149+0000] {processor.py:753} INFO - DAG(s) dict_keys(['latest_only_with_trigger']) retrieved from /home/airflow/.local/lib/python3.7/site-packages/airflow/example_dags/example_latest_only_with_trigger.py
[2026-02-13T21:55:07.164+0000] {logging_mixin.py:137} INFO - [2026-02-13T21:55:07.164+0000] {dag.py:2690} INFO - Sync 1 DAGs
[2026-02-13T21:55:07.175+0000] {logging_mixin.py:137} INFO - [2026-02-13T21:55:07.175+0000] {dag.py:3441} INFO - Setting next_dagrun for latest_only_with_trigger to 2026-02-13T17:55:07.175585+00:00, run_after=2026-02-13T21:55:07.175585+00:00
[2026-02-13T21:55:07.190+0000] {processor.py:175} INFO - Processing /home/airflow/.local/lib/python3.7/site-packages/airflow/example_dags/example_latest_only_with_trigger.py took 0.051 seconds
[2026-02-13T21:55:37.662+0000] {processor.py:153} INFO - Started process (PID=1050) to work on /home/airflow/.local/lib/python3.7/site-packages/airflow/example_dags/example_latest_only_with_trigger.py
[2026-02-13T21:55:37.663+0000] {processor.py:743} INFO - Processing file /home/airflow/.local/lib/python3.7/site-packages/airflow/example_dags/example_latest_only_with_trigger.py for tasks to queue
[2026-02-13T21:55:37.663+0000] {logging_mixin.py:137} INFO - [2026-02-13T21:55:37.663+0000] {dagbag.py:538} INFO - Filling up the DagBag from /home/airflow/.local/lib/python3.7/site-packages/airflow/example_dags/example_latest_only_with_trigger.py
[2026-02-13T21:55:37.670+0000] {processor.py:753} INFO - DAG(s) dict_keys(['latest_only_with_trigger']) retrieved from /home/airflow/.local/lib/python3.7/site-packages/airflow/example_dags/example_latest_only_with_trigger.py
[2026-02-13T21:55:37.685+0000] {logging_mixin.py:137} INFO - [2026-02-13T21:55:37.685+0000] {dag.py:2690} INFO - Sync 1 DAGs
[2026-02-13T21:55:37.698+0000] {logging_mixin.py:137} INFO - [2026-02-13T21:55:37.697+0000] {dag.py:3441} INFO - Setting next_dagrun for latest_only_with_trigger to 2026-02-13T17:55:37.697863+00:00, run_after=2026-02-13T21:55:37.697863+00:00
[2026-02-13T21:55:37.710+0000] {processor.py:175} INFO - Processing /home/airflow/.local/lib/python3.7/site-packages/airflow/example_dags/example_latest_only_with_trigger.py took 0.049 seconds
[2026-02-13T21:56:08.153+0000] {processor.py:153} INFO - Started process (PID=1138) to work on /home/airflow/.local/lib/python3.7/site-packages/airflow/example_dags/example_latest_only_with_trigger.py
[2026-02-13T21:56:08.154+0000] {processor.py:743} INFO - Processing file /home/airflow/.local/lib/python3.7/site-packages/airflow/example_dags/example_latest_only_with_trigger.py for tasks to queue
[2026-02-13T21:56:08.155+0000] {logging_mixin.py:137} INFO - [2026-02-13T21:56:08.155+0000] {dagbag.py:538} INFO - Filling up the DagBag from /home/airflow/.local/lib/python3.7/site-packages/airflow/example_dags/example_latest_only_with_trigger.py
[2026-02-13T21:56:08.165+0000] {processor.py:753} INFO - DAG(s) dict_keys(['latest_only_with_trigger']) retrieved from /home/airflow/.local/lib/python3.7/site-packages/airflow/example_dags/example_latest_only_with_trigger.py
[2026-02-13T21:56:08.179+0000] {logging_mixin.py:137} INFO - [2026-02-13T21:56:08.179+0000] {dag.py:2690} INFO - Sync 1 DAGs
[2026-02-13T21:56:08.194+0000] {logging_mixin.py:137} INFO - [2026-02-13T21:56:08.194+0000] {dag.py:3441} INFO - Setting next_dagrun for latest_only_with_trigger to 2026-02-13T17:56:08.194710+00:00, run_after=2026-02-13T21:56:08.194710+00:00
[2026-02-13T21:56:08.214+0000] {processor.py:175} INFO - Processing /home/airflow/.local/lib/python3.7/site-packages/airflow/example_dags/example_latest_only_with_trigger.py took 0.062 seconds
[2026-02-13T21:56:38.731+0000] {processor.py:153} INFO - Started process (PID=1226) to work on /home/airflow/.local/lib/python3.7/site-packages/airflow/example_dags/example_latest_only_with_trigger.py
[2026-02-13T21:56:38.734+0000] {processor.py:743} INFO - Processing file /home/airflow/.local/lib/python3.7/site-packages/airflow/example_dags/example_latest_only_with_trigger.py for tasks to queue
[2026-02-13T21:56:38.736+0000] {logging_mixin.py:137} INFO - [2026-02-13T21:56:38.736+0000] {dagbag.py:538} INFO - Filling up the DagBag from /home/airflow/.local/lib/python3.7/site-packages/airflow/example_dags/example_latest_only_with_trigger.py
[2026-02-13T21:56:38.751+0000] {processor.py:753} INFO - DAG(s) dict_keys(['latest_only_with_trigger']) retrieved from /home/airflow/.local/lib/python3.7/site-packages/airflow/example_dags/example_latest_only_with_trigger.py
[2026-02-13T21:56:38.781+0000] {logging_mixin.py:137} INFO - [2026-02-13T21:56:38.781+0000] {dag.py:2690} INFO - Sync 1 DAGs
[2026-02-13T21:56:38.809+0000] {logging_mixin.py:137} INFO - [2026-02-13T21:56:38.809+0000] {dag.py:3441} INFO - Setting next_dagrun for latest_only_with_trigger to 2026-02-13T17:56:38.809411+00:00, run_after=2026-02-13T21:56:38.809411+00:00
[2026-02-13T21:56:38.836+0000] {processor.py:175} INFO - Processing /home/airflow/.local/lib/python3.7/site-packages/airflow/example_dags/example_latest_only_with_trigger.py took 0.108 seconds
[2026-02-13T22:01:03.347+0000] {processor.py:153} INFO - Started process (PID=40) to work on /home/airflow/.local/lib/python3.7/site-packages/airflow/example_dags/example_latest_only_with_trigger.py
[2026-02-13T22:01:03.348+0000] {processor.py:743} INFO - Processing file /home/airflow/.local/lib/python3.7/site-packages/airflow/example_dags/example_latest_only_with_trigger.py for tasks to queue
[2026-02-13T22:01:03.348+0000] {logging_mixin.py:137} INFO - [2026-02-13T22:01:03.348+0000] {dagbag.py:538} INFO - Filling up the DagBag from /home/airflow/.local/lib/python3.7/site-packages/airflow/example_dags/example_latest_only_with_trigger.py
[2026-02-13T22:01:03.359+0000] {processor.py:753} INFO - DAG(s) dict_keys(['latest_only_with_trigger']) retrieved from /home/airflow/.local/lib/python3.7/site-packages/airflow/example_dags/example_latest_only_with_trigger.py
[2026-02-13T22:01:03.365+0000] {logging_mixin.py:137} INFO - [2026-02-13T22:01:03.365+0000] {dag.py:2690} INFO - Sync 1 DAGs
[2026-02-13T22:01:03.381+0000] {logging_mixin.py:137} INFO - [2026-02-13T22:01:03.380+0000] {dag.py:3441} INFO - Setting next_dagrun for latest_only_with_trigger to 2026-02-13T18:01:03.379785+00:00, run_after=2026-02-13T22:01:03.379785+00:00
[2026-02-13T22:01:03.396+0000] {processor.py:175} INFO - Processing /home/airflow/.local/lib/python3.7/site-packages/airflow/example_dags/example_latest_only_with_trigger.py took 0.051 seconds
[2026-02-13T22:01:34.168+0000] {processor.py:153} INFO - Started process (PID=127) to work on /home/airflow/.local/lib/python3.7/site-packages/airflow/example_dags/example_latest_only_with_trigger.py
[2026-02-13T22:01:34.169+0000] {processor.py:743} INFO - Processing file /home/airflow/.local/lib/python3.7/site-packages/airflow/example_dags/example_latest_only_with_trigger.py for tasks to queue
[2026-02-13T22:01:34.170+0000] {logging_mixin.py:137} INFO - [2026-02-13T22:01:34.170+0000] {dagbag.py:538} INFO - Filling up the DagBag from /home/airflow/.local/lib/python3.7/site-packages/airflow/example_dags/example_latest_only_with_trigger.py
[2026-02-13T22:01:34.180+0000] {processor.py:753} INFO - DAG(s) dict_keys(['latest_only_with_trigger']) retrieved from /home/airflow/.local/lib/python3.7/site-packages/airflow/example_dags/example_latest_only_with_trigger.py
[2026-02-13T22:01:34.192+0000] {logging_mixin.py:137} INFO - [2026-02-13T22:01:34.192+0000] {dag.py:2690} INFO - Sync 1 DAGs
[2026-02-13T22:01:34.209+0000] {logging_mixin.py:137} INFO - [2026-02-13T22:01:34.209+0000] {dag.py:3441} INFO - Setting next_dagrun for latest_only_with_trigger to 2026-02-13T18:01:34.209701+00:00, run_after=2026-02-13T22:01:34.209701+00:00
[2026-02-13T22:01:34.227+0000] {processor.py:175} INFO - Processing /home/airflow/.local/lib/python3.7/site-packages/airflow/example_dags/example_latest_only_with_trigger.py took 0.060 seconds
[2026-02-13T22:02:04.693+0000] {processor.py:153} INFO - Started process (PID=217) to work on /home/airflow/.local/lib/python3.7/site-packages/airflow/example_dags/example_latest_only_with_trigger.py
[2026-02-13T22:02:04.694+0000] {processor.py:743} INFO - Processing file /home/airflow/.local/lib/python3.7/site-packages/airflow/example_dags/example_latest_only_with_trigger.py for tasks to queue
[2026-02-13T22:02:04.695+0000] {logging_mixin.py:137} INFO - [2026-02-13T22:02:04.695+0000] {dagbag.py:538} INFO - Filling up the DagBag from /home/airflow/.local/lib/python3.7/site-packages/airflow/example_dags/example_latest_only_with_trigger.py
[2026-02-13T22:02:04.704+0000] {processor.py:753} INFO - DAG(s) dict_keys(['latest_only_with_trigger']) retrieved from /home/airflow/.local/lib/python3.7/site-packages/airflow/example_dags/example_latest_only_with_trigger.py
[2026-02-13T22:02:04.719+0000] {logging_mixin.py:137} INFO - [2026-02-13T22:02:04.719+0000] {dag.py:2690} INFO - Sync 1 DAGs
[2026-02-13T22:02:04.733+0000] {logging_mixin.py:137} INFO - [2026-02-13T22:02:04.733+0000] {dag.py:3441} INFO - Setting next_dagrun for latest_only_with_trigger to 2026-02-13T18:02:04.733569+00:00, run_after=2026-02-13T22:02:04.733569+00:00
[2026-02-13T22:02:04.749+0000] {processor.py:175} INFO - Processing /home/airflow/.local/lib/python3.7/site-packages/airflow/example_dags/example_latest_only_with_trigger.py took 0.057 seconds
[2026-02-13T22:02:35.245+0000] {processor.py:153} INFO - Started process (PID=289) to work on /home/airflow/.local/lib/python3.7/site-packages/airflow/example_dags/example_latest_only_with_trigger.py
[2026-02-13T22:02:35.245+0000] {processor.py:743} INFO - Processing file /home/airflow/.local/lib/python3.7/site-packages/airflow/example_dags/example_latest_only_with_trigger.py for tasks to queue
[2026-02-13T22:02:35.246+0000] {logging_mixin.py:137} INFO - [2026-02-13T22:02:35.246+0000] {dagbag.py:538} INFO - Filling up the DagBag from /home/airflow/.local/lib/python3.7/site-packages/airflow/example_dags/example_latest_only_with_trigger.py
[2026-02-13T22:02:35.252+0000] {processor.py:753} INFO - DAG(s) dict_keys(['latest_only_with_trigger']) retrieved from /home/airflow/.local/lib/python3.7/site-packages/airflow/example_dags/example_latest_only_with_trigger.py
[2026-02-13T22:02:35.266+0000] {logging_mixin.py:137} INFO - [2026-02-13T22:02:35.265+0000] {dag.py:2690} INFO - Sync 1 DAGs
[2026-02-13T22:02:35.277+0000] {logging_mixin.py:137} INFO - [2026-02-13T22:02:35.277+0000] {dag.py:3441} INFO - Setting next_dagrun for latest_only_with_trigger to 2026-02-13T18:02:35.277778+00:00, run_after=2026-02-13T22:02:35.277778+00:00
[2026-02-13T22:02:35.287+0000] {processor.py:175} INFO - Processing /home/airflow/.local/lib/python3.7/site-packages/airflow/example_dags/example_latest_only_with_trigger.py took 0.044 seconds
[2026-02-13T22:03:29.560+0000] {processor.py:153} INFO - Started process (PID=40) to work on /home/airflow/.local/lib/python3.7/site-packages/airflow/example_dags/example_latest_only_with_trigger.py
[2026-02-13T22:03:29.563+0000] {processor.py:743} INFO - Processing file /home/airflow/.local/lib/python3.7/site-packages/airflow/example_dags/example_latest_only_with_trigger.py for tasks to queue
[2026-02-13T22:03:29.564+0000] {logging_mixin.py:137} INFO - [2026-02-13T22:03:29.564+0000] {dagbag.py:538} INFO - Filling up the DagBag from /home/airflow/.local/lib/python3.7/site-packages/airflow/example_dags/example_latest_only_with_trigger.py
[2026-02-13T22:03:29.574+0000] {processor.py:753} INFO - DAG(s) dict_keys(['latest_only_with_trigger']) retrieved from /home/airflow/.local/lib/python3.7/site-packages/airflow/example_dags/example_latest_only_with_trigger.py
[2026-02-13T22:03:29.584+0000] {logging_mixin.py:137} INFO - [2026-02-13T22:03:29.584+0000] {dag.py:2690} INFO - Sync 1 DAGs
[2026-02-13T22:03:29.602+0000] {logging_mixin.py:137} INFO - [2026-02-13T22:03:29.602+0000] {dag.py:3441} INFO - Setting next_dagrun for latest_only_with_trigger to 2026-02-13T18:03:29.601698+00:00, run_after=2026-02-13T22:03:29.601698+00:00
[2026-02-13T22:03:29.616+0000] {processor.py:175} INFO - Processing /home/airflow/.local/lib/python3.7/site-packages/airflow/example_dags/example_latest_only_with_trigger.py took 0.059 seconds
[2026-02-13T22:04:00.386+0000] {processor.py:153} INFO - Started process (PID=127) to work on /home/airflow/.local/lib/python3.7/site-packages/airflow/example_dags/example_latest_only_with_trigger.py
[2026-02-13T22:04:00.387+0000] {processor.py:743} INFO - Processing file /home/airflow/.local/lib/python3.7/site-packages/airflow/example_dags/example_latest_only_with_trigger.py for tasks to queue
[2026-02-13T22:04:00.388+0000] {logging_mixin.py:137} INFO - [2026-02-13T22:04:00.388+0000] {dagbag.py:538} INFO - Filling up the DagBag from /home/airflow/.local/lib/python3.7/site-packages/airflow/example_dags/example_latest_only_with_trigger.py
[2026-02-13T22:04:00.396+0000] {processor.py:753} INFO - DAG(s) dict_keys(['latest_only_with_trigger']) retrieved from /home/airflow/.local/lib/python3.7/site-packages/airflow/example_dags/example_latest_only_with_trigger.py
[2026-02-13T22:04:00.410+0000] {logging_mixin.py:137} INFO - [2026-02-13T22:04:00.410+0000] {dag.py:2690} INFO - Sync 1 DAGs
[2026-02-13T22:04:00.424+0000] {logging_mixin.py:137} INFO - [2026-02-13T22:04:00.424+0000] {dag.py:3441} INFO - Setting next_dagrun for latest_only_with_trigger to 2026-02-13T18:04:00.424239+00:00, run_after=2026-02-13T22:04:00.424239+00:00
[2026-02-13T22:04:00.437+0000] {processor.py:175} INFO - Processing /home/airflow/.local/lib/python3.7/site-packages/airflow/example_dags/example_latest_only_with_trigger.py took 0.053 seconds
[2026-02-13T22:04:31.318+0000] {processor.py:153} INFO - Started process (PID=199) to work on /home/airflow/.local/lib/python3.7/site-packages/airflow/example_dags/example_latest_only_with_trigger.py
[2026-02-13T22:04:31.319+0000] {processor.py:743} INFO - Processing file /home/airflow/.local/lib/python3.7/site-packages/airflow/example_dags/example_latest_only_with_trigger.py for tasks to queue
[2026-02-13T22:04:31.320+0000] {logging_mixin.py:137} INFO - [2026-02-13T22:04:31.320+0000] {dagbag.py:538} INFO - Filling up the DagBag from /home/airflow/.local/lib/python3.7/site-packages/airflow/example_dags/example_latest_only_with_trigger.py
[2026-02-13T22:04:31.329+0000] {processor.py:753} INFO - DAG(s) dict_keys(['latest_only_with_trigger']) retrieved from /home/airflow/.local/lib/python3.7/site-packages/airflow/example_dags/example_latest_only_with_trigger.py
[2026-02-13T22:04:31.351+0000] {logging_mixin.py:137} INFO - [2026-02-13T22:04:31.351+0000] {dag.py:2690} INFO - Sync 1 DAGs
[2026-02-13T22:04:31.370+0000] {logging_mixin.py:137} INFO - [2026-02-13T22:04:31.370+0000] {dag.py:3441} INFO - Setting next_dagrun for latest_only_with_trigger to 2026-02-13T18:04:31.370369+00:00, run_after=2026-02-13T22:04:31.370369+00:00
[2026-02-13T22:04:31.400+0000] {processor.py:175} INFO - Processing /home/airflow/.local/lib/python3.7/site-packages/airflow/example_dags/example_latest_only_with_trigger.py took 0.085 seconds
[2026-02-13T22:05:02.281+0000] {processor.py:153} INFO - Started process (PID=287) to work on /home/airflow/.local/lib/python3.7/site-packages/airflow/example_dags/example_latest_only_with_trigger.py
[2026-02-13T22:05:02.282+0000] {processor.py:743} INFO - Processing file /home/airflow/.local/lib/python3.7/site-packages/airflow/example_dags/example_latest_only_with_trigger.py for tasks to queue
[2026-02-13T22:05:02.282+0000] {logging_mixin.py:137} INFO - [2026-02-13T22:05:02.282+0000] {dagbag.py:538} INFO - Filling up the DagBag from /home/airflow/.local/lib/python3.7/site-packages/airflow/example_dags/example_latest_only_with_trigger.py
[2026-02-13T22:05:02.291+0000] {processor.py:753} INFO - DAG(s) dict_keys(['latest_only_with_trigger']) retrieved from /home/airflow/.local/lib/python3.7/site-packages/airflow/example_dags/example_latest_only_with_trigger.py
[2026-02-13T22:05:02.306+0000] {logging_mixin.py:137} INFO - [2026-02-13T22:05:02.306+0000] {dag.py:2690} INFO - Sync 1 DAGs
[2026-02-13T22:05:02.320+0000] {logging_mixin.py:137} INFO - [2026-02-13T22:05:02.320+0000] {dag.py:3441} INFO - Setting next_dagrun for latest_only_with_trigger to 2026-02-13T18:05:02.320696+00:00, run_after=2026-02-13T22:05:02.320696+00:00
[2026-02-13T22:05:02.334+0000] {processor.py:175} INFO - Processing /home/airflow/.local/lib/python3.7/site-packages/airflow/example_dags/example_latest_only_with_trigger.py took 0.055 seconds
[2026-02-13T22:05:32.831+0000] {processor.py:153} INFO - Started process (PID=375) to work on /home/airflow/.local/lib/python3.7/site-packages/airflow/example_dags/example_latest_only_with_trigger.py
[2026-02-13T22:05:32.833+0000] {processor.py:743} INFO - Processing file /home/airflow/.local/lib/python3.7/site-packages/airflow/example_dags/example_latest_only_with_trigger.py for tasks to queue
[2026-02-13T22:05:32.833+0000] {logging_mixin.py:137} INFO - [2026-02-13T22:05:32.833+0000] {dagbag.py:538} INFO - Filling up the DagBag from /home/airflow/.local/lib/python3.7/site-packages/airflow/example_dags/example_latest_only_with_trigger.py
[2026-02-13T22:05:32.841+0000] {processor.py:753} INFO - DAG(s) dict_keys(['latest_only_with_trigger']) retrieved from /home/airflow/.local/lib/python3.7/site-packages/airflow/example_dags/example_latest_only_with_trigger.py
[2026-02-13T22:05:32.857+0000] {logging_mixin.py:137} INFO - [2026-02-13T22:05:32.857+0000] {dag.py:2690} INFO - Sync 1 DAGs
[2026-02-13T22:05:32.872+0000] {logging_mixin.py:137} INFO - [2026-02-13T22:05:32.872+0000] {dag.py:3441} INFO - Setting next_dagrun for latest_only_with_trigger to 2026-02-13T18:05:32.872181+00:00, run_after=2026-02-13T22:05:32.872181+00:00
[2026-02-13T22:05:32.886+0000] {processor.py:175} INFO - Processing /home/airflow/.local/lib/python3.7/site-packages/airflow/example_dags/example_latest_only_with_trigger.py took 0.057 seconds
[2026-02-13T22:06:32.504+0000] {processor.py:153} INFO - Started process (PID=42) to work on /home/airflow/.local/lib/python3.7/site-packages/airflow/example_dags/example_latest_only_with_trigger.py
[2026-02-13T22:06:32.505+0000] {processor.py:743} INFO - Processing file /home/airflow/.local/lib/python3.7/site-packages/airflow/example_dags/example_latest_only_with_trigger.py for tasks to queue
[2026-02-13T22:06:32.505+0000] {logging_mixin.py:137} INFO - [2026-02-13T22:06:32.505+0000] {dagbag.py:538} INFO - Filling up the DagBag from /home/airflow/.local/lib/python3.7/site-packages/airflow/example_dags/example_latest_only_with_trigger.py
[2026-02-13T22:06:32.519+0000] {processor.py:753} INFO - DAG(s) dict_keys(['latest_only_with_trigger']) retrieved from /home/airflow/.local/lib/python3.7/site-packages/airflow/example_dags/example_latest_only_with_trigger.py
[2026-02-13T22:06:32.530+0000] {logging_mixin.py:137} INFO - [2026-02-13T22:06:32.529+0000] {dag.py:2690} INFO - Sync 1 DAGs
[2026-02-13T22:06:32.541+0000] {logging_mixin.py:137} INFO - [2026-02-13T22:06:32.541+0000] {dag.py:3441} INFO - Setting next_dagrun for latest_only_with_trigger to 2026-02-13T18:06:32.541523+00:00, run_after=2026-02-13T22:06:32.541523+00:00
[2026-02-13T22:06:32.556+0000] {processor.py:175} INFO - Processing /home/airflow/.local/lib/python3.7/site-packages/airflow/example_dags/example_latest_only_with_trigger.py took 0.054 seconds
[2026-02-13T22:07:02.608+0000] {processor.py:153} INFO - Started process (PID=129) to work on /home/airflow/.local/lib/python3.7/site-packages/airflow/example_dags/example_latest_only_with_trigger.py
[2026-02-13T22:07:02.609+0000] {processor.py:743} INFO - Processing file /home/airflow/.local/lib/python3.7/site-packages/airflow/example_dags/example_latest_only_with_trigger.py for tasks to queue
[2026-02-13T22:07:02.609+0000] {logging_mixin.py:137} INFO - [2026-02-13T22:07:02.609+0000] {dagbag.py:538} INFO - Filling up the DagBag from /home/airflow/.local/lib/python3.7/site-packages/airflow/example_dags/example_latest_only_with_trigger.py
[2026-02-13T22:07:02.619+0000] {processor.py:753} INFO - DAG(s) dict_keys(['latest_only_with_trigger']) retrieved from /home/airflow/.local/lib/python3.7/site-packages/airflow/example_dags/example_latest_only_with_trigger.py
[2026-02-13T22:07:02.632+0000] {logging_mixin.py:137} INFO - [2026-02-13T22:07:02.632+0000] {dag.py:2690} INFO - Sync 1 DAGs
[2026-02-13T22:07:02.644+0000] {logging_mixin.py:137} INFO - [2026-02-13T22:07:02.644+0000] {dag.py:3441} INFO - Setting next_dagrun for latest_only_with_trigger to 2026-02-13T18:07:02.644271+00:00, run_after=2026-02-13T22:07:02.644271+00:00
[2026-02-13T22:07:02.655+0000] {processor.py:175} INFO - Processing /home/airflow/.local/lib/python3.7/site-packages/airflow/example_dags/example_latest_only_with_trigger.py took 0.049 seconds
[2026-02-13T22:07:32.817+0000] {processor.py:153} INFO - Started process (PID=202) to work on /home/airflow/.local/lib/python3.7/site-packages/airflow/example_dags/example_latest_only_with_trigger.py
[2026-02-13T22:07:32.818+0000] {processor.py:743} INFO - Processing file /home/airflow/.local/lib/python3.7/site-packages/airflow/example_dags/example_latest_only_with_trigger.py for tasks to queue
[2026-02-13T22:07:32.818+0000] {logging_mixin.py:137} INFO - [2026-02-13T22:07:32.818+0000] {dagbag.py:538} INFO - Filling up the DagBag from /home/airflow/.local/lib/python3.7/site-packages/airflow/example_dags/example_latest_only_with_trigger.py
[2026-02-13T22:07:32.825+0000] {processor.py:753} INFO - DAG(s) dict_keys(['latest_only_with_trigger']) retrieved from /home/airflow/.local/lib/python3.7/site-packages/airflow/example_dags/example_latest_only_with_trigger.py
[2026-02-13T22:07:32.836+0000] {logging_mixin.py:137} INFO - [2026-02-13T22:07:32.835+0000] {dag.py:2690} INFO - Sync 1 DAGs
[2026-02-13T22:07:32.853+0000] {logging_mixin.py:137} INFO - [2026-02-13T22:07:32.853+0000] {dag.py:3441} INFO - Setting next_dagrun for latest_only_with_trigger to 2026-02-13T18:07:32.853151+00:00, run_after=2026-02-13T22:07:32.853151+00:00
[2026-02-13T22:07:32.866+0000] {processor.py:175} INFO - Processing /home/airflow/.local/lib/python3.7/site-packages/airflow/example_dags/example_latest_only_with_trigger.py took 0.050 seconds
[2026-02-13T22:08:03.750+0000] {processor.py:153} INFO - Started process (PID=291) to work on /home/airflow/.local/lib/python3.7/site-packages/airflow/example_dags/example_latest_only_with_trigger.py
[2026-02-13T22:08:03.751+0000] {processor.py:743} INFO - Processing file /home/airflow/.local/lib/python3.7/site-packages/airflow/example_dags/example_latest_only_with_trigger.py for tasks to queue
[2026-02-13T22:08:03.751+0000] {logging_mixin.py:137} INFO - [2026-02-13T22:08:03.751+0000] {dagbag.py:538} INFO - Filling up the DagBag from /home/airflow/.local/lib/python3.7/site-packages/airflow/example_dags/example_latest_only_with_trigger.py
[2026-02-13T22:08:03.759+0000] {processor.py:753} INFO - DAG(s) dict_keys(['latest_only_with_trigger']) retrieved from /home/airflow/.local/lib/python3.7/site-packages/airflow/example_dags/example_latest_only_with_trigger.py
[2026-02-13T22:08:03.774+0000] {logging_mixin.py:137} INFO - [2026-02-13T22:08:03.773+0000] {dag.py:2690} INFO - Sync 1 DAGs
[2026-02-13T22:08:03.788+0000] {logging_mixin.py:137} INFO - [2026-02-13T22:08:03.787+0000] {dag.py:3441} INFO - Setting next_dagrun for latest_only_with_trigger to 2026-02-13T18:08:03.787821+00:00, run_after=2026-02-13T22:08:03.787821+00:00
[2026-02-13T22:08:03.800+0000] {processor.py:175} INFO - Processing /home/airflow/.local/lib/python3.7/site-packages/airflow/example_dags/example_latest_only_with_trigger.py took 0.051 seconds
[2026-02-13T22:08:34.449+0000] {processor.py:153} INFO - Started process (PID=380) to work on /home/airflow/.local/lib/python3.7/site-packages/airflow/example_dags/example_latest_only_with_trigger.py
[2026-02-13T22:08:34.449+0000] {processor.py:743} INFO - Processing file /home/airflow/.local/lib/python3.7/site-packages/airflow/example_dags/example_latest_only_with_trigger.py for tasks to queue
[2026-02-13T22:08:34.450+0000] {logging_mixin.py:137} INFO - [2026-02-13T22:08:34.450+0000] {dagbag.py:538} INFO - Filling up the DagBag from /home/airflow/.local/lib/python3.7/site-packages/airflow/example_dags/example_latest_only_with_trigger.py
[2026-02-13T22:08:34.456+0000] {processor.py:753} INFO - DAG(s) dict_keys(['latest_only_with_trigger']) retrieved from /home/airflow/.local/lib/python3.7/site-packages/airflow/example_dags/example_latest_only_with_trigger.py
[2026-02-13T22:08:34.473+0000] {logging_mixin.py:137} INFO - [2026-02-13T22:08:34.473+0000] {dag.py:2690} INFO - Sync 1 DAGs
[2026-02-13T22:08:34.487+0000] {logging_mixin.py:137} INFO - [2026-02-13T22:08:34.487+0000] {dag.py:3441} INFO - Setting next_dagrun for latest_only_with_trigger to 2026-02-13T18:08:34.487190+00:00, run_after=2026-02-13T22:08:34.487190+00:00
[2026-02-13T22:08:34.498+0000] {processor.py:175} INFO - Processing /home/airflow/.local/lib/python3.7/site-packages/airflow/example_dags/example_latest_only_with_trigger.py took 0.050 seconds
[2026-02-13T22:09:05.160+0000] {processor.py:153} INFO - Started process (PID=469) to work on /home/airflow/.local/lib/python3.7/site-packages/airflow/example_dags/example_latest_only_with_trigger.py
[2026-02-13T22:09:05.160+0000] {processor.py:743} INFO - Processing file /home/airflow/.local/lib/python3.7/site-packages/airflow/example_dags/example_latest_only_with_trigger.py for tasks to queue
[2026-02-13T22:09:05.160+0000] {logging_mixin.py:137} INFO - [2026-02-13T22:09:05.160+0000] {dagbag.py:538} INFO - Filling up the DagBag from /home/airflow/.local/lib/python3.7/site-packages/airflow/example_dags/example_latest_only_with_trigger.py
[2026-02-13T22:09:05.169+0000] {processor.py:753} INFO - DAG(s) dict_keys(['latest_only_with_trigger']) retrieved from /home/airflow/.local/lib/python3.7/site-packages/airflow/example_dags/example_latest_only_with_trigger.py
[2026-02-13T22:09:05.184+0000] {logging_mixin.py:137} INFO - [2026-02-13T22:09:05.184+0000] {dag.py:2690} INFO - Sync 1 DAGs
[2026-02-13T22:09:05.199+0000] {logging_mixin.py:137} INFO - [2026-02-13T22:09:05.199+0000] {dag.py:3441} INFO - Setting next_dagrun for latest_only_with_trigger to 2026-02-13T18:09:05.199420+00:00, run_after=2026-02-13T22:09:05.199420+00:00
[2026-02-13T22:09:05.209+0000] {processor.py:175} INFO - Processing /home/airflow/.local/lib/python3.7/site-packages/airflow/example_dags/example_latest_only_with_trigger.py took 0.051 seconds
[2026-02-13T22:09:35.762+0000] {processor.py:153} INFO - Started process (PID=550) to work on /home/airflow/.local/lib/python3.7/site-packages/airflow/example_dags/example_latest_only_with_trigger.py
[2026-02-13T22:09:35.763+0000] {processor.py:743} INFO - Processing file /home/airflow/.local/lib/python3.7/site-packages/airflow/example_dags/example_latest_only_with_trigger.py for tasks to queue
[2026-02-13T22:09:35.763+0000] {logging_mixin.py:137} INFO - [2026-02-13T22:09:35.763+0000] {dagbag.py:538} INFO - Filling up the DagBag from /home/airflow/.local/lib/python3.7/site-packages/airflow/example_dags/example_latest_only_with_trigger.py
[2026-02-13T22:09:35.770+0000] {processor.py:753} INFO - DAG(s) dict_keys(['latest_only_with_trigger']) retrieved from /home/airflow/.local/lib/python3.7/site-packages/airflow/example_dags/example_latest_only_with_trigger.py
[2026-02-13T22:09:35.782+0000] {logging_mixin.py:137} INFO - [2026-02-13T22:09:35.782+0000] {dag.py:2690} INFO - Sync 1 DAGs
[2026-02-13T22:09:35.795+0000] {logging_mixin.py:137} INFO - [2026-02-13T22:09:35.795+0000] {dag.py:3441} INFO - Setting next_dagrun for latest_only_with_trigger to 2026-02-13T18:09:35.795051+00:00, run_after=2026-02-13T22:09:35.795051+00:00
[2026-02-13T22:09:35.811+0000] {processor.py:175} INFO - Processing /home/airflow/.local/lib/python3.7/site-packages/airflow/example_dags/example_latest_only_with_trigger.py took 0.051 seconds
[2026-02-13T22:10:06.375+0000] {processor.py:153} INFO - Started process (PID=630) to work on /home/airflow/.local/lib/python3.7/site-packages/airflow/example_dags/example_latest_only_with_trigger.py
[2026-02-13T22:10:06.375+0000] {processor.py:743} INFO - Processing file /home/airflow/.local/lib/python3.7/site-packages/airflow/example_dags/example_latest_only_with_trigger.py for tasks to queue
[2026-02-13T22:10:06.375+0000] {logging_mixin.py:137} INFO - [2026-02-13T22:10:06.375+0000] {dagbag.py:538} INFO - Filling up the DagBag from /home/airflow/.local/lib/python3.7/site-packages/airflow/example_dags/example_latest_only_with_trigger.py
[2026-02-13T22:10:06.381+0000] {processor.py:753} INFO - DAG(s) dict_keys(['latest_only_with_trigger']) retrieved from /home/airflow/.local/lib/python3.7/site-packages/airflow/example_dags/example_latest_only_with_trigger.py
[2026-02-13T22:10:06.391+0000] {logging_mixin.py:137} INFO - [2026-02-13T22:10:06.391+0000] {dag.py:2690} INFO - Sync 1 DAGs
[2026-02-13T22:10:06.400+0000] {logging_mixin.py:137} INFO - [2026-02-13T22:10:06.400+0000] {dag.py:3441} INFO - Setting next_dagrun for latest_only_with_trigger to 2026-02-13T18:10:06.400418+00:00, run_after=2026-02-13T22:10:06.400418+00:00
[2026-02-13T22:10:06.406+0000] {processor.py:175} INFO - Processing /home/airflow/.local/lib/python3.7/site-packages/airflow/example_dags/example_latest_only_with_trigger.py took 0.033 seconds
[2026-02-13T22:10:36.993+0000] {processor.py:153} INFO - Started process (PID=718) to work on /home/airflow/.local/lib/python3.7/site-packages/airflow/example_dags/example_latest_only_with_trigger.py
[2026-02-13T22:10:36.994+0000] {processor.py:743} INFO - Processing file /home/airflow/.local/lib/python3.7/site-packages/airflow/example_dags/example_latest_only_with_trigger.py for tasks to queue
[2026-02-13T22:10:36.994+0000] {logging_mixin.py:137} INFO - [2026-02-13T22:10:36.994+0000] {dagbag.py:538} INFO - Filling up the DagBag from /home/airflow/.local/lib/python3.7/site-packages/airflow/example_dags/example_latest_only_with_trigger.py
[2026-02-13T22:10:37.002+0000] {processor.py:753} INFO - DAG(s) dict_keys(['latest_only_with_trigger']) retrieved from /home/airflow/.local/lib/python3.7/site-packages/airflow/example_dags/example_latest_only_with_trigger.py
[2026-02-13T22:10:37.014+0000] {logging_mixin.py:137} INFO - [2026-02-13T22:10:37.014+0000] {dag.py:2690} INFO - Sync 1 DAGs
[2026-02-13T22:10:37.026+0000] {logging_mixin.py:137} INFO - [2026-02-13T22:10:37.026+0000] {dag.py:3441} INFO - Setting next_dagrun for latest_only_with_trigger to 2026-02-13T18:10:37.026711+00:00, run_after=2026-02-13T22:10:37.026711+00:00
[2026-02-13T22:10:37.043+0000] {processor.py:175} INFO - Processing /home/airflow/.local/lib/python3.7/site-packages/airflow/example_dags/example_latest_only_with_trigger.py took 0.051 seconds
[2026-02-13T22:11:07.540+0000] {processor.py:153} INFO - Started process (PID=807) to work on /home/airflow/.local/lib/python3.7/site-packages/airflow/example_dags/example_latest_only_with_trigger.py
[2026-02-13T22:11:07.541+0000] {processor.py:743} INFO - Processing file /home/airflow/.local/lib/python3.7/site-packages/airflow/example_dags/example_latest_only_with_trigger.py for tasks to queue
[2026-02-13T22:11:07.541+0000] {logging_mixin.py:137} INFO - [2026-02-13T22:11:07.541+0000] {dagbag.py:538} INFO - Filling up the DagBag from /home/airflow/.local/lib/python3.7/site-packages/airflow/example_dags/example_latest_only_with_trigger.py
[2026-02-13T22:11:07.547+0000] {processor.py:753} INFO - DAG(s) dict_keys(['latest_only_with_trigger']) retrieved from /home/airflow/.local/lib/python3.7/site-packages/airflow/example_dags/example_latest_only_with_trigger.py
[2026-02-13T22:11:07.557+0000] {logging_mixin.py:137} INFO - [2026-02-13T22:11:07.557+0000] {dag.py:2690} INFO - Sync 1 DAGs
[2026-02-13T22:11:07.566+0000] {logging_mixin.py:137} INFO - [2026-02-13T22:11:07.566+0000] {dag.py:3441} INFO - Setting next_dagrun for latest_only_with_trigger to 2026-02-13T18:11:07.566827+00:00, run_after=2026-02-13T22:11:07.566827+00:00
[2026-02-13T22:11:07.573+0000] {processor.py:175} INFO - Processing /home/airflow/.local/lib/python3.7/site-packages/airflow/example_dags/example_latest_only_with_trigger.py took 0.034 seconds
[2026-02-13T22:11:38.184+0000] {processor.py:153} INFO - Started process (PID=895) to work on /home/airflow/.local/lib/python3.7/site-packages/airflow/example_dags/example_latest_only_with_trigger.py
[2026-02-13T22:11:38.184+0000] {processor.py:743} INFO - Processing file /home/airflow/.local/lib/python3.7/site-packages/airflow/example_dags/example_latest_only_with_trigger.py for tasks to queue
[2026-02-13T22:11:38.185+0000] {logging_mixin.py:137} INFO - [2026-02-13T22:11:38.185+0000] {dagbag.py:538} INFO - Filling up the DagBag from /home/airflow/.local/lib/python3.7/site-packages/airflow/example_dags/example_latest_only_with_trigger.py
[2026-02-13T22:11:38.192+0000] {processor.py:753} INFO - DAG(s) dict_keys(['latest_only_with_trigger']) retrieved from /home/airflow/.local/lib/python3.7/site-packages/airflow/example_dags/example_latest_only_with_trigger.py
[2026-02-13T22:11:38.203+0000] {logging_mixin.py:137} INFO - [2026-02-13T22:11:38.203+0000] {dag.py:2690} INFO - Sync 1 DAGs
[2026-02-13T22:11:38.213+0000] {logging_mixin.py:137} INFO - [2026-02-13T22:11:38.213+0000] {dag.py:3441} INFO - Setting next_dagrun for latest_only_with_trigger to 2026-02-13T18:11:38.213348+00:00, run_after=2026-02-13T22:11:38.213348+00:00
[2026-02-13T22:11:38.220+0000] {processor.py:175} INFO - Processing /home/airflow/.local/lib/python3.7/site-packages/airflow/example_dags/example_latest_only_with_trigger.py took 0.039 seconds
[2026-02-13T22:12:08.782+0000] {processor.py:153} INFO - Started process (PID=968) to work on /home/airflow/.local/lib/python3.7/site-packages/airflow/example_dags/example_latest_only_with_trigger.py
[2026-02-13T22:12:08.782+0000] {processor.py:743} INFO - Processing file /home/airflow/.local/lib/python3.7/site-packages/airflow/example_dags/example_latest_only_with_trigger.py for tasks to queue
[2026-02-13T22:12:08.782+0000] {logging_mixin.py:137} INFO - [2026-02-13T22:12:08.782+0000] {dagbag.py:538} INFO - Filling up the DagBag from /home/airflow/.local/lib/python3.7/site-packages/airflow/example_dags/example_latest_only_with_trigger.py
[2026-02-13T22:12:08.788+0000] {processor.py:753} INFO - DAG(s) dict_keys(['latest_only_with_trigger']) retrieved from /home/airflow/.local/lib/python3.7/site-packages/airflow/example_dags/example_latest_only_with_trigger.py
[2026-02-13T22:12:08.797+0000] {logging_mixin.py:137} INFO - [2026-02-13T22:12:08.797+0000] {dag.py:2690} INFO - Sync 1 DAGs
[2026-02-13T22:12:08.806+0000] {logging_mixin.py:137} INFO - [2026-02-13T22:12:08.806+0000] {dag.py:3441} INFO - Setting next_dagrun for latest_only_with_trigger to 2026-02-13T18:12:08.806167+00:00, run_after=2026-02-13T22:12:08.806167+00:00
[2026-02-13T22:12:08.812+0000] {processor.py:175} INFO - Processing /home/airflow/.local/lib/python3.7/site-packages/airflow/example_dags/example_latest_only_with_trigger.py took 0.031 seconds
[2026-02-13T22:12:39.366+0000] {processor.py:153} INFO - Started process (PID=1057) to work on /home/airflow/.local/lib/python3.7/site-packages/airflow/example_dags/example_latest_only_with_trigger.py
[2026-02-13T22:12:39.366+0000] {processor.py:743} INFO - Processing file /home/airflow/.local/lib/python3.7/site-packages/airflow/example_dags/example_latest_only_with_trigger.py for tasks to queue
[2026-02-13T22:12:39.366+0000] {logging_mixin.py:137} INFO - [2026-02-13T22:12:39.366+0000] {dagbag.py:538} INFO - Filling up the DagBag from /home/airflow/.local/lib/python3.7/site-packages/airflow/example_dags/example_latest_only_with_trigger.py
[2026-02-13T22:12:39.372+0000] {processor.py:753} INFO - DAG(s) dict_keys(['latest_only_with_trigger']) retrieved from /home/airflow/.local/lib/python3.7/site-packages/airflow/example_dags/example_latest_only_with_trigger.py
[2026-02-13T22:12:39.381+0000] {logging_mixin.py:137} INFO - [2026-02-13T22:12:39.381+0000] {dag.py:2690} INFO - Sync 1 DAGs
[2026-02-13T22:12:39.390+0000] {logging_mixin.py:137} INFO - [2026-02-13T22:12:39.390+0000] {dag.py:3441} INFO - Setting next_dagrun for latest_only_with_trigger to 2026-02-13T18:12:39.390300+00:00, run_after=2026-02-13T22:12:39.390300+00:00
[2026-02-13T22:12:39.396+0000] {processor.py:175} INFO - Processing /home/airflow/.local/lib/python3.7/site-packages/airflow/example_dags/example_latest_only_with_trigger.py took 0.032 seconds
[2026-02-13T22:20:56.412+0000] {processor.py:153} INFO - Started process (PID=81) to work on /home/airflow/.local/lib/python3.7/site-packages/airflow/example_dags/example_latest_only_with_trigger.py
[2026-02-13T22:20:56.414+0000] {processor.py:743} INFO - Processing file /home/airflow/.local/lib/python3.7/site-packages/airflow/example_dags/example_latest_only_with_trigger.py for tasks to queue
[2026-02-13T22:20:56.414+0000] {logging_mixin.py:137} INFO - [2026-02-13T22:20:56.414+0000] {dagbag.py:538} INFO - Filling up the DagBag from /home/airflow/.local/lib/python3.7/site-packages/airflow/example_dags/example_latest_only_with_trigger.py
[2026-02-13T22:20:56.426+0000] {processor.py:753} INFO - DAG(s) dict_keys(['latest_only_with_trigger']) retrieved from /home/airflow/.local/lib/python3.7/site-packages/airflow/example_dags/example_latest_only_with_trigger.py
[2026-02-13T22:20:56.444+0000] {logging_mixin.py:137} INFO - [2026-02-13T22:20:56.444+0000] {dag.py:2690} INFO - Sync 1 DAGs
[2026-02-13T22:20:56.461+0000] {logging_mixin.py:137} INFO - [2026-02-13T22:20:56.461+0000] {dag.py:3441} INFO - Setting next_dagrun for latest_only_with_trigger to 2026-02-13T18:20:56.461581+00:00, run_after=2026-02-13T22:20:56.461581+00:00
[2026-02-13T22:20:56.475+0000] {processor.py:175} INFO - Processing /home/airflow/.local/lib/python3.7/site-packages/airflow/example_dags/example_latest_only_with_trigger.py took 0.065 seconds
[2026-02-13T22:21:27.449+0000] {processor.py:153} INFO - Started process (PID=154) to work on /home/airflow/.local/lib/python3.7/site-packages/airflow/example_dags/example_latest_only_with_trigger.py
[2026-02-13T22:21:27.450+0000] {processor.py:743} INFO - Processing file /home/airflow/.local/lib/python3.7/site-packages/airflow/example_dags/example_latest_only_with_trigger.py for tasks to queue
[2026-02-13T22:21:27.450+0000] {logging_mixin.py:137} INFO - [2026-02-13T22:21:27.450+0000] {dagbag.py:538} INFO - Filling up the DagBag from /home/airflow/.local/lib/python3.7/site-packages/airflow/example_dags/example_latest_only_with_trigger.py
[2026-02-13T22:21:27.456+0000] {processor.py:753} INFO - DAG(s) dict_keys(['latest_only_with_trigger']) retrieved from /home/airflow/.local/lib/python3.7/site-packages/airflow/example_dags/example_latest_only_with_trigger.py
[2026-02-13T22:21:27.468+0000] {logging_mixin.py:137} INFO - [2026-02-13T22:21:27.468+0000] {dag.py:2690} INFO - Sync 1 DAGs
[2026-02-13T22:21:27.479+0000] {logging_mixin.py:137} INFO - [2026-02-13T22:21:27.479+0000] {dag.py:3441} INFO - Setting next_dagrun for latest_only_with_trigger to 2026-02-13T18:21:27.479222+00:00, run_after=2026-02-13T22:21:27.479222+00:00
[2026-02-13T22:21:27.486+0000] {processor.py:175} INFO - Processing /home/airflow/.local/lib/python3.7/site-packages/airflow/example_dags/example_latest_only_with_trigger.py took 0.038 seconds
[2026-02-13T22:21:58.352+0000] {processor.py:153} INFO - Started process (PID=244) to work on /home/airflow/.local/lib/python3.7/site-packages/airflow/example_dags/example_latest_only_with_trigger.py
[2026-02-13T22:21:58.353+0000] {processor.py:743} INFO - Processing file /home/airflow/.local/lib/python3.7/site-packages/airflow/example_dags/example_latest_only_with_trigger.py for tasks to queue
[2026-02-13T22:21:58.353+0000] {logging_mixin.py:137} INFO - [2026-02-13T22:21:58.353+0000] {dagbag.py:538} INFO - Filling up the DagBag from /home/airflow/.local/lib/python3.7/site-packages/airflow/example_dags/example_latest_only_with_trigger.py
[2026-02-13T22:21:58.361+0000] {processor.py:753} INFO - DAG(s) dict_keys(['latest_only_with_trigger']) retrieved from /home/airflow/.local/lib/python3.7/site-packages/airflow/example_dags/example_latest_only_with_trigger.py
[2026-02-13T22:21:58.375+0000] {logging_mixin.py:137} INFO - [2026-02-13T22:21:58.375+0000] {dag.py:2690} INFO - Sync 1 DAGs
[2026-02-13T22:21:58.392+0000] {logging_mixin.py:137} INFO - [2026-02-13T22:21:58.392+0000] {dag.py:3441} INFO - Setting next_dagrun for latest_only_with_trigger to 2026-02-13T18:21:58.392525+00:00, run_after=2026-02-13T22:21:58.392525+00:00
[2026-02-13T22:21:58.402+0000] {processor.py:175} INFO - Processing /home/airflow/.local/lib/python3.7/site-packages/airflow/example_dags/example_latest_only_with_trigger.py took 0.052 seconds
[2026-02-13T22:22:29.174+0000] {processor.py:153} INFO - Started process (PID=334) to work on /home/airflow/.local/lib/python3.7/site-packages/airflow/example_dags/example_latest_only_with_trigger.py
[2026-02-13T22:22:29.175+0000] {processor.py:743} INFO - Processing file /home/airflow/.local/lib/python3.7/site-packages/airflow/example_dags/example_latest_only_with_trigger.py for tasks to queue
[2026-02-13T22:22:29.175+0000] {logging_mixin.py:137} INFO - [2026-02-13T22:22:29.175+0000] {dagbag.py:538} INFO - Filling up the DagBag from /home/airflow/.local/lib/python3.7/site-packages/airflow/example_dags/example_latest_only_with_trigger.py
[2026-02-13T22:22:29.180+0000] {processor.py:753} INFO - DAG(s) dict_keys(['latest_only_with_trigger']) retrieved from /home/airflow/.local/lib/python3.7/site-packages/airflow/example_dags/example_latest_only_with_trigger.py
[2026-02-13T22:22:29.190+0000] {logging_mixin.py:137} INFO - [2026-02-13T22:22:29.190+0000] {dag.py:2690} INFO - Sync 1 DAGs
[2026-02-13T22:22:29.200+0000] {logging_mixin.py:137} INFO - [2026-02-13T22:22:29.200+0000] {dag.py:3441} INFO - Setting next_dagrun for latest_only_with_trigger to 2026-02-13T18:22:29.199936+00:00, run_after=2026-02-13T22:22:29.199936+00:00
[2026-02-13T22:22:29.207+0000] {processor.py:175} INFO - Processing /home/airflow/.local/lib/python3.7/site-packages/airflow/example_dags/example_latest_only_with_trigger.py took 0.034 seconds
[2026-02-13T22:22:59.786+0000] {processor.py:153} INFO - Started process (PID=423) to work on /home/airflow/.local/lib/python3.7/site-packages/airflow/example_dags/example_latest_only_with_trigger.py
[2026-02-13T22:22:59.787+0000] {processor.py:743} INFO - Processing file /home/airflow/.local/lib/python3.7/site-packages/airflow/example_dags/example_latest_only_with_trigger.py for tasks to queue
[2026-02-13T22:22:59.787+0000] {logging_mixin.py:137} INFO - [2026-02-13T22:22:59.787+0000] {dagbag.py:538} INFO - Filling up the DagBag from /home/airflow/.local/lib/python3.7/site-packages/airflow/example_dags/example_latest_only_with_trigger.py
[2026-02-13T22:22:59.793+0000] {processor.py:753} INFO - DAG(s) dict_keys(['latest_only_with_trigger']) retrieved from /home/airflow/.local/lib/python3.7/site-packages/airflow/example_dags/example_latest_only_with_trigger.py
[2026-02-13T22:22:59.803+0000] {logging_mixin.py:137} INFO - [2026-02-13T22:22:59.803+0000] {dag.py:2690} INFO - Sync 1 DAGs
[2026-02-13T22:22:59.813+0000] {logging_mixin.py:137} INFO - [2026-02-13T22:22:59.813+0000] {dag.py:3441} INFO - Setting next_dagrun for latest_only_with_trigger to 2026-02-13T18:22:59.813657+00:00, run_after=2026-02-13T22:22:59.813657+00:00
[2026-02-13T22:22:59.820+0000] {processor.py:175} INFO - Processing /home/airflow/.local/lib/python3.7/site-packages/airflow/example_dags/example_latest_only_with_trigger.py took 0.035 seconds
[2026-02-13T22:23:30.435+0000] {processor.py:153} INFO - Started process (PID=496) to work on /home/airflow/.local/lib/python3.7/site-packages/airflow/example_dags/example_latest_only_with_trigger.py
[2026-02-13T22:23:30.436+0000] {processor.py:743} INFO - Processing file /home/airflow/.local/lib/python3.7/site-packages/airflow/example_dags/example_latest_only_with_trigger.py for tasks to queue
[2026-02-13T22:23:30.436+0000] {logging_mixin.py:137} INFO - [2026-02-13T22:23:30.436+0000] {dagbag.py:538} INFO - Filling up the DagBag from /home/airflow/.local/lib/python3.7/site-packages/airflow/example_dags/example_latest_only_with_trigger.py
[2026-02-13T22:23:30.442+0000] {processor.py:753} INFO - DAG(s) dict_keys(['latest_only_with_trigger']) retrieved from /home/airflow/.local/lib/python3.7/site-packages/airflow/example_dags/example_latest_only_with_trigger.py
[2026-02-13T22:23:30.454+0000] {logging_mixin.py:137} INFO - [2026-02-13T22:23:30.454+0000] {dag.py:2690} INFO - Sync 1 DAGs
[2026-02-13T22:23:30.468+0000] {logging_mixin.py:137} INFO - [2026-02-13T22:23:30.468+0000] {dag.py:3441} INFO - Setting next_dagrun for latest_only_with_trigger to 2026-02-13T18:23:30.468779+00:00, run_after=2026-02-13T22:23:30.468779+00:00
[2026-02-13T22:23:30.483+0000] {processor.py:175} INFO - Processing /home/airflow/.local/lib/python3.7/site-packages/airflow/example_dags/example_latest_only_with_trigger.py took 0.049 seconds
[2026-02-13T22:24:01.190+0000] {processor.py:153} INFO - Started process (PID=584) to work on /home/airflow/.local/lib/python3.7/site-packages/airflow/example_dags/example_latest_only_with_trigger.py
[2026-02-13T22:24:01.190+0000] {processor.py:743} INFO - Processing file /home/airflow/.local/lib/python3.7/site-packages/airflow/example_dags/example_latest_only_with_trigger.py for tasks to queue
[2026-02-13T22:24:01.190+0000] {logging_mixin.py:137} INFO - [2026-02-13T22:24:01.190+0000] {dagbag.py:538} INFO - Filling up the DagBag from /home/airflow/.local/lib/python3.7/site-packages/airflow/example_dags/example_latest_only_with_trigger.py
[2026-02-13T22:24:01.196+0000] {processor.py:753} INFO - DAG(s) dict_keys(['latest_only_with_trigger']) retrieved from /home/airflow/.local/lib/python3.7/site-packages/airflow/example_dags/example_latest_only_with_trigger.py
[2026-02-13T22:24:01.207+0000] {logging_mixin.py:137} INFO - [2026-02-13T22:24:01.207+0000] {dag.py:2690} INFO - Sync 1 DAGs
[2026-02-13T22:24:01.217+0000] {logging_mixin.py:137} INFO - [2026-02-13T22:24:01.217+0000] {dag.py:3441} INFO - Setting next_dagrun for latest_only_with_trigger to 2026-02-13T18:24:01.216944+00:00, run_after=2026-02-13T22:24:01.216944+00:00
[2026-02-13T22:24:01.224+0000] {processor.py:175} INFO - Processing /home/airflow/.local/lib/python3.7/site-packages/airflow/example_dags/example_latest_only_with_trigger.py took 0.036 seconds
[2026-02-13T22:24:31.830+0000] {processor.py:153} INFO - Started process (PID=673) to work on /home/airflow/.local/lib/python3.7/site-packages/airflow/example_dags/example_latest_only_with_trigger.py
[2026-02-13T22:24:31.831+0000] {processor.py:743} INFO - Processing file /home/airflow/.local/lib/python3.7/site-packages/airflow/example_dags/example_latest_only_with_trigger.py for tasks to queue
[2026-02-13T22:24:31.831+0000] {logging_mixin.py:137} INFO - [2026-02-13T22:24:31.831+0000] {dagbag.py:538} INFO - Filling up the DagBag from /home/airflow/.local/lib/python3.7/site-packages/airflow/example_dags/example_latest_only_with_trigger.py
[2026-02-13T22:24:31.837+0000] {processor.py:753} INFO - DAG(s) dict_keys(['latest_only_with_trigger']) retrieved from /home/airflow/.local/lib/python3.7/site-packages/airflow/example_dags/example_latest_only_with_trigger.py
[2026-02-13T22:24:31.848+0000] {logging_mixin.py:137} INFO - [2026-02-13T22:24:31.848+0000] {dag.py:2690} INFO - Sync 1 DAGs
[2026-02-13T22:24:31.859+0000] {logging_mixin.py:137} INFO - [2026-02-13T22:24:31.859+0000] {dag.py:3441} INFO - Setting next_dagrun for latest_only_with_trigger to 2026-02-13T18:24:31.859325+00:00, run_after=2026-02-13T22:24:31.859325+00:00
[2026-02-13T22:24:31.866+0000] {processor.py:175} INFO - Processing /home/airflow/.local/lib/python3.7/site-packages/airflow/example_dags/example_latest_only_with_trigger.py took 0.038 seconds
[2026-02-13T22:25:02.600+0000] {processor.py:153} INFO - Started process (PID=762) to work on /home/airflow/.local/lib/python3.7/site-packages/airflow/example_dags/example_latest_only_with_trigger.py
[2026-02-13T22:25:02.600+0000] {processor.py:743} INFO - Processing file /home/airflow/.local/lib/python3.7/site-packages/airflow/example_dags/example_latest_only_with_trigger.py for tasks to queue
[2026-02-13T22:25:02.600+0000] {logging_mixin.py:137} INFO - [2026-02-13T22:25:02.600+0000] {dagbag.py:538} INFO - Filling up the DagBag from /home/airflow/.local/lib/python3.7/site-packages/airflow/example_dags/example_latest_only_with_trigger.py
[2026-02-13T22:25:02.607+0000] {processor.py:753} INFO - DAG(s) dict_keys(['latest_only_with_trigger']) retrieved from /home/airflow/.local/lib/python3.7/site-packages/airflow/example_dags/example_latest_only_with_trigger.py
[2026-02-13T22:25:02.618+0000] {logging_mixin.py:137} INFO - [2026-02-13T22:25:02.618+0000] {dag.py:2690} INFO - Sync 1 DAGs
[2026-02-13T22:25:02.629+0000] {logging_mixin.py:137} INFO - [2026-02-13T22:25:02.629+0000] {dag.py:3441} INFO - Setting next_dagrun for latest_only_with_trigger to 2026-02-13T18:25:02.629268+00:00, run_after=2026-02-13T22:25:02.629268+00:00
[2026-02-13T22:25:02.636+0000] {processor.py:175} INFO - Processing /home/airflow/.local/lib/python3.7/site-packages/airflow/example_dags/example_latest_only_with_trigger.py took 0.038 seconds
[2026-02-13T22:25:33.157+0000] {processor.py:153} INFO - Started process (PID=844) to work on /home/airflow/.local/lib/python3.7/site-packages/airflow/example_dags/example_latest_only_with_trigger.py
[2026-02-13T22:25:33.158+0000] {processor.py:743} INFO - Processing file /home/airflow/.local/lib/python3.7/site-packages/airflow/example_dags/example_latest_only_with_trigger.py for tasks to queue
[2026-02-13T22:25:33.158+0000] {logging_mixin.py:137} INFO - [2026-02-13T22:25:33.158+0000] {dagbag.py:538} INFO - Filling up the DagBag from /home/airflow/.local/lib/python3.7/site-packages/airflow/example_dags/example_latest_only_with_trigger.py
[2026-02-13T22:25:33.165+0000] {processor.py:753} INFO - DAG(s) dict_keys(['latest_only_with_trigger']) retrieved from /home/airflow/.local/lib/python3.7/site-packages/airflow/example_dags/example_latest_only_with_trigger.py
[2026-02-13T22:25:33.176+0000] {logging_mixin.py:137} INFO - [2026-02-13T22:25:33.176+0000] {dag.py:2690} INFO - Sync 1 DAGs
[2026-02-13T22:25:33.187+0000] {logging_mixin.py:137} INFO - [2026-02-13T22:25:33.187+0000] {dag.py:3441} INFO - Setting next_dagrun for latest_only_with_trigger to 2026-02-13T18:25:33.187039+00:00, run_after=2026-02-13T22:25:33.187039+00:00
[2026-02-13T22:25:33.194+0000] {processor.py:175} INFO - Processing /home/airflow/.local/lib/python3.7/site-packages/airflow/example_dags/example_latest_only_with_trigger.py took 0.039 seconds
[2026-02-13T22:26:03.964+0000] {processor.py:153} INFO - Started process (PID=924) to work on /home/airflow/.local/lib/python3.7/site-packages/airflow/example_dags/example_latest_only_with_trigger.py
[2026-02-13T22:26:03.965+0000] {processor.py:743} INFO - Processing file /home/airflow/.local/lib/python3.7/site-packages/airflow/example_dags/example_latest_only_with_trigger.py for tasks to queue
[2026-02-13T22:26:03.965+0000] {logging_mixin.py:137} INFO - [2026-02-13T22:26:03.965+0000] {dagbag.py:538} INFO - Filling up the DagBag from /home/airflow/.local/lib/python3.7/site-packages/airflow/example_dags/example_latest_only_with_trigger.py
[2026-02-13T22:26:03.971+0000] {processor.py:753} INFO - DAG(s) dict_keys(['latest_only_with_trigger']) retrieved from /home/airflow/.local/lib/python3.7/site-packages/airflow/example_dags/example_latest_only_with_trigger.py
[2026-02-13T22:26:03.981+0000] {logging_mixin.py:137} INFO - [2026-02-13T22:26:03.981+0000] {dag.py:2690} INFO - Sync 1 DAGs
[2026-02-13T22:26:03.991+0000] {logging_mixin.py:137} INFO - [2026-02-13T22:26:03.991+0000] {dag.py:3441} INFO - Setting next_dagrun for latest_only_with_trigger to 2026-02-13T18:26:03.991448+00:00, run_after=2026-02-13T22:26:03.991448+00:00
[2026-02-13T22:26:03.998+0000] {processor.py:175} INFO - Processing /home/airflow/.local/lib/python3.7/site-packages/airflow/example_dags/example_latest_only_with_trigger.py took 0.036 seconds
[2026-02-13T22:26:34.433+0000] {processor.py:153} INFO - Started process (PID=1013) to work on /home/airflow/.local/lib/python3.7/site-packages/airflow/example_dags/example_latest_only_with_trigger.py
[2026-02-13T22:26:34.433+0000] {processor.py:743} INFO - Processing file /home/airflow/.local/lib/python3.7/site-packages/airflow/example_dags/example_latest_only_with_trigger.py for tasks to queue
[2026-02-13T22:26:34.434+0000] {logging_mixin.py:137} INFO - [2026-02-13T22:26:34.434+0000] {dagbag.py:538} INFO - Filling up the DagBag from /home/airflow/.local/lib/python3.7/site-packages/airflow/example_dags/example_latest_only_with_trigger.py
[2026-02-13T22:26:34.441+0000] {processor.py:753} INFO - DAG(s) dict_keys(['latest_only_with_trigger']) retrieved from /home/airflow/.local/lib/python3.7/site-packages/airflow/example_dags/example_latest_only_with_trigger.py
[2026-02-13T22:26:34.453+0000] {logging_mixin.py:137} INFO - [2026-02-13T22:26:34.453+0000] {dag.py:2690} INFO - Sync 1 DAGs
[2026-02-13T22:26:34.465+0000] {logging_mixin.py:137} INFO - [2026-02-13T22:26:34.464+0000] {dag.py:3441} INFO - Setting next_dagrun for latest_only_with_trigger to 2026-02-13T18:26:34.464874+00:00, run_after=2026-02-13T22:26:34.464874+00:00
[2026-02-13T22:26:34.472+0000] {processor.py:175} INFO - Processing /home/airflow/.local/lib/python3.7/site-packages/airflow/example_dags/example_latest_only_with_trigger.py took 0.041 seconds
[2026-02-13T22:27:05.239+0000] {processor.py:153} INFO - Started process (PID=1102) to work on /home/airflow/.local/lib/python3.7/site-packages/airflow/example_dags/example_latest_only_with_trigger.py
[2026-02-13T22:27:05.240+0000] {processor.py:743} INFO - Processing file /home/airflow/.local/lib/python3.7/site-packages/airflow/example_dags/example_latest_only_with_trigger.py for tasks to queue
[2026-02-13T22:27:05.240+0000] {logging_mixin.py:137} INFO - [2026-02-13T22:27:05.240+0000] {dagbag.py:538} INFO - Filling up the DagBag from /home/airflow/.local/lib/python3.7/site-packages/airflow/example_dags/example_latest_only_with_trigger.py
[2026-02-13T22:27:05.247+0000] {processor.py:753} INFO - DAG(s) dict_keys(['latest_only_with_trigger']) retrieved from /home/airflow/.local/lib/python3.7/site-packages/airflow/example_dags/example_latest_only_with_trigger.py
[2026-02-13T22:27:05.259+0000] {logging_mixin.py:137} INFO - [2026-02-13T22:27:05.259+0000] {dag.py:2690} INFO - Sync 1 DAGs
[2026-02-13T22:27:05.270+0000] {logging_mixin.py:137} INFO - [2026-02-13T22:27:05.270+0000] {dag.py:3441} INFO - Setting next_dagrun for latest_only_with_trigger to 2026-02-13T18:27:05.270297+00:00, run_after=2026-02-13T22:27:05.270297+00:00
[2026-02-13T22:27:05.278+0000] {processor.py:175} INFO - Processing /home/airflow/.local/lib/python3.7/site-packages/airflow/example_dags/example_latest_only_with_trigger.py took 0.040 seconds
[2026-02-13T22:27:35.888+0000] {processor.py:153} INFO - Started process (PID=1191) to work on /home/airflow/.local/lib/python3.7/site-packages/airflow/example_dags/example_latest_only_with_trigger.py
[2026-02-13T22:27:35.889+0000] {processor.py:743} INFO - Processing file /home/airflow/.local/lib/python3.7/site-packages/airflow/example_dags/example_latest_only_with_trigger.py for tasks to queue
[2026-02-13T22:27:35.889+0000] {logging_mixin.py:137} INFO - [2026-02-13T22:27:35.889+0000] {dagbag.py:538} INFO - Filling up the DagBag from /home/airflow/.local/lib/python3.7/site-packages/airflow/example_dags/example_latest_only_with_trigger.py
[2026-02-13T22:27:35.896+0000] {processor.py:753} INFO - DAG(s) dict_keys(['latest_only_with_trigger']) retrieved from /home/airflow/.local/lib/python3.7/site-packages/airflow/example_dags/example_latest_only_with_trigger.py
[2026-02-13T22:27:35.907+0000] {logging_mixin.py:137} INFO - [2026-02-13T22:27:35.907+0000] {dag.py:2690} INFO - Sync 1 DAGs
[2026-02-13T22:27:35.918+0000] {logging_mixin.py:137} INFO - [2026-02-13T22:27:35.918+0000] {dag.py:3441} INFO - Setting next_dagrun for latest_only_with_trigger to 2026-02-13T18:27:35.918602+00:00, run_after=2026-02-13T22:27:35.918602+00:00
[2026-02-13T22:27:35.927+0000] {processor.py:175} INFO - Processing /home/airflow/.local/lib/python3.7/site-packages/airflow/example_dags/example_latest_only_with_trigger.py took 0.041 seconds
[2026-02-13T22:28:06.611+0000] {processor.py:153} INFO - Started process (PID=1264) to work on /home/airflow/.local/lib/python3.7/site-packages/airflow/example_dags/example_latest_only_with_trigger.py
[2026-02-13T22:28:06.612+0000] {processor.py:743} INFO - Processing file /home/airflow/.local/lib/python3.7/site-packages/airflow/example_dags/example_latest_only_with_trigger.py for tasks to queue
[2026-02-13T22:28:06.612+0000] {logging_mixin.py:137} INFO - [2026-02-13T22:28:06.612+0000] {dagbag.py:538} INFO - Filling up the DagBag from /home/airflow/.local/lib/python3.7/site-packages/airflow/example_dags/example_latest_only_with_trigger.py
[2026-02-13T22:28:06.620+0000] {processor.py:753} INFO - DAG(s) dict_keys(['latest_only_with_trigger']) retrieved from /home/airflow/.local/lib/python3.7/site-packages/airflow/example_dags/example_latest_only_with_trigger.py
[2026-02-13T22:28:06.633+0000] {logging_mixin.py:137} INFO - [2026-02-13T22:28:06.633+0000] {dag.py:2690} INFO - Sync 1 DAGs
[2026-02-13T22:28:06.646+0000] {logging_mixin.py:137} INFO - [2026-02-13T22:28:06.646+0000] {dag.py:3441} INFO - Setting next_dagrun for latest_only_with_trigger to 2026-02-13T18:28:06.646040+00:00, run_after=2026-02-13T22:28:06.646040+00:00
[2026-02-13T22:28:06.656+0000] {processor.py:175} INFO - Processing /home/airflow/.local/lib/python3.7/site-packages/airflow/example_dags/example_latest_only_with_trigger.py took 0.046 seconds
[2026-02-13T22:28:37.231+0000] {processor.py:153} INFO - Started process (PID=1353) to work on /home/airflow/.local/lib/python3.7/site-packages/airflow/example_dags/example_latest_only_with_trigger.py
[2026-02-13T22:28:37.232+0000] {processor.py:743} INFO - Processing file /home/airflow/.local/lib/python3.7/site-packages/airflow/example_dags/example_latest_only_with_trigger.py for tasks to queue
[2026-02-13T22:28:37.232+0000] {logging_mixin.py:137} INFO - [2026-02-13T22:28:37.232+0000] {dagbag.py:538} INFO - Filling up the DagBag from /home/airflow/.local/lib/python3.7/site-packages/airflow/example_dags/example_latest_only_with_trigger.py
[2026-02-13T22:28:37.238+0000] {processor.py:753} INFO - DAG(s) dict_keys(['latest_only_with_trigger']) retrieved from /home/airflow/.local/lib/python3.7/site-packages/airflow/example_dags/example_latest_only_with_trigger.py
[2026-02-13T22:28:37.249+0000] {logging_mixin.py:137} INFO - [2026-02-13T22:28:37.249+0000] {dag.py:2690} INFO - Sync 1 DAGs
[2026-02-13T22:28:37.259+0000] {logging_mixin.py:137} INFO - [2026-02-13T22:28:37.259+0000] {dag.py:3441} INFO - Setting next_dagrun for latest_only_with_trigger to 2026-02-13T18:28:37.259752+00:00, run_after=2026-02-13T22:28:37.259752+00:00
[2026-02-13T22:28:37.266+0000] {processor.py:175} INFO - Processing /home/airflow/.local/lib/python3.7/site-packages/airflow/example_dags/example_latest_only_with_trigger.py took 0.037 seconds
[2026-02-13T22:29:07.790+0000] {processor.py:153} INFO - Started process (PID=1442) to work on /home/airflow/.local/lib/python3.7/site-packages/airflow/example_dags/example_latest_only_with_trigger.py
[2026-02-13T22:29:07.790+0000] {processor.py:743} INFO - Processing file /home/airflow/.local/lib/python3.7/site-packages/airflow/example_dags/example_latest_only_with_trigger.py for tasks to queue
[2026-02-13T22:29:07.790+0000] {logging_mixin.py:137} INFO - [2026-02-13T22:29:07.790+0000] {dagbag.py:538} INFO - Filling up the DagBag from /home/airflow/.local/lib/python3.7/site-packages/airflow/example_dags/example_latest_only_with_trigger.py
[2026-02-13T22:29:07.797+0000] {processor.py:753} INFO - DAG(s) dict_keys(['latest_only_with_trigger']) retrieved from /home/airflow/.local/lib/python3.7/site-packages/airflow/example_dags/example_latest_only_with_trigger.py
[2026-02-13T22:29:07.813+0000] {logging_mixin.py:137} INFO - [2026-02-13T22:29:07.813+0000] {dag.py:2690} INFO - Sync 1 DAGs
[2026-02-13T22:29:07.831+0000] {logging_mixin.py:137} INFO - [2026-02-13T22:29:07.831+0000] {dag.py:3441} INFO - Setting next_dagrun for latest_only_with_trigger to 2026-02-13T18:29:07.831715+00:00, run_after=2026-02-13T22:29:07.831715+00:00
[2026-02-13T22:29:07.851+0000] {processor.py:175} INFO - Processing /home/airflow/.local/lib/python3.7/site-packages/airflow/example_dags/example_latest_only_with_trigger.py took 0.063 seconds
[2026-02-13T22:29:38.494+0000] {processor.py:153} INFO - Started process (PID=1531) to work on /home/airflow/.local/lib/python3.7/site-packages/airflow/example_dags/example_latest_only_with_trigger.py
[2026-02-13T22:29:38.495+0000] {processor.py:743} INFO - Processing file /home/airflow/.local/lib/python3.7/site-packages/airflow/example_dags/example_latest_only_with_trigger.py for tasks to queue
[2026-02-13T22:29:38.495+0000] {logging_mixin.py:137} INFO - [2026-02-13T22:29:38.495+0000] {dagbag.py:538} INFO - Filling up the DagBag from /home/airflow/.local/lib/python3.7/site-packages/airflow/example_dags/example_latest_only_with_trigger.py
[2026-02-13T22:29:38.501+0000] {processor.py:753} INFO - DAG(s) dict_keys(['latest_only_with_trigger']) retrieved from /home/airflow/.local/lib/python3.7/site-packages/airflow/example_dags/example_latest_only_with_trigger.py
[2026-02-13T22:29:38.511+0000] {logging_mixin.py:137} INFO - [2026-02-13T22:29:38.511+0000] {dag.py:2690} INFO - Sync 1 DAGs
[2026-02-13T22:29:38.521+0000] {logging_mixin.py:137} INFO - [2026-02-13T22:29:38.521+0000] {dag.py:3441} INFO - Setting next_dagrun for latest_only_with_trigger to 2026-02-13T18:29:38.521352+00:00, run_after=2026-02-13T22:29:38.521352+00:00
[2026-02-13T22:29:38.528+0000] {processor.py:175} INFO - Processing /home/airflow/.local/lib/python3.7/site-packages/airflow/example_dags/example_latest_only_with_trigger.py took 0.035 seconds
[2026-02-13T22:30:09.148+0000] {processor.py:153} INFO - Started process (PID=1604) to work on /home/airflow/.local/lib/python3.7/site-packages/airflow/example_dags/example_latest_only_with_trigger.py
[2026-02-13T22:30:09.149+0000] {processor.py:743} INFO - Processing file /home/airflow/.local/lib/python3.7/site-packages/airflow/example_dags/example_latest_only_with_trigger.py for tasks to queue
[2026-02-13T22:30:09.149+0000] {logging_mixin.py:137} INFO - [2026-02-13T22:30:09.149+0000] {dagbag.py:538} INFO - Filling up the DagBag from /home/airflow/.local/lib/python3.7/site-packages/airflow/example_dags/example_latest_only_with_trigger.py
[2026-02-13T22:30:09.156+0000] {processor.py:753} INFO - DAG(s) dict_keys(['latest_only_with_trigger']) retrieved from /home/airflow/.local/lib/python3.7/site-packages/airflow/example_dags/example_latest_only_with_trigger.py
[2026-02-13T22:30:09.168+0000] {logging_mixin.py:137} INFO - [2026-02-13T22:30:09.168+0000] {dag.py:2690} INFO - Sync 1 DAGs
[2026-02-13T22:30:09.179+0000] {logging_mixin.py:137} INFO - [2026-02-13T22:30:09.179+0000] {dag.py:3441} INFO - Setting next_dagrun for latest_only_with_trigger to 2026-02-13T18:30:09.179739+00:00, run_after=2026-02-13T22:30:09.179739+00:00
[2026-02-13T22:30:09.191+0000] {processor.py:175} INFO - Processing /home/airflow/.local/lib/python3.7/site-packages/airflow/example_dags/example_latest_only_with_trigger.py took 0.044 seconds
[2026-02-13T22:30:39.927+0000] {processor.py:153} INFO - Started process (PID=1693) to work on /home/airflow/.local/lib/python3.7/site-packages/airflow/example_dags/example_latest_only_with_trigger.py
[2026-02-13T22:30:39.927+0000] {processor.py:743} INFO - Processing file /home/airflow/.local/lib/python3.7/site-packages/airflow/example_dags/example_latest_only_with_trigger.py for tasks to queue
[2026-02-13T22:30:39.927+0000] {logging_mixin.py:137} INFO - [2026-02-13T22:30:39.927+0000] {dagbag.py:538} INFO - Filling up the DagBag from /home/airflow/.local/lib/python3.7/site-packages/airflow/example_dags/example_latest_only_with_trigger.py
[2026-02-13T22:30:39.933+0000] {processor.py:753} INFO - DAG(s) dict_keys(['latest_only_with_trigger']) retrieved from /home/airflow/.local/lib/python3.7/site-packages/airflow/example_dags/example_latest_only_with_trigger.py
[2026-02-13T22:30:39.945+0000] {logging_mixin.py:137} INFO - [2026-02-13T22:30:39.945+0000] {dag.py:2690} INFO - Sync 1 DAGs
[2026-02-13T22:30:39.955+0000] {logging_mixin.py:137} INFO - [2026-02-13T22:30:39.955+0000] {dag.py:3441} INFO - Setting next_dagrun for latest_only_with_trigger to 2026-02-13T18:30:39.955084+00:00, run_after=2026-02-13T22:30:39.955084+00:00
[2026-02-13T22:30:39.962+0000] {processor.py:175} INFO - Processing /home/airflow/.local/lib/python3.7/site-packages/airflow/example_dags/example_latest_only_with_trigger.py took 0.037 seconds
[2026-02-13T22:31:10.595+0000] {processor.py:153} INFO - Started process (PID=1782) to work on /home/airflow/.local/lib/python3.7/site-packages/airflow/example_dags/example_latest_only_with_trigger.py
[2026-02-13T22:31:10.596+0000] {processor.py:743} INFO - Processing file /home/airflow/.local/lib/python3.7/site-packages/airflow/example_dags/example_latest_only_with_trigger.py for tasks to queue
[2026-02-13T22:31:10.596+0000] {logging_mixin.py:137} INFO - [2026-02-13T22:31:10.596+0000] {dagbag.py:538} INFO - Filling up the DagBag from /home/airflow/.local/lib/python3.7/site-packages/airflow/example_dags/example_latest_only_with_trigger.py
[2026-02-13T22:31:10.602+0000] {processor.py:753} INFO - DAG(s) dict_keys(['latest_only_with_trigger']) retrieved from /home/airflow/.local/lib/python3.7/site-packages/airflow/example_dags/example_latest_only_with_trigger.py
[2026-02-13T22:31:10.613+0000] {logging_mixin.py:137} INFO - [2026-02-13T22:31:10.613+0000] {dag.py:2690} INFO - Sync 1 DAGs
[2026-02-13T22:31:10.623+0000] {logging_mixin.py:137} INFO - [2026-02-13T22:31:10.623+0000] {dag.py:3441} INFO - Setting next_dagrun for latest_only_with_trigger to 2026-02-13T18:31:10.623166+00:00, run_after=2026-02-13T22:31:10.623166+00:00
[2026-02-13T22:31:10.632+0000] {processor.py:175} INFO - Processing /home/airflow/.local/lib/python3.7/site-packages/airflow/example_dags/example_latest_only_with_trigger.py took 0.039 seconds
[2026-02-13T22:31:40.986+0000] {processor.py:153} INFO - Started process (PID=1871) to work on /home/airflow/.local/lib/python3.7/site-packages/airflow/example_dags/example_latest_only_with_trigger.py
[2026-02-13T22:31:40.987+0000] {processor.py:743} INFO - Processing file /home/airflow/.local/lib/python3.7/site-packages/airflow/example_dags/example_latest_only_with_trigger.py for tasks to queue
[2026-02-13T22:31:40.987+0000] {logging_mixin.py:137} INFO - [2026-02-13T22:31:40.987+0000] {dagbag.py:538} INFO - Filling up the DagBag from /home/airflow/.local/lib/python3.7/site-packages/airflow/example_dags/example_latest_only_with_trigger.py
[2026-02-13T22:31:40.994+0000] {processor.py:753} INFO - DAG(s) dict_keys(['latest_only_with_trigger']) retrieved from /home/airflow/.local/lib/python3.7/site-packages/airflow/example_dags/example_latest_only_with_trigger.py
[2026-02-13T22:31:41.005+0000] {logging_mixin.py:137} INFO - [2026-02-13T22:31:41.005+0000] {dag.py:2690} INFO - Sync 1 DAGs
[2026-02-13T22:31:41.017+0000] {logging_mixin.py:137} INFO - [2026-02-13T22:31:41.016+0000] {dag.py:3441} INFO - Setting next_dagrun for latest_only_with_trigger to 2026-02-13T18:31:41.016873+00:00, run_after=2026-02-13T22:31:41.016873+00:00
[2026-02-13T22:31:41.024+0000] {processor.py:175} INFO - Processing /home/airflow/.local/lib/python3.7/site-packages/airflow/example_dags/example_latest_only_with_trigger.py took 0.040 seconds
[2026-02-13T22:32:11.991+0000] {processor.py:153} INFO - Started process (PID=1943) to work on /home/airflow/.local/lib/python3.7/site-packages/airflow/example_dags/example_latest_only_with_trigger.py
[2026-02-13T22:32:11.991+0000] {processor.py:743} INFO - Processing file /home/airflow/.local/lib/python3.7/site-packages/airflow/example_dags/example_latest_only_with_trigger.py for tasks to queue
[2026-02-13T22:32:11.992+0000] {logging_mixin.py:137} INFO - [2026-02-13T22:32:11.992+0000] {dagbag.py:538} INFO - Filling up the DagBag from /home/airflow/.local/lib/python3.7/site-packages/airflow/example_dags/example_latest_only_with_trigger.py
[2026-02-13T22:32:11.998+0000] {processor.py:753} INFO - DAG(s) dict_keys(['latest_only_with_trigger']) retrieved from /home/airflow/.local/lib/python3.7/site-packages/airflow/example_dags/example_latest_only_with_trigger.py
[2026-02-13T22:32:12.009+0000] {logging_mixin.py:137} INFO - [2026-02-13T22:32:12.009+0000] {dag.py:2690} INFO - Sync 1 DAGs
[2026-02-13T22:32:12.019+0000] {logging_mixin.py:137} INFO - [2026-02-13T22:32:12.019+0000] {dag.py:3441} INFO - Setting next_dagrun for latest_only_with_trigger to 2026-02-13T18:32:12.019468+00:00, run_after=2026-02-13T22:32:12.019468+00:00
[2026-02-13T22:32:12.026+0000] {processor.py:175} INFO - Processing /home/airflow/.local/lib/python3.7/site-packages/airflow/example_dags/example_latest_only_with_trigger.py took 0.037 seconds
[2026-02-13T22:32:42.155+0000] {processor.py:153} INFO - Started process (PID=2030) to work on /home/airflow/.local/lib/python3.7/site-packages/airflow/example_dags/example_latest_only_with_trigger.py
[2026-02-13T22:32:42.155+0000] {processor.py:743} INFO - Processing file /home/airflow/.local/lib/python3.7/site-packages/airflow/example_dags/example_latest_only_with_trigger.py for tasks to queue
[2026-02-13T22:32:42.155+0000] {logging_mixin.py:137} INFO - [2026-02-13T22:32:42.155+0000] {dagbag.py:538} INFO - Filling up the DagBag from /home/airflow/.local/lib/python3.7/site-packages/airflow/example_dags/example_latest_only_with_trigger.py
[2026-02-13T22:32:42.161+0000] {processor.py:753} INFO - DAG(s) dict_keys(['latest_only_with_trigger']) retrieved from /home/airflow/.local/lib/python3.7/site-packages/airflow/example_dags/example_latest_only_with_trigger.py
[2026-02-13T22:32:42.171+0000] {logging_mixin.py:137} INFO - [2026-02-13T22:32:42.171+0000] {dag.py:2690} INFO - Sync 1 DAGs
[2026-02-13T22:32:42.183+0000] {logging_mixin.py:137} INFO - [2026-02-13T22:32:42.183+0000] {dag.py:3441} INFO - Setting next_dagrun for latest_only_with_trigger to 2026-02-13T18:32:42.183456+00:00, run_after=2026-02-13T22:32:42.183456+00:00
[2026-02-13T22:32:42.199+0000] {processor.py:175} INFO - Processing /home/airflow/.local/lib/python3.7/site-packages/airflow/example_dags/example_latest_only_with_trigger.py took 0.046 seconds
[2026-02-13T22:34:03.443+0000] {processor.py:153} INFO - Started process (PID=83) to work on /home/airflow/.local/lib/python3.7/site-packages/airflow/example_dags/example_latest_only_with_trigger.py
[2026-02-13T22:34:03.444+0000] {processor.py:743} INFO - Processing file /home/airflow/.local/lib/python3.7/site-packages/airflow/example_dags/example_latest_only_with_trigger.py for tasks to queue
[2026-02-13T22:34:03.445+0000] {logging_mixin.py:137} INFO - [2026-02-13T22:34:03.445+0000] {dagbag.py:538} INFO - Filling up the DagBag from /home/airflow/.local/lib/python3.7/site-packages/airflow/example_dags/example_latest_only_with_trigger.py
[2026-02-13T22:34:03.453+0000] {processor.py:753} INFO - DAG(s) dict_keys(['latest_only_with_trigger']) retrieved from /home/airflow/.local/lib/python3.7/site-packages/airflow/example_dags/example_latest_only_with_trigger.py
[2026-02-13T22:34:03.476+0000] {logging_mixin.py:137} INFO - [2026-02-13T22:34:03.476+0000] {dag.py:2690} INFO - Sync 1 DAGs
[2026-02-13T22:34:03.499+0000] {logging_mixin.py:137} INFO - [2026-02-13T22:34:03.499+0000] {dag.py:3441} INFO - Setting next_dagrun for latest_only_with_trigger to 2026-02-13T18:34:03.499223+00:00, run_after=2026-02-13T22:34:03.499223+00:00
[2026-02-13T22:34:03.517+0000] {processor.py:175} INFO - Processing /home/airflow/.local/lib/python3.7/site-packages/airflow/example_dags/example_latest_only_with_trigger.py took 0.076 seconds
[2026-02-13T22:34:34.738+0000] {processor.py:153} INFO - Started process (PID=174) to work on /home/airflow/.local/lib/python3.7/site-packages/airflow/example_dags/example_latest_only_with_trigger.py
[2026-02-13T22:34:34.740+0000] {processor.py:743} INFO - Processing file /home/airflow/.local/lib/python3.7/site-packages/airflow/example_dags/example_latest_only_with_trigger.py for tasks to queue
[2026-02-13T22:34:34.741+0000] {logging_mixin.py:137} INFO - [2026-02-13T22:34:34.741+0000] {dagbag.py:538} INFO - Filling up the DagBag from /home/airflow/.local/lib/python3.7/site-packages/airflow/example_dags/example_latest_only_with_trigger.py
[2026-02-13T22:34:34.753+0000] {processor.py:753} INFO - DAG(s) dict_keys(['latest_only_with_trigger']) retrieved from /home/airflow/.local/lib/python3.7/site-packages/airflow/example_dags/example_latest_only_with_trigger.py
[2026-02-13T22:34:34.780+0000] {logging_mixin.py:137} INFO - [2026-02-13T22:34:34.780+0000] {dag.py:2690} INFO - Sync 1 DAGs
[2026-02-13T22:34:34.801+0000] {logging_mixin.py:137} INFO - [2026-02-13T22:34:34.801+0000] {dag.py:3441} INFO - Setting next_dagrun for latest_only_with_trigger to 2026-02-13T18:34:34.799892+00:00, run_after=2026-02-13T22:34:34.799892+00:00
[2026-02-13T22:34:34.816+0000] {processor.py:175} INFO - Processing /home/airflow/.local/lib/python3.7/site-packages/airflow/example_dags/example_latest_only_with_trigger.py took 0.080 seconds
[2026-02-13T22:35:05.931+0000] {processor.py:153} INFO - Started process (PID=249) to work on /home/airflow/.local/lib/python3.7/site-packages/airflow/example_dags/example_latest_only_with_trigger.py
[2026-02-13T22:35:05.931+0000] {processor.py:743} INFO - Processing file /home/airflow/.local/lib/python3.7/site-packages/airflow/example_dags/example_latest_only_with_trigger.py for tasks to queue
[2026-02-13T22:35:05.933+0000] {logging_mixin.py:137} INFO - [2026-02-13T22:35:05.933+0000] {dagbag.py:538} INFO - Filling up the DagBag from /home/airflow/.local/lib/python3.7/site-packages/airflow/example_dags/example_latest_only_with_trigger.py
[2026-02-13T22:35:05.942+0000] {processor.py:753} INFO - DAG(s) dict_keys(['latest_only_with_trigger']) retrieved from /home/airflow/.local/lib/python3.7/site-packages/airflow/example_dags/example_latest_only_with_trigger.py
[2026-02-13T22:35:05.958+0000] {logging_mixin.py:137} INFO - [2026-02-13T22:35:05.958+0000] {dag.py:2690} INFO - Sync 1 DAGs
[2026-02-13T22:35:05.968+0000] {logging_mixin.py:137} INFO - [2026-02-13T22:35:05.968+0000] {dag.py:3441} INFO - Setting next_dagrun for latest_only_with_trigger to 2026-02-13T18:35:05.968727+00:00, run_after=2026-02-13T22:35:05.968727+00:00
[2026-02-13T22:35:05.977+0000] {processor.py:175} INFO - Processing /home/airflow/.local/lib/python3.7/site-packages/airflow/example_dags/example_latest_only_with_trigger.py took 0.048 seconds
[2026-02-13T22:35:36.776+0000] {processor.py:153} INFO - Started process (PID=341) to work on /home/airflow/.local/lib/python3.7/site-packages/airflow/example_dags/example_latest_only_with_trigger.py
[2026-02-13T22:35:36.777+0000] {processor.py:743} INFO - Processing file /home/airflow/.local/lib/python3.7/site-packages/airflow/example_dags/example_latest_only_with_trigger.py for tasks to queue
[2026-02-13T22:35:36.777+0000] {logging_mixin.py:137} INFO - [2026-02-13T22:35:36.777+0000] {dagbag.py:538} INFO - Filling up the DagBag from /home/airflow/.local/lib/python3.7/site-packages/airflow/example_dags/example_latest_only_with_trigger.py
[2026-02-13T22:35:36.784+0000] {processor.py:753} INFO - DAG(s) dict_keys(['latest_only_with_trigger']) retrieved from /home/airflow/.local/lib/python3.7/site-packages/airflow/example_dags/example_latest_only_with_trigger.py
[2026-02-13T22:35:36.800+0000] {logging_mixin.py:137} INFO - [2026-02-13T22:35:36.800+0000] {dag.py:2690} INFO - Sync 1 DAGs
[2026-02-13T22:35:36.813+0000] {logging_mixin.py:137} INFO - [2026-02-13T22:35:36.812+0000] {dag.py:3441} INFO - Setting next_dagrun for latest_only_with_trigger to 2026-02-13T18:35:36.812749+00:00, run_after=2026-02-13T22:35:36.812749+00:00
[2026-02-13T22:35:36.820+0000] {processor.py:175} INFO - Processing /home/airflow/.local/lib/python3.7/site-packages/airflow/example_dags/example_latest_only_with_trigger.py took 0.045 seconds
[2026-02-13T22:36:07.706+0000] {processor.py:153} INFO - Started process (PID=432) to work on /home/airflow/.local/lib/python3.7/site-packages/airflow/example_dags/example_latest_only_with_trigger.py
[2026-02-13T22:36:07.706+0000] {processor.py:743} INFO - Processing file /home/airflow/.local/lib/python3.7/site-packages/airflow/example_dags/example_latest_only_with_trigger.py for tasks to queue
[2026-02-13T22:36:07.707+0000] {logging_mixin.py:137} INFO - [2026-02-13T22:36:07.707+0000] {dagbag.py:538} INFO - Filling up the DagBag from /home/airflow/.local/lib/python3.7/site-packages/airflow/example_dags/example_latest_only_with_trigger.py
[2026-02-13T22:36:07.713+0000] {processor.py:753} INFO - DAG(s) dict_keys(['latest_only_with_trigger']) retrieved from /home/airflow/.local/lib/python3.7/site-packages/airflow/example_dags/example_latest_only_with_trigger.py
[2026-02-13T22:36:07.727+0000] {logging_mixin.py:137} INFO - [2026-02-13T22:36:07.727+0000] {dag.py:2690} INFO - Sync 1 DAGs
[2026-02-13T22:36:07.740+0000] {logging_mixin.py:137} INFO - [2026-02-13T22:36:07.740+0000] {dag.py:3441} INFO - Setting next_dagrun for latest_only_with_trigger to 2026-02-13T18:36:07.739915+00:00, run_after=2026-02-13T22:36:07.739915+00:00
[2026-02-13T22:36:07.747+0000] {processor.py:175} INFO - Processing /home/airflow/.local/lib/python3.7/site-packages/airflow/example_dags/example_latest_only_with_trigger.py took 0.043 seconds
[2026-02-13T22:36:38.493+0000] {processor.py:153} INFO - Started process (PID=524) to work on /home/airflow/.local/lib/python3.7/site-packages/airflow/example_dags/example_latest_only_with_trigger.py
[2026-02-13T22:36:38.494+0000] {processor.py:743} INFO - Processing file /home/airflow/.local/lib/python3.7/site-packages/airflow/example_dags/example_latest_only_with_trigger.py for tasks to queue
[2026-02-13T22:36:38.494+0000] {logging_mixin.py:137} INFO - [2026-02-13T22:36:38.494+0000] {dagbag.py:538} INFO - Filling up the DagBag from /home/airflow/.local/lib/python3.7/site-packages/airflow/example_dags/example_latest_only_with_trigger.py
[2026-02-13T22:36:38.501+0000] {processor.py:753} INFO - DAG(s) dict_keys(['latest_only_with_trigger']) retrieved from /home/airflow/.local/lib/python3.7/site-packages/airflow/example_dags/example_latest_only_with_trigger.py
[2026-02-13T22:36:38.514+0000] {logging_mixin.py:137} INFO - [2026-02-13T22:36:38.514+0000] {dag.py:2690} INFO - Sync 1 DAGs
[2026-02-13T22:36:38.528+0000] {logging_mixin.py:137} INFO - [2026-02-13T22:36:38.528+0000] {dag.py:3441} INFO - Setting next_dagrun for latest_only_with_trigger to 2026-02-13T18:36:38.528172+00:00, run_after=2026-02-13T22:36:38.528172+00:00
[2026-02-13T22:36:38.539+0000] {processor.py:175} INFO - Processing /home/airflow/.local/lib/python3.7/site-packages/airflow/example_dags/example_latest_only_with_trigger.py took 0.048 seconds
