[2026-02-13T21:49:32.280+0000] {processor.py:153} INFO - Started process (PID=69) to work on /home/airflow/.local/lib/python3.7/site-packages/airflow/example_dags/tutorial_taskflow_api.py
[2026-02-13T21:49:32.281+0000] {processor.py:743} INFO - Processing file /home/airflow/.local/lib/python3.7/site-packages/airflow/example_dags/tutorial_taskflow_api.py for tasks to queue
[2026-02-13T21:49:32.282+0000] {logging_mixin.py:137} INFO - [2026-02-13T21:49:32.282+0000] {dagbag.py:538} INFO - Filling up the DagBag from /home/airflow/.local/lib/python3.7/site-packages/airflow/example_dags/tutorial_taskflow_api.py
[2026-02-13T21:49:32.303+0000] {processor.py:753} INFO - DAG(s) dict_keys(['tutorial_taskflow_api']) retrieved from /home/airflow/.local/lib/python3.7/site-packages/airflow/example_dags/tutorial_taskflow_api.py
[2026-02-13T21:49:32.317+0000] {logging_mixin.py:137} INFO - [2026-02-13T21:49:32.317+0000] {dag.py:2690} INFO - Sync 1 DAGs
[2026-02-13T21:49:32.349+0000] {logging_mixin.py:137} INFO - [2026-02-13T21:49:32.349+0000] {dag.py:3441} INFO - Setting next_dagrun for tutorial_taskflow_api to None, run_after=None
[2026-02-13T21:49:32.370+0000] {processor.py:175} INFO - Processing /home/airflow/.local/lib/python3.7/site-packages/airflow/example_dags/tutorial_taskflow_api.py took 0.092 seconds
[2026-02-13T21:50:02.864+0000] {processor.py:153} INFO - Started process (PID=157) to work on /home/airflow/.local/lib/python3.7/site-packages/airflow/example_dags/tutorial_taskflow_api.py
[2026-02-13T21:50:02.865+0000] {processor.py:743} INFO - Processing file /home/airflow/.local/lib/python3.7/site-packages/airflow/example_dags/tutorial_taskflow_api.py for tasks to queue
[2026-02-13T21:50:02.867+0000] {logging_mixin.py:137} INFO - [2026-02-13T21:50:02.866+0000] {dagbag.py:538} INFO - Filling up the DagBag from /home/airflow/.local/lib/python3.7/site-packages/airflow/example_dags/tutorial_taskflow_api.py
[2026-02-13T21:50:02.875+0000] {processor.py:753} INFO - DAG(s) dict_keys(['tutorial_taskflow_api']) retrieved from /home/airflow/.local/lib/python3.7/site-packages/airflow/example_dags/tutorial_taskflow_api.py
[2026-02-13T21:50:02.890+0000] {logging_mixin.py:137} INFO - [2026-02-13T21:50:02.890+0000] {dag.py:2690} INFO - Sync 1 DAGs
[2026-02-13T21:50:02.900+0000] {logging_mixin.py:137} INFO - [2026-02-13T21:50:02.900+0000] {dag.py:3441} INFO - Setting next_dagrun for tutorial_taskflow_api to None, run_after=None
[2026-02-13T21:50:02.912+0000] {processor.py:175} INFO - Processing /home/airflow/.local/lib/python3.7/site-packages/airflow/example_dags/tutorial_taskflow_api.py took 0.050 seconds
[2026-02-13T21:50:33.558+0000] {processor.py:153} INFO - Started process (PID=246) to work on /home/airflow/.local/lib/python3.7/site-packages/airflow/example_dags/tutorial_taskflow_api.py
[2026-02-13T21:50:33.559+0000] {processor.py:743} INFO - Processing file /home/airflow/.local/lib/python3.7/site-packages/airflow/example_dags/tutorial_taskflow_api.py for tasks to queue
[2026-02-13T21:50:33.559+0000] {logging_mixin.py:137} INFO - [2026-02-13T21:50:33.559+0000] {dagbag.py:538} INFO - Filling up the DagBag from /home/airflow/.local/lib/python3.7/site-packages/airflow/example_dags/tutorial_taskflow_api.py
[2026-02-13T21:50:33.576+0000] {processor.py:753} INFO - DAG(s) dict_keys(['tutorial_taskflow_api']) retrieved from /home/airflow/.local/lib/python3.7/site-packages/airflow/example_dags/tutorial_taskflow_api.py
[2026-02-13T21:50:33.593+0000] {logging_mixin.py:137} INFO - [2026-02-13T21:50:33.593+0000] {dag.py:2690} INFO - Sync 1 DAGs
[2026-02-13T21:50:33.608+0000] {logging_mixin.py:137} INFO - [2026-02-13T21:50:33.608+0000] {dag.py:3441} INFO - Setting next_dagrun for tutorial_taskflow_api to None, run_after=None
[2026-02-13T21:50:33.620+0000] {processor.py:175} INFO - Processing /home/airflow/.local/lib/python3.7/site-packages/airflow/example_dags/tutorial_taskflow_api.py took 0.064 seconds
[2026-02-13T21:51:03.964+0000] {processor.py:153} INFO - Started process (PID=318) to work on /home/airflow/.local/lib/python3.7/site-packages/airflow/example_dags/tutorial_taskflow_api.py
[2026-02-13T21:51:03.964+0000] {processor.py:743} INFO - Processing file /home/airflow/.local/lib/python3.7/site-packages/airflow/example_dags/tutorial_taskflow_api.py for tasks to queue
[2026-02-13T21:51:03.964+0000] {logging_mixin.py:137} INFO - [2026-02-13T21:51:03.964+0000] {dagbag.py:538} INFO - Filling up the DagBag from /home/airflow/.local/lib/python3.7/site-packages/airflow/example_dags/tutorial_taskflow_api.py
[2026-02-13T21:51:03.974+0000] {processor.py:753} INFO - DAG(s) dict_keys(['tutorial_taskflow_api']) retrieved from /home/airflow/.local/lib/python3.7/site-packages/airflow/example_dags/tutorial_taskflow_api.py
[2026-02-13T21:51:03.990+0000] {logging_mixin.py:137} INFO - [2026-02-13T21:51:03.990+0000] {dag.py:2690} INFO - Sync 1 DAGs
[2026-02-13T21:51:04.002+0000] {logging_mixin.py:137} INFO - [2026-02-13T21:51:04.002+0000] {dag.py:3441} INFO - Setting next_dagrun for tutorial_taskflow_api to None, run_after=None
[2026-02-13T21:51:04.012+0000] {processor.py:175} INFO - Processing /home/airflow/.local/lib/python3.7/site-packages/airflow/example_dags/tutorial_taskflow_api.py took 0.050 seconds
[2026-02-13T21:51:34.428+0000] {processor.py:153} INFO - Started process (PID=406) to work on /home/airflow/.local/lib/python3.7/site-packages/airflow/example_dags/tutorial_taskflow_api.py
[2026-02-13T21:51:34.431+0000] {processor.py:743} INFO - Processing file /home/airflow/.local/lib/python3.7/site-packages/airflow/example_dags/tutorial_taskflow_api.py for tasks to queue
[2026-02-13T21:51:34.433+0000] {logging_mixin.py:137} INFO - [2026-02-13T21:51:34.432+0000] {dagbag.py:538} INFO - Filling up the DagBag from /home/airflow/.local/lib/python3.7/site-packages/airflow/example_dags/tutorial_taskflow_api.py
[2026-02-13T21:51:34.443+0000] {processor.py:753} INFO - DAG(s) dict_keys(['tutorial_taskflow_api']) retrieved from /home/airflow/.local/lib/python3.7/site-packages/airflow/example_dags/tutorial_taskflow_api.py
[2026-02-13T21:51:34.456+0000] {logging_mixin.py:137} INFO - [2026-02-13T21:51:34.456+0000] {dag.py:2690} INFO - Sync 1 DAGs
[2026-02-13T21:51:34.466+0000] {logging_mixin.py:137} INFO - [2026-02-13T21:51:34.466+0000] {dag.py:3441} INFO - Setting next_dagrun for tutorial_taskflow_api to None, run_after=None
[2026-02-13T21:51:34.475+0000] {processor.py:175} INFO - Processing /home/airflow/.local/lib/python3.7/site-packages/airflow/example_dags/tutorial_taskflow_api.py took 0.048 seconds
[2026-02-13T21:52:04.868+0000] {processor.py:153} INFO - Started process (PID=494) to work on /home/airflow/.local/lib/python3.7/site-packages/airflow/example_dags/tutorial_taskflow_api.py
[2026-02-13T21:52:04.869+0000] {processor.py:743} INFO - Processing file /home/airflow/.local/lib/python3.7/site-packages/airflow/example_dags/tutorial_taskflow_api.py for tasks to queue
[2026-02-13T21:52:04.869+0000] {logging_mixin.py:137} INFO - [2026-02-13T21:52:04.869+0000] {dagbag.py:538} INFO - Filling up the DagBag from /home/airflow/.local/lib/python3.7/site-packages/airflow/example_dags/tutorial_taskflow_api.py
[2026-02-13T21:52:04.880+0000] {processor.py:753} INFO - DAG(s) dict_keys(['tutorial_taskflow_api']) retrieved from /home/airflow/.local/lib/python3.7/site-packages/airflow/example_dags/tutorial_taskflow_api.py
[2026-02-13T21:52:04.894+0000] {logging_mixin.py:137} INFO - [2026-02-13T21:52:04.894+0000] {dag.py:2690} INFO - Sync 1 DAGs
[2026-02-13T21:52:04.906+0000] {logging_mixin.py:137} INFO - [2026-02-13T21:52:04.906+0000] {dag.py:3441} INFO - Setting next_dagrun for tutorial_taskflow_api to None, run_after=None
[2026-02-13T21:52:04.917+0000] {processor.py:175} INFO - Processing /home/airflow/.local/lib/python3.7/site-packages/airflow/example_dags/tutorial_taskflow_api.py took 0.050 seconds
[2026-02-13T21:52:35.437+0000] {processor.py:153} INFO - Started process (PID=582) to work on /home/airflow/.local/lib/python3.7/site-packages/airflow/example_dags/tutorial_taskflow_api.py
[2026-02-13T21:52:35.438+0000] {processor.py:743} INFO - Processing file /home/airflow/.local/lib/python3.7/site-packages/airflow/example_dags/tutorial_taskflow_api.py for tasks to queue
[2026-02-13T21:52:35.440+0000] {logging_mixin.py:137} INFO - [2026-02-13T21:52:35.440+0000] {dagbag.py:538} INFO - Filling up the DagBag from /home/airflow/.local/lib/python3.7/site-packages/airflow/example_dags/tutorial_taskflow_api.py
[2026-02-13T21:52:35.448+0000] {processor.py:753} INFO - DAG(s) dict_keys(['tutorial_taskflow_api']) retrieved from /home/airflow/.local/lib/python3.7/site-packages/airflow/example_dags/tutorial_taskflow_api.py
[2026-02-13T21:52:35.462+0000] {logging_mixin.py:137} INFO - [2026-02-13T21:52:35.462+0000] {dag.py:2690} INFO - Sync 1 DAGs
[2026-02-13T21:52:35.472+0000] {logging_mixin.py:137} INFO - [2026-02-13T21:52:35.472+0000] {dag.py:3441} INFO - Setting next_dagrun for tutorial_taskflow_api to None, run_after=None
[2026-02-13T21:52:35.482+0000] {processor.py:175} INFO - Processing /home/airflow/.local/lib/python3.7/site-packages/airflow/example_dags/tutorial_taskflow_api.py took 0.047 seconds
[2026-02-13T21:53:05.927+0000] {processor.py:153} INFO - Started process (PID=653) to work on /home/airflow/.local/lib/python3.7/site-packages/airflow/example_dags/tutorial_taskflow_api.py
[2026-02-13T21:53:05.928+0000] {processor.py:743} INFO - Processing file /home/airflow/.local/lib/python3.7/site-packages/airflow/example_dags/tutorial_taskflow_api.py for tasks to queue
[2026-02-13T21:53:05.928+0000] {logging_mixin.py:137} INFO - [2026-02-13T21:53:05.928+0000] {dagbag.py:538} INFO - Filling up the DagBag from /home/airflow/.local/lib/python3.7/site-packages/airflow/example_dags/tutorial_taskflow_api.py
[2026-02-13T21:53:05.938+0000] {processor.py:753} INFO - DAG(s) dict_keys(['tutorial_taskflow_api']) retrieved from /home/airflow/.local/lib/python3.7/site-packages/airflow/example_dags/tutorial_taskflow_api.py
[2026-02-13T21:53:05.950+0000] {logging_mixin.py:137} INFO - [2026-02-13T21:53:05.950+0000] {dag.py:2690} INFO - Sync 1 DAGs
[2026-02-13T21:53:05.962+0000] {logging_mixin.py:137} INFO - [2026-02-13T21:53:05.962+0000] {dag.py:3441} INFO - Setting next_dagrun for tutorial_taskflow_api to None, run_after=None
[2026-02-13T21:53:05.972+0000] {processor.py:175} INFO - Processing /home/airflow/.local/lib/python3.7/site-packages/airflow/example_dags/tutorial_taskflow_api.py took 0.046 seconds
[2026-02-13T21:53:36.440+0000] {processor.py:153} INFO - Started process (PID=741) to work on /home/airflow/.local/lib/python3.7/site-packages/airflow/example_dags/tutorial_taskflow_api.py
[2026-02-13T21:53:36.440+0000] {processor.py:743} INFO - Processing file /home/airflow/.local/lib/python3.7/site-packages/airflow/example_dags/tutorial_taskflow_api.py for tasks to queue
[2026-02-13T21:53:36.440+0000] {logging_mixin.py:137} INFO - [2026-02-13T21:53:36.440+0000] {dagbag.py:538} INFO - Filling up the DagBag from /home/airflow/.local/lib/python3.7/site-packages/airflow/example_dags/tutorial_taskflow_api.py
[2026-02-13T21:53:36.448+0000] {processor.py:753} INFO - DAG(s) dict_keys(['tutorial_taskflow_api']) retrieved from /home/airflow/.local/lib/python3.7/site-packages/airflow/example_dags/tutorial_taskflow_api.py
[2026-02-13T21:53:36.457+0000] {logging_mixin.py:137} INFO - [2026-02-13T21:53:36.457+0000] {dag.py:2690} INFO - Sync 1 DAGs
[2026-02-13T21:53:36.466+0000] {logging_mixin.py:137} INFO - [2026-02-13T21:53:36.466+0000] {dag.py:3441} INFO - Setting next_dagrun for tutorial_taskflow_api to None, run_after=None
[2026-02-13T21:53:36.472+0000] {processor.py:175} INFO - Processing /home/airflow/.local/lib/python3.7/site-packages/airflow/example_dags/tutorial_taskflow_api.py took 0.034 seconds
[2026-02-13T21:54:06.858+0000] {processor.py:153} INFO - Started process (PID=829) to work on /home/airflow/.local/lib/python3.7/site-packages/airflow/example_dags/tutorial_taskflow_api.py
[2026-02-13T21:54:06.861+0000] {processor.py:743} INFO - Processing file /home/airflow/.local/lib/python3.7/site-packages/airflow/example_dags/tutorial_taskflow_api.py for tasks to queue
[2026-02-13T21:54:06.861+0000] {logging_mixin.py:137} INFO - [2026-02-13T21:54:06.861+0000] {dagbag.py:538} INFO - Filling up the DagBag from /home/airflow/.local/lib/python3.7/site-packages/airflow/example_dags/tutorial_taskflow_api.py
[2026-02-13T21:54:06.871+0000] {processor.py:753} INFO - DAG(s) dict_keys(['tutorial_taskflow_api']) retrieved from /home/airflow/.local/lib/python3.7/site-packages/airflow/example_dags/tutorial_taskflow_api.py
[2026-02-13T21:54:06.880+0000] {logging_mixin.py:137} INFO - [2026-02-13T21:54:06.879+0000] {dag.py:2690} INFO - Sync 1 DAGs
[2026-02-13T21:54:06.893+0000] {logging_mixin.py:137} INFO - [2026-02-13T21:54:06.893+0000] {dag.py:3441} INFO - Setting next_dagrun for tutorial_taskflow_api to None, run_after=None
[2026-02-13T21:54:06.902+0000] {processor.py:175} INFO - Processing /home/airflow/.local/lib/python3.7/site-packages/airflow/example_dags/tutorial_taskflow_api.py took 0.046 seconds
[2026-02-13T21:54:37.486+0000] {processor.py:153} INFO - Started process (PID=917) to work on /home/airflow/.local/lib/python3.7/site-packages/airflow/example_dags/tutorial_taskflow_api.py
[2026-02-13T21:54:37.487+0000] {processor.py:743} INFO - Processing file /home/airflow/.local/lib/python3.7/site-packages/airflow/example_dags/tutorial_taskflow_api.py for tasks to queue
[2026-02-13T21:54:37.487+0000] {logging_mixin.py:137} INFO - [2026-02-13T21:54:37.487+0000] {dagbag.py:538} INFO - Filling up the DagBag from /home/airflow/.local/lib/python3.7/site-packages/airflow/example_dags/tutorial_taskflow_api.py
[2026-02-13T21:54:37.499+0000] {processor.py:753} INFO - DAG(s) dict_keys(['tutorial_taskflow_api']) retrieved from /home/airflow/.local/lib/python3.7/site-packages/airflow/example_dags/tutorial_taskflow_api.py
[2026-02-13T21:54:37.512+0000] {logging_mixin.py:137} INFO - [2026-02-13T21:54:37.512+0000] {dag.py:2690} INFO - Sync 1 DAGs
[2026-02-13T21:54:37.525+0000] {logging_mixin.py:137} INFO - [2026-02-13T21:54:37.525+0000] {dag.py:3441} INFO - Setting next_dagrun for tutorial_taskflow_api to None, run_after=None
[2026-02-13T21:54:37.535+0000] {processor.py:175} INFO - Processing /home/airflow/.local/lib/python3.7/site-packages/airflow/example_dags/tutorial_taskflow_api.py took 0.051 seconds
[2026-02-13T21:55:08.057+0000] {processor.py:153} INFO - Started process (PID=989) to work on /home/airflow/.local/lib/python3.7/site-packages/airflow/example_dags/tutorial_taskflow_api.py
[2026-02-13T21:55:08.058+0000] {processor.py:743} INFO - Processing file /home/airflow/.local/lib/python3.7/site-packages/airflow/example_dags/tutorial_taskflow_api.py for tasks to queue
[2026-02-13T21:55:08.058+0000] {logging_mixin.py:137} INFO - [2026-02-13T21:55:08.058+0000] {dagbag.py:538} INFO - Filling up the DagBag from /home/airflow/.local/lib/python3.7/site-packages/airflow/example_dags/tutorial_taskflow_api.py
[2026-02-13T21:55:08.066+0000] {processor.py:753} INFO - DAG(s) dict_keys(['tutorial_taskflow_api']) retrieved from /home/airflow/.local/lib/python3.7/site-packages/airflow/example_dags/tutorial_taskflow_api.py
[2026-02-13T21:55:08.075+0000] {logging_mixin.py:137} INFO - [2026-02-13T21:55:08.075+0000] {dag.py:2690} INFO - Sync 1 DAGs
[2026-02-13T21:55:08.084+0000] {logging_mixin.py:137} INFO - [2026-02-13T21:55:08.084+0000] {dag.py:3441} INFO - Setting next_dagrun for tutorial_taskflow_api to None, run_after=None
[2026-02-13T21:55:08.090+0000] {processor.py:175} INFO - Processing /home/airflow/.local/lib/python3.7/site-packages/airflow/example_dags/tutorial_taskflow_api.py took 0.034 seconds
[2026-02-13T21:55:38.508+0000] {processor.py:153} INFO - Started process (PID=1077) to work on /home/airflow/.local/lib/python3.7/site-packages/airflow/example_dags/tutorial_taskflow_api.py
[2026-02-13T21:55:38.509+0000] {processor.py:743} INFO - Processing file /home/airflow/.local/lib/python3.7/site-packages/airflow/example_dags/tutorial_taskflow_api.py for tasks to queue
[2026-02-13T21:55:38.510+0000] {logging_mixin.py:137} INFO - [2026-02-13T21:55:38.510+0000] {dagbag.py:538} INFO - Filling up the DagBag from /home/airflow/.local/lib/python3.7/site-packages/airflow/example_dags/tutorial_taskflow_api.py
[2026-02-13T21:55:38.520+0000] {processor.py:753} INFO - DAG(s) dict_keys(['tutorial_taskflow_api']) retrieved from /home/airflow/.local/lib/python3.7/site-packages/airflow/example_dags/tutorial_taskflow_api.py
[2026-02-13T21:55:38.534+0000] {logging_mixin.py:137} INFO - [2026-02-13T21:55:38.534+0000] {dag.py:2690} INFO - Sync 1 DAGs
[2026-02-13T21:55:38.548+0000] {logging_mixin.py:137} INFO - [2026-02-13T21:55:38.548+0000] {dag.py:3441} INFO - Setting next_dagrun for tutorial_taskflow_api to None, run_after=None
[2026-02-13T21:55:38.557+0000] {processor.py:175} INFO - Processing /home/airflow/.local/lib/python3.7/site-packages/airflow/example_dags/tutorial_taskflow_api.py took 0.050 seconds
[2026-02-13T21:56:08.993+0000] {processor.py:153} INFO - Started process (PID=1165) to work on /home/airflow/.local/lib/python3.7/site-packages/airflow/example_dags/tutorial_taskflow_api.py
[2026-02-13T21:56:08.994+0000] {processor.py:743} INFO - Processing file /home/airflow/.local/lib/python3.7/site-packages/airflow/example_dags/tutorial_taskflow_api.py for tasks to queue
[2026-02-13T21:56:08.994+0000] {logging_mixin.py:137} INFO - [2026-02-13T21:56:08.994+0000] {dagbag.py:538} INFO - Filling up the DagBag from /home/airflow/.local/lib/python3.7/site-packages/airflow/example_dags/tutorial_taskflow_api.py
[2026-02-13T21:56:09.007+0000] {processor.py:753} INFO - DAG(s) dict_keys(['tutorial_taskflow_api']) retrieved from /home/airflow/.local/lib/python3.7/site-packages/airflow/example_dags/tutorial_taskflow_api.py
[2026-02-13T21:56:09.026+0000] {logging_mixin.py:137} INFO - [2026-02-13T21:56:09.026+0000] {dag.py:2690} INFO - Sync 1 DAGs
[2026-02-13T21:56:09.040+0000] {logging_mixin.py:137} INFO - [2026-02-13T21:56:09.040+0000] {dag.py:3441} INFO - Setting next_dagrun for tutorial_taskflow_api to None, run_after=None
[2026-02-13T21:56:09.049+0000] {processor.py:175} INFO - Processing /home/airflow/.local/lib/python3.7/site-packages/airflow/example_dags/tutorial_taskflow_api.py took 0.057 seconds
[2026-02-13T21:56:40.022+0000] {processor.py:153} INFO - Started process (PID=1253) to work on /home/airflow/.local/lib/python3.7/site-packages/airflow/example_dags/tutorial_taskflow_api.py
[2026-02-13T21:56:40.024+0000] {processor.py:743} INFO - Processing file /home/airflow/.local/lib/python3.7/site-packages/airflow/example_dags/tutorial_taskflow_api.py for tasks to queue
[2026-02-13T21:56:40.025+0000] {logging_mixin.py:137} INFO - [2026-02-13T21:56:40.025+0000] {dagbag.py:538} INFO - Filling up the DagBag from /home/airflow/.local/lib/python3.7/site-packages/airflow/example_dags/tutorial_taskflow_api.py
[2026-02-13T21:56:40.037+0000] {processor.py:753} INFO - DAG(s) dict_keys(['tutorial_taskflow_api']) retrieved from /home/airflow/.local/lib/python3.7/site-packages/airflow/example_dags/tutorial_taskflow_api.py
[2026-02-13T21:56:40.059+0000] {logging_mixin.py:137} INFO - [2026-02-13T21:56:40.059+0000] {dag.py:2690} INFO - Sync 1 DAGs
[2026-02-13T21:56:40.074+0000] {logging_mixin.py:137} INFO - [2026-02-13T21:56:40.074+0000] {dag.py:3441} INFO - Setting next_dagrun for tutorial_taskflow_api to None, run_after=None
[2026-02-13T21:56:40.089+0000] {processor.py:175} INFO - Processing /home/airflow/.local/lib/python3.7/site-packages/airflow/example_dags/tutorial_taskflow_api.py took 0.068 seconds
[2026-02-13T22:01:04.404+0000] {processor.py:153} INFO - Started process (PID=67) to work on /home/airflow/.local/lib/python3.7/site-packages/airflow/example_dags/tutorial_taskflow_api.py
[2026-02-13T22:01:04.405+0000] {processor.py:743} INFO - Processing file /home/airflow/.local/lib/python3.7/site-packages/airflow/example_dags/tutorial_taskflow_api.py for tasks to queue
[2026-02-13T22:01:04.407+0000] {logging_mixin.py:137} INFO - [2026-02-13T22:01:04.407+0000] {dagbag.py:538} INFO - Filling up the DagBag from /home/airflow/.local/lib/python3.7/site-packages/airflow/example_dags/tutorial_taskflow_api.py
[2026-02-13T22:01:04.425+0000] {processor.py:753} INFO - DAG(s) dict_keys(['tutorial_taskflow_api']) retrieved from /home/airflow/.local/lib/python3.7/site-packages/airflow/example_dags/tutorial_taskflow_api.py
[2026-02-13T22:01:04.437+0000] {logging_mixin.py:137} INFO - [2026-02-13T22:01:04.437+0000] {dag.py:2690} INFO - Sync 1 DAGs
[2026-02-13T22:01:04.465+0000] {logging_mixin.py:137} INFO - [2026-02-13T22:01:04.465+0000] {dag.py:3441} INFO - Setting next_dagrun for tutorial_taskflow_api to None, run_after=None
[2026-02-13T22:01:04.480+0000] {processor.py:175} INFO - Processing /home/airflow/.local/lib/python3.7/site-packages/airflow/example_dags/tutorial_taskflow_api.py took 0.082 seconds
[2026-02-13T22:01:35.051+0000] {processor.py:153} INFO - Started process (PID=154) to work on /home/airflow/.local/lib/python3.7/site-packages/airflow/example_dags/tutorial_taskflow_api.py
[2026-02-13T22:01:35.052+0000] {processor.py:743} INFO - Processing file /home/airflow/.local/lib/python3.7/site-packages/airflow/example_dags/tutorial_taskflow_api.py for tasks to queue
[2026-02-13T22:01:35.052+0000] {logging_mixin.py:137} INFO - [2026-02-13T22:01:35.052+0000] {dagbag.py:538} INFO - Filling up the DagBag from /home/airflow/.local/lib/python3.7/site-packages/airflow/example_dags/tutorial_taskflow_api.py
[2026-02-13T22:01:35.061+0000] {processor.py:753} INFO - DAG(s) dict_keys(['tutorial_taskflow_api']) retrieved from /home/airflow/.local/lib/python3.7/site-packages/airflow/example_dags/tutorial_taskflow_api.py
[2026-02-13T22:01:35.072+0000] {logging_mixin.py:137} INFO - [2026-02-13T22:01:35.072+0000] {dag.py:2690} INFO - Sync 1 DAGs
[2026-02-13T22:01:35.085+0000] {logging_mixin.py:137} INFO - [2026-02-13T22:01:35.084+0000] {dag.py:3441} INFO - Setting next_dagrun for tutorial_taskflow_api to None, run_after=None
[2026-02-13T22:01:35.095+0000] {processor.py:175} INFO - Processing /home/airflow/.local/lib/python3.7/site-packages/airflow/example_dags/tutorial_taskflow_api.py took 0.045 seconds
[2026-02-13T22:02:05.605+0000] {processor.py:153} INFO - Started process (PID=244) to work on /home/airflow/.local/lib/python3.7/site-packages/airflow/example_dags/tutorial_taskflow_api.py
[2026-02-13T22:02:05.606+0000] {processor.py:743} INFO - Processing file /home/airflow/.local/lib/python3.7/site-packages/airflow/example_dags/tutorial_taskflow_api.py for tasks to queue
[2026-02-13T22:02:05.607+0000] {logging_mixin.py:137} INFO - [2026-02-13T22:02:05.607+0000] {dagbag.py:538} INFO - Filling up the DagBag from /home/airflow/.local/lib/python3.7/site-packages/airflow/example_dags/tutorial_taskflow_api.py
[2026-02-13T22:02:05.618+0000] {processor.py:753} INFO - DAG(s) dict_keys(['tutorial_taskflow_api']) retrieved from /home/airflow/.local/lib/python3.7/site-packages/airflow/example_dags/tutorial_taskflow_api.py
[2026-02-13T22:02:05.631+0000] {logging_mixin.py:137} INFO - [2026-02-13T22:02:05.631+0000] {dag.py:2690} INFO - Sync 1 DAGs
[2026-02-13T22:02:05.643+0000] {logging_mixin.py:137} INFO - [2026-02-13T22:02:05.643+0000] {dag.py:3441} INFO - Setting next_dagrun for tutorial_taskflow_api to None, run_after=None
[2026-02-13T22:02:05.655+0000] {processor.py:175} INFO - Processing /home/airflow/.local/lib/python3.7/site-packages/airflow/example_dags/tutorial_taskflow_api.py took 0.051 seconds
[2026-02-13T22:02:36.225+0000] {processor.py:153} INFO - Started process (PID=316) to work on /home/airflow/.local/lib/python3.7/site-packages/airflow/example_dags/tutorial_taskflow_api.py
[2026-02-13T22:02:36.228+0000] {processor.py:743} INFO - Processing file /home/airflow/.local/lib/python3.7/site-packages/airflow/example_dags/tutorial_taskflow_api.py for tasks to queue
[2026-02-13T22:02:36.228+0000] {logging_mixin.py:137} INFO - [2026-02-13T22:02:36.228+0000] {dagbag.py:538} INFO - Filling up the DagBag from /home/airflow/.local/lib/python3.7/site-packages/airflow/example_dags/tutorial_taskflow_api.py
[2026-02-13T22:02:36.241+0000] {processor.py:753} INFO - DAG(s) dict_keys(['tutorial_taskflow_api']) retrieved from /home/airflow/.local/lib/python3.7/site-packages/airflow/example_dags/tutorial_taskflow_api.py
[2026-02-13T22:02:36.257+0000] {logging_mixin.py:137} INFO - [2026-02-13T22:02:36.257+0000] {dag.py:2690} INFO - Sync 1 DAGs
[2026-02-13T22:02:36.270+0000] {logging_mixin.py:137} INFO - [2026-02-13T22:02:36.270+0000] {dag.py:3441} INFO - Setting next_dagrun for tutorial_taskflow_api to None, run_after=None
[2026-02-13T22:02:36.281+0000] {processor.py:175} INFO - Processing /home/airflow/.local/lib/python3.7/site-packages/airflow/example_dags/tutorial_taskflow_api.py took 0.058 seconds
[2026-02-13T22:03:30.625+0000] {processor.py:153} INFO - Started process (PID=67) to work on /home/airflow/.local/lib/python3.7/site-packages/airflow/example_dags/tutorial_taskflow_api.py
[2026-02-13T22:03:30.626+0000] {processor.py:743} INFO - Processing file /home/airflow/.local/lib/python3.7/site-packages/airflow/example_dags/tutorial_taskflow_api.py for tasks to queue
[2026-02-13T22:03:30.626+0000] {logging_mixin.py:137} INFO - [2026-02-13T22:03:30.626+0000] {dagbag.py:538} INFO - Filling up the DagBag from /home/airflow/.local/lib/python3.7/site-packages/airflow/example_dags/tutorial_taskflow_api.py
[2026-02-13T22:03:30.640+0000] {processor.py:753} INFO - DAG(s) dict_keys(['tutorial_taskflow_api']) retrieved from /home/airflow/.local/lib/python3.7/site-packages/airflow/example_dags/tutorial_taskflow_api.py
[2026-02-13T22:03:30.650+0000] {logging_mixin.py:137} INFO - [2026-02-13T22:03:30.650+0000] {dag.py:2690} INFO - Sync 1 DAGs
[2026-02-13T22:03:30.672+0000] {logging_mixin.py:137} INFO - [2026-02-13T22:03:30.672+0000] {dag.py:3441} INFO - Setting next_dagrun for tutorial_taskflow_api to None, run_after=None
[2026-02-13T22:03:30.681+0000] {processor.py:175} INFO - Processing /home/airflow/.local/lib/python3.7/site-packages/airflow/example_dags/tutorial_taskflow_api.py took 0.060 seconds
[2026-02-13T22:04:01.517+0000] {processor.py:153} INFO - Started process (PID=154) to work on /home/airflow/.local/lib/python3.7/site-packages/airflow/example_dags/tutorial_taskflow_api.py
[2026-02-13T22:04:01.517+0000] {processor.py:743} INFO - Processing file /home/airflow/.local/lib/python3.7/site-packages/airflow/example_dags/tutorial_taskflow_api.py for tasks to queue
[2026-02-13T22:04:01.518+0000] {logging_mixin.py:137} INFO - [2026-02-13T22:04:01.518+0000] {dagbag.py:538} INFO - Filling up the DagBag from /home/airflow/.local/lib/python3.7/site-packages/airflow/example_dags/tutorial_taskflow_api.py
[2026-02-13T22:04:01.530+0000] {processor.py:753} INFO - DAG(s) dict_keys(['tutorial_taskflow_api']) retrieved from /home/airflow/.local/lib/python3.7/site-packages/airflow/example_dags/tutorial_taskflow_api.py
[2026-02-13T22:04:01.556+0000] {logging_mixin.py:137} INFO - [2026-02-13T22:04:01.556+0000] {dag.py:2690} INFO - Sync 1 DAGs
[2026-02-13T22:04:01.575+0000] {logging_mixin.py:137} INFO - [2026-02-13T22:04:01.575+0000] {dag.py:3441} INFO - Setting next_dagrun for tutorial_taskflow_api to None, run_after=None
[2026-02-13T22:04:01.588+0000] {processor.py:175} INFO - Processing /home/airflow/.local/lib/python3.7/site-packages/airflow/example_dags/tutorial_taskflow_api.py took 0.074 seconds
[2026-02-13T22:04:32.603+0000] {processor.py:153} INFO - Started process (PID=242) to work on /home/airflow/.local/lib/python3.7/site-packages/airflow/example_dags/tutorial_taskflow_api.py
[2026-02-13T22:04:32.608+0000] {processor.py:743} INFO - Processing file /home/airflow/.local/lib/python3.7/site-packages/airflow/example_dags/tutorial_taskflow_api.py for tasks to queue
[2026-02-13T22:04:32.609+0000] {logging_mixin.py:137} INFO - [2026-02-13T22:04:32.609+0000] {dagbag.py:538} INFO - Filling up the DagBag from /home/airflow/.local/lib/python3.7/site-packages/airflow/example_dags/tutorial_taskflow_api.py
[2026-02-13T22:04:32.644+0000] {processor.py:753} INFO - DAG(s) dict_keys(['tutorial_taskflow_api']) retrieved from /home/airflow/.local/lib/python3.7/site-packages/airflow/example_dags/tutorial_taskflow_api.py
[2026-02-13T22:04:32.672+0000] {logging_mixin.py:137} INFO - [2026-02-13T22:04:32.672+0000] {dag.py:2690} INFO - Sync 1 DAGs
[2026-02-13T22:04:32.689+0000] {logging_mixin.py:137} INFO - [2026-02-13T22:04:32.689+0000] {dag.py:3441} INFO - Setting next_dagrun for tutorial_taskflow_api to None, run_after=None
[2026-02-13T22:04:32.700+0000] {processor.py:175} INFO - Processing /home/airflow/.local/lib/python3.7/site-packages/airflow/example_dags/tutorial_taskflow_api.py took 0.105 seconds
[2026-02-13T22:05:03.179+0000] {processor.py:153} INFO - Started process (PID=314) to work on /home/airflow/.local/lib/python3.7/site-packages/airflow/example_dags/tutorial_taskflow_api.py
[2026-02-13T22:05:03.181+0000] {processor.py:743} INFO - Processing file /home/airflow/.local/lib/python3.7/site-packages/airflow/example_dags/tutorial_taskflow_api.py for tasks to queue
[2026-02-13T22:05:03.181+0000] {logging_mixin.py:137} INFO - [2026-02-13T22:05:03.181+0000] {dagbag.py:538} INFO - Filling up the DagBag from /home/airflow/.local/lib/python3.7/site-packages/airflow/example_dags/tutorial_taskflow_api.py
[2026-02-13T22:05:03.191+0000] {processor.py:753} INFO - DAG(s) dict_keys(['tutorial_taskflow_api']) retrieved from /home/airflow/.local/lib/python3.7/site-packages/airflow/example_dags/tutorial_taskflow_api.py
[2026-02-13T22:05:03.206+0000] {logging_mixin.py:137} INFO - [2026-02-13T22:05:03.206+0000] {dag.py:2690} INFO - Sync 1 DAGs
[2026-02-13T22:05:03.222+0000] {logging_mixin.py:137} INFO - [2026-02-13T22:05:03.222+0000] {dag.py:3441} INFO - Setting next_dagrun for tutorial_taskflow_api to None, run_after=None
[2026-02-13T22:05:03.235+0000] {processor.py:175} INFO - Processing /home/airflow/.local/lib/python3.7/site-packages/airflow/example_dags/tutorial_taskflow_api.py took 0.058 seconds
[2026-02-13T22:05:33.745+0000] {processor.py:153} INFO - Started process (PID=402) to work on /home/airflow/.local/lib/python3.7/site-packages/airflow/example_dags/tutorial_taskflow_api.py
[2026-02-13T22:05:33.746+0000] {processor.py:743} INFO - Processing file /home/airflow/.local/lib/python3.7/site-packages/airflow/example_dags/tutorial_taskflow_api.py for tasks to queue
[2026-02-13T22:05:33.746+0000] {logging_mixin.py:137} INFO - [2026-02-13T22:05:33.746+0000] {dagbag.py:538} INFO - Filling up the DagBag from /home/airflow/.local/lib/python3.7/site-packages/airflow/example_dags/tutorial_taskflow_api.py
[2026-02-13T22:05:33.756+0000] {processor.py:753} INFO - DAG(s) dict_keys(['tutorial_taskflow_api']) retrieved from /home/airflow/.local/lib/python3.7/site-packages/airflow/example_dags/tutorial_taskflow_api.py
[2026-02-13T22:05:33.765+0000] {logging_mixin.py:137} INFO - [2026-02-13T22:05:33.765+0000] {dag.py:2690} INFO - Sync 1 DAGs
[2026-02-13T22:05:33.780+0000] {logging_mixin.py:137} INFO - [2026-02-13T22:05:33.779+0000] {dag.py:3441} INFO - Setting next_dagrun for tutorial_taskflow_api to None, run_after=None
[2026-02-13T22:05:33.795+0000] {processor.py:175} INFO - Processing /home/airflow/.local/lib/python3.7/site-packages/airflow/example_dags/tutorial_taskflow_api.py took 0.052 seconds
[2026-02-13T22:06:33.844+0000] {processor.py:153} INFO - Started process (PID=69) to work on /home/airflow/.local/lib/python3.7/site-packages/airflow/example_dags/tutorial_taskflow_api.py
[2026-02-13T22:06:33.845+0000] {processor.py:743} INFO - Processing file /home/airflow/.local/lib/python3.7/site-packages/airflow/example_dags/tutorial_taskflow_api.py for tasks to queue
[2026-02-13T22:06:33.846+0000] {logging_mixin.py:137} INFO - [2026-02-13T22:06:33.846+0000] {dagbag.py:538} INFO - Filling up the DagBag from /home/airflow/.local/lib/python3.7/site-packages/airflow/example_dags/tutorial_taskflow_api.py
[2026-02-13T22:06:33.862+0000] {processor.py:753} INFO - DAG(s) dict_keys(['tutorial_taskflow_api']) retrieved from /home/airflow/.local/lib/python3.7/site-packages/airflow/example_dags/tutorial_taskflow_api.py
[2026-02-13T22:06:33.879+0000] {logging_mixin.py:137} INFO - [2026-02-13T22:06:33.878+0000] {dag.py:2690} INFO - Sync 1 DAGs
[2026-02-13T22:06:33.899+0000] {logging_mixin.py:137} INFO - [2026-02-13T22:06:33.899+0000] {dag.py:3441} INFO - Setting next_dagrun for tutorial_taskflow_api to None, run_after=None
[2026-02-13T22:06:33.920+0000] {processor.py:175} INFO - Processing /home/airflow/.local/lib/python3.7/site-packages/airflow/example_dags/tutorial_taskflow_api.py took 0.078 seconds
[2026-02-13T22:07:05.078+0000] {processor.py:153} INFO - Started process (PID=158) to work on /home/airflow/.local/lib/python3.7/site-packages/airflow/example_dags/tutorial_taskflow_api.py
[2026-02-13T22:07:05.079+0000] {processor.py:743} INFO - Processing file /home/airflow/.local/lib/python3.7/site-packages/airflow/example_dags/tutorial_taskflow_api.py for tasks to queue
[2026-02-13T22:07:05.081+0000] {logging_mixin.py:137} INFO - [2026-02-13T22:07:05.080+0000] {dagbag.py:538} INFO - Filling up the DagBag from /home/airflow/.local/lib/python3.7/site-packages/airflow/example_dags/tutorial_taskflow_api.py
[2026-02-13T22:07:05.092+0000] {processor.py:753} INFO - DAG(s) dict_keys(['tutorial_taskflow_api']) retrieved from /home/airflow/.local/lib/python3.7/site-packages/airflow/example_dags/tutorial_taskflow_api.py
[2026-02-13T22:07:05.112+0000] {logging_mixin.py:137} INFO - [2026-02-13T22:07:05.112+0000] {dag.py:2690} INFO - Sync 1 DAGs
[2026-02-13T22:07:05.131+0000] {logging_mixin.py:137} INFO - [2026-02-13T22:07:05.131+0000] {dag.py:3441} INFO - Setting next_dagrun for tutorial_taskflow_api to None, run_after=None
[2026-02-13T22:07:05.149+0000] {processor.py:175} INFO - Processing /home/airflow/.local/lib/python3.7/site-packages/airflow/example_dags/tutorial_taskflow_api.py took 0.072 seconds
[2026-02-13T22:07:36.176+0000] {processor.py:153} INFO - Started process (PID=247) to work on /home/airflow/.local/lib/python3.7/site-packages/airflow/example_dags/tutorial_taskflow_api.py
[2026-02-13T22:07:36.176+0000] {processor.py:743} INFO - Processing file /home/airflow/.local/lib/python3.7/site-packages/airflow/example_dags/tutorial_taskflow_api.py for tasks to queue
[2026-02-13T22:07:36.177+0000] {logging_mixin.py:137} INFO - [2026-02-13T22:07:36.177+0000] {dagbag.py:538} INFO - Filling up the DagBag from /home/airflow/.local/lib/python3.7/site-packages/airflow/example_dags/tutorial_taskflow_api.py
[2026-02-13T22:07:36.189+0000] {processor.py:753} INFO - DAG(s) dict_keys(['tutorial_taskflow_api']) retrieved from /home/airflow/.local/lib/python3.7/site-packages/airflow/example_dags/tutorial_taskflow_api.py
[2026-02-13T22:07:36.203+0000] {logging_mixin.py:137} INFO - [2026-02-13T22:07:36.202+0000] {dag.py:2690} INFO - Sync 1 DAGs
[2026-02-13T22:07:36.217+0000] {logging_mixin.py:137} INFO - [2026-02-13T22:07:36.217+0000] {dag.py:3441} INFO - Setting next_dagrun for tutorial_taskflow_api to None, run_after=None
[2026-02-13T22:07:36.229+0000] {processor.py:175} INFO - Processing /home/airflow/.local/lib/python3.7/site-packages/airflow/example_dags/tutorial_taskflow_api.py took 0.055 seconds
[2026-02-13T22:08:06.711+0000] {processor.py:153} INFO - Started process (PID=320) to work on /home/airflow/.local/lib/python3.7/site-packages/airflow/example_dags/tutorial_taskflow_api.py
[2026-02-13T22:08:06.712+0000] {processor.py:743} INFO - Processing file /home/airflow/.local/lib/python3.7/site-packages/airflow/example_dags/tutorial_taskflow_api.py for tasks to queue
[2026-02-13T22:08:06.713+0000] {logging_mixin.py:137} INFO - [2026-02-13T22:08:06.713+0000] {dagbag.py:538} INFO - Filling up the DagBag from /home/airflow/.local/lib/python3.7/site-packages/airflow/example_dags/tutorial_taskflow_api.py
[2026-02-13T22:08:06.726+0000] {processor.py:753} INFO - DAG(s) dict_keys(['tutorial_taskflow_api']) retrieved from /home/airflow/.local/lib/python3.7/site-packages/airflow/example_dags/tutorial_taskflow_api.py
[2026-02-13T22:08:06.742+0000] {logging_mixin.py:137} INFO - [2026-02-13T22:08:06.742+0000] {dag.py:2690} INFO - Sync 1 DAGs
[2026-02-13T22:08:06.764+0000] {logging_mixin.py:137} INFO - [2026-02-13T22:08:06.764+0000] {dag.py:3441} INFO - Setting next_dagrun for tutorial_taskflow_api to None, run_after=None
[2026-02-13T22:08:06.782+0000] {processor.py:175} INFO - Processing /home/airflow/.local/lib/python3.7/site-packages/airflow/example_dags/tutorial_taskflow_api.py took 0.073 seconds
[2026-02-13T22:08:37.542+0000] {processor.py:153} INFO - Started process (PID=409) to work on /home/airflow/.local/lib/python3.7/site-packages/airflow/example_dags/tutorial_taskflow_api.py
[2026-02-13T22:08:37.544+0000] {processor.py:743} INFO - Processing file /home/airflow/.local/lib/python3.7/site-packages/airflow/example_dags/tutorial_taskflow_api.py for tasks to queue
[2026-02-13T22:08:37.545+0000] {logging_mixin.py:137} INFO - [2026-02-13T22:08:37.545+0000] {dagbag.py:538} INFO - Filling up the DagBag from /home/airflow/.local/lib/python3.7/site-packages/airflow/example_dags/tutorial_taskflow_api.py
[2026-02-13T22:08:37.556+0000] {processor.py:753} INFO - DAG(s) dict_keys(['tutorial_taskflow_api']) retrieved from /home/airflow/.local/lib/python3.7/site-packages/airflow/example_dags/tutorial_taskflow_api.py
[2026-02-13T22:08:37.572+0000] {logging_mixin.py:137} INFO - [2026-02-13T22:08:37.572+0000] {dag.py:2690} INFO - Sync 1 DAGs
[2026-02-13T22:08:37.583+0000] {logging_mixin.py:137} INFO - [2026-02-13T22:08:37.583+0000] {dag.py:3441} INFO - Setting next_dagrun for tutorial_taskflow_api to None, run_after=None
[2026-02-13T22:08:37.595+0000] {processor.py:175} INFO - Processing /home/airflow/.local/lib/python3.7/site-packages/airflow/example_dags/tutorial_taskflow_api.py took 0.055 seconds
[2026-02-13T22:09:08.161+0000] {processor.py:153} INFO - Started process (PID=498) to work on /home/airflow/.local/lib/python3.7/site-packages/airflow/example_dags/tutorial_taskflow_api.py
[2026-02-13T22:09:08.163+0000] {processor.py:743} INFO - Processing file /home/airflow/.local/lib/python3.7/site-packages/airflow/example_dags/tutorial_taskflow_api.py for tasks to queue
[2026-02-13T22:09:08.164+0000] {logging_mixin.py:137} INFO - [2026-02-13T22:09:08.164+0000] {dagbag.py:538} INFO - Filling up the DagBag from /home/airflow/.local/lib/python3.7/site-packages/airflow/example_dags/tutorial_taskflow_api.py
[2026-02-13T22:09:08.173+0000] {processor.py:753} INFO - DAG(s) dict_keys(['tutorial_taskflow_api']) retrieved from /home/airflow/.local/lib/python3.7/site-packages/airflow/example_dags/tutorial_taskflow_api.py
[2026-02-13T22:09:08.186+0000] {logging_mixin.py:137} INFO - [2026-02-13T22:09:08.186+0000] {dag.py:2690} INFO - Sync 1 DAGs
[2026-02-13T22:09:08.198+0000] {logging_mixin.py:137} INFO - [2026-02-13T22:09:08.198+0000] {dag.py:3441} INFO - Setting next_dagrun for tutorial_taskflow_api to None, run_after=None
[2026-02-13T22:09:08.211+0000] {processor.py:175} INFO - Processing /home/airflow/.local/lib/python3.7/site-packages/airflow/example_dags/tutorial_taskflow_api.py took 0.052 seconds
[2026-02-13T22:09:38.773+0000] {processor.py:153} INFO - Started process (PID=586) to work on /home/airflow/.local/lib/python3.7/site-packages/airflow/example_dags/tutorial_taskflow_api.py
[2026-02-13T22:09:38.774+0000] {processor.py:743} INFO - Processing file /home/airflow/.local/lib/python3.7/site-packages/airflow/example_dags/tutorial_taskflow_api.py for tasks to queue
[2026-02-13T22:09:38.774+0000] {logging_mixin.py:137} INFO - [2026-02-13T22:09:38.774+0000] {dagbag.py:538} INFO - Filling up the DagBag from /home/airflow/.local/lib/python3.7/site-packages/airflow/example_dags/tutorial_taskflow_api.py
[2026-02-13T22:09:38.785+0000] {processor.py:753} INFO - DAG(s) dict_keys(['tutorial_taskflow_api']) retrieved from /home/airflow/.local/lib/python3.7/site-packages/airflow/example_dags/tutorial_taskflow_api.py
[2026-02-13T22:09:38.803+0000] {logging_mixin.py:137} INFO - [2026-02-13T22:09:38.802+0000] {dag.py:2690} INFO - Sync 1 DAGs
[2026-02-13T22:09:38.815+0000] {logging_mixin.py:137} INFO - [2026-02-13T22:09:38.815+0000] {dag.py:3441} INFO - Setting next_dagrun for tutorial_taskflow_api to None, run_after=None
[2026-02-13T22:09:38.826+0000] {processor.py:175} INFO - Processing /home/airflow/.local/lib/python3.7/site-packages/airflow/example_dags/tutorial_taskflow_api.py took 0.055 seconds
[2026-02-13T22:10:09.414+0000] {processor.py:153} INFO - Started process (PID=675) to work on /home/airflow/.local/lib/python3.7/site-packages/airflow/example_dags/tutorial_taskflow_api.py
[2026-02-13T22:10:09.415+0000] {processor.py:743} INFO - Processing file /home/airflow/.local/lib/python3.7/site-packages/airflow/example_dags/tutorial_taskflow_api.py for tasks to queue
[2026-02-13T22:10:09.415+0000] {logging_mixin.py:137} INFO - [2026-02-13T22:10:09.415+0000] {dagbag.py:538} INFO - Filling up the DagBag from /home/airflow/.local/lib/python3.7/site-packages/airflow/example_dags/tutorial_taskflow_api.py
[2026-02-13T22:10:09.430+0000] {processor.py:753} INFO - DAG(s) dict_keys(['tutorial_taskflow_api']) retrieved from /home/airflow/.local/lib/python3.7/site-packages/airflow/example_dags/tutorial_taskflow_api.py
[2026-02-13T22:10:09.441+0000] {logging_mixin.py:137} INFO - [2026-02-13T22:10:09.441+0000] {dag.py:2690} INFO - Sync 1 DAGs
[2026-02-13T22:10:09.459+0000] {logging_mixin.py:137} INFO - [2026-02-13T22:10:09.459+0000] {dag.py:3441} INFO - Setting next_dagrun for tutorial_taskflow_api to None, run_after=None
[2026-02-13T22:10:09.472+0000] {processor.py:175} INFO - Processing /home/airflow/.local/lib/python3.7/site-packages/airflow/example_dags/tutorial_taskflow_api.py took 0.060 seconds
[2026-02-13T22:10:40.028+0000] {processor.py:153} INFO - Started process (PID=747) to work on /home/airflow/.local/lib/python3.7/site-packages/airflow/example_dags/tutorial_taskflow_api.py
[2026-02-13T22:10:40.029+0000] {processor.py:743} INFO - Processing file /home/airflow/.local/lib/python3.7/site-packages/airflow/example_dags/tutorial_taskflow_api.py for tasks to queue
[2026-02-13T22:10:40.029+0000] {logging_mixin.py:137} INFO - [2026-02-13T22:10:40.029+0000] {dagbag.py:538} INFO - Filling up the DagBag from /home/airflow/.local/lib/python3.7/site-packages/airflow/example_dags/tutorial_taskflow_api.py
[2026-02-13T22:10:40.040+0000] {processor.py:753} INFO - DAG(s) dict_keys(['tutorial_taskflow_api']) retrieved from /home/airflow/.local/lib/python3.7/site-packages/airflow/example_dags/tutorial_taskflow_api.py
[2026-02-13T22:10:40.053+0000] {logging_mixin.py:137} INFO - [2026-02-13T22:10:40.053+0000] {dag.py:2690} INFO - Sync 1 DAGs
[2026-02-13T22:10:40.066+0000] {logging_mixin.py:137} INFO - [2026-02-13T22:10:40.066+0000] {dag.py:3441} INFO - Setting next_dagrun for tutorial_taskflow_api to None, run_after=None
[2026-02-13T22:10:40.078+0000] {processor.py:175} INFO - Processing /home/airflow/.local/lib/python3.7/site-packages/airflow/example_dags/tutorial_taskflow_api.py took 0.051 seconds
[2026-02-13T22:11:10.513+0000] {processor.py:153} INFO - Started process (PID=836) to work on /home/airflow/.local/lib/python3.7/site-packages/airflow/example_dags/tutorial_taskflow_api.py
[2026-02-13T22:11:10.513+0000] {processor.py:743} INFO - Processing file /home/airflow/.local/lib/python3.7/site-packages/airflow/example_dags/tutorial_taskflow_api.py for tasks to queue
[2026-02-13T22:11:10.514+0000] {logging_mixin.py:137} INFO - [2026-02-13T22:11:10.514+0000] {dagbag.py:538} INFO - Filling up the DagBag from /home/airflow/.local/lib/python3.7/site-packages/airflow/example_dags/tutorial_taskflow_api.py
[2026-02-13T22:11:10.527+0000] {processor.py:753} INFO - DAG(s) dict_keys(['tutorial_taskflow_api']) retrieved from /home/airflow/.local/lib/python3.7/site-packages/airflow/example_dags/tutorial_taskflow_api.py
[2026-02-13T22:11:10.541+0000] {logging_mixin.py:137} INFO - [2026-02-13T22:11:10.540+0000] {dag.py:2690} INFO - Sync 1 DAGs
[2026-02-13T22:11:10.556+0000] {logging_mixin.py:137} INFO - [2026-02-13T22:11:10.556+0000] {dag.py:3441} INFO - Setting next_dagrun for tutorial_taskflow_api to None, run_after=None
[2026-02-13T22:11:10.569+0000] {processor.py:175} INFO - Processing /home/airflow/.local/lib/python3.7/site-packages/airflow/example_dags/tutorial_taskflow_api.py took 0.059 seconds
[2026-02-13T22:11:41.166+0000] {processor.py:153} INFO - Started process (PID=924) to work on /home/airflow/.local/lib/python3.7/site-packages/airflow/example_dags/tutorial_taskflow_api.py
[2026-02-13T22:11:41.167+0000] {processor.py:743} INFO - Processing file /home/airflow/.local/lib/python3.7/site-packages/airflow/example_dags/tutorial_taskflow_api.py for tasks to queue
[2026-02-13T22:11:41.167+0000] {logging_mixin.py:137} INFO - [2026-02-13T22:11:41.167+0000] {dagbag.py:538} INFO - Filling up the DagBag from /home/airflow/.local/lib/python3.7/site-packages/airflow/example_dags/tutorial_taskflow_api.py
[2026-02-13T22:11:41.180+0000] {processor.py:753} INFO - DAG(s) dict_keys(['tutorial_taskflow_api']) retrieved from /home/airflow/.local/lib/python3.7/site-packages/airflow/example_dags/tutorial_taskflow_api.py
[2026-02-13T22:11:41.195+0000] {logging_mixin.py:137} INFO - [2026-02-13T22:11:41.195+0000] {dag.py:2690} INFO - Sync 1 DAGs
[2026-02-13T22:11:41.205+0000] {logging_mixin.py:137} INFO - [2026-02-13T22:11:41.205+0000] {dag.py:3441} INFO - Setting next_dagrun for tutorial_taskflow_api to None, run_after=None
[2026-02-13T22:11:41.216+0000] {processor.py:175} INFO - Processing /home/airflow/.local/lib/python3.7/site-packages/airflow/example_dags/tutorial_taskflow_api.py took 0.051 seconds
[2026-02-13T22:12:11.724+0000] {processor.py:153} INFO - Started process (PID=1013) to work on /home/airflow/.local/lib/python3.7/site-packages/airflow/example_dags/tutorial_taskflow_api.py
[2026-02-13T22:12:11.724+0000] {processor.py:743} INFO - Processing file /home/airflow/.local/lib/python3.7/site-packages/airflow/example_dags/tutorial_taskflow_api.py for tasks to queue
[2026-02-13T22:12:11.724+0000] {logging_mixin.py:137} INFO - [2026-02-13T22:12:11.724+0000] {dagbag.py:538} INFO - Filling up the DagBag from /home/airflow/.local/lib/python3.7/site-packages/airflow/example_dags/tutorial_taskflow_api.py
[2026-02-13T22:12:11.733+0000] {processor.py:753} INFO - DAG(s) dict_keys(['tutorial_taskflow_api']) retrieved from /home/airflow/.local/lib/python3.7/site-packages/airflow/example_dags/tutorial_taskflow_api.py
[2026-02-13T22:12:11.743+0000] {logging_mixin.py:137} INFO - [2026-02-13T22:12:11.743+0000] {dag.py:2690} INFO - Sync 1 DAGs
[2026-02-13T22:12:11.751+0000] {logging_mixin.py:137} INFO - [2026-02-13T22:12:11.751+0000] {dag.py:3441} INFO - Setting next_dagrun for tutorial_taskflow_api to None, run_after=None
[2026-02-13T22:12:11.758+0000] {processor.py:175} INFO - Processing /home/airflow/.local/lib/python3.7/site-packages/airflow/example_dags/tutorial_taskflow_api.py took 0.036 seconds
[2026-02-13T22:20:57.752+0000] {processor.py:153} INFO - Started process (PID=108) to work on /home/airflow/.local/lib/python3.7/site-packages/airflow/example_dags/tutorial_taskflow_api.py
[2026-02-13T22:20:57.753+0000] {processor.py:743} INFO - Processing file /home/airflow/.local/lib/python3.7/site-packages/airflow/example_dags/tutorial_taskflow_api.py for tasks to queue
[2026-02-13T22:20:57.754+0000] {logging_mixin.py:137} INFO - [2026-02-13T22:20:57.754+0000] {dagbag.py:538} INFO - Filling up the DagBag from /home/airflow/.local/lib/python3.7/site-packages/airflow/example_dags/tutorial_taskflow_api.py
[2026-02-13T22:20:57.766+0000] {processor.py:753} INFO - DAG(s) dict_keys(['tutorial_taskflow_api']) retrieved from /home/airflow/.local/lib/python3.7/site-packages/airflow/example_dags/tutorial_taskflow_api.py
[2026-02-13T22:20:57.774+0000] {logging_mixin.py:137} INFO - [2026-02-13T22:20:57.774+0000] {dag.py:2690} INFO - Sync 1 DAGs
[2026-02-13T22:20:57.786+0000] {logging_mixin.py:137} INFO - [2026-02-13T22:20:57.786+0000] {dag.py:3441} INFO - Setting next_dagrun for tutorial_taskflow_api to None, run_after=None
[2026-02-13T22:20:57.797+0000] {processor.py:175} INFO - Processing /home/airflow/.local/lib/python3.7/site-packages/airflow/example_dags/tutorial_taskflow_api.py took 0.047 seconds
[2026-02-13T22:21:28.458+0000] {processor.py:153} INFO - Started process (PID=181) to work on /home/airflow/.local/lib/python3.7/site-packages/airflow/example_dags/tutorial_taskflow_api.py
[2026-02-13T22:21:28.460+0000] {processor.py:743} INFO - Processing file /home/airflow/.local/lib/python3.7/site-packages/airflow/example_dags/tutorial_taskflow_api.py for tasks to queue
[2026-02-13T22:21:28.461+0000] {logging_mixin.py:137} INFO - [2026-02-13T22:21:28.460+0000] {dagbag.py:538} INFO - Filling up the DagBag from /home/airflow/.local/lib/python3.7/site-packages/airflow/example_dags/tutorial_taskflow_api.py
[2026-02-13T22:21:28.469+0000] {processor.py:753} INFO - DAG(s) dict_keys(['tutorial_taskflow_api']) retrieved from /home/airflow/.local/lib/python3.7/site-packages/airflow/example_dags/tutorial_taskflow_api.py
[2026-02-13T22:21:28.485+0000] {logging_mixin.py:137} INFO - [2026-02-13T22:21:28.485+0000] {dag.py:2690} INFO - Sync 1 DAGs
[2026-02-13T22:21:28.497+0000] {logging_mixin.py:137} INFO - [2026-02-13T22:21:28.497+0000] {dag.py:3441} INFO - Setting next_dagrun for tutorial_taskflow_api to None, run_after=None
[2026-02-13T22:21:28.506+0000] {processor.py:175} INFO - Processing /home/airflow/.local/lib/python3.7/site-packages/airflow/example_dags/tutorial_taskflow_api.py took 0.050 seconds
[2026-02-13T22:21:59.482+0000] {processor.py:153} INFO - Started process (PID=271) to work on /home/airflow/.local/lib/python3.7/site-packages/airflow/example_dags/tutorial_taskflow_api.py
[2026-02-13T22:21:59.483+0000] {processor.py:743} INFO - Processing file /home/airflow/.local/lib/python3.7/site-packages/airflow/example_dags/tutorial_taskflow_api.py for tasks to queue
[2026-02-13T22:21:59.484+0000] {logging_mixin.py:137} INFO - [2026-02-13T22:21:59.484+0000] {dagbag.py:538} INFO - Filling up the DagBag from /home/airflow/.local/lib/python3.7/site-packages/airflow/example_dags/tutorial_taskflow_api.py
[2026-02-13T22:21:59.495+0000] {processor.py:753} INFO - DAG(s) dict_keys(['tutorial_taskflow_api']) retrieved from /home/airflow/.local/lib/python3.7/site-packages/airflow/example_dags/tutorial_taskflow_api.py
[2026-02-13T22:21:59.510+0000] {logging_mixin.py:137} INFO - [2026-02-13T22:21:59.510+0000] {dag.py:2690} INFO - Sync 1 DAGs
[2026-02-13T22:21:59.522+0000] {logging_mixin.py:137} INFO - [2026-02-13T22:21:59.522+0000] {dag.py:3441} INFO - Setting next_dagrun for tutorial_taskflow_api to None, run_after=None
[2026-02-13T22:21:59.554+0000] {processor.py:175} INFO - Processing /home/airflow/.local/lib/python3.7/site-packages/airflow/example_dags/tutorial_taskflow_api.py took 0.073 seconds
[2026-02-13T22:22:30.109+0000] {processor.py:153} INFO - Started process (PID=361) to work on /home/airflow/.local/lib/python3.7/site-packages/airflow/example_dags/tutorial_taskflow_api.py
[2026-02-13T22:22:30.109+0000] {processor.py:743} INFO - Processing file /home/airflow/.local/lib/python3.7/site-packages/airflow/example_dags/tutorial_taskflow_api.py for tasks to queue
[2026-02-13T22:22:30.110+0000] {logging_mixin.py:137} INFO - [2026-02-13T22:22:30.110+0000] {dagbag.py:538} INFO - Filling up the DagBag from /home/airflow/.local/lib/python3.7/site-packages/airflow/example_dags/tutorial_taskflow_api.py
[2026-02-13T22:22:30.121+0000] {processor.py:753} INFO - DAG(s) dict_keys(['tutorial_taskflow_api']) retrieved from /home/airflow/.local/lib/python3.7/site-packages/airflow/example_dags/tutorial_taskflow_api.py
[2026-02-13T22:22:30.135+0000] {logging_mixin.py:137} INFO - [2026-02-13T22:22:30.135+0000] {dag.py:2690} INFO - Sync 1 DAGs
[2026-02-13T22:22:30.148+0000] {logging_mixin.py:137} INFO - [2026-02-13T22:22:30.148+0000] {dag.py:3441} INFO - Setting next_dagrun for tutorial_taskflow_api to None, run_after=None
[2026-02-13T22:22:30.157+0000] {processor.py:175} INFO - Processing /home/airflow/.local/lib/python3.7/site-packages/airflow/example_dags/tutorial_taskflow_api.py took 0.049 seconds
[2026-02-13T22:23:00.817+0000] {processor.py:153} INFO - Started process (PID=450) to work on /home/airflow/.local/lib/python3.7/site-packages/airflow/example_dags/tutorial_taskflow_api.py
[2026-02-13T22:23:00.817+0000] {processor.py:743} INFO - Processing file /home/airflow/.local/lib/python3.7/site-packages/airflow/example_dags/tutorial_taskflow_api.py for tasks to queue
[2026-02-13T22:23:00.818+0000] {logging_mixin.py:137} INFO - [2026-02-13T22:23:00.818+0000] {dagbag.py:538} INFO - Filling up the DagBag from /home/airflow/.local/lib/python3.7/site-packages/airflow/example_dags/tutorial_taskflow_api.py
[2026-02-13T22:23:00.831+0000] {processor.py:753} INFO - DAG(s) dict_keys(['tutorial_taskflow_api']) retrieved from /home/airflow/.local/lib/python3.7/site-packages/airflow/example_dags/tutorial_taskflow_api.py
[2026-02-13T22:23:00.847+0000] {logging_mixin.py:137} INFO - [2026-02-13T22:23:00.847+0000] {dag.py:2690} INFO - Sync 1 DAGs
[2026-02-13T22:23:00.857+0000] {logging_mixin.py:137} INFO - [2026-02-13T22:23:00.857+0000] {dag.py:3441} INFO - Setting next_dagrun for tutorial_taskflow_api to None, run_after=None
[2026-02-13T22:23:00.868+0000] {processor.py:175} INFO - Processing /home/airflow/.local/lib/python3.7/site-packages/airflow/example_dags/tutorial_taskflow_api.py took 0.053 seconds
[2026-02-13T22:23:31.470+0000] {processor.py:153} INFO - Started process (PID=529) to work on /home/airflow/.local/lib/python3.7/site-packages/airflow/example_dags/tutorial_taskflow_api.py
[2026-02-13T22:23:31.472+0000] {processor.py:743} INFO - Processing file /home/airflow/.local/lib/python3.7/site-packages/airflow/example_dags/tutorial_taskflow_api.py for tasks to queue
[2026-02-13T22:23:31.472+0000] {logging_mixin.py:137} INFO - [2026-02-13T22:23:31.472+0000] {dagbag.py:538} INFO - Filling up the DagBag from /home/airflow/.local/lib/python3.7/site-packages/airflow/example_dags/tutorial_taskflow_api.py
[2026-02-13T22:23:31.482+0000] {processor.py:753} INFO - DAG(s) dict_keys(['tutorial_taskflow_api']) retrieved from /home/airflow/.local/lib/python3.7/site-packages/airflow/example_dags/tutorial_taskflow_api.py
[2026-02-13T22:23:31.497+0000] {logging_mixin.py:137} INFO - [2026-02-13T22:23:31.497+0000] {dag.py:2690} INFO - Sync 1 DAGs
[2026-02-13T22:23:31.510+0000] {logging_mixin.py:137} INFO - [2026-02-13T22:23:31.510+0000] {dag.py:3441} INFO - Setting next_dagrun for tutorial_taskflow_api to None, run_after=None
[2026-02-13T22:23:31.519+0000] {processor.py:175} INFO - Processing /home/airflow/.local/lib/python3.7/site-packages/airflow/example_dags/tutorial_taskflow_api.py took 0.050 seconds
[2026-02-13T22:24:02.158+0000] {processor.py:153} INFO - Started process (PID=611) to work on /home/airflow/.local/lib/python3.7/site-packages/airflow/example_dags/tutorial_taskflow_api.py
[2026-02-13T22:24:02.158+0000] {processor.py:743} INFO - Processing file /home/airflow/.local/lib/python3.7/site-packages/airflow/example_dags/tutorial_taskflow_api.py for tasks to queue
[2026-02-13T22:24:02.159+0000] {logging_mixin.py:137} INFO - [2026-02-13T22:24:02.159+0000] {dagbag.py:538} INFO - Filling up the DagBag from /home/airflow/.local/lib/python3.7/site-packages/airflow/example_dags/tutorial_taskflow_api.py
[2026-02-13T22:24:02.167+0000] {processor.py:753} INFO - DAG(s) dict_keys(['tutorial_taskflow_api']) retrieved from /home/airflow/.local/lib/python3.7/site-packages/airflow/example_dags/tutorial_taskflow_api.py
[2026-02-13T22:24:02.177+0000] {logging_mixin.py:137} INFO - [2026-02-13T22:24:02.177+0000] {dag.py:2690} INFO - Sync 1 DAGs
[2026-02-13T22:24:02.186+0000] {logging_mixin.py:137} INFO - [2026-02-13T22:24:02.185+0000] {dag.py:3441} INFO - Setting next_dagrun for tutorial_taskflow_api to None, run_after=None
[2026-02-13T22:24:02.191+0000] {processor.py:175} INFO - Processing /home/airflow/.local/lib/python3.7/site-packages/airflow/example_dags/tutorial_taskflow_api.py took 0.035 seconds
[2026-02-13T22:24:32.922+0000] {processor.py:153} INFO - Started process (PID=700) to work on /home/airflow/.local/lib/python3.7/site-packages/airflow/example_dags/tutorial_taskflow_api.py
[2026-02-13T22:24:32.923+0000] {processor.py:743} INFO - Processing file /home/airflow/.local/lib/python3.7/site-packages/airflow/example_dags/tutorial_taskflow_api.py for tasks to queue
[2026-02-13T22:24:32.925+0000] {logging_mixin.py:137} INFO - [2026-02-13T22:24:32.925+0000] {dagbag.py:538} INFO - Filling up the DagBag from /home/airflow/.local/lib/python3.7/site-packages/airflow/example_dags/tutorial_taskflow_api.py
[2026-02-13T22:24:32.935+0000] {processor.py:753} INFO - DAG(s) dict_keys(['tutorial_taskflow_api']) retrieved from /home/airflow/.local/lib/python3.7/site-packages/airflow/example_dags/tutorial_taskflow_api.py
[2026-02-13T22:24:32.947+0000] {logging_mixin.py:137} INFO - [2026-02-13T22:24:32.947+0000] {dag.py:2690} INFO - Sync 1 DAGs
[2026-02-13T22:24:32.958+0000] {logging_mixin.py:137} INFO - [2026-02-13T22:24:32.958+0000] {dag.py:3441} INFO - Setting next_dagrun for tutorial_taskflow_api to None, run_after=None
[2026-02-13T22:24:32.971+0000] {processor.py:175} INFO - Processing /home/airflow/.local/lib/python3.7/site-packages/airflow/example_dags/tutorial_taskflow_api.py took 0.050 seconds
[2026-02-13T22:25:03.561+0000] {processor.py:153} INFO - Started process (PID=789) to work on /home/airflow/.local/lib/python3.7/site-packages/airflow/example_dags/tutorial_taskflow_api.py
[2026-02-13T22:25:03.561+0000] {processor.py:743} INFO - Processing file /home/airflow/.local/lib/python3.7/site-packages/airflow/example_dags/tutorial_taskflow_api.py for tasks to queue
[2026-02-13T22:25:03.561+0000] {logging_mixin.py:137} INFO - [2026-02-13T22:25:03.561+0000] {dagbag.py:538} INFO - Filling up the DagBag from /home/airflow/.local/lib/python3.7/site-packages/airflow/example_dags/tutorial_taskflow_api.py
[2026-02-13T22:25:03.571+0000] {processor.py:753} INFO - DAG(s) dict_keys(['tutorial_taskflow_api']) retrieved from /home/airflow/.local/lib/python3.7/site-packages/airflow/example_dags/tutorial_taskflow_api.py
[2026-02-13T22:25:03.582+0000] {logging_mixin.py:137} INFO - [2026-02-13T22:25:03.582+0000] {dag.py:2690} INFO - Sync 1 DAGs
[2026-02-13T22:25:03.596+0000] {logging_mixin.py:137} INFO - [2026-02-13T22:25:03.595+0000] {dag.py:3441} INFO - Setting next_dagrun for tutorial_taskflow_api to None, run_after=None
[2026-02-13T22:25:03.607+0000] {processor.py:175} INFO - Processing /home/airflow/.local/lib/python3.7/site-packages/airflow/example_dags/tutorial_taskflow_api.py took 0.047 seconds
[2026-02-13T22:25:34.242+0000] {processor.py:153} INFO - Started process (PID=878) to work on /home/airflow/.local/lib/python3.7/site-packages/airflow/example_dags/tutorial_taskflow_api.py
[2026-02-13T22:25:34.243+0000] {processor.py:743} INFO - Processing file /home/airflow/.local/lib/python3.7/site-packages/airflow/example_dags/tutorial_taskflow_api.py for tasks to queue
[2026-02-13T22:25:34.244+0000] {logging_mixin.py:137} INFO - [2026-02-13T22:25:34.244+0000] {dagbag.py:538} INFO - Filling up the DagBag from /home/airflow/.local/lib/python3.7/site-packages/airflow/example_dags/tutorial_taskflow_api.py
[2026-02-13T22:25:34.252+0000] {processor.py:753} INFO - DAG(s) dict_keys(['tutorial_taskflow_api']) retrieved from /home/airflow/.local/lib/python3.7/site-packages/airflow/example_dags/tutorial_taskflow_api.py
[2026-02-13T22:25:34.265+0000] {logging_mixin.py:137} INFO - [2026-02-13T22:25:34.265+0000] {dag.py:2690} INFO - Sync 1 DAGs
[2026-02-13T22:25:34.279+0000] {logging_mixin.py:137} INFO - [2026-02-13T22:25:34.279+0000] {dag.py:3441} INFO - Setting next_dagrun for tutorial_taskflow_api to None, run_after=None
[2026-02-13T22:25:34.291+0000] {processor.py:175} INFO - Processing /home/airflow/.local/lib/python3.7/site-packages/airflow/example_dags/tutorial_taskflow_api.py took 0.051 seconds
[2026-02-13T22:26:04.798+0000] {processor.py:153} INFO - Started process (PID=951) to work on /home/airflow/.local/lib/python3.7/site-packages/airflow/example_dags/tutorial_taskflow_api.py
[2026-02-13T22:26:04.799+0000] {processor.py:743} INFO - Processing file /home/airflow/.local/lib/python3.7/site-packages/airflow/example_dags/tutorial_taskflow_api.py for tasks to queue
[2026-02-13T22:26:04.799+0000] {logging_mixin.py:137} INFO - [2026-02-13T22:26:04.799+0000] {dagbag.py:538} INFO - Filling up the DagBag from /home/airflow/.local/lib/python3.7/site-packages/airflow/example_dags/tutorial_taskflow_api.py
[2026-02-13T22:26:04.808+0000] {processor.py:753} INFO - DAG(s) dict_keys(['tutorial_taskflow_api']) retrieved from /home/airflow/.local/lib/python3.7/site-packages/airflow/example_dags/tutorial_taskflow_api.py
[2026-02-13T22:26:04.825+0000] {logging_mixin.py:137} INFO - [2026-02-13T22:26:04.825+0000] {dag.py:2690} INFO - Sync 1 DAGs
[2026-02-13T22:26:04.835+0000] {logging_mixin.py:137} INFO - [2026-02-13T22:26:04.835+0000] {dag.py:3441} INFO - Setting next_dagrun for tutorial_taskflow_api to None, run_after=None
[2026-02-13T22:26:04.845+0000] {processor.py:175} INFO - Processing /home/airflow/.local/lib/python3.7/site-packages/airflow/example_dags/tutorial_taskflow_api.py took 0.049 seconds
[2026-02-13T22:26:35.392+0000] {processor.py:153} INFO - Started process (PID=1040) to work on /home/airflow/.local/lib/python3.7/site-packages/airflow/example_dags/tutorial_taskflow_api.py
[2026-02-13T22:26:35.393+0000] {processor.py:743} INFO - Processing file /home/airflow/.local/lib/python3.7/site-packages/airflow/example_dags/tutorial_taskflow_api.py for tasks to queue
[2026-02-13T22:26:35.393+0000] {logging_mixin.py:137} INFO - [2026-02-13T22:26:35.393+0000] {dagbag.py:538} INFO - Filling up the DagBag from /home/airflow/.local/lib/python3.7/site-packages/airflow/example_dags/tutorial_taskflow_api.py
[2026-02-13T22:26:35.404+0000] {processor.py:753} INFO - DAG(s) dict_keys(['tutorial_taskflow_api']) retrieved from /home/airflow/.local/lib/python3.7/site-packages/airflow/example_dags/tutorial_taskflow_api.py
[2026-02-13T22:26:35.421+0000] {logging_mixin.py:137} INFO - [2026-02-13T22:26:35.421+0000] {dag.py:2690} INFO - Sync 1 DAGs
[2026-02-13T22:26:35.436+0000] {logging_mixin.py:137} INFO - [2026-02-13T22:26:35.436+0000] {dag.py:3441} INFO - Setting next_dagrun for tutorial_taskflow_api to None, run_after=None
[2026-02-13T22:26:35.447+0000] {processor.py:175} INFO - Processing /home/airflow/.local/lib/python3.7/site-packages/airflow/example_dags/tutorial_taskflow_api.py took 0.056 seconds
[2026-02-13T22:27:06.174+0000] {processor.py:153} INFO - Started process (PID=1129) to work on /home/airflow/.local/lib/python3.7/site-packages/airflow/example_dags/tutorial_taskflow_api.py
[2026-02-13T22:27:06.176+0000] {processor.py:743} INFO - Processing file /home/airflow/.local/lib/python3.7/site-packages/airflow/example_dags/tutorial_taskflow_api.py for tasks to queue
[2026-02-13T22:27:06.177+0000] {logging_mixin.py:137} INFO - [2026-02-13T22:27:06.177+0000] {dagbag.py:538} INFO - Filling up the DagBag from /home/airflow/.local/lib/python3.7/site-packages/airflow/example_dags/tutorial_taskflow_api.py
[2026-02-13T22:27:06.187+0000] {processor.py:753} INFO - DAG(s) dict_keys(['tutorial_taskflow_api']) retrieved from /home/airflow/.local/lib/python3.7/site-packages/airflow/example_dags/tutorial_taskflow_api.py
[2026-02-13T22:27:06.199+0000] {logging_mixin.py:137} INFO - [2026-02-13T22:27:06.199+0000] {dag.py:2690} INFO - Sync 1 DAGs
[2026-02-13T22:27:06.209+0000] {logging_mixin.py:137} INFO - [2026-02-13T22:27:06.209+0000] {dag.py:3441} INFO - Setting next_dagrun for tutorial_taskflow_api to None, run_after=None
[2026-02-13T22:27:06.224+0000] {processor.py:175} INFO - Processing /home/airflow/.local/lib/python3.7/site-packages/airflow/example_dags/tutorial_taskflow_api.py took 0.051 seconds
[2026-02-13T22:27:36.795+0000] {processor.py:153} INFO - Started process (PID=1218) to work on /home/airflow/.local/lib/python3.7/site-packages/airflow/example_dags/tutorial_taskflow_api.py
[2026-02-13T22:27:36.796+0000] {processor.py:743} INFO - Processing file /home/airflow/.local/lib/python3.7/site-packages/airflow/example_dags/tutorial_taskflow_api.py for tasks to queue
[2026-02-13T22:27:36.797+0000] {logging_mixin.py:137} INFO - [2026-02-13T22:27:36.797+0000] {dagbag.py:538} INFO - Filling up the DagBag from /home/airflow/.local/lib/python3.7/site-packages/airflow/example_dags/tutorial_taskflow_api.py
[2026-02-13T22:27:36.805+0000] {processor.py:753} INFO - DAG(s) dict_keys(['tutorial_taskflow_api']) retrieved from /home/airflow/.local/lib/python3.7/site-packages/airflow/example_dags/tutorial_taskflow_api.py
[2026-02-13T22:27:36.815+0000] {logging_mixin.py:137} INFO - [2026-02-13T22:27:36.815+0000] {dag.py:2690} INFO - Sync 1 DAGs
[2026-02-13T22:27:36.829+0000] {logging_mixin.py:137} INFO - [2026-02-13T22:27:36.829+0000] {dag.py:3441} INFO - Setting next_dagrun for tutorial_taskflow_api to None, run_after=None
[2026-02-13T22:27:36.837+0000] {processor.py:175} INFO - Processing /home/airflow/.local/lib/python3.7/site-packages/airflow/example_dags/tutorial_taskflow_api.py took 0.044 seconds
[2026-02-13T22:28:07.589+0000] {processor.py:153} INFO - Started process (PID=1291) to work on /home/airflow/.local/lib/python3.7/site-packages/airflow/example_dags/tutorial_taskflow_api.py
[2026-02-13T22:28:07.590+0000] {processor.py:743} INFO - Processing file /home/airflow/.local/lib/python3.7/site-packages/airflow/example_dags/tutorial_taskflow_api.py for tasks to queue
[2026-02-13T22:28:07.590+0000] {logging_mixin.py:137} INFO - [2026-02-13T22:28:07.590+0000] {dagbag.py:538} INFO - Filling up the DagBag from /home/airflow/.local/lib/python3.7/site-packages/airflow/example_dags/tutorial_taskflow_api.py
[2026-02-13T22:28:07.601+0000] {processor.py:753} INFO - DAG(s) dict_keys(['tutorial_taskflow_api']) retrieved from /home/airflow/.local/lib/python3.7/site-packages/airflow/example_dags/tutorial_taskflow_api.py
[2026-02-13T22:28:07.616+0000] {logging_mixin.py:137} INFO - [2026-02-13T22:28:07.616+0000] {dag.py:2690} INFO - Sync 1 DAGs
[2026-02-13T22:28:07.627+0000] {logging_mixin.py:137} INFO - [2026-02-13T22:28:07.627+0000] {dag.py:3441} INFO - Setting next_dagrun for tutorial_taskflow_api to None, run_after=None
[2026-02-13T22:28:07.642+0000] {processor.py:175} INFO - Processing /home/airflow/.local/lib/python3.7/site-packages/airflow/example_dags/tutorial_taskflow_api.py took 0.055 seconds
[2026-02-13T22:28:38.168+0000] {processor.py:153} INFO - Started process (PID=1380) to work on /home/airflow/.local/lib/python3.7/site-packages/airflow/example_dags/tutorial_taskflow_api.py
[2026-02-13T22:28:38.169+0000] {processor.py:743} INFO - Processing file /home/airflow/.local/lib/python3.7/site-packages/airflow/example_dags/tutorial_taskflow_api.py for tasks to queue
[2026-02-13T22:28:38.169+0000] {logging_mixin.py:137} INFO - [2026-02-13T22:28:38.169+0000] {dagbag.py:538} INFO - Filling up the DagBag from /home/airflow/.local/lib/python3.7/site-packages/airflow/example_dags/tutorial_taskflow_api.py
[2026-02-13T22:28:38.178+0000] {processor.py:753} INFO - DAG(s) dict_keys(['tutorial_taskflow_api']) retrieved from /home/airflow/.local/lib/python3.7/site-packages/airflow/example_dags/tutorial_taskflow_api.py
[2026-02-13T22:28:38.197+0000] {logging_mixin.py:137} INFO - [2026-02-13T22:28:38.197+0000] {dag.py:2690} INFO - Sync 1 DAGs
[2026-02-13T22:28:38.207+0000] {logging_mixin.py:137} INFO - [2026-02-13T22:28:38.206+0000] {dag.py:3441} INFO - Setting next_dagrun for tutorial_taskflow_api to None, run_after=None
[2026-02-13T22:28:38.216+0000] {processor.py:175} INFO - Processing /home/airflow/.local/lib/python3.7/site-packages/airflow/example_dags/tutorial_taskflow_api.py took 0.050 seconds
[2026-02-13T22:29:08.834+0000] {processor.py:153} INFO - Started process (PID=1469) to work on /home/airflow/.local/lib/python3.7/site-packages/airflow/example_dags/tutorial_taskflow_api.py
[2026-02-13T22:29:08.836+0000] {processor.py:743} INFO - Processing file /home/airflow/.local/lib/python3.7/site-packages/airflow/example_dags/tutorial_taskflow_api.py for tasks to queue
[2026-02-13T22:29:08.837+0000] {logging_mixin.py:137} INFO - [2026-02-13T22:29:08.837+0000] {dagbag.py:538} INFO - Filling up the DagBag from /home/airflow/.local/lib/python3.7/site-packages/airflow/example_dags/tutorial_taskflow_api.py
[2026-02-13T22:29:08.852+0000] {processor.py:753} INFO - DAG(s) dict_keys(['tutorial_taskflow_api']) retrieved from /home/airflow/.local/lib/python3.7/site-packages/airflow/example_dags/tutorial_taskflow_api.py
[2026-02-13T22:29:08.867+0000] {logging_mixin.py:137} INFO - [2026-02-13T22:29:08.866+0000] {dag.py:2690} INFO - Sync 1 DAGs
[2026-02-13T22:29:08.880+0000] {logging_mixin.py:137} INFO - [2026-02-13T22:29:08.880+0000] {dag.py:3441} INFO - Setting next_dagrun for tutorial_taskflow_api to None, run_after=None
[2026-02-13T22:29:08.894+0000] {processor.py:175} INFO - Processing /home/airflow/.local/lib/python3.7/site-packages/airflow/example_dags/tutorial_taskflow_api.py took 0.062 seconds
[2026-02-13T22:29:39.419+0000] {processor.py:153} INFO - Started process (PID=1558) to work on /home/airflow/.local/lib/python3.7/site-packages/airflow/example_dags/tutorial_taskflow_api.py
[2026-02-13T22:29:39.420+0000] {processor.py:743} INFO - Processing file /home/airflow/.local/lib/python3.7/site-packages/airflow/example_dags/tutorial_taskflow_api.py for tasks to queue
[2026-02-13T22:29:39.420+0000] {logging_mixin.py:137} INFO - [2026-02-13T22:29:39.420+0000] {dagbag.py:538} INFO - Filling up the DagBag from /home/airflow/.local/lib/python3.7/site-packages/airflow/example_dags/tutorial_taskflow_api.py
[2026-02-13T22:29:39.432+0000] {processor.py:753} INFO - DAG(s) dict_keys(['tutorial_taskflow_api']) retrieved from /home/airflow/.local/lib/python3.7/site-packages/airflow/example_dags/tutorial_taskflow_api.py
[2026-02-13T22:29:39.445+0000] {logging_mixin.py:137} INFO - [2026-02-13T22:29:39.444+0000] {dag.py:2690} INFO - Sync 1 DAGs
[2026-02-13T22:29:39.455+0000] {logging_mixin.py:137} INFO - [2026-02-13T22:29:39.455+0000] {dag.py:3441} INFO - Setting next_dagrun for tutorial_taskflow_api to None, run_after=None
[2026-02-13T22:29:39.467+0000] {processor.py:175} INFO - Processing /home/airflow/.local/lib/python3.7/site-packages/airflow/example_dags/tutorial_taskflow_api.py took 0.049 seconds
[2026-02-13T22:30:10.125+0000] {processor.py:153} INFO - Started process (PID=1640) to work on /home/airflow/.local/lib/python3.7/site-packages/airflow/example_dags/tutorial_taskflow_api.py
[2026-02-13T22:30:10.127+0000] {processor.py:743} INFO - Processing file /home/airflow/.local/lib/python3.7/site-packages/airflow/example_dags/tutorial_taskflow_api.py for tasks to queue
[2026-02-13T22:30:10.129+0000] {logging_mixin.py:137} INFO - [2026-02-13T22:30:10.129+0000] {dagbag.py:538} INFO - Filling up the DagBag from /home/airflow/.local/lib/python3.7/site-packages/airflow/example_dags/tutorial_taskflow_api.py
[2026-02-13T22:30:10.138+0000] {processor.py:753} INFO - DAG(s) dict_keys(['tutorial_taskflow_api']) retrieved from /home/airflow/.local/lib/python3.7/site-packages/airflow/example_dags/tutorial_taskflow_api.py
[2026-02-13T22:30:10.162+0000] {logging_mixin.py:137} INFO - [2026-02-13T22:30:10.162+0000] {dag.py:2690} INFO - Sync 1 DAGs
[2026-02-13T22:30:10.179+0000] {logging_mixin.py:137} INFO - [2026-02-13T22:30:10.179+0000] {dag.py:3441} INFO - Setting next_dagrun for tutorial_taskflow_api to None, run_after=None
[2026-02-13T22:30:10.193+0000] {processor.py:175} INFO - Processing /home/airflow/.local/lib/python3.7/site-packages/airflow/example_dags/tutorial_taskflow_api.py took 0.070 seconds
[2026-02-13T22:30:40.907+0000] {processor.py:153} INFO - Started process (PID=1720) to work on /home/airflow/.local/lib/python3.7/site-packages/airflow/example_dags/tutorial_taskflow_api.py
[2026-02-13T22:30:40.908+0000] {processor.py:743} INFO - Processing file /home/airflow/.local/lib/python3.7/site-packages/airflow/example_dags/tutorial_taskflow_api.py for tasks to queue
[2026-02-13T22:30:40.908+0000] {logging_mixin.py:137} INFO - [2026-02-13T22:30:40.908+0000] {dagbag.py:538} INFO - Filling up the DagBag from /home/airflow/.local/lib/python3.7/site-packages/airflow/example_dags/tutorial_taskflow_api.py
[2026-02-13T22:30:40.917+0000] {processor.py:753} INFO - DAG(s) dict_keys(['tutorial_taskflow_api']) retrieved from /home/airflow/.local/lib/python3.7/site-packages/airflow/example_dags/tutorial_taskflow_api.py
[2026-02-13T22:30:40.927+0000] {logging_mixin.py:137} INFO - [2026-02-13T22:30:40.927+0000] {dag.py:2690} INFO - Sync 1 DAGs
[2026-02-13T22:30:40.939+0000] {logging_mixin.py:137} INFO - [2026-02-13T22:30:40.939+0000] {dag.py:3441} INFO - Setting next_dagrun for tutorial_taskflow_api to None, run_after=None
[2026-02-13T22:30:40.950+0000] {processor.py:175} INFO - Processing /home/airflow/.local/lib/python3.7/site-packages/airflow/example_dags/tutorial_taskflow_api.py took 0.044 seconds
[2026-02-13T22:31:11.392+0000] {processor.py:153} INFO - Started process (PID=1809) to work on /home/airflow/.local/lib/python3.7/site-packages/airflow/example_dags/tutorial_taskflow_api.py
[2026-02-13T22:31:11.393+0000] {processor.py:743} INFO - Processing file /home/airflow/.local/lib/python3.7/site-packages/airflow/example_dags/tutorial_taskflow_api.py for tasks to queue
[2026-02-13T22:31:11.393+0000] {logging_mixin.py:137} INFO - [2026-02-13T22:31:11.393+0000] {dagbag.py:538} INFO - Filling up the DagBag from /home/airflow/.local/lib/python3.7/site-packages/airflow/example_dags/tutorial_taskflow_api.py
[2026-02-13T22:31:11.402+0000] {processor.py:753} INFO - DAG(s) dict_keys(['tutorial_taskflow_api']) retrieved from /home/airflow/.local/lib/python3.7/site-packages/airflow/example_dags/tutorial_taskflow_api.py
[2026-02-13T22:31:11.412+0000] {logging_mixin.py:137} INFO - [2026-02-13T22:31:11.412+0000] {dag.py:2690} INFO - Sync 1 DAGs
[2026-02-13T22:31:11.423+0000] {logging_mixin.py:137} INFO - [2026-02-13T22:31:11.423+0000] {dag.py:3441} INFO - Setting next_dagrun for tutorial_taskflow_api to None, run_after=None
[2026-02-13T22:31:11.430+0000] {processor.py:175} INFO - Processing /home/airflow/.local/lib/python3.7/site-packages/airflow/example_dags/tutorial_taskflow_api.py took 0.039 seconds
[2026-02-13T22:31:42.230+0000] {processor.py:153} INFO - Started process (PID=1898) to work on /home/airflow/.local/lib/python3.7/site-packages/airflow/example_dags/tutorial_taskflow_api.py
[2026-02-13T22:31:42.231+0000] {processor.py:743} INFO - Processing file /home/airflow/.local/lib/python3.7/site-packages/airflow/example_dags/tutorial_taskflow_api.py for tasks to queue
[2026-02-13T22:31:42.231+0000] {logging_mixin.py:137} INFO - [2026-02-13T22:31:42.231+0000] {dagbag.py:538} INFO - Filling up the DagBag from /home/airflow/.local/lib/python3.7/site-packages/airflow/example_dags/tutorial_taskflow_api.py
[2026-02-13T22:31:42.242+0000] {processor.py:753} INFO - DAG(s) dict_keys(['tutorial_taskflow_api']) retrieved from /home/airflow/.local/lib/python3.7/site-packages/airflow/example_dags/tutorial_taskflow_api.py
[2026-02-13T22:31:42.258+0000] {logging_mixin.py:137} INFO - [2026-02-13T22:31:42.258+0000] {dag.py:2690} INFO - Sync 1 DAGs
[2026-02-13T22:31:42.272+0000] {logging_mixin.py:137} INFO - [2026-02-13T22:31:42.272+0000] {dag.py:3441} INFO - Setting next_dagrun for tutorial_taskflow_api to None, run_after=None
[2026-02-13T22:31:42.283+0000] {processor.py:175} INFO - Processing /home/airflow/.local/lib/python3.7/site-packages/airflow/example_dags/tutorial_taskflow_api.py took 0.056 seconds
[2026-02-13T22:32:13.425+0000] {processor.py:153} INFO - Started process (PID=1986) to work on /home/airflow/.local/lib/python3.7/site-packages/airflow/example_dags/tutorial_taskflow_api.py
[2026-02-13T22:32:13.426+0000] {processor.py:743} INFO - Processing file /home/airflow/.local/lib/python3.7/site-packages/airflow/example_dags/tutorial_taskflow_api.py for tasks to queue
[2026-02-13T22:32:13.428+0000] {logging_mixin.py:137} INFO - [2026-02-13T22:32:13.428+0000] {dagbag.py:538} INFO - Filling up the DagBag from /home/airflow/.local/lib/python3.7/site-packages/airflow/example_dags/tutorial_taskflow_api.py
[2026-02-13T22:32:13.450+0000] {processor.py:753} INFO - DAG(s) dict_keys(['tutorial_taskflow_api']) retrieved from /home/airflow/.local/lib/python3.7/site-packages/airflow/example_dags/tutorial_taskflow_api.py
[2026-02-13T22:32:13.513+0000] {logging_mixin.py:137} INFO - [2026-02-13T22:32:13.512+0000] {dag.py:2690} INFO - Sync 1 DAGs
[2026-02-13T22:32:13.549+0000] {logging_mixin.py:137} INFO - [2026-02-13T22:32:13.549+0000] {dag.py:3441} INFO - Setting next_dagrun for tutorial_taskflow_api to None, run_after=None
[2026-02-13T22:32:13.565+0000] {processor.py:175} INFO - Processing /home/airflow/.local/lib/python3.7/site-packages/airflow/example_dags/tutorial_taskflow_api.py took 0.143 seconds
[2026-02-13T22:32:44.442+0000] {processor.py:153} INFO - Started process (PID=2059) to work on /home/airflow/.local/lib/python3.7/site-packages/airflow/example_dags/tutorial_taskflow_api.py
[2026-02-13T22:32:44.443+0000] {processor.py:743} INFO - Processing file /home/airflow/.local/lib/python3.7/site-packages/airflow/example_dags/tutorial_taskflow_api.py for tasks to queue
[2026-02-13T22:32:44.443+0000] {logging_mixin.py:137} INFO - [2026-02-13T22:32:44.443+0000] {dagbag.py:538} INFO - Filling up the DagBag from /home/airflow/.local/lib/python3.7/site-packages/airflow/example_dags/tutorial_taskflow_api.py
[2026-02-13T22:32:44.453+0000] {processor.py:753} INFO - DAG(s) dict_keys(['tutorial_taskflow_api']) retrieved from /home/airflow/.local/lib/python3.7/site-packages/airflow/example_dags/tutorial_taskflow_api.py
[2026-02-13T22:32:44.464+0000] {logging_mixin.py:137} INFO - [2026-02-13T22:32:44.464+0000] {dag.py:2690} INFO - Sync 1 DAGs
[2026-02-13T22:32:44.475+0000] {logging_mixin.py:137} INFO - [2026-02-13T22:32:44.475+0000] {dag.py:3441} INFO - Setting next_dagrun for tutorial_taskflow_api to None, run_after=None
[2026-02-13T22:32:44.487+0000] {processor.py:175} INFO - Processing /home/airflow/.local/lib/python3.7/site-packages/airflow/example_dags/tutorial_taskflow_api.py took 0.047 seconds
[2026-02-13T22:34:04.992+0000] {processor.py:153} INFO - Started process (PID=110) to work on /home/airflow/.local/lib/python3.7/site-packages/airflow/example_dags/tutorial_taskflow_api.py
[2026-02-13T22:34:04.993+0000] {processor.py:743} INFO - Processing file /home/airflow/.local/lib/python3.7/site-packages/airflow/example_dags/tutorial_taskflow_api.py for tasks to queue
[2026-02-13T22:34:04.994+0000] {logging_mixin.py:137} INFO - [2026-02-13T22:34:04.994+0000] {dagbag.py:538} INFO - Filling up the DagBag from /home/airflow/.local/lib/python3.7/site-packages/airflow/example_dags/tutorial_taskflow_api.py
[2026-02-13T22:34:05.005+0000] {processor.py:753} INFO - DAG(s) dict_keys(['tutorial_taskflow_api']) retrieved from /home/airflow/.local/lib/python3.7/site-packages/airflow/example_dags/tutorial_taskflow_api.py
[2026-02-13T22:34:05.020+0000] {logging_mixin.py:137} INFO - [2026-02-13T22:34:05.020+0000] {dag.py:2690} INFO - Sync 1 DAGs
[2026-02-13T22:34:05.031+0000] {logging_mixin.py:137} INFO - [2026-02-13T22:34:05.030+0000] {dag.py:3441} INFO - Setting next_dagrun for tutorial_taskflow_api to None, run_after=None
[2026-02-13T22:34:05.041+0000] {processor.py:175} INFO - Processing /home/airflow/.local/lib/python3.7/site-packages/airflow/example_dags/tutorial_taskflow_api.py took 0.051 seconds
[2026-02-13T22:34:35.832+0000] {processor.py:153} INFO - Started process (PID=201) to work on /home/airflow/.local/lib/python3.7/site-packages/airflow/example_dags/tutorial_taskflow_api.py
[2026-02-13T22:34:35.834+0000] {processor.py:743} INFO - Processing file /home/airflow/.local/lib/python3.7/site-packages/airflow/example_dags/tutorial_taskflow_api.py for tasks to queue
[2026-02-13T22:34:35.835+0000] {logging_mixin.py:137} INFO - [2026-02-13T22:34:35.835+0000] {dagbag.py:538} INFO - Filling up the DagBag from /home/airflow/.local/lib/python3.7/site-packages/airflow/example_dags/tutorial_taskflow_api.py
[2026-02-13T22:34:35.845+0000] {processor.py:753} INFO - DAG(s) dict_keys(['tutorial_taskflow_api']) retrieved from /home/airflow/.local/lib/python3.7/site-packages/airflow/example_dags/tutorial_taskflow_api.py
[2026-02-13T22:34:35.855+0000] {logging_mixin.py:137} INFO - [2026-02-13T22:34:35.855+0000] {dag.py:2690} INFO - Sync 1 DAGs
[2026-02-13T22:34:35.869+0000] {logging_mixin.py:137} INFO - [2026-02-13T22:34:35.869+0000] {dag.py:3441} INFO - Setting next_dagrun for tutorial_taskflow_api to None, run_after=None
[2026-02-13T22:34:35.878+0000] {processor.py:175} INFO - Processing /home/airflow/.local/lib/python3.7/site-packages/airflow/example_dags/tutorial_taskflow_api.py took 0.047 seconds
[2026-02-13T22:35:06.780+0000] {processor.py:153} INFO - Started process (PID=276) to work on /home/airflow/.local/lib/python3.7/site-packages/airflow/example_dags/tutorial_taskflow_api.py
[2026-02-13T22:35:06.781+0000] {processor.py:743} INFO - Processing file /home/airflow/.local/lib/python3.7/site-packages/airflow/example_dags/tutorial_taskflow_api.py for tasks to queue
[2026-02-13T22:35:06.782+0000] {logging_mixin.py:137} INFO - [2026-02-13T22:35:06.782+0000] {dagbag.py:538} INFO - Filling up the DagBag from /home/airflow/.local/lib/python3.7/site-packages/airflow/example_dags/tutorial_taskflow_api.py
[2026-02-13T22:35:06.792+0000] {processor.py:753} INFO - DAG(s) dict_keys(['tutorial_taskflow_api']) retrieved from /home/airflow/.local/lib/python3.7/site-packages/airflow/example_dags/tutorial_taskflow_api.py
[2026-02-13T22:35:06.804+0000] {logging_mixin.py:137} INFO - [2026-02-13T22:35:06.804+0000] {dag.py:2690} INFO - Sync 1 DAGs
[2026-02-13T22:35:06.819+0000] {logging_mixin.py:137} INFO - [2026-02-13T22:35:06.819+0000] {dag.py:3441} INFO - Setting next_dagrun for tutorial_taskflow_api to None, run_after=None
[2026-02-13T22:35:06.830+0000] {processor.py:175} INFO - Processing /home/airflow/.local/lib/python3.7/site-packages/airflow/example_dags/tutorial_taskflow_api.py took 0.051 seconds
[2026-02-13T22:35:37.598+0000] {processor.py:153} INFO - Started process (PID=368) to work on /home/airflow/.local/lib/python3.7/site-packages/airflow/example_dags/tutorial_taskflow_api.py
[2026-02-13T22:35:37.600+0000] {processor.py:743} INFO - Processing file /home/airflow/.local/lib/python3.7/site-packages/airflow/example_dags/tutorial_taskflow_api.py for tasks to queue
[2026-02-13T22:35:37.601+0000] {logging_mixin.py:137} INFO - [2026-02-13T22:35:37.601+0000] {dagbag.py:538} INFO - Filling up the DagBag from /home/airflow/.local/lib/python3.7/site-packages/airflow/example_dags/tutorial_taskflow_api.py
[2026-02-13T22:35:37.616+0000] {processor.py:753} INFO - DAG(s) dict_keys(['tutorial_taskflow_api']) retrieved from /home/airflow/.local/lib/python3.7/site-packages/airflow/example_dags/tutorial_taskflow_api.py
[2026-02-13T22:35:37.627+0000] {logging_mixin.py:137} INFO - [2026-02-13T22:35:37.627+0000] {dag.py:2690} INFO - Sync 1 DAGs
[2026-02-13T22:35:37.638+0000] {logging_mixin.py:137} INFO - [2026-02-13T22:35:37.638+0000] {dag.py:3441} INFO - Setting next_dagrun for tutorial_taskflow_api to None, run_after=None
[2026-02-13T22:35:37.650+0000] {processor.py:175} INFO - Processing /home/airflow/.local/lib/python3.7/site-packages/airflow/example_dags/tutorial_taskflow_api.py took 0.054 seconds
[2026-02-13T22:36:08.538+0000] {processor.py:153} INFO - Started process (PID=459) to work on /home/airflow/.local/lib/python3.7/site-packages/airflow/example_dags/tutorial_taskflow_api.py
[2026-02-13T22:36:08.539+0000] {processor.py:743} INFO - Processing file /home/airflow/.local/lib/python3.7/site-packages/airflow/example_dags/tutorial_taskflow_api.py for tasks to queue
[2026-02-13T22:36:08.539+0000] {logging_mixin.py:137} INFO - [2026-02-13T22:36:08.539+0000] {dagbag.py:538} INFO - Filling up the DagBag from /home/airflow/.local/lib/python3.7/site-packages/airflow/example_dags/tutorial_taskflow_api.py
[2026-02-13T22:36:08.550+0000] {processor.py:753} INFO - DAG(s) dict_keys(['tutorial_taskflow_api']) retrieved from /home/airflow/.local/lib/python3.7/site-packages/airflow/example_dags/tutorial_taskflow_api.py
[2026-02-13T22:36:08.567+0000] {logging_mixin.py:137} INFO - [2026-02-13T22:36:08.567+0000] {dag.py:2690} INFO - Sync 1 DAGs
[2026-02-13T22:36:08.580+0000] {logging_mixin.py:137} INFO - [2026-02-13T22:36:08.579+0000] {dag.py:3441} INFO - Setting next_dagrun for tutorial_taskflow_api to None, run_after=None
[2026-02-13T22:36:08.590+0000] {processor.py:175} INFO - Processing /home/airflow/.local/lib/python3.7/site-packages/airflow/example_dags/tutorial_taskflow_api.py took 0.053 seconds
[2026-02-13T22:36:39.343+0000] {processor.py:153} INFO - Started process (PID=551) to work on /home/airflow/.local/lib/python3.7/site-packages/airflow/example_dags/tutorial_taskflow_api.py
[2026-02-13T22:36:39.343+0000] {processor.py:743} INFO - Processing file /home/airflow/.local/lib/python3.7/site-packages/airflow/example_dags/tutorial_taskflow_api.py for tasks to queue
[2026-02-13T22:36:39.343+0000] {logging_mixin.py:137} INFO - [2026-02-13T22:36:39.343+0000] {dagbag.py:538} INFO - Filling up the DagBag from /home/airflow/.local/lib/python3.7/site-packages/airflow/example_dags/tutorial_taskflow_api.py
[2026-02-13T22:36:39.353+0000] {processor.py:753} INFO - DAG(s) dict_keys(['tutorial_taskflow_api']) retrieved from /home/airflow/.local/lib/python3.7/site-packages/airflow/example_dags/tutorial_taskflow_api.py
[2026-02-13T22:36:39.367+0000] {logging_mixin.py:137} INFO - [2026-02-13T22:36:39.367+0000] {dag.py:2690} INFO - Sync 1 DAGs
[2026-02-13T22:36:39.382+0000] {logging_mixin.py:137} INFO - [2026-02-13T22:36:39.382+0000] {dag.py:3441} INFO - Setting next_dagrun for tutorial_taskflow_api to None, run_after=None
[2026-02-13T22:36:39.394+0000] {processor.py:175} INFO - Processing /home/airflow/.local/lib/python3.7/site-packages/airflow/example_dags/tutorial_taskflow_api.py took 0.052 seconds
